;  LST file generated by mikroListExporter - v.2.0 
; Date/Time: 09-May-17 9:03:57 PM
;----------------------------------------------

;Address Opcode 	ASM
0x0000	0x2A27      	GOTO       551
_interrupt:
0x0004	0x00FF      	MOVWF      R15
0x0005	0x0E03      	SWAPF      STATUS, 0
0x0006	0x0183      	CLRF       STATUS
0x0007	0x1683      	BSF        STATUS, 5
0x0008	0x00E3      	MOVWF      ___saveSTATUS
0x0009	0x080A      	MOVF       PCLATH, 0
0x000A	0x00E4      	MOVWF      ___savePCLATH
0x000B	0x018A      	CLRF       PCLATH
0x000C	0x0870      	MOVF       R0, 0
0x000D	0x00A3      	MOVWF      163
0x000E	0x087B      	MOVF       R11, 0
0x000F	0x00A2      	MOVWF      162
0x0010	0x087C      	MOVF       R12, 0
0x0011	0x00A1      	MOVWF      161
0x0012	0x087D      	MOVF       R13, 0
0x0013	0x00A0      	MOVWF      160
0x0014	0x0804      	MOVF       FSR, 0
0x0015	0x00A4      	MOVWF      164
;GSM kit.c,74 :: 		void interrupt (){
;GSM kit.c,75 :: 		if (PIR1.RCIF) {
0x0016	0x1283      	BCF        STATUS, 5
0x0017	0x1E8C      	BTFSS      PIR1, 5
0x0018	0x2821      	GOTO       L_interrupt43
;GSM kit.c,76 :: 		PIR1.RCIF = 0;
0x0019	0x128C      	BCF        PIR1, 5
;GSM kit.c,77 :: 		rxd = 0;
0x001A	0x1683      	BSF        STATUS, 5
0x001B	0x01E0      	CLRF       _rxd
;GSM kit.c,78 :: 		rxd = UART1_read();
0x001C	0x21A1      	CALL       _UART1_Read
0x001D	0x0870      	MOVF       R0, 0
0x001E	0x1683      	BSF        STATUS, 5
0x001F	0x00E0      	MOVWF      _rxd
;GSM kit.c,79 :: 		RecSMS();
0x0020	0x20E6      	CALL       _RecSMS
;GSM kit.c,80 :: 		}
L_interrupt43:
;GSM kit.c,81 :: 		}
L_end_interrupt:
L__interrupt64:
0x0021	0x1683      	BSF        STATUS, 5
0x0022	0x1303      	BCF        STATUS, 6
0x0023	0x0823      	MOVF       163, 0
0x0024	0x00F0      	MOVWF      R0
0x0025	0x0822      	MOVF       162, 0
0x0026	0x00FB      	MOVWF      R11
0x0027	0x0821      	MOVF       161, 0
0x0028	0x00FC      	MOVWF      R12
0x0029	0x0820      	MOVF       160, 0
0x002A	0x00FD      	MOVWF      R13
0x002B	0x0824      	MOVF       164, 0
0x002C	0x0084      	MOVWF      FSR
0x002D	0x0864      	MOVF       ___savePCLATH, 0
0x002E	0x008A      	MOVWF      PCLATH
0x002F	0x0E63      	SWAPF      ___saveSTATUS, 0
0x0030	0x0083      	MOVWF      STATUS
0x0031	0x0EFF      	SWAPF      R15, 1
0x0032	0x0E7F      	SWAPF      R15, 0
0x0033	0x0009      	RETFIE
; end of _interrupt
_I2C1_Is_Idle:
;__Lib_I2C_c34.c,13 :: 		
;__Lib_I2C_c34.c,14 :: 		
0x0034	0x1683      	BSF        STATUS, 5
0x0035	0x1303      	BCF        STATUS, 6
0x0036	0x1914      	BTFSC      SSPSTAT, 2
0x0037	0x2842      	GOTO       L_I2C1_Is_Idle0
;__Lib_I2C_c34.c,15 :: 		
0x0038	0x301F      	MOVLW      31
0x0039	0x0511      	ANDWF      SSPCON2, 0
0x003A	0x00F1      	MOVWF      R1
0x003B	0x0871      	MOVF       R1, 0
0x003C	0x3A00      	XORLW      0
0x003D	0x1D03      	BTFSS      STATUS, 2
0x003E	0x2842      	GOTO       L_I2C1_Is_Idle1
;__Lib_I2C_c34.c,16 :: 		
0x003F	0x3001      	MOVLW      1
0x0040	0x00F0      	MOVWF      R0
0x0041	0x2843      	GOTO       L_end_I2C1_Is_Idle
L_I2C1_Is_Idle1:
L_I2C1_Is_Idle0:
;__Lib_I2C_c34.c,17 :: 		
0x0042	0x01F0      	CLRF       R0
;__Lib_I2C_c34.c,18 :: 		
L_end_I2C1_Is_Idle:
0x0043	0x0008      	RETURN
; end of _I2C1_Is_Idle
_I2C1_Wr:
;__Lib_I2C_c34.c,68 :: 		
;__Lib_I2C_c34.c,70 :: 		
0x0044	0x1283      	BCF        STATUS, 5
0x0045	0x1303      	BCF        STATUS, 6
0x0046	0x118C      	BCF        PIR1, 3
;__Lib_I2C_c34.c,71 :: 		
0x0047	0x1683      	BSF        STATUS, 5
0x0048	0x086F      	MOVF       FARG_I2C1_Wr_data_, 0
0x0049	0x1283      	BCF        STATUS, 5
0x004A	0x0093      	MOVWF      SSPBUF
;__Lib_I2C_c34.c,73 :: 		
L_I2C1_Wr18:
0x004B	0x1683      	BSF        STATUS, 5
0x004C	0x1D14      	BTFSS      SSPSTAT, 2
0x004D	0x284F      	GOTO       L_I2C1_Wr19
;__Lib_I2C_c34.c,74 :: 		
0x004E	0x284B      	GOTO       L_I2C1_Wr18
L_I2C1_Wr19:
;__Lib_I2C_c34.c,76 :: 		
L_I2C1_Wr20:
0x004F	0x1283      	BCF        STATUS, 5
0x0050	0x198C      	BTFSC      PIR1, 3
0x0051	0x2853      	GOTO       L_I2C1_Wr21
;__Lib_I2C_c34.c,77 :: 		
0x0052	0x284F      	GOTO       L_I2C1_Wr20
L_I2C1_Wr21:
;__Lib_I2C_c34.c,79 :: 		
0x0053	0x1683      	BSF        STATUS, 5
0x0054	0x1B11      	BTFSC      SSPCON2, 6
0x0055	0x2858      	GOTO       L_I2C1_Wr22
;__Lib_I2C_c34.c,80 :: 		
0x0056	0x01F0      	CLRF       R0
0x0057	0x285B      	GOTO       L_end_I2C1_Wr
;__Lib_I2C_c34.c,81 :: 		
L_I2C1_Wr22:
;__Lib_I2C_c34.c,83 :: 		
0x0058	0x1511      	BSF        SSPCON2, 2
;__Lib_I2C_c34.c,84 :: 		
0x0059	0x3002      	MOVLW      2
0x005A	0x00F0      	MOVWF      R0
;__Lib_I2C_c34.c,86 :: 		
L_end_I2C1_Wr:
0x005B	0x0008      	RETURN
; end of _I2C1_Wr
_I2C1_Stop:
;__Lib_I2C_c34.c,89 :: 		
;__Lib_I2C_c34.c,90 :: 		
0x005C	0x1683      	BSF        STATUS, 5
0x005D	0x1303      	BCF        STATUS, 6
0x005E	0x1511      	BSF        SSPCON2, 2
;__Lib_I2C_c34.c,91 :: 		
L_end_I2C1_Stop:
0x005F	0x0008      	RETURN
; end of _I2C1_Stop
_I2C1_Start:
;__Lib_I2C_c34.c,20 :: 		
;__Lib_I2C_c34.c,23 :: 		
0x0060	0x1283      	BCF        STATUS, 5
0x0061	0x1703      	BSF        STATUS, 6
0x0062	0x0190      	CLRF       I2C1_Start_j_L0
0x0063	0x0191      	CLRF       I2C1_Start_j_L0+1
L_I2C1_Start2:
0x0064	0x0811      	MOVF       I2C1_Start_j_L0+1, 0
0x0065	0x3C12      	SUBLW      18
0x0066	0x1D03      	BTFSS      STATUS, 2
0x0067	0x286A      	GOTO       L__I2C1_Start27
0x0068	0x0810      	MOVF       I2C1_Start_j_L0, 0
0x0069	0x3C8E      	SUBLW      142
L__I2C1_Start27:
0x006A	0x1C03      	BTFSS      STATUS, 0
0x006B	0x2877      	GOTO       L_I2C1_Start3
;__Lib_I2C_c34.c,24 :: 		
0x006C	0x2034      	CALL       _I2C1_Is_Idle
0x006D	0x0870      	MOVF       R0, 0
0x006E	0x1903      	BTFSC      STATUS, 2
0x006F	0x2871      	GOTO       L_I2C1_Start5
;__Lib_I2C_c34.c,25 :: 		
0x0070	0x2877      	GOTO       L_I2C1_Start3
L_I2C1_Start5:
;__Lib_I2C_c34.c,23 :: 		
0x0071	0x1283      	BCF        STATUS, 5
0x0072	0x1703      	BSF        STATUS, 6
0x0073	0x0A90      	INCF       I2C1_Start_j_L0, 1
0x0074	0x1903      	BTFSC      STATUS, 2
0x0075	0x0A91      	INCF       I2C1_Start_j_L0+1, 1
;__Lib_I2C_c34.c,26 :: 		
0x0076	0x2864      	GOTO       L_I2C1_Start2
L_I2C1_Start3:
0x0077	0x1283      	BCF        STATUS, 5
0x0078	0x1703      	BSF        STATUS, 6
;__Lib_I2C_c34.c,28 :: 		
0x0079	0x3012      	MOVLW      18
0x007A	0x0211      	SUBWF      I2C1_Start_j_L0+1, 0
0x007B	0x1D03      	BTFSS      STATUS, 2
0x007C	0x287F      	GOTO       L__I2C1_Start28
0x007D	0x308F      	MOVLW      143
0x007E	0x0210      	SUBWF      I2C1_Start_j_L0, 0
L__I2C1_Start28:
0x007F	0x1C03      	BTFSS      STATUS, 0
0x0080	0x2884      	GOTO       L_I2C1_Start6
;__Lib_I2C_c34.c,29 :: 		
0x0081	0x307B      	MOVLW      123
0x0082	0x00F0      	MOVWF      R0
0x0083	0x288B      	GOTO       L_end_I2C1_Start
L_I2C1_Start6:
;__Lib_I2C_c34.c,31 :: 		
0x0084	0x1683      	BSF        STATUS, 5
0x0085	0x1303      	BCF        STATUS, 6
0x0086	0x1411      	BSF        SSPCON2, 0
;__Lib_I2C_c34.c,32 :: 		
L_I2C1_Start8:
0x0087	0x1C11      	BTFSS      SSPCON2, 0
0x0088	0x288A      	GOTO       L_I2C1_Start9
;__Lib_I2C_c34.c,33 :: 		
0x0089	0x2887      	GOTO       L_I2C1_Start8
L_I2C1_Start9:
;__Lib_I2C_c34.c,34 :: 		
0x008A	0x01F0      	CLRF       R0
;__Lib_I2C_c34.c,36 :: 		
L_end_I2C1_Start:
0x008B	0x0008      	RETURN
; end of _I2C1_Start
_UART1_Write:
;__Lib_UART_c67.c,39 :: 		
;__Lib_UART_c67.c,40 :: 		
L_UART1_Write3:
0x008C	0x1683      	BSF        STATUS, 5
0x008D	0x1303      	BCF        STATUS, 6
0x008E	0x1898      	BTFSC      TXSTA, 1
0x008F	0x2892      	GOTO       L_UART1_Write4
;__Lib_UART_c67.c,41 :: 		
0x0090	0x0000      	NOP
0x0091	0x288C      	GOTO       L_UART1_Write3
L_UART1_Write4:
;__Lib_UART_c67.c,42 :: 		
0x0092	0x086C      	MOVF       FARG_UART1_Write_data_, 0
0x0093	0x1283      	BCF        STATUS, 5
0x0094	0x0099      	MOVWF      TXREG
;__Lib_UART_c67.c,43 :: 		
L_end_UART1_Write:
0x0095	0x0008      	RETURN
; end of _UART1_Write
_UART1_Write_Text:
;__Lib_UART_c67.c,47 :: 		
;__Lib_UART_c67.c,48 :: 		
0x0096	0x1683      	BSF        STATUS, 5
0x0097	0x1303      	BCF        STATUS, 6
0x0098	0x01EB      	CLRF       UART1_Write_Text_counter_L0
;__Lib_UART_c67.c,50 :: 		
0x0099	0x0869      	MOVF       FARG_UART1_Write_Text_uart_text, 0
0x009A	0x0084      	MOVWF      FSR
0x009B	0x0800      	MOVF       INDF, 0
0x009C	0x00EA      	MOVWF      UART1_Write_Text_data__L0
;__Lib_UART_c67.c,51 :: 		
L_UART1_Write_Text5:
0x009D	0x086A      	MOVF       UART1_Write_Text_data__L0, 0
0x009E	0x3A00      	XORLW      0
0x009F	0x1903      	BTFSC      STATUS, 2
0x00A0	0x28AC      	GOTO       L_UART1_Write_Text6
;__Lib_UART_c67.c,52 :: 		
0x00A1	0x086A      	MOVF       UART1_Write_Text_data__L0, 0
0x00A2	0x00EC      	MOVWF      FARG_UART1_Write_data_
0x00A3	0x208C      	CALL       _UART1_Write
;__Lib_UART_c67.c,53 :: 		
0x00A4	0x1683      	BSF        STATUS, 5
0x00A5	0x0AEB      	INCF       UART1_Write_Text_counter_L0, 1
;__Lib_UART_c67.c,54 :: 		
0x00A6	0x086B      	MOVF       UART1_Write_Text_counter_L0, 0
0x00A7	0x0769      	ADDWF      FARG_UART1_Write_Text_uart_text, 0
0x00A8	0x0084      	MOVWF      FSR
0x00A9	0x0800      	MOVF       INDF, 0
0x00AA	0x00EA      	MOVWF      UART1_Write_Text_data__L0
;__Lib_UART_c67.c,55 :: 		
0x00AB	0x289D      	GOTO       L_UART1_Write_Text5
L_UART1_Write_Text6:
;__Lib_UART_c67.c,56 :: 		
L_end_UART1_Write_Text:
0x00AC	0x0008      	RETURN
; end of _UART1_Write_Text
_____DoICP:
;__Lib_System.c,6 :: 		
;__Lib_System.c,9 :: 		
0x00AD	0x1683      	BSF        STATUS, 5
0x00AE	0x1303      	BCF        STATUS, 6
0x00AF	0x085E      	MOVF       ___DoICPAddr+1, 0
0x00B0	0x008A      	MOVWF      PCLATH
;__Lib_System.c,10 :: 		
0x00B1	0x085D      	MOVF       ___DoICPAddr, 0
0x00B2	0x0082      	MOVWF      PCL
;__Lib_System.c,12 :: 		
L_end_____DoICP:
0x00B3	0x0008      	RETURN
; end of _____DoICP
_strlen:
;__Lib_CString.c,136 :: 		
;__Lib_CString.c,139 :: 		
0x00B4	0x1683      	BSF        STATUS, 5
0x00B5	0x1303      	BCF        STATUS, 6
0x00B6	0x086D      	MOVF       FARG_strlen_s, 0
0x00B7	0x00F2      	MOVWF      R2
;__Lib_CString.c,140 :: 		
L_strlen36:
0x00B8	0x0872      	MOVF       R2, 0
0x00B9	0x00F0      	MOVWF      R0
0x00BA	0x0AF2      	INCF       R2, 1
0x00BB	0x0870      	MOVF       R0, 0
0x00BC	0x0084      	MOVWF      FSR
0x00BD	0x0800      	MOVF       INDF, 0
0x00BE	0x1903      	BTFSC      STATUS, 2
0x00BF	0x28C1      	GOTO       L_strlen37
;__Lib_CString.c,141 :: 		
0x00C0	0x28B8      	GOTO       L_strlen36
L_strlen37:
;__Lib_CString.c,142 :: 		
0x00C1	0x086D      	MOVF       FARG_strlen_s, 0
0x00C2	0x0272      	SUBWF      R2, 0
0x00C3	0x00F0      	MOVWF      R0
0x00C4	0x3001      	MOVLW      1
0x00C5	0x02F0      	SUBWF      R0, 1
0x00C6	0x01F1      	CLRF       R0+1
0x00C7	0x1C03      	BTFSS      STATUS, 0
0x00C8	0x03F1      	DECF       R0+1, 1
;__Lib_CString.c,143 :: 		
L_end_strlen:
0x00C9	0x0008      	RETURN
; end of _strlen
_write_EEPROM:
;GSM kit.c,16 :: 		void write_EEPROM(char adres, char dta){
;GSM kit.c,17 :: 		I2C1_Start();
0x00CA	0x2060      	CALL       _I2C1_Start
;GSM kit.c,18 :: 		I2C1_Wr(0xA0);
0x00CB	0x30A0      	MOVLW      160
0x00CC	0x1683      	BSF        STATUS, 5
0x00CD	0x1303      	BCF        STATUS, 6
0x00CE	0x00EF      	MOVWF      FARG_I2C1_Wr_data_
0x00CF	0x2044      	CALL       _I2C1_Wr
;GSM kit.c,19 :: 		I2C1_Wr(adres);
0x00D0	0x086D      	MOVF       FARG_write_EEPROM_adres, 0
0x00D1	0x00EF      	MOVWF      FARG_I2C1_Wr_data_
0x00D2	0x2044      	CALL       _I2C1_Wr
;GSM kit.c,20 :: 		I2C1_Wr(dta);
0x00D3	0x086E      	MOVF       FARG_write_EEPROM_dta, 0
0x00D4	0x00EF      	MOVWF      FARG_I2C1_Wr_data_
0x00D5	0x2044      	CALL       _I2C1_Wr
;GSM kit.c,21 :: 		I2C1_Stop();
0x00D6	0x205C      	CALL       _I2C1_Stop
;GSM kit.c,22 :: 		delay_ms(100);
0x00D7	0x3003      	MOVLW      3
0x00D8	0x00FB      	MOVWF      R11
0x00D9	0x308A      	MOVLW      138
0x00DA	0x00FC      	MOVWF      R12
0x00DB	0x3055      	MOVLW      85
0x00DC	0x00FD      	MOVWF      R13
L_write_EEPROM0:
0x00DD	0x0BFD      	DECFSZ     R13, 1
0x00DE	0x28DD      	GOTO       L_write_EEPROM0
0x00DF	0x0BFC      	DECFSZ     R12, 1
0x00E0	0x28DD      	GOTO       L_write_EEPROM0
0x00E1	0x0BFB      	DECFSZ     R11, 1
0x00E2	0x28DD      	GOTO       L_write_EEPROM0
0x00E3	0x0000      	NOP
0x00E4	0x0000      	NOP
;GSM kit.c,23 :: 		}
L_end_write_EEPROM:
0x00E5	0x0008      	RETURN
; end of _write_EEPROM
_RecSMS:
;GSM kit.c,39 :: 		void RecSMS(){
;GSM kit.c,40 :: 		if(rxd == '+' && checkpoint == 0) checkpoint = 1;
0x00E6	0x1683      	BSF        STATUS, 5
0x00E7	0x1303      	BCF        STATUS, 6
0x00E8	0x0860      	MOVF       _rxd, 0
0x00E9	0x3A2B      	XORLW      43
0x00EA	0x1D03      	BTFSS      STATUS, 2
0x00EB	0x28F2      	GOTO       L_RecSMS8
0x00EC	0x0861      	MOVF       _checkpoint, 0
0x00ED	0x3A00      	XORLW      0
0x00EE	0x1D03      	BTFSS      STATUS, 2
0x00EF	0x28F2      	GOTO       L_RecSMS8
L__RecSMS58:
0x00F0	0x3001      	MOVLW      1
0x00F1	0x00E1      	MOVWF      _checkpoint
L_RecSMS8:
;GSM kit.c,41 :: 		if(rxd == 'C' && checkpoint == 1) checkpoint = 2;
0x00F2	0x0860      	MOVF       _rxd, 0
0x00F3	0x3A43      	XORLW      67
0x00F4	0x1D03      	BTFSS      STATUS, 2
0x00F5	0x28FC      	GOTO       L_RecSMS11
0x00F6	0x0861      	MOVF       _checkpoint, 0
0x00F7	0x3A01      	XORLW      1
0x00F8	0x1D03      	BTFSS      STATUS, 2
0x00F9	0x28FC      	GOTO       L_RecSMS11
L__RecSMS57:
0x00FA	0x3002      	MOVLW      2
0x00FB	0x00E1      	MOVWF      _checkpoint
L_RecSMS11:
;GSM kit.c,42 :: 		if(rxd == 'M' && checkpoint == 2) checkpoint = 3;
0x00FC	0x0860      	MOVF       _rxd, 0
0x00FD	0x3A4D      	XORLW      77
0x00FE	0x1D03      	BTFSS      STATUS, 2
0x00FF	0x2906      	GOTO       L_RecSMS14
0x0100	0x0861      	MOVF       _checkpoint, 0
0x0101	0x3A02      	XORLW      2
0x0102	0x1D03      	BTFSS      STATUS, 2
0x0103	0x2906      	GOTO       L_RecSMS14
L__RecSMS56:
0x0104	0x3003      	MOVLW      3
0x0105	0x00E1      	MOVWF      _checkpoint
L_RecSMS14:
;GSM kit.c,43 :: 		if(rxd == 'T' && checkpoint == 3) checkpoint = 4;
0x0106	0x0860      	MOVF       _rxd, 0
0x0107	0x3A54      	XORLW      84
0x0108	0x1D03      	BTFSS      STATUS, 2
0x0109	0x2910      	GOTO       L_RecSMS17
0x010A	0x0861      	MOVF       _checkpoint, 0
0x010B	0x3A03      	XORLW      3
0x010C	0x1D03      	BTFSS      STATUS, 2
0x010D	0x2910      	GOTO       L_RecSMS17
L__RecSMS55:
0x010E	0x3004      	MOVLW      4
0x010F	0x00E1      	MOVWF      _checkpoint
L_RecSMS17:
;GSM kit.c,45 :: 		if(rxd == '8' && checkpoint == 4) checkpoint = 5;
0x0110	0x0860      	MOVF       _rxd, 0
0x0111	0x3A38      	XORLW      56
0x0112	0x1D03      	BTFSS      STATUS, 2
0x0113	0x291A      	GOTO       L_RecSMS20
0x0114	0x0861      	MOVF       _checkpoint, 0
0x0115	0x3A04      	XORLW      4
0x0116	0x1D03      	BTFSS      STATUS, 2
0x0117	0x291A      	GOTO       L_RecSMS20
L__RecSMS54:
0x0118	0x3005      	MOVLW      5
0x0119	0x00E1      	MOVWF      _checkpoint
L_RecSMS20:
;GSM kit.c,46 :: 		if(rxd == '0' && checkpoint == 5) checkpoint = 6;
0x011A	0x0860      	MOVF       _rxd, 0
0x011B	0x3A30      	XORLW      48
0x011C	0x1D03      	BTFSS      STATUS, 2
0x011D	0x2924      	GOTO       L_RecSMS23
0x011E	0x0861      	MOVF       _checkpoint, 0
0x011F	0x3A05      	XORLW      5
0x0120	0x1D03      	BTFSS      STATUS, 2
0x0121	0x2924      	GOTO       L_RecSMS23
L__RecSMS53:
0x0122	0x3006      	MOVLW      6
0x0123	0x00E1      	MOVWF      _checkpoint
L_RecSMS23:
;GSM kit.c,48 :: 		if(checkpoint == 6){
0x0124	0x0861      	MOVF       _checkpoint, 0
0x0125	0x3A06      	XORLW      6
0x0126	0x1D03      	BTFSS      STATUS, 2
0x0127	0x2935      	GOTO       L_RecSMS24
;GSM kit.c,49 :: 		number[x] = rxd;
0x0128	0x0862      	MOVF       _x, 0
0x0129	0x3EB1      	ADDLW      _number
0x012A	0x0084      	MOVWF      FSR
0x012B	0x0860      	MOVF       _rxd, 0
0x012C	0x0080      	MOVWF      INDF
;GSM kit.c,50 :: 		x++;
0x012D	0x0AE2      	INCF       _x, 1
;GSM kit.c,51 :: 		if(x > 10) {x = 0; checkpoint = 7;}
0x012E	0x0862      	MOVF       _x, 0
0x012F	0x3C0A      	SUBLW      10
0x0130	0x1803      	BTFSC      STATUS, 0
0x0131	0x2935      	GOTO       L_RecSMS25
0x0132	0x01E2      	CLRF       _x
0x0133	0x3007      	MOVLW      7
0x0134	0x00E1      	MOVWF      _checkpoint
L_RecSMS25:
;GSM kit.c,52 :: 		}
L_RecSMS24:
;GSM kit.c,54 :: 		if(rxd == (char)13 && checkpoint == 7) checkpoint = 8;
0x0135	0x0860      	MOVF       _rxd, 0
0x0136	0x3A0D      	XORLW      13
0x0137	0x1D03      	BTFSS      STATUS, 2
0x0138	0x293F      	GOTO       L_RecSMS28
0x0139	0x0861      	MOVF       _checkpoint, 0
0x013A	0x3A07      	XORLW      7
0x013B	0x1D03      	BTFSS      STATUS, 2
0x013C	0x293F      	GOTO       L_RecSMS28
L__RecSMS52:
0x013D	0x3008      	MOVLW      8
0x013E	0x00E1      	MOVWF      _checkpoint
L_RecSMS28:
;GSM kit.c,55 :: 		if(rxd == (char)10 && checkpoint == 8) checkpoint = 9;
0x013F	0x0860      	MOVF       _rxd, 0
0x0140	0x3A0A      	XORLW      10
0x0141	0x1D03      	BTFSS      STATUS, 2
0x0142	0x2949      	GOTO       L_RecSMS31
0x0143	0x0861      	MOVF       _checkpoint, 0
0x0144	0x3A08      	XORLW      8
0x0145	0x1D03      	BTFSS      STATUS, 2
0x0146	0x2949      	GOTO       L_RecSMS31
L__RecSMS51:
0x0147	0x3009      	MOVLW      9
0x0148	0x00E1      	MOVWF      _checkpoint
L_RecSMS31:
;GSM kit.c,57 :: 		if(rxd != (char)10 && checkpoint == 9) checkpoint = 10;
0x0149	0x0860      	MOVF       _rxd, 0
0x014A	0x3A0A      	XORLW      10
0x014B	0x1903      	BTFSC      STATUS, 2
0x014C	0x2953      	GOTO       L_RecSMS34
0x014D	0x0861      	MOVF       _checkpoint, 0
0x014E	0x3A09      	XORLW      9
0x014F	0x1D03      	BTFSS      STATUS, 2
0x0150	0x2953      	GOTO       L_RecSMS34
L__RecSMS50:
0x0151	0x300A      	MOVLW      10
0x0152	0x00E1      	MOVWF      _checkpoint
L_RecSMS34:
;GSM kit.c,59 :: 		if(checkpoint == 10){
0x0153	0x0861      	MOVF       _checkpoint, 0
0x0154	0x3A0A      	XORLW      10
0x0155	0x1D03      	BTFSS      STATUS, 2
0x0156	0x29A0      	GOTO       L_RecSMS35
;GSM kit.c,60 :: 		msg[x] = rxd;
0x0157	0x0862      	MOVF       _x, 0
0x0158	0x3E20      	ADDLW      _msg
0x0159	0x0084      	MOVWF      FSR
0x015A	0x0860      	MOVF       _rxd, 0
0x015B	0x0080      	MOVWF      INDF
;GSM kit.c,61 :: 		x++;
0x015C	0x0AE2      	INCF       _x, 1
;GSM kit.c,62 :: 		if(rxd == 13 || x > 79){
0x015D	0x0860      	MOVF       _rxd, 0
0x015E	0x3A0D      	XORLW      13
0x015F	0x1903      	BTFSC      STATUS, 2
0x0160	0x2966      	GOTO       L__RecSMS49
0x0161	0x0862      	MOVF       _x, 0
0x0162	0x3C4F      	SUBLW      79
0x0163	0x1C03      	BTFSS      STATUS, 0
0x0164	0x2966      	GOTO       L__RecSMS49
0x0165	0x29A0      	GOTO       L_RecSMS38
L__RecSMS49:
;GSM kit.c,63 :: 		msg[x - 1] = 0xFF;
0x0166	0x3001      	MOVLW      1
0x0167	0x0262      	SUBWF      _x, 0
0x0168	0x00F0      	MOVWF      R0
0x0169	0x01F1      	CLRF       R0+1
0x016A	0x1C03      	BTFSS      STATUS, 0
0x016B	0x03F1      	DECF       R0+1, 1
0x016C	0x0870      	MOVF       R0, 0
0x016D	0x3E20      	ADDLW      _msg
0x016E	0x0084      	MOVWF      FSR
0x016F	0x30FF      	MOVLW      255
0x0170	0x0080      	MOVWF      INDF
;GSM kit.c,64 :: 		x = 0;
0x0171	0x01E2      	CLRF       _x
;GSM kit.c,65 :: 		checkpoint = 0;
0x0172	0x01E1      	CLRF       _checkpoint
;GSM kit.c,66 :: 		MCU = 1; led = 1;
0x0173	0x1283      	BCF        STATUS, 5
0x0174	0x1405      	BSF        RA0_bit, BitPos(RA0_bit+0)
0x0175	0x1685      	BSF        RA5_bit, BitPos(RA5_bit+0)
;GSM kit.c,67 :: 		for(x = 0; x < strlen(msg); x++) write_EEPROM(x, msg[x]);
0x0176	0x1683      	BSF        STATUS, 5
0x0177	0x01E2      	CLRF       _x
L_RecSMS39:
0x0178	0x3020      	MOVLW      _msg
0x0179	0x00ED      	MOVWF      FARG_strlen_s
0x017A	0x20B4      	CALL       _strlen
0x017B	0x3080      	MOVLW      128
0x017C	0x00F2      	MOVWF      R2
0x017D	0x3080      	MOVLW      128
0x017E	0x0671      	XORWF      R0+1, 0
0x017F	0x0272      	SUBWF      R2, 0
0x0180	0x1D03      	BTFSS      STATUS, 2
0x0181	0x2984      	GOTO       L__RecSMS62
0x0182	0x0870      	MOVF       R0, 0
0x0183	0x0262      	SUBWF      _x, 0
L__RecSMS62:
0x0184	0x1803      	BTFSC      STATUS, 0
0x0185	0x2990      	GOTO       L_RecSMS40
0x0186	0x0862      	MOVF       _x, 0
0x0187	0x00ED      	MOVWF      FARG_write_EEPROM_adres
0x0188	0x0862      	MOVF       _x, 0
0x0189	0x3E20      	ADDLW      _msg
0x018A	0x0084      	MOVWF      FSR
0x018B	0x0800      	MOVF       INDF, 0
0x018C	0x00EE      	MOVWF      FARG_write_EEPROM_dta
0x018D	0x20CA      	CALL       _write_EEPROM
0x018E	0x0AE2      	INCF       _x, 1
0x018F	0x2978      	GOTO       L_RecSMS39
L_RecSMS40:
;GSM kit.c,68 :: 		delay_ms(1000);
0x0190	0x301A      	MOVLW      26
0x0191	0x00FB      	MOVWF      R11
0x0192	0x305E      	MOVLW      94
0x0193	0x00FC      	MOVWF      R12
0x0194	0x306E      	MOVLW      110
0x0195	0x00FD      	MOVWF      R13
L_RecSMS42:
0x0196	0x0BFD      	DECFSZ     R13, 1
0x0197	0x2996      	GOTO       L_RecSMS42
0x0198	0x0BFC      	DECFSZ     R12, 1
0x0199	0x2996      	GOTO       L_RecSMS42
0x019A	0x0BFB      	DECFSZ     R11, 1
0x019B	0x2996      	GOTO       L_RecSMS42
0x019C	0x0000      	NOP
;GSM kit.c,69 :: 		MCU = 0; led = 0;
0x019D	0x1283      	BCF        STATUS, 5
0x019E	0x1005      	BCF        RA0_bit, BitPos(RA0_bit+0)
0x019F	0x1285      	BCF        RA5_bit, BitPos(RA5_bit+0)
;GSM kit.c,70 :: 		}
L_RecSMS38:
;GSM kit.c,71 :: 		}
L_RecSMS35:
;GSM kit.c,72 :: 		}
L_end_RecSMS:
0x01A0	0x0008      	RETURN
; end of _RecSMS
_UART1_Read:
;__Lib_UART_c67.c,21 :: 		
;__Lib_UART_c67.c,24 :: 		
0x01A1	0x1283      	BCF        STATUS, 5
0x01A2	0x1303      	BCF        STATUS, 6
0x01A3	0x081A      	MOVF       RCREG, 0
0x01A4	0x00F1      	MOVWF      R1
;__Lib_UART_c67.c,25 :: 		
0x01A5	0x1C98      	BTFSS      RCSTA, 1
0x01A6	0x29A9      	GOTO       L_UART1_Read2
;__Lib_UART_c67.c,26 :: 		
0x01A7	0x1218      	BCF        RCSTA, 4
;__Lib_UART_c67.c,27 :: 		
0x01A8	0x1618      	BSF        RCSTA, 4
;__Lib_UART_c67.c,28 :: 		
L_UART1_Read2:
;__Lib_UART_c67.c,29 :: 		
0x01A9	0x0871      	MOVF       R1, 0
0x01AA	0x00F0      	MOVWF      R0
;__Lib_UART_c67.c,30 :: 		
L_end_UART1_Read:
0x01AB	0x0008      	RETURN
; end of _UART1_Read
_GSM_init:
;GSM kit.c,25 :: 		void GSM_init(){
;GSM kit.c,26 :: 		led = 1;
0x01AC	0x1283      	BCF        STATUS, 5
0x01AD	0x1303      	BCF        STATUS, 6
0x01AE	0x1685      	BSF        RA5_bit, BitPos(RA5_bit+0)
;GSM kit.c,27 :: 		Delay_ms(5000);
0x01AF	0x307F      	MOVLW      127
0x01B0	0x00FB      	MOVWF      R11
0x01B1	0x30D4      	MOVLW      212
0x01B2	0x00FC      	MOVWF      R12
0x01B3	0x3031      	MOVLW      49
0x01B4	0x00FD      	MOVWF      R13
L_GSM_init1:
0x01B5	0x0BFD      	DECFSZ     R13, 1
0x01B6	0x29B5      	GOTO       L_GSM_init1
0x01B7	0x0BFC      	DECFSZ     R12, 1
0x01B8	0x29B5      	GOTO       L_GSM_init1
0x01B9	0x0BFB      	DECFSZ     R11, 1
0x01BA	0x29B5      	GOTO       L_GSM_init1
0x01BB	0x0000      	NOP
0x01BC	0x0000      	NOP
;GSM kit.c,28 :: 		UART1_Write_Text(AT);
0x01BD	0x30A5      	MOVLW      _AT
0x01BE	0x1683      	BSF        STATUS, 5
0x01BF	0x00E9      	MOVWF      FARG_UART1_Write_Text_uart_text
0x01C0	0x2096      	CALL       _UART1_Write_Text
;GSM kit.c,29 :: 		Delay_ms(1000);
0x01C1	0x301A      	MOVLW      26
0x01C2	0x00FB      	MOVWF      R11
0x01C3	0x305E      	MOVLW      94
0x01C4	0x00FC      	MOVWF      R12
0x01C5	0x306E      	MOVLW      110
0x01C6	0x00FD      	MOVWF      R13
L_GSM_init2:
0x01C7	0x0BFD      	DECFSZ     R13, 1
0x01C8	0x29C7      	GOTO       L_GSM_init2
0x01C9	0x0BFC      	DECFSZ     R12, 1
0x01CA	0x29C7      	GOTO       L_GSM_init2
0x01CB	0x0BFB      	DECFSZ     R11, 1
0x01CC	0x29C7      	GOTO       L_GSM_init2
0x01CD	0x0000      	NOP
;GSM kit.c,30 :: 		UART1_Write_Text(ATE);
0x01CE	0x30AA      	MOVLW      _ATE
0x01CF	0x00E9      	MOVWF      FARG_UART1_Write_Text_uart_text
0x01D0	0x2096      	CALL       _UART1_Write_Text
;GSM kit.c,31 :: 		Delay_ms(1000);
0x01D1	0x301A      	MOVLW      26
0x01D2	0x00FB      	MOVWF      R11
0x01D3	0x305E      	MOVLW      94
0x01D4	0x00FC      	MOVWF      R12
0x01D5	0x306E      	MOVLW      110
0x01D6	0x00FD      	MOVWF      R13
L_GSM_init3:
0x01D7	0x0BFD      	DECFSZ     R13, 1
0x01D8	0x29D7      	GOTO       L_GSM_init3
0x01D9	0x0BFC      	DECFSZ     R12, 1
0x01DA	0x29D7      	GOTO       L_GSM_init3
0x01DB	0x0BFB      	DECFSZ     R11, 1
0x01DC	0x29D7      	GOTO       L_GSM_init3
0x01DD	0x0000      	NOP
;GSM kit.c,32 :: 		UART1_Write_Text(ASCI);
0x01DE	0x30BD      	MOVLW      _ASCI
0x01DF	0x00E9      	MOVWF      FARG_UART1_Write_Text_uart_text
0x01E0	0x2096      	CALL       _UART1_Write_Text
;GSM kit.c,33 :: 		Delay_ms(1000);
0x01E1	0x301A      	MOVLW      26
0x01E2	0x00FB      	MOVWF      R11
0x01E3	0x305E      	MOVLW      94
0x01E4	0x00FC      	MOVWF      R12
0x01E5	0x306E      	MOVLW      110
0x01E6	0x00FD      	MOVWF      R13
L_GSM_init4:
0x01E7	0x0BFD      	DECFSZ     R13, 1
0x01E8	0x29E7      	GOTO       L_GSM_init4
0x01E9	0x0BFC      	DECFSZ     R12, 1
0x01EA	0x29E7      	GOTO       L_GSM_init4
0x01EB	0x0BFB      	DECFSZ     R11, 1
0x01EC	0x29E7      	GOTO       L_GSM_init4
0x01ED	0x0000      	NOP
;GSM kit.c,34 :: 		UART1_Write_Text(MSG_mode);
0x01EE	0x30C9      	MOVLW      _MSG_mode
0x01EF	0x00E9      	MOVWF      FARG_UART1_Write_Text_uart_text
0x01F0	0x2096      	CALL       _UART1_Write_Text
;GSM kit.c,35 :: 		Delay_ms(1000);
0x01F1	0x301A      	MOVLW      26
0x01F2	0x00FB      	MOVWF      R11
0x01F3	0x305E      	MOVLW      94
0x01F4	0x00FC      	MOVWF      R12
0x01F5	0x306E      	MOVLW      110
0x01F6	0x00FD      	MOVWF      R13
L_GSM_init5:
0x01F7	0x0BFD      	DECFSZ     R13, 1
0x01F8	0x29F7      	GOTO       L_GSM_init5
0x01F9	0x0BFC      	DECFSZ     R12, 1
0x01FA	0x29F7      	GOTO       L_GSM_init5
0x01FB	0x0BFB      	DECFSZ     R11, 1
0x01FC	0x29F7      	GOTO       L_GSM_init5
0x01FD	0x0000      	NOP
;GSM kit.c,36 :: 		led = 0;
0x01FE	0x1283      	BCF        STATUS, 5
0x01FF	0x1285      	BCF        RA5_bit, BitPos(RA5_bit+0)
;GSM kit.c,37 :: 		}
L_end_GSM_init:
0x0200	0x0008      	RETURN
; end of _GSM_init
_I2C1_Init:
;__Lib_I2C_c34.c,4 :: 		
;__Lib_I2C_c34.c,5 :: 		
0x0201	0x1683      	BSF        STATUS, 5
0x0202	0x1303      	BCF        STATUS, 6
0x0203	0x1314      	BCF        SSPSTAT, 6
;__Lib_I2C_c34.c,6 :: 		
0x0204	0x1394      	BCF        SSPSTAT, 7
;__Lib_I2C_c34.c,7 :: 		
0x0205	0x1607      	BSF        TRISC4_bit, BitPos(TRISC4_bit+0)
;__Lib_I2C_c34.c,8 :: 		
0x0206	0x1587      	BSF        TRISC3_bit, BitPos(TRISC3_bit+0)
;__Lib_I2C_c34.c,9 :: 		
0x0207	0x3038      	MOVLW      56
0x0208	0x1283      	BCF        STATUS, 5
0x0209	0x0094      	MOVWF      SSPCON
;__Lib_I2C_c34.c,11 :: 		
L_end_I2C1_Init:
0x020A	0x0008      	RETURN
; end of _I2C1_Init
___CC2DW:
;__Lib_System.c,134 :: 		
;__Lib_System.c,137 :: 		
_CC2D_Loop1:
;__Lib_System.c,139 :: 		
0x020B	0x20AD      	CALL       _____DoICP
0x020C	0x118A      	BCF        PCLATH, 3
0x020D	0x120A      	BCF        PCLATH, 4
;__Lib_System.c,141 :: 		
0x020E	0x0080      	MOVWF      INDF
;__Lib_System.c,142 :: 		
0x020F	0x0A84      	INCF       FSR, 1
;__Lib_System.c,143 :: 		
0x0210	0x0ADD      	INCF       ___DoICPAddr, 1
;__Lib_System.c,145 :: 		
0x0211	0x1903      	BTFSC      STATUS, 2
;__Lib_System.c,146 :: 		
0x0212	0x0ADE      	INCF       ___DoICPAddr+1, 1
;__Lib_System.c,147 :: 		
0x0213	0x03F0      	DECF       R0, 1
;__Lib_System.c,149 :: 		
0x0214	0x1D03      	BTFSS      STATUS, 2
;__Lib_System.c,150 :: 		
0x0215	0x2A0B      	GOTO       _CC2D_Loop1
;__Lib_System.c,152 :: 		
L_end___CC2DW:
0x0216	0x0008      	RETURN
; end of ___CC2DW
_UART1_Init:
;__Lib_UART_c67.c,2 :: 		
;__Lib_UART_c67.c,5 :: 		
0x0217	0x1683      	BSF        STATUS, 5
0x0218	0x1303      	BCF        STATUS, 6
0x0219	0x1698      	BSF        TXSTA, 5
;__Lib_UART_c67.c,6 :: 		
0x021A	0x3090      	MOVLW      144
0x021B	0x1283      	BCF        STATUS, 5
0x021C	0x0098      	MOVWF      RCSTA
;__Lib_UART_c67.c,7 :: 		
0x021D	0x1683      	BSF        STATUS, 5
0x021E	0x1787      	BSF        TRISC7_bit, BitPos(TRISC7_bit+0)
;__Lib_UART_c67.c,8 :: 		
0x021F	0x1307      	BCF        TRISC6_bit, BitPos(TRISC6_bit+0)
;__Lib_UART_c67.c,10 :: 		
L_UART1_Init0:
0x0220	0x1283      	BCF        STATUS, 5
0x0221	0x1E8C      	BTFSS      PIR1, 5
0x0222	0x2A26      	GOTO       L_UART1_Init1
;__Lib_UART_c67.c,11 :: 		
0x0223	0x081A      	MOVF       RCREG, 0
0x0224	0x00F0      	MOVWF      R0
0x0225	0x2A20      	GOTO       L_UART1_Init0
L_UART1_Init1:
;__Lib_UART_c67.c,12 :: 		
L_end_UART1_Init:
0x0226	0x0008      	RETURN
; end of _UART1_Init
_main:
0x0227	0x228A      	CALL       650
;GSM kit.c,83 :: 		void main() {
;GSM kit.c,84 :: 		ADCON1 = 0x07;
0x0228	0x3007      	MOVLW      7
0x0229	0x1683      	BSF        STATUS, 5
0x022A	0x1303      	BCF        STATUS, 6
0x022B	0x009F      	MOVWF      ADCON1
;GSM kit.c,85 :: 		TRISA = 0x00;
0x022C	0x0185      	CLRF       TRISA
;GSM kit.c,86 :: 		PORTA = 0x00;
0x022D	0x1283      	BCF        STATUS, 5
0x022E	0x0185      	CLRF       PORTA
;GSM kit.c,87 :: 		INTCON = 0xC0;
0x022F	0x30C0      	MOVLW      192
0x0230	0x008B      	MOVWF      INTCON
;GSM kit.c,88 :: 		PIE1.RCIE = 1;
0x0231	0x1683      	BSF        STATUS, 5
0x0232	0x168C      	BSF        PIE1, 5
;GSM kit.c,90 :: 		UART1_Init(9600);
0x0233	0x3081      	MOVLW      129
0x0234	0x0099      	MOVWF      SPBRG
0x0235	0x1518      	BSF        TXSTA, 2
0x0236	0x2217      	CALL       _UART1_Init
;GSM kit.c,91 :: 		I2C1_Init(100000);
0x0237	0x3032      	MOVLW      50
0x0238	0x1683      	BSF        STATUS, 5
0x0239	0x0093      	MOVWF      SSPADD
0x023A	0x2201      	CALL       _I2C1_Init
;GSM kit.c,92 :: 		GSM_init();
0x023B	0x21AC      	CALL       _GSM_init
;GSM kit.c,94 :: 		for(x = 0; x < 80; x++) msg[x] = 0;
0x023C	0x1683      	BSF        STATUS, 5
0x023D	0x01E2      	CLRF       _x
L_main44:
0x023E	0x3050      	MOVLW      80
0x023F	0x0262      	SUBWF      _x, 0
0x0240	0x1803      	BTFSC      STATUS, 0
0x0241	0x2A48      	GOTO       L_main45
0x0242	0x0862      	MOVF       _x, 0
0x0243	0x3E20      	ADDLW      _msg
0x0244	0x0084      	MOVWF      FSR
0x0245	0x0180      	CLRF       INDF
0x0246	0x0AE2      	INCF       _x, 1
0x0247	0x2A3E      	GOTO       L_main44
L_main45:
;GSM kit.c,95 :: 		checkpoint = 0, x = 0; flag = 0;
0x0248	0x01E1      	CLRF       _checkpoint
0x0249	0x01E2      	CLRF       _x
0x024A	0x105F      	BCF        _flag, BitPos(_flag+0)
;GSM kit.c,97 :: 		while(1){
L_main47:
;GSM kit.c,99 :: 		}
0x024B	0x2A4B      	GOTO       L_main47
;GSM kit.c,100 :: 		}
L_end_main:
0x024C	0x2A4C      	GOTO       $+0
; end of _main
0x028A	0x30A5      	MOVLW      165
0x028B	0x0084      	MOVWF      FSR
0x028C	0x3038      	MOVLW      56
0x028D	0x1283      	BCF        STATUS, 5
0x028E	0x1303      	BCF        STATUS, 6
0x028F	0x00F0      	MOVWF      R0
0x0290	0x3052      	MOVLW      82
0x0291	0x1683      	BSF        STATUS, 5
0x0292	0x00DD      	MOVWF      ___DoICPAddr
0x0293	0x3002      	MOVLW      2
0x0294	0x00DE      	MOVWF      222
0x0295	0x220B      	CALL       523
0x0296	0x0008      	RETURN
;GSM kit.c,0 :: ?ICS_AT
0x0252	0x3441 ;?ICS_AT+0
0x0253	0x3454 ;?ICS_AT+1
0x0254	0x340D ;?ICS_AT+2
0x0255	0x340A ;?ICS_AT+3
0x0256	0x3400 ;?ICS_AT+4
; end of ?ICS_AT
;GSM kit.c,0 :: ?ICS_ATE
0x0257	0x3441 ;?ICS_ATE+0
0x0258	0x3454 ;?ICS_ATE+1
0x0259	0x3445 ;?ICS_ATE+2
0x025A	0x3430 ;?ICS_ATE+3
0x025B	0x340D ;?ICS_ATE+4
0x025C	0x340A ;?ICS_ATE+5
0x025D	0x3400 ;?ICS_ATE+6
; end of ?ICS_ATE
;GSM kit.c,0 :: ?ICS_number
0x025E	0x3400 ;?ICS_number+0
0x025F	0x3400 ;?ICS_number+1
0x0260	0x3400 ;?ICS_number+2
0x0261	0x3400 ;?ICS_number+3
0x0262	0x3400 ;?ICS_number+4
0x0263	0x3400 ;?ICS_number+5
0x0264	0x3400 ;?ICS_number+6
0x0265	0x3400 ;?ICS_number+7
0x0266	0x3400 ;?ICS_number+8
0x0267	0x3400 ;?ICS_number+9
0x0268	0x3400 ;?ICS_number+10
0x0269	0x3400 ;?ICS_number+11
; end of ?ICS_number
;GSM kit.c,0 :: ?ICS_ASCI
0x026A	0x3441 ;?ICS_ASCI+0
0x026B	0x3454 ;?ICS_ASCI+1
0x026C	0x342B ;?ICS_ASCI+2
0x026D	0x3443 ;?ICS_ASCI+3
0x026E	0x344D ;?ICS_ASCI+4
0x026F	0x3447 ;?ICS_ASCI+5
0x0270	0x3446 ;?ICS_ASCI+6
0x0271	0x343D ;?ICS_ASCI+7
0x0272	0x3431 ;?ICS_ASCI+8
0x0273	0x340D ;?ICS_ASCI+9
0x0274	0x340A ;?ICS_ASCI+10
0x0275	0x3400 ;?ICS_ASCI+11
; end of ?ICS_ASCI
;GSM kit.c,0 :: ?ICS_MSG_mode
0x0276	0x3441 ;?ICS_MSG_mode+0
0x0277	0x3454 ;?ICS_MSG_mode+1
0x0278	0x342B ;?ICS_MSG_mode+2
0x0279	0x3443 ;?ICS_MSG_mode+3
0x027A	0x344E ;?ICS_MSG_mode+4
0x027B	0x344D ;?ICS_MSG_mode+5
0x027C	0x3449 ;?ICS_MSG_mode+6
0x027D	0x343D ;?ICS_MSG_mode+7
0x027E	0x3431 ;?ICS_MSG_mode+8
0x027F	0x342C ;?ICS_MSG_mode+9
0x0280	0x3432 ;?ICS_MSG_mode+10
0x0281	0x342C ;?ICS_MSG_mode+11
0x0282	0x3430 ;?ICS_MSG_mode+12
0x0283	0x342C ;?ICS_MSG_mode+13
0x0284	0x3430 ;?ICS_MSG_mode+14
0x0285	0x342C ;?ICS_MSG_mode+15
0x0286	0x3430 ;?ICS_MSG_mode+16
0x0287	0x340D ;?ICS_MSG_mode+17
0x0288	0x340A ;?ICS_MSG_mode+18
0x0289	0x3400 ;?ICS_MSG_mode+19
; end of ?ICS_MSG_mode
Symbol List:
//** Routines locations **
//ADDRESS    SIZE    PROCEDURE
//----------------------------------------------
0x0004      [48]    _interrupt
0x0034      [16]    _I2C1_Is_Idle
0x0044      [24]    _I2C1_Wr
0x005C       [4]    _I2C1_Stop
0x0060      [44]    _I2C1_Start
0x008C      [10]    _UART1_Write
0x0096      [23]    _UART1_Write_Text
0x00AD       [7]    _____DoICP
0x00B4      [22]    _strlen
0x00CA      [28]    _write_EEPROM
0x00E6     [187]    _RecSMS
0x01A1      [11]    _UART1_Read
0x01AC      [85]    _GSM_init
0x0201      [10]    _I2C1_Init
0x020B      [12]    ___CC2DW
0x0217      [16]    _UART1_Init
0x0227      [37]    _main
//** Variables locations ** 
//ADDRESS    SIZE    VARIABLE
//----------------------------------------------
0x0000       [1]    INDF
0x0002       [1]    PCL
0x0003       [1]    STATUS
0x0004       [1]    FSR
0x0005       [0]    RA0_bit
0x0005       [1]    PORTA
0x0005       [0]    RA5_bit
0x000A       [1]    PCLATH
0x000B       [1]    INTCON
0x000C       [1]    PIR1
0x0013       [1]    SSPBUF
0x0014       [1]    SSPCON
0x0018       [1]    RCSTA
0x0019       [1]    TXREG
0x001A       [1]    RCREG
0x0020      [80]    _msg
0x0070       [1]    R0
0x0071       [1]    R1
0x0072       [1]    R2
0x0073       [1]    R3
0x0074       [1]    R4
0x0075       [1]    R5
0x0076       [1]    R6
0x0077       [1]    R7
0x0078       [1]    R8
0x0079       [1]    R9
0x007A       [1]    R10
0x007B       [1]    R11
0x007C       [1]    R12
0x007D       [1]    R13
0x007E       [1]    R14
0x007F       [1]    R15
0x0085       [1]    TRISA
0x0087       [0]    TRISC3_bit
0x0087       [0]    TRISC7_bit
0x0087       [0]    TRISC6_bit
0x0087       [0]    TRISC4_bit
0x008C       [1]    PIE1
0x0091       [1]    SSPCON2
0x0093       [1]    SSPADD
0x0094       [1]    SSPSTAT
0x0098       [1]    TXSTA
0x0099       [1]    SPBRG
0x009F       [1]    ADCON1
0x00A5       [5]    _AT
0x00AA       [7]    _ATE
0x00B1      [12]    _number
0x00BD      [12]    _ASCI
0x00C9      [20]    _MSG_mode
0x00DD       [2]    ___DoICPAddr
0x00DF       [0]    _flag
0x00E0       [1]    _rxd
0x00E1       [1]    _checkpoint
0x00E2       [1]    _x
0x00E3       [1]    ___saveSTATUS
0x00E4       [1]    ___savePCLATH
0x00E5       [4]    FARG_I2C1_Init_clock
0x00E9       [1]    FARG_UART1_Write_Text_uart_text
0x00EA       [1]    UART1_Write_Text_data__L0
0x00EB       [1]    UART1_Write_Text_counter_L0
0x00EC       [1]    FARG_UART1_Write_data_
0x00ED       [1]    FARG_strlen_s
0x00ED       [1]    FARG_write_EEPROM_adres
0x00EE       [1]    FARG_write_EEPROM_dta
0x00EF       [1]    FARG_I2C1_Wr_data_
0x0110       [2]    I2C1_Start_j_L0
//** Constants locations ** 
//ADDRESS    SIZE    CONSTANT
//----------------------------------------------
0x0252       [5]    ?ICS_AT
0x0257       [7]    ?ICS_ATE
0x025E      [12]    ?ICS_number
0x026A      [12]    ?ICS_ASCI
0x0276      [20]    ?ICS_MSG_mode
