;  LST file generated by mikroListExporter - v.2.0 
; Date/Time: 13-May-17 2:13:03 PM
;----------------------------------------------

;Address Opcode 	ASM
0x0000	0x2A26      	GOTO       550
_Delay_50us:
;__Lib_Delays.c,19 :: 		void Delay_50us() {
;__Lib_Delays.c,20 :: 		Delay_us(50);
0x0003	0x3053      	MOVLW      83
0x0004	0x1283      	BCF        STATUS, 5
0x0005	0x1303      	BCF        STATUS, 6
0x0006	0x00FD      	MOVWF      R13
L_Delay_50us2:
0x0007	0x0BFD      	DECFSZ     R13, 1
0x0008	0x2807      	GOTO       L_Delay_50us2
;__Lib_Delays.c,21 :: 		}
L_end_Delay_50us:
0x0009	0x0008      	RETURN
; end of _Delay_50us
_Delay_1us:
;__Lib_Delays.c,7 :: 		void Delay_1us() {
;__Lib_Delays.c,8 :: 		Delay_us(1);
0x000A	0x0000      	NOP
0x000B	0x0000      	NOP
0x000C	0x0000      	NOP
0x000D	0x0000      	NOP
0x000E	0x0000      	NOP
;__Lib_Delays.c,9 :: 		}
L_end_Delay_1us:
0x000F	0x0008      	RETURN
; end of _Delay_1us
_Delay_5500us:
;__Lib_Delays.c,31 :: 		void Delay_5500us() {
;__Lib_Delays.c,32 :: 		Delay_us(5500);
0x0010	0x3024      	MOVLW      36
0x0011	0x1283      	BCF        STATUS, 5
0x0012	0x1303      	BCF        STATUS, 6
0x0013	0x00FC      	MOVWF      R12
0x0014	0x30B5      	MOVLW      181
0x0015	0x00FD      	MOVWF      R13
L_Delay_5500us5:
0x0016	0x0BFD      	DECFSZ     R13, 1
0x0017	0x2816      	GOTO       L_Delay_5500us5
0x0018	0x0BFC      	DECFSZ     R12, 1
0x0019	0x2816      	GOTO       L_Delay_5500us5
0x001A	0x0000      	NOP
0x001B	0x0000      	NOP
;__Lib_Delays.c,33 :: 		}
L_end_Delay_5500us:
0x001C	0x0008      	RETURN
; end of _Delay_5500us
_Lcd_Cmd:
;__Lib_Lcd.c,18 :: 		
;__Lib_Lcd.c,20 :: 		
0x001D	0x1683      	BSF        STATUS, 5
0x001E	0x1303      	BCF        STATUS, 6
0x001F	0x1BB1      	BTFSC      FARG_Lcd_Cmd_out_char, 7
0x0020	0x2824      	GOTO       L__Lcd_Cmd21
0x0021	0x1283      	BCF        STATUS, 5
0x0022	0x1386      	BCF        LCD_D7, BitPos(LCD_D7+0)
0x0023	0x2826      	GOTO       L__Lcd_Cmd22
L__Lcd_Cmd21:
0x0024	0x1283      	BCF        STATUS, 5
0x0025	0x1786      	BSF        LCD_D7, BitPos(LCD_D7+0)
L__Lcd_Cmd22:
;__Lib_Lcd.c,21 :: 		
0x0026	0x1683      	BSF        STATUS, 5
0x0027	0x1B31      	BTFSC      FARG_Lcd_Cmd_out_char, 6
0x0028	0x282C      	GOTO       L__Lcd_Cmd23
0x0029	0x1283      	BCF        STATUS, 5
0x002A	0x1306      	BCF        LCD_D6, BitPos(LCD_D6+0)
0x002B	0x282E      	GOTO       L__Lcd_Cmd24
L__Lcd_Cmd23:
0x002C	0x1283      	BCF        STATUS, 5
0x002D	0x1706      	BSF        LCD_D6, BitPos(LCD_D6+0)
L__Lcd_Cmd24:
;__Lib_Lcd.c,22 :: 		
0x002E	0x1683      	BSF        STATUS, 5
0x002F	0x1AB1      	BTFSC      FARG_Lcd_Cmd_out_char, 5
0x0030	0x2834      	GOTO       L__Lcd_Cmd25
0x0031	0x1283      	BCF        STATUS, 5
0x0032	0x1286      	BCF        LCD_D5, BitPos(LCD_D5+0)
0x0033	0x2836      	GOTO       L__Lcd_Cmd26
L__Lcd_Cmd25:
0x0034	0x1283      	BCF        STATUS, 5
0x0035	0x1686      	BSF        LCD_D5, BitPos(LCD_D5+0)
L__Lcd_Cmd26:
;__Lib_Lcd.c,23 :: 		
0x0036	0x1683      	BSF        STATUS, 5
0x0037	0x1A31      	BTFSC      FARG_Lcd_Cmd_out_char, 4
0x0038	0x283C      	GOTO       L__Lcd_Cmd27
0x0039	0x1283      	BCF        STATUS, 5
0x003A	0x1206      	BCF        LCD_D4, BitPos(LCD_D4+0)
0x003B	0x283E      	GOTO       L__Lcd_Cmd28
L__Lcd_Cmd27:
0x003C	0x1283      	BCF        STATUS, 5
0x003D	0x1606      	BSF        LCD_D4, BitPos(LCD_D4+0)
L__Lcd_Cmd28:
;__Lib_Lcd.c,25 :: 		
0x003E	0x186F      	BTFSC      __Lib_Lcd_cmd_status, BitPos(__Lib_Lcd_cmd_status+0)
0x003F	0x2842      	GOTO       L__Lcd_Cmd29
0x0040	0x1506      	BSF        LCD_RS, BitPos(LCD_RS+0)
0x0041	0x2843      	GOTO       L__Lcd_Cmd30
L__Lcd_Cmd29:
0x0042	0x1106      	BCF        LCD_RS, BitPos(LCD_RS+0)
L__Lcd_Cmd30:
;__Lib_Lcd.c,28 :: 		
0x0043	0x1586      	BSF        LCD_EN, BitPos(LCD_EN+0)
;__Lib_Lcd.c,29 :: 		
0x0044	0x200A      	CALL       _Delay_1us
;__Lib_Lcd.c,30 :: 		
0x0045	0x1186      	BCF        LCD_EN, BitPos(LCD_EN+0)
;__Lib_Lcd.c,33 :: 		
0x0046	0x1683      	BSF        STATUS, 5
0x0047	0x19B1      	BTFSC      FARG_Lcd_Cmd_out_char, 3
0x0048	0x284C      	GOTO       L__Lcd_Cmd31
0x0049	0x1283      	BCF        STATUS, 5
0x004A	0x1386      	BCF        LCD_D7, BitPos(LCD_D7+0)
0x004B	0x284E      	GOTO       L__Lcd_Cmd32
L__Lcd_Cmd31:
0x004C	0x1283      	BCF        STATUS, 5
0x004D	0x1786      	BSF        LCD_D7, BitPos(LCD_D7+0)
L__Lcd_Cmd32:
;__Lib_Lcd.c,34 :: 		
0x004E	0x1683      	BSF        STATUS, 5
0x004F	0x1931      	BTFSC      FARG_Lcd_Cmd_out_char, 2
0x0050	0x2854      	GOTO       L__Lcd_Cmd33
0x0051	0x1283      	BCF        STATUS, 5
0x0052	0x1306      	BCF        LCD_D6, BitPos(LCD_D6+0)
0x0053	0x2856      	GOTO       L__Lcd_Cmd34
L__Lcd_Cmd33:
0x0054	0x1283      	BCF        STATUS, 5
0x0055	0x1706      	BSF        LCD_D6, BitPos(LCD_D6+0)
L__Lcd_Cmd34:
;__Lib_Lcd.c,35 :: 		
0x0056	0x1683      	BSF        STATUS, 5
0x0057	0x18B1      	BTFSC      FARG_Lcd_Cmd_out_char, 1
0x0058	0x285C      	GOTO       L__Lcd_Cmd35
0x0059	0x1283      	BCF        STATUS, 5
0x005A	0x1286      	BCF        LCD_D5, BitPos(LCD_D5+0)
0x005B	0x285E      	GOTO       L__Lcd_Cmd36
L__Lcd_Cmd35:
0x005C	0x1283      	BCF        STATUS, 5
0x005D	0x1686      	BSF        LCD_D5, BitPos(LCD_D5+0)
L__Lcd_Cmd36:
;__Lib_Lcd.c,36 :: 		
0x005E	0x1683      	BSF        STATUS, 5
0x005F	0x1831      	BTFSC      FARG_Lcd_Cmd_out_char, 0
0x0060	0x2864      	GOTO       L__Lcd_Cmd37
0x0061	0x1283      	BCF        STATUS, 5
0x0062	0x1206      	BCF        LCD_D4, BitPos(LCD_D4+0)
0x0063	0x2866      	GOTO       L__Lcd_Cmd38
L__Lcd_Cmd37:
0x0064	0x1283      	BCF        STATUS, 5
0x0065	0x1606      	BSF        LCD_D4, BitPos(LCD_D4+0)
L__Lcd_Cmd38:
;__Lib_Lcd.c,38 :: 		
0x0066	0x186F      	BTFSC      __Lib_Lcd_cmd_status, BitPos(__Lib_Lcd_cmd_status+0)
0x0067	0x286A      	GOTO       L__Lcd_Cmd39
0x0068	0x1506      	BSF        LCD_RS, BitPos(LCD_RS+0)
0x0069	0x286B      	GOTO       L__Lcd_Cmd40
L__Lcd_Cmd39:
0x006A	0x1106      	BCF        LCD_RS, BitPos(LCD_RS+0)
L__Lcd_Cmd40:
;__Lib_Lcd.c,40 :: 		
0x006B	0x1586      	BSF        LCD_EN, BitPos(LCD_EN+0)
;__Lib_Lcd.c,41 :: 		
0x006C	0x200A      	CALL       _Delay_1us
;__Lib_Lcd.c,42 :: 		
0x006D	0x1186      	BCF        LCD_EN, BitPos(LCD_EN+0)
;__Lib_Lcd.c,44 :: 		
0x006E	0x1C6F      	BTFSS      __Lib_Lcd_cmd_status, BitPos(__Lib_Lcd_cmd_status+0)
0x006F	0x2872      	GOTO       L_Lcd_Cmd0
;__Lib_Lcd.c,45 :: 		
0x0070	0x2010      	CALL       _Delay_5500us
0x0071	0x2873      	GOTO       L_Lcd_Cmd1
L_Lcd_Cmd0:
;__Lib_Lcd.c,47 :: 		
0x0072	0x2003      	CALL       _Delay_50us
L_Lcd_Cmd1:
;__Lib_Lcd.c,48 :: 		
L_end_Lcd_Cmd:
0x0073	0x0008      	RETURN
; end of _Lcd_Cmd
_Lcd_Chr_CP:
;__Lib_Lcd.c,50 :: 		
;__Lib_Lcd.c,52 :: 		
0x0074	0x1283      	BCF        STATUS, 5
0x0075	0x1303      	BCF        STATUS, 6
0x0076	0x106F      	BCF        __Lib_Lcd_cmd_status, BitPos(__Lib_Lcd_cmd_status+0)
;__Lib_Lcd.c,53 :: 		
0x0077	0x1683      	BSF        STATUS, 5
0x0078	0x0830      	MOVF       FARG_Lcd_Chr_CP_out_char, 0
0x0079	0x00B1      	MOVWF      FARG_Lcd_Cmd_out_char
0x007A	0x201D      	CALL       _Lcd_Cmd
;__Lib_Lcd.c,54 :: 		
0x007B	0x146F      	BSF        __Lib_Lcd_cmd_status, BitPos(__Lib_Lcd_cmd_status+0)
;__Lib_Lcd.c,55 :: 		
L_end_Lcd_Chr_CP:
0x007C	0x0008      	RETURN
; end of _Lcd_Chr_CP
_Lcd_Out:
;__Lib_Lcd.c,184 :: 		
;__Lib_Lcd.c,187 :: 		
0x007D	0x288F      	GOTO       L_Lcd_Out11
;__Lib_Lcd.c,188 :: 		
L_Lcd_Out13:
0x007E	0x3080      	MOVLW      128
0x007F	0x1683      	BSF        STATUS, 5
0x0080	0x1303      	BCF        STATUS, 6
0x0081	0x00AC      	MOVWF      FARG_Lcd_Out_row
0x0082	0x28A2      	GOTO       L_Lcd_Out12
;__Lib_Lcd.c,189 :: 		
L_Lcd_Out14:
0x0083	0x30C0      	MOVLW      192
0x0084	0x00AC      	MOVWF      FARG_Lcd_Out_row
0x0085	0x28A2      	GOTO       L_Lcd_Out12
;__Lib_Lcd.c,190 :: 		
L_Lcd_Out15:
0x0086	0x3094      	MOVLW      148
0x0087	0x00AC      	MOVWF      FARG_Lcd_Out_row
0x0088	0x28A2      	GOTO       L_Lcd_Out12
;__Lib_Lcd.c,191 :: 		
L_Lcd_Out16:
0x0089	0x30D4      	MOVLW      212
0x008A	0x00AC      	MOVWF      FARG_Lcd_Out_row
0x008B	0x28A2      	GOTO       L_Lcd_Out12
;__Lib_Lcd.c,192 :: 		
L_Lcd_Out17:
0x008C	0x3080      	MOVLW      128
0x008D	0x00AC      	MOVWF      FARG_Lcd_Out_row
;__Lib_Lcd.c,193 :: 		
0x008E	0x28A2      	GOTO       L_Lcd_Out12
L_Lcd_Out11:
0x008F	0x1683      	BSF        STATUS, 5
0x0090	0x1303      	BCF        STATUS, 6
0x0091	0x082C      	MOVF       FARG_Lcd_Out_row, 0
0x0092	0x3A01      	XORLW      1
0x0093	0x1903      	BTFSC      STATUS, 2
0x0094	0x287E      	GOTO       L_Lcd_Out13
0x0095	0x082C      	MOVF       FARG_Lcd_Out_row, 0
0x0096	0x3A02      	XORLW      2
0x0097	0x1903      	BTFSC      STATUS, 2
0x0098	0x2883      	GOTO       L_Lcd_Out14
0x0099	0x082C      	MOVF       FARG_Lcd_Out_row, 0
0x009A	0x3A03      	XORLW      3
0x009B	0x1903      	BTFSC      STATUS, 2
0x009C	0x2886      	GOTO       L_Lcd_Out15
0x009D	0x082C      	MOVF       FARG_Lcd_Out_row, 0
0x009E	0x3A04      	XORLW      4
0x009F	0x1903      	BTFSC      STATUS, 2
0x00A0	0x2889      	GOTO       L_Lcd_Out16
0x00A1	0x288C      	GOTO       L_Lcd_Out17
L_Lcd_Out12:
;__Lib_Lcd.c,194 :: 		
0x00A2	0x032D      	DECF       FARG_Lcd_Out_column, 0
0x00A3	0x00F0      	MOVWF      R0
0x00A4	0x082C      	MOVF       FARG_Lcd_Out_row, 0
0x00A5	0x07F0      	ADDWF      R0, 1
0x00A6	0x0870      	MOVF       R0, 0
0x00A7	0x00AC      	MOVWF      FARG_Lcd_Out_row
;__Lib_Lcd.c,196 :: 		
0x00A8	0x0870      	MOVF       R0, 0
0x00A9	0x00B1      	MOVWF      FARG_Lcd_Cmd_out_char
0x00AA	0x201D      	CALL       _Lcd_Cmd
;__Lib_Lcd.c,197 :: 		
0x00AB	0x106F      	BCF        __Lib_Lcd_cmd_status, BitPos(__Lib_Lcd_cmd_status+0)
;__Lib_Lcd.c,198 :: 		
0x00AC	0x1683      	BSF        STATUS, 5
0x00AD	0x01AF      	CLRF       Lcd_Out_i_L0
;__Lib_Lcd.c,199 :: 		
L_Lcd_Out18:
0x00AE	0x082F      	MOVF       Lcd_Out_i_L0, 0
0x00AF	0x072E      	ADDWF      FARG_Lcd_Out_text, 0
0x00B0	0x0084      	MOVWF      FSR
0x00B1	0x0800      	MOVF       INDF, 0
0x00B2	0x1903      	BTFSC      STATUS, 2
0x00B3	0x28BD      	GOTO       L_Lcd_Out19
;__Lib_Lcd.c,200 :: 		
0x00B4	0x082F      	MOVF       Lcd_Out_i_L0, 0
0x00B5	0x072E      	ADDWF      FARG_Lcd_Out_text, 0
0x00B6	0x0084      	MOVWF      FSR
0x00B7	0x0800      	MOVF       INDF, 0
0x00B8	0x00B0      	MOVWF      FARG_Lcd_Chr_CP_out_char
0x00B9	0x2074      	CALL       _Lcd_Chr_CP
0x00BA	0x1683      	BSF        STATUS, 5
0x00BB	0x0AAF      	INCF       Lcd_Out_i_L0, 1
0x00BC	0x28AE      	GOTO       L_Lcd_Out18
L_Lcd_Out19:
;__Lib_Lcd.c,201 :: 		
0x00BD	0x146F      	BSF        __Lib_Lcd_cmd_status, BitPos(__Lib_Lcd_cmd_status+0)
;__Lib_Lcd.c,202 :: 		
L_end_Lcd_Out:
0x00BE	0x0008      	RETURN
; end of _Lcd_Out
_DTMF_read:
;define.h,30 :: 		char DTMF_read(){
;define.h,31 :: 		char out = 0;
0x00BF	0x1683      	BSF        STATUS, 5
0x00C0	0x1303      	BCF        STATUS, 6
0x00C1	0x01A9      	CLRF       DTMF_read_out_L0
;define.h,32 :: 		if(dtmf_std){
0x00C2	0x1283      	BCF        STATUS, 5
0x00C3	0x1E85      	BTFSS      RA5_bit, BitPos(RA5_bit+0)
0x00C4	0x28E4      	GOTO       L_DTMF_read0
;define.h,33 :: 		out.b0 = dtmf_q1;
0x00C5	0x1805      	BTFSC      RA0_bit, BitPos(RA0_bit+0)
0x00C6	0x28CA      	GOTO       L__DTMF_read17
0x00C7	0x1683      	BSF        STATUS, 5
0x00C8	0x1029      	BCF        DTMF_read_out_L0, 0
0x00C9	0x28CC      	GOTO       L__DTMF_read18
L__DTMF_read17:
0x00CA	0x1683      	BSF        STATUS, 5
0x00CB	0x1429      	BSF        DTMF_read_out_L0, 0
L__DTMF_read18:
;define.h,34 :: 		out.b1 = dtmf_q2;
0x00CC	0x1283      	BCF        STATUS, 5
0x00CD	0x1885      	BTFSC      RA1_bit, BitPos(RA1_bit+0)
0x00CE	0x28D2      	GOTO       L__DTMF_read19
0x00CF	0x1683      	BSF        STATUS, 5
0x00D0	0x10A9      	BCF        DTMF_read_out_L0, 1
0x00D1	0x28D4      	GOTO       L__DTMF_read20
L__DTMF_read19:
0x00D2	0x1683      	BSF        STATUS, 5
0x00D3	0x14A9      	BSF        DTMF_read_out_L0, 1
L__DTMF_read20:
;define.h,35 :: 		out.b2 = dtmf_q3;
0x00D4	0x1283      	BCF        STATUS, 5
0x00D5	0x1905      	BTFSC      RA2_bit, BitPos(RA2_bit+0)
0x00D6	0x28DA      	GOTO       L__DTMF_read21
0x00D7	0x1683      	BSF        STATUS, 5
0x00D8	0x1129      	BCF        DTMF_read_out_L0, 2
0x00D9	0x28DC      	GOTO       L__DTMF_read22
L__DTMF_read21:
0x00DA	0x1683      	BSF        STATUS, 5
0x00DB	0x1529      	BSF        DTMF_read_out_L0, 2
L__DTMF_read22:
;define.h,36 :: 		out.b3 = dtmf_q4;
0x00DC	0x1283      	BCF        STATUS, 5
0x00DD	0x1985      	BTFSC      RA3_bit, BitPos(RA3_bit+0)
0x00DE	0x28E2      	GOTO       L__DTMF_read23
0x00DF	0x1683      	BSF        STATUS, 5
0x00E0	0x11A9      	BCF        DTMF_read_out_L0, 3
0x00E1	0x28E4      	GOTO       L__DTMF_read24
L__DTMF_read23:
0x00E2	0x1683      	BSF        STATUS, 5
0x00E3	0x15A9      	BSF        DTMF_read_out_L0, 3
L__DTMF_read24:
;define.h,37 :: 		}
L_DTMF_read0:
0x00E4	0x1683      	BSF        STATUS, 5
;define.h,38 :: 		return out;
0x00E5	0x0829      	MOVF       DTMF_read_out_L0, 0
0x00E6	0x00F0      	MOVWF      R0
;define.h,39 :: 		}
L_end_DTMF_read:
0x00E7	0x0008      	RETURN
; end of _DTMF_read
_Lcd_Chr:
;__Lib_Lcd.c,65 :: 		
;__Lib_Lcd.c,66 :: 		
0x00E8	0x28FA      	GOTO       L_Lcd_Chr4
;__Lib_Lcd.c,67 :: 		
L_Lcd_Chr6:
0x00E9	0x3080      	MOVLW      128
0x00EA	0x1683      	BSF        STATUS, 5
0x00EB	0x1303      	BCF        STATUS, 6
0x00EC	0x00A9      	MOVWF      FARG_Lcd_Chr_row
0x00ED	0x290D      	GOTO       L_Lcd_Chr5
;__Lib_Lcd.c,68 :: 		
L_Lcd_Chr7:
0x00EE	0x30C0      	MOVLW      192
0x00EF	0x00A9      	MOVWF      FARG_Lcd_Chr_row
0x00F0	0x290D      	GOTO       L_Lcd_Chr5
;__Lib_Lcd.c,69 :: 		
L_Lcd_Chr8:
0x00F1	0x3094      	MOVLW      148
0x00F2	0x00A9      	MOVWF      FARG_Lcd_Chr_row
0x00F3	0x290D      	GOTO       L_Lcd_Chr5
;__Lib_Lcd.c,70 :: 		
L_Lcd_Chr9:
0x00F4	0x30D4      	MOVLW      212
0x00F5	0x00A9      	MOVWF      FARG_Lcd_Chr_row
0x00F6	0x290D      	GOTO       L_Lcd_Chr5
;__Lib_Lcd.c,71 :: 		
L_Lcd_Chr10:
0x00F7	0x3080      	MOVLW      128
0x00F8	0x00A9      	MOVWF      FARG_Lcd_Chr_row
;__Lib_Lcd.c,72 :: 		
0x00F9	0x290D      	GOTO       L_Lcd_Chr5
L_Lcd_Chr4:
0x00FA	0x1683      	BSF        STATUS, 5
0x00FB	0x1303      	BCF        STATUS, 6
0x00FC	0x0829      	MOVF       FARG_Lcd_Chr_row, 0
0x00FD	0x3A01      	XORLW      1
0x00FE	0x1903      	BTFSC      STATUS, 2
0x00FF	0x28E9      	GOTO       L_Lcd_Chr6
0x0100	0x0829      	MOVF       FARG_Lcd_Chr_row, 0
0x0101	0x3A02      	XORLW      2
0x0102	0x1903      	BTFSC      STATUS, 2
0x0103	0x28EE      	GOTO       L_Lcd_Chr7
0x0104	0x0829      	MOVF       FARG_Lcd_Chr_row, 0
0x0105	0x3A03      	XORLW      3
0x0106	0x1903      	BTFSC      STATUS, 2
0x0107	0x28F1      	GOTO       L_Lcd_Chr8
0x0108	0x0829      	MOVF       FARG_Lcd_Chr_row, 0
0x0109	0x3A04      	XORLW      4
0x010A	0x1903      	BTFSC      STATUS, 2
0x010B	0x28F4      	GOTO       L_Lcd_Chr9
0x010C	0x28F7      	GOTO       L_Lcd_Chr10
L_Lcd_Chr5:
;__Lib_Lcd.c,74 :: 		
0x010D	0x032A      	DECF       FARG_Lcd_Chr_column, 0
0x010E	0x00F0      	MOVWF      R0
0x010F	0x0829      	MOVF       FARG_Lcd_Chr_row, 0
0x0110	0x07F0      	ADDWF      R0, 1
0x0111	0x0870      	MOVF       R0, 0
0x0112	0x00A9      	MOVWF      FARG_Lcd_Chr_row
;__Lib_Lcd.c,76 :: 		
0x0113	0x146F      	BSF        __Lib_Lcd_cmd_status, BitPos(__Lib_Lcd_cmd_status+0)
;__Lib_Lcd.c,77 :: 		
0x0114	0x0870      	MOVF       R0, 0
0x0115	0x00B1      	MOVWF      FARG_Lcd_Cmd_out_char
0x0116	0x201D      	CALL       _Lcd_Cmd
;__Lib_Lcd.c,79 :: 		
0x0117	0x106F      	BCF        __Lib_Lcd_cmd_status, BitPos(__Lib_Lcd_cmd_status+0)
;__Lib_Lcd.c,80 :: 		
0x0118	0x1683      	BSF        STATUS, 5
0x0119	0x082B      	MOVF       FARG_Lcd_Chr_out_char, 0
0x011A	0x00B1      	MOVWF      FARG_Lcd_Cmd_out_char
0x011B	0x201D      	CALL       _Lcd_Cmd
;__Lib_Lcd.c,81 :: 		
0x011C	0x146F      	BSF        __Lib_Lcd_cmd_status, BitPos(__Lib_Lcd_cmd_status+0)
;__Lib_Lcd.c,82 :: 		
L_end_Lcd_Chr:
0x011D	0x0008      	RETURN
; end of _Lcd_Chr
_____DoICP:
;__Lib_System.c,6 :: 		
;__Lib_System.c,9 :: 		
0x011E	0x1283      	BCF        STATUS, 5
0x011F	0x1303      	BCF        STATUS, 6
0x0120	0x086E      	MOVF       ___DoICPAddr+1, 0
0x0121	0x008A      	MOVWF      PCLATH
;__Lib_System.c,10 :: 		
0x0122	0x086D      	MOVF       ___DoICPAddr, 0
0x0123	0x0082      	MOVWF      PCL
;__Lib_System.c,12 :: 		
L_end_____DoICP:
0x0124	0x0008      	RETURN
; end of _____DoICP
_stop_car:
;DTMFcar.c,13 :: 		void stop_car(){
;DTMFcar.c,14 :: 		lcd_out(1,1, not_move);
0x0125	0x3001      	MOVLW      1
0x0126	0x1683      	BSF        STATUS, 5
0x0127	0x1303      	BCF        STATUS, 6
0x0128	0x00AC      	MOVWF      FARG_Lcd_Out_row
0x0129	0x3001      	MOVLW      1
0x012A	0x00AD      	MOVWF      FARG_Lcd_Out_column
0x012B	0x3056      	MOVLW      _not_move
0x012C	0x00AE      	MOVWF      FARG_Lcd_Out_text
0x012D	0x207D      	CALL       _Lcd_Out
;DTMFcar.c,15 :: 		motor1_a = 0; motor1_b = 0;
0x012E	0x1283      	BCF        STATUS, 5
0x012F	0x1187      	BCF        RC3_bit, BitPos(RC3_bit+0)
0x0130	0x1107      	BCF        RC2_bit, BitPos(RC2_bit+0)
;DTMFcar.c,16 :: 		motor2_a = 0; motor2_b = 0;
0x0131	0x1087      	BCF        RC1_bit, BitPos(RC1_bit+0)
0x0132	0x1007      	BCF        RC0_bit, BitPos(RC0_bit+0)
;DTMFcar.c,17 :: 		}
L_end_stop_car:
0x0133	0x0008      	RETURN
; end of _stop_car
_moving_txt:
;DTMFcar.c,19 :: 		void moving_txt() {lcd_out(1,1, move);}
0x0134	0x3001      	MOVLW      1
0x0135	0x1683      	BSF        STATUS, 5
0x0136	0x1303      	BCF        STATUS, 6
0x0137	0x00AC      	MOVWF      FARG_Lcd_Out_row
0x0138	0x3001      	MOVLW      1
0x0139	0x00AD      	MOVWF      FARG_Lcd_Out_column
0x013A	0x304E      	MOVLW      _move
0x013B	0x00AE      	MOVWF      FARG_Lcd_Out_text
0x013C	0x207D      	CALL       _Lcd_Out
L_end_moving_txt:
0x013D	0x0008      	RETURN
; end of _moving_txt
_Lcd_Init:
;__Lib_Lcd.c,84 :: 		
;__Lib_Lcd.c,86 :: 		
0x013E	0x1683      	BSF        STATUS, 5
0x013F	0x1303      	BCF        STATUS, 6
0x0140	0x1186      	BCF        LCD_EN_Direction, BitPos(LCD_EN_Direction+0)
;__Lib_Lcd.c,87 :: 		
0x0141	0x1106      	BCF        LCD_RS_Direction, BitPos(LCD_RS_Direction+0)
;__Lib_Lcd.c,88 :: 		
0x0142	0x1206      	BCF        LCD_D4_Direction, BitPos(LCD_D4_Direction+0)
;__Lib_Lcd.c,89 :: 		
0x0143	0x1286      	BCF        LCD_D5_Direction, BitPos(LCD_D5_Direction+0)
;__Lib_Lcd.c,90 :: 		
0x0144	0x1306      	BCF        LCD_D6_Direction, BitPos(LCD_D6_Direction+0)
;__Lib_Lcd.c,91 :: 		
0x0145	0x1386      	BCF        LCD_D7_Direction, BitPos(LCD_D7_Direction+0)
;__Lib_Lcd.c,93 :: 		
0x0146	0x1283      	BCF        STATUS, 5
0x0147	0x1186      	BCF        LCD_EN, BitPos(LCD_EN+0)
;__Lib_Lcd.c,94 :: 		
0x0148	0x1106      	BCF        LCD_RS, BitPos(LCD_RS+0)
;__Lib_Lcd.c,95 :: 		
0x0149	0x1386      	BCF        LCD_D7, BitPos(LCD_D7+0)
;__Lib_Lcd.c,96 :: 		
0x014A	0x1306      	BCF        LCD_D6, BitPos(LCD_D6+0)
;__Lib_Lcd.c,97 :: 		
0x014B	0x1286      	BCF        LCD_D5, BitPos(LCD_D5+0)
;__Lib_Lcd.c,98 :: 		
0x014C	0x1206      	BCF        LCD_D4, BitPos(LCD_D4+0)
;__Lib_Lcd.c,100 :: 		
0x014D	0x2010      	CALL       _Delay_5500us
;__Lib_Lcd.c,101 :: 		
0x014E	0x2010      	CALL       _Delay_5500us
;__Lib_Lcd.c,102 :: 		
0x014F	0x2010      	CALL       _Delay_5500us
;__Lib_Lcd.c,105 :: 		
0x0150	0x1686      	BSF        LCD_D5, BitPos(LCD_D5+0)
;__Lib_Lcd.c,106 :: 		
0x0151	0x1606      	BSF        LCD_D4, BitPos(LCD_D4+0)
;__Lib_Lcd.c,107 :: 		
0x0152	0x1586      	BSF        LCD_EN, BitPos(LCD_EN+0)
;__Lib_Lcd.c,108 :: 		
0x0153	0x200A      	CALL       _Delay_1us
;__Lib_Lcd.c,109 :: 		
0x0154	0x1186      	BCF        LCD_EN, BitPos(LCD_EN+0)
;__Lib_Lcd.c,110 :: 		
0x0155	0x2010      	CALL       _Delay_5500us
;__Lib_Lcd.c,112 :: 		
0x0156	0x1586      	BSF        LCD_EN, BitPos(LCD_EN+0)
;__Lib_Lcd.c,113 :: 		
0x0157	0x200A      	CALL       _Delay_1us
;__Lib_Lcd.c,114 :: 		
0x0158	0x1186      	BCF        LCD_EN, BitPos(LCD_EN+0)
;__Lib_Lcd.c,115 :: 		
0x0159	0x2010      	CALL       _Delay_5500us
;__Lib_Lcd.c,117 :: 		
0x015A	0x1586      	BSF        LCD_EN, BitPos(LCD_EN+0)
;__Lib_Lcd.c,118 :: 		
0x015B	0x200A      	CALL       _Delay_1us
;__Lib_Lcd.c,119 :: 		
0x015C	0x1186      	BCF        LCD_EN, BitPos(LCD_EN+0)
;__Lib_Lcd.c,120 :: 		
0x015D	0x2010      	CALL       _Delay_5500us
;__Lib_Lcd.c,123 :: 		
0x015E	0x1206      	BCF        LCD_D4, BitPos(LCD_D4+0)
;__Lib_Lcd.c,124 :: 		
0x015F	0x1586      	BSF        LCD_EN, BitPos(LCD_EN+0)
;__Lib_Lcd.c,125 :: 		
0x0160	0x200A      	CALL       _Delay_1us
;__Lib_Lcd.c,126 :: 		
0x0161	0x1186      	BCF        LCD_EN, BitPos(LCD_EN+0)
;__Lib_Lcd.c,127 :: 		
0x0162	0x2010      	CALL       _Delay_5500us
;__Lib_Lcd.c,130 :: 		
0x0163	0x1586      	BSF        LCD_EN, BitPos(LCD_EN+0)
;__Lib_Lcd.c,131 :: 		
0x0164	0x200A      	CALL       _Delay_1us
;__Lib_Lcd.c,132 :: 		
0x0165	0x1186      	BCF        LCD_EN, BitPos(LCD_EN+0)
;__Lib_Lcd.c,134 :: 		
0x0166	0x1286      	BCF        LCD_D5, BitPos(LCD_D5+0)
;__Lib_Lcd.c,135 :: 		
0x0167	0x1786      	BSF        LCD_D7, BitPos(LCD_D7+0)
;__Lib_Lcd.c,136 :: 		
0x0168	0x1586      	BSF        LCD_EN, BitPos(LCD_EN+0)
;__Lib_Lcd.c,137 :: 		
0x0169	0x200A      	CALL       _Delay_1us
;__Lib_Lcd.c,138 :: 		
0x016A	0x1186      	BCF        LCD_EN, BitPos(LCD_EN+0)
;__Lib_Lcd.c,139 :: 		
0x016B	0x2010      	CALL       _Delay_5500us
;__Lib_Lcd.c,142 :: 		
0x016C	0x1386      	BCF        LCD_D7, BitPos(LCD_D7+0)
;__Lib_Lcd.c,143 :: 		
0x016D	0x1606      	BSF        LCD_D4, BitPos(LCD_D4+0)
;__Lib_Lcd.c,144 :: 		
0x016E	0x1586      	BSF        LCD_EN, BitPos(LCD_EN+0)
;__Lib_Lcd.c,145 :: 		
0x016F	0x200A      	CALL       _Delay_1us
;__Lib_Lcd.c,146 :: 		
0x0170	0x1186      	BCF        LCD_EN, BitPos(LCD_EN+0)
;__Lib_Lcd.c,148 :: 		
0x0171	0x1206      	BCF        LCD_D4, BitPos(LCD_D4+0)
;__Lib_Lcd.c,149 :: 		
0x0172	0x1586      	BSF        LCD_EN, BitPos(LCD_EN+0)
;__Lib_Lcd.c,150 :: 		
0x0173	0x200A      	CALL       _Delay_1us
;__Lib_Lcd.c,151 :: 		
0x0174	0x1186      	BCF        LCD_EN, BitPos(LCD_EN+0)
;__Lib_Lcd.c,152 :: 		
0x0175	0x2010      	CALL       _Delay_5500us
;__Lib_Lcd.c,155 :: 		
0x0176	0x1586      	BSF        LCD_EN, BitPos(LCD_EN+0)
;__Lib_Lcd.c,156 :: 		
0x0177	0x200A      	CALL       _Delay_1us
;__Lib_Lcd.c,157 :: 		
0x0178	0x1186      	BCF        LCD_EN, BitPos(LCD_EN+0)
;__Lib_Lcd.c,159 :: 		
0x0179	0x1606      	BSF        LCD_D4, BitPos(LCD_D4+0)
;__Lib_Lcd.c,160 :: 		
0x017A	0x1586      	BSF        LCD_EN, BitPos(LCD_EN+0)
;__Lib_Lcd.c,161 :: 		
0x017B	0x200A      	CALL       _Delay_1us
;__Lib_Lcd.c,162 :: 		
0x017C	0x1186      	BCF        LCD_EN, BitPos(LCD_EN+0)
;__Lib_Lcd.c,163 :: 		
0x017D	0x2010      	CALL       _Delay_5500us
;__Lib_Lcd.c,166 :: 		
0x017E	0x1206      	BCF        LCD_D4, BitPos(LCD_D4+0)
;__Lib_Lcd.c,167 :: 		
0x017F	0x1586      	BSF        LCD_EN, BitPos(LCD_EN+0)
;__Lib_Lcd.c,168 :: 		
0x0180	0x200A      	CALL       _Delay_1us
;__Lib_Lcd.c,169 :: 		
0x0181	0x1186      	BCF        LCD_EN, BitPos(LCD_EN+0)
;__Lib_Lcd.c,171 :: 		
0x0182	0x1786      	BSF        LCD_D7, BitPos(LCD_D7+0)
;__Lib_Lcd.c,172 :: 		
0x0183	0x1706      	BSF        LCD_D6, BitPos(LCD_D6+0)
;__Lib_Lcd.c,173 :: 		
0x0184	0x1686      	BSF        LCD_D5, BitPos(LCD_D5+0)
;__Lib_Lcd.c,174 :: 		
0x0185	0x1606      	BSF        LCD_D4, BitPos(LCD_D4+0)
;__Lib_Lcd.c,175 :: 		
0x0186	0x1586      	BSF        LCD_EN, BitPos(LCD_EN+0)
;__Lib_Lcd.c,176 :: 		
0x0187	0x200A      	CALL       _Delay_1us
;__Lib_Lcd.c,177 :: 		
0x0188	0x1186      	BCF        LCD_EN, BitPos(LCD_EN+0)
;__Lib_Lcd.c,179 :: 		
0x0189	0x2010      	CALL       _Delay_5500us
;__Lib_Lcd.c,181 :: 		
0x018A	0x146F      	BSF        __Lib_Lcd_cmd_status, BitPos(__Lib_Lcd_cmd_status+0)
;__Lib_Lcd.c,182 :: 		
L_end_Lcd_Init:
0x018B	0x0008      	RETURN
; end of _Lcd_Init
_move_car:
;DTMFcar.c,21 :: 		void move_car(){
;DTMFcar.c,22 :: 		char DTMF = DTMF_read();
0x018C	0x20BF      	CALL       _DTMF_read
0x018D	0x0870      	MOVF       R0, 0
0x018E	0x00A8      	MOVWF      move_car_DTMF_L0
;DTMFcar.c,23 :: 		lcd_out(2,1, dtmf_str);
0x018F	0x3002      	MOVLW      2
0x0190	0x00AC      	MOVWF      FARG_Lcd_Out_row
0x0191	0x3001      	MOVLW      1
0x0192	0x00AD      	MOVWF      FARG_Lcd_Out_column
0x0193	0x3028      	MOVLW      _dtmf_str
0x0194	0x00AE      	MOVWF      FARG_Lcd_Out_text
0x0195	0x207D      	CALL       _Lcd_Out
;DTMFcar.c,24 :: 		lcd_chr(2,14, DTMF + 48);
0x0196	0x3002      	MOVLW      2
0x0197	0x00A9      	MOVWF      FARG_Lcd_Chr_row
0x0198	0x300E      	MOVLW      14
0x0199	0x00AA      	MOVWF      FARG_Lcd_Chr_column
0x019A	0x3030      	MOVLW      48
0x019B	0x0728      	ADDWF      move_car_DTMF_L0, 0
0x019C	0x00AB      	MOVWF      FARG_Lcd_Chr_out_char
0x019D	0x20E8      	CALL       _Lcd_Chr
;DTMFcar.c,26 :: 		switch(DTMF){
0x019E	0x29FF      	GOTO       L_move_car1
;DTMFcar.c,28 :: 		case 2:                         //forward
L_move_car3:
0x019F	0x1283      	BCF        STATUS, 5
;DTMFcar.c,29 :: 		if(IR_f){
0x01A0	0x1F07      	BTFSS      RC6_bit, BitPos(RC6_bit+0)
0x01A1	0x29B0      	GOTO       L_move_car4
;DTMFcar.c,30 :: 		moving_txt();
0x01A2	0x2134      	CALL       _moving_txt
;DTMFcar.c,31 :: 		lcd_out(1,8, up);
0x01A3	0x3001      	MOVLW      1
0x01A4	0x00AC      	MOVWF      FARG_Lcd_Out_row
0x01A5	0x3008      	MOVLW      8
0x01A6	0x00AD      	MOVWF      FARG_Lcd_Out_column
0x01A7	0x3020      	MOVLW      _up
0x01A8	0x00AE      	MOVWF      FARG_Lcd_Out_text
0x01A9	0x207D      	CALL       _Lcd_Out
;DTMFcar.c,32 :: 		motor1_a = 1; motor1_b = 0;
0x01AA	0x1283      	BCF        STATUS, 5
0x01AB	0x1587      	BSF        RC3_bit, BitPos(RC3_bit+0)
0x01AC	0x1107      	BCF        RC2_bit, BitPos(RC2_bit+0)
;DTMFcar.c,33 :: 		motor2_a = 1; motor2_b = 0;
0x01AD	0x1487      	BSF        RC1_bit, BitPos(RC1_bit+0)
0x01AE	0x1007      	BCF        RC0_bit, BitPos(RC0_bit+0)
;DTMFcar.c,34 :: 		}
0x01AF	0x29B1      	GOTO       L_move_car5
L_move_car4:
;DTMFcar.c,35 :: 		else stop_car();
0x01B0	0x2125      	CALL       _stop_car
L_move_car5:
;DTMFcar.c,36 :: 		break;
0x01B1	0x2A19      	GOTO       L_move_car2
;DTMFcar.c,37 :: 		case 8:                         //backward
L_move_car6:
0x01B2	0x1283      	BCF        STATUS, 5
;DTMFcar.c,38 :: 		if(IR_b){
0x01B3	0x1F87      	BTFSS      RC7_bit, BitPos(RC7_bit+0)
0x01B4	0x29C3      	GOTO       L_move_car7
;DTMFcar.c,39 :: 		moving_txt();
0x01B5	0x2134      	CALL       _moving_txt
;DTMFcar.c,40 :: 		lcd_out(1,8, down);
0x01B6	0x3001      	MOVLW      1
0x01B7	0x00AC      	MOVWF      FARG_Lcd_Out_row
0x01B8	0x3008      	MOVLW      8
0x01B9	0x00AD      	MOVWF      FARG_Lcd_Out_column
0x01BA	0x30A0      	MOVLW      _down
0x01BB	0x00AE      	MOVWF      FARG_Lcd_Out_text
0x01BC	0x207D      	CALL       _Lcd_Out
;DTMFcar.c,41 :: 		motor1_a = 0; motor1_b = 1;
0x01BD	0x1283      	BCF        STATUS, 5
0x01BE	0x1187      	BCF        RC3_bit, BitPos(RC3_bit+0)
0x01BF	0x1507      	BSF        RC2_bit, BitPos(RC2_bit+0)
;DTMFcar.c,42 :: 		motor2_a = 0; motor2_b = 1;
0x01C0	0x1087      	BCF        RC1_bit, BitPos(RC1_bit+0)
0x01C1	0x1407      	BSF        RC0_bit, BitPos(RC0_bit+0)
;DTMFcar.c,43 :: 		}
0x01C2	0x29C4      	GOTO       L_move_car8
L_move_car7:
;DTMFcar.c,44 :: 		else stop_car();
0x01C3	0x2125      	CALL       _stop_car
L_move_car8:
;DTMFcar.c,45 :: 		break;
0x01C4	0x2A19      	GOTO       L_move_car2
;DTMFcar.c,46 :: 		case 4:                         //for-left
L_move_car9:
;DTMFcar.c,47 :: 		moving_txt();
0x01C5	0x2134      	CALL       _moving_txt
;DTMFcar.c,48 :: 		lcd_out(1,8, fleft);
0x01C6	0x3001      	MOVLW      1
0x01C7	0x00AC      	MOVWF      FARG_Lcd_Out_row
0x01C8	0x3008      	MOVLW      8
0x01C9	0x00AD      	MOVWF      FARG_Lcd_Out_column
0x01CA	0x3065      	MOVLW      _fleft
0x01CB	0x00AE      	MOVWF      FARG_Lcd_Out_text
0x01CC	0x207D      	CALL       _Lcd_Out
;DTMFcar.c,49 :: 		motor1_a = 0; motor1_b = 0;
0x01CD	0x1283      	BCF        STATUS, 5
0x01CE	0x1187      	BCF        RC3_bit, BitPos(RC3_bit+0)
0x01CF	0x1107      	BCF        RC2_bit, BitPos(RC2_bit+0)
;DTMFcar.c,50 :: 		motor2_a = 1; motor2_b = 0;
0x01D0	0x1487      	BSF        RC1_bit, BitPos(RC1_bit+0)
0x01D1	0x1007      	BCF        RC0_bit, BitPos(RC0_bit+0)
;DTMFcar.c,51 :: 		break;
0x01D2	0x2A19      	GOTO       L_move_car2
;DTMFcar.c,52 :: 		case 6:                         //for-right
L_move_car10:
;DTMFcar.c,53 :: 		moving_txt();
0x01D3	0x2134      	CALL       _moving_txt
;DTMFcar.c,54 :: 		lcd_out(1,8, fright);
0x01D4	0x3001      	MOVLW      1
0x01D5	0x00AC      	MOVWF      FARG_Lcd_Out_row
0x01D6	0x3008      	MOVLW      8
0x01D7	0x00AD      	MOVWF      FARG_Lcd_Out_column
0x01D8	0x3046      	MOVLW      _fright
0x01D9	0x00AE      	MOVWF      FARG_Lcd_Out_text
0x01DA	0x207D      	CALL       _Lcd_Out
;DTMFcar.c,55 :: 		motor1_a = 1; motor1_b = 0;
0x01DB	0x1283      	BCF        STATUS, 5
0x01DC	0x1587      	BSF        RC3_bit, BitPos(RC3_bit+0)
0x01DD	0x1107      	BCF        RC2_bit, BitPos(RC2_bit+0)
;DTMFcar.c,56 :: 		motor2_a = 0; motor2_b = 0;
0x01DE	0x1087      	BCF        RC1_bit, BitPos(RC1_bit+0)
0x01DF	0x1007      	BCF        RC0_bit, BitPos(RC0_bit+0)
;DTMFcar.c,57 :: 		break;
0x01E0	0x2A19      	GOTO       L_move_car2
;DTMFcar.c,58 :: 		case 7:                         //Back-left
L_move_car11:
;DTMFcar.c,59 :: 		moving_txt();
0x01E1	0x2134      	CALL       _moving_txt
;DTMFcar.c,60 :: 		lcd_out(1,8, bleft);
0x01E2	0x3001      	MOVLW      1
0x01E3	0x00AC      	MOVWF      FARG_Lcd_Out_row
0x01E4	0x3008      	MOVLW      8
0x01E5	0x00AD      	MOVWF      FARG_Lcd_Out_column
0x01E6	0x303E      	MOVLW      _bleft
0x01E7	0x00AE      	MOVWF      FARG_Lcd_Out_text
0x01E8	0x207D      	CALL       _Lcd_Out
;DTMFcar.c,61 :: 		motor1_a = 0; motor1_b = 0;
0x01E9	0x1283      	BCF        STATUS, 5
0x01EA	0x1187      	BCF        RC3_bit, BitPos(RC3_bit+0)
0x01EB	0x1107      	BCF        RC2_bit, BitPos(RC2_bit+0)
;DTMFcar.c,62 :: 		motor2_a = 0; motor2_b = 1;
0x01EC	0x1087      	BCF        RC1_bit, BitPos(RC1_bit+0)
0x01ED	0x1407      	BSF        RC0_bit, BitPos(RC0_bit+0)
;DTMFcar.c,63 :: 		break;
0x01EE	0x2A19      	GOTO       L_move_car2
;DTMFcar.c,64 :: 		case 9:                         //back-right
L_move_car12:
;DTMFcar.c,65 :: 		moving_txt();
0x01EF	0x2134      	CALL       _moving_txt
;DTMFcar.c,66 :: 		lcd_out(1,8, bright);
0x01F0	0x3001      	MOVLW      1
0x01F1	0x00AC      	MOVWF      FARG_Lcd_Out_row
0x01F2	0x3008      	MOVLW      8
0x01F3	0x00AD      	MOVWF      FARG_Lcd_Out_column
0x01F4	0x3036      	MOVLW      _bright
0x01F5	0x00AE      	MOVWF      FARG_Lcd_Out_text
0x01F6	0x207D      	CALL       _Lcd_Out
;DTMFcar.c,67 :: 		motor1_a = 0; motor1_b = 1;
0x01F7	0x1283      	BCF        STATUS, 5
0x01F8	0x1187      	BCF        RC3_bit, BitPos(RC3_bit+0)
0x01F9	0x1507      	BSF        RC2_bit, BitPos(RC2_bit+0)
;DTMFcar.c,68 :: 		motor2_a = 0; motor2_b = 0;
0x01FA	0x1087      	BCF        RC1_bit, BitPos(RC1_bit+0)
0x01FB	0x1007      	BCF        RC0_bit, BitPos(RC0_bit+0)
;DTMFcar.c,69 :: 		break;
0x01FC	0x2A19      	GOTO       L_move_car2
;DTMFcar.c,71 :: 		default:
L_move_car13:
;DTMFcar.c,72 :: 		stop_car();
0x01FD	0x2125      	CALL       _stop_car
;DTMFcar.c,73 :: 		}
0x01FE	0x2A19      	GOTO       L_move_car2
L_move_car1:
0x01FF	0x1683      	BSF        STATUS, 5
0x0200	0x0828      	MOVF       move_car_DTMF_L0, 0
0x0201	0x3A02      	XORLW      2
0x0202	0x1903      	BTFSC      STATUS, 2
0x0203	0x299F      	GOTO       L_move_car3
0x0204	0x0828      	MOVF       move_car_DTMF_L0, 0
0x0205	0x3A08      	XORLW      8
0x0206	0x1903      	BTFSC      STATUS, 2
0x0207	0x29B2      	GOTO       L_move_car6
0x0208	0x0828      	MOVF       move_car_DTMF_L0, 0
0x0209	0x3A04      	XORLW      4
0x020A	0x1903      	BTFSC      STATUS, 2
0x020B	0x29C5      	GOTO       L_move_car9
0x020C	0x0828      	MOVF       move_car_DTMF_L0, 0
0x020D	0x3A06      	XORLW      6
0x020E	0x1903      	BTFSC      STATUS, 2
0x020F	0x29D3      	GOTO       L_move_car10
0x0210	0x0828      	MOVF       move_car_DTMF_L0, 0
0x0211	0x3A07      	XORLW      7
0x0212	0x1903      	BTFSC      STATUS, 2
0x0213	0x29E1      	GOTO       L_move_car11
0x0214	0x0828      	MOVF       move_car_DTMF_L0, 0
0x0215	0x3A09      	XORLW      9
0x0216	0x1903      	BTFSC      STATUS, 2
0x0217	0x29EF      	GOTO       L_move_car12
0x0218	0x29FD      	GOTO       L_move_car13
L_move_car2:
;DTMFcar.c,75 :: 		}
L_end_move_car:
0x0219	0x0008      	RETURN
; end of _move_car
___CC2DW:
;__Lib_System.c,134 :: 		
;__Lib_System.c,137 :: 		
_CC2D_Loop1:
;__Lib_System.c,139 :: 		
0x021A	0x211E      	CALL       _____DoICP
0x021B	0x118A      	BCF        PCLATH, 3
0x021C	0x120A      	BCF        PCLATH, 4
;__Lib_System.c,141 :: 		
0x021D	0x0080      	MOVWF      INDF
;__Lib_System.c,142 :: 		
0x021E	0x0A84      	INCF       FSR, 1
;__Lib_System.c,143 :: 		
0x021F	0x0AED      	INCF       ___DoICPAddr, 1
;__Lib_System.c,145 :: 		
0x0220	0x1903      	BTFSC      STATUS, 2
;__Lib_System.c,146 :: 		
0x0221	0x0AEE      	INCF       ___DoICPAddr+1, 1
;__Lib_System.c,147 :: 		
0x0222	0x03F0      	DECF       R0, 1
;__Lib_System.c,149 :: 		
0x0223	0x1D03      	BTFSS      STATUS, 2
;__Lib_System.c,150 :: 		
0x0224	0x2A1A      	GOTO       _CC2D_Loop1
;__Lib_System.c,152 :: 		
L_end___CC2DW:
0x0225	0x0008      	RETURN
; end of ___CC2DW
_main:
0x0226	0x2298      	CALL       664
;DTMFcar.c,77 :: 		void main() {
;DTMFcar.c,78 :: 		lcd_init();
0x0227	0x213E      	CALL       _Lcd_Init
;DTMFcar.c,79 :: 		lcd_cmd(_lcd_cursor_off);
0x0228	0x300C      	MOVLW      12
0x0229	0x1683      	BSF        STATUS, 5
0x022A	0x00B1      	MOVWF      FARG_Lcd_Cmd_out_char
0x022B	0x201D      	CALL       _Lcd_Cmd
;DTMFcar.c,80 :: 		lcd_cmd(_lcd_clear);
0x022C	0x3001      	MOVLW      1
0x022D	0x1683      	BSF        STATUS, 5
0x022E	0x00B1      	MOVWF      FARG_Lcd_Cmd_out_char
0x022F	0x201D      	CALL       _Lcd_Cmd
;DTMFcar.c,81 :: 		ADCON1 = 7;
0x0230	0x3007      	MOVLW      7
0x0231	0x1683      	BSF        STATUS, 5
0x0232	0x009F      	MOVWF      ADCON1
;DTMFcar.c,82 :: 		TRISA = 0b11111111;
0x0233	0x30FF      	MOVLW      255
0x0234	0x0085      	MOVWF      TRISA
;DTMFcar.c,83 :: 		TRISC = 0b01110000;
0x0235	0x3070      	MOVLW      112
0x0236	0x0087      	MOVWF      TRISC
;DTMFcar.c,84 :: 		TRISC7_bit = 1;
0x0237	0x1787      	BSF        TRISC7_bit, BitPos(TRISC7_bit+0)
;DTMFcar.c,85 :: 		PORTC = 0;
0x0238	0x1283      	BCF        STATUS, 5
0x0239	0x0187      	CLRF       PORTC
;DTMFcar.c,87 :: 		while(1){
L_main14:
;DTMFcar.c,88 :: 		move_car();
0x023A	0x218C      	CALL       _move_car
;DTMFcar.c,89 :: 		}
0x023B	0x2A3A      	GOTO       L_main14
;DTMFcar.c,90 :: 		}
L_end_main:
0x023C	0x2A3C      	GOTO       $+0
; end of _main
0x0298	0x3020      	MOVLW      32
0x0299	0x0084      	MOVWF      FSR
0x029A	0x304D      	MOVLW      77
0x029B	0x1283      	BCF        STATUS, 5
0x029C	0x1303      	BCF        STATUS, 6
0x029D	0x00F0      	MOVWF      R0
0x029E	0x3042      	MOVLW      66
0x029F	0x00ED      	MOVWF      ___DoICPAddr
0x02A0	0x3002      	MOVLW      2
0x02A1	0x00EE      	MOVWF      110
0x02A2	0x221A      	CALL       538
0x02A3	0x30A0      	MOVLW      160
0x02A4	0x0084      	MOVWF      FSR
0x02A5	0x3008      	MOVLW      8
0x02A6	0x1303      	BCF        STATUS, 6
0x02A7	0x00F0      	MOVWF      R0
0x02A8	0x308F      	MOVLW      143
0x02A9	0x00ED      	MOVWF      ___DoICPAddr
0x02AA	0x3002      	MOVLW      2
0x02AB	0x00EE      	MOVWF      110
0x02AC	0x221A      	CALL       538
0x02AD	0x0008      	RETURN
;DTMFcar.c,0 :: ?ICS_up
0x0242	0x3446 ;?ICS_up+0
0x0243	0x3472 ;?ICS_up+1
0x0244	0x346F ;?ICS_up+2
0x0245	0x346E ;?ICS_up+3
0x0246	0x3474 ;?ICS_up+4
0x0247	0x3420 ;?ICS_up+5
0x0248	0x3420 ;?ICS_up+6
0x0249	0x3400 ;?ICS_up+7
; end of ?ICS_up
;DTMFcar.c,0 :: ?ICS_dtmf_str
0x024A	0x3444 ;?ICS_dtmf_str+0
0x024B	0x3454 ;?ICS_dtmf_str+1
0x024C	0x344D ;?ICS_dtmf_str+2
0x024D	0x3446 ;?ICS_dtmf_str+3
0x024E	0x3420 ;?ICS_dtmf_str+4
0x024F	0x3453 ;?ICS_dtmf_str+5
0x0250	0x3469 ;?ICS_dtmf_str+6
0x0251	0x3467 ;?ICS_dtmf_str+7
0x0252	0x346E ;?ICS_dtmf_str+8
0x0253	0x3461 ;?ICS_dtmf_str+9
0x0254	0x346C ;?ICS_dtmf_str+10
0x0255	0x343A ;?ICS_dtmf_str+11
0x0256	0x3420 ;?ICS_dtmf_str+12
0x0257	0x3400 ;?ICS_dtmf_str+13
; end of ?ICS_dtmf_str
;DTMFcar.c,0 :: ?ICS_bright
0x0258	0x3442 ;?ICS_bright+0
0x0259	0x342E ;?ICS_bright+1
0x025A	0x3452 ;?ICS_bright+2
0x025B	0x3469 ;?ICS_bright+3
0x025C	0x3467 ;?ICS_bright+4
0x025D	0x3468 ;?ICS_bright+5
0x025E	0x3474 ;?ICS_bright+6
0x025F	0x3400 ;?ICS_bright+7
; end of ?ICS_bright
;DTMFcar.c,0 :: ?ICS_bleft
0x0260	0x3442 ;?ICS_bleft+0
0x0261	0x342E ;?ICS_bleft+1
0x0262	0x344C ;?ICS_bleft+2
0x0263	0x3465 ;?ICS_bleft+3
0x0264	0x3466 ;?ICS_bleft+4
0x0265	0x3474 ;?ICS_bleft+5
0x0266	0x3420 ;?ICS_bleft+6
0x0267	0x3400 ;?ICS_bleft+7
; end of ?ICS_bleft
;DTMFcar.c,0 :: ?ICS_fright
0x0268	0x3446 ;?ICS_fright+0
0x0269	0x342E ;?ICS_fright+1
0x026A	0x3452 ;?ICS_fright+2
0x026B	0x3469 ;?ICS_fright+3
0x026C	0x3467 ;?ICS_fright+4
0x026D	0x3468 ;?ICS_fright+5
0x026E	0x3474 ;?ICS_fright+6
0x026F	0x3400 ;?ICS_fright+7
; end of ?ICS_fright
;DTMFcar.c,0 :: ?ICS_move
0x0270	0x344D ;?ICS_move+0
0x0271	0x346F ;?ICS_move+1
0x0272	0x3476 ;?ICS_move+2
0x0273	0x3469 ;?ICS_move+3
0x0274	0x346E ;?ICS_move+4
0x0275	0x3467 ;?ICS_move+5
0x0276	0x3420 ;?ICS_move+6
0x0277	0x3400 ;?ICS_move+7
; end of ?ICS_move
;DTMFcar.c,0 :: ?ICS_not_move
0x0278	0x346E ;?ICS_not_move+0
0x0279	0x346F ;?ICS_not_move+1
0x027A	0x3474 ;?ICS_not_move+2
0x027B	0x3420 ;?ICS_not_move+3
0x027C	0x346D ;?ICS_not_move+4
0x027D	0x346F ;?ICS_not_move+5
0x027E	0x3476 ;?ICS_not_move+6
0x027F	0x3469 ;?ICS_not_move+7
0x0280	0x346E ;?ICS_not_move+8
0x0281	0x3467 ;?ICS_not_move+9
0x0282	0x3420 ;?ICS_not_move+10
0x0283	0x3420 ;?ICS_not_move+11
0x0284	0x3420 ;?ICS_not_move+12
0x0285	0x3420 ;?ICS_not_move+13
0x0286	0x3400 ;?ICS_not_move+14
; end of ?ICS_not_move
;DTMFcar.c,0 :: ?ICS_fleft
0x0287	0x3446 ;?ICS_fleft+0
0x0288	0x342E ;?ICS_fleft+1
0x0289	0x344C ;?ICS_fleft+2
0x028A	0x3465 ;?ICS_fleft+3
0x028B	0x3466 ;?ICS_fleft+4
0x028C	0x3474 ;?ICS_fleft+5
0x028D	0x3420 ;?ICS_fleft+6
0x028E	0x3400 ;?ICS_fleft+7
; end of ?ICS_fleft
;DTMFcar.c,0 :: ?ICS_down
0x028F	0x3442 ;?ICS_down+0
0x0290	0x3461 ;?ICS_down+1
0x0291	0x3463 ;?ICS_down+2
0x0292	0x346B ;?ICS_down+3
0x0293	0x3420 ;?ICS_down+4
0x0294	0x3420 ;?ICS_down+5
0x0295	0x3420 ;?ICS_down+6
0x0296	0x3400 ;?ICS_down+7
; end of ?ICS_down
Symbol List:
//** Routines locations **
//ADDRESS    SIZE    PROCEDURE
//----------------------------------------------
0x0003       [7]    _Delay_50us
0x000A       [6]    _Delay_1us
0x0010      [13]    _Delay_5500us
0x001D      [87]    _Lcd_Cmd
0x0074       [9]    _Lcd_Chr_CP
0x007D      [66]    _Lcd_Out
0x00BF      [41]    _DTMF_read
0x00E8      [54]    _Lcd_Chr
0x011E       [7]    _____DoICP
0x0125      [15]    _stop_car
0x0134      [10]    _moving_txt
0x013E      [78]    _Lcd_Init
0x018C     [142]    _move_car
0x021A      [12]    ___CC2DW
0x0226      [22]    _main
//** Variables locations ** 
//ADDRESS    SIZE    VARIABLE
//----------------------------------------------
0x0000       [1]    INDF
0x0002       [1]    PCL
0x0003       [1]    STATUS
0x0004       [1]    FSR
0x0005       [0]    dtmf_q2
0x0005       [0]    dtmf_q1
0x0005       [0]    RA2_bit
0x0005       [0]    dtmf_std
0x0005       [0]    dtmf_q3
0x0005       [0]    dtmf_q4
0x0005       [0]    RA3_bit
0x0005       [0]    RA5_bit
0x0005       [0]    RA1_bit
0x0005       [0]    RA0_bit
0x0006       [0]    RB5_bit
0x0006       [0]    LCD_D4
0x0006       [0]    RB4_bit
0x0006       [0]    RB7_bit
0x0006       [0]    RB2_bit
0x0006       [0]    LCD_D7
0x0006       [0]    RB6_bit
0x0006       [0]    LCD_RS
0x0006       [0]    LCD_EN
0x0006       [0]    LCD_D5
0x0006       [0]    RB3_bit
0x0006       [0]    LCD_D6
0x0007       [0]    motor1_b
0x0007       [0]    motor2_b
0x0007       [0]    IR_f
0x0007       [0]    motor2_a
0x0007       [1]    PORTC
0x0007       [0]    RC3_bit
0x0007       [0]    RC7_bit
0x0007       [0]    RC6_bit
0x0007       [0]    IR_b
0x0007       [0]    motor1_a
0x0007       [0]    RC0_bit
0x0007       [0]    RC2_bit
0x0007       [0]    RC1_bit
0x000A       [1]    PCLATH
0x0020       [8]    _up
0x0028      [14]    _dtmf_str
0x0036       [8]    _bright
0x003E       [8]    _bleft
0x0046       [8]    _fright
0x004E       [8]    _move
0x0056      [15]    _not_move
0x0065       [8]    _fleft
0x006D       [2]    ___DoICPAddr
0x006F       [0]    __Lib_Lcd_cmd_status
0x0070       [1]    R0
0x0071       [1]    R1
0x0072       [1]    R2
0x0073       [1]    R3
0x0074       [1]    R4
0x0075       [1]    R5
0x0076       [1]    R6
0x0077       [1]    R7
0x0078       [1]    R8
0x0079       [1]    R9
0x007A       [1]    R10
0x007B       [1]    R11
0x007C       [1]    R12
0x007D       [1]    R13
0x007E       [1]    R14
0x007F       [1]    R15
0x0085       [1]    TRISA
0x0086       [0]    LCD_RS_Direction
0x0086       [0]    TRISB4_bit
0x0086       [0]    LCD_D6_Direction
0x0086       [0]    LCD_D7_Direction
0x0086       [0]    TRISB3_bit
0x0086       [0]    LCD_EN_Direction
0x0086       [0]    TRISB5_bit
0x0086       [0]    LCD_D4_Direction
0x0086       [0]    TRISB7_bit
0x0086       [0]    TRISB6_bit
0x0086       [0]    LCD_D5_Direction
0x0086       [0]    TRISB2_bit
0x0087       [0]    TRISC7_bit
0x0087       [1]    TRISC
0x009F       [1]    ADCON1
0x00A0       [8]    _down
0x00A8       [1]    move_car_DTMF_L0
0x00A9       [1]    FARG_Lcd_Chr_row
0x00A9       [1]    DTMF_read_out_L0
0x00AA       [1]    FARG_Lcd_Chr_column
0x00AB       [1]    FARG_Lcd_Chr_out_char
0x00AC       [1]    FARG_Lcd_Out_row
0x00AD       [1]    FARG_Lcd_Out_column
0x00AE       [1]    FARG_Lcd_Out_text
0x00AF       [1]    Lcd_Out_i_L0
0x00B0       [1]    FARG_Lcd_Chr_CP_out_char
0x00B1       [1]    FARG_Lcd_Cmd_out_char
//** Constants locations ** 
//ADDRESS    SIZE    CONSTANT
//----------------------------------------------
0x0242       [8]    ?ICS_up
0x024A      [14]    ?ICS_dtmf_str
0x0258       [8]    ?ICS_bright
0x0260       [8]    ?ICS_bleft
0x0268       [8]    ?ICS_fright
0x0270       [8]    ?ICS_move
0x0278      [15]    ?ICS_not_move
0x0287       [8]    ?ICS_fleft
0x028F       [8]    ?ICS_down
