;  LST file generated by mikroListExporter - v.2.0 
; Date/Time: 26-Mar-17 6:59:08 PM
;----------------------------------------------

;Address Opcode 	ASM
0x0000	0x2996      	GOTO       406
_UART1_Data_Ready:
;__Lib_UART_c67.c,16 :: 		
;__Lib_UART_c67.c,17 :: 		
0x0003	0x3000      	MOVLW      0
0x0004	0x1283      	BCF        STATUS, 5
0x0005	0x1303      	BCF        STATUS, 6
0x0006	0x1A8C      	BTFSC      PIR1, 5
0x0007	0x3001      	MOVLW      1
0x0008	0x00F0      	MOVWF      R0
;__Lib_UART_c67.c,18 :: 		
L_end_UART1_Data_Ready:
0x0009	0x0008      	RETURN
; end of _UART1_Data_Ready
_UART1_Read:
;__Lib_UART_c67.c,21 :: 		
;__Lib_UART_c67.c,24 :: 		
0x000A	0x1283      	BCF        STATUS, 5
0x000B	0x1303      	BCF        STATUS, 6
0x000C	0x081A      	MOVF       RCREG, 0
0x000D	0x00F1      	MOVWF      R1
;__Lib_UART_c67.c,25 :: 		
0x000E	0x1C98      	BTFSS      RCSTA, 1
0x000F	0x2812      	GOTO       L_UART1_Read2
;__Lib_UART_c67.c,26 :: 		
0x0010	0x1218      	BCF        RCSTA, 4
;__Lib_UART_c67.c,27 :: 		
0x0011	0x1618      	BSF        RCSTA, 4
;__Lib_UART_c67.c,28 :: 		
L_UART1_Read2:
;__Lib_UART_c67.c,29 :: 		
0x0012	0x0871      	MOVF       R1, 0
0x0013	0x00F0      	MOVWF      R0
;__Lib_UART_c67.c,30 :: 		
L_end_UART1_Read:
0x0014	0x0008      	RETURN
; end of _UART1_Read
_UART1_Write:
;__Lib_UART_c67.c,39 :: 		
;__Lib_UART_c67.c,40 :: 		
L_UART1_Write3:
0x0015	0x1683      	BSF        STATUS, 5
0x0016	0x1303      	BCF        STATUS, 6
0x0017	0x1898      	BTFSC      TXSTA, 1
0x0018	0x281B      	GOTO       L_UART1_Write4
;__Lib_UART_c67.c,41 :: 		
0x0019	0x0000      	NOP
0x001A	0x2815      	GOTO       L_UART1_Write3
L_UART1_Write4:
;__Lib_UART_c67.c,42 :: 		
0x001B	0x1283      	BCF        STATUS, 5
0x001C	0x1703      	BSF        STATUS, 6
0x001D	0x0813      	MOVF       FARG_UART1_Write_data_, 0
0x001E	0x1303      	BCF        STATUS, 6
0x001F	0x0099      	MOVWF      TXREG
;__Lib_UART_c67.c,43 :: 		
L_end_UART1_Write:
0x0020	0x0008      	RETURN
; end of _UART1_Write
_UART1_Write_Text:
;__Lib_UART_c67.c,47 :: 		
;__Lib_UART_c67.c,48 :: 		
0x0021	0x1283      	BCF        STATUS, 5
0x0022	0x1303      	BCF        STATUS, 6
0x0023	0x01EF      	CLRF       UART1_Write_Text_counter_L0
;__Lib_UART_c67.c,50 :: 		
0x0024	0x086D      	MOVF       FARG_UART1_Write_Text_uart_text, 0
0x0025	0x0084      	MOVWF      FSR
0x0026	0x0800      	MOVF       INDF, 0
0x0027	0x00EE      	MOVWF      UART1_Write_Text_data__L0
;__Lib_UART_c67.c,51 :: 		
L_UART1_Write_Text5:
0x0028	0x086E      	MOVF       UART1_Write_Text_data__L0, 0
0x0029	0x3A00      	XORLW      0
0x002A	0x1903      	BTFSC      STATUS, 2
0x002B	0x2837      	GOTO       L_UART1_Write_Text6
;__Lib_UART_c67.c,52 :: 		
0x002C	0x086E      	MOVF       UART1_Write_Text_data__L0, 0
0x002D	0x1703      	BSF        STATUS, 6
0x002E	0x0093      	MOVWF      FARG_UART1_Write_data_
0x002F	0x2015      	CALL       _UART1_Write
;__Lib_UART_c67.c,53 :: 		
0x0030	0x0AEF      	INCF       UART1_Write_Text_counter_L0, 1
;__Lib_UART_c67.c,54 :: 		
0x0031	0x086F      	MOVF       UART1_Write_Text_counter_L0, 0
0x0032	0x076D      	ADDWF      FARG_UART1_Write_Text_uart_text, 0
0x0033	0x0084      	MOVWF      FSR
0x0034	0x0800      	MOVF       INDF, 0
0x0035	0x00EE      	MOVWF      UART1_Write_Text_data__L0
;__Lib_UART_c67.c,55 :: 		
0x0036	0x2828      	GOTO       L_UART1_Write_Text5
L_UART1_Write_Text6:
;__Lib_UART_c67.c,56 :: 		
L_end_UART1_Write_Text:
0x0037	0x0008      	RETURN
; end of _UART1_Write_Text
_EEPROM_Write:
;__Lib_EEPROM.c,16 :: 		
;__Lib_EEPROM.c,20 :: 		
L_EEPROM_Write0:
0x0038	0x1683      	BSF        STATUS, 5
0x0039	0x1703      	BSF        STATUS, 6
0x003A	0x1C8C      	BTFSS      EECON1, 1
0x003B	0x283E      	GOTO       L_EEPROM_Write1
0x003C	0x0000      	NOP
0x003D	0x2838      	GOTO       L_EEPROM_Write0
L_EEPROM_Write1:
;__Lib_EEPROM.c,21 :: 		
0x003E	0x1283      	BCF        STATUS, 5
0x003F	0x1303      	BCF        STATUS, 6
0x0040	0x086D      	MOVF       FARG_EEPROM_Write_Address, 0
0x0041	0x1703      	BSF        STATUS, 6
0x0042	0x008D      	MOVWF      EEADR
;__Lib_EEPROM.c,22 :: 		
0x0043	0x1303      	BCF        STATUS, 6
0x0044	0x086E      	MOVF       FARG_EEPROM_Write_data_, 0
0x0045	0x1703      	BSF        STATUS, 6
0x0046	0x008C      	MOVWF      EEDATA
;__Lib_EEPROM.c,23 :: 		
0x0047	0x1683      	BSF        STATUS, 5
0x0048	0x138C      	BCF        EECON1, 7
;__Lib_EEPROM.c,24 :: 		
0x0049	0x150C      	BSF        EECON1, 2
;__Lib_EEPROM.c,26 :: 		
0x004A	0x080B      	MOVF       INTCON, 0
0x004B	0x00F0      	MOVWF      R0
;__Lib_EEPROM.c,29 :: 		
0x004C	0x138B      	BCF        INTCON, 7
;__Lib_EEPROM.c,30 :: 		
0x004D	0x3055      	MOVLW      85
0x004E	0x008D      	MOVWF      EECON2
;__Lib_EEPROM.c,31 :: 		
0x004F	0x30AA      	MOVLW      170
0x0050	0x008D      	MOVWF      EECON2
;__Lib_EEPROM.c,32 :: 		
0x0051	0x148C      	BSF        EECON1, 1
;__Lib_EEPROM.c,36 :: 		
0x0052	0x1BF0      	BTFSC      R0, 7
0x0053	0x2856      	GOTO       L__EEPROM_Write4
0x0054	0x138B      	BCF        INTCON, 7
0x0055	0x2857      	GOTO       L__EEPROM_Write5
L__EEPROM_Write4:
0x0056	0x178B      	BSF        INTCON, 7
L__EEPROM_Write5:
;__Lib_EEPROM.c,37 :: 		
0x0057	0x110C      	BCF        EECON1, 2
;__Lib_EEPROM.c,38 :: 		
L_end_EEPROM_Write:
0x0058	0x0008      	RETURN
; end of _EEPROM_Write
_____DoICP:
;__Lib_System.c,6 :: 		
;__Lib_System.c,9 :: 		
0x0059	0x1283      	BCF        STATUS, 5
0x005A	0x1303      	BCF        STATUS, 6
0x005B	0x0832      	MOVF       ___DoICPAddr+1, 0
0x005C	0x008A      	MOVWF      PCLATH
;__Lib_System.c,10 :: 		
0x005D	0x0831      	MOVF       ___DoICPAddr, 0
0x005E	0x0082      	MOVWF      PCL
;__Lib_System.c,12 :: 		
L_end_____DoICP:
0x005F	0x0008      	RETURN
; end of _____DoICP
_strlen:
;__Lib_CString.c,136 :: 		
;__Lib_CString.c,139 :: 		
0x0060	0x1283      	BCF        STATUS, 5
0x0061	0x1303      	BCF        STATUS, 6
0x0062	0x086D      	MOVF       FARG_strlen_s, 0
0x0063	0x00F2      	MOVWF      R2
;__Lib_CString.c,140 :: 		
L_strlen36:
0x0064	0x0872      	MOVF       R2, 0
0x0065	0x00F0      	MOVWF      R0
0x0066	0x0AF2      	INCF       R2, 1
0x0067	0x0870      	MOVF       R0, 0
0x0068	0x0084      	MOVWF      FSR
0x0069	0x0800      	MOVF       INDF, 0
0x006A	0x1903      	BTFSC      STATUS, 2
0x006B	0x286D      	GOTO       L_strlen37
;__Lib_CString.c,141 :: 		
0x006C	0x2864      	GOTO       L_strlen36
L_strlen37:
;__Lib_CString.c,142 :: 		
0x006D	0x086D      	MOVF       FARG_strlen_s, 0
0x006E	0x0272      	SUBWF      R2, 0
0x006F	0x00F0      	MOVWF      R0
0x0070	0x3001      	MOVLW      1
0x0071	0x02F0      	SUBWF      R0, 1
0x0072	0x01F1      	CLRF       R0+1
0x0073	0x1C03      	BTFSS      STATUS, 0
0x0074	0x03F1      	DECF       R0+1, 1
;__Lib_CString.c,143 :: 		
L_end_strlen:
0x0075	0x0008      	RETURN
; end of _strlen
_UART1_Read_Text:
;__Lib_UART_c67.c,59 :: 		
;__Lib_UART_c67.c,60 :: 		
0x0076	0x1283      	BCF        STATUS, 5
0x0077	0x1703      	BSF        STATUS, 6
0x0078	0x0191      	CLRF       UART1_Read_Text_out_idx_L0
0x0079	0x0192      	CLRF       UART1_Read_Text_delim_idx_L0
;__Lib_UART_c67.c,62 :: 		
L_UART1_Read_Text7:
0x007A	0x1303      	BCF        STATUS, 6
0x007B	0x086F      	MOVF       FARG_UART1_Read_Text_Attempts, 0
0x007C	0x1903      	BTFSC      STATUS, 2
0x007D	0x28C0      	GOTO       L_UART1_Read_Text8
;__Lib_UART_c67.c,64 :: 		
0x007E	0x086F      	MOVF       FARG_UART1_Read_Text_Attempts, 0
0x007F	0x3AFF      	XORLW      255
0x0080	0x1903      	BTFSC      STATUS, 2
0x0081	0x2883      	GOTO       L_UART1_Read_Text9
;__Lib_UART_c67.c,65 :: 		
0x0082	0x03EF      	DECF       FARG_UART1_Read_Text_Attempts, 1
L_UART1_Read_Text9:
;__Lib_UART_c67.c,67 :: 		
L_UART1_Read_Text10:
0x0083	0x2003      	CALL       _UART1_Data_Ready
0x0084	0x0870      	MOVF       R0, 0
0x0085	0x3A00      	XORLW      0
0x0086	0x1D03      	BTFSS      STATUS, 2
0x0087	0x2889      	GOTO       L_UART1_Read_Text11
;__Lib_UART_c67.c,68 :: 		
0x0088	0x2883      	GOTO       L_UART1_Read_Text10
L_UART1_Read_Text11:
;__Lib_UART_c67.c,70 :: 		
0x0089	0x200A      	CALL       _UART1_Read
0x008A	0x0870      	MOVF       R0, 0
0x008B	0x1703      	BSF        STATUS, 6
0x008C	0x0090      	MOVWF      UART1_Read_Text_r_data_L0
;__Lib_UART_c67.c,71 :: 		
0x008D	0x0811      	MOVF       UART1_Read_Text_out_idx_L0, 0
0x008E	0x1303      	BCF        STATUS, 6
0x008F	0x076D      	ADDWF      FARG_UART1_Read_Text_Output, 0
0x0090	0x0084      	MOVWF      FSR
0x0091	0x0870      	MOVF       R0, 0
0x0092	0x0080      	MOVWF      INDF
0x0093	0x1703      	BSF        STATUS, 6
0x0094	0x0A91      	INCF       UART1_Read_Text_out_idx_L0, 1
;__Lib_UART_c67.c,72 :: 		
0x0095	0x0812      	MOVF       UART1_Read_Text_delim_idx_L0, 0
0x0096	0x1303      	BCF        STATUS, 6
0x0097	0x076E      	ADDWF      FARG_UART1_Read_Text_Delimiter, 0
0x0098	0x0084      	MOVWF      FSR
0x0099	0x0800      	MOVF       INDF, 0
0x009A	0x1703      	BSF        STATUS, 6
0x009B	0x0610      	XORWF      UART1_Read_Text_r_data_L0, 0
0x009C	0x1D03      	BTFSS      STATUS, 2
0x009D	0x28A0      	GOTO       L_UART1_Read_Text12
;__Lib_UART_c67.c,73 :: 		
0x009E	0x0A92      	INCF       UART1_Read_Text_delim_idx_L0, 1
;__Lib_UART_c67.c,74 :: 		
0x009F	0x28AA      	GOTO       L_UART1_Read_Text13
L_UART1_Read_Text12:
;__Lib_UART_c67.c,76 :: 		
0x00A0	0x0192      	CLRF       UART1_Read_Text_delim_idx_L0
;__Lib_UART_c67.c,77 :: 		
0x00A1	0x1303      	BCF        STATUS, 6
0x00A2	0x086E      	MOVF       FARG_UART1_Read_Text_Delimiter, 0
0x00A3	0x0084      	MOVWF      FSR
0x00A4	0x0800      	MOVF       INDF, 0
0x00A5	0x1703      	BSF        STATUS, 6
0x00A6	0x0610      	XORWF      UART1_Read_Text_r_data_L0, 0
0x00A7	0x1D03      	BTFSS      STATUS, 2
0x00A8	0x28AA      	GOTO       L_UART1_Read_Text14
;__Lib_UART_c67.c,78 :: 		
0x00A9	0x0A92      	INCF       UART1_Read_Text_delim_idx_L0, 1
;__Lib_UART_c67.c,79 :: 		
L_UART1_Read_Text14:
;__Lib_UART_c67.c,80 :: 		
L_UART1_Read_Text13:
;__Lib_UART_c67.c,82 :: 		
0x00AA	0x0812      	MOVF       UART1_Read_Text_delim_idx_L0, 0
0x00AB	0x1303      	BCF        STATUS, 6
0x00AC	0x076E      	ADDWF      FARG_UART1_Read_Text_Delimiter, 0
0x00AD	0x0084      	MOVWF      FSR
0x00AE	0x0800      	MOVF       INDF, 0
0x00AF	0x3A00      	XORLW      0
0x00B0	0x1D03      	BTFSS      STATUS, 2
0x00B1	0x28BF      	GOTO       L_UART1_Read_Text15
;__Lib_UART_c67.c,83 :: 		
0x00B2	0x1703      	BSF        STATUS, 6
0x00B3	0x0812      	MOVF       UART1_Read_Text_delim_idx_L0, 0
0x00B4	0x0211      	SUBWF      UART1_Read_Text_out_idx_L0, 0
0x00B5	0x00F0      	MOVWF      R0
0x00B6	0x01F1      	CLRF       R0+1
0x00B7	0x1C03      	BTFSS      STATUS, 0
0x00B8	0x03F1      	DECF       R0+1, 1
0x00B9	0x0870      	MOVF       R0, 0
0x00BA	0x1303      	BCF        STATUS, 6
0x00BB	0x076D      	ADDWF      FARG_UART1_Read_Text_Output, 0
0x00BC	0x0084      	MOVWF      FSR
0x00BD	0x0180      	CLRF       INDF
;__Lib_UART_c67.c,84 :: 		
0x00BE	0x28C3      	GOTO       L_end_UART1_Read_Text
;__Lib_UART_c67.c,85 :: 		
L_UART1_Read_Text15:
;__Lib_UART_c67.c,87 :: 		
0x00BF	0x287A      	GOTO       L_UART1_Read_Text7
L_UART1_Read_Text8:
;__Lib_UART_c67.c,88 :: 		
0x00C0	0x086D      	MOVF       FARG_UART1_Read_Text_Output, 0
0x00C1	0x0084      	MOVWF      FSR
0x00C2	0x0180      	CLRF       INDF
;__Lib_UART_c67.c,89 :: 		
L_end_UART1_Read_Text:
0x00C3	0x0008      	RETURN
; end of _UART1_Read_Text
_EEPROM_Read:
;__Lib_EEPROM.c,4 :: 		
;__Lib_EEPROM.c,5 :: 		
0x00C4	0x1283      	BCF        STATUS, 5
0x00C5	0x1303      	BCF        STATUS, 6
0x00C6	0x086D      	MOVF       FARG_EEPROM_Read_Address, 0
0x00C7	0x1703      	BSF        STATUS, 6
0x00C8	0x008D      	MOVWF      EEADR
;__Lib_EEPROM.c,6 :: 		
0x00C9	0x1683      	BSF        STATUS, 5
0x00CA	0x138C      	BCF        EECON1, 7
;__Lib_EEPROM.c,12 :: 		
0x00CB	0x140C      	BSF        EECON1, 0
;__Lib_EEPROM.c,13 :: 		
0x00CC	0x1283      	BCF        STATUS, 5
0x00CD	0x080C      	MOVF       EEDATA, 0
0x00CE	0x00F0      	MOVWF      R0
;__Lib_EEPROM.c,14 :: 		
L_end_EEPROM_Read:
0x00CF	0x0008      	RETURN
; end of _EEPROM_Read
_masking:
;8x48 PC.c,15 :: 		void masking(unsigned short row_temp){
;8x48 PC.c,16 :: 		portb.f0 = row_temp.f5; portb.f1 = row_temp.f2;
0x00D0	0x1283      	BCF        STATUS, 5
0x00D1	0x1303      	BCF        STATUS, 6
0x00D2	0x1AEC      	BTFSC      FARG_masking_row_temp, 5
0x00D3	0x28D6      	GOTO       L__masking37
0x00D4	0x1006      	BCF        PORTB, 0
0x00D5	0x28D7      	GOTO       L__masking38
L__masking37:
0x00D6	0x1406      	BSF        PORTB, 0
L__masking38:
0x00D7	0x196C      	BTFSC      FARG_masking_row_temp, 2
0x00D8	0x28DB      	GOTO       L__masking39
0x00D9	0x1086      	BCF        PORTB, 1
0x00DA	0x28DC      	GOTO       L__masking40
L__masking39:
0x00DB	0x1486      	BSF        PORTB, 1
L__masking40:
;8x48 PC.c,17 :: 		portb.f2 = row_temp.f0; portb.f3 = row_temp.f1;
0x00DC	0x186C      	BTFSC      FARG_masking_row_temp, 0
0x00DD	0x28E0      	GOTO       L__masking41
0x00DE	0x1106      	BCF        PORTB, 2
0x00DF	0x28E1      	GOTO       L__masking42
L__masking41:
0x00E0	0x1506      	BSF        PORTB, 2
L__masking42:
0x00E1	0x18EC      	BTFSC      FARG_masking_row_temp, 1
0x00E2	0x28E5      	GOTO       L__masking43
0x00E3	0x1186      	BCF        PORTB, 3
0x00E4	0x28E6      	GOTO       L__masking44
L__masking43:
0x00E5	0x1586      	BSF        PORTB, 3
L__masking44:
;8x48 PC.c,18 :: 		portb.f4 = row_temp.f3; portb.f5 = row_temp.f6;
0x00E6	0x19EC      	BTFSC      FARG_masking_row_temp, 3
0x00E7	0x28EA      	GOTO       L__masking45
0x00E8	0x1206      	BCF        PORTB, 4
0x00E9	0x28EB      	GOTO       L__masking46
L__masking45:
0x00EA	0x1606      	BSF        PORTB, 4
L__masking46:
0x00EB	0x1B6C      	BTFSC      FARG_masking_row_temp, 6
0x00EC	0x28EF      	GOTO       L__masking47
0x00ED	0x1286      	BCF        PORTB, 5
0x00EE	0x28F0      	GOTO       L__masking48
L__masking47:
0x00EF	0x1686      	BSF        PORTB, 5
L__masking48:
;8x48 PC.c,19 :: 		portb.f6 = row_temp.f4; portb.f7 = row_temp.f7;
0x00F0	0x1A6C      	BTFSC      FARG_masking_row_temp, 4
0x00F1	0x28F4      	GOTO       L__masking49
0x00F2	0x1306      	BCF        PORTB, 6
0x00F3	0x28F5      	GOTO       L__masking50
L__masking49:
0x00F4	0x1706      	BSF        PORTB, 6
L__masking50:
0x00F5	0x1BEC      	BTFSC      FARG_masking_row_temp, 7
0x00F6	0x28F9      	GOTO       L__masking51
0x00F7	0x1386      	BCF        PORTB, 7
0x00F8	0x28FA      	GOTO       L__masking52
L__masking51:
0x00F9	0x1786      	BSF        PORTB, 7
L__masking52:
;8x48 PC.c,20 :: 		}
L_end_masking:
0x00FA	0x0008      	RETURN
; end of _masking
_pc_mode:
;8x48 PC.c,31 :: 		void pc_mode(){
;8x48 PC.c,32 :: 		for(count = 0; count < 80; count++) EEPROM_write(count, 0xFF);
0x00FB	0x1283      	BCF        STATUS, 5
0x00FC	0x1303      	BCF        STATUS, 6
0x00FD	0x01AF      	CLRF       _count
0x00FE	0x01B0      	CLRF       _count+1
L_pc_mode5:
0x00FF	0x3080      	MOVLW      128
0x0100	0x0630      	XORWF      _count+1, 0
0x0101	0x00F0      	MOVWF      R0
0x0102	0x3080      	MOVLW      128
0x0103	0x0270      	SUBWF      R0, 0
0x0104	0x1D03      	BTFSS      STATUS, 2
0x0105	0x2908      	GOTO       L__pc_mode56
0x0106	0x3050      	MOVLW      80
0x0107	0x022F      	SUBWF      _count, 0
L__pc_mode56:
0x0108	0x1803      	BTFSC      STATUS, 0
0x0109	0x2915      	GOTO       L_pc_mode6
0x010A	0x082F      	MOVF       _count, 0
0x010B	0x00ED      	MOVWF      FARG_EEPROM_Write_Address
0x010C	0x30FF      	MOVLW      255
0x010D	0x00EE      	MOVWF      FARG_EEPROM_Write_data_
0x010E	0x2038      	CALL       _EEPROM_Write
0x010F	0x1283      	BCF        STATUS, 5
0x0110	0x1303      	BCF        STATUS, 6
0x0111	0x0AAF      	INCF       _count, 1
0x0112	0x1903      	BTFSC      STATUS, 2
0x0113	0x0AB0      	INCF       _count+1, 1
0x0114	0x28FF      	GOTO       L_pc_mode5
L_pc_mode6:
;8x48 PC.c,33 :: 		for(count = 0; count < 80; count++) text[count] = 0xFF;
0x0115	0x01AF      	CLRF       _count
0x0116	0x01B0      	CLRF       _count+1
L_pc_mode8:
0x0117	0x3080      	MOVLW      128
0x0118	0x0630      	XORWF      _count+1, 0
0x0119	0x00F0      	MOVWF      R0
0x011A	0x3080      	MOVLW      128
0x011B	0x0270      	SUBWF      R0, 0
0x011C	0x1D03      	BTFSS      STATUS, 2
0x011D	0x2920      	GOTO       L__pc_mode57
0x011E	0x3050      	MOVLW      80
0x011F	0x022F      	SUBWF      _count, 0
L__pc_mode57:
0x0120	0x1803      	BTFSC      STATUS, 0
0x0121	0x292B      	GOTO       L_pc_mode9
0x0122	0x082F      	MOVF       _count, 0
0x0123	0x3EA0      	ADDLW      _text
0x0124	0x0084      	MOVWF      FSR
0x0125	0x30FF      	MOVLW      255
0x0126	0x0080      	MOVWF      INDF
0x0127	0x0AAF      	INCF       _count, 1
0x0128	0x1903      	BTFSC      STATUS, 2
0x0129	0x0AB0      	INCF       _count+1, 1
0x012A	0x2917      	GOTO       L_pc_mode8
L_pc_mode9:
;8x48 PC.c,34 :: 		uart1_read_text(text, "#", 255);
0x012B	0x30A0      	MOVLW      _text
0x012C	0x00ED      	MOVWF      FARG_UART1_Read_Text_Output
0x012D	0x3020      	MOVLW      ?lstr1_8x48_32PC
0x012E	0x00EE      	MOVWF      FARG_UART1_Read_Text_Delimiter
0x012F	0x30FF      	MOVLW      255
0x0130	0x00EF      	MOVWF      FARG_UART1_Read_Text_Attempts
0x0131	0x2076      	CALL       _UART1_Read_Text
;8x48 PC.c,35 :: 		index = strlen(text) - 1;
0x0132	0x30A0      	MOVLW      _text
0x0133	0x00ED      	MOVWF      FARG_strlen_s
0x0134	0x2060      	CALL       _strlen
0x0135	0x0370      	DECF       R0, 0
0x0136	0x00AE      	MOVWF      _index
;8x48 PC.c,36 :: 		for(count = 0; count < index; count++){
0x0137	0x01AF      	CLRF       _count
0x0138	0x01B0      	CLRF       _count+1
L_pc_mode11:
0x0139	0x3080      	MOVLW      128
0x013A	0x0630      	XORWF      _count+1, 0
0x013B	0x00F0      	MOVWF      R0
0x013C	0x3080      	MOVLW      128
0x013D	0x0270      	SUBWF      R0, 0
0x013E	0x1D03      	BTFSS      STATUS, 2
0x013F	0x2942      	GOTO       L__pc_mode58
0x0140	0x082E      	MOVF       _index, 0
0x0141	0x022F      	SUBWF      _count, 0
L__pc_mode58:
0x0142	0x1803      	BTFSC      STATUS, 0
0x0143	0x2952      	GOTO       L_pc_mode12
;8x48 PC.c,37 :: 		EEPROM_write(count, text[count]);
0x0144	0x082F      	MOVF       _count, 0
0x0145	0x00ED      	MOVWF      FARG_EEPROM_Write_Address
0x0146	0x082F      	MOVF       _count, 0
0x0147	0x3EA0      	ADDLW      _text
0x0148	0x0084      	MOVWF      FSR
0x0149	0x0800      	MOVF       INDF, 0
0x014A	0x00EE      	MOVWF      FARG_EEPROM_Write_data_
0x014B	0x2038      	CALL       _EEPROM_Write
;8x48 PC.c,36 :: 		for(count = 0; count < index; count++){
0x014C	0x1283      	BCF        STATUS, 5
0x014D	0x1303      	BCF        STATUS, 6
0x014E	0x0AAF      	INCF       _count, 1
0x014F	0x1903      	BTFSC      STATUS, 2
0x0150	0x0AB0      	INCF       _count+1, 1
;8x48 PC.c,38 :: 		}
0x0151	0x2939      	GOTO       L_pc_mode11
L_pc_mode12:
;8x48 PC.c,39 :: 		uart1_write_text("msg saved.\n");
0x0152	0x3022      	MOVLW      ?lstr2_8x48_32PC
0x0153	0x00ED      	MOVWF      FARG_UART1_Write_Text_uart_text
0x0154	0x2021      	CALL       _UART1_Write_Text
;8x48 PC.c,40 :: 		}
L_end_pc_mode:
0x0155	0x0008      	RETURN
; end of _pc_mode
_UART1_Init:
;__Lib_UART_c67.c,2 :: 		
;__Lib_UART_c67.c,5 :: 		
0x0156	0x1683      	BSF        STATUS, 5
0x0157	0x1303      	BCF        STATUS, 6
0x0158	0x1698      	BSF        TXSTA, 5
;__Lib_UART_c67.c,6 :: 		
0x0159	0x3090      	MOVLW      144
0x015A	0x1283      	BCF        STATUS, 5
0x015B	0x0098      	MOVWF      RCSTA
;__Lib_UART_c67.c,7 :: 		
0x015C	0x1683      	BSF        STATUS, 5
0x015D	0x1787      	BSF        TRISC7_bit, BitPos(TRISC7_bit+0)
;__Lib_UART_c67.c,8 :: 		
0x015E	0x1307      	BCF        TRISC6_bit, BitPos(TRISC6_bit+0)
;__Lib_UART_c67.c,10 :: 		
L_UART1_Init0:
0x015F	0x1283      	BCF        STATUS, 5
0x0160	0x1E8C      	BTFSS      PIR1, 5
0x0161	0x2965      	GOTO       L_UART1_Init1
;__Lib_UART_c67.c,11 :: 		
0x0162	0x081A      	MOVF       RCREG, 0
0x0163	0x00F0      	MOVWF      R0
0x0164	0x295F      	GOTO       L_UART1_Init0
L_UART1_Init1:
;__Lib_UART_c67.c,12 :: 		
L_end_UART1_Init:
0x0165	0x0008      	RETURN
; end of _UART1_Init
_load_text:
;8x48 PC.c,22 :: 		void load_text(){
;8x48 PC.c,24 :: 		for(count = 0; count < 80; count++){
0x0166	0x1283      	BCF        STATUS, 5
0x0167	0x1303      	BCF        STATUS, 6
0x0168	0x01AF      	CLRF       _count
0x0169	0x01B0      	CLRF       _count+1
L_load_text0:
0x016A	0x3080      	MOVLW      128
0x016B	0x0630      	XORWF      _count+1, 0
0x016C	0x00F0      	MOVWF      R0
0x016D	0x3080      	MOVLW      128
0x016E	0x0270      	SUBWF      R0, 0
0x016F	0x1D03      	BTFSS      STATUS, 2
0x0170	0x2973      	GOTO       L__load_text54
0x0171	0x3050      	MOVLW      80
0x0172	0x022F      	SUBWF      _count, 0
L__load_text54:
0x0173	0x1803      	BTFSC      STATUS, 0
0x0174	0x2989      	GOTO       L_load_text1
;8x48 PC.c,25 :: 		read = EEPROM_read(count);
0x0175	0x082F      	MOVF       _count, 0
0x0176	0x00ED      	MOVWF      FARG_EEPROM_Read_Address
0x0177	0x20C4      	CALL       _EEPROM_Read
0x0178	0x0870      	MOVF       R0, 0
0x0179	0x1303      	BCF        STATUS, 6
0x017A	0x00EC      	MOVWF      load_text_read_L0
;8x48 PC.c,26 :: 		if(read == 0xFF) break;
0x017B	0x0870      	MOVF       R0, 0
0x017C	0x3AFF      	XORLW      255
0x017D	0x1D03      	BTFSS      STATUS, 2
0x017E	0x2980      	GOTO       L_load_text3
0x017F	0x2989      	GOTO       L_load_text1
L_load_text3:
;8x48 PC.c,27 :: 		else text[count] = read;
0x0180	0x082F      	MOVF       _count, 0
0x0181	0x3EA0      	ADDLW      _text
0x0182	0x0084      	MOVWF      FSR
0x0183	0x086C      	MOVF       load_text_read_L0, 0
0x0184	0x0080      	MOVWF      INDF
;8x48 PC.c,24 :: 		for(count = 0; count < 80; count++){
0x0185	0x0AAF      	INCF       _count, 1
0x0186	0x1903      	BTFSC      STATUS, 2
0x0187	0x0AB0      	INCF       _count+1, 1
;8x48 PC.c,28 :: 		}
0x0188	0x296A      	GOTO       L_load_text0
L_load_text1:
;8x48 PC.c,29 :: 		}
L_end_load_text:
0x0189	0x0008      	RETURN
; end of _load_text
___CC2DW:
;__Lib_System.c,134 :: 		
;__Lib_System.c,137 :: 		
_CC2D_Loop1:
;__Lib_System.c,139 :: 		
0x018A	0x2059      	CALL       _____DoICP
0x018B	0x118A      	BCF        PCLATH, 3
0x018C	0x120A      	BCF        PCLATH, 4
;__Lib_System.c,141 :: 		
0x018D	0x0080      	MOVWF      INDF
;__Lib_System.c,142 :: 		
0x018E	0x0A84      	INCF       FSR, 1
;__Lib_System.c,143 :: 		
0x018F	0x0AB1      	INCF       ___DoICPAddr, 1
;__Lib_System.c,145 :: 		
0x0190	0x1903      	BTFSC      STATUS, 2
;__Lib_System.c,146 :: 		
0x0191	0x0AB2      	INCF       ___DoICPAddr+1, 1
;__Lib_System.c,147 :: 		
0x0192	0x03F0      	DECF       R0, 1
;__Lib_System.c,149 :: 		
0x0193	0x1D03      	BTFSS      STATUS, 2
;__Lib_System.c,150 :: 		
0x0194	0x298A      	GOTO       _CC2D_Loop1
;__Lib_System.c,152 :: 		
L_end___CC2DW:
0x0195	0x0008      	RETURN
; end of ___CC2DW
_main:
0x0196	0x3023      	MOVLW      35
0x0197	0x1283      	BCF        STATUS, 5
0x0198	0x1303      	BCF        STATUS, 6
0x0199	0x00A0      	MOVWF      ?lstr1_8x48_32PC
0x019A	0x01A1      	CLRF       33
0x019B	0x306D      	MOVLW      109
0x019C	0x00A2      	MOVWF      ?lstr2_8x48_32PC
0x019D	0x3073      	MOVLW      115
0x019E	0x00A3      	MOVWF      35
0x019F	0x3067      	MOVLW      103
0x01A0	0x00A4      	MOVWF      36
0x01A1	0x3020      	MOVLW      32
0x01A2	0x00A5      	MOVWF      37
0x01A3	0x3073      	MOVLW      115
0x01A4	0x00A6      	MOVWF      38
0x01A5	0x3061      	MOVLW      97
0x01A6	0x00A7      	MOVWF      39
0x01A7	0x3076      	MOVLW      118
0x01A8	0x00A8      	MOVWF      40
0x01A9	0x3065      	MOVLW      101
0x01AA	0x00A9      	MOVWF      41
0x01AB	0x3064      	MOVLW      100
0x01AC	0x00AA      	MOVWF      42
0x01AD	0x302E      	MOVLW      46
0x01AE	0x00AB      	MOVWF      43
0x01AF	0x300A      	MOVLW      10
0x01B0	0x00AC      	MOVWF      44
0x01B1	0x01AD      	CLRF       45
;8x48 PC.c,42 :: 		void main() {
;8x48 PC.c,43 :: 		ADCON1 = 0x07;
0x01B2	0x3007      	MOVLW      7
0x01B3	0x1683      	BSF        STATUS, 5
0x01B4	0x009F      	MOVWF      ADCON1
;8x48 PC.c,44 :: 		TRISA = 0x00; PORTA = 0x00;
0x01B5	0x0185      	CLRF       TRISA
0x01B6	0x1283      	BCF        STATUS, 5
0x01B7	0x0185      	CLRF       PORTA
;8x48 PC.c,45 :: 		TRISB = 0x00; PORTB = 0x00;
0x01B8	0x1683      	BSF        STATUS, 5
0x01B9	0x0186      	CLRF       TRISB
0x01BA	0x1283      	BCF        STATUS, 5
0x01BB	0x0186      	CLRF       PORTB
;8x48 PC.c,46 :: 		TRISC3_bit = 1;
0x01BC	0x1683      	BSF        STATUS, 5
0x01BD	0x1587      	BSF        TRISC3_bit, BitPos(TRISC3_bit+0)
;8x48 PC.c,47 :: 		UART1_init(9600);
0x01BE	0x3081      	MOVLW      129
0x01BF	0x0099      	MOVWF      SPBRG
0x01C0	0x1518      	BSF        TXSTA, 2
0x01C1	0x2156      	CALL       _UART1_Init
;8x48 PC.c,48 :: 		for(count = 0; count < 48; count++) buffer[count] = 0;
0x01C2	0x01AF      	CLRF       _count
0x01C3	0x01B0      	CLRF       _count+1
L_main14:
0x01C4	0x3080      	MOVLW      128
0x01C5	0x0630      	XORWF      _count+1, 0
0x01C6	0x00F0      	MOVWF      R0
0x01C7	0x3080      	MOVLW      128
0x01C8	0x0270      	SUBWF      R0, 0
0x01C9	0x1D03      	BTFSS      STATUS, 2
0x01CA	0x29CD      	GOTO       L__main60
0x01CB	0x3030      	MOVLW      48
0x01CC	0x022F      	SUBWF      _count, 0
L__main60:
0x01CD	0x1803      	BTFSC      STATUS, 0
0x01CE	0x29D7      	GOTO       L_main15
0x01CF	0x082F      	MOVF       _count, 0
0x01D0	0x3E38      	ADDLW      _buffer
0x01D1	0x0084      	MOVWF      FSR
0x01D2	0x0180      	CLRF       INDF
0x01D3	0x0AAF      	INCF       _count, 1
0x01D4	0x1903      	BTFSC      STATUS, 2
0x01D5	0x0AB0      	INCF       _count+1, 1
0x01D6	0x29C4      	GOTO       L_main14
L_main15:
;8x48 PC.c,49 :: 		if(pc_key) pc_mode();
0x01D7	0x1D87      	BTFSS      RC3_bit, BitPos(RC3_bit+0)
0x01D8	0x29DA      	GOTO       L_main17
0x01D9	0x20FB      	CALL       _pc_mode
L_main17:
;8x48 PC.c,51 :: 		while(1){
L_main18:
;8x48 PC.c,52 :: 		load_text();
0x01DA	0x2166      	CALL       _load_text
;8x48 PC.c,53 :: 		index = strlen(text);
0x01DB	0x30A0      	MOVLW      _text
0x01DC	0x00ED      	MOVWF      FARG_strlen_s
0x01DD	0x2060      	CALL       _strlen
0x01DE	0x0870      	MOVF       R0, 0
0x01DF	0x00AE      	MOVWF      _index
;8x48 PC.c,54 :: 		for(scroll = 0; scroll < index; scroll++){
0x01E0	0x01B6      	CLRF       _scroll
0x01E1	0x01B7      	CLRF       _scroll+1
L_main20:
0x01E2	0x3080      	MOVLW      128
0x01E3	0x0637      	XORWF      _scroll+1, 0
0x01E4	0x00F0      	MOVWF      R0
0x01E5	0x3080      	MOVLW      128
0x01E6	0x0270      	SUBWF      R0, 0
0x01E7	0x1D03      	BTFSS      STATUS, 2
0x01E8	0x29EB      	GOTO       L__main61
0x01E9	0x082E      	MOVF       _index, 0
0x01EA	0x0236      	SUBWF      _scroll, 0
L__main61:
0x01EB	0x1803      	BTFSC      STATUS, 0
0x01EC	0x2A88      	GOTO       L_main21
;8x48 PC.c,55 :: 		adress = text[scroll] - 32;
0x01ED	0x0836      	MOVF       _scroll, 0
0x01EE	0x3EA0      	ADDLW      _text
0x01EF	0x0084      	MOVWF      FSR
0x01F0	0x3020      	MOVLW      32
0x01F1	0x0200      	SUBWF      INDF, 0
0x01F2	0x00F3      	MOVWF      R3
0x01F3	0x01F4      	CLRF       R3+1
0x01F4	0x1C03      	BTFSS      STATUS, 0
0x01F5	0x03F4      	DECF       R3+1, 1
0x01F6	0x0873      	MOVF       R3, 0
0x01F7	0x00EA      	MOVWF      _adress
0x01F8	0x0874      	MOVF       R3+1, 0
0x01F9	0x00EB      	MOVWF      _adress+1
;8x48 PC.c,56 :: 		adress *= 8;
0x01FA	0x3003      	MOVLW      3
0x01FB	0x00F2      	MOVWF      R2
0x01FC	0x0873      	MOVF       R3, 0
0x01FD	0x00F0      	MOVWF      R0
0x01FE	0x0874      	MOVF       R3+1, 0
0x01FF	0x00F1      	MOVWF      R0+1
0x0200	0x0872      	MOVF       R2, 0
L__main62:
0x0201	0x1903      	BTFSC      STATUS, 2
0x0202	0x2A08      	GOTO       L__main63
0x0203	0x0DF0      	RLF        R0, 1
0x0204	0x0DF1      	RLF        R0+1, 1
0x0205	0x1070      	BCF        R0, 0
0x0206	0x3EFF      	ADDLW      255
0x0207	0x2A01      	GOTO       L__main62
L__main63:
0x0208	0x0870      	MOVF       R0, 0
0x0209	0x00EA      	MOVWF      _adress
0x020A	0x0871      	MOVF       R0+1, 0
0x020B	0x00EB      	MOVWF      _adress+1
;8x48 PC.c,57 :: 		for(count = adress; count < adress + 8; count++){
0x020C	0x0870      	MOVF       R0, 0
0x020D	0x00AF      	MOVWF      _count
0x020E	0x0871      	MOVF       R0+1, 0
0x020F	0x00B0      	MOVWF      _count+1
L_main23:
0x0210	0x3008      	MOVLW      8
0x0211	0x076A      	ADDWF      _adress, 0
0x0212	0x00F1      	MOVWF      R1
0x0213	0x086B      	MOVF       _adress+1, 0
0x0214	0x1803      	BTFSC      STATUS, 0
0x0215	0x3E01      	ADDLW      1
0x0216	0x00F2      	MOVWF      R1+1
0x0217	0x3080      	MOVLW      128
0x0218	0x0630      	XORWF      _count+1, 0
0x0219	0x00F0      	MOVWF      R0
0x021A	0x3080      	MOVLW      128
0x021B	0x0672      	XORWF      R1+1, 0
0x021C	0x0270      	SUBWF      R0, 0
0x021D	0x1D03      	BTFSS      STATUS, 2
0x021E	0x2A21      	GOTO       L__main64
0x021F	0x0871      	MOVF       R1, 0
0x0220	0x022F      	SUBWF      _count, 0
L__main64:
0x0221	0x1803      	BTFSC      STATUS, 0
0x0222	0x2A84      	GOTO       L_main24
;8x48 PC.c,58 :: 		for(update = 0; update < 48; update++){buffer[update] = buffer[update + 1];}
0x0223	0x01E8      	CLRF       _update
0x0224	0x01E9      	CLRF       _update+1
L_main26:
0x0225	0x3080      	MOVLW      128
0x0226	0x0669      	XORWF      _update+1, 0
0x0227	0x00F0      	MOVWF      R0
0x0228	0x3080      	MOVLW      128
0x0229	0x0270      	SUBWF      R0, 0
0x022A	0x1D03      	BTFSS      STATUS, 2
0x022B	0x2A2E      	GOTO       L__main65
0x022C	0x3030      	MOVLW      48
0x022D	0x0268      	SUBWF      _update, 0
L__main65:
0x022E	0x1803      	BTFSC      STATUS, 0
0x022F	0x2A48      	GOTO       L_main27
0x0230	0x0868      	MOVF       _update, 0
0x0231	0x3E38      	ADDLW      _buffer
0x0232	0x00F2      	MOVWF      R2
0x0233	0x0868      	MOVF       _update, 0
0x0234	0x3E01      	ADDLW      1
0x0235	0x00F0      	MOVWF      R0
0x0236	0x3000      	MOVLW      0
0x0237	0x1803      	BTFSC      STATUS, 0
0x0238	0x3E01      	ADDLW      1
0x0239	0x0769      	ADDWF      _update+1, 0
0x023A	0x00F1      	MOVWF      R0+1
0x023B	0x0870      	MOVF       R0, 0
0x023C	0x3E38      	ADDLW      _buffer
0x023D	0x0084      	MOVWF      FSR
0x023E	0x0800      	MOVF       INDF, 0
0x023F	0x00F0      	MOVWF      R0
0x0240	0x0872      	MOVF       R2, 0
0x0241	0x0084      	MOVWF      FSR
0x0242	0x0870      	MOVF       R0, 0
0x0243	0x0080      	MOVWF      INDF
0x0244	0x0AE8      	INCF       _update, 1
0x0245	0x1903      	BTFSC      STATUS, 2
0x0246	0x0AE9      	INCF       _update+1, 1
0x0247	0x2A25      	GOTO       L_main26
L_main27:
;8x48 PC.c,59 :: 		buffer[47] = Character[count];
0x0248	0x082F      	MOVF       _count, 0
0x0249	0x3E8A      	ADDLW      _Character
0x024A	0x00F0      	MOVWF      R0
0x024B	0x3002      	MOVLW      hi_addr(_Character)
0x024C	0x1803      	BTFSC      STATUS, 0
0x024D	0x3E01      	ADDLW      1
0x024E	0x0730      	ADDWF      _count+1, 0
0x024F	0x00F1      	MOVWF      R0+1
0x0250	0x0870      	MOVF       R0, 0
0x0251	0x00B1      	MOVWF      ___DoICPAddr
0x0252	0x0871      	MOVF       R0+1, 0
0x0253	0x00B2      	MOVWF      ___DoICPAddr+1
0x0254	0x2059      	CALL       _____DoICP
0x0255	0x118A      	BCF        PCLATH, 3
0x0256	0x120A      	BCF        PCLATH, 4
0x0257	0x00E7      	MOVWF      _buffer+47
;8x48 PC.c,60 :: 		for(speed = 0; speed < 20; speed++){
0x0258	0x01B4      	CLRF       _speed
L_main29:
0x0259	0x3014      	MOVLW      20
0x025A	0x0234      	SUBWF      _speed, 0
0x025B	0x1803      	BTFSC      STATUS, 0
0x025C	0x2A80      	GOTO       L_main30
;8x48 PC.c,61 :: 		DS = 0; SH = 1; SH = 0; ST = 1; ST = 0;
0x025D	0x1005      	BCF        PORTA, 0
0x025E	0x1505      	BSF        PORTA, 2
0x025F	0x1105      	BCF        PORTA, 2
0x0260	0x1485      	BSF        PORTA, 1
0x0261	0x1085      	BCF        PORTA, 1
;8x48 PC.c,62 :: 		for(col = 0; col < 48; col++){
0x0262	0x01B3      	CLRF       _col
L_main32:
0x0263	0x3030      	MOVLW      48
0x0264	0x0233      	SUBWF      _col, 0
0x0265	0x1803      	BTFSC      STATUS, 0
0x0266	0x2A7E      	GOTO       L_main33
;8x48 PC.c,63 :: 		row_data = buffer[col];
0x0267	0x0833      	MOVF       _col, 0
0x0268	0x3E38      	ADDLW      _buffer
0x0269	0x0084      	MOVWF      FSR
0x026A	0x0800      	MOVF       INDF, 0
0x026B	0x00F0      	MOVWF      R0
0x026C	0x0870      	MOVF       R0, 0
0x026D	0x00B5      	MOVWF      _row_data
;8x48 PC.c,64 :: 		masking(row_data);
0x026E	0x0870      	MOVF       R0, 0
0x026F	0x00EC      	MOVWF      FARG_masking_row_temp
0x0270	0x20D0      	CALL       _masking
;8x48 PC.c,65 :: 		delay_us(100);
0x0271	0x30A6      	MOVLW      166
0x0272	0x00FD      	MOVWF      R13
L_main35:
0x0273	0x0BFD      	DECFSZ     R13, 1
0x0274	0x2A73      	GOTO       L_main35
0x0275	0x0000      	NOP
;8x48 PC.c,66 :: 		PORTB = 0;
0x0276	0x0186      	CLRF       PORTB
;8x48 PC.c,67 :: 		DS = 1; SH = 1; SH = 0; ST = 1; ST = 0;
0x0277	0x1405      	BSF        PORTA, 0
0x0278	0x1505      	BSF        PORTA, 2
0x0279	0x1105      	BCF        PORTA, 2
0x027A	0x1485      	BSF        PORTA, 1
0x027B	0x1085      	BCF        PORTA, 1
;8x48 PC.c,62 :: 		for(col = 0; col < 48; col++){
0x027C	0x0AB3      	INCF       _col, 1
;8x48 PC.c,68 :: 		}
0x027D	0x2A63      	GOTO       L_main32
L_main33:
;8x48 PC.c,60 :: 		for(speed = 0; speed < 20; speed++){
0x027E	0x0AB4      	INCF       _speed, 1
;8x48 PC.c,69 :: 		}
0x027F	0x2A59      	GOTO       L_main29
L_main30:
;8x48 PC.c,57 :: 		for(count = adress; count < adress + 8; count++){
0x0280	0x0AAF      	INCF       _count, 1
0x0281	0x1903      	BTFSC      STATUS, 2
0x0282	0x0AB0      	INCF       _count+1, 1
;8x48 PC.c,70 :: 		}
0x0283	0x2A10      	GOTO       L_main23
L_main24:
;8x48 PC.c,54 :: 		for(scroll = 0; scroll < index; scroll++){
0x0284	0x0AB6      	INCF       _scroll, 1
0x0285	0x1903      	BTFSC      STATUS, 2
0x0286	0x0AB7      	INCF       _scroll+1, 1
;8x48 PC.c,71 :: 		}
0x0287	0x29E2      	GOTO       L_main20
L_main21:
;8x48 PC.c,72 :: 		}
0x0288	0x29DA      	GOTO       L_main18
;8x48 PC.c,73 :: 		}
L_end_main:
0x0289	0x2A89      	GOTO       $+0
; end of _main
;8x48 PC.c,2 :: _Character
0x028A	0x3400 ;_Character+0
0x028B	0x3400 ;_Character+1
0x028C	0x3400 ;_Character+2
0x028D	0x3400 ;_Character+3
0x028E	0x3400 ;_Character+4
0x028F	0x3400 ;_Character+5
0x0290	0x3400 ;_Character+6
0x0291	0x3400 ;_Character+7
0x0292	0x3400 ;_Character+8
0x0293	0x3406 ;_Character+9
0x0294	0x345F ;_Character+10
0x0295	0x345F ;_Character+11
0x0296	0x3406 ;_Character+12
0x0297	0x3400 ;_Character+13
0x0298	0x3400 ;_Character+14
0x0299	0x3400 ;_Character+15
0x029A	0x3400 ;_Character+16
0x029B	0x3407 ;_Character+17
0x029C	0x3407 ;_Character+18
0x029D	0x3400 ;_Character+19
0x029E	0x3407 ;_Character+20
0x029F	0x3407 ;_Character+21
0x02A0	0x3400 ;_Character+22
0x02A1	0x3400 ;_Character+23
0x02A2	0x3414 ;_Character+24
0x02A3	0x347F ;_Character+25
0x02A4	0x347F ;_Character+26
0x02A5	0x3414 ;_Character+27
0x02A6	0x347F ;_Character+28
0x02A7	0x347F ;_Character+29
0x02A8	0x3414 ;_Character+30
0x02A9	0x3400 ;_Character+31
0x02AA	0x3424 ;_Character+32
0x02AB	0x342E ;_Character+33
0x02AC	0x346B ;_Character+34
0x02AD	0x346B ;_Character+35
0x02AE	0x343A ;_Character+36
0x02AF	0x3412 ;_Character+37
0x02B0	0x3400 ;_Character+38
0x02B1	0x3400 ;_Character+39
0x02B2	0x3446 ;_Character+40
0x02B3	0x3466 ;_Character+41
0x02B4	0x3430 ;_Character+42
0x02B5	0x3418 ;_Character+43
0x02B6	0x340C ;_Character+44
0x02B7	0x3466 ;_Character+45
0x02B8	0x3462 ;_Character+46
0x02B9	0x3400 ;_Character+47
0x02BA	0x3430 ;_Character+48
0x02BB	0x347A ;_Character+49
0x02BC	0x344F ;_Character+50
0x02BD	0x345D ;_Character+51
0x02BE	0x3437 ;_Character+52
0x02BF	0x347A ;_Character+53
0x02C0	0x3448 ;_Character+54
0x02C1	0x3400 ;_Character+55
0x02C2	0x3404 ;_Character+56
0x02C3	0x3407 ;_Character+57
0x02C4	0x3403 ;_Character+58
0x02C5	0x3400 ;_Character+59
0x02C6	0x3400 ;_Character+60
0x02C7	0x3400 ;_Character+61
0x02C8	0x3400 ;_Character+62
0x02C9	0x3400 ;_Character+63
0x02CA	0x3400 ;_Character+64
0x02CB	0x341C ;_Character+65
0x02CC	0x343E ;_Character+66
0x02CD	0x3463 ;_Character+67
0x02CE	0x3441 ;_Character+68
0x02CF	0x3400 ;_Character+69
0x02D0	0x3400 ;_Character+70
0x02D1	0x3400 ;_Character+71
0x02D2	0x3400 ;_Character+72
0x02D3	0x3441 ;_Character+73
0x02D4	0x3463 ;_Character+74
0x02D5	0x343E ;_Character+75
0x02D6	0x341C ;_Character+76
0x02D7	0x3400 ;_Character+77
0x02D8	0x3400 ;_Character+78
0x02D9	0x3400 ;_Character+79
0x02DA	0x3408 ;_Character+80
0x02DB	0x342A ;_Character+81
0x02DC	0x343E ;_Character+82
0x02DD	0x341C ;_Character+83
0x02DE	0x341C ;_Character+84
0x02DF	0x343E ;_Character+85
0x02E0	0x342A ;_Character+86
0x02E1	0x3408 ;_Character+87
0x02E2	0x3408 ;_Character+88
0x02E3	0x3408 ;_Character+89
0x02E4	0x343E ;_Character+90
0x02E5	0x343E ;_Character+91
0x02E6	0x3408 ;_Character+92
0x02E7	0x3408 ;_Character+93
0x02E8	0x3400 ;_Character+94
0x02E9	0x3400 ;_Character+95
0x02EA	0x3400 ;_Character+96
0x02EB	0x3480 ;_Character+97
0x02EC	0x34E0 ;_Character+98
0x02ED	0x3460 ;_Character+99
0x02EE	0x3400 ;_Character+100
0x02EF	0x3400 ;_Character+101
0x02F0	0x3400 ;_Character+102
0x02F1	0x3400 ;_Character+103
0x02F2	0x3408 ;_Character+104
0x02F3	0x3408 ;_Character+105
0x02F4	0x3408 ;_Character+106
0x02F5	0x3408 ;_Character+107
0x02F6	0x3408 ;_Character+108
0x02F7	0x3408 ;_Character+109
0x02F8	0x3400 ;_Character+110
0x02F9	0x3400 ;_Character+111
0x02FA	0x3400 ;_Character+112
0x02FB	0x3400 ;_Character+113
0x02FC	0x3460 ;_Character+114
0x02FD	0x3460 ;_Character+115
0x02FE	0x3400 ;_Character+116
0x02FF	0x3400 ;_Character+117
0x0300	0x3400 ;_Character+118
0x0301	0x3400 ;_Character+119
0x0302	0x3460 ;_Character+120
0x0303	0x3430 ;_Character+121
0x0304	0x3418 ;_Character+122
0x0305	0x340C ;_Character+123
0x0306	0x3406 ;_Character+124
0x0307	0x3403 ;_Character+125
0x0308	0x3401 ;_Character+126
0x0309	0x3400 ;_Character+127
0x030A	0x343E ;_Character+128
0x030B	0x347F ;_Character+129
0x030C	0x3471 ;_Character+130
0x030D	0x3459 ;_Character+131
0x030E	0x344D ;_Character+132
0x030F	0x347F ;_Character+133
0x0310	0x343E ;_Character+134
0x0311	0x3400 ;_Character+135
0x0312	0x3440 ;_Character+136
0x0313	0x3442 ;_Character+137
0x0314	0x347F ;_Character+138
0x0315	0x347F ;_Character+139
0x0316	0x3440 ;_Character+140
0x0317	0x3440 ;_Character+141
0x0318	0x3400 ;_Character+142
0x0319	0x3400 ;_Character+143
0x031A	0x3462 ;_Character+144
0x031B	0x3473 ;_Character+145
0x031C	0x3459 ;_Character+146
0x031D	0x3449 ;_Character+147
0x031E	0x346F ;_Character+148
0x031F	0x3466 ;_Character+149
0x0320	0x3400 ;_Character+150
0x0321	0x3400 ;_Character+151
0x0322	0x3422 ;_Character+152
0x0323	0x3463 ;_Character+153
0x0324	0x3449 ;_Character+154
0x0325	0x3449 ;_Character+155
0x0326	0x347F ;_Character+156
0x0327	0x3436 ;_Character+157
0x0328	0x3400 ;_Character+158
0x0329	0x3400 ;_Character+159
0x032A	0x3418 ;_Character+160
0x032B	0x341C ;_Character+161
0x032C	0x3416 ;_Character+162
0x032D	0x3453 ;_Character+163
0x032E	0x347F ;_Character+164
0x032F	0x347F ;_Character+165
0x0330	0x3450 ;_Character+166
0x0331	0x3400 ;_Character+167
0x0332	0x3427 ;_Character+168
0x0333	0x3467 ;_Character+169
0x0334	0x3445 ;_Character+170
0x0335	0x3445 ;_Character+171
0x0336	0x347D ;_Character+172
0x0337	0x3439 ;_Character+173
0x0338	0x3400 ;_Character+174
0x0339	0x3400 ;_Character+175
0x033A	0x343C ;_Character+176
0x033B	0x347E ;_Character+177
0x033C	0x344B ;_Character+178
0x033D	0x3449 ;_Character+179
0x033E	0x3479 ;_Character+180
0x033F	0x3430 ;_Character+181
0x0340	0x3400 ;_Character+182
0x0341	0x3400 ;_Character+183
0x0342	0x3403 ;_Character+184
0x0343	0x3403 ;_Character+185
0x0344	0x3471 ;_Character+186
0x0345	0x3479 ;_Character+187
0x0346	0x340F ;_Character+188
0x0347	0x3407 ;_Character+189
0x0348	0x3400 ;_Character+190
0x0349	0x3400 ;_Character+191
0x034A	0x3436 ;_Character+192
0x034B	0x347F ;_Character+193
0x034C	0x3449 ;_Character+194
0x034D	0x3449 ;_Character+195
0x034E	0x347F ;_Character+196
0x034F	0x3436 ;_Character+197
0x0350	0x3400 ;_Character+198
0x0351	0x3400 ;_Character+199
0x0352	0x3406 ;_Character+200
0x0353	0x344F ;_Character+201
0x0354	0x3449 ;_Character+202
0x0355	0x3469 ;_Character+203
0x0356	0x343F ;_Character+204
0x0357	0x341E ;_Character+205
0x0358	0x3400 ;_Character+206
0x0359	0x3400 ;_Character+207
0x035A	0x3400 ;_Character+208
0x035B	0x3400 ;_Character+209
0x035C	0x3466 ;_Character+210
0x035D	0x3466 ;_Character+211
0x035E	0x3400 ;_Character+212
0x035F	0x3400 ;_Character+213
0x0360	0x3400 ;_Character+214
0x0361	0x3400 ;_Character+215
0x0362	0x3400 ;_Character+216
0x0363	0x3480 ;_Character+217
0x0364	0x34E6 ;_Character+218
0x0365	0x3466 ;_Character+219
0x0366	0x3400 ;_Character+220
0x0367	0x3400 ;_Character+221
0x0368	0x3400 ;_Character+222
0x0369	0x3400 ;_Character+223
0x036A	0x3408 ;_Character+224
0x036B	0x341C ;_Character+225
0x036C	0x3436 ;_Character+226
0x036D	0x3463 ;_Character+227
0x036E	0x3441 ;_Character+228
0x036F	0x3400 ;_Character+229
0x0370	0x3400 ;_Character+230
0x0371	0x3400 ;_Character+231
0x0372	0x3424 ;_Character+232
0x0373	0x3424 ;_Character+233
0x0374	0x3424 ;_Character+234
0x0375	0x3424 ;_Character+235
0x0376	0x3424 ;_Character+236
0x0377	0x3424 ;_Character+237
0x0378	0x3400 ;_Character+238
0x0379	0x3400 ;_Character+239
0x037A	0x3400 ;_Character+240
0x037B	0x3441 ;_Character+241
0x037C	0x3463 ;_Character+242
0x037D	0x3436 ;_Character+243
0x037E	0x341C ;_Character+244
0x037F	0x3408 ;_Character+245
0x0380	0x3400 ;_Character+246
0x0381	0x3400 ;_Character+247
0x0382	0x3402 ;_Character+248
0x0383	0x3403 ;_Character+249
0x0384	0x3451 ;_Character+250
0x0385	0x3459 ;_Character+251
0x0386	0x340F ;_Character+252
0x0387	0x3406 ;_Character+253
0x0388	0x3400 ;_Character+254
0x0389	0x3400 ;_Character+255
0x038A	0x343E ;_Character+256
0x038B	0x347F ;_Character+257
0x038C	0x3441 ;_Character+258
0x038D	0x345D ;_Character+259
0x038E	0x345D ;_Character+260
0x038F	0x341F ;_Character+261
0x0390	0x341E ;_Character+262
0x0391	0x3400 ;_Character+263
0x0392	0x347C ;_Character+264
0x0393	0x347E ;_Character+265
0x0394	0x3413 ;_Character+266
0x0395	0x3413 ;_Character+267
0x0396	0x347E ;_Character+268
0x0397	0x347C ;_Character+269
0x0398	0x3400 ;_Character+270
0x0399	0x3400 ;_Character+271
0x039A	0x3441 ;_Character+272
0x039B	0x347F ;_Character+273
0x039C	0x347F ;_Character+274
0x039D	0x3449 ;_Character+275
0x039E	0x3449 ;_Character+276
0x039F	0x347F ;_Character+277
0x03A0	0x3436 ;_Character+278
0x03A1	0x3400 ;_Character+279
0x03A2	0x341C ;_Character+280
0x03A3	0x343E ;_Character+281
0x03A4	0x3463 ;_Character+282
0x03A5	0x3441 ;_Character+283
0x03A6	0x3441 ;_Character+284
0x03A7	0x3463 ;_Character+285
0x03A8	0x3422 ;_Character+286
0x03A9	0x3400 ;_Character+287
0x03AA	0x3441 ;_Character+288
0x03AB	0x347F ;_Character+289
0x03AC	0x347F ;_Character+290
0x03AD	0x3441 ;_Character+291
0x03AE	0x3463 ;_Character+292
0x03AF	0x343E ;_Character+293
0x03B0	0x341C ;_Character+294
0x03B1	0x3400 ;_Character+295
0x03B2	0x3441 ;_Character+296
0x03B3	0x347F ;_Character+297
0x03B4	0x347F ;_Character+298
0x03B5	0x3449 ;_Character+299
0x03B6	0x345D ;_Character+300
0x03B7	0x3441 ;_Character+301
0x03B8	0x3463 ;_Character+302
0x03B9	0x3400 ;_Character+303
0x03BA	0x3441 ;_Character+304
0x03BB	0x347F ;_Character+305
0x03BC	0x347F ;_Character+306
0x03BD	0x3449 ;_Character+307
0x03BE	0x341D ;_Character+308
0x03BF	0x3401 ;_Character+309
0x03C0	0x3403 ;_Character+310
0x03C1	0x3400 ;_Character+311
0x03C2	0x341C ;_Character+312
0x03C3	0x343E ;_Character+313
0x03C4	0x3463 ;_Character+314
0x03C5	0x3441 ;_Character+315
0x03C6	0x3451 ;_Character+316
0x03C7	0x3473 ;_Character+317
0x03C8	0x3472 ;_Character+318
0x03C9	0x3400 ;_Character+319
0x03CA	0x347F ;_Character+320
0x03CB	0x347F ;_Character+321
0x03CC	0x3408 ;_Character+322
0x03CD	0x3408 ;_Character+323
0x03CE	0x347F ;_Character+324
0x03CF	0x347F ;_Character+325
0x03D0	0x3400 ;_Character+326
0x03D1	0x3400 ;_Character+327
0x03D2	0x3400 ;_Character+328
0x03D3	0x3441 ;_Character+329
0x03D4	0x347F ;_Character+330
0x03D5	0x347F ;_Character+331
0x03D6	0x3441 ;_Character+332
0x03D7	0x3400 ;_Character+333
0x03D8	0x3400 ;_Character+334
0x03D9	0x3400 ;_Character+335
0x03DA	0x3430 ;_Character+336
0x03DB	0x3470 ;_Character+337
0x03DC	0x3440 ;_Character+338
0x03DD	0x3441 ;_Character+339
0x03DE	0x347F ;_Character+340
0x03DF	0x343F ;_Character+341
0x03E0	0x3401 ;_Character+342
0x03E1	0x3400 ;_Character+343
0x03E2	0x3441 ;_Character+344
0x03E3	0x347F ;_Character+345
0x03E4	0x347F ;_Character+346
0x03E5	0x3408 ;_Character+347
0x03E6	0x341C ;_Character+348
0x03E7	0x3477 ;_Character+349
0x03E8	0x3463 ;_Character+350
0x03E9	0x3400 ;_Character+351
0x03EA	0x3441 ;_Character+352
0x03EB	0x347F ;_Character+353
0x03EC	0x347F ;_Character+354
0x03ED	0x3441 ;_Character+355
0x03EE	0x3440 ;_Character+356
0x03EF	0x3460 ;_Character+357
0x03F0	0x3470 ;_Character+358
0x03F1	0x3400 ;_Character+359
0x03F2	0x347F ;_Character+360
0x03F3	0x347F ;_Character+361
0x03F4	0x340E ;_Character+362
0x03F5	0x341C ;_Character+363
0x03F6	0x340E ;_Character+364
0x03F7	0x347F ;_Character+365
0x03F8	0x347F ;_Character+366
0x03F9	0x3400 ;_Character+367
0x03FA	0x347F ;_Character+368
0x03FB	0x347F ;_Character+369
0x03FC	0x3406 ;_Character+370
0x03FD	0x340C ;_Character+371
0x03FE	0x3418 ;_Character+372
0x03FF	0x347F ;_Character+373
0x0400	0x347F ;_Character+374
0x0401	0x3400 ;_Character+375
0x0402	0x341C ;_Character+376
0x0403	0x343E ;_Character+377
0x0404	0x3463 ;_Character+378
0x0405	0x3441 ;_Character+379
0x0406	0x3463 ;_Character+380
0x0407	0x343E ;_Character+381
0x0408	0x341C ;_Character+382
0x0409	0x3400 ;_Character+383
0x040A	0x3441 ;_Character+384
0x040B	0x347F ;_Character+385
0x040C	0x347F ;_Character+386
0x040D	0x3449 ;_Character+387
0x040E	0x3409 ;_Character+388
0x040F	0x340F ;_Character+389
0x0410	0x3406 ;_Character+390
0x0411	0x3400 ;_Character+391
0x0412	0x341E ;_Character+392
0x0413	0x343F ;_Character+393
0x0414	0x3421 ;_Character+394
0x0415	0x3471 ;_Character+395
0x0416	0x347F ;_Character+396
0x0417	0x345E ;_Character+397
0x0418	0x3400 ;_Character+398
0x0419	0x3400 ;_Character+399
0x041A	0x3441 ;_Character+400
0x041B	0x347F ;_Character+401
0x041C	0x347F ;_Character+402
0x041D	0x3409 ;_Character+403
0x041E	0x3419 ;_Character+404
0x041F	0x347F ;_Character+405
0x0420	0x3466 ;_Character+406
0x0421	0x3400 ;_Character+407
0x0422	0x3426 ;_Character+408
0x0423	0x346F ;_Character+409
0x0424	0x344D ;_Character+410
0x0425	0x3459 ;_Character+411
0x0426	0x3473 ;_Character+412
0x0427	0x3432 ;_Character+413
0x0428	0x3400 ;_Character+414
0x0429	0x3400 ;_Character+415
0x042A	0x3403 ;_Character+416
0x042B	0x3441 ;_Character+417
0x042C	0x347F ;_Character+418
0x042D	0x347F ;_Character+419
0x042E	0x3441 ;_Character+420
0x042F	0x3403 ;_Character+421
0x0430	0x3400 ;_Character+422
0x0431	0x3400 ;_Character+423
0x0432	0x347F ;_Character+424
0x0433	0x347F ;_Character+425
0x0434	0x3440 ;_Character+426
0x0435	0x3440 ;_Character+427
0x0436	0x347F ;_Character+428
0x0437	0x347F ;_Character+429
0x0438	0x3400 ;_Character+430
0x0439	0x3400 ;_Character+431
0x043A	0x341F ;_Character+432
0x043B	0x343F ;_Character+433
0x043C	0x3460 ;_Character+434
0x043D	0x3460 ;_Character+435
0x043E	0x343F ;_Character+436
0x043F	0x341F ;_Character+437
0x0440	0x3400 ;_Character+438
0x0441	0x3400 ;_Character+439
0x0442	0x347F ;_Character+440
0x0443	0x347F ;_Character+441
0x0444	0x3430 ;_Character+442
0x0445	0x3418 ;_Character+443
0x0446	0x3430 ;_Character+444
0x0447	0x347F ;_Character+445
0x0448	0x347F ;_Character+446
0x0449	0x3400 ;_Character+447
0x044A	0x3443 ;_Character+448
0x044B	0x3467 ;_Character+449
0x044C	0x343C ;_Character+450
0x044D	0x3418 ;_Character+451
0x044E	0x343C ;_Character+452
0x044F	0x3467 ;_Character+453
0x0450	0x3443 ;_Character+454
0x0451	0x3400 ;_Character+455
0x0452	0x3407 ;_Character+456
0x0453	0x344F ;_Character+457
0x0454	0x3478 ;_Character+458
0x0455	0x3478 ;_Character+459
0x0456	0x344F ;_Character+460
0x0457	0x3407 ;_Character+461
0x0458	0x3400 ;_Character+462
0x0459	0x3400 ;_Character+463
0x045A	0x3447 ;_Character+464
0x045B	0x3463 ;_Character+465
0x045C	0x3471 ;_Character+466
0x045D	0x3459 ;_Character+467
0x045E	0x344D ;_Character+468
0x045F	0x3467 ;_Character+469
0x0460	0x3473 ;_Character+470
0x0461	0x3400 ;_Character+471
0x0462	0x3400 ;_Character+472
0x0463	0x347F ;_Character+473
0x0464	0x347F ;_Character+474
0x0465	0x3441 ;_Character+475
0x0466	0x3441 ;_Character+476
0x0467	0x3400 ;_Character+477
0x0468	0x3400 ;_Character+478
0x0469	0x3400 ;_Character+479
0x046A	0x3401 ;_Character+480
0x046B	0x3403 ;_Character+481
0x046C	0x3406 ;_Character+482
0x046D	0x340C ;_Character+483
0x046E	0x3418 ;_Character+484
0x046F	0x3430 ;_Character+485
0x0470	0x3460 ;_Character+486
0x0471	0x3400 ;_Character+487
0x0472	0x3400 ;_Character+488
0x0473	0x3441 ;_Character+489
0x0474	0x3441 ;_Character+490
0x0475	0x347F ;_Character+491
0x0476	0x347F ;_Character+492
0x0477	0x3400 ;_Character+493
0x0478	0x3400 ;_Character+494
0x0479	0x3400 ;_Character+495
0x047A	0x3408 ;_Character+496
0x047B	0x340C ;_Character+497
0x047C	0x3406 ;_Character+498
0x047D	0x3403 ;_Character+499
0x047E	0x3406 ;_Character+500
0x047F	0x340C ;_Character+501
0x0480	0x3408 ;_Character+502
0x0481	0x3400 ;_Character+503
0x0482	0x3480 ;_Character+504
0x0483	0x3480 ;_Character+505
0x0484	0x3480 ;_Character+506
0x0485	0x3480 ;_Character+507
0x0486	0x3480 ;_Character+508
0x0487	0x3480 ;_Character+509
0x0488	0x3480 ;_Character+510
0x0489	0x3480 ;_Character+511
0x048A	0x3400 ;_Character+512
0x048B	0x3400 ;_Character+513
0x048C	0x3403 ;_Character+514
0x048D	0x3407 ;_Character+515
0x048E	0x3404 ;_Character+516
0x048F	0x3400 ;_Character+517
0x0490	0x3400 ;_Character+518
0x0491	0x3400 ;_Character+519
0x0492	0x3420 ;_Character+520
0x0493	0x3474 ;_Character+521
0x0494	0x3454 ;_Character+522
0x0495	0x3454 ;_Character+523
0x0496	0x343C ;_Character+524
0x0497	0x3478 ;_Character+525
0x0498	0x3440 ;_Character+526
0x0499	0x3400 ;_Character+527
0x049A	0x3441 ;_Character+528
0x049B	0x347F ;_Character+529
0x049C	0x343F ;_Character+530
0x049D	0x3448 ;_Character+531
0x049E	0x3448 ;_Character+532
0x049F	0x3478 ;_Character+533
0x04A0	0x3430 ;_Character+534
0x04A1	0x3400 ;_Character+535
0x04A2	0x3438 ;_Character+536
0x04A3	0x347C ;_Character+537
0x04A4	0x3444 ;_Character+538
0x04A5	0x3444 ;_Character+539
0x04A6	0x346C ;_Character+540
0x04A7	0x3428 ;_Character+541
0x04A8	0x3400 ;_Character+542
0x04A9	0x3400 ;_Character+543
0x04AA	0x3430 ;_Character+544
0x04AB	0x3478 ;_Character+545
0x04AC	0x3448 ;_Character+546
0x04AD	0x3449 ;_Character+547
0x04AE	0x343F ;_Character+548
0x04AF	0x347F ;_Character+549
0x04B0	0x3440 ;_Character+550
0x04B1	0x3400 ;_Character+551
0x04B2	0x3438 ;_Character+552
0x04B3	0x347C ;_Character+553
0x04B4	0x3454 ;_Character+554
0x04B5	0x3454 ;_Character+555
0x04B6	0x345C ;_Character+556
0x04B7	0x3418 ;_Character+557
0x04B8	0x3400 ;_Character+558
0x04B9	0x3400 ;_Character+559
0x04BA	0x3448 ;_Character+560
0x04BB	0x347E ;_Character+561
0x04BC	0x347F ;_Character+562
0x04BD	0x3449 ;_Character+563
0x04BE	0x3403 ;_Character+564
0x04BF	0x3402 ;_Character+565
0x04C0	0x3400 ;_Character+566
0x04C1	0x3400 ;_Character+567
0x04C2	0x3498 ;_Character+568
0x04C3	0x34BC ;_Character+569
0x04C4	0x34A4 ;_Character+570
0x04C5	0x34A4 ;_Character+571
0x04C6	0x34F8 ;_Character+572
0x04C7	0x347C ;_Character+573
0x04C8	0x3404 ;_Character+574
0x04C9	0x3400 ;_Character+575
0x04CA	0x3441 ;_Character+576
0x04CB	0x347F ;_Character+577
0x04CC	0x347F ;_Character+578
0x04CD	0x3408 ;_Character+579
0x04CE	0x3404 ;_Character+580
0x04CF	0x347C ;_Character+581
0x04D0	0x3478 ;_Character+582
0x04D1	0x3400 ;_Character+583
0x04D2	0x3400 ;_Character+584
0x04D3	0x3444 ;_Character+585
0x04D4	0x347D ;_Character+586
0x04D5	0x347D ;_Character+587
0x04D6	0x3440 ;_Character+588
0x04D7	0x3400 ;_Character+589
0x04D8	0x3400 ;_Character+590
0x04D9	0x3400 ;_Character+591
0x04DA	0x3460 ;_Character+592
0x04DB	0x34E0 ;_Character+593
0x04DC	0x3480 ;_Character+594
0x04DD	0x3480 ;_Character+595
0x04DE	0x34FD ;_Character+596
0x04DF	0x347D ;_Character+597
0x04E0	0x3400 ;_Character+598
0x04E1	0x3400 ;_Character+599
0x04E2	0x3441 ;_Character+600
0x04E3	0x347F ;_Character+601
0x04E4	0x347F ;_Character+602
0x04E5	0x3410 ;_Character+603
0x04E6	0x3438 ;_Character+604
0x04E7	0x346C ;_Character+605
0x04E8	0x3444 ;_Character+606
0x04E9	0x3400 ;_Character+607
0x04EA	0x3400 ;_Character+608
0x04EB	0x3441 ;_Character+609
0x04EC	0x347F ;_Character+610
0x04ED	0x347F ;_Character+611
0x04EE	0x3440 ;_Character+612
0x04EF	0x3400 ;_Character+613
0x04F0	0x3400 ;_Character+614
0x04F1	0x3400 ;_Character+615
0x04F2	0x347C ;_Character+616
0x04F3	0x347C ;_Character+617
0x04F4	0x3418 ;_Character+618
0x04F5	0x3438 ;_Character+619
0x04F6	0x341C ;_Character+620
0x04F7	0x347C ;_Character+621
0x04F8	0x3478 ;_Character+622
0x04F9	0x3400 ;_Character+623
0x04FA	0x347C ;_Character+624
0x04FB	0x347C ;_Character+625
0x04FC	0x3404 ;_Character+626
0x04FD	0x3404 ;_Character+627
0x04FE	0x347C ;_Character+628
0x04FF	0x3478 ;_Character+629
0x0500	0x3400 ;_Character+630
0x0501	0x3400 ;_Character+631
0x0502	0x3438 ;_Character+632
0x0503	0x347C ;_Character+633
0x0504	0x3444 ;_Character+634
0x0505	0x3444 ;_Character+635
0x0506	0x347C ;_Character+636
0x0507	0x3438 ;_Character+637
0x0508	0x3400 ;_Character+638
0x0509	0x3400 ;_Character+639
0x050A	0x3484 ;_Character+640
0x050B	0x34FC ;_Character+641
0x050C	0x34F8 ;_Character+642
0x050D	0x34A4 ;_Character+643
0x050E	0x3424 ;_Character+644
0x050F	0x343C ;_Character+645
0x0510	0x3418 ;_Character+646
0x0511	0x3400 ;_Character+647
0x0512	0x3418 ;_Character+648
0x0513	0x343C ;_Character+649
0x0514	0x3424 ;_Character+650
0x0515	0x34A4 ;_Character+651
0x0516	0x34F8 ;_Character+652
0x0517	0x34FC ;_Character+653
0x0518	0x3484 ;_Character+654
0x0519	0x3400 ;_Character+655
0x051A	0x3444 ;_Character+656
0x051B	0x347C ;_Character+657
0x051C	0x3478 ;_Character+658
0x051D	0x344C ;_Character+659
0x051E	0x3404 ;_Character+660
0x051F	0x341C ;_Character+661
0x0520	0x3418 ;_Character+662
0x0521	0x3400 ;_Character+663
0x0522	0x3448 ;_Character+664
0x0523	0x345C ;_Character+665
0x0524	0x3454 ;_Character+666
0x0525	0x3454 ;_Character+667
0x0526	0x3474 ;_Character+668
0x0527	0x3424 ;_Character+669
0x0528	0x3400 ;_Character+670
0x0529	0x3400 ;_Character+671
0x052A	0x3400 ;_Character+672
0x052B	0x3404 ;_Character+673
0x052C	0x343E ;_Character+674
0x052D	0x347F ;_Character+675
0x052E	0x3444 ;_Character+676
0x052F	0x3424 ;_Character+677
0x0530	0x3400 ;_Character+678
0x0531	0x3400 ;_Character+679
0x0532	0x343C ;_Character+680
0x0533	0x347C ;_Character+681
0x0534	0x3440 ;_Character+682
0x0535	0x3440 ;_Character+683
0x0536	0x343C ;_Character+684
0x0537	0x347C ;_Character+685
0x0538	0x3440 ;_Character+686
0x0539	0x3400 ;_Character+687
0x053A	0x341C ;_Character+688
0x053B	0x343C ;_Character+689
0x053C	0x3460 ;_Character+690
0x053D	0x3460 ;_Character+691
0x053E	0x343C ;_Character+692
0x053F	0x341C ;_Character+693
0x0540	0x3400 ;_Character+694
0x0541	0x3400 ;_Character+695
0x0542	0x343C ;_Character+696
0x0543	0x347C ;_Character+697
0x0544	0x3470 ;_Character+698
0x0545	0x3438 ;_Character+699
0x0546	0x3470 ;_Character+700
0x0547	0x347C ;_Character+701
0x0548	0x343C ;_Character+702
0x0549	0x3400 ;_Character+703
0x054A	0x3444 ;_Character+704
0x054B	0x346C ;_Character+705
0x054C	0x3438 ;_Character+706
0x054D	0x3410 ;_Character+707
0x054E	0x3438 ;_Character+708
0x054F	0x346C ;_Character+709
0x0550	0x3444 ;_Character+710
0x0551	0x3400 ;_Character+711
0x0552	0x349C ;_Character+712
0x0553	0x34BC ;_Character+713
0x0554	0x34A0 ;_Character+714
0x0555	0x34A0 ;_Character+715
0x0556	0x34FC ;_Character+716
0x0557	0x347C ;_Character+717
0x0558	0x3400 ;_Character+718
0x0559	0x3400 ;_Character+719
0x055A	0x344C ;_Character+720
0x055B	0x3464 ;_Character+721
0x055C	0x3474 ;_Character+722
0x055D	0x345C ;_Character+723
0x055E	0x344C ;_Character+724
0x055F	0x3464 ;_Character+725
0x0560	0x3400 ;_Character+726
0x0561	0x3400 ;_Character+727
; end of _Character
Symbol List:
//** Routines locations **
//ADDRESS    SIZE    PROCEDURE
//----------------------------------------------
0x0003       [7]    _UART1_Data_Ready
0x000A      [11]    _UART1_Read
0x0015      [12]    _UART1_Write
0x0021      [23]    _UART1_Write_Text
0x0038      [33]    _EEPROM_Write
0x0059       [7]    _____DoICP
0x0060      [22]    _strlen
0x0076      [78]    _UART1_Read_Text
0x00C4      [12]    _EEPROM_Read
0x00D0      [43]    _masking
0x00FB      [91]    _pc_mode
0x0156      [16]    _UART1_Init
0x0166      [36]    _load_text
0x018A      [12]    ___CC2DW
0x0196     [244]    _main
//** Variables locations ** 
//ADDRESS    SIZE    VARIABLE
//----------------------------------------------
0x0000       [1]    INDF
0x0002       [1]    PCL
0x0003       [1]    STATUS
0x0004       [1]    FSR
0x0005       [1]    PORTA
0x0006       [1]    PORTB
0x0007       [0]    RC3_bit
0x000A       [1]    PCLATH
0x000B       [1]    INTCON
0x000C       [1]    PIR1
0x0018       [1]    RCSTA
0x0019       [1]    TXREG
0x001A       [1]    RCREG
0x0020       [2]    ?lstr1_8x48_32PC
0x0022      [12]    ?lstr2_8x48_32PC
0x002E       [1]    _index
0x002F       [2]    _count
0x0031       [2]    ___DoICPAddr
0x0033       [1]    _col
0x0034       [1]    _speed
0x0035       [1]    _row_data
0x0036       [2]    _scroll
0x0038      [48]    _buffer
0x0068       [2]    _update
0x006A       [2]    _adress
0x006C       [1]    load_text_read_L0
0x006C       [1]    FARG_masking_row_temp
0x006D       [1]    FARG_UART1_Read_Text_Output
0x006D       [1]    FARG_UART1_Write_Text_uart_text
0x006D       [1]    FARG_EEPROM_Write_Address
0x006D       [1]    FARG_EEPROM_Read_Address
0x006D       [1]    FARG_strlen_s
0x006E       [1]    FARG_EEPROM_Write_data_
0x006E       [1]    UART1_Write_Text_data__L0
0x006E       [1]    FARG_UART1_Read_Text_Delimiter
0x006F       [1]    UART1_Write_Text_counter_L0
0x006F       [1]    FARG_UART1_Read_Text_Attempts
0x0070       [1]    R0
0x0071       [1]    R1
0x0072       [1]    R2
0x0073       [1]    R3
0x0074       [1]    R4
0x0075       [1]    R5
0x0076       [1]    R6
0x0077       [1]    R7
0x0078       [1]    R8
0x0079       [1]    R9
0x007A       [1]    R10
0x007B       [1]    R11
0x007C       [1]    R12
0x007D       [1]    R13
0x007E       [1]    R14
0x007F       [1]    R15
0x0085       [1]    TRISA
0x0086       [1]    TRISB
0x0087       [0]    TRISC6_bit
0x0087       [0]    TRISC7_bit
0x0087       [0]    TRISC3_bit
0x0098       [1]    TXSTA
0x0099       [1]    SPBRG
0x009F       [1]    ADCON1
0x00A0      [80]    _text
0x010C       [1]    EEDATA
0x010D       [1]    EEADR
0x0110       [1]    UART1_Read_Text_r_data_L0
0x0111       [1]    UART1_Read_Text_out_idx_L0
0x0112       [1]    UART1_Read_Text_delim_idx_L0
0x0113       [1]    FARG_UART1_Write_data_
0x018C       [1]    EECON1
0x018D       [1]    EECON2
//** Constants locations ** 
//ADDRESS    SIZE    CONSTANT
//----------------------------------------------
0x028A     [728]    _Character
