;  LST file generated by mikroListExporter - v.2.0 
; Date/Time: 30-Jul-18 11:51:29 AM
;----------------------------------------------

;Address Opcode 	ASM
0x0000	0x2CF1      	GOTO       1265
_interrupt:
0x0004	0x00FF      	MOVWF      R15
0x0005	0x0E03      	SWAPF      STATUS, 0
0x0006	0x0183      	CLRF       STATUS
0x0007	0x00D0      	MOVWF      ___saveSTATUS
0x0008	0x080A      	MOVF       PCLATH, 0
0x0009	0x00CF      	MOVWF      ___savePCLATH
0x000A	0x018A      	CLRF       PCLATH
;fanSpeed.c,26 :: 		void interrupt(){
;fanSpeed.c,27 :: 		if (INTCON.INTF){
0x000B	0x1C8B      	BTFSS      INTCON, 1
0x000C	0x2811      	GOTO       L_interrupt26
;fanSpeed.c,28 :: 		rpm++;
0x000D	0x0AC0      	INCF       _rpm, 1
0x000E	0x1903      	BTFSC      STATUS, 2
0x000F	0x0AC1      	INCF       _rpm+1, 1
;fanSpeed.c,29 :: 		INTCON.INTF = 0;
0x0010	0x108B      	BCF        INTCON, 1
;fanSpeed.c,30 :: 		}
L_interrupt26:
;fanSpeed.c,31 :: 		}
L_end_interrupt:
L__interrupt47:
0x0011	0x084F      	MOVF       ___savePCLATH, 0
0x0012	0x008A      	MOVWF      PCLATH
0x0013	0x0E50      	SWAPF      ___saveSTATUS, 0
0x0014	0x0083      	MOVWF      STATUS
0x0015	0x0EFF      	SWAPF      R15, 1
0x0016	0x0E7F      	SWAPF      R15, 0
0x0017	0x0009      	RETFIE
; end of _interrupt
_Delay_50us:
;__Lib_Delays.c,19 :: 		void Delay_50us() {
;__Lib_Delays.c,20 :: 		Delay_us(50);
0x0018	0x3021      	MOVLW      33
0x0019	0x1283      	BCF        STATUS, 5
0x001A	0x1303      	BCF        STATUS, 6
0x001B	0x00FD      	MOVWF      R13
L_Delay_50us2:
0x001C	0x0BFD      	DECFSZ     R13, 1
0x001D	0x281C      	GOTO       L_Delay_50us2
;__Lib_Delays.c,21 :: 		}
L_end_Delay_50us:
0x001E	0x0008      	RETURN
; end of _Delay_50us
_Delay_5500us:
;__Lib_Delays.c,31 :: 		void Delay_5500us() {
;__Lib_Delays.c,32 :: 		Delay_us(5500);
0x001F	0x300F      	MOVLW      15
0x0020	0x1283      	BCF        STATUS, 5
0x0021	0x1303      	BCF        STATUS, 6
0x0022	0x00FC      	MOVWF      R12
0x0023	0x3047      	MOVLW      71
0x0024	0x00FD      	MOVWF      R13
L_Delay_5500us5:
0x0025	0x0BFD      	DECFSZ     R13, 1
0x0026	0x2825      	GOTO       L_Delay_5500us5
0x0027	0x0BFC      	DECFSZ     R12, 1
0x0028	0x2825      	GOTO       L_Delay_5500us5
0x0029	0x0000      	NOP
0x002A	0x0000      	NOP
;__Lib_Delays.c,33 :: 		}
L_end_Delay_5500us:
0x002B	0x0008      	RETURN
; end of _Delay_5500us
_Delay_1us:
;__Lib_Delays.c,7 :: 		void Delay_1us() {
;__Lib_Delays.c,8 :: 		Delay_us(1);
0x002C	0x0000      	NOP
0x002D	0x0000      	NOP
;__Lib_Delays.c,9 :: 		}
L_end_Delay_1us:
0x002E	0x0008      	RETURN
; end of _Delay_1us
_Lcd_Cmd:
;__Lib_Lcd.c,18 :: 		
;__Lib_Lcd.c,20 :: 		
0x002F	0x1283      	BCF        STATUS, 5
0x0030	0x1303      	BCF        STATUS, 6
0x0031	0x1BE0      	BTFSC      FARG_Lcd_Cmd_out_char, 7
0x0032	0x2835      	GOTO       L__Lcd_Cmd21
0x0033	0x1386      	BCF        LCD_D7, BitPos(LCD_D7+0)
0x0034	0x2836      	GOTO       L__Lcd_Cmd22
L__Lcd_Cmd21:
0x0035	0x1786      	BSF        LCD_D7, BitPos(LCD_D7+0)
L__Lcd_Cmd22:
;__Lib_Lcd.c,21 :: 		
0x0036	0x1B60      	BTFSC      FARG_Lcd_Cmd_out_char, 6
0x0037	0x283A      	GOTO       L__Lcd_Cmd23
0x0038	0x1306      	BCF        LCD_D6, BitPos(LCD_D6+0)
0x0039	0x283B      	GOTO       L__Lcd_Cmd24
L__Lcd_Cmd23:
0x003A	0x1706      	BSF        LCD_D6, BitPos(LCD_D6+0)
L__Lcd_Cmd24:
;__Lib_Lcd.c,22 :: 		
0x003B	0x1AE0      	BTFSC      FARG_Lcd_Cmd_out_char, 5
0x003C	0x283F      	GOTO       L__Lcd_Cmd25
0x003D	0x1286      	BCF        LCD_D5, BitPos(LCD_D5+0)
0x003E	0x2840      	GOTO       L__Lcd_Cmd26
L__Lcd_Cmd25:
0x003F	0x1686      	BSF        LCD_D5, BitPos(LCD_D5+0)
L__Lcd_Cmd26:
;__Lib_Lcd.c,23 :: 		
0x0040	0x1A60      	BTFSC      FARG_Lcd_Cmd_out_char, 4
0x0041	0x2844      	GOTO       L__Lcd_Cmd27
0x0042	0x1206      	BCF        LCD_D4, BitPos(LCD_D4+0)
0x0043	0x2845      	GOTO       L__Lcd_Cmd28
L__Lcd_Cmd27:
0x0044	0x1606      	BSF        LCD_D4, BitPos(LCD_D4+0)
L__Lcd_Cmd28:
;__Lib_Lcd.c,25 :: 		
0x0045	0x1845      	BTFSC      __Lib_Lcd_cmd_status, BitPos(__Lib_Lcd_cmd_status+0)
0x0046	0x2849      	GOTO       L__Lcd_Cmd29
0x0047	0x1506      	BSF        LCD_RS, BitPos(LCD_RS+0)
0x0048	0x284A      	GOTO       L__Lcd_Cmd30
L__Lcd_Cmd29:
0x0049	0x1106      	BCF        LCD_RS, BitPos(LCD_RS+0)
L__Lcd_Cmd30:
;__Lib_Lcd.c,28 :: 		
0x004A	0x1586      	BSF        LCD_EN, BitPos(LCD_EN+0)
;__Lib_Lcd.c,29 :: 		
0x004B	0x202C      	CALL       _Delay_1us
;__Lib_Lcd.c,30 :: 		
0x004C	0x1186      	BCF        LCD_EN, BitPos(LCD_EN+0)
;__Lib_Lcd.c,33 :: 		
0x004D	0x19E0      	BTFSC      FARG_Lcd_Cmd_out_char, 3
0x004E	0x2851      	GOTO       L__Lcd_Cmd31
0x004F	0x1386      	BCF        LCD_D7, BitPos(LCD_D7+0)
0x0050	0x2852      	GOTO       L__Lcd_Cmd32
L__Lcd_Cmd31:
0x0051	0x1786      	BSF        LCD_D7, BitPos(LCD_D7+0)
L__Lcd_Cmd32:
;__Lib_Lcd.c,34 :: 		
0x0052	0x1960      	BTFSC      FARG_Lcd_Cmd_out_char, 2
0x0053	0x2856      	GOTO       L__Lcd_Cmd33
0x0054	0x1306      	BCF        LCD_D6, BitPos(LCD_D6+0)
0x0055	0x2857      	GOTO       L__Lcd_Cmd34
L__Lcd_Cmd33:
0x0056	0x1706      	BSF        LCD_D6, BitPos(LCD_D6+0)
L__Lcd_Cmd34:
;__Lib_Lcd.c,35 :: 		
0x0057	0x18E0      	BTFSC      FARG_Lcd_Cmd_out_char, 1
0x0058	0x285B      	GOTO       L__Lcd_Cmd35
0x0059	0x1286      	BCF        LCD_D5, BitPos(LCD_D5+0)
0x005A	0x285C      	GOTO       L__Lcd_Cmd36
L__Lcd_Cmd35:
0x005B	0x1686      	BSF        LCD_D5, BitPos(LCD_D5+0)
L__Lcd_Cmd36:
;__Lib_Lcd.c,36 :: 		
0x005C	0x1860      	BTFSC      FARG_Lcd_Cmd_out_char, 0
0x005D	0x2860      	GOTO       L__Lcd_Cmd37
0x005E	0x1206      	BCF        LCD_D4, BitPos(LCD_D4+0)
0x005F	0x2861      	GOTO       L__Lcd_Cmd38
L__Lcd_Cmd37:
0x0060	0x1606      	BSF        LCD_D4, BitPos(LCD_D4+0)
L__Lcd_Cmd38:
;__Lib_Lcd.c,38 :: 		
0x0061	0x1845      	BTFSC      __Lib_Lcd_cmd_status, BitPos(__Lib_Lcd_cmd_status+0)
0x0062	0x2865      	GOTO       L__Lcd_Cmd39
0x0063	0x1506      	BSF        LCD_RS, BitPos(LCD_RS+0)
0x0064	0x2866      	GOTO       L__Lcd_Cmd40
L__Lcd_Cmd39:
0x0065	0x1106      	BCF        LCD_RS, BitPos(LCD_RS+0)
L__Lcd_Cmd40:
;__Lib_Lcd.c,40 :: 		
0x0066	0x1586      	BSF        LCD_EN, BitPos(LCD_EN+0)
;__Lib_Lcd.c,41 :: 		
0x0067	0x202C      	CALL       _Delay_1us
;__Lib_Lcd.c,42 :: 		
0x0068	0x1186      	BCF        LCD_EN, BitPos(LCD_EN+0)
;__Lib_Lcd.c,44 :: 		
0x0069	0x1C45      	BTFSS      __Lib_Lcd_cmd_status, BitPos(__Lib_Lcd_cmd_status+0)
0x006A	0x286D      	GOTO       L_Lcd_Cmd0
;__Lib_Lcd.c,45 :: 		
0x006B	0x201F      	CALL       _Delay_5500us
0x006C	0x286E      	GOTO       L_Lcd_Cmd1
L_Lcd_Cmd0:
;__Lib_Lcd.c,47 :: 		
0x006D	0x2018      	CALL       _Delay_50us
L_Lcd_Cmd1:
;__Lib_Lcd.c,48 :: 		
L_end_Lcd_Cmd:
0x006E	0x0008      	RETURN
; end of _Lcd_Cmd
_Lcd_Chr_CP:
;__Lib_Lcd.c,50 :: 		
;__Lib_Lcd.c,52 :: 		
0x006F	0x1283      	BCF        STATUS, 5
0x0070	0x1303      	BCF        STATUS, 6
0x0071	0x1045      	BCF        __Lib_Lcd_cmd_status, BitPos(__Lib_Lcd_cmd_status+0)
;__Lib_Lcd.c,53 :: 		
0x0072	0x085F      	MOVF       FARG_Lcd_Chr_CP_out_char, 0
0x0073	0x00E0      	MOVWF      FARG_Lcd_Cmd_out_char
0x0074	0x202F      	CALL       _Lcd_Cmd
;__Lib_Lcd.c,54 :: 		
0x0075	0x1445      	BSF        __Lib_Lcd_cmd_status, BitPos(__Lib_Lcd_cmd_status+0)
;__Lib_Lcd.c,55 :: 		
L_end_Lcd_Chr_CP:
0x0076	0x0008      	RETURN
; end of _Lcd_Chr_CP
_SETFOV32:
;__Lib_MathDouble.c,79 :: 		
;__Lib_MathDouble.c,86 :: 		
0x0077	0x14FB      	BSF        R11, 1
;__Lib_MathDouble.c,87 :: 		
0x0078	0x1FFB      	BTFSS      R11, 7
;__Lib_MathDouble.c,88 :: 		
0x0079	0x2881      	GOTO       SETFOV32EEE
;__Lib_MathDouble.c,89 :: 		
0x007A	0x30FF      	MOVLW      255
;__Lib_MathDouble.c,90 :: 		
0x007B	0x00F3      	MOVWF      R3
;__Lib_MathDouble.c,91 :: 		
0x007C	0x00F2      	MOVWF      R2
;__Lib_MathDouble.c,92 :: 		
0x007D	0x00F1      	MOVWF      R1
;__Lib_MathDouble.c,93 :: 		
0x007E	0x00F0      	MOVWF      R0
;__Lib_MathDouble.c,94 :: 		
0x007F	0x0DFA      	RLF        R10, 1
;__Lib_MathDouble.c,95 :: 		
0x0080	0x0CF2      	RRF        R2, 1
;__Lib_MathDouble.c,96 :: 		
SETFOV32EEE:
;__Lib_MathDouble.c,97 :: 		
0x0081	0x30FF      	MOVLW      255
;__Lib_MathDouble.c,99 :: 		
L_end_SETFOV32:
0x0082	0x0008      	RETURN
; end of _SETFOV32
_RES032:
;__Lib_MathDouble.c,123 :: 		
;__Lib_MathDouble.c,128 :: 		
0x0083	0x01F2      	CLRF       R2
;__Lib_MathDouble.c,129 :: 		
0x0084	0x01F1      	CLRF       R1
;__Lib_MathDouble.c,130 :: 		
0x0085	0x01F0      	CLRF       R0
;__Lib_MathDouble.c,131 :: 		
0x0086	0x01F8      	CLRF       R8
;__Lib_MathDouble.c,132 :: 		
0x0087	0x01F3      	CLRF       R3
;__Lib_MathDouble.c,133 :: 		
0x0088	0x3000      	MOVLW      0
;__Lib_MathDouble.c,135 :: 		
L_end_RES032:
0x0089	0x0008      	RETURN
; end of _RES032
_SETFUN32:
;__Lib_MathDouble.c,138 :: 		
;__Lib_MathDouble.c,145 :: 		
0x008A	0x157B      	BSF        R11, 2
;__Lib_MathDouble.c,146 :: 		
0x008B	0x1FFB      	BTFSS      R11, 7
;__Lib_MathDouble.c,147 :: 		
0x008C	0x2894      	GOTO       SETFUN32EEE
;__Lib_MathDouble.c,148 :: 		
0x008D	0x3001      	MOVLW      1
;__Lib_MathDouble.c,149 :: 		
0x008E	0x00F3      	MOVWF      R3
;__Lib_MathDouble.c,150 :: 		
0x008F	0x01F2      	CLRF       R2
;__Lib_MathDouble.c,151 :: 		
0x0090	0x01F1      	CLRF       R1
;__Lib_MathDouble.c,152 :: 		
0x0091	0x01F0      	CLRF       R0
;__Lib_MathDouble.c,153 :: 		
0x0092	0x0DFA      	RLF        R10, 1
;__Lib_MathDouble.c,154 :: 		
0x0093	0x0CF2      	RRF        R2, 1
;__Lib_MathDouble.c,155 :: 		
SETFUN32EEE:
;__Lib_MathDouble.c,156 :: 		
0x0094	0x30FF      	MOVLW      255
;__Lib_MathDouble.c,158 :: 		
L_end_SETFUN32:
0x0095	0x0008      	RETURN
; end of _SETFUN32
_FIXSIGN32:
;__Lib_MathDouble.c,112 :: 		
;__Lib_MathDouble.c,116 :: 		
0x0096	0x1FFA      	BTFSS      R10, 7
;__Lib_MathDouble.c,117 :: 		
0x0097	0x13F2      	BCF        R2, 7
;__Lib_MathDouble.c,118 :: 		
0x0098	0x3000      	MOVLW      0
;__Lib_MathDouble.c,120 :: 		
L_end_FIXSIGN32:
0x0099	0x0008      	RETURN
; end of _FIXSIGN32
_Delay_1ms:
;__Lib_Delays.c,35 :: 		void Delay_1ms() {
;__Lib_Delays.c,36 :: 		Delay_ms(1);
0x009A	0x3003      	MOVLW      3
0x009B	0x1283      	BCF        STATUS, 5
0x009C	0x1303      	BCF        STATUS, 6
0x009D	0x00FC      	MOVWF      R12
0x009E	0x3097      	MOVLW      151
0x009F	0x00FD      	MOVWF      R13
L_Delay_1ms6:
0x00A0	0x0BFD      	DECFSZ     R13, 1
0x00A1	0x28A0      	GOTO       L_Delay_1ms6
0x00A2	0x0BFC      	DECFSZ     R12, 1
0x00A3	0x28A0      	GOTO       L_Delay_1ms6
0x00A4	0x0000      	NOP
0x00A5	0x0000      	NOP
;__Lib_Delays.c,37 :: 		}
L_end_Delay_1ms:
0x00A6	0x0008      	RETURN
; end of _Delay_1ms
_kp_scan:
;keypad4x3.h,29 :: 		char kp_scan(){
;keypad4x3.h,30 :: 		char key = 0;
0x00A7	0x1283      	BCF        STATUS, 5
0x00A8	0x1303      	BCF        STATUS, 6
0x00A9	0x01DB      	CLRF       kp_scan_key_L0
;keypad4x3.h,31 :: 		kp_col1 = 1; kp_col2 = 0; kp_col3 = 0;
0x00AA	0x1587      	BSF        RC3_bit, BitPos(RC3_bit+0)
0x00AB	0x1107      	BCF        RC2_bit, BitPos(RC2_bit+0)
0x00AC	0x1087      	BCF        RC1_bit, BitPos(RC1_bit+0)
;keypad4x3.h,32 :: 		delay_1ms();
0x00AD	0x209A      	CALL       _Delay_1ms
;keypad4x3.h,33 :: 		if(kp_row1 == 1) key = '1';
0x00AE	0x1F87      	BTFSS      RC7_bit, BitPos(RC7_bit+0)
0x00AF	0x28B3      	GOTO       L_kp_scan0
0x00B0	0x3031      	MOVLW      49
0x00B1	0x00DB      	MOVWF      kp_scan_key_L0
0x00B2	0x28C1      	GOTO       L_kp_scan1
L_kp_scan0:
;keypad4x3.h,34 :: 		else if(kp_row2 == 1) key = '4';
0x00B3	0x1F07      	BTFSS      RC6_bit, BitPos(RC6_bit+0)
0x00B4	0x28B8      	GOTO       L_kp_scan2
0x00B5	0x3034      	MOVLW      52
0x00B6	0x00DB      	MOVWF      kp_scan_key_L0
0x00B7	0x28C1      	GOTO       L_kp_scan3
L_kp_scan2:
;keypad4x3.h,35 :: 		else if(kp_row3 == 1) key = '7';
0x00B8	0x1E87      	BTFSS      RC5_bit, BitPos(RC5_bit+0)
0x00B9	0x28BD      	GOTO       L_kp_scan4
0x00BA	0x3037      	MOVLW      55
0x00BB	0x00DB      	MOVWF      kp_scan_key_L0
0x00BC	0x28C1      	GOTO       L_kp_scan5
L_kp_scan4:
;keypad4x3.h,36 :: 		else if(kp_row4 == 1) key = '*';
0x00BD	0x1E07      	BTFSS      RC4_bit, BitPos(RC4_bit+0)
0x00BE	0x28C1      	GOTO       L_kp_scan6
0x00BF	0x302A      	MOVLW      42
0x00C0	0x00DB      	MOVWF      kp_scan_key_L0
L_kp_scan6:
L_kp_scan5:
L_kp_scan3:
L_kp_scan1:
;keypad4x3.h,37 :: 		delay_1ms();
0x00C1	0x209A      	CALL       _Delay_1ms
;keypad4x3.h,38 :: 		kp_col1 = 0; kp_col2 = 1; kp_col3 = 0;
0x00C2	0x1187      	BCF        RC3_bit, BitPos(RC3_bit+0)
0x00C3	0x1507      	BSF        RC2_bit, BitPos(RC2_bit+0)
0x00C4	0x1087      	BCF        RC1_bit, BitPos(RC1_bit+0)
;keypad4x3.h,39 :: 		delay_1ms();
0x00C5	0x209A      	CALL       _Delay_1ms
;keypad4x3.h,40 :: 		if(kp_row1 == 1) key = '2';
0x00C6	0x1F87      	BTFSS      RC7_bit, BitPos(RC7_bit+0)
0x00C7	0x28CB      	GOTO       L_kp_scan7
0x00C8	0x3032      	MOVLW      50
0x00C9	0x00DB      	MOVWF      kp_scan_key_L0
0x00CA	0x28D9      	GOTO       L_kp_scan8
L_kp_scan7:
;keypad4x3.h,41 :: 		else if(kp_row2 == 1) key = '5';
0x00CB	0x1F07      	BTFSS      RC6_bit, BitPos(RC6_bit+0)
0x00CC	0x28D0      	GOTO       L_kp_scan9
0x00CD	0x3035      	MOVLW      53
0x00CE	0x00DB      	MOVWF      kp_scan_key_L0
0x00CF	0x28D9      	GOTO       L_kp_scan10
L_kp_scan9:
;keypad4x3.h,42 :: 		else if(kp_row3 == 1) key = '8';
0x00D0	0x1E87      	BTFSS      RC5_bit, BitPos(RC5_bit+0)
0x00D1	0x28D5      	GOTO       L_kp_scan11
0x00D2	0x3038      	MOVLW      56
0x00D3	0x00DB      	MOVWF      kp_scan_key_L0
0x00D4	0x28D9      	GOTO       L_kp_scan12
L_kp_scan11:
;keypad4x3.h,43 :: 		else if(kp_row4 == 1) key = '0';
0x00D5	0x1E07      	BTFSS      RC4_bit, BitPos(RC4_bit+0)
0x00D6	0x28D9      	GOTO       L_kp_scan13
0x00D7	0x3030      	MOVLW      48
0x00D8	0x00DB      	MOVWF      kp_scan_key_L0
L_kp_scan13:
L_kp_scan12:
L_kp_scan10:
L_kp_scan8:
;keypad4x3.h,44 :: 		kp_col1 = 0; kp_col2 = 0; kp_col3 = 1;
0x00D9	0x1187      	BCF        RC3_bit, BitPos(RC3_bit+0)
0x00DA	0x1107      	BCF        RC2_bit, BitPos(RC2_bit+0)
0x00DB	0x1487      	BSF        RC1_bit, BitPos(RC1_bit+0)
;keypad4x3.h,45 :: 		delay_1ms();
0x00DC	0x209A      	CALL       _Delay_1ms
;keypad4x3.h,46 :: 		if(kp_row1 == 1) key = '3';
0x00DD	0x1F87      	BTFSS      RC7_bit, BitPos(RC7_bit+0)
0x00DE	0x28E2      	GOTO       L_kp_scan14
0x00DF	0x3033      	MOVLW      51
0x00E0	0x00DB      	MOVWF      kp_scan_key_L0
0x00E1	0x28F0      	GOTO       L_kp_scan15
L_kp_scan14:
;keypad4x3.h,47 :: 		else if(kp_row2 == 1) key = '6';
0x00E2	0x1F07      	BTFSS      RC6_bit, BitPos(RC6_bit+0)
0x00E3	0x28E7      	GOTO       L_kp_scan16
0x00E4	0x3036      	MOVLW      54
0x00E5	0x00DB      	MOVWF      kp_scan_key_L0
0x00E6	0x28F0      	GOTO       L_kp_scan17
L_kp_scan16:
;keypad4x3.h,48 :: 		else if(kp_row3 == 1) key = '9';
0x00E7	0x1E87      	BTFSS      RC5_bit, BitPos(RC5_bit+0)
0x00E8	0x28EC      	GOTO       L_kp_scan18
0x00E9	0x3039      	MOVLW      57
0x00EA	0x00DB      	MOVWF      kp_scan_key_L0
0x00EB	0x28F0      	GOTO       L_kp_scan19
L_kp_scan18:
;keypad4x3.h,49 :: 		else if(kp_row4 == 1) key = '#';
0x00EC	0x1E07      	BTFSS      RC4_bit, BitPos(RC4_bit+0)
0x00ED	0x28F0      	GOTO       L_kp_scan20
0x00EE	0x3023      	MOVLW      35
0x00EF	0x00DB      	MOVWF      kp_scan_key_L0
L_kp_scan20:
L_kp_scan19:
L_kp_scan17:
L_kp_scan15:
;keypad4x3.h,50 :: 		return key;
0x00F0	0x085B      	MOVF       kp_scan_key_L0, 0
0x00F1	0x00F0      	MOVWF      R0
;keypad4x3.h,51 :: 		}
L_end_kp_scan:
0x00F2	0x0008      	RETURN
; end of _kp_scan
_SETIOV3224:
;__Lib_MathDouble.c,1000 :: 		
;__Lib_MathDouble.c,1006 :: 		
0x00F3	0x147B      	BSF        R11, 0
;__Lib_MathDouble.c,1007 :: 		
0x00F4	0x1FFB      	BTFSS      R11, 7
;__Lib_MathDouble.c,1008 :: 		
0x00F5	0x28FE      	GOTO       SETIOV3224EEE
;__Lib_MathDouble.c,1010 :: 		
0x00F6	0x01F2      	CLRF       R2
;__Lib_MathDouble.c,1011 :: 		
0x00F7	0x1FFA      	BTFSS      R10, 7
;__Lib_MathDouble.c,1012 :: 		
0x00F8	0x30FF      	MOVLW      255
;__Lib_MathDouble.c,1013 :: 		
0x00F9	0x00F2      	MOVWF      R2
;__Lib_MathDouble.c,1014 :: 		
0x00FA	0x00F1      	MOVWF      R1
;__Lib_MathDouble.c,1015 :: 		
0x00FB	0x00F0      	MOVWF      R0
;__Lib_MathDouble.c,1016 :: 		
0x00FC	0x0DFA      	RLF        R10, 1
;__Lib_MathDouble.c,1017 :: 		
0x00FD	0x0CF2      	RRF        R2, 1
;__Lib_MathDouble.c,1018 :: 		
SETIOV3224EEE:
;__Lib_MathDouble.c,1019 :: 		
0x00FE	0x30FF      	MOVLW      255
;__Lib_MathDouble.c,1021 :: 		
L_end_SETIOV3224:
0x00FF	0x0008      	RETURN
; end of _SETIOV3224
_Lcd_Out:
;__Lib_Lcd.c,184 :: 		
;__Lib_Lcd.c,187 :: 		
0x0100	0x2912      	GOTO       L_Lcd_Out11
;__Lib_Lcd.c,188 :: 		
L_Lcd_Out13:
0x0101	0x3080      	MOVLW      128
0x0102	0x1283      	BCF        STATUS, 5
0x0103	0x1303      	BCF        STATUS, 6
0x0104	0x00DB      	MOVWF      FARG_Lcd_Out_row
0x0105	0x2923      	GOTO       L_Lcd_Out12
;__Lib_Lcd.c,189 :: 		
L_Lcd_Out14:
0x0106	0x30C0      	MOVLW      192
0x0107	0x00DB      	MOVWF      FARG_Lcd_Out_row
0x0108	0x2923      	GOTO       L_Lcd_Out12
;__Lib_Lcd.c,190 :: 		
L_Lcd_Out15:
0x0109	0x3094      	MOVLW      148
0x010A	0x00DB      	MOVWF      FARG_Lcd_Out_row
0x010B	0x2923      	GOTO       L_Lcd_Out12
;__Lib_Lcd.c,191 :: 		
L_Lcd_Out16:
0x010C	0x30D4      	MOVLW      212
0x010D	0x00DB      	MOVWF      FARG_Lcd_Out_row
0x010E	0x2923      	GOTO       L_Lcd_Out12
;__Lib_Lcd.c,192 :: 		
L_Lcd_Out17:
0x010F	0x3080      	MOVLW      128
0x0110	0x00DB      	MOVWF      FARG_Lcd_Out_row
;__Lib_Lcd.c,193 :: 		
0x0111	0x2923      	GOTO       L_Lcd_Out12
L_Lcd_Out11:
0x0112	0x085B      	MOVF       FARG_Lcd_Out_row, 0
0x0113	0x3A01      	XORLW      1
0x0114	0x1903      	BTFSC      STATUS, 2
0x0115	0x2901      	GOTO       L_Lcd_Out13
0x0116	0x085B      	MOVF       FARG_Lcd_Out_row, 0
0x0117	0x3A02      	XORLW      2
0x0118	0x1903      	BTFSC      STATUS, 2
0x0119	0x2906      	GOTO       L_Lcd_Out14
0x011A	0x085B      	MOVF       FARG_Lcd_Out_row, 0
0x011B	0x3A03      	XORLW      3
0x011C	0x1903      	BTFSC      STATUS, 2
0x011D	0x2909      	GOTO       L_Lcd_Out15
0x011E	0x085B      	MOVF       FARG_Lcd_Out_row, 0
0x011F	0x3A04      	XORLW      4
0x0120	0x1903      	BTFSC      STATUS, 2
0x0121	0x290C      	GOTO       L_Lcd_Out16
0x0122	0x290F      	GOTO       L_Lcd_Out17
L_Lcd_Out12:
;__Lib_Lcd.c,194 :: 		
0x0123	0x035C      	DECF       FARG_Lcd_Out_column, 0
0x0124	0x00F0      	MOVWF      R0
0x0125	0x085B      	MOVF       FARG_Lcd_Out_row, 0
0x0126	0x07F0      	ADDWF      R0, 1
0x0127	0x0870      	MOVF       R0, 0
0x0128	0x00DB      	MOVWF      FARG_Lcd_Out_row
;__Lib_Lcd.c,196 :: 		
0x0129	0x0870      	MOVF       R0, 0
0x012A	0x00E0      	MOVWF      FARG_Lcd_Cmd_out_char
0x012B	0x202F      	CALL       _Lcd_Cmd
;__Lib_Lcd.c,197 :: 		
0x012C	0x1045      	BCF        __Lib_Lcd_cmd_status, BitPos(__Lib_Lcd_cmd_status+0)
;__Lib_Lcd.c,198 :: 		
0x012D	0x01DE      	CLRF       Lcd_Out_i_L0
;__Lib_Lcd.c,199 :: 		
L_Lcd_Out18:
0x012E	0x085E      	MOVF       Lcd_Out_i_L0, 0
0x012F	0x075D      	ADDWF      FARG_Lcd_Out_text, 0
0x0130	0x0084      	MOVWF      FSR
0x0131	0x0800      	MOVF       INDF, 0
0x0132	0x1903      	BTFSC      STATUS, 2
0x0133	0x293C      	GOTO       L_Lcd_Out19
;__Lib_Lcd.c,200 :: 		
0x0134	0x085E      	MOVF       Lcd_Out_i_L0, 0
0x0135	0x075D      	ADDWF      FARG_Lcd_Out_text, 0
0x0136	0x0084      	MOVWF      FSR
0x0137	0x0800      	MOVF       INDF, 0
0x0138	0x00DF      	MOVWF      FARG_Lcd_Chr_CP_out_char
0x0139	0x206F      	CALL       _Lcd_Chr_CP
0x013A	0x0ADE      	INCF       Lcd_Out_i_L0, 1
0x013B	0x292E      	GOTO       L_Lcd_Out18
L_Lcd_Out19:
;__Lib_Lcd.c,201 :: 		
0x013C	0x1445      	BSF        __Lib_Lcd_cmd_status, BitPos(__Lib_Lcd_cmd_status+0)
;__Lib_Lcd.c,202 :: 		
L_end_Lcd_Out:
0x013D	0x0008      	RETURN
; end of _Lcd_Out
_NRM4032:
;__Lib_MathDouble.c,245 :: 		
;__Lib_MathDouble.c,252 :: 		
;__Lib_MathDouble.c,254 :: 		
0x013E	0x187C      	BTFSC      R12, 0
;__Lib_MathDouble.c,255 :: 		
0x013F	0x2974      	GOTO       NRMRND4032
;__Lib_MathDouble.c,256 :: 		
0x0140	0x18FC      	BTFSC      R12, 1
;__Lib_MathDouble.c,257 :: 		
0x0141	0x2945      	GOTO       NRM4032
;__Lib_MathDouble.c,258 :: 		
0x0142	0x197C      	BTFSC      R12, 2
;__Lib_MathDouble.c,259 :: 		
0x0143	0x2993      	GOTO       JMPSETFOV32
;__Lib_MathDouble.c,260 :: 		
0x0144	0x293E      	GOTO       $-6
;__Lib_MathDouble.c,261 :: 		
NRM4032:
;__Lib_MathDouble.c,262 :: 		
0x0145	0x01A0      	CLRF       __math_tempbD
;__Lib_MathDouble.c,263 :: 		
0x0146	0x0872      	MOVF       R2, 0
;__Lib_MathDouble.c,264 :: 		
0x0147	0x1D03      	BTFSS      STATUS, 2
;__Lib_MathDouble.c,265 :: 		
0x0148	0x2965      	GOTO       NORM4032
;__Lib_MathDouble.c,266 :: 		
0x0149	0x0871      	MOVF       R1, 0
;__Lib_MathDouble.c,267 :: 		
0x014A	0x00F2      	MOVWF      R2
;__Lib_MathDouble.c,268 :: 		
0x014B	0x0870      	MOVF       R0, 0
;__Lib_MathDouble.c,269 :: 		
0x014C	0x00F1      	MOVWF      R1
;__Lib_MathDouble.c,270 :: 		
0x014D	0x0878      	MOVF       R8, 0
;__Lib_MathDouble.c,271 :: 		
0x014E	0x00F0      	MOVWF      R0
;__Lib_MathDouble.c,272 :: 		
0x014F	0x01F8      	CLRF       R8
;__Lib_MathDouble.c,273 :: 		
0x0150	0x15A0      	BSF        __math_tempbD, 3
;__Lib_MathDouble.c,275 :: 		
0x0151	0x0872      	MOVF       R2, 0
;__Lib_MathDouble.c,276 :: 		
0x0152	0x1D03      	BTFSS      STATUS, 2
;__Lib_MathDouble.c,277 :: 		
0x0153	0x2965      	GOTO       NORM4032
;__Lib_MathDouble.c,278 :: 		
0x0154	0x0871      	MOVF       R1, 0
;__Lib_MathDouble.c,279 :: 		
0x0155	0x00F2      	MOVWF      R2
;__Lib_MathDouble.c,280 :: 		
0x0156	0x0870      	MOVF       R0, 0
;__Lib_MathDouble.c,281 :: 		
0x0157	0x00F1      	MOVWF      R1
;__Lib_MathDouble.c,282 :: 		
0x0158	0x01F0      	CLRF       R0
;__Lib_MathDouble.c,283 :: 		
0x0159	0x11A0      	BCF        __math_tempbD, 3
;__Lib_MathDouble.c,284 :: 		
0x015A	0x1620      	BSF        __math_tempbD, 4
;__Lib_MathDouble.c,286 :: 		
0x015B	0x0872      	MOVF       R2, 0
;__Lib_MathDouble.c,287 :: 		
0x015C	0x1D03      	BTFSS      STATUS, 2
;__Lib_MathDouble.c,288 :: 		
0x015D	0x2965      	GOTO       NORM4032
;__Lib_MathDouble.c,289 :: 		
0x015E	0x0871      	MOVF       R1, 0
;__Lib_MathDouble.c,290 :: 		
0x015F	0x00F2      	MOVWF      R2
;__Lib_MathDouble.c,291 :: 		
0x0160	0x01F1      	CLRF       R1
;__Lib_MathDouble.c,292 :: 		
0x0161	0x15A0      	BSF        __math_tempbD, 3
;__Lib_MathDouble.c,294 :: 		
0x0162	0x0872      	MOVF       R2, 0
;__Lib_MathDouble.c,295 :: 		
0x0163	0x1903      	BTFSC      STATUS, 2
;__Lib_MathDouble.c,296 :: 		
0x0164	0x2987      	GOTO       JMPRES032
;__Lib_MathDouble.c,297 :: 		
NORM4032:
;__Lib_MathDouble.c,298 :: 		
0x0165	0x0820      	MOVF       __math_tempbD, 0
;__Lib_MathDouble.c,299 :: 		
0x0166	0x02F3      	SUBWF      R3, 1
;__Lib_MathDouble.c,300 :: 		
0x0167	0x1D03      	BTFSS      STATUS, 2
;__Lib_MathDouble.c,301 :: 		
0x0168	0x1C03      	BTFSS      STATUS, 0
;__Lib_MathDouble.c,302 :: 		
0x0169	0x298B      	GOTO       JMPSETFUN32
;__Lib_MathDouble.c,303 :: 		
0x016A	0x1003      	BCF        STATUS, 0
;__Lib_MathDouble.c,304 :: 		
NORM4032A:
;__Lib_MathDouble.c,305 :: 		
0x016B	0x1BF2      	BTFSC      R2, 7
;__Lib_MathDouble.c,306 :: 		
0x016C	0x2974      	GOTO       NRMRND4032
;__Lib_MathDouble.c,307 :: 		
0x016D	0x0DF8      	RLF        R8, 1
;__Lib_MathDouble.c,308 :: 		
0x016E	0x0DF0      	RLF        R0, 1
;__Lib_MathDouble.c,309 :: 		
0x016F	0x0DF1      	RLF        R1, 1
;__Lib_MathDouble.c,310 :: 		
0x0170	0x0DF2      	RLF        R2, 1
;__Lib_MathDouble.c,311 :: 		
0x0171	0x0BF3      	DECFSZ     R3, 1
;__Lib_MathDouble.c,312 :: 		
0x0172	0x296B      	GOTO       NORM4032A
;__Lib_MathDouble.c,313 :: 		
0x0173	0x298B      	GOTO       JMPSETFUN32
;__Lib_MathDouble.c,314 :: 		
NRMRND4032:
;__Lib_MathDouble.c,315 :: 		
0x0174	0x1B7B      	BTFSC      R11, 6
;__Lib_MathDouble.c,316 :: 		
0x0175	0x1C70      	BTFSS      R0, 0
;__Lib_MathDouble.c,317 :: 		
0x0176	0x298F      	GOTO       JMPFIXSIGN32
;__Lib_MathDouble.c,318 :: 		
0x0177	0x1FF8      	BTFSS      R8, 7
;__Lib_MathDouble.c,319 :: 		
0x0178	0x298F      	GOTO       JMPFIXSIGN32
;__Lib_MathDouble.c,320 :: 		
0x0179	0x0AF0      	INCF       R0, 1
;__Lib_MathDouble.c,321 :: 		
0x017A	0x1903      	BTFSC      STATUS, 2
;__Lib_MathDouble.c,322 :: 		
0x017B	0x0AF1      	INCF       R1, 1
;__Lib_MathDouble.c,323 :: 		
0x017C	0x1903      	BTFSC      STATUS, 2
;__Lib_MathDouble.c,324 :: 		
0x017D	0x0AF2      	INCF       R2, 1
;__Lib_MathDouble.c,325 :: 		
0x017E	0x1D03      	BTFSS      STATUS, 2
;__Lib_MathDouble.c,326 :: 		
0x017F	0x298F      	GOTO       JMPFIXSIGN32
;__Lib_MathDouble.c,327 :: 		
0x0180	0x0CF2      	RRF        R2, 1
;__Lib_MathDouble.c,328 :: 		
0x0181	0x0CF1      	RRF        R1, 1
;__Lib_MathDouble.c,329 :: 		
0x0182	0x0CF0      	RRF        R0, 1
;__Lib_MathDouble.c,330 :: 		
0x0183	0x0AF3      	INCF       R3, 1
;__Lib_MathDouble.c,331 :: 		
0x0184	0x1903      	BTFSC      STATUS, 2
;__Lib_MathDouble.c,332 :: 		
0x0185	0x2993      	GOTO       JMPSETFOV32
;__Lib_MathDouble.c,333 :: 		
0x0186	0x298F      	GOTO       JMPFIXSIGN32
;__Lib_MathDouble.c,334 :: 		
JMPRES032:
;__Lib_MathDouble.c,335 :: 		
0x0187	0x3001      	MOVLW      1
;__Lib_MathDouble.c,336 :: 		
0x0188	0x00FC      	MOVWF      R12
;__Lib_MathDouble.c,338 :: 		
0x0189	0x2083      	CALL       _RES032
;__Lib_MathDouble.c,340 :: 		
0x018A	0x2996      	GOTO       NRM4032EEE
;__Lib_MathDouble.c,341 :: 		
JMPSETFUN32:
;__Lib_MathDouble.c,342 :: 		
0x018B	0x3002      	MOVLW      2
;__Lib_MathDouble.c,343 :: 		
0x018C	0x00FC      	MOVWF      R12
;__Lib_MathDouble.c,345 :: 		
0x018D	0x208A      	CALL       _SETFUN32
;__Lib_MathDouble.c,347 :: 		
0x018E	0x2996      	GOTO       NRM4032EEE
;__Lib_MathDouble.c,348 :: 		
JMPFIXSIGN32:
;__Lib_MathDouble.c,349 :: 		
0x018F	0x3004      	MOVLW      4
;__Lib_MathDouble.c,350 :: 		
0x0190	0x00FC      	MOVWF      R12
;__Lib_MathDouble.c,352 :: 		
0x0191	0x2096      	CALL       _FIXSIGN32
;__Lib_MathDouble.c,354 :: 		
0x0192	0x2996      	GOTO       NRM4032EEE
;__Lib_MathDouble.c,355 :: 		
JMPSETFOV32:
;__Lib_MathDouble.c,356 :: 		
0x0193	0x3008      	MOVLW      8
;__Lib_MathDouble.c,357 :: 		
0x0194	0x00FC      	MOVWF      R12
;__Lib_MathDouble.c,359 :: 		
0x0195	0x2077      	CALL       _SETFOV32
;__Lib_MathDouble.c,361 :: 		
NRM4032EEE:
;__Lib_MathDouble.c,362 :: 		
0x0196	0x0000      	NOP
;__Lib_MathDouble.c,370 :: 		
L_end_NRM4032:
0x0197	0x0008      	RETURN
; end of _NRM4032
_Lcd_Chr:
;__Lib_Lcd.c,65 :: 		
;__Lib_Lcd.c,66 :: 		
0x0198	0x29AA      	GOTO       L_Lcd_Chr4
;__Lib_Lcd.c,67 :: 		
L_Lcd_Chr6:
0x0199	0x3080      	MOVLW      128
0x019A	0x1283      	BCF        STATUS, 5
0x019B	0x1303      	BCF        STATUS, 6
0x019C	0x00DB      	MOVWF      FARG_Lcd_Chr_row
0x019D	0x29BB      	GOTO       L_Lcd_Chr5
;__Lib_Lcd.c,68 :: 		
L_Lcd_Chr7:
0x019E	0x30C0      	MOVLW      192
0x019F	0x00DB      	MOVWF      FARG_Lcd_Chr_row
0x01A0	0x29BB      	GOTO       L_Lcd_Chr5
;__Lib_Lcd.c,69 :: 		
L_Lcd_Chr8:
0x01A1	0x3094      	MOVLW      148
0x01A2	0x00DB      	MOVWF      FARG_Lcd_Chr_row
0x01A3	0x29BB      	GOTO       L_Lcd_Chr5
;__Lib_Lcd.c,70 :: 		
L_Lcd_Chr9:
0x01A4	0x30D4      	MOVLW      212
0x01A5	0x00DB      	MOVWF      FARG_Lcd_Chr_row
0x01A6	0x29BB      	GOTO       L_Lcd_Chr5
;__Lib_Lcd.c,71 :: 		
L_Lcd_Chr10:
0x01A7	0x3080      	MOVLW      128
0x01A8	0x00DB      	MOVWF      FARG_Lcd_Chr_row
;__Lib_Lcd.c,72 :: 		
0x01A9	0x29BB      	GOTO       L_Lcd_Chr5
L_Lcd_Chr4:
0x01AA	0x085B      	MOVF       FARG_Lcd_Chr_row, 0
0x01AB	0x3A01      	XORLW      1
0x01AC	0x1903      	BTFSC      STATUS, 2
0x01AD	0x2999      	GOTO       L_Lcd_Chr6
0x01AE	0x085B      	MOVF       FARG_Lcd_Chr_row, 0
0x01AF	0x3A02      	XORLW      2
0x01B0	0x1903      	BTFSC      STATUS, 2
0x01B1	0x299E      	GOTO       L_Lcd_Chr7
0x01B2	0x085B      	MOVF       FARG_Lcd_Chr_row, 0
0x01B3	0x3A03      	XORLW      3
0x01B4	0x1903      	BTFSC      STATUS, 2
0x01B5	0x29A1      	GOTO       L_Lcd_Chr8
0x01B6	0x085B      	MOVF       FARG_Lcd_Chr_row, 0
0x01B7	0x3A04      	XORLW      4
0x01B8	0x1903      	BTFSC      STATUS, 2
0x01B9	0x29A4      	GOTO       L_Lcd_Chr9
0x01BA	0x29A7      	GOTO       L_Lcd_Chr10
L_Lcd_Chr5:
;__Lib_Lcd.c,74 :: 		
0x01BB	0x035C      	DECF       FARG_Lcd_Chr_column, 0
0x01BC	0x00F0      	MOVWF      R0
0x01BD	0x085B      	MOVF       FARG_Lcd_Chr_row, 0
0x01BE	0x07F0      	ADDWF      R0, 1
0x01BF	0x0870      	MOVF       R0, 0
0x01C0	0x00DB      	MOVWF      FARG_Lcd_Chr_row
;__Lib_Lcd.c,76 :: 		
0x01C1	0x1445      	BSF        __Lib_Lcd_cmd_status, BitPos(__Lib_Lcd_cmd_status+0)
;__Lib_Lcd.c,77 :: 		
0x01C2	0x0870      	MOVF       R0, 0
0x01C3	0x00E0      	MOVWF      FARG_Lcd_Cmd_out_char
0x01C4	0x202F      	CALL       _Lcd_Cmd
;__Lib_Lcd.c,79 :: 		
0x01C5	0x1045      	BCF        __Lib_Lcd_cmd_status, BitPos(__Lib_Lcd_cmd_status+0)
;__Lib_Lcd.c,80 :: 		
0x01C6	0x085D      	MOVF       FARG_Lcd_Chr_out_char, 0
0x01C7	0x00E0      	MOVWF      FARG_Lcd_Cmd_out_char
0x01C8	0x202F      	CALL       _Lcd_Cmd
;__Lib_Lcd.c,81 :: 		
0x01C9	0x1445      	BSF        __Lib_Lcd_cmd_status, BitPos(__Lib_Lcd_cmd_status+0)
;__Lib_Lcd.c,82 :: 		
L_end_Lcd_Chr:
0x01CA	0x0008      	RETURN
; end of _Lcd_Chr
_byte2double:
;__Lib_MathDouble.c,1778 :: 		
;__Lib_MathDouble.c,1785 :: 		
0x01CB	0x1283      	BCF        STATUS, 5
;__Lib_MathDouble.c,1786 :: 		
0x01CC	0x1303      	BCF        STATUS, 6
;__Lib_MathDouble.c,1788 :: 		
0x01CD	0x0870      	MOVF       R0, 0
;__Lib_MathDouble.c,1789 :: 		
0x01CE	0x00F8      	MOVWF      R8
;__Lib_MathDouble.c,1791 :: 		
0x01CF	0x01FB      	CLRF       R11
;__Lib_MathDouble.c,1792 :: 		
0x01D0	0x01FC      	CLRF       R12
;__Lib_MathDouble.c,1794 :: 		
0x01D1	0x309E      	MOVLW      158
;__Lib_MathDouble.c,1795 :: 		
0x01D2	0x00F3      	MOVWF      R3
;__Lib_MathDouble.c,1796 :: 		
0x01D3	0x01FA      	CLRF       R10
;__Lib_MathDouble.c,1797 :: 		
0x01D4	0x01F2      	CLRF       R2
;__Lib_MathDouble.c,1798 :: 		
0x01D5	0x01F1      	CLRF       R1
;__Lib_MathDouble.c,1799 :: 		
0x01D6	0x01F0      	CLRF       R0
;__Lib_MathDouble.c,1800 :: 		
0x01D7	0x3002      	MOVLW      2
;__Lib_MathDouble.c,1801 :: 		
0x01D8	0x00FC      	MOVWF      R12
;__Lib_MathDouble.c,1803 :: 		
0x01D9	0x213E      	CALL       _NRM4032
;__Lib_MathDouble.c,1804 :: 		
L_end_byte2double:
0x01DA	0x0008      	RETURN
; end of _byte2double
_Mul_8X8_S:
;__Lib_Math.c,253 :: 		
;__Lib_Math.c,261 :: 		
0x01DB	0x1283      	BCF        STATUS, 5
;__Lib_Math.c,262 :: 		
0x01DC	0x1303      	BCF        STATUS, 6
;__Lib_Math.c,263 :: 		
0x01DD	0x0870      	MOVF       R0, 0
;__Lib_Math.c,264 :: 		
0x01DE	0x00F1      	MOVWF      R1
;__Lib_Math.c,265 :: 		
0x01DF	0x01F0      	CLRF       R0
;__Lib_Math.c,266 :: 		
0x01E0	0x01FD      	CLRF       R13
;__Lib_Math.c,267 :: 		
0x01E1	0x0871      	MOVF       R1, 0
;__Lib_Math.c,268 :: 		
0x01E2	0x1903      	BTFSC      STATUS, 2
;__Lib_Math.c,269 :: 		
0x01E3	0x3400      	RETLW      0
;__Lib_Math.c,271 :: 		
0x01E4	0x0674      	XORWF      R4, 0
;__Lib_Math.c,272 :: 		
0x01E5	0x00F2      	MOVWF      R2
;__Lib_Math.c,273 :: 		
0x01E6	0x1BF2      	BTFSC      R2, 7
;__Lib_Math.c,274 :: 		
0x01E7	0x09FD      	COMF       R13, 1
;__Lib_Math.c,276 :: 		
0x01E8	0x1FF4      	BTFSS      R4, 7
;__Lib_Math.c,277 :: 		
0x01E9	0x29F0      	GOTO       $+7
;__Lib_Math.c,278 :: 		
0x01EA	0x09F4      	COMF       R4, 1
;__Lib_Math.c,279 :: 		
0x01EB	0x0AF4      	INCF       R4, 1
;__Lib_Math.c,280 :: 		
0x01EC	0x09F1      	COMF       R1, 1
;__Lib_Math.c,281 :: 		
0x01ED	0x0AF1      	INCF       R1, 1
;__Lib_Math.c,283 :: 		
0x01EE	0x1BF4      	BTFSC      R4, 7
;__Lib_Math.c,284 :: 		
0x01EF	0x2A06      	GOTO       $+23
;__Lib_Math.c,286 :: 		
0x01F0	0x3007      	MOVLW      7
;__Lib_Math.c,287 :: 		
0x01F1	0x00FC      	MOVWF      R12
;__Lib_Math.c,288 :: 		
0x01F2	0x0871      	MOVF       R1, 0
;__Lib_Math.c,290 :: 		
0x01F3	0x0CF4      	RRF        R4, 1
;__Lib_Math.c,291 :: 		
0x01F4	0x1803      	BTFSC      STATUS, 0
;__Lib_Math.c,292 :: 		
0x01F5	0x29FD      	GOTO       $+8
;__Lib_Math.c,293 :: 		
0x01F6	0x0BFC      	DECFSZ     R12, 1
;__Lib_Math.c,294 :: 		
0x01F7	0x29F3      	GOTO       $-4
;__Lib_Math.c,296 :: 		
0x01F8	0x01F1      	CLRF       R1
;__Lib_Math.c,297 :: 		
0x01F9	0x3400      	RETLW      0
;__Lib_Math.c,299 :: 		
0x01FA	0x0CF4      	RRF        R4, 1
;__Lib_Math.c,300 :: 		
0x01FB	0x1803      	BTFSC      STATUS, 0
;__Lib_Math.c,301 :: 		
0x01FC	0x07F1      	ADDWF      R1, 1
;__Lib_Math.c,302 :: 		
0x01FD	0x0DFD      	RLF        R13, 1
;__Lib_Math.c,303 :: 		
0x01FE	0x0CF1      	RRF        R1, 1
;__Lib_Math.c,304 :: 		
0x01FF	0x0CF0      	RRF        R0, 1
;__Lib_Math.c,305 :: 		
0x0200	0x0BFC      	DECFSZ     R12, 1
;__Lib_Math.c,306 :: 		
0x0201	0x29FA      	GOTO       $-7
;__Lib_Math.c,308 :: 		
0x0202	0x0DFD      	RLF        R13, 1
;__Lib_Math.c,309 :: 		
0x0203	0x0CF1      	RRF        R1, 1
;__Lib_Math.c,310 :: 		
0x0204	0x0CF0      	RRF        R0, 1
;__Lib_Math.c,312 :: 		
0x0205	0x3400      	RETLW      0
;__Lib_Math.c,314 :: 		
0x0206	0x01F1      	CLRF       R1
;__Lib_Math.c,315 :: 		
0x0207	0x0D7D      	RLF        R13, 0
;__Lib_Math.c,316 :: 		
0x0208	0x0CF1      	RRF        R1, 1
;__Lib_Math.c,317 :: 		
0x0209	0x0CF0      	RRF        R0, 1
;__Lib_Math.c,319 :: 		
0x020A	0x3400      	RETLW      0
;__Lib_Math.c,321 :: 		
L_end_Mul_8X8_S:
0x020B	0x0008      	RETURN
; end of _Mul_8X8_S
_home:
;fanSpeed.c,49 :: 		void home(){
;fanSpeed.c,50 :: 		lcd_cmd(_lcd_cursor_off);
0x020C	0x300C      	MOVLW      12
0x020D	0x1283      	BCF        STATUS, 5
0x020E	0x1303      	BCF        STATUS, 6
0x020F	0x00E0      	MOVWF      FARG_Lcd_Cmd_out_char
0x0210	0x202F      	CALL       _Lcd_Cmd
;fanSpeed.c,51 :: 		lcd_cmd(_lcd_clear);
0x0211	0x3001      	MOVLW      1
0x0212	0x00E0      	MOVWF      FARG_Lcd_Cmd_out_char
0x0213	0x202F      	CALL       _Lcd_Cmd
;fanSpeed.c,52 :: 		lcd_chr(1, 4, '%');
0x0214	0x3001      	MOVLW      1
0x0215	0x00DB      	MOVWF      FARG_Lcd_Chr_row
0x0216	0x3004      	MOVLW      4
0x0217	0x00DC      	MOVWF      FARG_Lcd_Chr_column
0x0218	0x3025      	MOVLW      37
0x0219	0x00DD      	MOVWF      FARG_Lcd_Chr_out_char
0x021A	0x2198      	CALL       _Lcd_Chr
;fanSpeed.c,53 :: 		lcd_out(2,1, "*: SPEED");
0x021B	0x3002      	MOVLW      2
0x021C	0x00DB      	MOVWF      FARG_Lcd_Out_row
0x021D	0x3001      	MOVLW      1
0x021E	0x00DC      	MOVWF      FARG_Lcd_Out_column
0x021F	0x3021      	MOVLW      ?lstr1_fanSpeed
0x0220	0x00DD      	MOVWF      FARG_Lcd_Out_text
0x0221	0x2100      	CALL       _Lcd_Out
;fanSpeed.c,54 :: 		lcd_out(2,15, "Hz");
0x0222	0x3002      	MOVLW      2
0x0223	0x00DB      	MOVWF      FARG_Lcd_Out_row
0x0224	0x300F      	MOVLW      15
0x0225	0x00DC      	MOVWF      FARG_Lcd_Out_column
0x0226	0x302B      	MOVLW      ?lstr2_fanSpeed
0x0227	0x00DD      	MOVWF      FARG_Lcd_Out_text
0x0228	0x2100      	CALL       _Lcd_Out
;fanSpeed.c,55 :: 		}
L_end_home:
0x0229	0x0008      	RETURN
; end of _home
_Mul_8X8_U:
;__Lib_Math.c,103 :: 		
;__Lib_Math.c,108 :: 		
0x022A	0x1283      	BCF        STATUS, 5
;__Lib_Math.c,109 :: 		
0x022B	0x1303      	BCF        STATUS, 6
;__Lib_Math.c,110 :: 		
0x022C	0x0870      	MOVF       R0, 0
;__Lib_Math.c,111 :: 		
0x022D	0x00F1      	MOVWF      R1
;__Lib_Math.c,112 :: 		
0x022E	0x01F0      	CLRF       R0
;__Lib_Math.c,113 :: 		
0x022F	0x3008      	MOVLW      8
;__Lib_Math.c,114 :: 		
0x0230	0x00FC      	MOVWF      R12
;__Lib_Math.c,115 :: 		
0x0231	0x0871      	MOVF       R1, 0
;__Lib_Math.c,116 :: 		
0x0232	0x0CF4      	RRF        R4, 1
;__Lib_Math.c,117 :: 		
0x0233	0x1803      	BTFSC      STATUS, 0
;__Lib_Math.c,118 :: 		
0x0234	0x2A39      	GOTO       $+5
;__Lib_Math.c,119 :: 		
0x0235	0x0BFC      	DECFSZ     R12, 1
;__Lib_Math.c,120 :: 		
0x0236	0x2A32      	GOTO       $-4
;__Lib_Math.c,121 :: 		
0x0237	0x01F1      	CLRF       R1
;__Lib_Math.c,122 :: 		
0x0238	0x3400      	RETLW      0
;__Lib_Math.c,123 :: 		
0x0239	0x1003      	BCF        STATUS, 0
;__Lib_Math.c,124 :: 		
0x023A	0x2A3E      	GOTO       $+4
;__Lib_Math.c,125 :: 		
0x023B	0x0CF4      	RRF        R4, 1
;__Lib_Math.c,126 :: 		
0x023C	0x1803      	BTFSC      STATUS, 0
;__Lib_Math.c,127 :: 		
0x023D	0x07F1      	ADDWF      R1, 1
;__Lib_Math.c,128 :: 		
0x023E	0x0CF1      	RRF        R1, 1
;__Lib_Math.c,129 :: 		
0x023F	0x0CF0      	RRF        R0, 1
;__Lib_Math.c,130 :: 		
0x0240	0x0BFC      	DECFSZ     R12, 1
;__Lib_Math.c,131 :: 		
0x0241	0x2A3B      	GOTO       $-6
;__Lib_Math.c,133 :: 		
;__Lib_Math.c,134 :: 		
L_end_Mul_8X8_U:
0x0242	0x0008      	RETURN
; end of _Mul_8X8_U
_kp_get_key:
;keypad4x3.h,54 :: 		char kp_get_key(){
;keypad4x3.h,55 :: 		char key = 0;
0x0243	0x1283      	BCF        STATUS, 5
0x0244	0x1303      	BCF        STATUS, 6
0x0245	0x01D9      	CLRF       kp_get_key_key_L0
;keypad4x3.h,56 :: 		while(!key){
L_kp_get_key21:
0x0246	0x0859      	MOVF       kp_get_key_key_L0, 0
0x0247	0x1D03      	BTFSS      STATUS, 2
0x0248	0x2A4D      	GOTO       L_kp_get_key22
;keypad4x3.h,57 :: 		key = kp_scan();
0x0249	0x20A7      	CALL       _kp_scan
0x024A	0x0870      	MOVF       R0, 0
0x024B	0x00D9      	MOVWF      kp_get_key_key_L0
;keypad4x3.h,58 :: 		}
0x024C	0x2A46      	GOTO       L_kp_get_key21
L_kp_get_key22:
;keypad4x3.h,59 :: 		return key;
0x024D	0x0859      	MOVF       kp_get_key_key_L0, 0
0x024E	0x00F0      	MOVWF      R0
;keypad4x3.h,60 :: 		}
L_end_kp_get_key:
0x024F	0x0008      	RETURN
; end of _kp_get_key
_Div_8X8_U:
;__Lib_Math.c,189 :: 		
;__Lib_Math.c,196 :: 		
0x0250	0x1283      	BCF        STATUS, 5
;__Lib_Math.c,197 :: 		
0x0251	0x1303      	BCF        STATUS, 6
;__Lib_Math.c,198 :: 		
0x0252	0x01F8      	CLRF       R8
;__Lib_Math.c,199 :: 		
0x0253	0x3008      	MOVLW      8
;__Lib_Math.c,200 :: 		
0x0254	0x00FC      	MOVWF      R12
;__Lib_Math.c,201 :: 		
0x0255	0x0D70      	RLF        R0, 0
;__Lib_Math.c,202 :: 		
0x0256	0x0DF8      	RLF        R8, 1
;__Lib_Math.c,203 :: 		
0x0257	0x0874      	MOVF       R4, 0
;__Lib_Math.c,204 :: 		
0x0258	0x02F8      	SUBWF      R8, 1
;__Lib_Math.c,205 :: 		
0x0259	0x1803      	BTFSC      STATUS, 0
;__Lib_Math.c,206 :: 		
0x025A	0x2A5D      	GOTO       $+3
;__Lib_Math.c,207 :: 		
0x025B	0x07F8      	ADDWF      R8, 1
;__Lib_Math.c,208 :: 		
0x025C	0x1003      	BCF        STATUS, 0
;__Lib_Math.c,209 :: 		
0x025D	0x0DF0      	RLF        R0, 1
;__Lib_Math.c,210 :: 		
0x025E	0x0BFC      	DECFSZ     R12, 1
;__Lib_Math.c,211 :: 		
0x025F	0x2A55      	GOTO       $-10
;__Lib_Math.c,213 :: 		
L_end_Div_8X8_U:
0x0260	0x0008      	RETURN
; end of _Div_8X8_U
_double2byte:
;__Lib_MathDouble.c,1670 :: 		
;__Lib_MathDouble.c,1677 :: 		
0x0261	0x1283      	BCF        STATUS, 5
;__Lib_MathDouble.c,1678 :: 		
0x0262	0x1303      	BCF        STATUS, 6
;__Lib_MathDouble.c,1680 :: 		
0x0263	0x01FB      	CLRF       R11
;__Lib_MathDouble.c,1681 :: 		
0x0264	0x01FC      	CLRF       R12
;__Lib_MathDouble.c,1682 :: 		
0x0265	0x01FA      	CLRF       R10
;__Lib_MathDouble.c,1684 :: 		
0x0266	0x0873      	MOVF       R3, 0
;__Lib_MathDouble.c,1685 :: 		
0x0267	0x1903      	BTFSC      STATUS, 2
;__Lib_MathDouble.c,1686 :: 		
0x0268	0x2A8E      	GOTO       IRES008
;__Lib_MathDouble.c,1688 :: 		
0x0269	0x13FA      	BCF        R10, 7
;__Lib_MathDouble.c,1689 :: 		
0x026A	0x17F2      	BSF        R2, 7
;__Lib_MathDouble.c,1691 :: 		
0x026B	0x3086      	MOVLW      134
;__Lib_MathDouble.c,1692 :: 		
0x026C	0x02F3      	SUBWF      R3, 1
;__Lib_MathDouble.c,1693 :: 		
0x026D	0x1BF3      	BTFSC      R3, 7
;__Lib_MathDouble.c,1694 :: 		
0x026E	0x2A72      	GOTO       SETEXP08
;__Lib_MathDouble.c,1695 :: 		
0x026F	0x1903      	BTFSC      STATUS, 2
;__Lib_MathDouble.c,1696 :: 		
0x0270	0x2A72      	GOTO       SETEXP08
;__Lib_MathDouble.c,1697 :: 		
0x0271	0x2A90      	GOTO       SETIOV08
;__Lib_MathDouble.c,1698 :: 		
SETEXP08:
;__Lib_MathDouble.c,1699 :: 		
0x0272	0x09F3      	COMF       R3, 1
;__Lib_MathDouble.c,1700 :: 		
0x0273	0x0AF3      	INCF       R3, 1
;__Lib_MathDouble.c,1702 :: 		
0x0274	0x3008      	MOVLW      8
;__Lib_MathDouble.c,1703 :: 		
0x0275	0x0273      	SUBWF      R3, 0
;__Lib_MathDouble.c,1704 :: 		
0x0276	0x1C03      	BTFSS      STATUS, 0
;__Lib_MathDouble.c,1705 :: 		
0x0277	0x2A7F      	GOTO       TSHIFT3208
;__Lib_MathDouble.c,1706 :: 		
0x0278	0x00F3      	MOVWF      R3
;__Lib_MathDouble.c,1707 :: 		
0x0279	0x0DF2      	RLF        R2, 1
;__Lib_MathDouble.c,1708 :: 		
0x027A	0x01F2      	CLRF       R2
;__Lib_MathDouble.c,1710 :: 		
0x027B	0x0873      	MOVF       R3, 0
;__Lib_MathDouble.c,1711 :: 		
0x027C	0x1D03      	BTFSS      STATUS, 2
;__Lib_MathDouble.c,1712 :: 		
0x027D	0x1003      	BCF        STATUS, 0
;__Lib_MathDouble.c,1713 :: 		
0x027E	0x2A86      	GOTO       SHIFT3208OK
;__Lib_MathDouble.c,1714 :: 		
TSHIFT3208:
;__Lib_MathDouble.c,1715 :: 		
0x027F	0x0873      	MOVF       R3, 0
;__Lib_MathDouble.c,1716 :: 		
0x0280	0x1903      	BTFSC      STATUS, 2
;__Lib_MathDouble.c,1717 :: 		
0x0281	0x2A86      	GOTO       SHIFT3208OK
;__Lib_MathDouble.c,1718 :: 		
SHIFT3208:
;__Lib_MathDouble.c,1719 :: 		
0x0282	0x1003      	BCF        STATUS, 0
;__Lib_MathDouble.c,1720 :: 		
0x0283	0x0CF2      	RRF        R2, 1
;__Lib_MathDouble.c,1721 :: 		
0x0284	0x0BF3      	DECFSZ     R3, 1
;__Lib_MathDouble.c,1722 :: 		
0x0285	0x2A82      	GOTO       SHIFT3208
;__Lib_MathDouble.c,1723 :: 		
SHIFT3208OK:
;__Lib_MathDouble.c,1724 :: 		
0x0286	0x1B7B      	BTFSC      R11, 6
;__Lib_MathDouble.c,1725 :: 		
0x0287	0x1C72      	BTFSS      R2, 0
;__Lib_MathDouble.c,1726 :: 		
0x0288	0x2A8E      	GOTO       INT3208OK
;__Lib_MathDouble.c,1727 :: 		
0x0289	0x1C03      	BTFSS      STATUS, 0
;__Lib_MathDouble.c,1728 :: 		
0x028A	0x2A8E      	GOTO       INT3208OK
;__Lib_MathDouble.c,1729 :: 		
0x028B	0x0AF2      	INCF       R2, 1
;__Lib_MathDouble.c,1730 :: 		
0x028C	0x1903      	BTFSC      STATUS, 2
;__Lib_MathDouble.c,1731 :: 		
0x028D	0x2A95      	GOTO       D2B_JPKSETIOV3224
;__Lib_MathDouble.c,1732 :: 		
INT3208OK:
;__Lib_MathDouble.c,1733 :: 		
IRES008:
;__Lib_MathDouble.c,1734 :: 		
0x028E	0x01F1      	CLRF       R1
;__Lib_MathDouble.c,1735 :: 		
0x028F	0x2A98      	GOTO       INT3208EOK
;__Lib_MathDouble.c,1736 :: 		
SETIOV08:
;__Lib_MathDouble.c,1737 :: 		
0x0290	0x147B      	BSF        R11, 0
;__Lib_MathDouble.c,1738 :: 		
0x0291	0x1FFB      	BTFSS      R11, 7
;__Lib_MathDouble.c,1739 :: 		
0x0292	0x2A9B      	GOTO       INT3208EER
;__Lib_MathDouble.c,1741 :: 		
0x0293	0x01F1      	CLRF       R1
;__Lib_MathDouble.c,1742 :: 		
0x0294	0x2A9B      	GOTO       INT3208EER
;__Lib_MathDouble.c,1743 :: 		
D2B_JPKSETIOV3224:
;__Lib_MathDouble.c,1744 :: 		
0x0295	0x3001      	MOVLW      1
;__Lib_MathDouble.c,1745 :: 		
0x0296	0x00FC      	MOVWF      R12
;__Lib_MathDouble.c,1746 :: 		
0x0297	0x2A9D      	GOTO       INT3208EEE
;__Lib_MathDouble.c,1747 :: 		
INT3208EOK:
;__Lib_MathDouble.c,1748 :: 		
0x0298	0x3000      	MOVLW      0
;__Lib_MathDouble.c,1749 :: 		
0x0299	0x00FC      	MOVWF      R12
;__Lib_MathDouble.c,1750 :: 		
0x029A	0x2A9D      	GOTO       INT3208EEE
;__Lib_MathDouble.c,1751 :: 		
INT3208EER:
;__Lib_MathDouble.c,1752 :: 		
0x029B	0x30FF      	MOVLW      255
;__Lib_MathDouble.c,1753 :: 		
0x029C	0x00FC      	MOVWF      R12
;__Lib_MathDouble.c,1754 :: 		
INT3208EEE:
;__Lib_MathDouble.c,1757 :: 		
0x029D	0x08FC      	MOVF       R12, 1
;__Lib_MathDouble.c,1759 :: 		
0x029E	0x1903      	BTFSC      STATUS, 2
;__Lib_MathDouble.c,1760 :: 		
0x029F	0x2AA1      	GOTO       L_Double2Byte_0
;__Lib_MathDouble.c,1762 :: 		
0x02A0	0x20F3      	CALL       _SETIOV3224
;__Lib_MathDouble.c,1764 :: 		
L_Double2Byte_0:
;__Lib_MathDouble.c,1765 :: 		
0x02A1	0x0872      	MOVF       R2, 0
;__Lib_MathDouble.c,1766 :: 		
0x02A2	0x00F0      	MOVWF      R0
;__Lib_MathDouble.c,1770 :: 		
L_end_double2byte:
0x02A3	0x0008      	RETURN
; end of _double2byte
_Mul_32x32_FP:
;__Lib_MathDouble.c,610 :: 		
;__Lib_MathDouble.c,622 :: 		
;__Lib_MathDouble.c,624 :: 		
0x02A4	0x1283      	BCF        STATUS, 5
;__Lib_MathDouble.c,625 :: 		
0x02A5	0x1303      	BCF        STATUS, 6
;__Lib_MathDouble.c,627 :: 		
0x02A6	0x01FB      	CLRF       R11
;__Lib_MathDouble.c,628 :: 		
0x02A7	0x0873      	MOVF       R3, 0
;__Lib_MathDouble.c,629 :: 		
0x02A8	0x1D03      	BTFSS      STATUS, 2
;__Lib_MathDouble.c,630 :: 		
0x02A9	0x0877      	MOVF       R7, 0
;__Lib_MathDouble.c,631 :: 		
0x02AA	0x1903      	BTFSC      STATUS, 2
;__Lib_MathDouble.c,632 :: 		
0x02AB	0x2AFB      	GOTO       JPMRES032
;__Lib_MathDouble.c,634 :: 		
0x02AC	0x0872      	MOVF       R2, 0
;__Lib_MathDouble.c,635 :: 		
0x02AD	0x0676      	XORWF      R6, 0
;__Lib_MathDouble.c,636 :: 		
0x02AE	0x00FA      	MOVWF      R10
;__Lib_MathDouble.c,637 :: 		
0x02AF	0x0877      	MOVF       R7, 0
;__Lib_MathDouble.c,638 :: 		
0x02B0	0x07F3      	ADDWF      R3, 1
;__Lib_MathDouble.c,639 :: 		
0x02B1	0x307E      	MOVLW      126
;__Lib_MathDouble.c,640 :: 		
0x02B2	0x1C03      	BTFSS      STATUS, 0
;__Lib_MathDouble.c,641 :: 		
0x02B3	0x2AB8      	GOTO       MTUN32
;__Lib_MathDouble.c,642 :: 		
0x02B4	0x02F3      	SUBWF      R3, 1
;__Lib_MathDouble.c,643 :: 		
0x02B5	0x1803      	BTFSC      STATUS, 0
;__Lib_MathDouble.c,644 :: 		
0x02B6	0x2AFE      	GOTO       JPMSETFOV32
;__Lib_MathDouble.c,645 :: 		
0x02B7	0x2ABB      	GOTO       MOK32
;__Lib_MathDouble.c,646 :: 		
MTUN32:
;__Lib_MathDouble.c,647 :: 		
0x02B8	0x02F3      	SUBWF      R3, 1
;__Lib_MathDouble.c,648 :: 		
0x02B9	0x1C03      	BTFSS      STATUS, 0
;__Lib_MathDouble.c,649 :: 		
0x02BA	0x2B01      	GOTO       JPMSETFUN32
;__Lib_MathDouble.c,650 :: 		
MOK32:
;__Lib_MathDouble.c,651 :: 		
0x02BB	0x0872      	MOVF       R2, 0
;__Lib_MathDouble.c,652 :: 		
0x02BC	0x00F8      	MOVWF      R8
;__Lib_MathDouble.c,653 :: 		
0x02BD	0x0871      	MOVF       R1, 0
;__Lib_MathDouble.c,654 :: 		
0x02BE	0x00FC      	MOVWF      R12
;__Lib_MathDouble.c,655 :: 		
0x02BF	0x0870      	MOVF       R0, 0
;__Lib_MathDouble.c,656 :: 		
0x02C0	0x00FD      	MOVWF      R13
;__Lib_MathDouble.c,657 :: 		
0x02C1	0x17F8      	BSF        R8, 7
;__Lib_MathDouble.c,658 :: 		
0x02C2	0x17F6      	BSF        R6, 7
;__Lib_MathDouble.c,659 :: 		
0x02C3	0x1003      	BCF        STATUS, 0
;__Lib_MathDouble.c,660 :: 		
0x02C4	0x01F2      	CLRF       R2
;__Lib_MathDouble.c,661 :: 		
0x02C5	0x01F1      	CLRF       R1
;__Lib_MathDouble.c,662 :: 		
0x02C6	0x01F0      	CLRF       R0
;__Lib_MathDouble.c,663 :: 		
0x02C7	0x3018      	MOVLW      24
;__Lib_MathDouble.c,664 :: 		
0x02C8	0x00A0      	MOVWF      __math_tempbD
;__Lib_MathDouble.c,665 :: 		
MLOOP32:
;__Lib_MathDouble.c,666 :: 		
0x02C9	0x1C7D      	BTFSS      R13, 0
;__Lib_MathDouble.c,667 :: 		
0x02CA	0x2AD5      	GOTO       MNOADD32
;__Lib_MathDouble.c,669 :: 		
0x02CB	0x0874      	MOVF       R4, 0
;__Lib_MathDouble.c,670 :: 		
0x02CC	0x07F0      	ADDWF      R0, 1
;__Lib_MathDouble.c,671 :: 		
0x02CD	0x0875      	MOVF       R5, 0
;__Lib_MathDouble.c,672 :: 		
0x02CE	0x1803      	BTFSC      STATUS, 0
;__Lib_MathDouble.c,673 :: 		
0x02CF	0x0F75      	INCFSZ     R5, 0
;__Lib_MathDouble.c,674 :: 		
0x02D0	0x07F1      	ADDWF      R1, 1
;__Lib_MathDouble.c,675 :: 		
0x02D1	0x0876      	MOVF       R6, 0
;__Lib_MathDouble.c,676 :: 		
0x02D2	0x1803      	BTFSC      STATUS, 0
;__Lib_MathDouble.c,677 :: 		
0x02D3	0x0F76      	INCFSZ     R6, 0
;__Lib_MathDouble.c,678 :: 		
0x02D4	0x07F2      	ADDWF      R2, 1
;__Lib_MathDouble.c,679 :: 		
MNOADD32:
;__Lib_MathDouble.c,680 :: 		
0x02D5	0x0CF2      	RRF        R2, 1
;__Lib_MathDouble.c,681 :: 		
0x02D6	0x0CF1      	RRF        R1, 1
;__Lib_MathDouble.c,682 :: 		
0x02D7	0x0CF0      	RRF        R0, 1
;__Lib_MathDouble.c,683 :: 		
0x02D8	0x0CF8      	RRF        R8, 1
;__Lib_MathDouble.c,684 :: 		
0x02D9	0x0CFC      	RRF        R12, 1
;__Lib_MathDouble.c,685 :: 		
0x02DA	0x0CFD      	RRF        R13, 1
;__Lib_MathDouble.c,686 :: 		
0x02DB	0x1003      	BCF        STATUS, 0
;__Lib_MathDouble.c,687 :: 		
0x02DC	0x0BA0      	DECFSZ     __math_tempbD, 1
;__Lib_MathDouble.c,688 :: 		
0x02DD	0x2AC9      	GOTO       MLOOP32
;__Lib_MathDouble.c,689 :: 		
0x02DE	0x1BF2      	BTFSC      R2, 7
;__Lib_MathDouble.c,690 :: 		
0x02DF	0x2AE5      	GOTO       MROUND32
;__Lib_MathDouble.c,691 :: 		
0x02E0	0x0DF8      	RLF        R8, 1
;__Lib_MathDouble.c,692 :: 		
0x02E1	0x0DF0      	RLF        R0, 1
;__Lib_MathDouble.c,693 :: 		
0x02E2	0x0DF1      	RLF        R1, 1
;__Lib_MathDouble.c,694 :: 		
0x02E3	0x0DF2      	RLF        R2, 1
;__Lib_MathDouble.c,695 :: 		
0x02E4	0x03F3      	DECF       R3, 1
;__Lib_MathDouble.c,696 :: 		
MROUND32:
;__Lib_MathDouble.c,697 :: 		
0x02E5	0x1B7B      	BTFSC      R11, 6
;__Lib_MathDouble.c,698 :: 		
0x02E6	0x1C70      	BTFSS      R0, 0
;__Lib_MathDouble.c,699 :: 		
0x02E7	0x2AF7      	GOTO       MUL32OK
;__Lib_MathDouble.c,700 :: 		
0x02E8	0x1FF8      	BTFSS      R8, 7
;__Lib_MathDouble.c,701 :: 		
0x02E9	0x2AF7      	GOTO       MUL32OK
;__Lib_MathDouble.c,702 :: 		
0x02EA	0x0AF0      	INCF       R0, 1
;__Lib_MathDouble.c,703 :: 		
0x02EB	0x1903      	BTFSC      STATUS, 2
;__Lib_MathDouble.c,704 :: 		
0x02EC	0x0AF1      	INCF       R1, 1
;__Lib_MathDouble.c,705 :: 		
0x02ED	0x1903      	BTFSC      STATUS, 2
;__Lib_MathDouble.c,706 :: 		
0x02EE	0x0AF2      	INCF       R2, 1
;__Lib_MathDouble.c,707 :: 		
0x02EF	0x1D03      	BTFSS      STATUS, 2
;__Lib_MathDouble.c,708 :: 		
0x02F0	0x2AF7      	GOTO       MUL32OK
;__Lib_MathDouble.c,709 :: 		
0x02F1	0x0CF2      	RRF        R2, 1
;__Lib_MathDouble.c,710 :: 		
0x02F2	0x0CF1      	RRF        R1, 1
;__Lib_MathDouble.c,711 :: 		
0x02F3	0x0CF0      	RRF        R0, 1
;__Lib_MathDouble.c,712 :: 		
0x02F4	0x0AF3      	INCF       R3, 1
;__Lib_MathDouble.c,713 :: 		
0x02F5	0x1903      	BTFSC      STATUS, 2
;__Lib_MathDouble.c,714 :: 		
0x02F6	0x2AFE      	GOTO       JPMSETFOV32
;__Lib_MathDouble.c,715 :: 		
MUL32OK:
;__Lib_MathDouble.c,716 :: 		
0x02F7	0x1FFA      	BTFSS      R10, 7
;__Lib_MathDouble.c,717 :: 		
0x02F8	0x13F2      	BCF        R2, 7
;__Lib_MathDouble.c,718 :: 		
0x02F9	0x3000      	MOVLW      0
;__Lib_MathDouble.c,720 :: 		
0x02FA	0x2B03      	GOTO       MUL32EEE
;__Lib_MathDouble.c,721 :: 		
JPMRES032:
;__Lib_MathDouble.c,722 :: 		
0x02FB	0x3001      	MOVLW      1
;__Lib_MathDouble.c,725 :: 		
0x02FC	0x2083      	CALL       _RES032
;__Lib_MathDouble.c,727 :: 		
0x02FD	0x2B03      	GOTO       MUL32EEE
;__Lib_MathDouble.c,728 :: 		
JPMSETFOV32:
;__Lib_MathDouble.c,729 :: 		
0x02FE	0x3002      	MOVLW      2
;__Lib_MathDouble.c,732 :: 		
0x02FF	0x2077      	CALL       _SETFOV32
;__Lib_MathDouble.c,734 :: 		
0x0300	0x2B03      	GOTO       MUL32EEE
;__Lib_MathDouble.c,735 :: 		
JPMSETFUN32:
;__Lib_MathDouble.c,736 :: 		
0x0301	0x3004      	MOVLW      4
;__Lib_MathDouble.c,739 :: 		
0x0302	0x208A      	CALL       _SETFUN32
;__Lib_MathDouble.c,741 :: 		
MUL32EEE:
;__Lib_MathDouble.c,742 :: 		
0x0303	0x0000      	NOP
;__Lib_MathDouble.c,749 :: 		
L_end_Mul_32x32_FP:
0x0304	0x0008      	RETURN
; end of _Mul_32x32_FP
_____DoICP:
;__Lib_System.c,6 :: 		
;__Lib_System.c,9 :: 		
0x0305	0x1283      	BCF        STATUS, 5
0x0306	0x1303      	BCF        STATUS, 6
0x0307	0x0847      	MOVF       ___DoICPAddr+1, 0
0x0308	0x008A      	MOVWF      PCLATH
;__Lib_System.c,10 :: 		
0x0309	0x0846      	MOVF       ___DoICPAddr, 0
0x030A	0x0082      	MOVWF      PCL
;__Lib_System.c,12 :: 		
L_end_____DoICP:
0x030B	0x0008      	RETURN
; end of _____DoICP
_Div_16X16_U:
;__Lib_Math.c,215 :: 		
;__Lib_Math.c,222 :: 		
0x030C	0x1283      	BCF        STATUS, 5
;__Lib_Math.c,223 :: 		
0x030D	0x1303      	BCF        STATUS, 6
;__Lib_Math.c,224 :: 		
0x030E	0x01F8      	CLRF       R8
;__Lib_Math.c,225 :: 		
0x030F	0x01F9      	CLRF       R9
;__Lib_Math.c,226 :: 		
0x0310	0x3010      	MOVLW      16
;__Lib_Math.c,227 :: 		
0x0311	0x00FC      	MOVWF      R12
;__Lib_Math.c,228 :: 		
0x0312	0x0D71      	RLF        R1, 0
;__Lib_Math.c,229 :: 		
0x0313	0x0DF8      	RLF        R8, 1
;__Lib_Math.c,230 :: 		
0x0314	0x0DF9      	RLF        R9, 1
;__Lib_Math.c,231 :: 		
0x0315	0x0874      	MOVF       R4, 0
;__Lib_Math.c,232 :: 		
0x0316	0x02F8      	SUBWF      R8, 1
;__Lib_Math.c,233 :: 		
0x0317	0x0875      	MOVF       R5, 0
;__Lib_Math.c,234 :: 		
0x0318	0x1C03      	BTFSS      STATUS, 0
;__Lib_Math.c,235 :: 		
0x0319	0x0F75      	INCFSZ     R5, 0
;__Lib_Math.c,236 :: 		
0x031A	0x02F9      	SUBWF      R9, 1
;__Lib_Math.c,237 :: 		
0x031B	0x1803      	BTFSC      STATUS, 0
;__Lib_Math.c,238 :: 		
0x031C	0x2B24      	GOTO       $+8
;__Lib_Math.c,239 :: 		
0x031D	0x0874      	MOVF       R4, 0
;__Lib_Math.c,240 :: 		
0x031E	0x07F8      	ADDWF      R8, 1
;__Lib_Math.c,241 :: 		
0x031F	0x0875      	MOVF       R5, 0
;__Lib_Math.c,242 :: 		
0x0320	0x1803      	BTFSC      STATUS, 0
;__Lib_Math.c,243 :: 		
0x0321	0x0F75      	INCFSZ     R5, 0
;__Lib_Math.c,244 :: 		
0x0322	0x07F9      	ADDWF      R9, 1
;__Lib_Math.c,245 :: 		
0x0323	0x1003      	BCF        STATUS, 0
;__Lib_Math.c,246 :: 		
0x0324	0x0DF0      	RLF        R0, 1
;__Lib_Math.c,247 :: 		
0x0325	0x0DF1      	RLF        R1, 1
;__Lib_Math.c,248 :: 		
0x0326	0x0BFC      	DECFSZ     R12, 1
;__Lib_Math.c,249 :: 		
0x0327	0x2B12      	GOTO       $-21
;__Lib_Math.c,251 :: 		
L_end_Div_16X16_U:
0x0328	0x0008      	RETURN
; end of _Div_16X16_U
_vdelay_us:
;fanSpeed.c,21 :: 		void vdelay_us(unsigned time_us){
;fanSpeed.c,23 :: 		for(i = 0; i < time_us; i++) delay_us(1);
0x0329	0x1283      	BCF        STATUS, 5
0x032A	0x1303      	BCF        STATUS, 6
0x032B	0x01F1      	CLRF       R1
0x032C	0x01F2      	CLRF       R1+1
L_vdelay_us23:
0x032D	0x085A      	MOVF       FARG_vdelay_us_time_us+1, 0
0x032E	0x0272      	SUBWF      R1+1, 0
0x032F	0x1D03      	BTFSS      STATUS, 2
0x0330	0x2B33      	GOTO       L__vdelay_us45
0x0331	0x0859      	MOVF       FARG_vdelay_us_time_us, 0
0x0332	0x0271      	SUBWF      R1, 0
L__vdelay_us45:
0x0333	0x1803      	BTFSC      STATUS, 0
0x0334	0x2B3B      	GOTO       L_vdelay_us24
0x0335	0x0000      	NOP
0x0336	0x0000      	NOP
0x0337	0x0AF1      	INCF       R1, 1
0x0338	0x1903      	BTFSC      STATUS, 2
0x0339	0x0AF2      	INCF       R1+1, 1
0x033A	0x2B2D      	GOTO       L_vdelay_us23
L_vdelay_us24:
;fanSpeed.c,24 :: 		}
L_end_vdelay_us:
0x033B	0x0008      	RETURN
; end of _vdelay_us
_fanSpeed:
;fanSpeed.c,33 :: 		void fanSpeed(short speed){
;fanSpeed.c,34 :: 		int x = speed * 50;
0x033C	0x1283      	BCF        STATUS, 5
0x033D	0x1303      	BCF        STATUS, 6
0x033E	0x0851      	MOVF       FARG_fanSpeed_speed, 0
0x033F	0x00F0      	MOVWF      R0
0x0340	0x3032      	MOVLW      50
0x0341	0x00F4      	MOVWF      R4
0x0342	0x21DB      	CALL       _Mul_8X8_S
0x0343	0x0870      	MOVF       R0, 0
0x0344	0x00D2      	MOVWF      fanSpeed_x_L0
0x0345	0x0871      	MOVF       R0+1, 0
0x0346	0x00D3      	MOVWF      fanSpeed_x_L0+1
;fanSpeed.c,35 :: 		fan = 1;
0x0347	0x1486      	BSF        RB1_bit, BitPos(RB1_bit+0)
;fanSpeed.c,36 :: 		vdelay_us(x);
0x0348	0x0870      	MOVF       R0, 0
0x0349	0x00D9      	MOVWF      FARG_vdelay_us_time_us
0x034A	0x0871      	MOVF       R0+1, 0
0x034B	0x00DA      	MOVWF      FARG_vdelay_us_time_us+1
0x034C	0x2329      	CALL       _vdelay_us
;fanSpeed.c,37 :: 		fan = 0;
0x034D	0x1086      	BCF        RB1_bit, BitPos(RB1_bit+0)
;fanSpeed.c,38 :: 		vdelay_us(5000 - x);
0x034E	0x0852      	MOVF       fanSpeed_x_L0, 0
0x034F	0x3C88      	SUBLW      136
0x0350	0x00D9      	MOVWF      FARG_vdelay_us_time_us
0x0351	0x0853      	MOVF       fanSpeed_x_L0+1, 0
0x0352	0x1C03      	BTFSS      STATUS, 0
0x0353	0x3E01      	ADDLW      1
0x0354	0x3C13      	SUBLW      19
0x0355	0x00DA      	MOVWF      FARG_vdelay_us_time_us+1
0x0356	0x2329      	CALL       _vdelay_us
;fanSpeed.c,39 :: 		}
L_end_fanSpeed:
0x0357	0x0008      	RETURN
; end of _fanSpeed
_lcd_out_byte:
;fanSpeed.c,43 :: 		void lcd_out_byte(short x, short y, char val){
;fanSpeed.c,44 :: 		lcd_chr(x, y, val / 100 + 48);
0x0358	0x1283      	BCF        STATUS, 5
0x0359	0x1303      	BCF        STATUS, 6
0x035A	0x0851      	MOVF       FARG_lcd_out_byte_x, 0
0x035B	0x00DB      	MOVWF      FARG_Lcd_Chr_row
0x035C	0x0852      	MOVF       FARG_lcd_out_byte_y, 0
0x035D	0x00DC      	MOVWF      FARG_Lcd_Chr_column
0x035E	0x3064      	MOVLW      100
0x035F	0x00F4      	MOVWF      R4
0x0360	0x0853      	MOVF       FARG_lcd_out_byte_val, 0
0x0361	0x00F0      	MOVWF      R0
0x0362	0x2250      	CALL       _Div_8X8_U
0x0363	0x3030      	MOVLW      48
0x0364	0x0770      	ADDWF      R0, 0
0x0365	0x00DD      	MOVWF      FARG_Lcd_Chr_out_char
0x0366	0x2198      	CALL       _Lcd_Chr
;fanSpeed.c,45 :: 		lcd_chr(x, y + 1, (val % 100) / 10 + 48);
0x0367	0x0851      	MOVF       FARG_lcd_out_byte_x, 0
0x0368	0x00DB      	MOVWF      FARG_Lcd_Chr_row
0x0369	0x0A52      	INCF       FARG_lcd_out_byte_y, 0
0x036A	0x00DC      	MOVWF      FARG_Lcd_Chr_column
0x036B	0x3064      	MOVLW      100
0x036C	0x00F4      	MOVWF      R4
0x036D	0x0853      	MOVF       FARG_lcd_out_byte_val, 0
0x036E	0x00F0      	MOVWF      R0
0x036F	0x2250      	CALL       _Div_8X8_U
0x0370	0x0878      	MOVF       R8, 0
0x0371	0x00F0      	MOVWF      R0
0x0372	0x300A      	MOVLW      10
0x0373	0x00F4      	MOVWF      R4
0x0374	0x2250      	CALL       _Div_8X8_U
0x0375	0x3030      	MOVLW      48
0x0376	0x0770      	ADDWF      R0, 0
0x0377	0x00DD      	MOVWF      FARG_Lcd_Chr_out_char
0x0378	0x2198      	CALL       _Lcd_Chr
;fanSpeed.c,46 :: 		lcd_chr(x, y + 2, val % 10 + 48);
0x0379	0x0851      	MOVF       FARG_lcd_out_byte_x, 0
0x037A	0x00DB      	MOVWF      FARG_Lcd_Chr_row
0x037B	0x3002      	MOVLW      2
0x037C	0x0752      	ADDWF      FARG_lcd_out_byte_y, 0
0x037D	0x00DC      	MOVWF      FARG_Lcd_Chr_column
0x037E	0x300A      	MOVLW      10
0x037F	0x00F4      	MOVWF      R4
0x0380	0x0853      	MOVF       FARG_lcd_out_byte_val, 0
0x0381	0x00F0      	MOVWF      R0
0x0382	0x2250      	CALL       _Div_8X8_U
0x0383	0x0878      	MOVF       R8, 0
0x0384	0x00F0      	MOVWF      R0
0x0385	0x3030      	MOVLW      48
0x0386	0x0770      	ADDWF      R0, 0
0x0387	0x00DD      	MOVWF      FARG_Lcd_Chr_out_char
0x0388	0x2198      	CALL       _Lcd_Chr
;fanSpeed.c,47 :: 		}
L_end_lcd_out_byte:
0x0389	0x0008      	RETURN
; end of _lcd_out_byte
_IntToStrWithZeros:
;__Lib_Conversions.c,174 :: 		
;__Lib_Conversions.c,179 :: 		
0x038A	0x1283      	BCF        STATUS, 5
0x038B	0x1303      	BCF        STATUS, 6
0x038C	0x01D5      	CLRF       IntToStrWithZeros_len_L0
L_IntToStrWithZeros29:
0x038D	0x3006      	MOVLW      6
0x038E	0x0255      	SUBWF      IntToStrWithZeros_len_L0, 0
0x038F	0x1803      	BTFSC      STATUS, 0
0x0390	0x2B98      	GOTO       L_IntToStrWithZeros30
;__Lib_Conversions.c,180 :: 		
0x0391	0x0855      	MOVF       IntToStrWithZeros_len_L0, 0
0x0392	0x0753      	ADDWF      FARG_IntToStrWithZeros_output, 0
0x0393	0x0084      	MOVWF      FSR
0x0394	0x3030      	MOVLW      48
0x0395	0x0080      	MOVWF      INDF
;__Lib_Conversions.c,179 :: 		
0x0396	0x0AD5      	INCF       IntToStrWithZeros_len_L0, 1
;__Lib_Conversions.c,180 :: 		
0x0397	0x2B8D      	GOTO       L_IntToStrWithZeros29
L_IntToStrWithZeros30:
;__Lib_Conversions.c,182 :: 		
0x0398	0x0855      	MOVF       IntToStrWithZeros_len_L0, 0
0x0399	0x0753      	ADDWF      FARG_IntToStrWithZeros_output, 0
0x039A	0x0084      	MOVWF      FSR
0x039B	0x0180      	CLRF       INDF
;__Lib_Conversions.c,184 :: 		
0x039C	0x3000      	MOVLW      0
0x039D	0x0652      	XORWF      FARG_IntToStrWithZeros_input+1, 0
0x039E	0x1D03      	BTFSS      STATUS, 2
0x039F	0x2BA2      	GOTO       L__IntToStrWithZeros118
0x03A0	0x3000      	MOVLW      0
0x03A1	0x0651      	XORWF      FARG_IntToStrWithZeros_input, 0
L__IntToStrWithZeros118:
0x03A2	0x1D03      	BTFSS      STATUS, 2
0x03A3	0x2BA5      	GOTO       L_IntToStrWithZeros32
;__Lib_Conversions.c,185 :: 		
0x03A4	0x2BF6      	GOTO       L_end_IntToStrWithZeros
;__Lib_Conversions.c,186 :: 		
L_IntToStrWithZeros32:
;__Lib_Conversions.c,188 :: 		
0x03A5	0x01D4      	CLRF       IntToStrWithZeros_negative_L0
;__Lib_Conversions.c,190 :: 		
0x03A6	0x3080      	MOVLW      128
0x03A7	0x0652      	XORWF      FARG_IntToStrWithZeros_input+1, 0
0x03A8	0x00F0      	MOVWF      R0
0x03A9	0x3080      	MOVLW      128
0x03AA	0x0270      	SUBWF      R0, 0
0x03AB	0x1D03      	BTFSS      STATUS, 2
0x03AC	0x2BAF      	GOTO       L__IntToStrWithZeros119
0x03AD	0x3000      	MOVLW      0
0x03AE	0x0251      	SUBWF      FARG_IntToStrWithZeros_input, 0
L__IntToStrWithZeros119:
0x03AF	0x1803      	BTFSC      STATUS, 0
0x03B0	0x2BBC      	GOTO       L_IntToStrWithZeros33
;__Lib_Conversions.c,191 :: 		
0x03B1	0x3001      	MOVLW      1
0x03B2	0x00D4      	MOVWF      IntToStrWithZeros_negative_L0
;__Lib_Conversions.c,192 :: 		
0x03B3	0x0851      	MOVF       FARG_IntToStrWithZeros_input, 0
0x03B4	0x3C00      	SUBLW      0
0x03B5	0x00D6      	MOVWF      IntToStrWithZeros_tmp_L0
0x03B6	0x0852      	MOVF       FARG_IntToStrWithZeros_input+1, 0
0x03B7	0x1C03      	BTFSS      STATUS, 0
0x03B8	0x3E01      	ADDLW      1
0x03B9	0x01D7      	CLRF       IntToStrWithZeros_tmp_L0+1
0x03BA	0x02D7      	SUBWF      IntToStrWithZeros_tmp_L0+1, 1
;__Lib_Conversions.c,193 :: 		
0x03BB	0x2BC0      	GOTO       L_IntToStrWithZeros34
L_IntToStrWithZeros33:
;__Lib_Conversions.c,194 :: 		
0x03BC	0x0851      	MOVF       FARG_IntToStrWithZeros_input, 0
0x03BD	0x00D6      	MOVWF      IntToStrWithZeros_tmp_L0
0x03BE	0x0852      	MOVF       FARG_IntToStrWithZeros_input+1, 0
0x03BF	0x00D7      	MOVWF      IntToStrWithZeros_tmp_L0+1
;__Lib_Conversions.c,195 :: 		
L_IntToStrWithZeros34:
;__Lib_Conversions.c,197 :: 		
0x03C0	0x3005      	MOVLW      5
0x03C1	0x00D5      	MOVWF      IntToStrWithZeros_len_L0
;__Lib_Conversions.c,198 :: 		
L_IntToStrWithZeros35:
0x03C2	0x3000      	MOVLW      0
0x03C3	0x0657      	XORWF      IntToStrWithZeros_tmp_L0+1, 0
0x03C4	0x1D03      	BTFSS      STATUS, 2
0x03C5	0x2BC8      	GOTO       L__IntToStrWithZeros120
0x03C6	0x3000      	MOVLW      0
0x03C7	0x0656      	XORWF      IntToStrWithZeros_tmp_L0, 0
L__IntToStrWithZeros120:
0x03C8	0x1903      	BTFSC      STATUS, 2
0x03C9	0x2BEF      	GOTO       L_IntToStrWithZeros36
;__Lib_Conversions.c,199 :: 		
0x03CA	0x0855      	MOVF       IntToStrWithZeros_len_L0, 0
0x03CB	0x0753      	ADDWF      FARG_IntToStrWithZeros_output, 0
0x03CC	0x00D8      	MOVWF      FLOC__IntToStrWithZeros
0x03CD	0x300A      	MOVLW      10
0x03CE	0x00F4      	MOVWF      R4
0x03CF	0x3000      	MOVLW      0
0x03D0	0x00F5      	MOVWF      R4+1
0x03D1	0x0856      	MOVF       IntToStrWithZeros_tmp_L0, 0
0x03D2	0x00F0      	MOVWF      R0
0x03D3	0x0857      	MOVF       IntToStrWithZeros_tmp_L0+1, 0
0x03D4	0x00F1      	MOVWF      R0+1
0x03D5	0x230C      	CALL       _Div_16X16_U
0x03D6	0x0878      	MOVF       R8, 0
0x03D7	0x00F0      	MOVWF      R0
0x03D8	0x0879      	MOVF       R8+1, 0
0x03D9	0x00F1      	MOVWF      R0+1
0x03DA	0x3030      	MOVLW      48
0x03DB	0x07F0      	ADDWF      R0, 1
0x03DC	0x0858      	MOVF       FLOC__IntToStrWithZeros, 0
0x03DD	0x0084      	MOVWF      FSR
0x03DE	0x0870      	MOVF       R0, 0
0x03DF	0x0080      	MOVWF      INDF
0x03E0	0x03D5      	DECF       IntToStrWithZeros_len_L0, 1
;__Lib_Conversions.c,200 :: 		
0x03E1	0x300A      	MOVLW      10
0x03E2	0x00F4      	MOVWF      R4
0x03E3	0x3000      	MOVLW      0
0x03E4	0x00F5      	MOVWF      R4+1
0x03E5	0x0856      	MOVF       IntToStrWithZeros_tmp_L0, 0
0x03E6	0x00F0      	MOVWF      R0
0x03E7	0x0857      	MOVF       IntToStrWithZeros_tmp_L0+1, 0
0x03E8	0x00F1      	MOVWF      R0+1
0x03E9	0x230C      	CALL       _Div_16X16_U
0x03EA	0x0870      	MOVF       R0, 0
0x03EB	0x00D6      	MOVWF      IntToStrWithZeros_tmp_L0
0x03EC	0x0871      	MOVF       R0+1, 0
0x03ED	0x00D7      	MOVWF      IntToStrWithZeros_tmp_L0+1
;__Lib_Conversions.c,201 :: 		
0x03EE	0x2BC2      	GOTO       L_IntToStrWithZeros35
L_IntToStrWithZeros36:
;__Lib_Conversions.c,203 :: 		
0x03EF	0x0854      	MOVF       IntToStrWithZeros_negative_L0, 0
0x03F0	0x1903      	BTFSC      STATUS, 2
0x03F1	0x2BF6      	GOTO       L_IntToStrWithZeros37
;__Lib_Conversions.c,204 :: 		
0x03F2	0x0853      	MOVF       FARG_IntToStrWithZeros_output, 0
0x03F3	0x0084      	MOVWF      FSR
0x03F4	0x302D      	MOVLW      45
0x03F5	0x0080      	MOVWF      INDF
L_IntToStrWithZeros37:
;__Lib_Conversions.c,205 :: 		
L_end_IntToStrWithZeros:
0x03F6	0x0008      	RETURN
; end of _IntToStrWithZeros
_Lcd_Init:
;__Lib_Lcd.c,84 :: 		
;__Lib_Lcd.c,86 :: 		
0x03F7	0x1683      	BSF        STATUS, 5
0x03F8	0x1303      	BCF        STATUS, 6
0x03F9	0x1186      	BCF        LCD_EN_Direction, BitPos(LCD_EN_Direction+0)
;__Lib_Lcd.c,87 :: 		
0x03FA	0x1106      	BCF        LCD_RS_Direction, BitPos(LCD_RS_Direction+0)
;__Lib_Lcd.c,88 :: 		
0x03FB	0x1206      	BCF        LCD_D4_Direction, BitPos(LCD_D4_Direction+0)
;__Lib_Lcd.c,89 :: 		
0x03FC	0x1286      	BCF        LCD_D5_Direction, BitPos(LCD_D5_Direction+0)
;__Lib_Lcd.c,90 :: 		
0x03FD	0x1306      	BCF        LCD_D6_Direction, BitPos(LCD_D6_Direction+0)
;__Lib_Lcd.c,91 :: 		
0x03FE	0x1386      	BCF        LCD_D7_Direction, BitPos(LCD_D7_Direction+0)
;__Lib_Lcd.c,93 :: 		
0x03FF	0x1283      	BCF        STATUS, 5
0x0400	0x1186      	BCF        LCD_EN, BitPos(LCD_EN+0)
;__Lib_Lcd.c,94 :: 		
0x0401	0x1106      	BCF        LCD_RS, BitPos(LCD_RS+0)
;__Lib_Lcd.c,95 :: 		
0x0402	0x1386      	BCF        LCD_D7, BitPos(LCD_D7+0)
;__Lib_Lcd.c,96 :: 		
0x0403	0x1306      	BCF        LCD_D6, BitPos(LCD_D6+0)
;__Lib_Lcd.c,97 :: 		
0x0404	0x1286      	BCF        LCD_D5, BitPos(LCD_D5+0)
;__Lib_Lcd.c,98 :: 		
0x0405	0x1206      	BCF        LCD_D4, BitPos(LCD_D4+0)
;__Lib_Lcd.c,100 :: 		
0x0406	0x201F      	CALL       _Delay_5500us
;__Lib_Lcd.c,101 :: 		
0x0407	0x201F      	CALL       _Delay_5500us
;__Lib_Lcd.c,102 :: 		
0x0408	0x201F      	CALL       _Delay_5500us
;__Lib_Lcd.c,105 :: 		
0x0409	0x1686      	BSF        LCD_D5, BitPos(LCD_D5+0)
;__Lib_Lcd.c,106 :: 		
0x040A	0x1606      	BSF        LCD_D4, BitPos(LCD_D4+0)
;__Lib_Lcd.c,107 :: 		
0x040B	0x1586      	BSF        LCD_EN, BitPos(LCD_EN+0)
;__Lib_Lcd.c,108 :: 		
0x040C	0x202C      	CALL       _Delay_1us
;__Lib_Lcd.c,109 :: 		
0x040D	0x1186      	BCF        LCD_EN, BitPos(LCD_EN+0)
;__Lib_Lcd.c,110 :: 		
0x040E	0x201F      	CALL       _Delay_5500us
;__Lib_Lcd.c,112 :: 		
0x040F	0x1586      	BSF        LCD_EN, BitPos(LCD_EN+0)
;__Lib_Lcd.c,113 :: 		
0x0410	0x202C      	CALL       _Delay_1us
;__Lib_Lcd.c,114 :: 		
0x0411	0x1186      	BCF        LCD_EN, BitPos(LCD_EN+0)
;__Lib_Lcd.c,115 :: 		
0x0412	0x201F      	CALL       _Delay_5500us
;__Lib_Lcd.c,117 :: 		
0x0413	0x1586      	BSF        LCD_EN, BitPos(LCD_EN+0)
;__Lib_Lcd.c,118 :: 		
0x0414	0x202C      	CALL       _Delay_1us
;__Lib_Lcd.c,119 :: 		
0x0415	0x1186      	BCF        LCD_EN, BitPos(LCD_EN+0)
;__Lib_Lcd.c,120 :: 		
0x0416	0x201F      	CALL       _Delay_5500us
;__Lib_Lcd.c,123 :: 		
0x0417	0x1206      	BCF        LCD_D4, BitPos(LCD_D4+0)
;__Lib_Lcd.c,124 :: 		
0x0418	0x1586      	BSF        LCD_EN, BitPos(LCD_EN+0)
;__Lib_Lcd.c,125 :: 		
0x0419	0x202C      	CALL       _Delay_1us
;__Lib_Lcd.c,126 :: 		
0x041A	0x1186      	BCF        LCD_EN, BitPos(LCD_EN+0)
;__Lib_Lcd.c,127 :: 		
0x041B	0x201F      	CALL       _Delay_5500us
;__Lib_Lcd.c,130 :: 		
0x041C	0x1586      	BSF        LCD_EN, BitPos(LCD_EN+0)
;__Lib_Lcd.c,131 :: 		
0x041D	0x202C      	CALL       _Delay_1us
;__Lib_Lcd.c,132 :: 		
0x041E	0x1186      	BCF        LCD_EN, BitPos(LCD_EN+0)
;__Lib_Lcd.c,134 :: 		
0x041F	0x1286      	BCF        LCD_D5, BitPos(LCD_D5+0)
;__Lib_Lcd.c,135 :: 		
0x0420	0x1786      	BSF        LCD_D7, BitPos(LCD_D7+0)
;__Lib_Lcd.c,136 :: 		
0x0421	0x1586      	BSF        LCD_EN, BitPos(LCD_EN+0)
;__Lib_Lcd.c,137 :: 		
0x0422	0x202C      	CALL       _Delay_1us
;__Lib_Lcd.c,138 :: 		
0x0423	0x1186      	BCF        LCD_EN, BitPos(LCD_EN+0)
;__Lib_Lcd.c,139 :: 		
0x0424	0x201F      	CALL       _Delay_5500us
;__Lib_Lcd.c,142 :: 		
0x0425	0x1386      	BCF        LCD_D7, BitPos(LCD_D7+0)
;__Lib_Lcd.c,143 :: 		
0x0426	0x1606      	BSF        LCD_D4, BitPos(LCD_D4+0)
;__Lib_Lcd.c,144 :: 		
0x0427	0x1586      	BSF        LCD_EN, BitPos(LCD_EN+0)
;__Lib_Lcd.c,145 :: 		
0x0428	0x202C      	CALL       _Delay_1us
;__Lib_Lcd.c,146 :: 		
0x0429	0x1186      	BCF        LCD_EN, BitPos(LCD_EN+0)
;__Lib_Lcd.c,148 :: 		
0x042A	0x1206      	BCF        LCD_D4, BitPos(LCD_D4+0)
;__Lib_Lcd.c,149 :: 		
0x042B	0x1586      	BSF        LCD_EN, BitPos(LCD_EN+0)
;__Lib_Lcd.c,150 :: 		
0x042C	0x202C      	CALL       _Delay_1us
;__Lib_Lcd.c,151 :: 		
0x042D	0x1186      	BCF        LCD_EN, BitPos(LCD_EN+0)
;__Lib_Lcd.c,152 :: 		
0x042E	0x201F      	CALL       _Delay_5500us
;__Lib_Lcd.c,155 :: 		
0x042F	0x1586      	BSF        LCD_EN, BitPos(LCD_EN+0)
;__Lib_Lcd.c,156 :: 		
0x0430	0x202C      	CALL       _Delay_1us
;__Lib_Lcd.c,157 :: 		
0x0431	0x1186      	BCF        LCD_EN, BitPos(LCD_EN+0)
;__Lib_Lcd.c,159 :: 		
0x0432	0x1606      	BSF        LCD_D4, BitPos(LCD_D4+0)
;__Lib_Lcd.c,160 :: 		
0x0433	0x1586      	BSF        LCD_EN, BitPos(LCD_EN+0)
;__Lib_Lcd.c,161 :: 		
0x0434	0x202C      	CALL       _Delay_1us
;__Lib_Lcd.c,162 :: 		
0x0435	0x1186      	BCF        LCD_EN, BitPos(LCD_EN+0)
;__Lib_Lcd.c,163 :: 		
0x0436	0x201F      	CALL       _Delay_5500us
;__Lib_Lcd.c,166 :: 		
0x0437	0x1206      	BCF        LCD_D4, BitPos(LCD_D4+0)
;__Lib_Lcd.c,167 :: 		
0x0438	0x1586      	BSF        LCD_EN, BitPos(LCD_EN+0)
;__Lib_Lcd.c,168 :: 		
0x0439	0x202C      	CALL       _Delay_1us
;__Lib_Lcd.c,169 :: 		
0x043A	0x1186      	BCF        LCD_EN, BitPos(LCD_EN+0)
;__Lib_Lcd.c,171 :: 		
0x043B	0x1786      	BSF        LCD_D7, BitPos(LCD_D7+0)
;__Lib_Lcd.c,172 :: 		
0x043C	0x1706      	BSF        LCD_D6, BitPos(LCD_D6+0)
;__Lib_Lcd.c,173 :: 		
0x043D	0x1686      	BSF        LCD_D5, BitPos(LCD_D5+0)
;__Lib_Lcd.c,174 :: 		
0x043E	0x1606      	BSF        LCD_D4, BitPos(LCD_D4+0)
;__Lib_Lcd.c,175 :: 		
0x043F	0x1586      	BSF        LCD_EN, BitPos(LCD_EN+0)
;__Lib_Lcd.c,176 :: 		
0x0440	0x202C      	CALL       _Delay_1us
;__Lib_Lcd.c,177 :: 		
0x0441	0x1186      	BCF        LCD_EN, BitPos(LCD_EN+0)
;__Lib_Lcd.c,179 :: 		
0x0442	0x201F      	CALL       _Delay_5500us
;__Lib_Lcd.c,181 :: 		
0x0443	0x1445      	BSF        __Lib_Lcd_cmd_status, BitPos(__Lib_Lcd_cmd_status+0)
;__Lib_Lcd.c,182 :: 		
L_end_Lcd_Init:
0x0444	0x0008      	RETURN
; end of _Lcd_Init
_kp_init:
;keypad4x3.h,16 :: 		void kp_init(){
;keypad4x3.h,17 :: 		kp_row1_dir = 1;
0x0445	0x1683      	BSF        STATUS, 5
0x0446	0x1303      	BCF        STATUS, 6
0x0447	0x1787      	BSF        TRISC7_bit, BitPos(TRISC7_bit+0)
;keypad4x3.h,18 :: 		kp_row2_dir = 1;
0x0448	0x1707      	BSF        TRISC6_bit, BitPos(TRISC6_bit+0)
;keypad4x3.h,19 :: 		kp_row3_dir = 1;
0x0449	0x1687      	BSF        TRISC5_bit, BitPos(TRISC5_bit+0)
;keypad4x3.h,20 :: 		kp_row4_dir = 1;
0x044A	0x1607      	BSF        TRISC4_bit, BitPos(TRISC4_bit+0)
;keypad4x3.h,21 :: 		kp_col1_dir = 0;
0x044B	0x1187      	BCF        TRISC3_bit, BitPos(TRISC3_bit+0)
;keypad4x3.h,22 :: 		kp_col2_dir = 0;
0x044C	0x1107      	BCF        TRISC2_bit, BitPos(TRISC2_bit+0)
;keypad4x3.h,23 :: 		kp_col3_dir = 0;
0x044D	0x1087      	BCF        TRISC1_bit, BitPos(TRISC1_bit+0)
;keypad4x3.h,24 :: 		kp_col1 = 0;
0x044E	0x1283      	BCF        STATUS, 5
0x044F	0x1187      	BCF        RC3_bit, BitPos(RC3_bit+0)
;keypad4x3.h,25 :: 		kp_col2 = 0;
0x0450	0x1107      	BCF        RC2_bit, BitPos(RC2_bit+0)
;keypad4x3.h,26 :: 		kp_col3 = 0;
0x0451	0x1087      	BCF        RC1_bit, BitPos(RC1_bit+0)
;keypad4x3.h,27 :: 		}
L_end_kp_init:
0x0452	0x0008      	RETURN
; end of _kp_init
___CC2DW:
;__Lib_System.c,134 :: 		
;__Lib_System.c,137 :: 		
_CC2D_Loop1:
;__Lib_System.c,139 :: 		
0x0453	0x2305      	CALL       _____DoICP
0x0454	0x118A      	BCF        PCLATH, 3
0x0455	0x120A      	BCF        PCLATH, 4
;__Lib_System.c,141 :: 		
0x0456	0x0080      	MOVWF      INDF
;__Lib_System.c,142 :: 		
0x0457	0x0A84      	INCF       FSR, 1
;__Lib_System.c,143 :: 		
0x0458	0x0AC6      	INCF       ___DoICPAddr, 1
;__Lib_System.c,145 :: 		
0x0459	0x1903      	BTFSC      STATUS, 2
;__Lib_System.c,146 :: 		
0x045A	0x0AC7      	INCF       ___DoICPAddr+1, 1
;__Lib_System.c,147 :: 		
0x045B	0x03F0      	DECF       R0, 1
;__Lib_System.c,149 :: 		
0x045C	0x1D03      	BTFSS      STATUS, 2
;__Lib_System.c,150 :: 		
0x045D	0x2C53      	GOTO       _CC2D_Loop1
;__Lib_System.c,152 :: 		
L_end___CC2DW:
0x045E	0x0008      	RETURN
; end of ___CC2DW
_setSpeed:
;fanSpeed.c,57 :: 		void setSpeed(){
;fanSpeed.c,58 :: 		char x = 0, tmp[3];
0x045F	0x1283      	BCF        STATUS, 5
0x0460	0x1303      	BCF        STATUS, 6
0x0461	0x01D4      	CLRF       setSpeed_x_L0
;fanSpeed.c,59 :: 		lcd_cmd(_LCD_BLINK_CURSOR_ON);
0x0462	0x300F      	MOVLW      15
0x0463	0x00E0      	MOVWF      FARG_Lcd_Cmd_out_char
0x0464	0x202F      	CALL       _Lcd_Cmd
;fanSpeed.c,60 :: 		lcd_cmd(_lcd_clear);
0x0465	0x3001      	MOVLW      1
0x0466	0x00E0      	MOVWF      FARG_Lcd_Cmd_out_char
0x0467	0x202F      	CALL       _Lcd_Cmd
;fanSpeed.c,61 :: 		lcd_out(1,1, "Set Speed[0-100]");
0x0468	0x3001      	MOVLW      1
0x0469	0x00DB      	MOVWF      FARG_Lcd_Out_row
0x046A	0x3001      	MOVLW      1
0x046B	0x00DC      	MOVWF      FARG_Lcd_Out_column
0x046C	0x302F      	MOVLW      ?lstr3_fanSpeed
0x046D	0x00DD      	MOVWF      FARG_Lcd_Out_text
0x046E	0x2100      	CALL       _Lcd_Out
;fanSpeed.c,62 :: 		delay_ms(300);
0x046F	0x3004      	MOVLW      4
0x0470	0x00FB      	MOVWF      R11
0x0471	0x300C      	MOVLW      12
0x0472	0x00FC      	MOVWF      R12
0x0473	0x3033      	MOVLW      51
0x0474	0x00FD      	MOVWF      R13
L_setSpeed27:
0x0475	0x0BFD      	DECFSZ     R13, 1
0x0476	0x2C75      	GOTO       L_setSpeed27
0x0477	0x0BFC      	DECFSZ     R12, 1
0x0478	0x2C75      	GOTO       L_setSpeed27
0x0479	0x0BFB      	DECFSZ     R11, 1
0x047A	0x2C75      	GOTO       L_setSpeed27
0x047B	0x0000      	NOP
0x047C	0x0000      	NOP
;fanSpeed.c,64 :: 		speed = 0;
0x047D	0x01AE      	CLRF       _speed
;fanSpeed.c,65 :: 		while(1){
L_setSpeed28:
;fanSpeed.c,66 :: 		key = kp_get_key();
0x047E	0x2243      	CALL       _kp_get_key
0x047F	0x0870      	MOVF       R0, 0
0x0480	0x00C4      	MOVWF      _key
;fanSpeed.c,67 :: 		if(key == '*') {
0x0481	0x0870      	MOVF       R0, 0
0x0482	0x3A2A      	XORLW      42
0x0483	0x1D03      	BTFSS      STATUS, 2
0x0484	0x2CA0      	GOTO       L_setSpeed30
;fanSpeed.c,68 :: 		x++;
0x0485	0x0AD4      	INCF       setSpeed_x_L0, 1
;fanSpeed.c,69 :: 		tmp[x] = 0;
0x0486	0x0854      	MOVF       setSpeed_x_L0, 0
0x0487	0x3E51      	ADDLW      setSpeed_tmp_L0
0x0488	0x0084      	MOVWF      FSR
0x0489	0x0180      	CLRF       INDF
;fanSpeed.c,70 :: 		lcd_chr(2, x+1, '0');
0x048A	0x3002      	MOVLW      2
0x048B	0x00DB      	MOVWF      FARG_Lcd_Chr_row
0x048C	0x0A54      	INCF       setSpeed_x_L0, 0
0x048D	0x00DC      	MOVWF      FARG_Lcd_Chr_column
0x048E	0x3030      	MOVLW      48
0x048F	0x00DD      	MOVWF      FARG_Lcd_Chr_out_char
0x0490	0x2198      	CALL       _Lcd_Chr
;fanSpeed.c,71 :: 		delay_ms(300);
0x0491	0x3004      	MOVLW      4
0x0492	0x00FB      	MOVWF      R11
0x0493	0x300C      	MOVLW      12
0x0494	0x00FC      	MOVWF      R12
0x0495	0x3033      	MOVLW      51
0x0496	0x00FD      	MOVWF      R13
L_setSpeed31:
0x0497	0x0BFD      	DECFSZ     R13, 1
0x0498	0x2C97      	GOTO       L_setSpeed31
0x0499	0x0BFC      	DECFSZ     R12, 1
0x049A	0x2C97      	GOTO       L_setSpeed31
0x049B	0x0BFB      	DECFSZ     R11, 1
0x049C	0x2C97      	GOTO       L_setSpeed31
0x049D	0x0000      	NOP
0x049E	0x0000      	NOP
;fanSpeed.c,72 :: 		}
0x049F	0x2CC2      	GOTO       L_setSpeed32
L_setSpeed30:
;fanSpeed.c,73 :: 		else if(key == '#') break;
0x04A0	0x0844      	MOVF       _key, 0
0x04A1	0x3A23      	XORLW      35
0x04A2	0x1D03      	BTFSS      STATUS, 2
0x04A3	0x2CA5      	GOTO       L_setSpeed33
0x04A4	0x2CC3      	GOTO       L_setSpeed29
L_setSpeed33:
;fanSpeed.c,75 :: 		tmp[x] = key - 48;
0x04A5	0x0854      	MOVF       setSpeed_x_L0, 0
0x04A6	0x3E51      	ADDLW      setSpeed_tmp_L0
0x04A7	0x0084      	MOVWF      FSR
0x04A8	0x3030      	MOVLW      48
0x04A9	0x0244      	SUBWF      _key, 0
0x04AA	0x00F0      	MOVWF      R0
0x04AB	0x0870      	MOVF       R0, 0
0x04AC	0x0080      	MOVWF      INDF
;fanSpeed.c,76 :: 		lcd_chr(2, x+1, key);
0x04AD	0x3002      	MOVLW      2
0x04AE	0x00DB      	MOVWF      FARG_Lcd_Chr_row
0x04AF	0x0A54      	INCF       setSpeed_x_L0, 0
0x04B0	0x00DC      	MOVWF      FARG_Lcd_Chr_column
0x04B1	0x0844      	MOVF       _key, 0
0x04B2	0x00DD      	MOVWF      FARG_Lcd_Chr_out_char
0x04B3	0x2198      	CALL       _Lcd_Chr
;fanSpeed.c,77 :: 		delay_ms(300);
0x04B4	0x3004      	MOVLW      4
0x04B5	0x00FB      	MOVWF      R11
0x04B6	0x300C      	MOVLW      12
0x04B7	0x00FC      	MOVWF      R12
0x04B8	0x3033      	MOVLW      51
0x04B9	0x00FD      	MOVWF      R13
L_setSpeed35:
0x04BA	0x0BFD      	DECFSZ     R13, 1
0x04BB	0x2CBA      	GOTO       L_setSpeed35
0x04BC	0x0BFC      	DECFSZ     R12, 1
0x04BD	0x2CBA      	GOTO       L_setSpeed35
0x04BE	0x0BFB      	DECFSZ     R11, 1
0x04BF	0x2CBA      	GOTO       L_setSpeed35
0x04C0	0x0000      	NOP
0x04C1	0x0000      	NOP
;fanSpeed.c,78 :: 		}
L_setSpeed32:
;fanSpeed.c,79 :: 		}
0x04C2	0x2C7E      	GOTO       L_setSpeed28
L_setSpeed29:
;fanSpeed.c,80 :: 		speed = tmp[0] * 100 + tmp[1] * 10 + tmp[2];
0x04C3	0x0851      	MOVF       setSpeed_tmp_L0, 0
0x04C4	0x00F0      	MOVWF      R0
0x04C5	0x3064      	MOVLW      100
0x04C6	0x00F4      	MOVWF      R4
0x04C7	0x222A      	CALL       _Mul_8X8_U
0x04C8	0x0870      	MOVF       R0, 0
0x04C9	0x00D5      	MOVWF      FLOC__setSpeed
0x04CA	0x0852      	MOVF       setSpeed_tmp_L0+1, 0
0x04CB	0x00F0      	MOVWF      R0
0x04CC	0x300A      	MOVLW      10
0x04CD	0x00F4      	MOVWF      R4
0x04CE	0x222A      	CALL       _Mul_8X8_U
0x04CF	0x0855      	MOVF       FLOC__setSpeed, 0
0x04D0	0x07F0      	ADDWF      R0, 1
0x04D1	0x0853      	MOVF       setSpeed_tmp_L0+2, 0
0x04D2	0x07F0      	ADDWF      R0, 1
0x04D3	0x0870      	MOVF       R0, 0
0x04D4	0x00AE      	MOVWF      _speed
;fanSpeed.c,81 :: 		hz = speed * 0.5;
0x04D5	0x21CB      	CALL       _byte2double
0x04D6	0x3000      	MOVLW      0
0x04D7	0x00F4      	MOVWF      R4
0x04D8	0x3000      	MOVLW      0
0x04D9	0x00F5      	MOVWF      R4+1
0x04DA	0x3000      	MOVLW      0
0x04DB	0x00F6      	MOVWF      R4+2
0x04DC	0x307E      	MOVLW      126
0x04DD	0x00F7      	MOVWF      R4+3
0x04DE	0x22A4      	CALL       _Mul_32x32_FP
0x04DF	0x2261      	CALL       _double2byte
0x04E0	0x0870      	MOVF       R0, 0
0x04E1	0x00AA      	MOVWF      _hz
;fanSpeed.c,82 :: 		delay_ms(100);
0x04E2	0x3002      	MOVLW      2
0x04E3	0x00FB      	MOVWF      R11
0x04E4	0x3004      	MOVLW      4
0x04E5	0x00FC      	MOVWF      R12
0x04E6	0x30BA      	MOVLW      186
0x04E7	0x00FD      	MOVWF      R13
L_setSpeed36:
0x04E8	0x0BFD      	DECFSZ     R13, 1
0x04E9	0x2CE8      	GOTO       L_setSpeed36
0x04EA	0x0BFC      	DECFSZ     R12, 1
0x04EB	0x2CE8      	GOTO       L_setSpeed36
0x04EC	0x0BFB      	DECFSZ     R11, 1
0x04ED	0x2CE8      	GOTO       L_setSpeed36
0x04EE	0x0000      	NOP
;fanSpeed.c,83 :: 		home();
0x04EF	0x220C      	CALL       _home
;fanSpeed.c,84 :: 		}
L_end_setSpeed:
0x04F0	0x0008      	RETURN
; end of _setSpeed
_main:
0x04F1	0x2562      	CALL       1378
;fanSpeed.c,86 :: 		void main() {
;fanSpeed.c,87 :: 		PORTB = 0;
0x04F2	0x1283      	BCF        STATUS, 5
0x04F3	0x1303      	BCF        STATUS, 6
0x04F4	0x0186      	CLRF       PORTB
;fanSpeed.c,88 :: 		TRISB = 0x01;
0x04F5	0x3001      	MOVLW      1
0x04F6	0x1683      	BSF        STATUS, 5
0x04F7	0x0086      	MOVWF      TRISB
;fanSpeed.c,89 :: 		OPTION_REG.INTEDG = 1;
0x04F8	0x1701      	BSF        OPTION_REG, 6
;fanSpeed.c,90 :: 		INTCON.INTF = 0;
0x04F9	0x108B      	BCF        INTCON, 1
;fanSpeed.c,91 :: 		INTCON.INTE = 1;
0x04FA	0x160B      	BSF        INTCON, 4
;fanSpeed.c,92 :: 		INTCON.GIE = 1;
0x04FB	0x178B      	BSF        INTCON, 7
;fanSpeed.c,93 :: 		kp_init();
0x04FC	0x2445      	CALL       _kp_init
;fanSpeed.c,94 :: 		lcd_init();
0x04FD	0x23F7      	CALL       _Lcd_Init
;fanSpeed.c,95 :: 		home();
0x04FE	0x220C      	CALL       _home
;fanSpeed.c,97 :: 		while (1){
L_main37:
;fanSpeed.c,98 :: 		timer++;
0x04FF	0x0AC2      	INCF       _timer, 1
0x0500	0x1903      	BTFSC      STATUS, 2
0x0501	0x0AC3      	INCF       _timer+1, 1
;fanSpeed.c,99 :: 		if(timer > 100) {
0x0502	0x3080      	MOVLW      128
0x0503	0x00F0      	MOVWF      R0
0x0504	0x3080      	MOVLW      128
0x0505	0x0643      	XORWF      _timer+1, 0
0x0506	0x0270      	SUBWF      R0, 0
0x0507	0x1D03      	BTFSS      STATUS, 2
0x0508	0x2D0B      	GOTO       L__main53
0x0509	0x0842      	MOVF       _timer, 0
0x050A	0x3C64      	SUBLW      100
L__main53:
0x050B	0x1803      	BTFSC      STATUS, 0
0x050C	0x2D1F      	GOTO       L_main39
;fanSpeed.c,100 :: 		inttostrwithzeros(rpm, txt);
0x050D	0x0840      	MOVF       _rpm, 0
0x050E	0x00D1      	MOVWF      FARG_IntToStrWithZeros_input
0x050F	0x0841      	MOVF       _rpm+1, 0
0x0510	0x00D2      	MOVWF      FARG_IntToStrWithZeros_input+1
0x0511	0x3048      	MOVLW      _txt
0x0512	0x00D3      	MOVWF      FARG_IntToStrWithZeros_output
0x0513	0x238A      	CALL       _IntToStrWithZeros
;fanSpeed.c,101 :: 		lcd_out(1, 11, txt);
0x0514	0x3001      	MOVLW      1
0x0515	0x00DB      	MOVWF      FARG_Lcd_Out_row
0x0516	0x300B      	MOVLW      11
0x0517	0x00DC      	MOVWF      FARG_Lcd_Out_column
0x0518	0x3048      	MOVLW      _txt
0x0519	0x00DD      	MOVWF      FARG_Lcd_Out_text
0x051A	0x2100      	CALL       _Lcd_Out
;fanSpeed.c,102 :: 		rpm = 0; timer = 0;
0x051B	0x01C0      	CLRF       _rpm
0x051C	0x01C1      	CLRF       _rpm+1
0x051D	0x01C2      	CLRF       _timer
0x051E	0x01C3      	CLRF       _timer+1
;fanSpeed.c,103 :: 		}
L_main39:
;fanSpeed.c,104 :: 		lcd_out_byte(1, 1, speed);
0x051F	0x3001      	MOVLW      1
0x0520	0x00D1      	MOVWF      FARG_lcd_out_byte_x
0x0521	0x3001      	MOVLW      1
0x0522	0x00D2      	MOVWF      FARG_lcd_out_byte_y
0x0523	0x082E      	MOVF       _speed, 0
0x0524	0x00D3      	MOVWF      FARG_lcd_out_byte_val
0x0525	0x2358      	CALL       _lcd_out_byte
;fanSpeed.c,105 :: 		lcd_out_byte(2, 12, hz);
0x0526	0x3002      	MOVLW      2
0x0527	0x00D1      	MOVWF      FARG_lcd_out_byte_x
0x0528	0x300C      	MOVLW      12
0x0529	0x00D2      	MOVWF      FARG_lcd_out_byte_y
0x052A	0x082A      	MOVF       _hz, 0
0x052B	0x00D3      	MOVWF      FARG_lcd_out_byte_val
0x052C	0x2358      	CALL       _lcd_out_byte
;fanSpeed.c,107 :: 		fanSpeed(speed);
0x052D	0x082E      	MOVF       _speed, 0
0x052E	0x00D1      	MOVWF      FARG_fanSpeed_speed
0x052F	0x233C      	CALL       _fanSpeed
;fanSpeed.c,108 :: 		key = kp_scan();
0x0530	0x20A7      	CALL       _kp_scan
0x0531	0x0870      	MOVF       R0, 0
0x0532	0x00C4      	MOVWF      _key
;fanSpeed.c,109 :: 		if(key == '*') setSpeed();
0x0533	0x0870      	MOVF       R0, 0
0x0534	0x3A2A      	XORLW      42
0x0535	0x1D03      	BTFSS      STATUS, 2
0x0536	0x2D38      	GOTO       L_main40
0x0537	0x245F      	CALL       _setSpeed
L_main40:
;fanSpeed.c,110 :: 		}
0x0538	0x2CFF      	GOTO       L_main37
;fanSpeed.c,111 :: 		}
L_end_main:
0x0539	0x2D39      	GOTO       $+0
; end of _main
0x0562	0x3021      	MOVLW      33
0x0563	0x0084      	MOVWF      FSR
0x0564	0x3023      	MOVLW      35
0x0565	0x1283      	BCF        STATUS, 5
0x0566	0x1303      	BCF        STATUS, 6
0x0567	0x00F0      	MOVWF      R0
0x0568	0x303F      	MOVLW      63
0x0569	0x00C6      	MOVWF      ___DoICPAddr
0x056A	0x3005      	MOVLW      5
0x056B	0x00C7      	MOVWF      71
0x056C	0x2453      	CALL       1107
0x056D	0x0008      	RETURN
;fanSpeed.c,0 :: ?ICS?lstr1_fanSpeed
0x053F	0x342A ;?ICS?lstr1_fanSpeed+0
0x0540	0x343A ;?ICS?lstr1_fanSpeed+1
0x0541	0x3420 ;?ICS?lstr1_fanSpeed+2
0x0542	0x3453 ;?ICS?lstr1_fanSpeed+3
0x0543	0x3450 ;?ICS?lstr1_fanSpeed+4
0x0544	0x3445 ;?ICS?lstr1_fanSpeed+5
0x0545	0x3445 ;?ICS?lstr1_fanSpeed+6
0x0546	0x3444 ;?ICS?lstr1_fanSpeed+7
0x0547	0x3400 ;?ICS?lstr1_fanSpeed+8
; end of ?ICS?lstr1_fanSpeed
;fanSpeed.c,0 :: ?ICS_hz
0x0548	0x3432 ;?ICS_hz+0
; end of ?ICS_hz
;fanSpeed.c,0 :: ?ICS?lstr2_fanSpeed
0x0549	0x3448 ;?ICS?lstr2_fanSpeed+0
0x054A	0x347A ;?ICS?lstr2_fanSpeed+1
0x054B	0x3400 ;?ICS?lstr2_fanSpeed+2
; end of ?ICS?lstr2_fanSpeed
;fanSpeed.c,0 :: ?ICS_speed
0x054C	0x3464 ;?ICS_speed+0
; end of ?ICS_speed
;fanSpeed.c,0 :: ?ICS?lstr3_fanSpeed
0x054D	0x3453 ;?ICS?lstr3_fanSpeed+0
0x054E	0x3465 ;?ICS?lstr3_fanSpeed+1
0x054F	0x3474 ;?ICS?lstr3_fanSpeed+2
0x0550	0x3420 ;?ICS?lstr3_fanSpeed+3
0x0551	0x3453 ;?ICS?lstr3_fanSpeed+4
0x0552	0x3470 ;?ICS?lstr3_fanSpeed+5
0x0553	0x3465 ;?ICS?lstr3_fanSpeed+6
0x0554	0x3465 ;?ICS?lstr3_fanSpeed+7
0x0555	0x3464 ;?ICS?lstr3_fanSpeed+8
0x0556	0x345B ;?ICS?lstr3_fanSpeed+9
0x0557	0x3430 ;?ICS?lstr3_fanSpeed+10
0x0558	0x342D ;?ICS?lstr3_fanSpeed+11
0x0559	0x3431 ;?ICS?lstr3_fanSpeed+12
0x055A	0x3430 ;?ICS?lstr3_fanSpeed+13
0x055B	0x3430 ;?ICS?lstr3_fanSpeed+14
0x055C	0x345D ;?ICS?lstr3_fanSpeed+15
0x055D	0x3400 ;?ICS?lstr3_fanSpeed+16
; end of ?ICS?lstr3_fanSpeed
;fanSpeed.c,0 :: ?ICS_rpm
0x055E	0x3400 ;?ICS_rpm+0
0x055F	0x3400 ;?ICS_rpm+1
; end of ?ICS_rpm
;fanSpeed.c,0 :: ?ICS_timer
0x0560	0x3400 ;?ICS_timer+0
0x0561	0x3400 ;?ICS_timer+1
; end of ?ICS_timer
Symbol List:
//** Routines locations **
//ADDRESS    SIZE    PROCEDURE
//----------------------------------------------
0x0004      [20]    _interrupt
0x0018       [7]    _Delay_50us
0x001F      [13]    _Delay_5500us
0x002C       [3]    _Delay_1us
0x002F      [64]    _Lcd_Cmd
0x006F       [8]    _Lcd_Chr_CP
0x0077      [12]    _SETFOV32
0x0083       [7]    _RES032
0x008A      [12]    _SETFUN32
0x0096       [4]    _FIXSIGN32
0x009A      [13]    _Delay_1ms
0x00A7      [76]    _kp_scan
0x00F3      [13]    _SETIOV3224
0x0100      [62]    _Lcd_Out
0x013E      [90]    _NRM4032
0x0198      [51]    _Lcd_Chr
0x01CB      [16]    _byte2double
0x01DB      [49]    _Mul_8X8_S
0x020C      [30]    _home
0x022A      [25]    _Mul_8X8_U
0x0243      [13]    _kp_get_key
0x0250      [17]    _Div_8X8_U
0x0261      [67]    _double2byte
0x02A4      [97]    _Mul_32x32_FP
0x0305       [7]    _____DoICP
0x030C      [29]    _Div_16X16_U
0x0329      [19]    _vdelay_us
0x033C      [28]    _fanSpeed
0x0358      [50]    _lcd_out_byte
0x038A     [109]    _IntToStrWithZeros
0x03F7      [78]    _Lcd_Init
0x0445      [14]    _kp_init
0x0453      [12]    ___CC2DW
0x045F     [146]    _setSpeed
0x04F1      [72]    _main
//** Variables locations ** 
//ADDRESS    SIZE    VARIABLE
//----------------------------------------------
0x0000       [1]    INDF
0x0002       [1]    PCL
0x0003       [1]    STATUS
0x0004       [1]    FSR
0x0006       [0]    RB7_bit
0x0006       [0]    LCD_D5
0x0006       [0]    LCD_D6
0x0006       [0]    LCD_D7
0x0006       [1]    PORTB
0x0006       [0]    LCD_RS
0x0006       [0]    LCD_EN
0x0006       [0]    LCD_D4
0x0006       [0]    RB4_bit
0x0006       [0]    RB5_bit
0x0006       [0]    RB6_bit
0x0006       [0]    RB3_bit
0x0006       [0]    RB1_bit
0x0006       [0]    RB2_bit
0x0007       [0]    kp_row4
0x0007       [0]    kp_col1
0x0007       [0]    kp_row3
0x0007       [0]    kp_row1
0x0007       [0]    kp_row2
0x0007       [0]    RC4_bit
0x0007       [0]    RC3_bit
0x0007       [0]    kp_col2
0x0007       [0]    RC7_bit
0x0007       [0]    RC6_bit
0x0007       [0]    RC5_bit
0x0007       [0]    RC1_bit
0x0007       [0]    kp_col3
0x0007       [0]    RC2_bit
0x000A       [1]    PCLATH
0x000B       [1]    INTCON
0x0020       [1]    __math_tempbD
0x0021       [9]    ?lstr1_fanSpeed
0x002A       [1]    _hz
0x002B       [3]    ?lstr2_fanSpeed
0x002E       [1]    _speed
0x002F      [17]    ?lstr3_fanSpeed
0x0040       [2]    _rpm
0x0042       [2]    _timer
0x0044       [1]    _key
0x0045       [0]    __Lib_Lcd_cmd_status
0x0046       [2]    ___DoICPAddr
0x0048       [7]    _txt
0x004F       [1]    ___savePCLATH
0x0050       [1]    ___saveSTATUS
0x0051       [3]    setSpeed_tmp_L0
0x0051       [1]    FARG_lcd_out_byte_x
0x0051       [1]    FARG_fanSpeed_speed
0x0051       [2]    FARG_IntToStrWithZeros_input
0x0052       [2]    fanSpeed_x_L0
0x0052       [1]    FARG_lcd_out_byte_y
0x0053       [1]    FARG_IntToStrWithZeros_output
0x0053       [1]    FARG_lcd_out_byte_val
0x0054       [1]    IntToStrWithZeros_negative_L0
0x0054       [1]    setSpeed_x_L0
0x0055       [1]    IntToStrWithZeros_len_L0
0x0055       [1]    FLOC__setSpeed
0x0056       [2]    IntToStrWithZeros_tmp_L0
0x0058       [1]    FLOC__IntToStrWithZeros
0x0059       [1]    kp_get_key_key_L0
0x0059       [2]    FARG_vdelay_us_time_us
0x005B       [1]    FARG_Lcd_Chr_row
0x005B       [1]    FARG_Lcd_Out_row
0x005B       [1]    kp_scan_key_L0
0x005C       [1]    FARG_Lcd_Chr_column
0x005C       [1]    FARG_Lcd_Out_column
0x005D       [1]    FARG_Lcd_Chr_out_char
0x005D       [1]    FARG_Lcd_Out_text
0x005E       [1]    Lcd_Out_i_L0
0x005F       [1]    FARG_Lcd_Chr_CP_out_char
0x0060       [1]    FARG_Lcd_Cmd_out_char
0x0070       [1]    R0
0x0071       [1]    R1
0x0072       [1]    R2
0x0073       [1]    R3
0x0074       [1]    R4
0x0075       [1]    R5
0x0076       [1]    R6
0x0077       [1]    R7
0x0078       [1]    R8
0x0079       [1]    R9
0x007A       [1]    R10
0x007B       [1]    R11
0x007C       [1]    R12
0x007D       [1]    R13
0x007E       [1]    R14
0x007F       [1]    R15
0x0081       [1]    OPTION_REG
0x0086       [0]    LCD_D4_Direction
0x0086       [0]    LCD_EN_Direction
0x0086       [0]    LCD_RS_Direction
0x0086       [0]    LCD_D5_Direction
0x0086       [1]    TRISB
0x0086       [0]    LCD_D7_Direction
0x0086       [0]    LCD_D6_Direction
0x0086       [0]    TRISB2_bit
0x0086       [0]    TRISB3_bit
0x0086       [0]    TRISB4_bit
0x0086       [0]    TRISB7_bit
0x0086       [0]    TRISB6_bit
0x0086       [0]    TRISB5_bit
0x0087       [0]    kp_col1_dir
0x0087       [0]    kp_row4_dir
0x0087       [0]    kp_col2_dir
0x0087       [0]    kp_col3_dir
0x0087       [0]    TRISC4_bit
0x0087       [0]    TRISC1_bit
0x0087       [0]    TRISC3_bit
0x0087       [0]    TRISC2_bit
0x0087       [0]    TRISC5_bit
0x0087       [0]    kp_row2_dir
0x0087       [0]    kp_row1_dir
0x0087       [0]    TRISC7_bit
0x0087       [0]    TRISC6_bit
0x0087       [0]    kp_row3_dir
//** Constants locations ** 
//ADDRESS    SIZE    CONSTANT
//----------------------------------------------
0x053F       [9]    ?ICS?lstr1_fanSpeed
0x0548       [1]    ?ICS_hz
0x0549       [3]    ?ICS?lstr2_fanSpeed
0x054C       [1]    ?ICS_speed
0x054D      [17]    ?ICS?lstr3_fanSpeed
0x055E       [2]    ?ICS_rpm
0x0560       [2]    ?ICS_timer
