;  LST file generated by mikroListExporter - v.2.0 
; Date/Time: 21-Aug-17 7:34:17 PM
;----------------------------------------------

;Address Opcode 	ASM
0x0000	0x2879      	GOTO       121
_Delay_500us:
;__Lib_Delays.c,27 :: 		void Delay_500us() {
;__Lib_Delays.c,28 :: 		Delay_us(498);
0x0003	0x3002      	MOVLW      2
0x0004	0x1283      	BCF        STATUS, 5
0x0005	0x1303      	BCF        STATUS, 6
0x0006	0x00FC      	MOVWF      R12
0x0007	0x3049      	MOVLW      73
0x0008	0x00FD      	MOVWF      R13
L_Delay_500us4:
0x0009	0x0BFD      	DECFSZ     R13, 1
0x000A	0x2809      	GOTO       L_Delay_500us4
0x000B	0x0BFC      	DECFSZ     R12, 1
0x000C	0x2809      	GOTO       L_Delay_500us4
0x000D	0x0000      	NOP
0x000E	0x0000      	NOP
;__Lib_Delays.c,29 :: 		}
L_end_Delay_500us:
0x000F	0x0008      	RETURN
; end of _Delay_500us
_Manchester_Out:
;__Lib_Manchester.c,310 :: 		
;__Lib_Manchester.c,312 :: 		
0x0010	0x1283      	BCF        STATUS, 5
0x0011	0x1303      	BCF        STATUS, 6
0x0012	0x0826      	MOVF       FARG_Manchester_Out_BitValue, 0
0x0013	0x3001      	MOVLW      1
0x0014	0x1D03      	BTFSS      STATUS, 2
0x0015	0x3000      	MOVLW      0
0x0016	0x00F0      	MOVWF      R0
0x0017	0x1870      	BTFSC      R0, 0
0x0018	0x281B      	GOTO       L__Manchester_Out89
0x0019	0x1187      	BCF        MANTXPIN, BitPos(MANTXPIN+0)
0x001A	0x281C      	GOTO       L__Manchester_Out90
L__Manchester_Out89:
0x001B	0x1587      	BSF        MANTXPIN, BitPos(MANTXPIN+0)
L__Manchester_Out90:
;__Lib_Manchester.c,313 :: 		
0x001C	0x2003      	CALL       _Delay_500us
;__Lib_Manchester.c,314 :: 		
0x001D	0x2003      	CALL       _Delay_500us
;__Lib_Manchester.c,315 :: 		
0x001E	0x0826      	MOVF       FARG_Manchester_Out_BitValue, 0
0x001F	0x3001      	MOVLW      1
0x0020	0x1D03      	BTFSS      STATUS, 2
0x0021	0x3000      	MOVLW      0
0x0022	0x00F1      	MOVWF      R1
0x0023	0x0871      	MOVF       R1, 0
0x0024	0x3001      	MOVLW      1
0x0025	0x1D03      	BTFSS      STATUS, 2
0x0026	0x3000      	MOVLW      0
0x0027	0x00F0      	MOVWF      R0
0x0028	0x1870      	BTFSC      R0, 0
0x0029	0x282C      	GOTO       L__Manchester_Out91
0x002A	0x1187      	BCF        MANTXPIN, BitPos(MANTXPIN+0)
0x002B	0x282D      	GOTO       L__Manchester_Out92
L__Manchester_Out91:
0x002C	0x1587      	BSF        MANTXPIN, BitPos(MANTXPIN+0)
L__Manchester_Out92:
;__Lib_Manchester.c,316 :: 		
0x002D	0x2003      	CALL       _Delay_500us
;__Lib_Manchester.c,317 :: 		
0x002E	0x2003      	CALL       _Delay_500us
;__Lib_Manchester.c,318 :: 		
L_end_Manchester_Out:
0x002F	0x0008      	RETURN
; end of _Manchester_Out
_____DoICP:
;__Lib_System.c,6 :: 		
;__Lib_System.c,9 :: 		
0x0030	0x1283      	BCF        STATUS, 5
0x0031	0x1303      	BCF        STATUS, 6
0x0032	0x0822      	MOVF       ___DoICPAddr+1, 0
0x0033	0x008A      	MOVWF      PCLATH
;__Lib_System.c,10 :: 		
0x0034	0x0821      	MOVF       ___DoICPAddr, 0
0x0035	0x0082      	MOVWF      PCL
;__Lib_System.c,12 :: 		
L_end_____DoICP:
0x0036	0x0008      	RETURN
; end of _____DoICP
_Manchester_1:
;__Lib_Manchester.c,278 :: 		
;__Lib_Manchester.c,281 :: 		
0x0037	0x1283      	BCF        STATUS, 5
0x0038	0x1303      	BCF        STATUS, 6
0x0039	0x1187      	BCF        MANTXPIN, BitPos(MANTXPIN+0)
;__Lib_Manchester.c,282 :: 		
0x003A	0x2003      	CALL       _Delay_500us
;__Lib_Manchester.c,283 :: 		
0x003B	0x2003      	CALL       _Delay_500us
;__Lib_Manchester.c,285 :: 		
0x003C	0x1587      	BSF        MANTXPIN, BitPos(MANTXPIN+0)
;__Lib_Manchester.c,286 :: 		
0x003D	0x2003      	CALL       _Delay_500us
;__Lib_Manchester.c,287 :: 		
0x003E	0x2003      	CALL       _Delay_500us
;__Lib_Manchester.c,288 :: 		
L_end_Manchester_1:
0x003F	0x0008      	RETURN
; end of _Manchester_1
_Manchester_0:
;__Lib_Manchester.c,292 :: 		
;__Lib_Manchester.c,294 :: 		
0x0040	0x1283      	BCF        STATUS, 5
0x0041	0x1303      	BCF        STATUS, 6
0x0042	0x1587      	BSF        MANTXPIN, BitPos(MANTXPIN+0)
;__Lib_Manchester.c,295 :: 		
0x0043	0x2003      	CALL       _Delay_500us
;__Lib_Manchester.c,296 :: 		
0x0044	0x2003      	CALL       _Delay_500us
;__Lib_Manchester.c,298 :: 		
0x0045	0x1187      	BCF        MANTXPIN, BitPos(MANTXPIN+0)
;__Lib_Manchester.c,299 :: 		
0x0046	0x2003      	CALL       _Delay_500us
;__Lib_Manchester.c,300 :: 		
0x0047	0x2003      	CALL       _Delay_500us
;__Lib_Manchester.c,301 :: 		
L_end_Manchester_0:
0x0048	0x0008      	RETURN
; end of _Manchester_0
_Man_Send_Init:
;__Lib_Manchester.c,304 :: 		
;__Lib_Manchester.c,305 :: 		
0x0049	0x1683      	BSF        STATUS, 5
0x004A	0x1303      	BCF        STATUS, 6
0x004B	0x1187      	BCF        MANTXPIN_Direction, BitPos(MANTXPIN_Direction+0)
;__Lib_Manchester.c,306 :: 		
0x004C	0x1283      	BCF        STATUS, 5
0x004D	0x1187      	BCF        MANTXPIN, BitPos(MANTXPIN+0)
;__Lib_Manchester.c,307 :: 		
L_end_Man_Send_Init:
0x004E	0x0008      	RETURN
; end of _Man_Send_Init
_Man_Send:
;__Lib_Manchester.c,322 :: 		
;__Lib_Manchester.c,325 :: 		
0x004F	0x2037      	CALL       _Manchester_1
;__Lib_Manchester.c,326 :: 		
0x0050	0x2037      	CALL       _Manchester_1
;__Lib_Manchester.c,327 :: 		
0x0051	0x2040      	CALL       _Manchester_0
;__Lib_Manchester.c,329 :: 		
0x0052	0x3080      	MOVLW      128
0x0053	0x00A4      	MOVWF      Man_Send_k_L0
0x0054	0x01A5      	CLRF       Man_Send_k_L0+1
;__Lib_Manchester.c,330 :: 		
L_Man_Send77:
0x0055	0x0825      	MOVF       Man_Send_k_L0+1, 0
0x0056	0x3C00      	SUBLW      0
0x0057	0x1D03      	BTFSS      STATUS, 2
0x0058	0x285B      	GOTO       L__Man_Send94
0x0059	0x0824      	MOVF       Man_Send_k_L0, 0
0x005A	0x3C00      	SUBLW      0
L__Man_Send94:
0x005B	0x1803      	BTFSC      STATUS, 0
0x005C	0x286B      	GOTO       L_Man_Send78
;__Lib_Manchester.c,331 :: 		
0x005D	0x0823      	MOVF       FARG_Man_Send_tr_data, 0
0x005E	0x0524      	ANDWF      Man_Send_k_L0, 0
0x005F	0x00F0      	MOVWF      R0
0x0060	0x0825      	MOVF       Man_Send_k_L0+1, 0
0x0061	0x00F1      	MOVWF      R0+1
0x0062	0x3000      	MOVLW      0
0x0063	0x05F1      	ANDWF      R0+1, 1
;__Lib_Manchester.c,332 :: 		
0x0064	0x0870      	MOVF       R0, 0
0x0065	0x00A6      	MOVWF      FARG_Manchester_Out_BitValue
0x0066	0x2010      	CALL       _Manchester_Out
;__Lib_Manchester.c,333 :: 		
0x0067	0x0CA5      	RRF        Man_Send_k_L0+1, 1
0x0068	0x0CA4      	RRF        Man_Send_k_L0, 1
0x0069	0x13A5      	BCF        Man_Send_k_L0+1, 7
;__Lib_Manchester.c,334 :: 		
0x006A	0x2855      	GOTO       L_Man_Send77
L_Man_Send78:
;__Lib_Manchester.c,335 :: 		
0x006B	0x1187      	BCF        MANTXPIN, BitPos(MANTXPIN+0)
;__Lib_Manchester.c,336 :: 		
L_end_Man_Send:
0x006C	0x0008      	RETURN
; end of _Man_Send
___CC2DW:
;__Lib_System.c,134 :: 		
;__Lib_System.c,137 :: 		
_CC2D_Loop1:
;__Lib_System.c,139 :: 		
0x006D	0x2030      	CALL       _____DoICP
0x006E	0x118A      	BCF        PCLATH, 3
0x006F	0x120A      	BCF        PCLATH, 4
;__Lib_System.c,141 :: 		
0x0070	0x0080      	MOVWF      INDF
;__Lib_System.c,142 :: 		
0x0071	0x0A84      	INCF       FSR, 1
;__Lib_System.c,143 :: 		
0x0072	0x0AA1      	INCF       ___DoICPAddr, 1
;__Lib_System.c,145 :: 		
0x0073	0x1903      	BTFSC      STATUS, 2
;__Lib_System.c,146 :: 		
0x0074	0x0AA2      	INCF       ___DoICPAddr+1, 1
;__Lib_System.c,147 :: 		
0x0075	0x03F0      	DECF       R0, 1
;__Lib_System.c,149 :: 		
0x0076	0x1D03      	BTFSS      STATUS, 2
;__Lib_System.c,150 :: 		
0x0077	0x286D      	GOTO       _CC2D_Loop1
;__Lib_System.c,152 :: 		
L_end___CC2DW:
0x0078	0x0008      	RETURN
; end of ___CC2DW
_main:
0x0079	0x1283      	BCF        STATUS, 5
0x007A	0x1303      	BCF        STATUS, 6
0x007B	0x01A0      	CLRF       _rf_tx
;Fire room.c,7 :: 		void main() {
;Fire room.c,8 :: 		Man_Send_Init();
0x007C	0x2049      	CALL       _Man_Send_Init
;Fire room.c,10 :: 		while(1){
L_main0:
;Fire room.c,11 :: 		Man_send(rf_tx);
0x007D	0x0820      	MOVF       _rf_tx, 0
0x007E	0x00A3      	MOVWF      FARG_Man_Send_tr_data
0x007F	0x204F      	CALL       _Man_Send
;Fire room.c,12 :: 		delay_ms(2000);
0x0080	0x3015      	MOVLW      21
0x0081	0x00FB      	MOVWF      R11
0x0082	0x304B      	MOVLW      75
0x0083	0x00FC      	MOVWF      R12
0x0084	0x30BE      	MOVLW      190
0x0085	0x00FD      	MOVWF      R13
L_main2:
0x0086	0x0BFD      	DECFSZ     R13, 1
0x0087	0x2886      	GOTO       L_main2
0x0088	0x0BFC      	DECFSZ     R12, 1
0x0089	0x2886      	GOTO       L_main2
0x008A	0x0BFB      	DECFSZ     R11, 1
0x008B	0x2886      	GOTO       L_main2
0x008C	0x0000      	NOP
;Fire room.c,13 :: 		rf_tx++;
0x008D	0x0AA0      	INCF       _rf_tx, 1
;Fire room.c,14 :: 		if(rf_tx == 10) rf_tx = 0;
0x008E	0x0820      	MOVF       _rf_tx, 0
0x008F	0x3A0A      	XORLW      10
0x0090	0x1D03      	BTFSS      STATUS, 2
0x0091	0x2893      	GOTO       L_main3
0x0092	0x01A0      	CLRF       _rf_tx
L_main3:
;Fire room.c,15 :: 		}
0x0093	0x287D      	GOTO       L_main0
;Fire room.c,16 :: 		}
L_end_main:
0x0094	0x2894      	GOTO       $+0
; end of _main
Symbol List:
//** Routines locations **
//ADDRESS    SIZE    PROCEDURE
//----------------------------------------------
0x0003      [13]    _Delay_500us
0x0010      [32]    _Manchester_Out
0x0030       [7]    _____DoICP
0x0037       [9]    _Manchester_1
0x0040       [9]    _Manchester_0
0x0049       [6]    _Man_Send_Init
0x004F      [30]    _Man_Send
0x006D      [12]    ___CC2DW
0x0079      [28]    _main
//** Variables locations ** 
//ADDRESS    SIZE    VARIABLE
//----------------------------------------------
0x0000       [1]    INDF
0x0002       [1]    PCL
0x0003       [1]    STATUS
0x0004       [1]    FSR
0x0007       [0]    MANTXPIN
0x0007       [0]    RC3_bit
0x000A       [1]    PCLATH
0x0020       [1]    _rf_tx
0x0021       [2]    ___DoICPAddr
0x0023       [1]    FARG_Man_Send_tr_data
0x0024       [2]    Man_Send_k_L0
0x0026       [1]    FARG_Manchester_Out_BitValue
0x0070       [1]    R0
0x0071       [1]    R1
0x0072       [1]    R2
0x0073       [1]    R3
0x0074       [1]    R4
0x0075       [1]    R5
0x0076       [1]    R6
0x0077       [1]    R7
0x0078       [1]    R8
0x0079       [1]    R9
0x007A       [1]    R10
0x007B       [1]    R11
0x007C       [1]    R12
0x007D       [1]    R13
0x007E       [1]    R14
0x007F       [1]    R15
0x0087       [0]    MANTXPIN_Direction
0x0087       [0]    TRISC3_bit
