;  LST file generated by mikroListExporter - v.2.0 
; Date/Time: 28-Dec-17 5:30:07 PM
;----------------------------------------------

;Address Opcode 	ASM
0x0000	0x2C4B      	GOTO       1099
_interrupt:
0x0004	0x00FF      	MOVWF      R15
0x0005	0x0E03      	SWAPF      STATUS, 0
0x0006	0x0183      	CLRF       STATUS
0x0007	0x00E9      	MOVWF      ___saveSTATUS
0x0008	0x080A      	MOVF       PCLATH, 0
0x0009	0x00EA      	MOVWF      ___savePCLATH
0x000A	0x018A      	CLRF       PCLATH
;Loop counter.c,28 :: 		void interrupt(){
;Loop counter.c,29 :: 		if(INTF_bit){
0x000B	0x1C8B      	BTFSS      INTF_bit, BitPos(INTF_bit+0)
0x000C	0x280F      	GOTO       L_interrupt22
;Loop counter.c,30 :: 		INTF_bit = 0;
0x000D	0x108B      	BCF        INTF_bit, BitPos(INTF_bit+0)
;Loop counter.c,31 :: 		IRF = 1;
0x000E	0x155B      	BSF        _IRF, BitPos(_IRF+0)
;Loop counter.c,32 :: 		}
L_interrupt22:
;Loop counter.c,33 :: 		}
L_end_interrupt:
L__interrupt60:
0x000F	0x086A      	MOVF       ___savePCLATH, 0
0x0010	0x008A      	MOVWF      PCLATH
0x0011	0x0E69      	SWAPF      ___saveSTATUS, 0
0x0012	0x0083      	MOVWF      STATUS
0x0013	0x0EFF      	SWAPF      R15, 1
0x0014	0x0E7F      	SWAPF      R15, 0
0x0015	0x0009      	RETFIE
; end of _interrupt
_Delay_1us:
;__Lib_Delays.c,7 :: 		void Delay_1us() {
;__Lib_Delays.c,8 :: 		Delay_us(1);
0x0016	0x0000      	NOP
0x0017	0x0000      	NOP
;__Lib_Delays.c,9 :: 		}
L_end_Delay_1us:
0x0018	0x0008      	RETURN
; end of _Delay_1us
_Delay_5500us:
;__Lib_Delays.c,31 :: 		void Delay_5500us() {
;__Lib_Delays.c,32 :: 		Delay_us(5500);
0x0019	0x300F      	MOVLW      15
0x001A	0x1283      	BCF        STATUS, 5
0x001B	0x1303      	BCF        STATUS, 6
0x001C	0x00FC      	MOVWF      R12
0x001D	0x3047      	MOVLW      71
0x001E	0x00FD      	MOVWF      R13
L_Delay_5500us5:
0x001F	0x0BFD      	DECFSZ     R13, 1
0x0020	0x281F      	GOTO       L_Delay_5500us5
0x0021	0x0BFC      	DECFSZ     R12, 1
0x0022	0x281F      	GOTO       L_Delay_5500us5
0x0023	0x0000      	NOP
0x0024	0x0000      	NOP
;__Lib_Delays.c,33 :: 		}
L_end_Delay_5500us:
0x0025	0x0008      	RETURN
; end of _Delay_5500us
_Delay_50us:
;__Lib_Delays.c,19 :: 		void Delay_50us() {
;__Lib_Delays.c,20 :: 		Delay_us(50);
0x0026	0x3021      	MOVLW      33
0x0027	0x1283      	BCF        STATUS, 5
0x0028	0x1303      	BCF        STATUS, 6
0x0029	0x00FD      	MOVWF      R13
L_Delay_50us2:
0x002A	0x0BFD      	DECFSZ     R13, 1
0x002B	0x282A      	GOTO       L_Delay_50us2
;__Lib_Delays.c,21 :: 		}
L_end_Delay_50us:
0x002C	0x0008      	RETURN
; end of _Delay_50us
_Lcd_Cmd:
;__Lib_Lcd.c,18 :: 		
;__Lib_Lcd.c,20 :: 		
0x002D	0x1683      	BSF        STATUS, 5
0x002E	0x1303      	BCF        STATUS, 6
0x002F	0x1BAF      	BTFSC      FARG_Lcd_Cmd_out_char, 7
0x0030	0x2834      	GOTO       L__Lcd_Cmd21
0x0031	0x1283      	BCF        STATUS, 5
0x0032	0x1386      	BCF        LCD_D7, BitPos(LCD_D7+0)
0x0033	0x2836      	GOTO       L__Lcd_Cmd22
L__Lcd_Cmd21:
0x0034	0x1283      	BCF        STATUS, 5
0x0035	0x1786      	BSF        LCD_D7, BitPos(LCD_D7+0)
L__Lcd_Cmd22:
;__Lib_Lcd.c,21 :: 		
0x0036	0x1683      	BSF        STATUS, 5
0x0037	0x1B2F      	BTFSC      FARG_Lcd_Cmd_out_char, 6
0x0038	0x283C      	GOTO       L__Lcd_Cmd23
0x0039	0x1283      	BCF        STATUS, 5
0x003A	0x1306      	BCF        LCD_D6, BitPos(LCD_D6+0)
0x003B	0x283E      	GOTO       L__Lcd_Cmd24
L__Lcd_Cmd23:
0x003C	0x1283      	BCF        STATUS, 5
0x003D	0x1706      	BSF        LCD_D6, BitPos(LCD_D6+0)
L__Lcd_Cmd24:
;__Lib_Lcd.c,22 :: 		
0x003E	0x1683      	BSF        STATUS, 5
0x003F	0x1AAF      	BTFSC      FARG_Lcd_Cmd_out_char, 5
0x0040	0x2844      	GOTO       L__Lcd_Cmd25
0x0041	0x1283      	BCF        STATUS, 5
0x0042	0x1286      	BCF        LCD_D5, BitPos(LCD_D5+0)
0x0043	0x2846      	GOTO       L__Lcd_Cmd26
L__Lcd_Cmd25:
0x0044	0x1283      	BCF        STATUS, 5
0x0045	0x1686      	BSF        LCD_D5, BitPos(LCD_D5+0)
L__Lcd_Cmd26:
;__Lib_Lcd.c,23 :: 		
0x0046	0x1683      	BSF        STATUS, 5
0x0047	0x1A2F      	BTFSC      FARG_Lcd_Cmd_out_char, 4
0x0048	0x284C      	GOTO       L__Lcd_Cmd27
0x0049	0x1283      	BCF        STATUS, 5
0x004A	0x1206      	BCF        LCD_D4, BitPos(LCD_D4+0)
0x004B	0x284E      	GOTO       L__Lcd_Cmd28
L__Lcd_Cmd27:
0x004C	0x1283      	BCF        STATUS, 5
0x004D	0x1606      	BSF        LCD_D4, BitPos(LCD_D4+0)
L__Lcd_Cmd28:
;__Lib_Lcd.c,25 :: 		
0x004E	0x18DB      	BTFSC      __Lib_Lcd_cmd_status, BitPos(__Lib_Lcd_cmd_status+0)
0x004F	0x2852      	GOTO       L__Lcd_Cmd29
0x0050	0x1506      	BSF        LCD_RS, BitPos(LCD_RS+0)
0x0051	0x2853      	GOTO       L__Lcd_Cmd30
L__Lcd_Cmd29:
0x0052	0x1106      	BCF        LCD_RS, BitPos(LCD_RS+0)
L__Lcd_Cmd30:
;__Lib_Lcd.c,28 :: 		
0x0053	0x1586      	BSF        LCD_EN, BitPos(LCD_EN+0)
;__Lib_Lcd.c,29 :: 		
0x0054	0x2016      	CALL       _Delay_1us
;__Lib_Lcd.c,30 :: 		
0x0055	0x1186      	BCF        LCD_EN, BitPos(LCD_EN+0)
;__Lib_Lcd.c,33 :: 		
0x0056	0x1683      	BSF        STATUS, 5
0x0057	0x19AF      	BTFSC      FARG_Lcd_Cmd_out_char, 3
0x0058	0x285C      	GOTO       L__Lcd_Cmd31
0x0059	0x1283      	BCF        STATUS, 5
0x005A	0x1386      	BCF        LCD_D7, BitPos(LCD_D7+0)
0x005B	0x285E      	GOTO       L__Lcd_Cmd32
L__Lcd_Cmd31:
0x005C	0x1283      	BCF        STATUS, 5
0x005D	0x1786      	BSF        LCD_D7, BitPos(LCD_D7+0)
L__Lcd_Cmd32:
;__Lib_Lcd.c,34 :: 		
0x005E	0x1683      	BSF        STATUS, 5
0x005F	0x192F      	BTFSC      FARG_Lcd_Cmd_out_char, 2
0x0060	0x2864      	GOTO       L__Lcd_Cmd33
0x0061	0x1283      	BCF        STATUS, 5
0x0062	0x1306      	BCF        LCD_D6, BitPos(LCD_D6+0)
0x0063	0x2866      	GOTO       L__Lcd_Cmd34
L__Lcd_Cmd33:
0x0064	0x1283      	BCF        STATUS, 5
0x0065	0x1706      	BSF        LCD_D6, BitPos(LCD_D6+0)
L__Lcd_Cmd34:
;__Lib_Lcd.c,35 :: 		
0x0066	0x1683      	BSF        STATUS, 5
0x0067	0x18AF      	BTFSC      FARG_Lcd_Cmd_out_char, 1
0x0068	0x286C      	GOTO       L__Lcd_Cmd35
0x0069	0x1283      	BCF        STATUS, 5
0x006A	0x1286      	BCF        LCD_D5, BitPos(LCD_D5+0)
0x006B	0x286E      	GOTO       L__Lcd_Cmd36
L__Lcd_Cmd35:
0x006C	0x1283      	BCF        STATUS, 5
0x006D	0x1686      	BSF        LCD_D5, BitPos(LCD_D5+0)
L__Lcd_Cmd36:
;__Lib_Lcd.c,36 :: 		
0x006E	0x1683      	BSF        STATUS, 5
0x006F	0x182F      	BTFSC      FARG_Lcd_Cmd_out_char, 0
0x0070	0x2874      	GOTO       L__Lcd_Cmd37
0x0071	0x1283      	BCF        STATUS, 5
0x0072	0x1206      	BCF        LCD_D4, BitPos(LCD_D4+0)
0x0073	0x2876      	GOTO       L__Lcd_Cmd38
L__Lcd_Cmd37:
0x0074	0x1283      	BCF        STATUS, 5
0x0075	0x1606      	BSF        LCD_D4, BitPos(LCD_D4+0)
L__Lcd_Cmd38:
;__Lib_Lcd.c,38 :: 		
0x0076	0x18DB      	BTFSC      __Lib_Lcd_cmd_status, BitPos(__Lib_Lcd_cmd_status+0)
0x0077	0x287A      	GOTO       L__Lcd_Cmd39
0x0078	0x1506      	BSF        LCD_RS, BitPos(LCD_RS+0)
0x0079	0x287B      	GOTO       L__Lcd_Cmd40
L__Lcd_Cmd39:
0x007A	0x1106      	BCF        LCD_RS, BitPos(LCD_RS+0)
L__Lcd_Cmd40:
;__Lib_Lcd.c,40 :: 		
0x007B	0x1586      	BSF        LCD_EN, BitPos(LCD_EN+0)
;__Lib_Lcd.c,41 :: 		
0x007C	0x2016      	CALL       _Delay_1us
;__Lib_Lcd.c,42 :: 		
0x007D	0x1186      	BCF        LCD_EN, BitPos(LCD_EN+0)
;__Lib_Lcd.c,44 :: 		
0x007E	0x1CDB      	BTFSS      __Lib_Lcd_cmd_status, BitPos(__Lib_Lcd_cmd_status+0)
0x007F	0x2882      	GOTO       L_Lcd_Cmd0
;__Lib_Lcd.c,45 :: 		
0x0080	0x2019      	CALL       _Delay_5500us
0x0081	0x2883      	GOTO       L_Lcd_Cmd1
L_Lcd_Cmd0:
;__Lib_Lcd.c,47 :: 		
0x0082	0x2026      	CALL       _Delay_50us
L_Lcd_Cmd1:
;__Lib_Lcd.c,48 :: 		
L_end_Lcd_Cmd:
0x0083	0x0008      	RETURN
; end of _Lcd_Cmd
_Delay_1ms:
;__Lib_Delays.c,35 :: 		void Delay_1ms() {
;__Lib_Delays.c,36 :: 		Delay_ms(1);
0x0084	0x3003      	MOVLW      3
0x0085	0x1283      	BCF        STATUS, 5
0x0086	0x1303      	BCF        STATUS, 6
0x0087	0x00FC      	MOVWF      R12
0x0088	0x3097      	MOVLW      151
0x0089	0x00FD      	MOVWF      R13
L_Delay_1ms6:
0x008A	0x0BFD      	DECFSZ     R13, 1
0x008B	0x288A      	GOTO       L_Delay_1ms6
0x008C	0x0BFC      	DECFSZ     R12, 1
0x008D	0x288A      	GOTO       L_Delay_1ms6
0x008E	0x0000      	NOP
0x008F	0x0000      	NOP
;__Lib_Delays.c,37 :: 		}
L_end_Delay_1ms:
0x0090	0x0008      	RETURN
; end of _Delay_1ms
_Mul_16X16_U:
;__Lib_Math.c,136 :: 		
;__Lib_Math.c,143 :: 		
0x0091	0x1283      	BCF        STATUS, 5
;__Lib_Math.c,144 :: 		
0x0092	0x1303      	BCF        STATUS, 6
;__Lib_Math.c,145 :: 		
0x0093	0x01FB      	CLRF       R11
;__Lib_Math.c,146 :: 		
0x0094	0x01FA      	CLRF       R10
;__Lib_Math.c,147 :: 		
0x0095	0x01F9      	CLRF       R9
;__Lib_Math.c,148 :: 		
0x0096	0x3080      	MOVLW      128
;__Lib_Math.c,149 :: 		
0x0097	0x00F8      	MOVWF      R8
;__Lib_Math.c,150 :: 		
0x0098	0x0CF1      	RRF        R1, 1
;__Lib_Math.c,151 :: 		
0x0099	0x0CF0      	RRF        R0, 1
;__Lib_Math.c,152 :: 		
0x009A	0x1C03      	BTFSS      STATUS, 0
;__Lib_Math.c,153 :: 		
0x009B	0x28A5      	GOTO       $+10
;__Lib_Math.c,154 :: 		
0x009C	0x0874      	MOVF       R4, 0
;__Lib_Math.c,155 :: 		
0x009D	0x07F9      	ADDWF      R9, 1
;__Lib_Math.c,156 :: 		
0x009E	0x0875      	MOVF       R5, 0
;__Lib_Math.c,157 :: 		
0x009F	0x1803      	BTFSC      STATUS, 0
;__Lib_Math.c,158 :: 		
0x00A0	0x0F75      	INCFSZ     R5, 0
;__Lib_Math.c,159 :: 		
0x00A1	0x07FA      	ADDWF      R10, 1
;__Lib_Math.c,160 :: 		
0x00A2	0x1803      	BTFSC      STATUS, 0
;__Lib_Math.c,161 :: 		
0x00A3	0x0AFB      	INCF       R11, 1
;__Lib_Math.c,162 :: 		
0x00A4	0x1003      	BCF        STATUS, 0
;__Lib_Math.c,163 :: 		
0x00A5	0x1FF0      	BTFSS      R0, 7
;__Lib_Math.c,164 :: 		
0x00A6	0x28AD      	GOTO       $+7
;__Lib_Math.c,165 :: 		
0x00A7	0x0874      	MOVF       R4, 0
;__Lib_Math.c,166 :: 		
0x00A8	0x07FA      	ADDWF      R10, 1
;__Lib_Math.c,167 :: 		
0x00A9	0x0875      	MOVF       R5, 0
;__Lib_Math.c,168 :: 		
0x00AA	0x1803      	BTFSC      STATUS, 0
;__Lib_Math.c,169 :: 		
0x00AB	0x0F75      	INCFSZ     R5, 0
;__Lib_Math.c,170 :: 		
0x00AC	0x07FB      	ADDWF      R11, 1
;__Lib_Math.c,171 :: 		
0x00AD	0x0CFB      	RRF        R11, 1
;__Lib_Math.c,172 :: 		
0x00AE	0x0CFA      	RRF        R10, 1
;__Lib_Math.c,173 :: 		
0x00AF	0x0CF9      	RRF        R9, 1
;__Lib_Math.c,174 :: 		
0x00B0	0x0CF8      	RRF        R8, 1
;__Lib_Math.c,175 :: 		
0x00B1	0x1C03      	BTFSS      STATUS, 0
;__Lib_Math.c,176 :: 		
0x00B2	0x2898      	GOTO       $-26
;__Lib_Math.c,177 :: 		
0x00B3	0x087B      	MOVF       R11, 0
;__Lib_Math.c,178 :: 		
0x00B4	0x00F3      	MOVWF      R3
;__Lib_Math.c,179 :: 		
0x00B5	0x087A      	MOVF       R10, 0
;__Lib_Math.c,180 :: 		
0x00B6	0x00F2      	MOVWF      R2
;__Lib_Math.c,181 :: 		
0x00B7	0x0879      	MOVF       R9, 0
;__Lib_Math.c,182 :: 		
0x00B8	0x00F1      	MOVWF      R1
;__Lib_Math.c,183 :: 		
0x00B9	0x0878      	MOVF       R8, 0
;__Lib_Math.c,184 :: 		
0x00BA	0x00F0      	MOVWF      R0
;__Lib_Math.c,187 :: 		
L_end_Mul_16X16_U:
0x00BB	0x0008      	RETURN
; end of _Mul_16X16_U
_isdigit:
;__Lib_CType.c,23 :: 		
;__Lib_CType.c,24 :: 		
0x00BC	0x1683      	BSF        STATUS, 5
0x00BD	0x1303      	BCF        STATUS, 6
0x00BE	0x082E      	MOVF       FARG_isdigit_character, 0
0x00BF	0x3C39      	SUBLW      57
0x00C0	0x1C03      	BTFSS      STATUS, 0
0x00C1	0x28C9      	GOTO       L_isdigit9
0x00C2	0x3030      	MOVLW      48
0x00C3	0x022E      	SUBWF      FARG_isdigit_character, 0
0x00C4	0x1C03      	BTFSS      STATUS, 0
0x00C5	0x28C9      	GOTO       L_isdigit9
0x00C6	0x3001      	MOVLW      1
0x00C7	0x00F0      	MOVWF      R0
0x00C8	0x28CA      	GOTO       L_isdigit8
L_isdigit9:
0x00C9	0x01F0      	CLRF       R0
L_isdigit8:
;__Lib_CType.c,25 :: 		
L_end_isdigit:
0x00CA	0x0008      	RETURN
; end of _isdigit
_kp_scan:
;keypad4x3.h,30 :: 		char kp_scan(){
;keypad4x3.h,31 :: 		char key = 0;
0x00CB	0x1683      	BSF        STATUS, 5
0x00CC	0x1303      	BCF        STATUS, 6
0x00CD	0x01AE      	CLRF       kp_scan_key_L0
;keypad4x3.h,32 :: 		kp_row1 = 1; kp_row2 = 0; kp_row3 = 0; kp_row4 = 0;
0x00CE	0x1283      	BCF        STATUS, 5
0x00CF	0x1707      	BSF        RC6_bit, BitPos(RC6_bit+0)
0x00D0	0x1287      	BCF        RC5_bit, BitPos(RC5_bit+0)
0x00D1	0x1207      	BCF        RC4_bit, BitPos(RC4_bit+0)
0x00D2	0x1187      	BCF        RC3_bit, BitPos(RC3_bit+0)
;keypad4x3.h,33 :: 		delay_1ms();
0x00D3	0x2084      	CALL       _Delay_1ms
;keypad4x3.h,34 :: 		if(kp_col1 == 1) key = '1';
0x00D4	0x1D07      	BTFSS      RC2_bit, BitPos(RC2_bit+0)
0x00D5	0x28DA      	GOTO       L_kp_scan0
0x00D6	0x3031      	MOVLW      49
0x00D7	0x1683      	BSF        STATUS, 5
0x00D8	0x00AE      	MOVWF      kp_scan_key_L0
0x00D9	0x28E7      	GOTO       L_kp_scan1
L_kp_scan0:
;keypad4x3.h,35 :: 		else if(kp_col2 == 1) key = '2';
0x00DA	0x1283      	BCF        STATUS, 5
0x00DB	0x1C87      	BTFSS      RC1_bit, BitPos(RC1_bit+0)
0x00DC	0x28E1      	GOTO       L_kp_scan2
0x00DD	0x3032      	MOVLW      50
0x00DE	0x1683      	BSF        STATUS, 5
0x00DF	0x00AE      	MOVWF      kp_scan_key_L0
0x00E0	0x28E7      	GOTO       L_kp_scan3
L_kp_scan2:
;keypad4x3.h,36 :: 		else if(kp_col3 == 1) key = '3';
0x00E1	0x1283      	BCF        STATUS, 5
0x00E2	0x1C07      	BTFSS      RC0_bit, BitPos(RC0_bit+0)
0x00E3	0x28E7      	GOTO       L_kp_scan4
0x00E4	0x3033      	MOVLW      51
0x00E5	0x1683      	BSF        STATUS, 5
0x00E6	0x00AE      	MOVWF      kp_scan_key_L0
L_kp_scan4:
L_kp_scan3:
L_kp_scan1:
;keypad4x3.h,37 :: 		kp_row1 = 0; kp_row2 = 1; kp_row3 = 0; kp_row4 = 0;
0x00E7	0x1283      	BCF        STATUS, 5
0x00E8	0x1307      	BCF        RC6_bit, BitPos(RC6_bit+0)
0x00E9	0x1687      	BSF        RC5_bit, BitPos(RC5_bit+0)
0x00EA	0x1207      	BCF        RC4_bit, BitPos(RC4_bit+0)
0x00EB	0x1187      	BCF        RC3_bit, BitPos(RC3_bit+0)
;keypad4x3.h,38 :: 		delay_1ms();
0x00EC	0x2084      	CALL       _Delay_1ms
;keypad4x3.h,39 :: 		if(kp_col1 == 1) key = '4';
0x00ED	0x1D07      	BTFSS      RC2_bit, BitPos(RC2_bit+0)
0x00EE	0x28F3      	GOTO       L_kp_scan5
0x00EF	0x3034      	MOVLW      52
0x00F0	0x1683      	BSF        STATUS, 5
0x00F1	0x00AE      	MOVWF      kp_scan_key_L0
0x00F2	0x2900      	GOTO       L_kp_scan6
L_kp_scan5:
;keypad4x3.h,40 :: 		else if(kp_col2 == 1) key = '5';
0x00F3	0x1283      	BCF        STATUS, 5
0x00F4	0x1C87      	BTFSS      RC1_bit, BitPos(RC1_bit+0)
0x00F5	0x28FA      	GOTO       L_kp_scan7
0x00F6	0x3035      	MOVLW      53
0x00F7	0x1683      	BSF        STATUS, 5
0x00F8	0x00AE      	MOVWF      kp_scan_key_L0
0x00F9	0x2900      	GOTO       L_kp_scan8
L_kp_scan7:
;keypad4x3.h,41 :: 		else if(kp_col3 == 1) key = '6';
0x00FA	0x1283      	BCF        STATUS, 5
0x00FB	0x1C07      	BTFSS      RC0_bit, BitPos(RC0_bit+0)
0x00FC	0x2900      	GOTO       L_kp_scan9
0x00FD	0x3036      	MOVLW      54
0x00FE	0x1683      	BSF        STATUS, 5
0x00FF	0x00AE      	MOVWF      kp_scan_key_L0
L_kp_scan9:
L_kp_scan8:
L_kp_scan6:
;keypad4x3.h,42 :: 		kp_row1 = 0; kp_row2 = 0; kp_row3 = 1; kp_row4 = 0;
0x0100	0x1283      	BCF        STATUS, 5
0x0101	0x1307      	BCF        RC6_bit, BitPos(RC6_bit+0)
0x0102	0x1287      	BCF        RC5_bit, BitPos(RC5_bit+0)
0x0103	0x1607      	BSF        RC4_bit, BitPos(RC4_bit+0)
0x0104	0x1187      	BCF        RC3_bit, BitPos(RC3_bit+0)
;keypad4x3.h,43 :: 		delay_1ms();
0x0105	0x2084      	CALL       _Delay_1ms
;keypad4x3.h,44 :: 		if(kp_col1 == 1) key = '7';
0x0106	0x1D07      	BTFSS      RC2_bit, BitPos(RC2_bit+0)
0x0107	0x290C      	GOTO       L_kp_scan10
0x0108	0x3037      	MOVLW      55
0x0109	0x1683      	BSF        STATUS, 5
0x010A	0x00AE      	MOVWF      kp_scan_key_L0
0x010B	0x2919      	GOTO       L_kp_scan11
L_kp_scan10:
;keypad4x3.h,45 :: 		else if(kp_col2 == 1) key = '8';
0x010C	0x1283      	BCF        STATUS, 5
0x010D	0x1C87      	BTFSS      RC1_bit, BitPos(RC1_bit+0)
0x010E	0x2913      	GOTO       L_kp_scan12
0x010F	0x3038      	MOVLW      56
0x0110	0x1683      	BSF        STATUS, 5
0x0111	0x00AE      	MOVWF      kp_scan_key_L0
0x0112	0x2919      	GOTO       L_kp_scan13
L_kp_scan12:
;keypad4x3.h,46 :: 		else if(kp_col3 == 1) key = '9';
0x0113	0x1283      	BCF        STATUS, 5
0x0114	0x1C07      	BTFSS      RC0_bit, BitPos(RC0_bit+0)
0x0115	0x2919      	GOTO       L_kp_scan14
0x0116	0x3039      	MOVLW      57
0x0117	0x1683      	BSF        STATUS, 5
0x0118	0x00AE      	MOVWF      kp_scan_key_L0
L_kp_scan14:
L_kp_scan13:
L_kp_scan11:
;keypad4x3.h,47 :: 		kp_row1 = 0; kp_row2 = 0; kp_row3 = 0; kp_row4 = 1;
0x0119	0x1283      	BCF        STATUS, 5
0x011A	0x1307      	BCF        RC6_bit, BitPos(RC6_bit+0)
0x011B	0x1287      	BCF        RC5_bit, BitPos(RC5_bit+0)
0x011C	0x1207      	BCF        RC4_bit, BitPos(RC4_bit+0)
0x011D	0x1587      	BSF        RC3_bit, BitPos(RC3_bit+0)
;keypad4x3.h,48 :: 		delay_1ms();
0x011E	0x2084      	CALL       _Delay_1ms
;keypad4x3.h,49 :: 		if(kp_col1 == 1) key = '*';
0x011F	0x1D07      	BTFSS      RC2_bit, BitPos(RC2_bit+0)
0x0120	0x2925      	GOTO       L_kp_scan15
0x0121	0x302A      	MOVLW      42
0x0122	0x1683      	BSF        STATUS, 5
0x0123	0x00AE      	MOVWF      kp_scan_key_L0
0x0124	0x2932      	GOTO       L_kp_scan16
L_kp_scan15:
;keypad4x3.h,50 :: 		else if(kp_col2 == 1) key = '0';
0x0125	0x1283      	BCF        STATUS, 5
0x0126	0x1C87      	BTFSS      RC1_bit, BitPos(RC1_bit+0)
0x0127	0x292C      	GOTO       L_kp_scan17
0x0128	0x3030      	MOVLW      48
0x0129	0x1683      	BSF        STATUS, 5
0x012A	0x00AE      	MOVWF      kp_scan_key_L0
0x012B	0x2932      	GOTO       L_kp_scan18
L_kp_scan17:
;keypad4x3.h,51 :: 		else if(kp_col3 == 1) key = '#';
0x012C	0x1283      	BCF        STATUS, 5
0x012D	0x1C07      	BTFSS      RC0_bit, BitPos(RC0_bit+0)
0x012E	0x2932      	GOTO       L_kp_scan19
0x012F	0x3023      	MOVLW      35
0x0130	0x1683      	BSF        STATUS, 5
0x0131	0x00AE      	MOVWF      kp_scan_key_L0
L_kp_scan19:
L_kp_scan18:
L_kp_scan16:
0x0132	0x1683      	BSF        STATUS, 5
;keypad4x3.h,52 :: 		return key;
0x0133	0x082E      	MOVF       kp_scan_key_L0, 0
0x0134	0x00F0      	MOVWF      R0
;keypad4x3.h,53 :: 		}
L_end_kp_scan:
0x0135	0x0008      	RETURN
; end of _kp_scan
_Lcd_Chr_CP:
;__Lib_Lcd.c,50 :: 		
;__Lib_Lcd.c,52 :: 		
0x0136	0x1283      	BCF        STATUS, 5
0x0137	0x1303      	BCF        STATUS, 6
0x0138	0x10DB      	BCF        __Lib_Lcd_cmd_status, BitPos(__Lib_Lcd_cmd_status+0)
;__Lib_Lcd.c,53 :: 		
0x0139	0x1683      	BSF        STATUS, 5
0x013A	0x082E      	MOVF       FARG_Lcd_Chr_CP_out_char, 0
0x013B	0x00AF      	MOVWF      FARG_Lcd_Cmd_out_char
0x013C	0x202D      	CALL       _Lcd_Cmd
;__Lib_Lcd.c,54 :: 		
0x013D	0x14DB      	BSF        __Lib_Lcd_cmd_status, BitPos(__Lib_Lcd_cmd_status+0)
;__Lib_Lcd.c,55 :: 		
L_end_Lcd_Chr_CP:
0x013E	0x0008      	RETURN
; end of _Lcd_Chr_CP
_Lcd_Out:
;__Lib_Lcd.c,184 :: 		
;__Lib_Lcd.c,187 :: 		
0x013F	0x2951      	GOTO       L_Lcd_Out11
;__Lib_Lcd.c,188 :: 		
L_Lcd_Out13:
0x0140	0x3080      	MOVLW      128
0x0141	0x1683      	BSF        STATUS, 5
0x0142	0x1303      	BCF        STATUS, 6
0x0143	0x00A7      	MOVWF      FARG_Lcd_Out_row
0x0144	0x2964      	GOTO       L_Lcd_Out12
;__Lib_Lcd.c,189 :: 		
L_Lcd_Out14:
0x0145	0x30C0      	MOVLW      192
0x0146	0x00A7      	MOVWF      FARG_Lcd_Out_row
0x0147	0x2964      	GOTO       L_Lcd_Out12
;__Lib_Lcd.c,190 :: 		
L_Lcd_Out15:
0x0148	0x3094      	MOVLW      148
0x0149	0x00A7      	MOVWF      FARG_Lcd_Out_row
0x014A	0x2964      	GOTO       L_Lcd_Out12
;__Lib_Lcd.c,191 :: 		
L_Lcd_Out16:
0x014B	0x30D4      	MOVLW      212
0x014C	0x00A7      	MOVWF      FARG_Lcd_Out_row
0x014D	0x2964      	GOTO       L_Lcd_Out12
;__Lib_Lcd.c,192 :: 		
L_Lcd_Out17:
0x014E	0x3080      	MOVLW      128
0x014F	0x00A7      	MOVWF      FARG_Lcd_Out_row
;__Lib_Lcd.c,193 :: 		
0x0150	0x2964      	GOTO       L_Lcd_Out12
L_Lcd_Out11:
0x0151	0x1683      	BSF        STATUS, 5
0x0152	0x1303      	BCF        STATUS, 6
0x0153	0x0827      	MOVF       FARG_Lcd_Out_row, 0
0x0154	0x3A01      	XORLW      1
0x0155	0x1903      	BTFSC      STATUS, 2
0x0156	0x2940      	GOTO       L_Lcd_Out13
0x0157	0x0827      	MOVF       FARG_Lcd_Out_row, 0
0x0158	0x3A02      	XORLW      2
0x0159	0x1903      	BTFSC      STATUS, 2
0x015A	0x2945      	GOTO       L_Lcd_Out14
0x015B	0x0827      	MOVF       FARG_Lcd_Out_row, 0
0x015C	0x3A03      	XORLW      3
0x015D	0x1903      	BTFSC      STATUS, 2
0x015E	0x2948      	GOTO       L_Lcd_Out15
0x015F	0x0827      	MOVF       FARG_Lcd_Out_row, 0
0x0160	0x3A04      	XORLW      4
0x0161	0x1903      	BTFSC      STATUS, 2
0x0162	0x294B      	GOTO       L_Lcd_Out16
0x0163	0x294E      	GOTO       L_Lcd_Out17
L_Lcd_Out12:
;__Lib_Lcd.c,194 :: 		
0x0164	0x0328      	DECF       FARG_Lcd_Out_column, 0
0x0165	0x00F0      	MOVWF      R0
0x0166	0x0827      	MOVF       FARG_Lcd_Out_row, 0
0x0167	0x07F0      	ADDWF      R0, 1
0x0168	0x0870      	MOVF       R0, 0
0x0169	0x00A7      	MOVWF      FARG_Lcd_Out_row
;__Lib_Lcd.c,196 :: 		
0x016A	0x0870      	MOVF       R0, 0
0x016B	0x00AF      	MOVWF      FARG_Lcd_Cmd_out_char
0x016C	0x202D      	CALL       _Lcd_Cmd
;__Lib_Lcd.c,197 :: 		
0x016D	0x10DB      	BCF        __Lib_Lcd_cmd_status, BitPos(__Lib_Lcd_cmd_status+0)
;__Lib_Lcd.c,198 :: 		
0x016E	0x1683      	BSF        STATUS, 5
0x016F	0x01AA      	CLRF       Lcd_Out_i_L0
;__Lib_Lcd.c,199 :: 		
L_Lcd_Out18:
0x0170	0x082A      	MOVF       Lcd_Out_i_L0, 0
0x0171	0x0729      	ADDWF      FARG_Lcd_Out_text, 0
0x0172	0x0084      	MOVWF      FSR
0x0173	0x0800      	MOVF       INDF, 0
0x0174	0x1903      	BTFSC      STATUS, 2
0x0175	0x297F      	GOTO       L_Lcd_Out19
;__Lib_Lcd.c,200 :: 		
0x0176	0x082A      	MOVF       Lcd_Out_i_L0, 0
0x0177	0x0729      	ADDWF      FARG_Lcd_Out_text, 0
0x0178	0x0084      	MOVWF      FSR
0x0179	0x0800      	MOVF       INDF, 0
0x017A	0x00AE      	MOVWF      FARG_Lcd_Chr_CP_out_char
0x017B	0x2136      	CALL       _Lcd_Chr_CP
0x017C	0x1683      	BSF        STATUS, 5
0x017D	0x0AAA      	INCF       Lcd_Out_i_L0, 1
0x017E	0x2970      	GOTO       L_Lcd_Out18
L_Lcd_Out19:
;__Lib_Lcd.c,201 :: 		
0x017F	0x1283      	BCF        STATUS, 5
0x0180	0x14DB      	BSF        __Lib_Lcd_cmd_status, BitPos(__Lib_Lcd_cmd_status+0)
;__Lib_Lcd.c,202 :: 		
L_end_Lcd_Out:
0x0181	0x0008      	RETURN
; end of _Lcd_Out
_kp_get_key:
;keypad4x3.h,55 :: 		char kp_get_key(){
;keypad4x3.h,56 :: 		char key = 0;
0x0182	0x1683      	BSF        STATUS, 5
0x0183	0x1303      	BCF        STATUS, 6
0x0184	0x01A7      	CLRF       kp_get_key_key_L0
;keypad4x3.h,57 :: 		while(!key){
L_kp_get_key20:
0x0185	0x0827      	MOVF       kp_get_key_key_L0, 0
0x0186	0x1D03      	BTFSS      STATUS, 2
0x0187	0x298C      	GOTO       L_kp_get_key21
;keypad4x3.h,58 :: 		key = kp_scan();
0x0188	0x20CB      	CALL       _kp_scan
0x0189	0x0870      	MOVF       R0, 0
0x018A	0x00A7      	MOVWF      kp_get_key_key_L0
;keypad4x3.h,59 :: 		}
0x018B	0x2985      	GOTO       L_kp_get_key20
L_kp_get_key21:
;keypad4x3.h,60 :: 		return key;
0x018C	0x0827      	MOVF       kp_get_key_key_L0, 0
0x018D	0x00F0      	MOVWF      R0
;keypad4x3.h,61 :: 		}
L_end_kp_get_key:
0x018E	0x0008      	RETURN
; end of _kp_get_key
_Div_16X16_U:
;__Lib_Math.c,215 :: 		
;__Lib_Math.c,222 :: 		
0x018F	0x1283      	BCF        STATUS, 5
;__Lib_Math.c,223 :: 		
0x0190	0x1303      	BCF        STATUS, 6
;__Lib_Math.c,224 :: 		
0x0191	0x01F8      	CLRF       R8
;__Lib_Math.c,225 :: 		
0x0192	0x01F9      	CLRF       R9
;__Lib_Math.c,226 :: 		
0x0193	0x3010      	MOVLW      16
;__Lib_Math.c,227 :: 		
0x0194	0x00FC      	MOVWF      R12
;__Lib_Math.c,228 :: 		
0x0195	0x0D71      	RLF        R1, 0
;__Lib_Math.c,229 :: 		
0x0196	0x0DF8      	RLF        R8, 1
;__Lib_Math.c,230 :: 		
0x0197	0x0DF9      	RLF        R9, 1
;__Lib_Math.c,231 :: 		
0x0198	0x0874      	MOVF       R4, 0
;__Lib_Math.c,232 :: 		
0x0199	0x02F8      	SUBWF      R8, 1
;__Lib_Math.c,233 :: 		
0x019A	0x0875      	MOVF       R5, 0
;__Lib_Math.c,234 :: 		
0x019B	0x1C03      	BTFSS      STATUS, 0
;__Lib_Math.c,235 :: 		
0x019C	0x0F75      	INCFSZ     R5, 0
;__Lib_Math.c,236 :: 		
0x019D	0x02F9      	SUBWF      R9, 1
;__Lib_Math.c,237 :: 		
0x019E	0x1803      	BTFSC      STATUS, 0
;__Lib_Math.c,238 :: 		
0x019F	0x29A7      	GOTO       $+8
;__Lib_Math.c,239 :: 		
0x01A0	0x0874      	MOVF       R4, 0
;__Lib_Math.c,240 :: 		
0x01A1	0x07F8      	ADDWF      R8, 1
;__Lib_Math.c,241 :: 		
0x01A2	0x0875      	MOVF       R5, 0
;__Lib_Math.c,242 :: 		
0x01A3	0x1803      	BTFSC      STATUS, 0
;__Lib_Math.c,243 :: 		
0x01A4	0x0F75      	INCFSZ     R5, 0
;__Lib_Math.c,244 :: 		
0x01A5	0x07F9      	ADDWF      R9, 1
;__Lib_Math.c,245 :: 		
0x01A6	0x1003      	BCF        STATUS, 0
;__Lib_Math.c,246 :: 		
0x01A7	0x0DF0      	RLF        R0, 1
;__Lib_Math.c,247 :: 		
0x01A8	0x0DF1      	RLF        R1, 1
;__Lib_Math.c,248 :: 		
0x01A9	0x0BFC      	DECFSZ     R12, 1
;__Lib_Math.c,249 :: 		
0x01AA	0x2995      	GOTO       $-21
;__Lib_Math.c,251 :: 		
L_end_Div_16X16_U:
0x01AB	0x0008      	RETURN
; end of _Div_16X16_U
_____DoICP:
;__Lib_System.c,6 :: 		
;__Lib_System.c,9 :: 		
0x01AC	0x1283      	BCF        STATUS, 5
0x01AD	0x1303      	BCF        STATUS, 6
0x01AE	0x0868      	MOVF       ___DoICPAddr+1, 0
0x01AF	0x008A      	MOVWF      PCLATH
;__Lib_System.c,10 :: 		
0x01B0	0x0867      	MOVF       ___DoICPAddr, 0
0x01B1	0x0082      	MOVWF      PCL
;__Lib_System.c,12 :: 		
L_end_____DoICP:
0x01B2	0x0008      	RETURN
; end of _____DoICP
_EEPROM_Write:
;__Lib_EEPROM.c,16 :: 		
;__Lib_EEPROM.c,20 :: 		
L_EEPROM_Write0:
0x01B3	0x1683      	BSF        STATUS, 5
0x01B4	0x1703      	BSF        STATUS, 6
0x01B5	0x1C8C      	BTFSS      EECON1, 1
0x01B6	0x29B9      	GOTO       L_EEPROM_Write1
0x01B7	0x0000      	NOP
0x01B8	0x29B3      	GOTO       L_EEPROM_Write0
L_EEPROM_Write1:
;__Lib_EEPROM.c,21 :: 		
0x01B9	0x1303      	BCF        STATUS, 6
0x01BA	0x0827      	MOVF       FARG_EEPROM_Write_Address, 0
0x01BB	0x1283      	BCF        STATUS, 5
0x01BC	0x1703      	BSF        STATUS, 6
0x01BD	0x008D      	MOVWF      EEADR
;__Lib_EEPROM.c,22 :: 		
0x01BE	0x1683      	BSF        STATUS, 5
0x01BF	0x1303      	BCF        STATUS, 6
0x01C0	0x0828      	MOVF       FARG_EEPROM_Write_data_, 0
0x01C1	0x1283      	BCF        STATUS, 5
0x01C2	0x1703      	BSF        STATUS, 6
0x01C3	0x008C      	MOVWF      EEDATA
;__Lib_EEPROM.c,23 :: 		
0x01C4	0x1683      	BSF        STATUS, 5
0x01C5	0x138C      	BCF        EECON1, 7
;__Lib_EEPROM.c,24 :: 		
0x01C6	0x150C      	BSF        EECON1, 2
;__Lib_EEPROM.c,26 :: 		
0x01C7	0x080B      	MOVF       INTCON, 0
0x01C8	0x00F0      	MOVWF      R0
;__Lib_EEPROM.c,29 :: 		
0x01C9	0x138B      	BCF        INTCON, 7
;__Lib_EEPROM.c,30 :: 		
0x01CA	0x3055      	MOVLW      85
0x01CB	0x008D      	MOVWF      EECON2
;__Lib_EEPROM.c,31 :: 		
0x01CC	0x30AA      	MOVLW      170
0x01CD	0x008D      	MOVWF      EECON2
;__Lib_EEPROM.c,32 :: 		
0x01CE	0x148C      	BSF        EECON1, 1
;__Lib_EEPROM.c,36 :: 		
0x01CF	0x1BF0      	BTFSC      R0, 7
0x01D0	0x29D3      	GOTO       L__EEPROM_Write4
0x01D1	0x138B      	BCF        INTCON, 7
0x01D2	0x29D4      	GOTO       L__EEPROM_Write5
L__EEPROM_Write4:
0x01D3	0x178B      	BSF        INTCON, 7
L__EEPROM_Write5:
;__Lib_EEPROM.c,37 :: 		
0x01D4	0x110C      	BCF        EECON1, 2
;__Lib_EEPROM.c,38 :: 		
L_end_EEPROM_Write:
0x01D5	0x0008      	RETURN
; end of _EEPROM_Write
_Delay_1sec:
;__Lib_Delays.c,55 :: 		void Delay_1sec() {
;__Lib_Delays.c,56 :: 		Delay_ms(1000);
0x01D6	0x300B      	MOVLW      11
0x01D7	0x1283      	BCF        STATUS, 5
0x01D8	0x1303      	BCF        STATUS, 6
0x01D9	0x00FB      	MOVWF      R11
0x01DA	0x3026      	MOVLW      38
0x01DB	0x00FC      	MOVWF      R12
0x01DC	0x305D      	MOVLW      93
0x01DD	0x00FD      	MOVWF      R13
L_Delay_1sec11:
0x01DE	0x0BFD      	DECFSZ     R13, 1
0x01DF	0x29DE      	GOTO       L_Delay_1sec11
0x01E0	0x0BFC      	DECFSZ     R12, 1
0x01E1	0x29DE      	GOTO       L_Delay_1sec11
0x01E2	0x0BFB      	DECFSZ     R11, 1
0x01E3	0x29DE      	GOTO       L_Delay_1sec11
0x01E4	0x0000      	NOP
0x01E5	0x0000      	NOP
;__Lib_Delays.c,57 :: 		}
L_end_Delay_1sec:
0x01E6	0x0008      	RETURN
; end of _Delay_1sec
_atoi:
;__Lib_CStdlib.c,181 :: 		
;__Lib_CStdlib.c,186 :: 		
___atoi_skipws_atoi:
;__Lib_CStdlib.c,187 :: 		
0x01E7	0x1683      	BSF        STATUS, 5
0x01E8	0x1303      	BCF        STATUS, 6
0x01E9	0x0827      	MOVF       FARG_atoi_s, 0
0x01EA	0x0084      	MOVWF      FSR
0x01EB	0x0800      	MOVF       INDF, 0
0x01EC	0x00A8      	MOVWF      atoi_c_L0
0x01ED	0x01A9      	CLRF       atoi_c_L0+1
0x01EE	0x3000      	MOVLW      0
0x01EF	0x00A9      	MOVWF      atoi_c_L0+1
;__Lib_CStdlib.c,188 :: 		
0x01F0	0x3000      	MOVLW      0
0x01F1	0x0629      	XORWF      atoi_c_L0+1, 0
0x01F2	0x1D03      	BTFSS      STATUS, 2
0x01F3	0x29F6      	GOTO       L__atoi99
0x01F4	0x3020      	MOVLW      32
0x01F5	0x0628      	XORWF      atoi_c_L0, 0
L__atoi99:
0x01F6	0x1903      	BTFSC      STATUS, 2
0x01F7	0x2A01      	GOTO       L__atoi90
0x01F8	0x3000      	MOVLW      0
0x01F9	0x0629      	XORWF      atoi_c_L0+1, 0
0x01FA	0x1D03      	BTFSS      STATUS, 2
0x01FB	0x29FE      	GOTO       L__atoi100
0x01FC	0x3009      	MOVLW      9
0x01FD	0x0628      	XORWF      atoi_c_L0, 0
L__atoi100:
0x01FE	0x1903      	BTFSC      STATUS, 2
0x01FF	0x2A01      	GOTO       L__atoi90
0x0200	0x2A03      	GOTO       L_atoi55
L__atoi90:
;__Lib_CStdlib.c,189 :: 		
0x0201	0x0AA7      	INCF       FARG_atoi_s, 1
;__Lib_CStdlib.c,190 :: 		
0x0202	0x29E7      	GOTO       ___atoi_skipws_atoi
;__Lib_CStdlib.c,191 :: 		
L_atoi55:
;__Lib_CStdlib.c,192 :: 		
0x0203	0x01AA      	CLRF       atoi_a_L0
0x0204	0x01AB      	CLRF       atoi_a_L0+1
;__Lib_CStdlib.c,193 :: 		
0x0205	0x01AC      	CLRF       atoi_sign_L0
0x0206	0x01AD      	CLRF       atoi_sign_L0+1
;__Lib_CStdlib.c,194 :: 		
0x0207	0x3000      	MOVLW      0
0x0208	0x0629      	XORWF      atoi_c_L0+1, 0
0x0209	0x1D03      	BTFSS      STATUS, 2
0x020A	0x2A0D      	GOTO       L__atoi101
0x020B	0x302D      	MOVLW      45
0x020C	0x0628      	XORWF      atoi_c_L0, 0
L__atoi101:
0x020D	0x1D03      	BTFSS      STATUS, 2
0x020E	0x2A14      	GOTO       L_atoi56
;__Lib_CStdlib.c,195 :: 		
0x020F	0x0AAC      	INCF       atoi_sign_L0, 1
0x0210	0x1903      	BTFSC      STATUS, 2
0x0211	0x0AAD      	INCF       atoi_sign_L0+1, 1
;__Lib_CStdlib.c,196 :: 		
0x0212	0x0AA7      	INCF       FARG_atoi_s, 1
;__Lib_CStdlib.c,197 :: 		
0x0213	0x2A1D      	GOTO       L_atoi57
L_atoi56:
;__Lib_CStdlib.c,199 :: 		
0x0214	0x3000      	MOVLW      0
0x0215	0x0629      	XORWF      atoi_c_L0+1, 0
0x0216	0x1D03      	BTFSS      STATUS, 2
0x0217	0x2A1A      	GOTO       L__atoi102
0x0218	0x302B      	MOVLW      43
0x0219	0x0628      	XORWF      atoi_c_L0, 0
L__atoi102:
0x021A	0x1D03      	BTFSS      STATUS, 2
0x021B	0x2A1D      	GOTO       L_atoi58
;__Lib_CStdlib.c,200 :: 		
0x021C	0x0AA7      	INCF       FARG_atoi_s, 1
L_atoi58:
L_atoi57:
;__Lib_CStdlib.c,201 :: 		
___atoi_conv_atoi:
;__Lib_CStdlib.c,202 :: 		
0x021D	0x0827      	MOVF       FARG_atoi_s, 0
0x021E	0x0084      	MOVWF      FSR
0x021F	0x0800      	MOVF       INDF, 0
0x0220	0x00A8      	MOVWF      atoi_c_L0
0x0221	0x01A9      	CLRF       atoi_c_L0+1
0x0222	0x3000      	MOVLW      0
0x0223	0x00A9      	MOVWF      atoi_c_L0+1
;__Lib_CStdlib.c,203 :: 		
0x0224	0x0828      	MOVF       atoi_c_L0, 0
0x0225	0x00AE      	MOVWF      FARG_isdigit_character
0x0226	0x20BC      	CALL       _isdigit
0x0227	0x0870      	MOVF       R0, 0
0x0228	0x1903      	BTFSC      STATUS, 2
0x0229	0x2A46      	GOTO       L_atoi59
;__Lib_CStdlib.c,204 :: 		
0x022A	0x082A      	MOVF       atoi_a_L0, 0
0x022B	0x00F0      	MOVWF      R0
0x022C	0x082B      	MOVF       atoi_a_L0+1, 0
0x022D	0x00F1      	MOVWF      R0+1
0x022E	0x300A      	MOVLW      10
0x022F	0x00F4      	MOVWF      R4
0x0230	0x3000      	MOVLW      0
0x0231	0x00F5      	MOVWF      R4+1
0x0232	0x2091      	CALL       _Mul_16X16_U
0x0233	0x3030      	MOVLW      48
0x0234	0x1683      	BSF        STATUS, 5
0x0235	0x0228      	SUBWF      atoi_c_L0, 0
0x0236	0x00F2      	MOVWF      R2
0x0237	0x3000      	MOVLW      0
0x0238	0x1C03      	BTFSS      STATUS, 0
0x0239	0x3E01      	ADDLW      1
0x023A	0x0229      	SUBWF      atoi_c_L0+1, 0
0x023B	0x00F3      	MOVWF      R2+1
0x023C	0x0872      	MOVF       R2, 0
0x023D	0x0770      	ADDWF      R0, 0
0x023E	0x00AA      	MOVWF      atoi_a_L0
0x023F	0x0871      	MOVF       R0+1, 0
0x0240	0x1803      	BTFSC      STATUS, 0
0x0241	0x3E01      	ADDLW      1
0x0242	0x0773      	ADDWF      R2+1, 0
0x0243	0x00AB      	MOVWF      atoi_a_L0+1
;__Lib_CStdlib.c,205 :: 		
0x0244	0x0AA7      	INCF       FARG_atoi_s, 1
;__Lib_CStdlib.c,206 :: 		
0x0245	0x2A1D      	GOTO       ___atoi_conv_atoi
;__Lib_CStdlib.c,207 :: 		
L_atoi59:
;__Lib_CStdlib.c,208 :: 		
0x0246	0x082C      	MOVF       atoi_sign_L0, 0
0x0247	0x042D      	IORWF      atoi_sign_L0+1, 0
0x0248	0x1903      	BTFSC      STATUS, 2
0x0249	0x2A53      	GOTO       L_atoi60
;__Lib_CStdlib.c,209 :: 		
0x024A	0x082A      	MOVF       atoi_a_L0, 0
0x024B	0x3C00      	SUBLW      0
0x024C	0x00F0      	MOVWF      R0
0x024D	0x082B      	MOVF       atoi_a_L0+1, 0
0x024E	0x1C03      	BTFSS      STATUS, 0
0x024F	0x3E01      	ADDLW      1
0x0250	0x01F1      	CLRF       R0+1
0x0251	0x02F1      	SUBWF      R0+1, 1
0x0252	0x2A57      	GOTO       L_end_atoi
L_atoi60:
;__Lib_CStdlib.c,210 :: 		
0x0253	0x082A      	MOVF       atoi_a_L0, 0
0x0254	0x00F0      	MOVWF      R0
0x0255	0x082B      	MOVF       atoi_a_L0+1, 0
0x0256	0x00F1      	MOVWF      R0+1
;__Lib_CStdlib.c,211 :: 		
L_end_atoi:
0x0257	0x0008      	RETURN
; end of _atoi
_IntToStrWithZeros:
;__Lib_Conversions.c,174 :: 		
;__Lib_Conversions.c,179 :: 		
0x0258	0x1283      	BCF        STATUS, 5
0x0259	0x1303      	BCF        STATUS, 6
0x025A	0x01EF      	CLRF       IntToStrWithZeros_len_L0
L_IntToStrWithZeros29:
0x025B	0x3006      	MOVLW      6
0x025C	0x026F      	SUBWF      IntToStrWithZeros_len_L0, 0
0x025D	0x1803      	BTFSC      STATUS, 0
0x025E	0x2A66      	GOTO       L_IntToStrWithZeros30
;__Lib_Conversions.c,180 :: 		
0x025F	0x086F      	MOVF       IntToStrWithZeros_len_L0, 0
0x0260	0x076D      	ADDWF      FARG_IntToStrWithZeros_output, 0
0x0261	0x0084      	MOVWF      FSR
0x0262	0x3030      	MOVLW      48
0x0263	0x0080      	MOVWF      INDF
;__Lib_Conversions.c,179 :: 		
0x0264	0x0AEF      	INCF       IntToStrWithZeros_len_L0, 1
;__Lib_Conversions.c,180 :: 		
0x0265	0x2A5B      	GOTO       L_IntToStrWithZeros29
L_IntToStrWithZeros30:
;__Lib_Conversions.c,182 :: 		
0x0266	0x086F      	MOVF       IntToStrWithZeros_len_L0, 0
0x0267	0x076D      	ADDWF      FARG_IntToStrWithZeros_output, 0
0x0268	0x0084      	MOVWF      FSR
0x0269	0x0180      	CLRF       INDF
;__Lib_Conversions.c,184 :: 		
0x026A	0x3000      	MOVLW      0
0x026B	0x066C      	XORWF      FARG_IntToStrWithZeros_input+1, 0
0x026C	0x1D03      	BTFSS      STATUS, 2
0x026D	0x2A70      	GOTO       L__IntToStrWithZeros118
0x026E	0x3000      	MOVLW      0
0x026F	0x066B      	XORWF      FARG_IntToStrWithZeros_input, 0
L__IntToStrWithZeros118:
0x0270	0x1D03      	BTFSS      STATUS, 2
0x0271	0x2A73      	GOTO       L_IntToStrWithZeros32
;__Lib_Conversions.c,185 :: 		
0x0272	0x2AD4      	GOTO       L_end_IntToStrWithZeros
;__Lib_Conversions.c,186 :: 		
L_IntToStrWithZeros32:
;__Lib_Conversions.c,188 :: 		
0x0273	0x01EE      	CLRF       IntToStrWithZeros_negative_L0
;__Lib_Conversions.c,190 :: 		
0x0274	0x3080      	MOVLW      128
0x0275	0x066C      	XORWF      FARG_IntToStrWithZeros_input+1, 0
0x0276	0x00F0      	MOVWF      R0
0x0277	0x3080      	MOVLW      128
0x0278	0x0270      	SUBWF      R0, 0
0x0279	0x1D03      	BTFSS      STATUS, 2
0x027A	0x2A7D      	GOTO       L__IntToStrWithZeros119
0x027B	0x3000      	MOVLW      0
0x027C	0x026B      	SUBWF      FARG_IntToStrWithZeros_input, 0
L__IntToStrWithZeros119:
0x027D	0x1803      	BTFSC      STATUS, 0
0x027E	0x2A8D      	GOTO       L_IntToStrWithZeros33
;__Lib_Conversions.c,191 :: 		
0x027F	0x3001      	MOVLW      1
0x0280	0x00EE      	MOVWF      IntToStrWithZeros_negative_L0
;__Lib_Conversions.c,192 :: 		
0x0281	0x086B      	MOVF       FARG_IntToStrWithZeros_input, 0
0x0282	0x3C00      	SUBLW      0
0x0283	0x1683      	BSF        STATUS, 5
0x0284	0x00A0      	MOVWF      IntToStrWithZeros_tmp_L0
0x0285	0x1283      	BCF        STATUS, 5
0x0286	0x086C      	MOVF       FARG_IntToStrWithZeros_input+1, 0
0x0287	0x1C03      	BTFSS      STATUS, 0
0x0288	0x3E01      	ADDLW      1
0x0289	0x1683      	BSF        STATUS, 5
0x028A	0x01A1      	CLRF       IntToStrWithZeros_tmp_L0+1
0x028B	0x02A1      	SUBWF      IntToStrWithZeros_tmp_L0+1, 1
;__Lib_Conversions.c,193 :: 		
0x028C	0x2A95      	GOTO       L_IntToStrWithZeros34
L_IntToStrWithZeros33:
;__Lib_Conversions.c,194 :: 		
0x028D	0x1283      	BCF        STATUS, 5
0x028E	0x086B      	MOVF       FARG_IntToStrWithZeros_input, 0
0x028F	0x1683      	BSF        STATUS, 5
0x0290	0x00A0      	MOVWF      IntToStrWithZeros_tmp_L0
0x0291	0x1283      	BCF        STATUS, 5
0x0292	0x086C      	MOVF       FARG_IntToStrWithZeros_input+1, 0
0x0293	0x1683      	BSF        STATUS, 5
0x0294	0x00A1      	MOVWF      IntToStrWithZeros_tmp_L0+1
;__Lib_Conversions.c,195 :: 		
L_IntToStrWithZeros34:
;__Lib_Conversions.c,197 :: 		
0x0295	0x3005      	MOVLW      5
0x0296	0x1283      	BCF        STATUS, 5
0x0297	0x00EF      	MOVWF      IntToStrWithZeros_len_L0
;__Lib_Conversions.c,198 :: 		
L_IntToStrWithZeros35:
0x0298	0x3000      	MOVLW      0
0x0299	0x1683      	BSF        STATUS, 5
0x029A	0x0621      	XORWF      IntToStrWithZeros_tmp_L0+1, 0
0x029B	0x1D03      	BTFSS      STATUS, 2
0x029C	0x2A9F      	GOTO       L__IntToStrWithZeros120
0x029D	0x3000      	MOVLW      0
0x029E	0x0620      	XORWF      IntToStrWithZeros_tmp_L0, 0
L__IntToStrWithZeros120:
0x029F	0x1903      	BTFSC      STATUS, 2
0x02A0	0x2ACC      	GOTO       L_IntToStrWithZeros36
;__Lib_Conversions.c,199 :: 		
0x02A1	0x1283      	BCF        STATUS, 5
0x02A2	0x086F      	MOVF       IntToStrWithZeros_len_L0, 0
0x02A3	0x076D      	ADDWF      FARG_IntToStrWithZeros_output, 0
0x02A4	0x1683      	BSF        STATUS, 5
0x02A5	0x00A2      	MOVWF      FLOC__IntToStrWithZeros
0x02A6	0x300A      	MOVLW      10
0x02A7	0x00F4      	MOVWF      R4
0x02A8	0x3000      	MOVLW      0
0x02A9	0x00F5      	MOVWF      R4+1
0x02AA	0x0820      	MOVF       IntToStrWithZeros_tmp_L0, 0
0x02AB	0x00F0      	MOVWF      R0
0x02AC	0x0821      	MOVF       IntToStrWithZeros_tmp_L0+1, 0
0x02AD	0x00F1      	MOVWF      R0+1
0x02AE	0x218F      	CALL       _Div_16X16_U
0x02AF	0x0878      	MOVF       R8, 0
0x02B0	0x00F0      	MOVWF      R0
0x02B1	0x0879      	MOVF       R8+1, 0
0x02B2	0x00F1      	MOVWF      R0+1
0x02B3	0x3030      	MOVLW      48
0x02B4	0x07F0      	ADDWF      R0, 1
0x02B5	0x1683      	BSF        STATUS, 5
0x02B6	0x0822      	MOVF       FLOC__IntToStrWithZeros, 0
0x02B7	0x0084      	MOVWF      FSR
0x02B8	0x0870      	MOVF       R0, 0
0x02B9	0x0080      	MOVWF      INDF
0x02BA	0x1283      	BCF        STATUS, 5
0x02BB	0x03EF      	DECF       IntToStrWithZeros_len_L0, 1
;__Lib_Conversions.c,200 :: 		
0x02BC	0x300A      	MOVLW      10
0x02BD	0x00F4      	MOVWF      R4
0x02BE	0x3000      	MOVLW      0
0x02BF	0x00F5      	MOVWF      R4+1
0x02C0	0x1683      	BSF        STATUS, 5
0x02C1	0x0820      	MOVF       IntToStrWithZeros_tmp_L0, 0
0x02C2	0x00F0      	MOVWF      R0
0x02C3	0x0821      	MOVF       IntToStrWithZeros_tmp_L0+1, 0
0x02C4	0x00F1      	MOVWF      R0+1
0x02C5	0x218F      	CALL       _Div_16X16_U
0x02C6	0x0870      	MOVF       R0, 0
0x02C7	0x1683      	BSF        STATUS, 5
0x02C8	0x00A0      	MOVWF      IntToStrWithZeros_tmp_L0
0x02C9	0x0871      	MOVF       R0+1, 0
0x02CA	0x00A1      	MOVWF      IntToStrWithZeros_tmp_L0+1
;__Lib_Conversions.c,201 :: 		
0x02CB	0x2A98      	GOTO       L_IntToStrWithZeros35
L_IntToStrWithZeros36:
;__Lib_Conversions.c,203 :: 		
0x02CC	0x1283      	BCF        STATUS, 5
0x02CD	0x086E      	MOVF       IntToStrWithZeros_negative_L0, 0
0x02CE	0x1903      	BTFSC      STATUS, 2
0x02CF	0x2AD4      	GOTO       L_IntToStrWithZeros37
;__Lib_Conversions.c,204 :: 		
0x02D0	0x086D      	MOVF       FARG_IntToStrWithZeros_output, 0
0x02D1	0x0084      	MOVWF      FSR
0x02D2	0x302D      	MOVLW      45
0x02D3	0x0080      	MOVWF      INDF
L_IntToStrWithZeros37:
;__Lib_Conversions.c,205 :: 		
L_end_IntToStrWithZeros:
0x02D4	0x0008      	RETURN
; end of _IntToStrWithZeros
_EEPROM_Read:
;__Lib_EEPROM.c,4 :: 		
;__Lib_EEPROM.c,5 :: 		
0x02D5	0x1283      	BCF        STATUS, 5
0x02D6	0x1303      	BCF        STATUS, 6
0x02D7	0x086B      	MOVF       FARG_EEPROM_Read_Address, 0
0x02D8	0x1703      	BSF        STATUS, 6
0x02D9	0x008D      	MOVWF      EEADR
;__Lib_EEPROM.c,6 :: 		
0x02DA	0x1683      	BSF        STATUS, 5
0x02DB	0x138C      	BCF        EECON1, 7
;__Lib_EEPROM.c,12 :: 		
0x02DC	0x140C      	BSF        EECON1, 0
;__Lib_EEPROM.c,13 :: 		
0x02DD	0x1283      	BCF        STATUS, 5
0x02DE	0x080C      	MOVF       EEDATA, 0
0x02DF	0x00F0      	MOVWF      R0
;__Lib_EEPROM.c,14 :: 		
L_end_EEPROM_Read:
0x02E0	0x0008      	RETURN
; end of _EEPROM_Read
_setup:
;Loop counter.c,35 :: 		void setup(){
;Loop counter.c,36 :: 		char dta[7], x = 0;
0x02E1	0x1283      	BCF        STATUS, 5
0x02E2	0x1303      	BCF        STATUS, 6
0x02E3	0x01EB      	CLRF       setup_x_L0
;Loop counter.c,37 :: 		lcd_cmd(_LCD_UNDERLINE_ON);
0x02E4	0x300E      	MOVLW      14
0x02E5	0x1683      	BSF        STATUS, 5
0x02E6	0x00AF      	MOVWF      FARG_Lcd_Cmd_out_char
0x02E7	0x202D      	CALL       _Lcd_Cmd
;Loop counter.c,38 :: 		lcd_cmd(_lcd_clear);
0x02E8	0x3001      	MOVLW      1
0x02E9	0x1683      	BSF        STATUS, 5
0x02EA	0x00AF      	MOVWF      FARG_Lcd_Cmd_out_char
0x02EB	0x202D      	CALL       _Lcd_Cmd
;Loop counter.c,39 :: 		lcd_out(1,1, "Countup to:");
0x02EC	0x3001      	MOVLW      1
0x02ED	0x1683      	BSF        STATUS, 5
0x02EE	0x00A7      	MOVWF      FARG_Lcd_Out_row
0x02EF	0x3001      	MOVLW      1
0x02F0	0x00A8      	MOVWF      FARG_Lcd_Out_column
0x02F1	0x3020      	MOVLW      ?lstr1_Loop_32counter
0x02F2	0x00A9      	MOVWF      FARG_Lcd_Out_text
0x02F3	0x213F      	CALL       _Lcd_Out
;Loop counter.c,40 :: 		lcd_cmd(_LCD_SECOND_ROW);
0x02F4	0x30C0      	MOVLW      192
0x02F5	0x1683      	BSF        STATUS, 5
0x02F6	0x00AF      	MOVWF      FARG_Lcd_Cmd_out_char
0x02F7	0x202D      	CALL       _Lcd_Cmd
;Loop counter.c,41 :: 		delay_1sec();
0x02F8	0x21D6      	CALL       _Delay_1sec
;Loop counter.c,42 :: 		while(1){
L_setup23:
;Loop counter.c,43 :: 		key = kp_get_key();
0x02F9	0x2182      	CALL       _kp_get_key
0x02FA	0x0870      	MOVF       R0, 0
0x02FB	0x1283      	BCF        STATUS, 5
0x02FC	0x00DA      	MOVWF      _key
;Loop counter.c,44 :: 		if(key == '#') break;
0x02FD	0x0870      	MOVF       R0, 0
0x02FE	0x3A23      	XORLW      35
0x02FF	0x1D03      	BTFSS      STATUS, 2
0x0300	0x2B02      	GOTO       L_setup25
0x0301	0x2B36      	GOTO       L_setup24
L_setup25:
;Loop counter.c,45 :: 		if(key != '*'){
0x0302	0x085A      	MOVF       _key, 0
0x0303	0x3A2A      	XORLW      42
0x0304	0x1903      	BTFSC      STATUS, 2
0x0305	0x2B1E      	GOTO       L_setup26
;Loop counter.c,46 :: 		dta[x] = key;
0x0306	0x086B      	MOVF       setup_x_L0, 0
0x0307	0x3EA0      	ADDLW      setup_dta_L0
0x0308	0x0084      	MOVWF      FSR
0x0309	0x085A      	MOVF       _key, 0
0x030A	0x0080      	MOVWF      INDF
;Loop counter.c,47 :: 		lcd_chr_cp(key);
0x030B	0x085A      	MOVF       _key, 0
0x030C	0x1683      	BSF        STATUS, 5
0x030D	0x00AE      	MOVWF      FARG_Lcd_Chr_CP_out_char
0x030E	0x2136      	CALL       _Lcd_Chr_CP
;Loop counter.c,48 :: 		delay_ms(300);
0x030F	0x3004      	MOVLW      4
0x0310	0x00FB      	MOVWF      R11
0x0311	0x300C      	MOVLW      12
0x0312	0x00FC      	MOVWF      R12
0x0313	0x3033      	MOVLW      51
0x0314	0x00FD      	MOVWF      R13
L_setup27:
0x0315	0x0BFD      	DECFSZ     R13, 1
0x0316	0x2B15      	GOTO       L_setup27
0x0317	0x0BFC      	DECFSZ     R12, 1
0x0318	0x2B15      	GOTO       L_setup27
0x0319	0x0BFB      	DECFSZ     R11, 1
0x031A	0x2B15      	GOTO       L_setup27
0x031B	0x0000      	NOP
0x031C	0x0000      	NOP
;Loop counter.c,49 :: 		x++;
0x031D	0x0AEB      	INCF       setup_x_L0, 1
;Loop counter.c,50 :: 		}
L_setup26:
;Loop counter.c,51 :: 		if(key == '*'){
0x031E	0x085A      	MOVF       _key, 0
0x031F	0x3A2A      	XORLW      42
0x0320	0x1D03      	BTFSS      STATUS, 2
0x0321	0x2B35      	GOTO       L_setup28
;Loop counter.c,52 :: 		lcd_cmd(_lcd_move_cursor_left);
0x0322	0x3010      	MOVLW      16
0x0323	0x1683      	BSF        STATUS, 5
0x0324	0x00AF      	MOVWF      FARG_Lcd_Cmd_out_char
0x0325	0x202D      	CALL       _Lcd_Cmd
;Loop counter.c,53 :: 		--x;
0x0326	0x03EB      	DECF       setup_x_L0, 1
;Loop counter.c,54 :: 		delay_ms(300);
0x0327	0x3004      	MOVLW      4
0x0328	0x00FB      	MOVWF      R11
0x0329	0x300C      	MOVLW      12
0x032A	0x00FC      	MOVWF      R12
0x032B	0x3033      	MOVLW      51
0x032C	0x00FD      	MOVWF      R13
L_setup29:
0x032D	0x0BFD      	DECFSZ     R13, 1
0x032E	0x2B2D      	GOTO       L_setup29
0x032F	0x0BFC      	DECFSZ     R12, 1
0x0330	0x2B2D      	GOTO       L_setup29
0x0331	0x0BFB      	DECFSZ     R11, 1
0x0332	0x2B2D      	GOTO       L_setup29
0x0333	0x0000      	NOP
0x0334	0x0000      	NOP
;Loop counter.c,55 :: 		}
L_setup28:
;Loop counter.c,56 :: 		}
0x0335	0x2AF9      	GOTO       L_setup23
L_setup24:
;Loop counter.c,57 :: 		dta[x] = 0;
0x0336	0x086B      	MOVF       setup_x_L0, 0
0x0337	0x3EA0      	ADDLW      setup_dta_L0
0x0338	0x0084      	MOVWF      FSR
0x0339	0x0180      	CLRF       INDF
;Loop counter.c,58 :: 		countup.full = atoi(dta);
0x033A	0x30A0      	MOVLW      setup_dta_L0
0x033B	0x1683      	BSF        STATUS, 5
0x033C	0x00A7      	MOVWF      FARG_atoi_s
0x033D	0x21E7      	CALL       _atoi
0x033E	0x0870      	MOVF       R0, 0
0x033F	0x1283      	BCF        STATUS, 5
0x0340	0x00E3      	MOVWF      _countup
0x0341	0x0871      	MOVF       R0+1, 0
0x0342	0x00E4      	MOVWF      _countup+1
;Loop counter.c,59 :: 		EEPROM_write(2, countup.lsb);
0x0343	0x3002      	MOVLW      2
0x0344	0x1683      	BSF        STATUS, 5
0x0345	0x00A7      	MOVWF      FARG_EEPROM_Write_Address
0x0346	0x1283      	BCF        STATUS, 5
0x0347	0x0863      	MOVF       _countup, 0
0x0348	0x1683      	BSF        STATUS, 5
0x0349	0x00A8      	MOVWF      FARG_EEPROM_Write_data_
0x034A	0x21B3      	CALL       _EEPROM_Write
;Loop counter.c,60 :: 		EEPROM_write(3, countup.msb);
0x034B	0x3003      	MOVLW      3
0x034C	0x1303      	BCF        STATUS, 6
0x034D	0x00A7      	MOVWF      FARG_EEPROM_Write_Address
0x034E	0x1283      	BCF        STATUS, 5
0x034F	0x0863      	MOVF       _countup, 0
0x0350	0x1683      	BSF        STATUS, 5
0x0351	0x00A8      	MOVWF      FARG_EEPROM_Write_data_
0x0352	0x21B3      	CALL       _EEPROM_Write
;Loop counter.c,61 :: 		lcd_cmd(_lcd_clear);
0x0353	0x3001      	MOVLW      1
0x0354	0x1303      	BCF        STATUS, 6
0x0355	0x00AF      	MOVWF      FARG_Lcd_Cmd_out_char
0x0356	0x202D      	CALL       _Lcd_Cmd
;Loop counter.c,62 :: 		lcd_cmd(_lcd_cursor_off);
0x0357	0x300C      	MOVLW      12
0x0358	0x1683      	BSF        STATUS, 5
0x0359	0x00AF      	MOVWF      FARG_Lcd_Cmd_out_char
0x035A	0x202D      	CALL       _Lcd_Cmd
;Loop counter.c,63 :: 		counter.full = 0;
0x035B	0x01E5      	CLRF       _counter
0x035C	0x01E6      	CLRF       _counter+1
;Loop counter.c,64 :: 		delay_1sec();
0x035D	0x21D6      	CALL       _Delay_1sec
;Loop counter.c,65 :: 		}
L_end_setup:
0x035E	0x0008      	RETURN
; end of _setup
_decrease_counter:
;Loop counter.c,67 :: 		void decrease_counter(){
;Loop counter.c,68 :: 		char dta[7], x = 0, y;
0x035F	0x1283      	BCF        STATUS, 5
0x0360	0x1303      	BCF        STATUS, 6
0x0361	0x01EB      	CLRF       decrease_counter_x_L0
;Loop counter.c,69 :: 		lcd_cmd(_lcd_clear);
0x0362	0x3001      	MOVLW      1
0x0363	0x1683      	BSF        STATUS, 5
0x0364	0x00AF      	MOVWF      FARG_Lcd_Cmd_out_char
0x0365	0x202D      	CALL       _Lcd_Cmd
;Loop counter.c,70 :: 		lcd_cmd(_LCD_UNDERLINE_ON);
0x0366	0x300E      	MOVLW      14
0x0367	0x1683      	BSF        STATUS, 5
0x0368	0x00AF      	MOVWF      FARG_Lcd_Cmd_out_char
0x0369	0x202D      	CALL       _Lcd_Cmd
;Loop counter.c,71 :: 		lcd_out(1,1, "Minus Counter:");
0x036A	0x3001      	MOVLW      1
0x036B	0x1683      	BSF        STATUS, 5
0x036C	0x00A7      	MOVWF      FARG_Lcd_Out_row
0x036D	0x3001      	MOVLW      1
0x036E	0x00A8      	MOVWF      FARG_Lcd_Out_column
0x036F	0x303A      	MOVLW      ?lstr2_Loop_32counter
0x0370	0x00A9      	MOVWF      FARG_Lcd_Out_text
0x0371	0x213F      	CALL       _Lcd_Out
;Loop counter.c,72 :: 		lcd_cmd(_LCD_SECOND_ROW);
0x0372	0x30C0      	MOVLW      192
0x0373	0x1683      	BSF        STATUS, 5
0x0374	0x00AF      	MOVWF      FARG_Lcd_Cmd_out_char
0x0375	0x202D      	CALL       _Lcd_Cmd
;Loop counter.c,73 :: 		delay_1sec();
0x0376	0x21D6      	CALL       _Delay_1sec
;Loop counter.c,74 :: 		while(1){
L_decrease_counter30:
;Loop counter.c,75 :: 		key = kp_get_key();
0x0377	0x2182      	CALL       _kp_get_key
0x0378	0x0870      	MOVF       R0, 0
0x0379	0x1283      	BCF        STATUS, 5
0x037A	0x00DA      	MOVWF      _key
;Loop counter.c,76 :: 		if(key == '#') break;
0x037B	0x0870      	MOVF       R0, 0
0x037C	0x3A23      	XORLW      35
0x037D	0x1D03      	BTFSS      STATUS, 2
0x037E	0x2B80      	GOTO       L_decrease_counter32
0x037F	0x2BB4      	GOTO       L_decrease_counter31
L_decrease_counter32:
;Loop counter.c,77 :: 		if(key != '*'){
0x0380	0x085A      	MOVF       _key, 0
0x0381	0x3A2A      	XORLW      42
0x0382	0x1903      	BTFSC      STATUS, 2
0x0383	0x2B9C      	GOTO       L_decrease_counter33
;Loop counter.c,78 :: 		dta[x] = key;
0x0384	0x086B      	MOVF       decrease_counter_x_L0, 0
0x0385	0x3EA0      	ADDLW      decrease_counter_dta_L0
0x0386	0x0084      	MOVWF      FSR
0x0387	0x085A      	MOVF       _key, 0
0x0388	0x0080      	MOVWF      INDF
;Loop counter.c,79 :: 		lcd_chr_cp(key);
0x0389	0x085A      	MOVF       _key, 0
0x038A	0x1683      	BSF        STATUS, 5
0x038B	0x00AE      	MOVWF      FARG_Lcd_Chr_CP_out_char
0x038C	0x2136      	CALL       _Lcd_Chr_CP
;Loop counter.c,80 :: 		delay_ms(300);
0x038D	0x3004      	MOVLW      4
0x038E	0x00FB      	MOVWF      R11
0x038F	0x300C      	MOVLW      12
0x0390	0x00FC      	MOVWF      R12
0x0391	0x3033      	MOVLW      51
0x0392	0x00FD      	MOVWF      R13
L_decrease_counter34:
0x0393	0x0BFD      	DECFSZ     R13, 1
0x0394	0x2B93      	GOTO       L_decrease_counter34
0x0395	0x0BFC      	DECFSZ     R12, 1
0x0396	0x2B93      	GOTO       L_decrease_counter34
0x0397	0x0BFB      	DECFSZ     R11, 1
0x0398	0x2B93      	GOTO       L_decrease_counter34
0x0399	0x0000      	NOP
0x039A	0x0000      	NOP
;Loop counter.c,81 :: 		x++;
0x039B	0x0AEB      	INCF       decrease_counter_x_L0, 1
;Loop counter.c,82 :: 		}
L_decrease_counter33:
;Loop counter.c,83 :: 		if(key == '*'){
0x039C	0x085A      	MOVF       _key, 0
0x039D	0x3A2A      	XORLW      42
0x039E	0x1D03      	BTFSS      STATUS, 2
0x039F	0x2BB3      	GOTO       L_decrease_counter35
;Loop counter.c,84 :: 		lcd_cmd(_lcd_move_cursor_left);
0x03A0	0x3010      	MOVLW      16
0x03A1	0x1683      	BSF        STATUS, 5
0x03A2	0x00AF      	MOVWF      FARG_Lcd_Cmd_out_char
0x03A3	0x202D      	CALL       _Lcd_Cmd
;Loop counter.c,85 :: 		--x;
0x03A4	0x03EB      	DECF       decrease_counter_x_L0, 1
;Loop counter.c,86 :: 		delay_ms(300);
0x03A5	0x3004      	MOVLW      4
0x03A6	0x00FB      	MOVWF      R11
0x03A7	0x300C      	MOVLW      12
0x03A8	0x00FC      	MOVWF      R12
0x03A9	0x3033      	MOVLW      51
0x03AA	0x00FD      	MOVWF      R13
L_decrease_counter36:
0x03AB	0x0BFD      	DECFSZ     R13, 1
0x03AC	0x2BAB      	GOTO       L_decrease_counter36
0x03AD	0x0BFC      	DECFSZ     R12, 1
0x03AE	0x2BAB      	GOTO       L_decrease_counter36
0x03AF	0x0BFB      	DECFSZ     R11, 1
0x03B0	0x2BAB      	GOTO       L_decrease_counter36
0x03B1	0x0000      	NOP
0x03B2	0x0000      	NOP
;Loop counter.c,87 :: 		}
L_decrease_counter35:
;Loop counter.c,88 :: 		}
0x03B3	0x2B77      	GOTO       L_decrease_counter30
L_decrease_counter31:
;Loop counter.c,89 :: 		dta[x] = 0;
0x03B4	0x086B      	MOVF       decrease_counter_x_L0, 0
0x03B5	0x3EA0      	ADDLW      decrease_counter_dta_L0
0x03B6	0x0084      	MOVWF      FSR
0x03B7	0x0180      	CLRF       INDF
;Loop counter.c,90 :: 		y = atoi(dta);
0x03B8	0x30A0      	MOVLW      decrease_counter_dta_L0
0x03B9	0x1683      	BSF        STATUS, 5
0x03BA	0x00A7      	MOVWF      FARG_atoi_s
0x03BB	0x21E7      	CALL       _atoi
;Loop counter.c,91 :: 		counter.full -= y;
0x03BC	0x0870      	MOVF       R0, 0
0x03BD	0x1283      	BCF        STATUS, 5
0x03BE	0x0265      	SUBWF      _counter, 0
0x03BF	0x00F0      	MOVWF      R0
0x03C0	0x3000      	MOVLW      0
0x03C1	0x1C03      	BTFSS      STATUS, 0
0x03C2	0x3E01      	ADDLW      1
0x03C3	0x0266      	SUBWF      _counter+1, 0
0x03C4	0x00F1      	MOVWF      R0+1
0x03C5	0x0870      	MOVF       R0, 0
0x03C6	0x00E5      	MOVWF      _counter
0x03C7	0x0871      	MOVF       R0+1, 0
0x03C8	0x00E6      	MOVWF      _counter+1
;Loop counter.c,92 :: 		EEPROM_write(0, counter.lsb);
0x03C9	0x1683      	BSF        STATUS, 5
0x03CA	0x01A7      	CLRF       FARG_EEPROM_Write_Address
0x03CB	0x1283      	BCF        STATUS, 5
0x03CC	0x0865      	MOVF       _counter, 0
0x03CD	0x1683      	BSF        STATUS, 5
0x03CE	0x00A8      	MOVWF      FARG_EEPROM_Write_data_
0x03CF	0x21B3      	CALL       _EEPROM_Write
;Loop counter.c,93 :: 		EEPROM_write(1, counter.msb);
0x03D0	0x3001      	MOVLW      1
0x03D1	0x1303      	BCF        STATUS, 6
0x03D2	0x00A7      	MOVWF      FARG_EEPROM_Write_Address
0x03D3	0x1283      	BCF        STATUS, 5
0x03D4	0x0865      	MOVF       _counter, 0
0x03D5	0x1683      	BSF        STATUS, 5
0x03D6	0x00A8      	MOVWF      FARG_EEPROM_Write_data_
0x03D7	0x21B3      	CALL       _EEPROM_Write
;Loop counter.c,94 :: 		lcd_cmd(_lcd_clear);
0x03D8	0x3001      	MOVLW      1
0x03D9	0x1303      	BCF        STATUS, 6
0x03DA	0x00AF      	MOVWF      FARG_Lcd_Cmd_out_char
0x03DB	0x202D      	CALL       _Lcd_Cmd
;Loop counter.c,95 :: 		lcd_cmd(_lcd_cursor_off);
0x03DC	0x300C      	MOVLW      12
0x03DD	0x1683      	BSF        STATUS, 5
0x03DE	0x00AF      	MOVWF      FARG_Lcd_Cmd_out_char
0x03DF	0x202D      	CALL       _Lcd_Cmd
;Loop counter.c,96 :: 		delay_1sec();
0x03E0	0x21D6      	CALL       _Delay_1sec
;Loop counter.c,97 :: 		}
L_end_decrease_counter:
0x03E1	0x0008      	RETURN
; end of _decrease_counter
_kp_init:
;keypad4x3.h,16 :: 		void kp_init(){
;keypad4x3.h,17 :: 		kp_row1_dir = 0;
0x03E2	0x1683      	BSF        STATUS, 5
0x03E3	0x1303      	BCF        STATUS, 6
0x03E4	0x1307      	BCF        TRISC6_bit, BitPos(TRISC6_bit+0)
;keypad4x3.h,18 :: 		kp_row2_dir = 0;
0x03E5	0x1287      	BCF        TRISC5_bit, BitPos(TRISC5_bit+0)
;keypad4x3.h,19 :: 		kp_row3_dir = 0;
0x03E6	0x1207      	BCF        TRISC4_bit, BitPos(TRISC4_bit+0)
;keypad4x3.h,20 :: 		kp_row4_dir = 0;
0x03E7	0x1187      	BCF        TRISC3_bit, BitPos(TRISC3_bit+0)
;keypad4x3.h,21 :: 		kp_col1_dir = 1;
0x03E8	0x1507      	BSF        TRISC2_bit, BitPos(TRISC2_bit+0)
;keypad4x3.h,22 :: 		kp_col2_dir = 1;
0x03E9	0x1487      	BSF        TRISC1_bit, BitPos(TRISC1_bit+0)
;keypad4x3.h,23 :: 		kp_col3_dir = 1;
0x03EA	0x1407      	BSF        TRISC0_bit, BitPos(TRISC0_bit+0)
;keypad4x3.h,24 :: 		kp_row1 = 0;
0x03EB	0x1283      	BCF        STATUS, 5
0x03EC	0x1307      	BCF        RC6_bit, BitPos(RC6_bit+0)
;keypad4x3.h,25 :: 		kp_row2 = 0;
0x03ED	0x1287      	BCF        RC5_bit, BitPos(RC5_bit+0)
;keypad4x3.h,26 :: 		kp_row3 = 0;
0x03EE	0x1207      	BCF        RC4_bit, BitPos(RC4_bit+0)
;keypad4x3.h,27 :: 		kp_row4 = 0;
0x03EF	0x1187      	BCF        RC3_bit, BitPos(RC3_bit+0)
;keypad4x3.h,28 :: 		}
L_end_kp_init:
0x03F0	0x0008      	RETURN
; end of _kp_init
_Lcd_Init:
;__Lib_Lcd.c,84 :: 		
;__Lib_Lcd.c,86 :: 		
0x03F1	0x1683      	BSF        STATUS, 5
0x03F2	0x1303      	BCF        STATUS, 6
0x03F3	0x1186      	BCF        LCD_EN_Direction, BitPos(LCD_EN_Direction+0)
;__Lib_Lcd.c,87 :: 		
0x03F4	0x1106      	BCF        LCD_RS_Direction, BitPos(LCD_RS_Direction+0)
;__Lib_Lcd.c,88 :: 		
0x03F5	0x1206      	BCF        LCD_D4_Direction, BitPos(LCD_D4_Direction+0)
;__Lib_Lcd.c,89 :: 		
0x03F6	0x1286      	BCF        LCD_D5_Direction, BitPos(LCD_D5_Direction+0)
;__Lib_Lcd.c,90 :: 		
0x03F7	0x1306      	BCF        LCD_D6_Direction, BitPos(LCD_D6_Direction+0)
;__Lib_Lcd.c,91 :: 		
0x03F8	0x1386      	BCF        LCD_D7_Direction, BitPos(LCD_D7_Direction+0)
;__Lib_Lcd.c,93 :: 		
0x03F9	0x1283      	BCF        STATUS, 5
0x03FA	0x1186      	BCF        LCD_EN, BitPos(LCD_EN+0)
;__Lib_Lcd.c,94 :: 		
0x03FB	0x1106      	BCF        LCD_RS, BitPos(LCD_RS+0)
;__Lib_Lcd.c,95 :: 		
0x03FC	0x1386      	BCF        LCD_D7, BitPos(LCD_D7+0)
;__Lib_Lcd.c,96 :: 		
0x03FD	0x1306      	BCF        LCD_D6, BitPos(LCD_D6+0)
;__Lib_Lcd.c,97 :: 		
0x03FE	0x1286      	BCF        LCD_D5, BitPos(LCD_D5+0)
;__Lib_Lcd.c,98 :: 		
0x03FF	0x1206      	BCF        LCD_D4, BitPos(LCD_D4+0)
;__Lib_Lcd.c,100 :: 		
0x0400	0x2019      	CALL       _Delay_5500us
;__Lib_Lcd.c,101 :: 		
0x0401	0x2019      	CALL       _Delay_5500us
;__Lib_Lcd.c,102 :: 		
0x0402	0x2019      	CALL       _Delay_5500us
;__Lib_Lcd.c,105 :: 		
0x0403	0x1686      	BSF        LCD_D5, BitPos(LCD_D5+0)
;__Lib_Lcd.c,106 :: 		
0x0404	0x1606      	BSF        LCD_D4, BitPos(LCD_D4+0)
;__Lib_Lcd.c,107 :: 		
0x0405	0x1586      	BSF        LCD_EN, BitPos(LCD_EN+0)
;__Lib_Lcd.c,108 :: 		
0x0406	0x2016      	CALL       _Delay_1us
;__Lib_Lcd.c,109 :: 		
0x0407	0x1186      	BCF        LCD_EN, BitPos(LCD_EN+0)
;__Lib_Lcd.c,110 :: 		
0x0408	0x2019      	CALL       _Delay_5500us
;__Lib_Lcd.c,112 :: 		
0x0409	0x1586      	BSF        LCD_EN, BitPos(LCD_EN+0)
;__Lib_Lcd.c,113 :: 		
0x040A	0x2016      	CALL       _Delay_1us
;__Lib_Lcd.c,114 :: 		
0x040B	0x1186      	BCF        LCD_EN, BitPos(LCD_EN+0)
;__Lib_Lcd.c,115 :: 		
0x040C	0x2019      	CALL       _Delay_5500us
;__Lib_Lcd.c,117 :: 		
0x040D	0x1586      	BSF        LCD_EN, BitPos(LCD_EN+0)
;__Lib_Lcd.c,118 :: 		
0x040E	0x2016      	CALL       _Delay_1us
;__Lib_Lcd.c,119 :: 		
0x040F	0x1186      	BCF        LCD_EN, BitPos(LCD_EN+0)
;__Lib_Lcd.c,120 :: 		
0x0410	0x2019      	CALL       _Delay_5500us
;__Lib_Lcd.c,123 :: 		
0x0411	0x1206      	BCF        LCD_D4, BitPos(LCD_D4+0)
;__Lib_Lcd.c,124 :: 		
0x0412	0x1586      	BSF        LCD_EN, BitPos(LCD_EN+0)
;__Lib_Lcd.c,125 :: 		
0x0413	0x2016      	CALL       _Delay_1us
;__Lib_Lcd.c,126 :: 		
0x0414	0x1186      	BCF        LCD_EN, BitPos(LCD_EN+0)
;__Lib_Lcd.c,127 :: 		
0x0415	0x2019      	CALL       _Delay_5500us
;__Lib_Lcd.c,130 :: 		
0x0416	0x1586      	BSF        LCD_EN, BitPos(LCD_EN+0)
;__Lib_Lcd.c,131 :: 		
0x0417	0x2016      	CALL       _Delay_1us
;__Lib_Lcd.c,132 :: 		
0x0418	0x1186      	BCF        LCD_EN, BitPos(LCD_EN+0)
;__Lib_Lcd.c,134 :: 		
0x0419	0x1286      	BCF        LCD_D5, BitPos(LCD_D5+0)
;__Lib_Lcd.c,135 :: 		
0x041A	0x1786      	BSF        LCD_D7, BitPos(LCD_D7+0)
;__Lib_Lcd.c,136 :: 		
0x041B	0x1586      	BSF        LCD_EN, BitPos(LCD_EN+0)
;__Lib_Lcd.c,137 :: 		
0x041C	0x2016      	CALL       _Delay_1us
;__Lib_Lcd.c,138 :: 		
0x041D	0x1186      	BCF        LCD_EN, BitPos(LCD_EN+0)
;__Lib_Lcd.c,139 :: 		
0x041E	0x2019      	CALL       _Delay_5500us
;__Lib_Lcd.c,142 :: 		
0x041F	0x1386      	BCF        LCD_D7, BitPos(LCD_D7+0)
;__Lib_Lcd.c,143 :: 		
0x0420	0x1606      	BSF        LCD_D4, BitPos(LCD_D4+0)
;__Lib_Lcd.c,144 :: 		
0x0421	0x1586      	BSF        LCD_EN, BitPos(LCD_EN+0)
;__Lib_Lcd.c,145 :: 		
0x0422	0x2016      	CALL       _Delay_1us
;__Lib_Lcd.c,146 :: 		
0x0423	0x1186      	BCF        LCD_EN, BitPos(LCD_EN+0)
;__Lib_Lcd.c,148 :: 		
0x0424	0x1206      	BCF        LCD_D4, BitPos(LCD_D4+0)
;__Lib_Lcd.c,149 :: 		
0x0425	0x1586      	BSF        LCD_EN, BitPos(LCD_EN+0)
;__Lib_Lcd.c,150 :: 		
0x0426	0x2016      	CALL       _Delay_1us
;__Lib_Lcd.c,151 :: 		
0x0427	0x1186      	BCF        LCD_EN, BitPos(LCD_EN+0)
;__Lib_Lcd.c,152 :: 		
0x0428	0x2019      	CALL       _Delay_5500us
;__Lib_Lcd.c,155 :: 		
0x0429	0x1586      	BSF        LCD_EN, BitPos(LCD_EN+0)
;__Lib_Lcd.c,156 :: 		
0x042A	0x2016      	CALL       _Delay_1us
;__Lib_Lcd.c,157 :: 		
0x042B	0x1186      	BCF        LCD_EN, BitPos(LCD_EN+0)
;__Lib_Lcd.c,159 :: 		
0x042C	0x1606      	BSF        LCD_D4, BitPos(LCD_D4+0)
;__Lib_Lcd.c,160 :: 		
0x042D	0x1586      	BSF        LCD_EN, BitPos(LCD_EN+0)
;__Lib_Lcd.c,161 :: 		
0x042E	0x2016      	CALL       _Delay_1us
;__Lib_Lcd.c,162 :: 		
0x042F	0x1186      	BCF        LCD_EN, BitPos(LCD_EN+0)
;__Lib_Lcd.c,163 :: 		
0x0430	0x2019      	CALL       _Delay_5500us
;__Lib_Lcd.c,166 :: 		
0x0431	0x1206      	BCF        LCD_D4, BitPos(LCD_D4+0)
;__Lib_Lcd.c,167 :: 		
0x0432	0x1586      	BSF        LCD_EN, BitPos(LCD_EN+0)
;__Lib_Lcd.c,168 :: 		
0x0433	0x2016      	CALL       _Delay_1us
;__Lib_Lcd.c,169 :: 		
0x0434	0x1186      	BCF        LCD_EN, BitPos(LCD_EN+0)
;__Lib_Lcd.c,171 :: 		
0x0435	0x1786      	BSF        LCD_D7, BitPos(LCD_D7+0)
;__Lib_Lcd.c,172 :: 		
0x0436	0x1706      	BSF        LCD_D6, BitPos(LCD_D6+0)
;__Lib_Lcd.c,173 :: 		
0x0437	0x1686      	BSF        LCD_D5, BitPos(LCD_D5+0)
;__Lib_Lcd.c,174 :: 		
0x0438	0x1606      	BSF        LCD_D4, BitPos(LCD_D4+0)
;__Lib_Lcd.c,175 :: 		
0x0439	0x1586      	BSF        LCD_EN, BitPos(LCD_EN+0)
;__Lib_Lcd.c,176 :: 		
0x043A	0x2016      	CALL       _Delay_1us
;__Lib_Lcd.c,177 :: 		
0x043B	0x1186      	BCF        LCD_EN, BitPos(LCD_EN+0)
;__Lib_Lcd.c,179 :: 		
0x043C	0x2019      	CALL       _Delay_5500us
;__Lib_Lcd.c,181 :: 		
0x043D	0x14DB      	BSF        __Lib_Lcd_cmd_status, BitPos(__Lib_Lcd_cmd_status+0)
;__Lib_Lcd.c,182 :: 		
L_end_Lcd_Init:
0x043E	0x0008      	RETURN
; end of _Lcd_Init
___CC2DW:
;__Lib_System.c,134 :: 		
;__Lib_System.c,137 :: 		
_CC2D_Loop1:
;__Lib_System.c,139 :: 		
0x043F	0x21AC      	CALL       _____DoICP
0x0440	0x118A      	BCF        PCLATH, 3
0x0441	0x120A      	BCF        PCLATH, 4
;__Lib_System.c,141 :: 		
0x0442	0x0080      	MOVWF      INDF
;__Lib_System.c,142 :: 		
0x0443	0x0A84      	INCF       FSR, 1
;__Lib_System.c,143 :: 		
0x0444	0x0AE7      	INCF       ___DoICPAddr, 1
;__Lib_System.c,145 :: 		
0x0445	0x1903      	BTFSC      STATUS, 2
;__Lib_System.c,146 :: 		
0x0446	0x0AE8      	INCF       ___DoICPAddr+1, 1
;__Lib_System.c,147 :: 		
0x0447	0x03F0      	DECF       R0, 1
;__Lib_System.c,149 :: 		
0x0448	0x1D03      	BTFSS      STATUS, 2
;__Lib_System.c,150 :: 		
0x0449	0x2C3F      	GOTO       _CC2D_Loop1
;__Lib_System.c,152 :: 		
L_end___CC2DW:
0x044A	0x0008      	RETURN
; end of ___CC2DW
_main:
0x044B	0x254A      	CALL       1354
;Loop counter.c,99 :: 		void main() {
;Loop counter.c,100 :: 		lcd_init();
0x044C	0x23F1      	CALL       _Lcd_Init
;Loop counter.c,101 :: 		lcd_cmd(_lcd_cursor_off);
0x044D	0x300C      	MOVLW      12
0x044E	0x1683      	BSF        STATUS, 5
0x044F	0x00AF      	MOVWF      FARG_Lcd_Cmd_out_char
0x0450	0x202D      	CALL       _Lcd_Cmd
;Loop counter.c,102 :: 		lcd_cmd(_lcd_clear);
0x0451	0x3001      	MOVLW      1
0x0452	0x1683      	BSF        STATUS, 5
0x0453	0x00AF      	MOVWF      FARG_Lcd_Cmd_out_char
0x0454	0x202D      	CALL       _Lcd_Cmd
;Loop counter.c,103 :: 		kp_init();
0x0455	0x23E2      	CALL       _kp_init
;Loop counter.c,104 :: 		ADCON1 = 7;
0x0456	0x3007      	MOVLW      7
0x0457	0x1683      	BSF        STATUS, 5
0x0458	0x009F      	MOVWF      ADCON1
;Loop counter.c,105 :: 		relay_dir = 0;
0x0459	0x1005      	BCF        TRISA0_bit, BitPos(TRISA0_bit+0)
;Loop counter.c,106 :: 		INTE_bit = 1;
0x045A	0x160B      	BSF        INTE_bit, BitPos(INTE_bit+0)
;Loop counter.c,107 :: 		INTF_bit = 0;
0x045B	0x108B      	BCF        INTF_bit, BitPos(INTF_bit+0)
;Loop counter.c,108 :: 		INTEDG_bit = 0;
0x045C	0x1301      	BCF        INTEDG_bit, BitPos(INTEDG_bit+0)
;Loop counter.c,109 :: 		GIE_bit = 1;
0x045D	0x178B      	BSF        GIE_bit, BitPos(GIE_bit+0)
;Loop counter.c,110 :: 		IRF = 0;
0x045E	0x1283      	BCF        STATUS, 5
0x045F	0x115B      	BCF        _IRF, BitPos(_IRF+0)
;Loop counter.c,111 :: 		counter.lsb = EEPROM_read(0);
0x0460	0x01EB      	CLRF       FARG_EEPROM_Read_Address
0x0461	0x22D5      	CALL       _EEPROM_Read
0x0462	0x0870      	MOVF       R0, 0
0x0463	0x1303      	BCF        STATUS, 6
0x0464	0x00E5      	MOVWF      _counter
;Loop counter.c,112 :: 		counter.msb = EEPROM_read(1);
0x0465	0x3001      	MOVLW      1
0x0466	0x00EB      	MOVWF      FARG_EEPROM_Read_Address
0x0467	0x22D5      	CALL       _EEPROM_Read
0x0468	0x0870      	MOVF       R0, 0
0x0469	0x1303      	BCF        STATUS, 6
0x046A	0x00E5      	MOVWF      _counter
;Loop counter.c,113 :: 		countup.lsb = EEPROM_read(2);
0x046B	0x3002      	MOVLW      2
0x046C	0x00EB      	MOVWF      FARG_EEPROM_Read_Address
0x046D	0x22D5      	CALL       _EEPROM_Read
0x046E	0x0870      	MOVF       R0, 0
0x046F	0x1303      	BCF        STATUS, 6
0x0470	0x00E3      	MOVWF      _countup
;Loop counter.c,114 :: 		countup.msb = EEPROM_read(3);
0x0471	0x3003      	MOVLW      3
0x0472	0x00EB      	MOVWF      FARG_EEPROM_Read_Address
0x0473	0x22D5      	CALL       _EEPROM_Read
0x0474	0x0870      	MOVF       R0, 0
0x0475	0x1303      	BCF        STATUS, 6
0x0476	0x00E3      	MOVWF      _countup
;Loop counter.c,116 :: 		while(1){
L_main37:
;Loop counter.c,117 :: 		lcd_out(1,1, "WireLoop Counter");
0x0477	0x3001      	MOVLW      1
0x0478	0x1683      	BSF        STATUS, 5
0x0479	0x00A7      	MOVWF      FARG_Lcd_Out_row
0x047A	0x3001      	MOVLW      1
0x047B	0x00A8      	MOVWF      FARG_Lcd_Out_column
0x047C	0x3049      	MOVLW      ?lstr3_Loop_32counter
0x047D	0x00A9      	MOVWF      FARG_Lcd_Out_text
0x047E	0x213F      	CALL       _Lcd_Out
;Loop counter.c,118 :: 		key = kp_scan();
0x047F	0x20CB      	CALL       _kp_scan
0x0480	0x0870      	MOVF       R0, 0
0x0481	0x1283      	BCF        STATUS, 5
0x0482	0x00DA      	MOVWF      _key
;Loop counter.c,119 :: 		if(key == '*') setup();
0x0483	0x0870      	MOVF       R0, 0
0x0484	0x3A2A      	XORLW      42
0x0485	0x1D03      	BTFSS      STATUS, 2
0x0486	0x2C88      	GOTO       L_main39
0x0487	0x22E1      	CALL       _setup
L_main39:
;Loop counter.c,120 :: 		if(key == '0') decrease_counter();
0x0488	0x085A      	MOVF       _key, 0
0x0489	0x3A30      	XORLW      48
0x048A	0x1D03      	BTFSS      STATUS, 2
0x048B	0x2C8D      	GOTO       L_main40
0x048C	0x235F      	CALL       _decrease_counter
L_main40:
;Loop counter.c,121 :: 		if(key == '#') {
0x048D	0x085A      	MOVF       _key, 0
0x048E	0x3A23      	XORLW      35
0x048F	0x1D03      	BTFSS      STATUS, 2
0x0490	0x2CB4      	GOTO       L_main41
;Loop counter.c,122 :: 		relay_f = ~relay_f;
0x0491	0x3001      	MOVLW      1
0x0492	0x06DB      	XORWF      _relay_f, 1
;Loop counter.c,123 :: 		if(relay_f) lcd_out(2,11, "RlyON ");
0x0493	0x1C5B      	BTFSS      _relay_f, BitPos(_relay_f+0)
0x0494	0x2C9E      	GOTO       L_main42
0x0495	0x3002      	MOVLW      2
0x0496	0x1683      	BSF        STATUS, 5
0x0497	0x00A7      	MOVWF      FARG_Lcd_Out_row
0x0498	0x300B      	MOVLW      11
0x0499	0x00A8      	MOVWF      FARG_Lcd_Out_column
0x049A	0x3033      	MOVLW      ?lstr4_Loop_32counter
0x049B	0x00A9      	MOVWF      FARG_Lcd_Out_text
0x049C	0x213F      	CALL       _Lcd_Out
0x049D	0x2CA6      	GOTO       L_main43
L_main42:
;Loop counter.c,124 :: 		else lcd_out(2,11, "RlyOFF");
0x049E	0x3002      	MOVLW      2
0x049F	0x1683      	BSF        STATUS, 5
0x04A0	0x00A7      	MOVWF      FARG_Lcd_Out_row
0x04A1	0x300B      	MOVLW      11
0x04A2	0x00A8      	MOVWF      FARG_Lcd_Out_column
0x04A3	0x302C      	MOVLW      ?lstr5_Loop_32counter
0x04A4	0x00A9      	MOVWF      FARG_Lcd_Out_text
0x04A5	0x213F      	CALL       _Lcd_Out
L_main43:
;Loop counter.c,125 :: 		delay_ms(300);
0x04A6	0x3004      	MOVLW      4
0x04A7	0x00FB      	MOVWF      R11
0x04A8	0x300C      	MOVLW      12
0x04A9	0x00FC      	MOVWF      R12
0x04AA	0x3033      	MOVLW      51
0x04AB	0x00FD      	MOVWF      R13
L_main44:
0x04AC	0x0BFD      	DECFSZ     R13, 1
0x04AD	0x2CAC      	GOTO       L_main44
0x04AE	0x0BFC      	DECFSZ     R12, 1
0x04AF	0x2CAC      	GOTO       L_main44
0x04B0	0x0BFB      	DECFSZ     R11, 1
0x04B1	0x2CAC      	GOTO       L_main44
0x04B2	0x0000      	NOP
0x04B3	0x0000      	NOP
;Loop counter.c,126 :: 		}
L_main41:
;Loop counter.c,127 :: 		if(IRF && counter.full < countup.full){
0x04B4	0x1D5B      	BTFSS      _IRF, BitPos(_IRF+0)
0x04B5	0x2CEE      	GOTO       L_main47
0x04B6	0x0864      	MOVF       _countup+1, 0
0x04B7	0x0266      	SUBWF      _counter+1, 0
0x04B8	0x1D03      	BTFSS      STATUS, 2
0x04B9	0x2CBC      	GOTO       L__main64
0x04BA	0x0863      	MOVF       _countup, 0
0x04BB	0x0265      	SUBWF      _counter, 0
L__main64:
0x04BC	0x1803      	BTFSC      STATUS, 0
0x04BD	0x2CEE      	GOTO       L_main47
L__main55:
;Loop counter.c,128 :: 		if(key == '5') counter.full--;
0x04BE	0x085A      	MOVF       _key, 0
0x04BF	0x3A35      	XORLW      53
0x04C0	0x1D03      	BTFSS      STATUS, 2
0x04C1	0x2CCF      	GOTO       L_main48
0x04C2	0x3001      	MOVLW      1
0x04C3	0x0265      	SUBWF      _counter, 0
0x04C4	0x00F0      	MOVWF      R0
0x04C5	0x3000      	MOVLW      0
0x04C6	0x1C03      	BTFSS      STATUS, 0
0x04C7	0x3E01      	ADDLW      1
0x04C8	0x0266      	SUBWF      _counter+1, 0
0x04C9	0x00F1      	MOVWF      R0+1
0x04CA	0x0870      	MOVF       R0, 0
0x04CB	0x00E5      	MOVWF      _counter
0x04CC	0x0871      	MOVF       R0+1, 0
0x04CD	0x00E6      	MOVWF      _counter+1
0x04CE	0x2CDB      	GOTO       L_main49
L_main48:
;Loop counter.c,129 :: 		else counter.full++;
0x04CF	0x0865      	MOVF       _counter, 0
0x04D0	0x3E01      	ADDLW      1
0x04D1	0x00F0      	MOVWF      R0
0x04D2	0x3000      	MOVLW      0
0x04D3	0x1803      	BTFSC      STATUS, 0
0x04D4	0x3E01      	ADDLW      1
0x04D5	0x0766      	ADDWF      _counter+1, 0
0x04D6	0x00F1      	MOVWF      R0+1
0x04D7	0x0870      	MOVF       R0, 0
0x04D8	0x00E5      	MOVWF      _counter
0x04D9	0x0871      	MOVF       R0+1, 0
0x04DA	0x00E6      	MOVWF      _counter+1
L_main49:
;Loop counter.c,130 :: 		EEPROM_write(0, counter.lsb);
0x04DB	0x1683      	BSF        STATUS, 5
0x04DC	0x01A7      	CLRF       FARG_EEPROM_Write_Address
0x04DD	0x1283      	BCF        STATUS, 5
0x04DE	0x0865      	MOVF       _counter, 0
0x04DF	0x1683      	BSF        STATUS, 5
0x04E0	0x00A8      	MOVWF      FARG_EEPROM_Write_data_
0x04E1	0x21B3      	CALL       _EEPROM_Write
;Loop counter.c,131 :: 		EEPROM_write(1, counter.msb);
0x04E2	0x3001      	MOVLW      1
0x04E3	0x1303      	BCF        STATUS, 6
0x04E4	0x00A7      	MOVWF      FARG_EEPROM_Write_Address
0x04E5	0x1283      	BCF        STATUS, 5
0x04E6	0x0865      	MOVF       _counter, 0
0x04E7	0x1683      	BSF        STATUS, 5
0x04E8	0x00A8      	MOVWF      FARG_EEPROM_Write_data_
0x04E9	0x21B3      	CALL       _EEPROM_Write
;Loop counter.c,132 :: 		IRF = 0;
0x04EA	0x1283      	BCF        STATUS, 5
0x04EB	0x1303      	BCF        STATUS, 6
0x04EC	0x115B      	BCF        _IRF, BitPos(_IRF+0)
;Loop counter.c,133 :: 		}
0x04ED	0x2CEF      	GOTO       L_main50
L_main47:
;Loop counter.c,134 :: 		else relay = 0;
0x04EE	0x1005      	BCF        RA0_bit, BitPos(RA0_bit+0)
L_main50:
;Loop counter.c,135 :: 		if(relay_f && counter.full < countup.full) relay = 1;
0x04EF	0x1C5B      	BTFSS      _relay_f, BitPos(_relay_f+0)
0x04F0	0x2CFA      	GOTO       L_main53
0x04F1	0x0864      	MOVF       _countup+1, 0
0x04F2	0x0266      	SUBWF      _counter+1, 0
0x04F3	0x1D03      	BTFSS      STATUS, 2
0x04F4	0x2CF7      	GOTO       L__main65
0x04F5	0x0863      	MOVF       _countup, 0
0x04F6	0x0265      	SUBWF      _counter, 0
L__main65:
0x04F7	0x1803      	BTFSC      STATUS, 0
0x04F8	0x2CFA      	GOTO       L_main53
L__main54:
0x04F9	0x1405      	BSF        RA0_bit, BitPos(RA0_bit+0)
L_main53:
;Loop counter.c,136 :: 		IntToStrWithZeros(counter.full, txt);
0x04FA	0x0865      	MOVF       _counter, 0
0x04FB	0x00EB      	MOVWF      FARG_IntToStrWithZeros_input
0x04FC	0x0866      	MOVF       _counter+1, 0
0x04FD	0x00EC      	MOVWF      FARG_IntToStrWithZeros_input+1
0x04FE	0x305C      	MOVLW      _txt
0x04FF	0x00ED      	MOVWF      FARG_IntToStrWithZeros_output
0x0500	0x2258      	CALL       _IntToStrWithZeros
;Loop counter.c,137 :: 		lcd_out(2,1, txt);
0x0501	0x3002      	MOVLW      2
0x0502	0x1683      	BSF        STATUS, 5
0x0503	0x00A7      	MOVWF      FARG_Lcd_Out_row
0x0504	0x3001      	MOVLW      1
0x0505	0x00A8      	MOVWF      FARG_Lcd_Out_column
0x0506	0x305C      	MOVLW      _txt
0x0507	0x00A9      	MOVWF      FARG_Lcd_Out_text
0x0508	0x213F      	CALL       _Lcd_Out
;Loop counter.c,138 :: 		}
0x0509	0x2C77      	GOTO       L_main37
;Loop counter.c,139 :: 		}
L_end_main:
0x050A	0x2D0A      	GOTO       $+0
; end of _main
0x054A	0x3020      	MOVLW      32
0x054B	0x0084      	MOVWF      FSR
0x054C	0x303A      	MOVLW      58
0x054D	0x1283      	BCF        STATUS, 5
0x054E	0x1303      	BCF        STATUS, 6
0x054F	0x00F0      	MOVWF      R0
0x0550	0x3010      	MOVLW      16
0x0551	0x00E7      	MOVWF      ___DoICPAddr
0x0552	0x3005      	MOVLW      5
0x0553	0x00E8      	MOVWF      104
0x0554	0x243F      	CALL       1087
0x0555	0x0008      	RETURN
;Loop counter.c,0 :: ?ICS?lstr1_Loop_32counter
0x0510	0x3443 ;?ICS?lstr1_Loop_32counter+0
0x0511	0x346F ;?ICS?lstr1_Loop_32counter+1
0x0512	0x3475 ;?ICS?lstr1_Loop_32counter+2
0x0513	0x346E ;?ICS?lstr1_Loop_32counter+3
0x0514	0x3474 ;?ICS?lstr1_Loop_32counter+4
0x0515	0x3475 ;?ICS?lstr1_Loop_32counter+5
0x0516	0x3470 ;?ICS?lstr1_Loop_32counter+6
0x0517	0x3420 ;?ICS?lstr1_Loop_32counter+7
0x0518	0x3474 ;?ICS?lstr1_Loop_32counter+8
0x0519	0x346F ;?ICS?lstr1_Loop_32counter+9
0x051A	0x343A ;?ICS?lstr1_Loop_32counter+10
0x051B	0x3400 ;?ICS?lstr1_Loop_32counter+11
; end of ?ICS?lstr1_Loop_32counter
;Loop counter.c,0 :: ?ICS?lstr5_Loop_32counter
0x051C	0x3452 ;?ICS?lstr5_Loop_32counter+0
0x051D	0x346C ;?ICS?lstr5_Loop_32counter+1
0x051E	0x3479 ;?ICS?lstr5_Loop_32counter+2
0x051F	0x344F ;?ICS?lstr5_Loop_32counter+3
0x0520	0x3446 ;?ICS?lstr5_Loop_32counter+4
0x0521	0x3446 ;?ICS?lstr5_Loop_32counter+5
0x0522	0x3400 ;?ICS?lstr5_Loop_32counter+6
; end of ?ICS?lstr5_Loop_32counter
;Loop counter.c,0 :: ?ICS?lstr4_Loop_32counter
0x0523	0x3452 ;?ICS?lstr4_Loop_32counter+0
0x0524	0x346C ;?ICS?lstr4_Loop_32counter+1
0x0525	0x3479 ;?ICS?lstr4_Loop_32counter+2
0x0526	0x344F ;?ICS?lstr4_Loop_32counter+3
0x0527	0x344E ;?ICS?lstr4_Loop_32counter+4
0x0528	0x3420 ;?ICS?lstr4_Loop_32counter+5
0x0529	0x3400 ;?ICS?lstr4_Loop_32counter+6
; end of ?ICS?lstr4_Loop_32counter
;Loop counter.c,0 :: ?ICS?lstr2_Loop_32counter
0x052A	0x344D ;?ICS?lstr2_Loop_32counter+0
0x052B	0x3469 ;?ICS?lstr2_Loop_32counter+1
0x052C	0x346E ;?ICS?lstr2_Loop_32counter+2
0x052D	0x3475 ;?ICS?lstr2_Loop_32counter+3
0x052E	0x3473 ;?ICS?lstr2_Loop_32counter+4
0x052F	0x3420 ;?ICS?lstr2_Loop_32counter+5
0x0530	0x3443 ;?ICS?lstr2_Loop_32counter+6
0x0531	0x346F ;?ICS?lstr2_Loop_32counter+7
0x0532	0x3475 ;?ICS?lstr2_Loop_32counter+8
0x0533	0x346E ;?ICS?lstr2_Loop_32counter+9
0x0534	0x3474 ;?ICS?lstr2_Loop_32counter+10
0x0535	0x3465 ;?ICS?lstr2_Loop_32counter+11
0x0536	0x3472 ;?ICS?lstr2_Loop_32counter+12
0x0537	0x343A ;?ICS?lstr2_Loop_32counter+13
0x0538	0x3400 ;?ICS?lstr2_Loop_32counter+14
; end of ?ICS?lstr2_Loop_32counter
;Loop counter.c,0 :: ?ICS?lstr3_Loop_32counter
0x0539	0x3457 ;?ICS?lstr3_Loop_32counter+0
0x053A	0x3469 ;?ICS?lstr3_Loop_32counter+1
0x053B	0x3472 ;?ICS?lstr3_Loop_32counter+2
0x053C	0x3465 ;?ICS?lstr3_Loop_32counter+3
0x053D	0x344C ;?ICS?lstr3_Loop_32counter+4
0x053E	0x346F ;?ICS?lstr3_Loop_32counter+5
0x053F	0x346F ;?ICS?lstr3_Loop_32counter+6
0x0540	0x3470 ;?ICS?lstr3_Loop_32counter+7
0x0541	0x3420 ;?ICS?lstr3_Loop_32counter+8
0x0542	0x3443 ;?ICS?lstr3_Loop_32counter+9
0x0543	0x346F ;?ICS?lstr3_Loop_32counter+10
0x0544	0x3475 ;?ICS?lstr3_Loop_32counter+11
0x0545	0x346E ;?ICS?lstr3_Loop_32counter+12
0x0546	0x3474 ;?ICS?lstr3_Loop_32counter+13
0x0547	0x3465 ;?ICS?lstr3_Loop_32counter+14
0x0548	0x3472 ;?ICS?lstr3_Loop_32counter+15
0x0549	0x3400 ;?ICS?lstr3_Loop_32counter+16
; end of ?ICS?lstr3_Loop_32counter
Symbol List:
//** Routines locations **
//ADDRESS    SIZE    PROCEDURE
//----------------------------------------------
0x0004      [18]    _interrupt
0x0016       [3]    _Delay_1us
0x0019      [13]    _Delay_5500us
0x0026       [7]    _Delay_50us
0x002D      [87]    _Lcd_Cmd
0x0084      [13]    _Delay_1ms
0x0091      [43]    _Mul_16X16_U
0x00BC      [15]    _isdigit
0x00CB     [107]    _kp_scan
0x0136       [9]    _Lcd_Chr_CP
0x013F      [67]    _Lcd_Out
0x0182      [13]    _kp_get_key
0x018F      [29]    _Div_16X16_U
0x01AC       [7]    _____DoICP
0x01B3      [35]    _EEPROM_Write
0x01D6      [17]    _Delay_1sec
0x01E7     [113]    _atoi
0x0258     [125]    _IntToStrWithZeros
0x02D5      [12]    _EEPROM_Read
0x02E1     [126]    _setup
0x035F     [131]    _decrease_counter
0x03E2      [15]    _kp_init
0x03F1      [78]    _Lcd_Init
0x043F      [12]    ___CC2DW
0x044B     [191]    _main
//** Variables locations ** 
//ADDRESS    SIZE    VARIABLE
//----------------------------------------------
0x0000       [1]    INDF
0x0002       [1]    PCL
0x0003       [1]    STATUS
0x0004       [1]    FSR
0x0005       [0]    relay
0x0005       [0]    RA0_bit
0x0006       [0]    LCD_RS
0x0006       [0]    LCD_D6
0x0006       [0]    LCD_D7
0x0006       [0]    LCD_D5
0x0006       [0]    LCD_EN
0x0006       [0]    LCD_D4
0x0006       [0]    RB5_bit
0x0006       [0]    RB4_bit
0x0006       [0]    RB7_bit
0x0006       [0]    RB6_bit
0x0006       [0]    RB3_bit
0x0006       [0]    RB2_bit
0x0007       [0]    RC3_bit
0x0007       [0]    RC2_bit
0x0007       [0]    RC1_bit
0x0007       [0]    RC4_bit
0x0007       [0]    RC6_bit
0x0007       [0]    RC5_bit
0x0007       [0]    RC0_bit
0x0007       [0]    kp_col1
0x0007       [0]    kp_col2
0x0007       [0]    kp_col3
0x0007       [0]    kp_row4
0x0007       [0]    kp_row1
0x0007       [0]    kp_row2
0x0007       [0]    kp_row3
0x000A       [1]    PCLATH
0x000B       [0]    INTE_bit
0x000B       [0]    INTF_bit
0x000B       [0]    GIE_bit
0x000B       [1]    INTCON
0x0020      [12]    ?lstr1_Loop_32counter
0x002C       [7]    ?lstr5_Loop_32counter
0x0033       [7]    ?lstr4_Loop_32counter
0x003A      [15]    ?lstr2_Loop_32counter
0x0049      [17]    ?lstr3_Loop_32counter
0x005A       [1]    _key
0x005B       [0]    __Lib_Lcd_cmd_status
0x005B       [0]    _IRF
0x005B       [0]    _relay_f
0x005C       [7]    _txt
0x0063       [2]    _countup
0x0065       [2]    _counter
0x0067       [2]    ___DoICPAddr
0x0069       [1]    ___saveSTATUS
0x006A       [1]    ___savePCLATH
0x006B       [1]    setup_x_L0
0x006B       [1]    decrease_counter_x_L0
0x006B       [1]    FARG_EEPROM_Read_Address
0x006B       [2]    FARG_IntToStrWithZeros_input
0x006D       [1]    FARG_IntToStrWithZeros_output
0x006E       [1]    IntToStrWithZeros_negative_L0
0x006F       [1]    IntToStrWithZeros_len_L0
0x0070       [1]    R0
0x0071       [1]    R1
0x0072       [1]    R2
0x0073       [1]    R3
0x0074       [1]    R4
0x0075       [1]    R5
0x0076       [1]    R6
0x0077       [1]    R7
0x0078       [1]    R8
0x0079       [1]    R9
0x007A       [1]    R10
0x007B       [1]    R11
0x007C       [1]    R12
0x007D       [1]    R13
0x007E       [1]    R14
0x007F       [1]    R15
0x0081       [0]    INTEDG_bit
0x0085       [0]    relay_dir
0x0085       [0]    TRISA0_bit
0x0086       [0]    LCD_D6_Direction
0x0086       [0]    LCD_D4_Direction
0x0086       [0]    LCD_RS_Direction
0x0086       [0]    LCD_EN_Direction
0x0086       [0]    LCD_D7_Direction
0x0086       [0]    TRISB2_bit
0x0086       [0]    TRISB7_bit
0x0086       [0]    TRISB5_bit
0x0086       [0]    TRISB6_bit
0x0086       [0]    LCD_D5_Direction
0x0086       [0]    TRISB3_bit
0x0086       [0]    TRISB4_bit
0x0087       [0]    TRISC1_bit
0x0087       [0]    TRISC6_bit
0x0087       [0]    TRISC5_bit
0x0087       [0]    TRISC2_bit
0x0087       [0]    TRISC3_bit
0x0087       [0]    TRISC4_bit
0x0087       [0]    kp_col1_dir
0x0087       [0]    kp_col2_dir
0x0087       [0]    kp_col3_dir
0x0087       [0]    TRISC0_bit
0x0087       [0]    kp_row1_dir
0x0087       [0]    kp_row3_dir
0x0087       [0]    kp_row4_dir
0x0087       [0]    kp_row2_dir
0x009F       [1]    ADCON1
0x00A0       [2]    IntToStrWithZeros_tmp_L0
0x00A0       [7]    setup_dta_L0
0x00A0       [7]    decrease_counter_dta_L0
0x00A2       [1]    FLOC__IntToStrWithZeros
0x00A7       [1]    FARG_atoi_s
0x00A7       [1]    FARG_EEPROM_Write_Address
0x00A7       [1]    kp_get_key_key_L0
0x00A7       [1]    FARG_Lcd_Out_row
0x00A8       [1]    FARG_Lcd_Out_column
0x00A8       [1]    FARG_EEPROM_Write_data_
0x00A8       [2]    atoi_c_L0
0x00A9       [1]    FARG_Lcd_Out_text
0x00AA       [1]    Lcd_Out_i_L0
0x00AA       [2]    atoi_a_L0
0x00AC       [2]    atoi_sign_L0
0x00AE       [1]    FARG_isdigit_character
0x00AE       [1]    FARG_Lcd_Chr_CP_out_char
0x00AE       [1]    kp_scan_key_L0
0x00AF       [1]    FARG_Lcd_Cmd_out_char
0x010C       [1]    EEDATA
0x010D       [1]    EEADR
0x018C       [1]    EECON1
0x018D       [1]    EECON2
//** Constants locations ** 
//ADDRESS    SIZE    CONSTANT
//----------------------------------------------
0x0510      [12]    ?ICS?lstr1_Loop_32counter
0x051C       [7]    ?ICS?lstr5_Loop_32counter
0x0523       [7]    ?ICS?lstr4_Loop_32counter
0x052A      [15]    ?ICS?lstr2_Loop_32counter
0x0539      [17]    ?ICS?lstr3_Loop_32counter
