MPASM  5.42                               A.S   7-6-2017  19:06:35         PAGE  1


LOC  OBJECT CODE     LINE SOURCE TEXT
  VALUE


                      00002         list
                      00003 ;{
                      00004 ;FILE F1 = C:\USERS\ANTOR\GOOGLE DRIVE\EMBEDDED PROJECTS\OTHERS\IR Relay TOGGLE T1\IR TOGGLE.BAS
                      00005 ;FILE F2 = C:\USERS\ANTOR\GOOGLE DRIVE\EMBEDDED PROJECTS\OTHERS\IR Relay TOGGLE T1\IR TOGGLE.PRP
                      00006 ;}
                      00007 ;[Variable Listing]
                      00008 ;IR,0038,DT_WORD,2
                      00009 ;cnt,003A,DT_BYTE,1
                      00010 ;mask,003B,DT_BYTE,1
                      00011 ;time,003C,DT_WORD,2
                      00012 ;temp,003E,DT_WORD,2
                      00013 ;TMR1IF,000C.0,DT_BIT
                      00014 ;TMR1IE,008C.0,DT_BIT
                      00015 ;Relay,0005.2,DT_BIT
                      00016 ;Led,0007.1,DT_BIT
                      00017 ;cmd,0038,DT_BYTE,1
                      00018 ;system_flag,0040.0,DT_BIT
                      00019 ;pause_flag,0040.1,DT_BIT
                      00020 ;timer_flag,0040.2,DT_BIT
                      00021 ;[End Listing]
                      00022 ;[TOTAL VARS] 33

                      00024 #define CONFIG_REQ 1
MESSAGE[308]: WARNING LEVEL SUPERSEDED BY COMMAND LINE VALUE. (2)
                      00025  LIST  P = 16F676, F = INHX8M, W = 2, X = ON, R = DEC, MM = ON, N = 0, C = 255
  00000000            00026 INDF equ 0X0000
  00000001            00027 TMR0 equ 0X0001
  00000002            00028 PCL equ 0X0002
  00000003            00029 STATUS equ 0X0003
  00000004            00030 FSR equ 0X0004
  00000005            00031 PORTA equ 0X0005
  00000006            00032 PORTB equ 0X0006
  00000007            00033 PORTC equ 0X0007
  0000000A            00034 PCLATH equ 0X000A
  0000000B            00035 INTCON equ 0X000B
  0000000C            00036 PIR1 equ 0X000C
  0000000E            00037 TMR1L equ 0X000E
  0000000F            00038 TMR1LH equ 0X000F
  0000000F            00039 TMR1H equ 0X000F
  00000010            00040 T1CON equ 0X0010
  00000019            00041 CMCON equ 0X0019
  0000001E            00042 ADRESLH equ 0X001E
  0000001E            00043 ADRESH equ 0X001E
  0000001F            00044 ADCON0 equ 0X001F
  00000081            00045 OPTION_REG equ 0X0081
  00000085            00046 TRISA equ 0X0085
  00000086            00047 TRISB equ 0X0086
  00000087            00048 TRISC equ 0X0087
  0000008C            00049 PIE1 equ 0X008C
  0000008E            00050 PCON equ 0X008E
  00000090            00051 OSCCAL equ 0X0090
  00000091            00052 ANSEL equ 0X0091
  00000095            00053 WPU equ 0X0095
  00000095            00054 WPUA equ 0X0095
  00000096            00055 IOC equ 0X0096
  00000096            00056 IOCA equ 0X0096
  00000099            00057 VRCON equ 0X0099
  0000009A            00058 EEDATL equ 0X009A
  0000009A            00059 EEDATA equ 0X009A
  0000009A            00060 EEDAT equ 0X009A
  0000009B            00061 EEADR equ 0X009B
  0000009C            00062 EECON1 equ 0X009C
  0000009D            00063 EECON2 equ 0X009D
  0000009E            00064 ADRESL equ 0X009E
  0000009F            00065 ADCON1 equ 0X009F
  00000007            00066 IRP=7
  00000006            00067 RP1=6
  00000005            00068 RP0=5
  00000004            00069 NOT_TO=4
  00000003            00070 NOT_PD=3
  00000002            00071 Z=2
  00000001            00072 DC=1
  00000000            00073 C=0
  00000007            00074 GIE=7
  00000006            00075 PEIE=6
  00000005            00076 T0IE=5
  00000004            00077 INTE=4
  00000003            00078 RAIE=3
  00000002            00079 T0IF=2
  00000001            00080 INTF=1
  00000000            00081 RAIF=0
  00000007            00082 EEIF=7
  00000006            00083 ADIF=6
  00000003            00084 CMIF=3
  00000000            00085 T1IF=0
  00000000            00086 TMR1IF=0
  00000006            00087 TMR1GE=6
  00000005            00088 T1CKPS1=5
  00000004            00089 T1CKPS0=4
  00000003            00090 T1OSCEN=3
  00000002            00091 NOT_T1SYNC=2
  00000001            00092 TMR1CS=1
  00000000            00093 TMR1ON=0
  00000006            00094 COUT=6
  00000004            00095 CINV=4
  00000003            00096 CIS=3
  00000002            00097 CM2=2
  00000001            00098 CM1=1
  00000000            00099 CM0=0
  00000007            00100 ADFM=7
  00000006            00101 VCFG=6
  00000004            00102 CHS2=4
  00000003            00103 CHS1=3
  00000002            00104 CHS0=2
  00000001            00105 GO=1
  00000001            00106 NOT_DONE=1
  00000001            00107 GO_DONE=1
  00000001            00108 PP_GO_DONE=1
  00000000            00109 ADON=0
  00000007            00110 NOT_GPPU=7
  00000007            00111 NOT_RAPU=7
  00000006            00112 INTEDG=6
  00000005            00113 T0CS=5
  00000004            00114 T0SE=4
  00000003            00115 PSA=3
  00000002            00116 PS2=2
  00000001            00117 PS1=1
  00000000            00118 PS0=0
  00000007            00119 EEIE=7
  00000006            00120 ADIE=6
  00000003            00121 CMIE=3
  00000000            00122 T1IE=0
  00000000            00123 TMR1IE=0
  00000001            00124 NOT_POR=1
  00000000            00125 NOT_BOD=0
  00000007            00126 CAL5=7
  00000006            00127 CAL4=6
  00000005            00128 CAL3=5
  00000004            00129 CAL2=4
  00000003            00130 CAL1=3
  00000002            00131 CAL0=2
  00000007            00132 ANS7=7
  00000006            00133 ANS6=6
  00000005            00134 ANS5=5
  00000004            00135 ANS4=4
  00000003            00136 ANS3=3
  00000002            00137 ANS2=2
  00000001            00138 ANS1=1
  00000000            00139 ANS0=0
  00000007            00140 VREN=7
  00000005            00141 VRR=5
  00000003            00142 VR3=3
  00000002            00143 VR2=2
  00000001            00144 VR1=1
  00000000            00145 VR0=0
  00000003            00146 WRERR=3
  00000003            00147 PP_WRERR=3
  00000002            00148 WREN=2
  00000002            00149 PP_WREN=2
  00000001            00150 WR=1
  00000001            00151 PP_WR=1
  00000000            00152 RD=0
  00000000            00153 PP_RD=0
  00000006            00154 ADCS2=6
  00000005            00155 ADCS1=5
  00000004            00156 ADCS0=4
  000000FF            00157   __MAXRAM 0XFF
                      00158   __BADRAM 0X06, 0X08-0X09, 0X0D, 0X11-0X18, 0X1A-0X1D, 0X60-0X7F
                      00159   __BADRAM 0X86, 0X88-0X89, 0X8D, 0X8F, 0X92-0X94, 0X97-0X98, 0XE0-0XFF
  00003EFF            00160 CPD_ON equ 0X3EFF
  00003FFF            00161 CPD_OFF equ 0X3FFF
  00003F7F            00162 CP_ON equ 0X3F7F
  00003FFF            00163 CP_OFF equ 0X3FFF
  00003FFF            00164 BODEN equ 0X3FFF
  00003FBF            00165 BODEN_OFF equ 0X3FBF
  00003FFF            00166 MCLRE_ON equ 0X3FFF
  00003FDF            00167 MCLRE_OFF equ 0X3FDF
  00003FFF            00168 PWRTE_OFF equ 0X3FFF
  00003FEF            00169 PWRTE_ON equ 0X3FEF
  00003FFF            00170 WDT_ON equ 0X3FFF
  00003FF7            00171 WDT_OFF equ 0X3FF7
  00003FF8            00172 LP_OSC equ 0X3FF8
  00003FF9            00173 XT_OSC equ 0X3FF9
  00003FFA            00174 HS_OSC equ 0X3FFA
  00003FFB            00175 EC_OSC equ 0X3FFB
  00003FFC            00176 INTRC_OSC_NOCLKOUT equ 0X3FFC
  00003FFD            00177 INTRC_OSC_CLKOUT equ 0X3FFD
  00003FFE            00178 EXTRC_OSC_NOCLKOUT equ 0X3FFE
  00003FFF            00179 EXTRC_OSC_CLKOUT equ 0X3FFF
  00000000            00180 WDTE_OFF equ 0X0000
  00000008            00181 WDTE_ON equ 0X0008
  00000003            00182 FOSC_EC equ 0X0003
  00000007            00183 FOSC_EXTRCCLK equ 0X0007
  00000006            00184 FOSC_EXTRCIO equ 0X0006
  00000002            00185 FOSC_HS equ 0X0002
  00000005            00186 FOSC_INTRCCLK equ 0X0005
  00000004            00187 FOSC_INTRCIO equ 0X0004
  00000000            00188 FOSC_LP equ 0X0000
  00000001            00189 FOSC_XT equ 0X0001
  00000000            00190 BOREN_OFF equ 0X0000
  00000040            00191 BOREN_ON equ 0X0040

                      00195 #define __16F676 1
                      00196 #define XTAL 20
                      00197 #define _CORE 14
                      00198 #define _MAXRAM 64
                      00199 #define _RAM_END 0X0040
                      00200 #define _MAXMEM 1024
                      00201 #define _ADC 8
                      00202 #define _ADC_RES 10
                      00203 #define _EEPROM 128
                      00204 #define _PAGES 1
                      00205 #define _BANKS 2
                      00206 #define RAM_BANKS 1
                      00207 #define _USART 0
                      00208 #define _USB 0
                      00209 #define _FLASH 0
                      00210 #define _CWRITE_BLOCK 0
                      00211 #define BANK0_START 0X20
                      00212 #define BANK0_END 0X5F
                      00213 #define _SYSTEM_VARIABLE_COUNT 24
  00000000            00214 ram_bank = 0
  00000000            00215 CURRENT@PAGE = 0
  00000000            00216 DEST@PAGE = 0
                      00217 #define LCD#TYPE 0
                      00219 f@call macro PDEST
                      00220 if(PDEST < 1)
                      00221 else
                      00222 if(PDEST > $)
                      00223 else
                      00224 endif
                      00225 endif
                      00226         call PDEST
                      00227         endm
                      00228 F@JUMP macro PDEST
                      00229 if(PDEST < 1)
                      00230 else
                      00231 if(PDEST > $)
                      00232 else
                      00233 endif
                      00234 endif
                      00235         goto PDEST
                      00236         endm
                      00237 set@page macro PDEST
                      00238         endm
                      00239 s@b     macro pVarin
                      00240 if((pVarin & 384) == 0)
                      00241 if(ram_bank == 1)
                      00242         bcf 3,5
                      00243 endif
                      00244 if(ram_bank == 2)
                      00245         bcf 3,6
                      00246 endif
                      00247 if(ram_bank == 3)
                      00248         bcf 3,5
                      00249         bcf 3,6
                      00250 endif
                      00251 ram_bank = 0
                      00252 endif
                      00253 if((pVarin & 384) == 128)
                      00254 if(ram_bank == 0)
                      00255         bsf 3,5
                      00256 endif
                      00257 if(ram_bank == 2)
                      00258         bsf 3,5
                      00259         bcf 3,6
                      00260 endif
                      00261 if(ram_bank == 3)
                      00262         bcf 3,6
                      00263 endif
                      00264 ram_bank = 1
                      00265 endif
                      00266 if((pVarin & 384) == 256)
                      00267 if(ram_bank == 0)
                      00268         bsf 3,6
                      00269 endif
                      00270 if(ram_bank == 1)
                      00271         bcf 3,5
                      00272         bsf 3,6
                      00273 endif
                      00274 if(ram_bank == 3)
                      00275         bcf 3,5
                      00276 endif
                      00277 ram_bank = 2
                      00278 endif
                      00279         endm
                      00280 r@b     macro
                      00281 if((ram_bank & 1) != 0)
                      00282         bcf 3,5
                      00283 endif
                      00284 if((ram_bank & 2) != 0)
                      00285         bcf 3,6
                      00286 endif
                      00287 ram_bank = 0
                      00288         endm
                      00289 jump macro PLABEL
                      00290     goto PLABEL
                      00291     endm
                      00292 wreg_byte macro pByteOut
                      00293     s@b pByteOut
                      00294     movwf pByteOut
                      00295     r@b
                      00296     endm
                      00297 wreg_bit macro pVarOut,pBitout
                      00298     s@b pVarOut
                      00299     andlw 1
                      00300     btfsc STATUS,2
                      00301     bcf pVarOut,pBitout
                      00302     btfss STATUS,2
                      00303     bsf pVarOut,pBitout
                      00304     r@b
                      00305     endm
                      00306 wreg_word macro pWordOut
                      00307     s@b pWordOut
                      00308     movwf pWordOut
                      00309     s@b pWordOut+1
                      00310     clrf pWordOut+1
                      00311     r@b
                      00312     endm
                      00313 wreg_dword macro pDwordOut
                      00314     s@b pDwordOut+3
                      00315     clrf pDwordOut+3
                      00316     s@b pDwordOut+2
                      00317     clrf pDwordOut+2
                      00318     s@b pDwordOut+1
                      00319     clrf pDwordOut+1
                      00320     s@b pDwordOut
                      00321     movwf pDwordOut
                      00322     r@b
                      00323     endm
                      00324 byte_wreg macro pByteIn
                      00325     s@b pByteIn
                      00326     movf pByteIn,W
                      00327     r@b
                      00328     endm
                      00329 num_wreg macro pNumIn
                      00330     movlw (pNumIn & 255)
                      00331     endm
                      00332 num_byte macro pNumIn,pByteOut
                      00333     s@b pByteOut
                      00334 if(pNumIn == 0)
                      00335     clrf pByteOut
                      00336 else
                      00337     movlw (pNumIn & 255)
                      00338     movwf pByteOut
                      00339 endif
                      00340     r@b
                      00341     endm
                      00342 num_bit macro pNumIn,pVarOut,pBitout
                      00343     s@b pVarOut
                      00344 if((pNumIn & 1) == 1)
                      00345     bsf pVarOut,pBitout
                      00346 else
                      00347     bcf pVarOut,pBitout
                      00348 endif
                      00349     r@b
                      00350     endm
                      00351 num_word macro pNumIn,pWordOut
                      00352 if((pNumIn & 255) == 0)
                      00353     s@b pWordOut
                      00354     clrf pWordOut
                      00355 else
                      00356     s@b pWordOut
                      00357     movlw low (pNumIn)
                      00358     movwf pWordOut
                      00359 endif
                      00360 if(((pNumIn >> 8) & 255) == 0)
                      00361     s@b pWordOut+1
                      00362     clrf pWordOut+1
                      00363 else
                      00364     s@b pWordOut+1
                      00365     movlw high (pNumIn)
                      00366     movwf pWordOut+1
                      00367 endif
                      00368     r@b
                      00369     endm
                      00370 num_dword macro pNumIn,pDwordOut
                      00371 if ((pNumIn >> 24 & 255) == 0)
                      00372     s@b pDwordOut+3
                      00373     clrf pDwordOut+3
                      00374 else
                      00375     s@b pDwordOut+3
                      00376     movlw ((pNumIn >> 24) & 255)
                      00377     movwf pDwordOut+3
                      00378 endif
                      00379 if( ((pNumIn >> 16) & 255) == 0)
                      00380     s@b pDwordOut+2
                      00381     clrf pDwordOut+2
                      00382 else
                      00383     s@b pDwordOut+2
                      00384     movlw ((pNumIn >> 16) & 255)
                      00385     movwf pDwordOut+2
                      00386 endif
                      00387 if( ((pNumIn >> 8) & 255) == 0)
                      00388     s@b pDwordOut+1
                      00389     clrf pDwordOut+1
                      00390 else
                      00391     s@b pDwordOut+1
                      00392     movlw high (pNumIn)
                      00393     movwf pDwordOut+1
                      00394 endif
                      00395 if((pNumIn & 255) == 0)
                      00396     s@b pDwordOut
                      00397     clrf pDwordOut
                      00398 else
                      00399     s@b pDwordOut
                      00400     movlw low (pNumIn)
                      00401     movwf pDwordOut
                      00402 endif
                      00403     r@b
                      00404     endm
                      00405 bit_wreg macro pVarin,pBitIn
                      00406     s@b pVarin
                      00407     clrw
                      00408     btfsc pVarin,pBitIn
                      00409     movlw 1
                      00410     r@b
                      00411     endm
                      00412 bit_byte macro pVarin,pBitIn,pByteOut
                      00413     s@b pVarin
                      00414     clrw
                      00415     btfsc pVarin,pBitIn
                      00416     movlw 1
                      00417     s@b pByteOut
                      00418     movwf pByteOut
                      00419     r@b
                      00420     endm
                      00421 bit_bit macro pVarin,pBitIn,pVarOut,pBitout
                      00422 if((pVarin & 65408) == (pVarOut & 65408))
                      00423     s@b pVarOut
                      00424     btfsc pVarin,pBitIn
                      00425     bsf pVarOut,pBitout
                      00426     btfss pVarin,pBitIn
                      00427     bcf pVarOut,pBitout
                      00428 else
                      00429     s@b pVarin
                      00430     clrdc
                      00431     btfsc pVarin,pBitIn
                      00432     setdc
                      00433     s@b pVarOut
                      00434     skpndc
                      00435     bsf pVarOut,pBitout
                      00436     skpdc
                      00437     bcf pVarOut,pBitout
                      00438 endif
                      00439     endm
                      00440 bit_word macro pVarin,pBitIn,pWordOut
                      00441     s@b pWordOut+1
                      00442     clrf pWordOut+1
                      00443     bit_byte pVarin,pBitIn,pWordOut
                      00444     endm
                      00445 bit_dword macro pVarin,pBitIn,pDwordOut
                      00446     s@b pDwordOut+3
                      00447     clrf pDwordOut+3
                      00448     s@b pDwordOut+2
                      00449     clrf pDwordOut+2
                      00450     s@b pDwordOut+1
                      00451     clrf pDwordOut+1
                      00452     bit_byte pVarin,pBitIn,pDwordOut
                      00453     endm
                      00454 word_wreg macro pWordIn
                      00455     byte_wreg pWordIn
                      00456     endm
                      00457 word_byte macro pWordIn,pByteOut
                      00458     byte_byte pWordIn,pByteOut
                      00459     endm
                      00460 word_bit macro pWordIn,pVarOut,pBitout
                      00461     byte_bit pWordIn, pVarOut, pBitout
                      00462     endm
                      00463 word_word macro pWordIn,pWordOut
                      00464     s@b pWordIn+1
                      00465     movf pWordIn+1,W
                      00466     s@b pWordOut+1
                      00467     movwf pWordOut+1
                      00468     byte_byte pWordIn,pWordOut
                      00469     endm
                      00470 word_dword macro pWordIn,pDwordOut
                      00471     s@b pDwordOut+3
                      00472     clrf pDwordOut+3
                      00473     s@b pDwordOut+2
                      00474     clrf pDwordOut+2
                      00475     byte_byte pWordIn+1,pDwordOut+1
                      00476     byte_byte pWordIn,pDwordOut
                      00477     endm
                      00478 byte_byte macro pByteIn,pByteOut
                      00479     s@b pByteIn
                      00480     movf pByteIn,W
                      00481     s@b pByteOut
                      00482     movwf pByteOut
                      00483     r@b
                      00484     endm
                      00485 byte_word macro pByteIn,pWordOut
                      00486     s@b pWordOut+1
                      00487     clrf pWordOut+1
                      00488     byte_byte pByteIn,pWordOut
                      00489     endm
                      00490 byte_dword macro pByteIn,pDwordOut
                      00491     s@b pDwordOut+3
                      00492     clrf pDwordOut+3
                      00493     s@b pDwordOut+2
                      00494     clrf pDwordOut+2
                      00495     s@b pDwordOut+1
                      00496     clrf pDwordOut+1
                      00497     byte_byte pByteIn,pDwordOut
                      00498     endm
                      00499     byte_bit macro pByteIn,pVarOut,pBitout
                      00500 if((pByteIn & 65408) == (pVarOut & 65408))
                      00501     s@b pByteIn
                      00502     btfsc pByteIn,0
                      00503     bsf pVarOut,pBitout
                      00504     btfss pByteIn,0
                      00505     bcf pVarOut,pBitout
                      00506 else
                      00507     s@b pByteIn
                      00508     rrf pByteIn,W
                      00509     s@b pVarOut
                      00510     skpnc
                      00511     bsf pVarOut,pBitout
                      00512     skpc
                      00513     bcf pVarOut,pBitout
                      00514 endif
                      00515     r@b
                      00516     endm
                      00517 dword_wreg macro pDwordIn
                      00518     byte_wreg pDwordIn
                      00519     endm
                      00520 dword_byte macro pDwordIn,pByteOut
                      00521     byte_byte pDwordIn,pByteOut
                      00522     endm
                      00523 dword_word macro pDwordIn,pWordOut
                      00524     s@b pDwordIn+1
                      00525     movf pDwordIn+1,W
                      00526     s@b pWordOut+1
                      00527     movwf pWordOut+1
                      00528     byte_byte pDwordIn,pWordOut
                      00529     endm
                      00530 dword_dword macro pDwordIn,pDwordOut
                      00531     byte_byte pDwordIn+3,pDwordOut+3
                      00532     byte_byte pDwordIn+2,pDwordOut+2
                      00533     byte_byte pDwordIn+1,pDwordOut+1
                      00534     byte_byte pDwordIn,pDwordOut
                      00535     endm
                      00536 dword_bit macro pDwordIn,pVarOut,pBitout
                      00537     byte_bit pDwordIn,pVarOut,pBitout
                      00538     endm
  0000                00539 variable CURRENT@PAGE = 0
  0000                00540 variable PDESTINATION@PAGE = 0
                      00541 FIND@PAGE macro pLabelIn
                      00542 local CURRENT_ADDR = $
                      00543 local DEST_ADDR = pLabelIn
                      00544 if((CURRENT_ADDR >= 0X1800) && (CURRENT_ADDR <= 0X2000))
                      00545     CURRENT@PAGE = 3
                      00546 endif
                      00547 if((CURRENT_ADDR >= 0X1000) && (CURRENT_ADDR <= 0X1800))
                      00548     CURRENT@PAGE = 2
                      00549 endif
                      00550 if((CURRENT_ADDR >= 0X0800) && (CURRENT_ADDR <= 0X1000))
                      00551     CURRENT@PAGE = 1
                      00552 endif
                      00553 if((CURRENT_ADDR >= 0) && (CURRENT_ADDR <= 0X0800))
                      00554     CURRENT@PAGE = 0
                      00555 endif
                      00556 if((DEST_ADDR >= 0X1800) && (DEST_ADDR <= 0X2000))
                      00557     PDESTINATION@PAGE = 3
                      00558 endif
                      00559 if((DEST_ADDR >= 0X1000) && (DEST_ADDR <= 0X1800))
                      00560     PDESTINATION@PAGE = 2
                      00561 endif
                      00562 if((DEST_ADDR >= 0X0800) && (DEST_ADDR <= 0X1000))
                      00563     PDESTINATION@PAGE = 1
                      00564 endif
                      00565 if((DEST_ADDR >= 0) && (DEST_ADDR <= 0X0800))
                      00566     PDESTINATION@PAGE = 0
                      00567 endif
                      00568     endm
                      00569 NUM_FSR macro pNumIn
                      00570     num_byte pNumIn, FSR
                      00571 if (((pNumIn >> 8) & 255) == 1)
                      00572     bsf STATUS,7
                      00573 else
                      00574     bcf STATUS,7
                      00575 endif
                      00576     endm
                      00577 label_word macro pLabelIn,pWordOut
                      00578     movlw low (pLabelIn)
                      00579     s@b pWordOut
                      00580     movwf pWordOut
                      00581     movlw high (pLabelIn)
                      00582     s@b pWordOut
                      00583     movwf pWordOut+1
                      00584     r@b
                      00585     endm
  00000020            00588 GEN = 32
  00000021            00589 GENH = 33
  00000022            00590 GPR = 34
  00000023            00591 PP0 = 35
  00000024            00592 PP0H = 36
  00000025            00593 PP1 = 37
  00000026            00594 PP1H = 38
  00000027            00595 PP2 = 39
  00000028            00596 PP2H = 40
  00000029            00597 PPZ = 41
  0000002A            00598 PPZH = 42
  0000002B            00599 PPZHH = 43
  0000002C            00600 PP_AARG = 44
  0000002D            00601 PP_AARGH = 45
  0000002E            00602 PP_AARGHH = 46
  0000002F            00603 PP_AARGHHH = 47
  00000030            00604 PP_BARG = 48
  00000031            00605 PP_BARGH = 49
  00000032            00606 PP_BARGHH = 50
  00000033            00607 PP_BARGHHH = 51
  00000034            00608 _BEXP = 52
  00000035            00609 _FP_FLAGS = 53
  00000036            00610 _FP_TEMP = 54
  00000037            00611 _SIGN = 55
  00000038            00612 IR = 56
  00000039            00613 IRH = 57
  0000003A            00614 cnt = 58
  0000003B            00615 mask = 59
  0000003C            00616 time = 60
  0000003D            00617 timeH = 61
  0000003E            00618 temp = 62
  0000003F            00619 tempH = 63
  00000040            00620 _B#VR1 = 64
                      00621 #define __SONYIN_PORT PORTC
                      00622 #define TMR1IF PIR1,0
                      00623 #define TMR1IE PIE1,0
                      00624 #define Relay PORTA,2
                      00625 #define Led PORTC,1
                      00626 #define cmd IR
                      00627 #define system_flag _B#VR1,0
                      00628 #define pause_flag _B#VR1,1
                      00629 #define timer_flag _B#VR1,2
                      00630 #define __XTAL 20
                      00631 #define __SONYIN_PIN 0
0000                  00632 proton#code#start
0000                  00633         org 0
0000   29B3           00634         goto proton#main#start
0004                  00635         org 4
0004   0008           00636         return
0005                  00637 P@INN
0005   2046           00638         call C@PIN
0006                  00639 P@IN
0006   00A0           00640         movwf 32
0007   1784           00641         bsf 4,7
0008   0480           00642         iorwf 0,F
0009   1384           00643         bcf 4,7
000A   01A5           00644         clrf 37
000B   1C23           00645         btfss 35,0
000C   00A5           00646         movwf 37
000D   2014           00647         call FL@ST
000E   1903           00648         skpnz
000F   2896           00649         goto I@NT
0010   2014           00650         call FL@ST
0011   1903           00651         skpnz
0012   2896           00652         goto I@NT
0013   2814           00653         goto FL@ST
0014                  00654 FL@ST
0014   0820           00655         movf 32,W
0015   06A5           00656         xorwf 37,F
0016   3001           00657         movlw 1
0017   00A3           00658         movwf 35
0018   01A4           00659         clrf 36
0019   0800           00660         movf 0,W
001A   0520           00661         andwf 32,W
001B   0625           00662         xorwf 37,W
001C   1D03           00663         skpz
001D   0008           00664         return
001E   0AA3           00665         incf 35,F
001F   1903           00666         skpnz
0020   0FA4           00667         incfsz 36,F
0021   2819           00668         goto $ - 8
0022   0008           00669         return
0023                  00670 CL@R
0023   0180           00671         clrf 0
0024   0A84           00672         incf 4,F
0025   3EFF           00673         addlw 255
0026   1D03           00674         skpz
0027   2823           00675         goto $ - 4
0028   2896           00676         goto I@NT
0029                  00677 DL@MS
0029   01A6           00678         clrf 38
002A                  00679 DLY@W
002A   00A5           00680         movwf 37
002B                  00681 DLY@P
002B   30FF           00682         movlw 255
002C   07A5           00683         addwf 37,F
002D   1C03           00684         skpc
002E   07A6           00685         addwf 38,F
002F   1C03           00686         skpc
0030   2896           00687         goto I@NT
0031   3003           00688         movlw 3
0032   00A4           00689         movwf 36
0033   30E6           00690         movlw 230
0034   2037           00691         call DLUS@W
0035   282B           00692         goto DLY@P
0036                  00693 DL@US
0036   01A4           00694         clrf 36
0037                  00695 DLUS@W
0037   3EFC           00696         addlw 252
0038   00A3           00697         movwf 35
0039   09A4           00698         comf 36,F
003A   1C03           00699         skpc
003B   2842           00700         goto $ + 7
003C   30FF           00701         movlw 255
003D   0000           00702         nop
003E   07A3           00703         addwf 35,F
003F   1803           00704         skpnc
0040   283D           00705         goto $ - 3
0041   07A3           00706         addwf 35,F
0042   0000           00707         nop
0043   0FA4           00708         incfsz 36,F
0044   283C           00709         goto $ - 8
0045   0008           00710         return
0046                  00711 C@PIN
0046   0080           00712         movwf 0
0047   3006           00713         movlw PORTB
0048   1980           00714         btfsc 0,3
0049   3005           00715         movlw PORTA
004A   0084           00716         movwf 4
004B                  00717 C@BT
004B   3000           00718         movlw (C@TBL >> 8)
004C   008A           00719         movwf 10
004D   0800           00720         movf 0,W
004E   3907           00721         andlw 7
004F   0782           00722         addwf 2,F
0050                  00723 C@TBL
0050   3401           00724         retlw 1
0051   3402           00725         retlw 2
0052   3404           00726         retlw 4
0053   3408           00727         retlw 8
0054   3410           00728         retlw 16
0055   3420           00729         retlw 32
0056   3440           00730         retlw 64
0057   3480           00731         retlw 128
0058                  00732 SNY@IN
0058   01A3           00733         clrf 35
0059   3007           00734         movlw PORTC
005A   1384           00735         bcf 4,7
005B   0084           00736         movwf 4
005C   3001           00737         movlw 1
005D   2006           00738         call P@IN
005E   3003           00739         movlw 3
005F   0224           00740         subwf 36,W
0060   1C03           00741         btfss 3,0
0061   2872           00742         goto SNYIN@LL7
0062   1D03           00743         btfss 3,2
0063   2868           00744         goto SNYIN@LB2
0064   30E8           00745         movlw 232
0065   0223           00746         subwf 35,W
0066   1C03           00747         btfss 3,0
0067   2872           00748         goto SNYIN@LL7
0068                  00749 SNYIN@LB2
0068   3005           00750         movlw 5
0069   0224           00751         subwf 36,W
006A   1C03           00752         btfss 3,0
006B   2877           00753         goto SNYIN@LL6
006C   1D03           00754         btfss 3,2
006D   2872           00755         goto SNYIN@LL7
006E   3046           00756         movlw 70
006F   0223           00757         subwf 35,W
0070   1C03           00758         btfss 3,0
0071   2877           00759         goto SNYIN@LL6
0072                  00760 SNYIN@LL7
0072   30FF           00761         movlw 255
0073   00A4           00762         movwf 36
0074   00A3           00763         movwf 35
0075   1403           00764         bsf 3,0
0076   2896           00765         goto I@NT
0077                  00766 SNYIN@LL6
0077   300B           00767         movlw 11
0078   00A2           00768         movwf 34
0079                  00769 SNYIN@RPT
0079   11A8           00770         bcf 40,3
007A   01A3           00771         clrf 35
007B   3001           00772         movlw 1
007C   2006           00773         call P@IN
007D   3001           00774         movlw 1
007E   0224           00775         subwf 36,W
007F   1C03           00776         btfss 3,0
0080   2887           00777         goto SNYIN@CLRB
0081   1D03           00778         btfss 3,2
0082   2886           00779         goto SNYIN@LB4
0083   30C2           00780         movlw 194
0084   0223           00781         subwf 35,W
0085   1803           00782         btfsc 3,0
0086                  00783 SNYIN@LB4
0086   15A8           00784         bsf 40,3
0087                  00785 SNYIN@CLRB
0087   1003           00786         bcf 3,0
0088   0CA8           00787         rrf 40,F
0089   0CA7           00788         rrf 39,F
008A   0BA2           00789         decfsz 34,F
008B   2879           00790         goto SNYIN@RPT
008C   307F           00791         movlw 127
008D   0527           00792         andwf 39,W
008E   00A3           00793         movwf 35
008F   1003           00794         bcf 3,0
0090   0DA7           00795         rlf 39,F
0091   0D28           00796         rlf 40,W
0092   391F           00797         andlw 31
0093   00A4           00798         movwf 36
0094   0823           00799         movf 35,W
0095   1003           00800         bcf 3,0
0096                  00801 I@NT
0096   1383           00802         bcf 3,7
0097                  00803 I@NT2
0097   1283           00804         bcf 3,5
0098   1303           00805         bcf 3,6
0099   0008           00806         return
009A                  00807 FPM@32
009A   082D           00808         movf 45,W
009B   00AB           00809         movwf 43
009C   0631           00810         xorwf 49,W
009D   00B7           00811         movwf 55
009E   082C           00812         movf 44,W
009F   3A00           00813         xorlw 0
00A0   1D03           00814         btfss 3,2
00A1   0830           00815         movf 48,W
00A2   3A00           00816         xorlw 0
00A3   1903           00817         btfsc 3,2
00A4   28EC           00818         goto FPM@RES0
00A5   07AC           00819         addwf 44,F
00A6   307E           00820         movlw 126
00A7   1C03           00821         btfss 3,0
00A8   28AD           00822         goto FPM@L3
00A9   02AC           00823         subwf 44,F
00AA   1803           00824         btfsc 3,0
00AB   28EE           00825         goto FPM@OVERFLOW
00AC   28B0           00826         goto FPM@L8
00AD                  00827 FPM@L3
00AD   02AC           00828         subwf 44,F
00AE   1C03           00829         btfss 3,0
00AF   28EB           00830         goto FPM@UNDERFLOW
00B0                  00831 FPM@L8
00B0   082F           00832         movf 47,W
00B1   00A9           00833         movwf 41
00B2   082E           00834         movf 46,W
00B3   00AA           00835         movwf 42
00B4   17AB           00836         bsf 43,7
00B5   17B1           00837         bsf 49,7
00B6   01AF           00838         clrf 47
00B7   01AE           00839         clrf 46
00B8   01AD           00840         clrf 45
00B9   3018           00841         movlw 24
00BA   00B6           00842         movwf 54
00BB                  00843 FPM@L9
00BB   0CAB           00844         rrf 43,F
00BC   0CAA           00845         rrf 42,F
00BD   0CA9           00846         rrf 41,F
00BE   1C03           00847         btfss 3,0
00BF   28CA           00848         goto FPM@L12
00C0   0833           00849         movf 51,W
00C1   07AF           00850         addwf 47,F
00C2   0832           00851         movf 50,W
00C3   1803           00852         btfsc 3,0
00C4   0F32           00853         incfsz 50,W
00C5   07AE           00854         addwf 46,F
00C6   0831           00855         movf 49,W
00C7   1803           00856         btfsc 3,0
00C8   0F31           00857         incfsz 49,W
00C9   07AD           00858         addwf 45,F
00CA                  00859 FPM@L12
00CA   0CAD           00860         rrf 45,F
00CB   0CAE           00861         rrf 46,F
00CC   0CAF           00862         rrf 47,F
00CD   0BB6           00863         decfsz 54,F
00CE   28BB           00864         goto FPM@L9
00CF   1BAD           00865         btfsc 45,7
00D0   28D9           00866         goto FPM@L14
00D1   0DAF           00867         rlf 47,F
00D2   0DAE           00868         rlf 46,F
00D3   0DAD           00869         rlf 45,F
00D4   08AC           00870         movf 44,F
00D5   1903           00871         btfsc 3,2
00D6   28EB           00872         goto FPM@UNDERFLOW
00D7   03AC           00873         decf 44,F
00D8   0D2B           00874         rlf 43,W
00D9                  00875 FPM@L14
00D9   1F35           00876         btfss 53,6
00DA   28EA           00877         goto FPM@L28
00DB   1C03           00878         btfss 3,0
00DC   28EA           00879         goto FPM@L28
00DD   0FAF           00880         incfsz 47,F
00DE   28EA           00881         goto FPM@L28
00DF   0FAE           00882         incfsz 46,F
00E0   28EA           00883         goto FPM@L28
00E1   0FAD           00884         incfsz 45,F
00E2   28EA           00885         goto FPM@L28
00E3   1403           00886         bsf 3,0
00E4   0CAD           00887         rrf 45,F
00E5   0CAE           00888         rrf 46,F
00E6   0CAF           00889         rrf 47,F
00E7   0AAC           00890         incf 44,F
00E8   1903           00891         btfsc 3,2
00E9   28EE           00892         goto FPM@OVERFLOW
00EA                  00893 FPM@L28
00EA   28F5           00894         goto FPM@SET_SIGN
00EB                  00895 FPM@UNDERFLOW
00EB   1535           00896         bsf 53,2
00EC                  00897 FPM@RES0
00EC   01AC           00898         clrf 44
00ED   28F1           00899         goto FPM@MANTISSA
00EE                  00900 FPM@OVERFLOW
00EE   14B5           00901         bsf 53,1
00EF   30FF           00902         movlw 255
00F0   00AC           00903         movwf 44
00F1                  00904 FPM@MANTISSA
00F1   01AF           00905         clrf 47
00F2   01AE           00906         clrf 46
00F3   3080           00907         movlw 128
00F4   00AD           00908         movwf 45
00F5                  00909 FPM@SET_SIGN
00F5   1BB7           00910         btfsc 55,7
00F6   28F8           00911         goto FPM@L30
00F7   13AD           00912         bcf 45,7
00F8                  00913 FPM@L30
00F8   2896           00914         goto I@NT
00F9                  00915 FL32@TOINT32
00F9   082D           00916         movf 45,W
00FA   00B7           00917         movwf 55
00FB   307F           00918         movlw 127
00FC   022C           00919         subwf 44,W
00FD   00B6           00920         movwf 54
00FE   1803           00921         btfsc 3,0
00FF   2902           00922         goto FI@L3
0100   3000           00923         movlw 0
0101   2956           00924         goto FI@ASSIGNW
0102                  00925 FI@L3
0102   17AD           00926         bsf 45,7
0103   01AC           00927         clrf 44
0104   01A9           00928         clrf 41
0105   0836           00929         movf 54,W
0106   3C17           00930         sublw 23
0107   00B6           00931         movwf 54
0108   1803           00932         btfsc 3,0
0109   2916           00933         goto FI@L5
010A   3008           00934         movlw 8
010B   07B6           00935         addwf 54,F
010C   1C03           00936         btfss 3,0
010D   2954           00937         goto FI@OVERFLOW
010E                  00938 FI@L7
010E   082D           00939         movf 45,W
010F   00AC           00940         movwf 44
0110   082E           00941         movf 46,W
0111   00AD           00942         movwf 45
0112   082F           00943         movf 47,W
0113   00AE           00944         movwf 46
0114   01AF           00945         clrf 47
0115   2923           00946         goto FI@L8
0116                  00947 FI@L5
0116   3008           00948         movlw 8
0117   02B6           00949         subwf 54,F
0118   1C03           00950         btfss 3,0
0119   2922           00951         goto FI@L10
011A   082F           00952         movf 47,W
011B   00A9           00953         movwf 41
011C   082E           00954         movf 46,W
011D   00AF           00955         movwf 47
011E   082D           00956         movf 45,W
011F   00AE           00957         movwf 46
0120   01AD           00958         clrf 45
0121   2916           00959         goto FI@L5
0122                  00960 FI@L10
0122   07B6           00961         addwf 54,F
0123                  00962 FI@L8
0123   08B6           00963         movf 54,F
0124   1903           00964         btfsc 3,2
0125   292E           00965         goto FI@L16
0126                  00966 FI@L15
0126   1003           00967         bcf 3,0
0127   0CAC           00968         rrf 44,F
0128   0CAD           00969         rrf 45,F
0129   0CAE           00970         rrf 46,F
012A   0CAF           00971         rrf 47,F
012B   0CA9           00972         rrf 41,F
012C   0BB6           00973         decfsz 54,F
012D   2926           00974         goto FI@L15
012E                  00975 FI@L16
012E   182C           00976         btfsc 44,0
012F   2954           00977         goto FI@OVERFLOW
0130   1F35           00978         btfss 53,6
0131   2939           00979         goto FI@L30
0132   1FA9           00980         btfss 41,7
0133   2939           00981         goto FI@L30
0134   0FAF           00982         incfsz 47,F
0135   2939           00983         goto FI@L30
0136   0FAE           00984         incfsz 46,F
0137   2939           00985         goto FI@L30
0138   0AAD           00986         incf 45,F
0139                  00987 FI@L30
0139   082C           00988         movf 44,W
013A   00A9           00989         movwf 41
013B   082F           00990         movf 47,W
013C   00AC           00991         movwf 44
013D   0829           00992         movf 41,W
013E   00AF           00993         movwf 47
013F   082D           00994         movf 45,W
0140   00A9           00995         movwf 41
0141   082E           00996         movf 46,W
0142   00AD           00997         movwf 45
0143   0829           00998         movf 41,W
0144   00AE           00999         movwf 46
0145   1FB7           01000         btfss 55,7
0146   2952           01001         goto FI@L32
0147   09AF           01002         comf 47,F
0148   09AE           01003         comf 46,F
0149   09AD           01004         comf 45,F
014A   09AC           01005         comf 44,F
014B   0FAC           01006         incfsz 44,F
014C   2952           01007         goto FI@L32
014D   0FAD           01008         incfsz 45,F
014E   2952           01009         goto FI@L32
014F   0AAE           01010         incf 46,F
0150   1903           01011         btfsc 3,2
0151   0AAF           01012         incf 47,F
0152                  01013 FI@L32
0152   082C           01014         movf 44,W
0153   2896           01015         goto I@NT
0154                  01016 FI@OVERFLOW
0154   16B5           01017         bsf 53,5
0155   30FF           01018         movlw 255
0156                  01019 FI@ASSIGNW
0156   00AF           01020         movwf 47
0157   00AE           01021         movwf 46
0158   00AD           01022         movwf 45
0159   00AC           01023         movwf 44
015A   2896           01024         goto I@NT
015B                  01025 INT16@TOFL32
015B   01AE           01026         clrf 46
015C   01AF           01027         clrf 47
015D                  01028 INT32@TOFL32
015D   3096           01029         movlw 150
015E   00B6           01030         movwf 54
015F   13B7           01031         bcf 55,7
0160   1FAF           01032         btfss 47,7
0161   296E           01033         goto IF@L5
0162   09AF           01034         comf 47,F
0163   09AE           01035         comf 46,F
0164   09AD           01036         comf 45,F
0165   09AC           01037         comf 44,F
0166   0FAC           01038         incfsz 44,F
0167   296D           01039         goto IF@L4
0168   0FAD           01040         incfsz 45,F
0169   296D           01041         goto IF@L4
016A   0AAE           01042         incf 46,F
016B   1903           01043         btfsc 3,2
016C   0AAF           01044         incf 47,F
016D                  01045 IF@L4
016D   17B7           01046         bsf 55,7
016E                  01047 IF@L5
016E   08AF           01048         movf 47,F
016F   1903           01049         btfsc 3,2
0170   2989           01050         goto IF@L7
0171   1F35           01051         btfss 53,6
0172   2980           01052         goto IF@L17
0173   1FAF           01053         btfss 47,7
0174   2980           01054         goto IF@L17
0175   0FAD           01055         incfsz 45,F
0176   2980           01056         goto IF@L17
0177   0FAE           01057         incfsz 46,F
0178   2980           01058         goto IF@L17
0179   0FAF           01059         incfsz 47,F
017A   2980           01060         goto IF@L17
017B   1403           01061         bsf 3,0
017C   0CAF           01062         rrf 47,F
017D   0CAE           01063         rrf 46,F
017E   0CAD           01064         rrf 45,F
017F   0AB6           01065         incf 54,F
0180                  01066 IF@L17
0180   3008           01067         movlw 8
0181   07B6           01068         addwf 54,F
0182   082D           01069         movf 45,W
0183   00AC           01070         movwf 44
0184   082E           01071         movf 46,W
0185   00AD           01072         movwf 45
0186   082F           01073         movf 47,W
0187   00AE           01074         movwf 46
0188   299E           01075         goto IF@L18
0189                  01076 IF@L7
0189   08AE           01077         movf 46,F
018A   1D03           01078         btfss 3,2
018B   299E           01079         goto IF@L18
018C   3008           01080         movlw 8
018D   02B6           01081         subwf 54,F
018E   082D           01082         movf 45,W
018F   1D03           01083         btfss 3,2
0190   299A           01084         goto IF@L20
0191   3008           01085         movlw 8
0192   02B6           01086         subwf 54,F
0193   082C           01087         movf 44,W
0194   1D03           01088         btfss 3,2
0195   2999           01089         goto IF@L22
0196   082F           01090         movf 47,W
0197   00B6           01091         movwf 54
0198   29A8           01092         goto IF@EXIT
0199                  01093 IF@L22
0199   01AC           01094         clrf 44
019A                  01095 IF@L20
019A   00AE           01096         movwf 46
019B   082C           01097         movf 44,W
019C   00AD           01098         movwf 45
019D   01AC           01099         clrf 44
019E                  01100 IF@L18
019E   1BAE           01101         btfsc 46,7
019F   29A6           01102         goto IF@L24
01A0   1003           01103         bcf 3,0
01A1   0DAC           01104         rlf 44,F
01A2   0DAD           01105         rlf 45,F
01A3   0DAE           01106         rlf 46,F
01A4   03B6           01107         decf 54,F
01A5   299E           01108         goto IF@L18
01A6                  01109 IF@L24
01A6   1FB7           01110         btfss 55,7
01A7   13AE           01111         bcf 46,7
01A8                  01112 IF@EXIT
01A8   082C           01113         movf 44,W
01A9   00AF           01114         movwf 47
01AA   0836           01115         movf 54,W
01AB   00AC           01116         movwf 44
01AC   082E           01117         movf 46,W
01AD   00B6           01118         movwf 54
01AE   082D           01119         movf 45,W
01AF   00AE           01120         movwf 46
01B0   0836           01121         movf 54,W
01B1   00AD           01122         movwf 45
01B2   2896           01123         goto I@NT
01B3                  01124 proton#main#start
01B3   0183           01125         clrf 3
01B4   3040           01126         movlw 64
01B5   00B5           01127         movwf 53

  000001B6            01130 F2_SOF equ $ ; IR TOGGLE.PRP
  000001B6            01131 F2_EOF equ $ ; IR TOGGLE.PRP
  000001B6            01132 F1_SOF equ $ ; IR TOGGLE.BAS
  000001B6            01133 F1_000012 equ $ ; IN [IR TOGGLE.BAS] ANSEL = 0
01B6   1683           01134         bsf STATUS,5
  00000001            01135 ram_bank = 1
01B7   0191           01136         clrf ANSEL
  000001B8            01137 F1_000014 equ $ ; IN [IR TOGGLE.BAS] INPUT PORTC.0
01B8   1407           01138         bsf TRISC,0
01B9   178B           01139         bsf INTCON,7
01BA   1283           01140         bcf STATUS,5
  00000000            01141 ram_bank = 0
01BB   29BF           01142         goto INT@LBL2
01BC                  01143 INT@LBL1
01BC   1B8B           01144         btfsc INTCON,7
01BD   0008           01145         return
01BE   2B0C           01146         goto timer
01BF                  01147 INT@LBL2
01BF   21BC           01148         call INT@LBL1
  000001C0            01149 F1_000021 equ $ ; IN [IR TOGGLE.BAS] OUTPUT Relay : OUTPUT Led
01C0   1683           01150         bsf STATUS,5
  00000001            01151 ram_bank = 1
01C1   1105           01152         bcf TRISA,2
01C2   1283           01153         bcf STATUS,5
  00000000            01154 ram_bank = 0
01C3   21BC           01155         call INT@LBL1
01C4   1683           01156         bsf STATUS,5
  00000001            01157 ram_bank = 1
01C5   1087           01158         bcf TRISC,1
01C6   1283           01159         bcf STATUS,5
  00000000            01160 ram_bank = 0
01C7   21BC           01161         call INT@LBL1
  000001C8            01162 F1_000032 equ $ ; IN [IR TOGGLE.BAS] CLEAR
01C8   0835           01163         movf _FP_FLAGS,W
01C9   00A0           01164         movwf 32
01CA   3021           01165         movlw 33
01CB   0084           01166         movwf FSR
01CC   3041           01167         movlw 65
01CD   2023           01168         call CL@R
01CE   0820           01169         movf 32,W
01CF   00B5           01170         movwf _FP_FLAGS
01D0   01A0           01171         clrf 32
01D1                  01172 start
01D1   21BC           01173         call INT@LBL1
  000001D2            01174 F1_000035 equ $ ; IN [IR TOGGLE.BAS] T1CON = $31
01D2   21BC           01175         call INT@LBL1
01D3   3031           01176         movlw 49
01D4   0090           01177         movwf T1CON
01D5   21BC           01178         call INT@LBL1
  000001D6            01179 F1_000036 equ $ ; IN [IR TOGGLE.BAS] TMR1IF = 0
01D6   21BC           01180         call INT@LBL1
01D7   100C           01181         bcf PIR1,0
01D8   21BC           01182         call INT@LBL1
  000001D9            01183 F1_000037 equ $ ; IN [IR TOGGLE.BAS] TMR1H = $0B
01D9   21BC           01184         call INT@LBL1
01DA   300B           01185         movlw 11
01DB   008F           01186         movwf TMR1H
01DC   21BC           01187         call INT@LBL1
  000001DD            01188 F1_000038 equ $ ; IN [IR TOGGLE.BAS] TMR1L = $DC
01DD   21BC           01189         call INT@LBL1
01DE   30DC           01190         movlw 220
01DF   008E           01191         movwf TMR1L
01E0   21BC           01192         call INT@LBL1
  000001E1            01193 F1_000039 equ $ ; IN [IR TOGGLE.BAS] TMR1IE = 1
01E1   21BC           01194         call INT@LBL1
01E2   1683           01195         bsf STATUS,5
  00000001            01196 ram_bank = 1
01E3   140C           01197         bsf PIE1,0
01E4   1283           01198         bcf STATUS,5
  00000000            01199 ram_bank = 0
01E5   21BC           01200         call INT@LBL1
  000001E6            01201 F1_000040 equ $ ; IN [IR TOGGLE.BAS] INTCON = $C0
01E6   21BC           01202         call INT@LBL1
01E7   30C0           01203         movlw 192
01E8   008B           01204         movwf INTCON
01E9   21BC           01205         call INT@LBL1
  000001EA            01206 F1_000041 equ $ ; IN [IR TOGGLE.BAS] cnt = 0
01EA   21BC           01207         call INT@LBL1
01EB   01BA           01208         clrf cnt
01EC   21BC           01209         call INT@LBL1
  000001ED            01210 F1_000042 equ $ ; IN [IR TOGGLE.BAS] temp = 0
01ED   21BC           01211         call INT@LBL1
01EE   01BF           01212         clrf tempH
01EF   01BE           01213         clrf temp
01F0   21BC           01214         call INT@LBL1
  000001F1            01215 F1_000043 equ $ ; IN [IR TOGGLE.BAS] timer_flag = 0
01F1   21BC           01216         call INT@LBL1
01F2   1140           01217         bcf _B#VR1,2
01F3   21BC           01218         call INT@LBL1
  000001F4            01219 F1_000045 equ $ ; IN [IR TOGGLE.BAS] while 1 = 1
01F4                  01220 BC@LL1
01F4   21BC           01221         call INT@LBL1
  000001F5            01222 F1_000046 equ $ ; IN [IR TOGGLE.BAS] GOSUB check_IR
01F5   2203           01223         call check_IR
01F6   21BC           01224         call INT@LBL1
  000001F7            01225 F1_000047 equ $ ; IN [IR TOGGLE.BAS] if system_flag = 1 THEN
01F7   1C40           01226         btfss _B#VR1,0
01F8   29FC           01227         goto BC@LL4
01F9   21BC           01228         call INT@LBL1
  000001FA            01229 F1_000048 equ $ ; IN [IR TOGGLE.BAS] GOSUB duty
01FA   224E           01230         call duty
01FB   2A02           01231         goto BC@LL5
01FC                  01232 BC@LL4
  000001FC            01233 F1_000049 equ $ ; IN [IR TOGGLE.BAS] else
01FC   21BC           01234         call INT@LBL1
  000001FD            01235 F1_000050 equ $ ; IN [IR TOGGLE.BAS] Relay = 0
01FD   21BC           01236         call INT@LBL1
01FE   1105           01237         bcf PORTA,2
01FF   21BC           01238         call INT@LBL1
  00000200            01239 F1_000051 equ $ ; IN [IR TOGGLE.BAS] Led = 0
0200   21BC           01240         call INT@LBL1
0201   1087           01241         bcf PORTC,1
  00000202            01242 F1_000052 equ $ ; IN [IR TOGGLE.BAS] endif
0202                  01243 BC@LL5
  00000202            01244 F1_000053 equ $ ; IN [IR TOGGLE.BAS] WEND
0202   29F4           01245         goto BC@LL1
0203                  01246 BC@LL2
0203                  01247 check_IR
0203   21BC           01248         call INT@LBL1
  00000204            01249 F1_000056 equ $ ; IN [IR TOGGLE.BAS] cmd = 255
0204   21BC           01250         call INT@LBL1
0205   30FF           01251         movlw 255
0206   00B8           01252         movwf IR
0207   21BC           01253         call INT@LBL1
  00000208            01254 F1_000057 equ $ ; IN [IR TOGGLE.BAS] IR = SONYIN
0208   21BC           01255         call INT@LBL1
0209   2058           01256         call SNY@IN
020A   00B8           01257         movwf IR
020B   0824           01258         movf PP0H,W
020C   00B9           01259         movwf IRH
020D   21BC           01260         call INT@LBL1
  0000020E            01261 F1_000058 equ $ ; IN [IR TOGGLE.BAS] if cmd = 0 THEN system_flag = 1 : DELAYMS 500
020E   08B8           01262         movf IR,F
020F   1D03           01263         btfss STATUS,2
0210   2A19           01264         goto BC@LL7
0211   21BC           01265         call INT@LBL1
0212   21BC           01266         call INT@LBL1
0213   1440           01267         bsf _B#VR1,0
0214   21BC           01268         call INT@LBL1
0215   3001           01269         movlw 1
0216   00A6           01270         movwf PP1H
0217   30F4           01271         movlw 244
0218   202A           01272         call DLY@W
0219                  01273 BC@LL7
0219   21BC           01274         call INT@LBL1
  0000021A            01275 F1_000059 equ $ ; IN [IR TOGGLE.BAS] if cmd = 2 THEN system_flag = 0 : DELAYMS 500
021A   3002           01276         movlw 2
021B   0238           01277         subwf IR,W
021C   1D03           01278         btfss STATUS,2
021D   2A26           01279         goto BC@LL9
021E   21BC           01280         call INT@LBL1
021F   21BC           01281         call INT@LBL1
0220   1040           01282         bcf _B#VR1,0
0221   21BC           01283         call INT@LBL1
0222   3001           01284         movlw 1
0223   00A6           01285         movwf PP1H
0224   30F4           01286         movlw 244
0225   202A           01287         call DLY@W
0226                  01288 BC@LL9
0226   21BC           01289         call INT@LBL1
  00000227            01290 F1_000060 equ $ ; IN [IR TOGGLE.BAS] if cmd = 6 THEN pause_flag = 1 : DELAYMS 500
0227   3006           01291         movlw 6
0228   0238           01292         subwf IR,W
0229   1D03           01293         btfss STATUS,2
022A   2A33           01294         goto BC@LL11
022B   21BC           01295         call INT@LBL1
022C   21BC           01296         call INT@LBL1
022D   14C0           01297         bsf _B#VR1,1
022E   21BC           01298         call INT@LBL1
022F   3001           01299         movlw 1
0230   00A6           01300         movwf PP1H
0231   30F4           01301         movlw 244
0232   202A           01302         call DLY@W
0233                  01303 BC@LL11
0233   21BC           01304         call INT@LBL1
  00000234            01305 F1_000061 equ $ ; IN [IR TOGGLE.BAS] if cmd = 8 THEN pause_flag = 0 : DELAYMS 500
0234   3008           01306         movlw 8
0235   0238           01307         subwf IR,W
0236   1D03           01308         btfss STATUS,2
0237   2A40           01309         goto BC@LL13
0238   21BC           01310         call INT@LBL1
0239   21BC           01311         call INT@LBL1
023A   10C0           01312         bcf _B#VR1,1
023B   21BC           01313         call INT@LBL1
023C   3001           01314         movlw 1
023D   00A6           01315         movwf PP1H
023E   30F4           01316         movlw 244
023F   202A           01317         call DLY@W
0240                  01318 BC@LL13
0240   21BC           01319         call INT@LBL1
  00000241            01320 F1_000062 equ $ ; IN [IR TOGGLE.BAS] if cmd = 9 THEN DELAYMS 300 : GOSUB reset_sys
0241   3009           01321         movlw 9
0242   0238           01322         subwf IR,W
0243   1D03           01323         btfss STATUS,2
0244   2A4C           01324         goto BC@LL15
0245   21BC           01325         call INT@LBL1
0246   3001           01326         movlw 1
0247   00A6           01327         movwf PP1H
0248   302C           01328         movlw 44
0249   202A           01329         call DLY@W
024A   21BC           01330         call INT@LBL1
024B   22CB           01331         call reset_sys
024C                  01332 BC@LL15
024C   21BC           01333         call INT@LBL1
  0000024D            01334 F1_000063 equ $ ; IN [IR TOGGLE.BAS] return
024D   0008           01335         return
024E                  01336 duty
024E   21BC           01337         call INT@LBL1
  0000024F            01338 F1_000066 equ $ ; IN [IR TOGGLE.BAS] Led = 1
024F   21BC           01339         call INT@LBL1
0250   1487           01340         bsf PORTC,1
0251   21BC           01341         call INT@LBL1
  00000252            01342 F1_000068 equ $ ; IN [IR TOGGLE.BAS] time = 34
0252   21BC           01343         call INT@LBL1
0253   01BD           01344         clrf timeH
0254   3022           01345         movlw 34
0255   00BC           01346         movwf time
0256   21BC           01347         call INT@LBL1
  00000257            01348 F1_000069 equ $ ; IN [IR TOGGLE.BAS] Relay = 1
0257   21BC           01349         call INT@LBL1
0258   1505           01350         bsf PORTA,2
0259   21BC           01351         call INT@LBL1
  0000025A            01352 F1_000070 equ $ ; IN [IR TOGGLE.BAS] GOSUB delay
025A   228F           01353         call delay
025B   21BC           01354         call INT@LBL1
  0000025C            01355 F1_000072 equ $ ; IN [IR TOGGLE.BAS] time = 100
025C   21BC           01356         call INT@LBL1
025D   01BD           01357         clrf timeH
025E   3064           01358         movlw 100
025F   00BC           01359         movwf time
0260   21BC           01360         call INT@LBL1
  00000261            01361 F1_000073 equ $ ; IN [IR TOGGLE.BAS] Relay = 0
0261   21BC           01362         call INT@LBL1
0262   1105           01363         bcf PORTA,2
0263   21BC           01364         call INT@LBL1
  00000264            01365 F1_000074 equ $ ; IN [IR TOGGLE.BAS] GOSUB delay
0264   228F           01366         call delay
0265   21BC           01367         call INT@LBL1
  00000266            01368 F1_000076 equ $ ; IN [IR TOGGLE.BAS] time = 130
0266   21BC           01369         call INT@LBL1
0267   01BD           01370         clrf timeH
0268   3082           01371         movlw 130
0269   00BC           01372         movwf time
026A   21BC           01373         call INT@LBL1
  0000026B            01374 F1_000077 equ $ ; IN [IR TOGGLE.BAS] Relay = 1
026B   21BC           01375         call INT@LBL1
026C   1505           01376         bsf PORTA,2
026D   21BC           01377         call INT@LBL1
  0000026E            01378 F1_000078 equ $ ; IN [IR TOGGLE.BAS] GOSUB delay
026E   228F           01379         call delay
026F   21BC           01380         call INT@LBL1
  00000270            01381 F1_000080 equ $ ; IN [IR TOGGLE.BAS] time = 81
0270   21BC           01382         call INT@LBL1
0271   01BD           01383         clrf timeH
0272   3051           01384         movlw 81
0273   00BC           01385         movwf time
0274   21BC           01386         call INT@LBL1
  00000275            01387 F1_000081 equ $ ; IN [IR TOGGLE.BAS] Relay = 0
0275   21BC           01388         call INT@LBL1
0276   1105           01389         bcf PORTA,2
0277   21BC           01390         call INT@LBL1
  00000278            01391 F1_000082 equ $ ; IN [IR TOGGLE.BAS] GOSUB delay
0278   228F           01392         call delay
0279   21BC           01393         call INT@LBL1
  0000027A            01394 F1_000084 equ $ ; IN [IR TOGGLE.BAS] time = 54
027A   21BC           01395         call INT@LBL1
027B   01BD           01396         clrf timeH
027C   3036           01397         movlw 54
027D   00BC           01398         movwf time
027E   21BC           01399         call INT@LBL1
  0000027F            01400 F1_000085 equ $ ; IN [IR TOGGLE.BAS] Relay = 1
027F   21BC           01401         call INT@LBL1
0280   1505           01402         bsf PORTA,2
0281   21BC           01403         call INT@LBL1
  00000282            01404 F1_000086 equ $ ; IN [IR TOGGLE.BAS] GOSUB delay
0282   228F           01405         call delay
0283   21BC           01406         call INT@LBL1
  00000284            01407 F1_000088 equ $ ; IN [IR TOGGLE.BAS] time = 40
0284   21BC           01408         call INT@LBL1
0285   01BD           01409         clrf timeH
0286   3028           01410         movlw 40
0287   00BC           01411         movwf time
0288   21BC           01412         call INT@LBL1
  00000289            01413 F1_000089 equ $ ; IN [IR TOGGLE.BAS] Relay = 0
0289   21BC           01414         call INT@LBL1
028A   1105           01415         bcf PORTA,2
028B   21BC           01416         call INT@LBL1
  0000028C            01417 F1_000090 equ $ ; IN [IR TOGGLE.BAS] GOSUB delay
028C   228F           01418         call delay
028D   21BC           01419         call INT@LBL1
  0000028E            01420 F1_000091 equ $ ; IN [IR TOGGLE.BAS] return
028E   0008           01421         return
028F                  01422 delay
028F   21BC           01423         call INT@LBL1
  00000290            01424 F1_000094 equ $ ; IN [IR TOGGLE.BAS] mask = time * 0.242
0290   21BC           01425         call INT@LBL1
0291   083C           01426         movf time,W
0292   00AC           01427         movwf PP_AARG
0293   083D           01428         movf timeH,W
0294   00AD           01429         movwf PP_AARGH
0295   215B           01430         call INT16@TOFL32
0296   30D9           01431         movlw 217
0297   00B3           01432         movwf PP_BARGHHH
0298   30CE           01433         movlw 206
0299   00B2           01434         movwf PP_BARGHH
029A   3077           01435         movlw 119
029B   00B1           01436         movwf PP_BARGH
029C   307C           01437         movlw 124
029D   00B0           01438         movwf PP_BARG
029E   209A           01439         call FPM@32
029F   20F9           01440         call FL32@TOINT32
02A0   00BB           01441         movwf mask
02A1   21BC           01442         call INT@LBL1
  000002A2            01443 F1_000095 equ $ ; IN [IR TOGGLE.BAS] time = time - mask
02A2   21BC           01444         call INT@LBL1
02A3   083B           01445         movf mask,W
02A4   02BC           01446         subwf time,F
02A5   1C03           01447         btfss STATUS,0
02A6   03BD           01448         decf timeH,F
02A7   21BC           01449         call INT@LBL1
  000002A8            01450 F1_000096 equ $ ; IN [IR TOGGLE.BAS] timer_flag = 1
02A8   21BC           01451         call INT@LBL1
02A9   1540           01452         bsf _B#VR1,2
02AA   21BC           01453         call INT@LBL1
  000002AB            01454 F1_000097 equ $ ; IN [IR TOGGLE.BAS] while temp != time
02AB                  01455 BC@LL16
02AB   083D           01456         movf timeH,W
02AC   023F           01457         subwf tempH,W
02AD   1D03           01458         btfss STATUS,2
02AE   2AB3           01459         goto CP@LB2
02AF   083C           01460         movf time,W
02B0   023E           01461         subwf temp,W
02B1   1903           01462         btfsc STATUS,2
02B2   2ABF           01463         goto BC@LL17
02B3                  01464 CP@LB2
02B3   21BC           01465         call INT@LBL1
  000002B4            01466 F1_000098 equ $ ; IN [IR TOGGLE.BAS] GOSUB check_IR
02B4   2203           01467         call check_IR
02B5   21BC           01468         call INT@LBL1
  000002B6            01469 F1_000099 equ $ ; IN [IR TOGGLE.BAS] if system_flag = 0 THEN BREAK
02B6   1840           01470         btfsc _B#VR1,0
02B7   2AB9           01471         goto BC@LL19
02B8   2ABF           01472         goto BC@LL17
02B9                  01473 BC@LL19
02B9   21BC           01474         call INT@LBL1
  000002BA            01475 F1_000100 equ $ ; IN [IR TOGGLE.BAS] if pause_flag = 1 THEN GOSUB hold
02BA   1CC0           01476         btfss _B#VR1,1
02BB   2ABE           01477         goto BC@LL21
02BC   21BC           01478         call INT@LBL1
02BD   22F0           01479         call hold
02BE                  01480 BC@LL21
  000002BE            01481 F1_000101 equ $ ; IN [IR TOGGLE.BAS] WEND
02BE   2AAB           01482         goto BC@LL16
02BF                  01483 BC@LL17
02BF   21BC           01484         call INT@LBL1
  000002C0            01485 F1_000102 equ $ ; IN [IR TOGGLE.BAS] cnt = 0
02C0   21BC           01486         call INT@LBL1
02C1   01BA           01487         clrf cnt
02C2   21BC           01488         call INT@LBL1
  000002C3            01489 F1_000103 equ $ ; IN [IR TOGGLE.BAS] temp = 0
02C3   21BC           01490         call INT@LBL1
02C4   01BF           01491         clrf tempH
02C5   01BE           01492         clrf temp
02C6   21BC           01493         call INT@LBL1
  000002C7            01494 F1_000104 equ $ ; IN [IR TOGGLE.BAS] timer_flag = 0
02C7   21BC           01495         call INT@LBL1
02C8   1140           01496         bcf _B#VR1,2
02C9   21BC           01497         call INT@LBL1
  000002CA            01498 F1_000105 equ $ ; IN [IR TOGGLE.BAS] return
02CA   0008           01499         return
02CB                  01500 reset_sys
02CB   21BC           01501         call INT@LBL1
  000002CC            01502 F1_000108 equ $ ; IN [IR TOGGLE.BAS] Relay = 0
02CC   21BC           01503         call INT@LBL1
02CD   1105           01504         bcf PORTA,2
02CE   21BC           01505         call INT@LBL1
  000002CF            01506 F1_000109 equ $ ; IN [IR TOGGLE.BAS] cnt = 0
02CF   21BC           01507         call INT@LBL1
02D0   01BA           01508         clrf cnt
02D1   21BC           01509         call INT@LBL1
  000002D2            01510 F1_000110 equ $ ; IN [IR TOGGLE.BAS] temp = 0
02D2   21BC           01511         call INT@LBL1
02D3   01BF           01512         clrf tempH
02D4   01BE           01513         clrf temp
02D5   21BC           01514         call INT@LBL1
  000002D6            01515 F1_000111 equ $ ; IN [IR TOGGLE.BAS] timer_flag = 0
02D6   21BC           01516         call INT@LBL1
02D7   1140           01517         bcf _B#VR1,2
02D8   21BC           01518         call INT@LBL1
  000002D9            01519 F1_000112 equ $ ; IN [IR TOGGLE.BAS] FOR cnt = 0 TO 5
02D9   01BA           01520         clrf cnt
02DA                  01521 FR@LB23
02DA   3006           01522         movlw 6
02DB   023A           01523         subwf cnt,W
02DC   1803           01524         btfsc STATUS,0
02DD   2AEA           01525         goto NX@LB24
02DE   21BC           01526         call INT@LBL1
  000002DF            01527 F1_000113 equ $ ; IN [IR TOGGLE.BAS] Led = ~Led
02DF   21BC           01528         call INT@LBL1
02E0   3002           01529         movlw 2
02E1   0687           01530         xorwf PORTC,F
02E2   21BC           01531         call INT@LBL1
  000002E3            01532 F1_000114 equ $ ; IN [IR TOGGLE.BAS] DELAYMS 200
02E3   30C8           01533         movlw 200
02E4   2029           01534         call DL@MS
02E5   21BC           01535         call INT@LBL1
02E6                  01536 CT@LB25
  000002E6            01537 F1_000115 equ $ ; IN [IR TOGGLE.BAS] NEXT
02E6   3001           01538         movlw 1
02E7   07BA           01539         addwf cnt,F
02E8   1C03           01540         btfss STATUS,0
02E9   2ADA           01541         goto FR@LB23
02EA                  01542 NX@LB24
02EA   21BC           01543         call INT@LBL1
  000002EB            01544 F1_000116 equ $ ; IN [IR TOGGLE.BAS] cmd = 255
02EB   21BC           01545         call INT@LBL1
02EC   30FF           01546         movlw 255
02ED   00B8           01547         movwf IR
02EE   21BC           01548         call INT@LBL1
  000002EF            01549 F1_000117 equ $ ; IN [IR TOGGLE.BAS] goto start
02EF   29D1           01550         goto start
02F0                  01551 hold
  000002F0            01552 F1_000121 equ $ ; IN [IR TOGGLE.BAS] REPEAT
02F0                  01553 BC@LL25
02F0   21BC           01554         call INT@LBL1
  000002F1            01555 F1_000122 equ $ ; IN [IR TOGGLE.BAS] timer_flag = 0
02F1   21BC           01556         call INT@LBL1
02F2   1140           01557         bcf _B#VR1,2
02F3   21BC           01558         call INT@LBL1
  000002F4            01559 F1_000123 equ $ ; IN [IR TOGGLE.BAS] Led = 1
02F4   21BC           01560         call INT@LBL1
02F5   1487           01561         bsf PORTC,1
02F6   21BC           01562         call INT@LBL1
  000002F7            01563 F1_000124 equ $ ; IN [IR TOGGLE.BAS] Relay = 0
02F7   21BC           01564         call INT@LBL1
02F8   1105           01565         bcf PORTA,2
02F9   21BC           01566         call INT@LBL1
  000002FA            01567 F1_000125 equ $ ; IN [IR TOGGLE.BAS] DELAYMS 100
02FA   3064           01568         movlw 100
02FB   2029           01569         call DL@MS
02FC   21BC           01570         call INT@LBL1
  000002FD            01571 F1_000126 equ $ ; IN [IR TOGGLE.BAS] Led = 0
02FD   21BC           01572         call INT@LBL1
02FE   1087           01573         bcf PORTC,1
02FF   21BC           01574         call INT@LBL1
  00000300            01575 F1_000127 equ $ ; IN [IR TOGGLE.BAS] DELAYMS 100
0300   3064           01576         movlw 100
0301   2029           01577         call DL@MS
0302   21BC           01578         call INT@LBL1
  00000303            01579 F1_000128 equ $ ; IN [IR TOGGLE.BAS] GOSUB check_IR
0303   2203           01580         call check_IR
0304   21BC           01581         call INT@LBL1
0305                  01582 BC@LL27
  00000305            01583 F1_000129 equ $ ; IN [IR TOGGLE.BAS] UNTIL pause_flag = 0
0305   18C0           01584         btfsc _B#VR1,1
0306   2AF0           01585         goto BC@LL25
0307                  01586 BC@LL26
0307   21BC           01587         call INT@LBL1
  00000308            01588 F1_000130 equ $ ; IN [IR TOGGLE.BAS] Led = 1
0308   21BC           01589         call INT@LBL1
0309   1487           01590         bsf PORTC,1
030A   21BC           01591         call INT@LBL1
  0000030B            01592 F1_000131 equ $ ; IN [IR TOGGLE.BAS] return
030B   0008           01593         return
  0000030C            01594 F1_000133 equ $ ; IN [IR TOGGLE.BAS] DISABLE
030C                  01595 timer
  0000030C            01596 F1_000135 equ $ ; IN [IR TOGGLE.BAS] if TMR1IF = 1 THEN
030C   1C0C           01597         btfss PIR1,0
030D   2B1E           01598         goto BC@LL29
  0000030E            01599 F1_000136 equ $ ; IN [IR TOGGLE.BAS] TMR1IF = 0
030E   100C           01600         bcf PIR1,0
  0000030F            01601 F1_000137 equ $ ; IN [IR TOGGLE.BAS] TMR1H = $0B
030F   300B           01602         movlw 11
0310   008F           01603         movwf TMR1H
  00000311            01604 F1_000138 equ $ ; IN [IR TOGGLE.BAS] TMR1L = $DC
0311   30DC           01605         movlw 220
0312   008E           01606         movwf TMR1L
  00000313            01607 F1_000139 equ $ ; IN [IR TOGGLE.BAS] if timer_flag = 1 THEN INC cnt
0313   1D40           01608         btfss _B#VR1,2
0314   2B16           01609         goto BC@LL31
0315   0ABA           01610         incf cnt,F
0316                  01611 BC@LL31
  00000316            01612 F1_000140 equ $ ; IN [IR TOGGLE.BAS] if cnt = 10 THEN cnt = 0 : INC temp
0316   300A           01613         movlw 10
0317   023A           01614         subwf cnt,W
0318   1D03           01615         btfss STATUS,2
0319   2B1E           01616         goto BC@LL33
031A   01BA           01617         clrf cnt
031B   0ABE           01618         incf temp,F
031C   1903           01619         btfsc STATUS,2
031D   0ABF           01620         incf tempH,F
031E                  01621 BC@LL33
  0000031E            01622 F1_000141 equ $ ; IN [IR TOGGLE.BAS] endif
031E                  01623 BC@LL29
  0000031E            01624 F1_000142 equ $ ; IN [IR TOGGLE.BAS] ENABLE
  0000031E            01625 F1_000143 equ $ ; IN [IR TOGGLE.BAS] RESUME
031E   0009           01626         retfie
  0000031F            01627 F1_EOF equ $ ; IR TOGGLE.BAS
031F                  01628 PB@LB35
031F   21BC           01629         call INT@LBL1
0320   2B1F           01630         goto PB@LB35
0321                  01632 __EOF
2007   0000           01633 __config FOSC_HS&WDTE_OFF&PWRTE_OFF&MCLRE_ON&BOREN_OFF&CP_ON&CPD_ON
                      01634         end
MPASM  5.42                               A.S   7-6-2017  19:06:35         PAGE  2


SYMBOL TABLE
  LABEL                             VALUE 

ADCON0                            0000001F
ADCON1                            0000009F
ADCS0                             00000004
ADCS1                             00000005
ADCS2                             00000006
ADFM                              00000007
ADIE                              00000006
ADIF                              00000006
ADON                              00000000
ADRESH                            0000001E
ADRESL                            0000009E
ADRESLH                           0000001E
ANS0                              00000000
ANS1                              00000001
ANS2                              00000002
ANS3                              00000003
ANS4                              00000004
ANS5                              00000005
ANS6                              00000006
ANS7                              00000007
ANSEL                             00000091
BANK0_END                         0X5F
BANK0_START                       0X20
BC@LL1                            000001F4
BC@LL11                           00000233
BC@LL13                           00000240
BC@LL15                           0000024C
BC@LL16                           000002AB
BC@LL17                           000002BF
BC@LL19                           000002B9
BC@LL2                            00000203
BC@LL21                           000002BE
BC@LL25                           000002F0
BC@LL26                           00000307
BC@LL27                           00000305
BC@LL29                           0000031E
BC@LL31                           00000316
BC@LL33                           0000031E
BC@LL4                            000001FC
BC@LL5                            00000202
BC@LL7                            00000219
BC@LL9                            00000226
BIT_BIT                           
BIT_BYTE                          
BIT_DWORD                         
BIT_WORD                          
BIT_WREG                          
BODEN                             00003FFF
BODEN_OFF                         00003FBF
BOREN_OFF                         00000000
BOREN_ON                          00000040
BYTE_BIT                          
BYTE_BYTE                         
BYTE_DWORD                        
BYTE_WORD                         
BYTE_WREG                         
C                                 00000000
C@BT                              0000004B
C@PIN                             00000046
C@TBL                             00000050
CAL0                              00000002
CAL1                              00000003
CAL2                              00000004
CAL3                              00000005
CAL4                              00000006
CAL5                              00000007
CHECK_IR                          00000203
CHS0                              00000002
CHS1                              00000003
CHS2                              00000004
CINV                              00000004
CIS                               00000003
CL@R                              00000023
CM0                               00000000
CM1                               00000001
CM2                               00000002
CMCON                             00000019
CMD                               IR
CMIE                              00000003
CMIF                              00000003
CNT                               0000003A
CONFIG_REQ                        1
COUT                              00000006
CP@LB2                            000002B3
CPD_OFF                           00003FFF
CPD_ON                            00003EFF
CP_OFF                            00003FFF
CP_ON                             00003F7F
CT@LB25                           000002E6
CURRENT@PAGE                      00000000
DC                                00000001
DELAY                             0000028F
DEST@PAGE                         00000000
DL@MS                             00000029
DL@US                             00000036
DLUS@W                            00000037
DLY@P                             0000002B
DLY@W                             0000002A
DUTY                              0000024E
DWORD_BIT                         
DWORD_BYTE                        
DWORD_DWORD                       
DWORD_WORD                        
DWORD_WREG                        
EC_OSC                            00003FFB
EEADR                             0000009B
EECON1                            0000009C
EECON2                            0000009D
EEDAT                             0000009A
EEDATA                            0000009A
EEDATL                            0000009A
EEIE                              00000007
EEIF                              00000007
EXTRC_OSC_CLKOUT                  00003FFF
EXTRC_OSC_NOCLKOUT                00003FFE
F1_000012                         000001B6
F1_000014                         000001B8
F1_000021                         000001C0
F1_000032                         000001C8
F1_000035                         000001D2
F1_000036                         000001D6
F1_000037                         000001D9
F1_000038                         000001DD
F1_000039                         000001E1
F1_000040                         000001E6
F1_000041                         000001EA
F1_000042                         000001ED
F1_000043                         000001F1
F1_000045                         000001F4
F1_000046                         000001F5
F1_000047                         000001F7
F1_000048                         000001FA
F1_000049                         000001FC
F1_000050                         000001FD
F1_000051                         00000200
F1_000052                         00000202
F1_000053                         00000202
F1_000056                         00000204
F1_000057                         00000208
F1_000058                         0000020E
F1_000059                         0000021A
F1_000060                         00000227
F1_000061                         00000234
F1_000062                         00000241
F1_000063                         0000024D
F1_000066                         0000024F
F1_000068                         00000252
F1_000069                         00000257
F1_000070                         0000025A
F1_000072                         0000025C
F1_000073                         00000261
F1_000074                         00000264
F1_000076                         00000266
F1_000077                         0000026B
F1_000078                         0000026E
F1_000080                         00000270
F1_000081                         00000275
F1_000082                         00000278
F1_000084                         0000027A
F1_000085                         0000027F
F1_000086                         00000282
F1_000088                         00000284
F1_000089                         00000289
F1_000090                         0000028C
F1_000091                         0000028E
F1_000094                         00000290
F1_000095                         000002A2
F1_000096                         000002A8
F1_000097                         000002AB
F1_000098                         000002B4
F1_000099                         000002B6
F1_000100                         000002BA
F1_000101                         000002BE
F1_000102                         000002C0
F1_000103                         000002C3
F1_000104                         000002C7
F1_000105                         000002CA
F1_000108                         000002CC
F1_000109                         000002CF
F1_000110                         000002D2
F1_000111                         000002D6
F1_000112                         000002D9
F1_000113                         000002DF
F1_000114                         000002E3
F1_000115                         000002E6
F1_000116                         000002EB
F1_000117                         000002EF
F1_000121                         000002F0
F1_000122                         000002F1
F1_000123                         000002F4
F1_000124                         000002F7
F1_000125                         000002FA
F1_000126                         000002FD
F1_000127                         00000300
F1_000128                         00000303
F1_000129                         00000305
F1_000130                         00000308
F1_000131                         0000030B
F1_000133                         0000030C
F1_000135                         0000030C
F1_000136                         0000030E
F1_000137                         0000030F
F1_000138                         00000311
F1_000139                         00000313
F1_000140                         00000316
F1_000141                         0000031E
F1_000142                         0000031E
F1_000143                         0000031E
F1_EOF                            0000031F
F1_SOF                            000001B6
F2_EOF                            000001B6
F2_SOF                            000001B6
F@CALL                            
F@JUMP                            
FI@ASSIGNW                        00000156
FI@L10                            00000122
FI@L15                            00000126
FI@L16                            0000012E
FI@L3                             00000102
FI@L30                            00000139
FI@L32                            00000152
FI@L5                             00000116
FI@L7                             0000010E
FI@L8                             00000123
FI@OVERFLOW                       00000154
FIND@PAGE                         
FL32@TOINT32                      000000F9
FL@ST                             00000014
FOSC_EC                           00000003
FOSC_EXTRCCLK                     00000007
FOSC_EXTRCIO                      00000006
FOSC_HS                           00000002
FOSC_INTRCCLK                     00000005
FOSC_INTRCIO                      00000004
FOSC_LP                           00000000
FOSC_XT                           00000001
FPM@32                            0000009A
FPM@L12                           000000CA
FPM@L14                           000000D9
FPM@L28                           000000EA
FPM@L3                            000000AD
FPM@L30                           000000F8
FPM@L8                            000000B0
FPM@L9                            000000BB
FPM@MANTISSA                      000000F1
FPM@OVERFLOW                      000000EE
FPM@RES0                          000000EC
FPM@SET_SIGN                      000000F5
FPM@UNDERFLOW                     000000EB
FR@LB23                           000002DA
FSR                               00000004
GEN                               00000020
GENH                              00000021
GIE                               00000007
GO                                00000001
GO_DONE                           00000001
GPR                               00000022
HOLD                              000002F0
HS_OSC                            00003FFA
I@NT                              00000096
I@NT2                             00000097
IF@EXIT                           000001A8
IF@L17                            00000180
IF@L18                            0000019E
IF@L20                            0000019A
IF@L22                            00000199
IF@L24                            000001A6
IF@L4                             0000016D
IF@L5                             0000016E
IF@L7                             00000189
INDF                              00000000
INT16@TOFL32                      0000015B
INT32@TOFL32                      0000015D
INT@LBL1                          000001BC
INT@LBL2                          000001BF
INTCON                            0000000B
INTE                              00000004
INTEDG                            00000006
INTF                              00000001
INTRC_OSC_CLKOUT                  00003FFD
INTRC_OSC_NOCLKOUT                00003FFC
IOC                               00000096
IOCA                              00000096
IR                                00000038
IRH                               00000039
IRP                               00000007
JUMP                              
LABEL_WORD                        
LCD#TYPE                          0
LED                               PORTC,1
LP_OSC                            00003FF8
MASK                              0000003B
MCLRE_OFF                         00003FDF
MCLRE_ON                          00003FFF
NOT_BOD                           00000000
NOT_DONE                          00000001
NOT_GPPU                          00000007
NOT_PD                            00000003
NOT_POR                           00000001
NOT_RAPU                          00000007
NOT_T1SYNC                        00000002
NOT_TO                            00000004
NUM_BIT                           
NUM_BYTE                          
NUM_DWORD                         
NUM_FSR                           
NUM_WORD                          
NUM_WREG                          
NX@LB24                           000002EA
OPTION_REG                        00000081
OSCCAL                            00000090
P@IN                              00000006
P@INN                             00000005
PAUSE_FLAG                        _B#VR1,1
PB@LB35                           0000031F
PCL                               00000002
PCLATH                            0000000A
PCON                              0000008E
PDESTINATION@PAGE                 00000000
PEIE                              00000006
PIE1                              0000008C
PIR1                              0000000C
PORTA                             00000005
PORTB                             00000006
PORTC                             00000007
PP0                               00000023
PP0H                              00000024
PP1                               00000025
PP1H                              00000026
PP2                               00000027
PP2H                              00000028
PPZ                               00000029
PPZH                              0000002A
PPZHH                             0000002B
PP_AARG                           0000002C
PP_AARGH                          0000002D
PP_AARGHH                         0000002E
PP_AARGHHH                        0000002F
PP_BARG                           00000030
PP_BARGH                          00000031
PP_BARGHH                         00000032
PP_BARGHHH                        00000033
PP_GO_DONE                        00000001
PP_RD                             00000000
PP_WR                             00000001
PP_WREN                           00000002
PP_WRERR                          00000003
PROTON#CODE#START                 00000000
PROTON#MAIN#START                 000001B3
PS0                               00000000
PS1                               00000001
PS2                               00000002
PSA                               00000003
PWRTE_OFF                         00003FFF
PWRTE_ON                          00003FEF
R@B                               
RAIE                              00000003
RAIF                              00000000
RAM_BANK                          00000000
RAM_BANKS                         1
RD                                00000000
RELAY                             PORTA,2
RESET_SYS                         000002CB
RP0                               00000005
RP1                               00000006
S@B                               
SET@PAGE                          
SNY@IN                            00000058
SNYIN@CLRB                        00000087
SNYIN@LB2                         00000068
SNYIN@LB4                         00000086
SNYIN@LL6                         00000077
SNYIN@LL7                         00000072
SNYIN@RPT                         00000079
START                             000001D1
STATUS                            00000003
SYSTEM_FLAG                       _B#VR1,0
T0CS                              00000005
T0IE                              00000005
T0IF                              00000002
T0SE                              00000004
T1CKPS0                           00000004
T1CKPS1                           00000005
T1CON                             00000010
T1IE                              00000000
T1IF                              00000000
T1OSCEN                           00000003
TEMP                              0000003E
TEMPH                             0000003F
TIME                              0000003C
TIMEH                             0000003D
TIMER                             0000030C
TIMER_FLAG                        _B#VR1,2
TMR0                              00000001
TMR1CS                            00000001
TMR1GE                            00000006
TMR1H                             0000000F
TMR1IE                            PIE1,0
TMR1IF                            PIR1,0
TMR1L                             0000000E
TMR1LH                            0000000F
TMR1ON                            00000000
TRISA                             00000085
TRISB                             00000086
TRISC                             00000087
VCFG                              00000006
VR0                               00000000
VR1                               00000001
VR2                               00000002
VR3                               00000003
VRCON                             00000099
VREN                              00000007
VRR                               00000005
WDTE_OFF                          00000000
WDTE_ON                           00000008
WDT_OFF                           00003FF7
WDT_ON                            00003FFF
WORD_BIT                          
WORD_BYTE                         
WORD_DWORD                        
WORD_WORD                         
WORD_WREG                         
WPU                               00000095
WPUA                              00000095
WR                                00000001
WREG_BIT                          
WREG_BYTE                         
WREG_DWORD                        
WREG_WORD                         
WREN                              00000002
WRERR                             00000003
XTAL                              20
XT_OSC                            00003FF9
Z                                 00000002
_ADC                              8
_ADC_RES                          10
_B#VR1                            00000040
_BANKS                            2
_BEXP                             00000034
_CORE                             14
_CWRITE_BLOCK                     0
_EEPROM                           128
_FLASH                            0
_FP_FLAGS                         00000035
_FP_TEMP                          00000036
_MAXMEM                           1024
_MAXRAM                           64
_PAGES                            1
_RAM_END                          0X0040
_SIGN                             00000037
_SYSTEM_VARIABLE_COUNT            24
_USART                            0
_USB                              0
__16F676                          1
__EOF                             00000321
__SONYIN_PIN                      0
__SONYIN_PORT                     PORTC
__XTAL                            20


MEMORY USAGE MAP ('X' = USED,  '-' = UNUSED)

0000 : X---XXXXXXXXXXXX XXXXXXXXXXXXXXXX XXXXXXXXXXXXXXXX XXXXXXXXXXXXXXXX
0040 : XXXXXXXXXXXXXXXX XXXXXXXXXXXXXXXX XXXXXXXXXXXXXXXX XXXXXXXXXXXXXXXX
0080 : XXXXXXXXXXXXXXXX XXXXXXXXXXXXXXXX XXXXXXXXXXXXXXXX XXXXXXXXXXXXXXXX
00C0 : XXXXXXXXXXXXXXXX XXXXXXXXXXXXXXXX XXXXXXXXXXXXXXXX XXXXXXXXXXXXXXXX
0100 : XXXXXXXXXXXXXXXX XXXXXXXXXXXXXXXX XXXXXXXXXXXXXXXX XXXXXXXXXXXXXXXX
0140 : XXXXXXXXXXXXXXXX XXXXXXXXXXXXXXXX XXXXXXXXXXXXXXXX XXXXXXXXXXXXXXXX
0180 : XXXXXXXXXXXXXXXX XXXXXXXXXXXXXXXX XXXXXXXXXXXXXXXX XXXXXXXXXXXXXXXX
01C0 : XXXXXXXXXXXXXXXX XXXXXXXXXXXXXXXX XXXXXXXXXXXXXXXX XXXXXXXXXXXXXXXX
0200 : XXXXXXXXXXXXXXXX XXXXXXXXXXXXXXXX XXXXXXXXXXXXXXXX XXXXXXXXXXXXXXXX
0240 : XXXXXXXXXXXXXXXX XXXXXXXXXXXXXXXX XXXXXXXXXXXXXXXX XXXXXXXXXXXXXXXX
0280 : XXXXXXXXXXXXXXXX XXXXXXXXXXXXXXXX XXXXXXXXXXXXXXXX XXXXXXXXXXXXXXXX
02C0 : XXXXXXXXXXXXXXXX XXXXXXXXXXXXXXXX XXXXXXXXXXXXXXXX XXXXXXXXXXXXXXXX
0300 : XXXXXXXXXXXXXXXX XXXXXXXXXXXXXXXX X--------------- ----------------
2000 : -------X-------- ---------------- ---------------- ----------------

ALL OTHER MEMORY BLOCKS UNUSED.

PROGRAM MEMORY WORDS USED:   798
PROGRAM MEMORY WORDS FREE:   226


ERRORS   :     0
WARNINGS :     0 REPORTED,    11 SUPPRESSED
MESSAGES :     1 REPORTED,     6 SUPPRESSED


