;  LST file generated by mikroListExporter - v.2.0 
; Date/Time: 21-Dec-17 7:57:21 AM
;----------------------------------------------

;Address Opcode 	ASM
0x0000	0x2B29      	GOTO       809
_Interrupt:
0x0004	0x00FF      	MOVWF      R15
0x0005	0x0E03      	SWAPF      STATUS, 0
0x0006	0x0183      	CLRF       STATUS
0x0007	0x00AA      	MOVWF      ___saveSTATUS
0x0008	0x080A      	MOVF       PCLATH, 0
0x0009	0x00AB      	MOVWF      ___savePCLATH
0x000A	0x018A      	CLRF       PCLATH
;motorAutomation.c,73 :: 		void Interrupt(){
;motorAutomation.c,74 :: 		if (TMR1IF_bit){
0x000B	0x1C0C      	BTFSS      TMR1IF_bit, BitPos(TMR1IF_bit+0)
0x000C	0x2818      	GOTO       L_Interrupt17
;motorAutomation.c,75 :: 		TMR1IF_bit = 0;
0x000D	0x100C      	BCF        TMR1IF_bit, BitPos(TMR1IF_bit+0)
;motorAutomation.c,76 :: 		TMR1H = 0x3C;
0x000E	0x303C      	MOVLW      60
0x000F	0x008F      	MOVWF      TMR1H
;motorAutomation.c,77 :: 		TMR1L = 0xB0;
0x0010	0x30B0      	MOVLW      176
0x0011	0x008E      	MOVWF      TMR1L
;motorAutomation.c,78 :: 		if(timer_flag) {ms++; anime++;}
0x0012	0x1CA6      	BTFSS      _timer_flag, BitPos(_timer_flag+0)
0x0013	0x2818      	GOTO       L_Interrupt18
0x0014	0x0AA2      	INCF       _ms, 1
0x0015	0x1903      	BTFSC      STATUS, 2
0x0016	0x0AA3      	INCF       _ms+1, 1
0x0017	0x0AA1      	INCF       _anime, 1
L_Interrupt18:
;motorAutomation.c,79 :: 		}
L_Interrupt17:
;motorAutomation.c,80 :: 		}
L_end_Interrupt:
L__Interrupt42:
0x0018	0x082B      	MOVF       ___savePCLATH, 0
0x0019	0x008A      	MOVWF      PCLATH
0x001A	0x0E2A      	SWAPF      ___saveSTATUS, 0
0x001B	0x0083      	MOVWF      STATUS
0x001C	0x0EFF      	SWAPF      R15, 1
0x001D	0x0E7F      	SWAPF      R15, 0
0x001E	0x0009      	RETFIE
; end of _Interrupt
_RES032:
;__Lib_MathDouble.c,123 :: 		
;__Lib_MathDouble.c,128 :: 		
0x001F	0x01F2      	CLRF       R2
;__Lib_MathDouble.c,129 :: 		
0x0020	0x01F1      	CLRF       R1
;__Lib_MathDouble.c,130 :: 		
0x0021	0x01F0      	CLRF       R0
;__Lib_MathDouble.c,131 :: 		
0x0022	0x01F8      	CLRF       R8
;__Lib_MathDouble.c,132 :: 		
0x0023	0x01F3      	CLRF       R3
;__Lib_MathDouble.c,133 :: 		
0x0024	0x3000      	MOVLW      0
;__Lib_MathDouble.c,135 :: 		
L_end_RES032:
0x0025	0x0008      	RETURN
; end of _RES032
_SETFUN32:
;__Lib_MathDouble.c,138 :: 		
;__Lib_MathDouble.c,145 :: 		
0x0026	0x157B      	BSF        R11, 2
;__Lib_MathDouble.c,146 :: 		
0x0027	0x1FFB      	BTFSS      R11, 7
;__Lib_MathDouble.c,147 :: 		
0x0028	0x2830      	GOTO       SETFUN32EEE
;__Lib_MathDouble.c,148 :: 		
0x0029	0x3001      	MOVLW      1
;__Lib_MathDouble.c,149 :: 		
0x002A	0x00F3      	MOVWF      R3
;__Lib_MathDouble.c,150 :: 		
0x002B	0x01F2      	CLRF       R2
;__Lib_MathDouble.c,151 :: 		
0x002C	0x01F1      	CLRF       R1
;__Lib_MathDouble.c,152 :: 		
0x002D	0x01F0      	CLRF       R0
;__Lib_MathDouble.c,153 :: 		
0x002E	0x0DFA      	RLF        R10, 1
;__Lib_MathDouble.c,154 :: 		
0x002F	0x0CF2      	RRF        R2, 1
;__Lib_MathDouble.c,155 :: 		
SETFUN32EEE:
;__Lib_MathDouble.c,156 :: 		
0x0030	0x30FF      	MOVLW      255
;__Lib_MathDouble.c,158 :: 		
L_end_SETFUN32:
0x0031	0x0008      	RETURN
; end of _SETFUN32
_FIXSIGN32:
;__Lib_MathDouble.c,112 :: 		
;__Lib_MathDouble.c,116 :: 		
0x0032	0x1FFA      	BTFSS      R10, 7
;__Lib_MathDouble.c,117 :: 		
0x0033	0x13F2      	BCF        R2, 7
;__Lib_MathDouble.c,118 :: 		
0x0034	0x3000      	MOVLW      0
;__Lib_MathDouble.c,120 :: 		
L_end_FIXSIGN32:
0x0035	0x0008      	RETURN
; end of _FIXSIGN32
_SETFOV32:
;__Lib_MathDouble.c,79 :: 		
;__Lib_MathDouble.c,86 :: 		
0x0036	0x14FB      	BSF        R11, 1
;__Lib_MathDouble.c,87 :: 		
0x0037	0x1FFB      	BTFSS      R11, 7
;__Lib_MathDouble.c,88 :: 		
0x0038	0x2840      	GOTO       SETFOV32EEE
;__Lib_MathDouble.c,89 :: 		
0x0039	0x30FF      	MOVLW      255
;__Lib_MathDouble.c,90 :: 		
0x003A	0x00F3      	MOVWF      R3
;__Lib_MathDouble.c,91 :: 		
0x003B	0x00F2      	MOVWF      R2
;__Lib_MathDouble.c,92 :: 		
0x003C	0x00F1      	MOVWF      R1
;__Lib_MathDouble.c,93 :: 		
0x003D	0x00F0      	MOVWF      R0
;__Lib_MathDouble.c,94 :: 		
0x003E	0x0DFA      	RLF        R10, 1
;__Lib_MathDouble.c,95 :: 		
0x003F	0x0CF2      	RRF        R2, 1
;__Lib_MathDouble.c,96 :: 		
SETFOV32EEE:
;__Lib_MathDouble.c,97 :: 		
0x0040	0x30FF      	MOVLW      255
;__Lib_MathDouble.c,99 :: 		
L_end_SETFOV32:
0x0041	0x0008      	RETURN
; end of _SETFOV32
_SETFDZ32:
;__Lib_MathDouble.c,102 :: 		
;__Lib_MathDouble.c,105 :: 		
0x0042	0x15FB      	BSF        R11, 3
;__Lib_MathDouble.c,106 :: 		
0x0043	0x30FF      	MOVLW      255
;__Lib_MathDouble.c,108 :: 		
L_end_SETFDZ32:
0x0044	0x0008      	RETURN
; end of _SETFDZ32
_SETIOV3224:
;__Lib_MathDouble.c,1000 :: 		
;__Lib_MathDouble.c,1006 :: 		
0x0045	0x147B      	BSF        R11, 0
;__Lib_MathDouble.c,1007 :: 		
0x0046	0x1FFB      	BTFSS      R11, 7
;__Lib_MathDouble.c,1008 :: 		
0x0047	0x2850      	GOTO       SETIOV3224EEE
;__Lib_MathDouble.c,1010 :: 		
0x0048	0x01F2      	CLRF       R2
;__Lib_MathDouble.c,1011 :: 		
0x0049	0x1FFA      	BTFSS      R10, 7
;__Lib_MathDouble.c,1012 :: 		
0x004A	0x30FF      	MOVLW      255
;__Lib_MathDouble.c,1013 :: 		
0x004B	0x00F2      	MOVWF      R2
;__Lib_MathDouble.c,1014 :: 		
0x004C	0x00F1      	MOVWF      R1
;__Lib_MathDouble.c,1015 :: 		
0x004D	0x00F0      	MOVWF      R0
;__Lib_MathDouble.c,1016 :: 		
0x004E	0x0DFA      	RLF        R10, 1
;__Lib_MathDouble.c,1017 :: 		
0x004F	0x0CF2      	RRF        R2, 1
;__Lib_MathDouble.c,1018 :: 		
SETIOV3224EEE:
;__Lib_MathDouble.c,1019 :: 		
0x0050	0x30FF      	MOVLW      255
;__Lib_MathDouble.c,1021 :: 		
L_end_SETIOV3224:
0x0051	0x0008      	RETURN
; end of _SETIOV3224
_Div_8X8_S:
;__Lib_Math.c,606 :: 		
;__Lib_Math.c,614 :: 		
0x0052	0x1283      	BCF        STATUS, 5
;__Lib_Math.c,615 :: 		
0x0053	0x1303      	BCF        STATUS, 6
;__Lib_Math.c,616 :: 		
0x0054	0x01FD      	CLRF       R13
;__Lib_Math.c,617 :: 		
0x0055	0x01F8      	CLRF       R8
;__Lib_Math.c,618 :: 		
0x0056	0x0870      	MOVF       R0, 0
;__Lib_Math.c,619 :: 		
0x0057	0x1903      	BTFSC      STATUS, 2
;__Lib_Math.c,620 :: 		
0x0058	0x3400      	RETLW      0
;__Lib_Math.c,621 :: 		
0x0059	0x0674      	XORWF      R4, 0
;__Lib_Math.c,622 :: 		
0x005A	0x00FA      	MOVWF      R10
;__Lib_Math.c,623 :: 		
0x005B	0x1BFA      	BTFSC      R10, 7
;__Lib_Math.c,624 :: 		
0x005C	0x09FD      	COMF       R13, 1
;__Lib_Math.c,625 :: 		
0x005D	0x01FB      	CLRF       R11
;__Lib_Math.c,626 :: 		
0x005E	0x1FF4      	BTFSS      R4, 7
;__Lib_Math.c,627 :: 		
0x005F	0x2862      	GOTO       $+3
;__Lib_Math.c,628 :: 		
0x0060	0x09F4      	COMF       R4, 1
;__Lib_Math.c,629 :: 		
0x0061	0x0AF4      	INCF       R4, 1
;__Lib_Math.c,630 :: 		
0x0062	0x1FF0      	BTFSS      R0, 7
;__Lib_Math.c,631 :: 		
0x0063	0x2866      	GOTO       $+3
;__Lib_Math.c,632 :: 		
0x0064	0x09F0      	COMF       R0, 1
;__Lib_Math.c,633 :: 		
0x0065	0x0AF0      	INCF       R0, 1
;__Lib_Math.c,634 :: 		
0x0066	0x0870      	MOVF       R0, 0
;__Lib_Math.c,635 :: 		
0x0067	0x0474      	IORWF      R4, 0
;__Lib_Math.c,636 :: 		
0x0068	0x00FA      	MOVWF      R10
;__Lib_Math.c,637 :: 		
0x0069	0x1BFA      	BTFSC      R10, 7
;__Lib_Math.c,638 :: 		
0x006A	0x288A      	GOTO       $+32
;__Lib_Math.c,639 :: 		
0x006B	0x0874      	MOVF       R4, 0
;__Lib_Math.c,640 :: 		
0x006C	0x02F8      	SUBWF      R8, 1
;__Lib_Math.c,641 :: 		
0x006D	0x0DF0      	RLF        R0, 1
;__Lib_Math.c,642 :: 		
0x006E	0x0D70      	RLF        R0, 0
;__Lib_Math.c,643 :: 		
0x006F	0x0DF8      	RLF        R8, 1
;__Lib_Math.c,644 :: 		
0x0070	0x0874      	MOVF       R4, 0
;__Lib_Math.c,645 :: 		
0x0071	0x07F8      	ADDWF      R8, 1
;__Lib_Math.c,646 :: 		
0x0072	0x0DF0      	RLF        R0, 1
;__Lib_Math.c,647 :: 		
0x0073	0x3006      	MOVLW      6
;__Lib_Math.c,648 :: 		
0x0074	0x00FC      	MOVWF      R12
;__Lib_Math.c,649 :: 		
0x0075	0x0D70      	RLF        R0, 0
;__Lib_Math.c,650 :: 		
0x0076	0x0DF8      	RLF        R8, 1
;__Lib_Math.c,651 :: 		
0x0077	0x0874      	MOVF       R4, 0
;__Lib_Math.c,652 :: 		
0x0078	0x1870      	BTFSC      R0, 0
;__Lib_Math.c,653 :: 		
0x0079	0x02F8      	SUBWF      R8, 1
;__Lib_Math.c,654 :: 		
0x007A	0x1C70      	BTFSS      R0, 0
;__Lib_Math.c,655 :: 		
0x007B	0x07F8      	ADDWF      R8, 1
;__Lib_Math.c,656 :: 		
0x007C	0x0DF0      	RLF        R0, 1
;__Lib_Math.c,657 :: 		
0x007D	0x0BFC      	DECFSZ     R12, 1
;__Lib_Math.c,658 :: 		
0x007E	0x2875      	GOTO       $-9
;__Lib_Math.c,659 :: 		
0x007F	0x1C70      	BTFSS      R0, 0
;__Lib_Math.c,660 :: 		
0x0080	0x07F8      	ADDWF      R8, 1
;__Lib_Math.c,661 :: 		
0x0081	0x187B      	BTFSC      R11, 0
;__Lib_Math.c,662 :: 		
0x0082	0x2898      	GOTO       $+22
;__Lib_Math.c,663 :: 		
0x0083	0x1FFD      	BTFSS      R13, 7
;__Lib_Math.c,664 :: 		
0x0084	0x3400      	RETLW      0
;__Lib_Math.c,665 :: 		
0x0085	0x09F0      	COMF       R0, 1
;__Lib_Math.c,666 :: 		
0x0086	0x0AF0      	INCF       R0, 1
;__Lib_Math.c,667 :: 		
0x0087	0x09F8      	COMF       R8, 1
;__Lib_Math.c,668 :: 		
0x0088	0x0AF8      	INCF       R8, 1
;__Lib_Math.c,669 :: 		
0x0089	0x3400      	RETLW      0
;__Lib_Math.c,670 :: 		
0x008A	0x1FF4      	BTFSS      R4, 7
;__Lib_Math.c,671 :: 		
0x008B	0x2895      	GOTO       $+10
;__Lib_Math.c,672 :: 		
0x008C	0x1BF0      	BTFSC      R0, 7
;__Lib_Math.c,673 :: 		
0x008D	0x2892      	GOTO       $+5
;__Lib_Math.c,674 :: 		
0x008E	0x0870      	MOVF       R0, 0
;__Lib_Math.c,675 :: 		
0x008F	0x00F8      	MOVWF      R8
;__Lib_Math.c,676 :: 		
0x0090	0x01F0      	CLRF       R0
;__Lib_Math.c,677 :: 		
0x0091	0x2883      	GOTO       $-14
;__Lib_Math.c,678 :: 		
0x0092	0x01F0      	CLRF       R0
;__Lib_Math.c,679 :: 		
0x0093	0x0AF0      	INCF       R0, 1
;__Lib_Math.c,680 :: 		
0x0094	0x3400      	RETLW      0
;__Lib_Math.c,681 :: 		
0x0095	0x09F0      	COMF       R0, 1
;__Lib_Math.c,682 :: 		
0x0096	0x0AFB      	INCF       R11, 1
;__Lib_Math.c,683 :: 		
0x0097	0x286B      	GOTO       $-44
;__Lib_Math.c,684 :: 		
0x0098	0x0AF8      	INCF       R8, 1
;__Lib_Math.c,685 :: 		
0x0099	0x0874      	MOVF       R4, 0
;__Lib_Math.c,686 :: 		
0x009A	0x0278      	SUBWF      R8, 0
;__Lib_Math.c,687 :: 		
0x009B	0x1D03      	BTFSS      STATUS, 2
;__Lib_Math.c,688 :: 		
0x009C	0x2883      	GOTO       $-25
;__Lib_Math.c,689 :: 		
0x009D	0x01F8      	CLRF       R8
;__Lib_Math.c,690 :: 		
0x009E	0x0AF0      	INCF       R0, 1
;__Lib_Math.c,691 :: 		
0x009F	0x1FF0      	BTFSS      R0, 7
;__Lib_Math.c,692 :: 		
0x00A0	0x2883      	GOTO       $-29
;__Lib_Math.c,693 :: 		
0x00A1	0x34FF      	RETLW      255
;__Lib_Math.c,695 :: 		
L_end_Div_8X8_S:
0x00A2	0x0008      	RETURN
; end of _Div_8X8_S
_NRM4032:
;__Lib_MathDouble.c,245 :: 		
;__Lib_MathDouble.c,252 :: 		
;__Lib_MathDouble.c,254 :: 		
0x00A3	0x187C      	BTFSC      R12, 0
;__Lib_MathDouble.c,255 :: 		
0x00A4	0x28D9      	GOTO       NRMRND4032
;__Lib_MathDouble.c,256 :: 		
0x00A5	0x18FC      	BTFSC      R12, 1
;__Lib_MathDouble.c,257 :: 		
0x00A6	0x28AA      	GOTO       NRM4032
;__Lib_MathDouble.c,258 :: 		
0x00A7	0x197C      	BTFSC      R12, 2
;__Lib_MathDouble.c,259 :: 		
0x00A8	0x28F8      	GOTO       JMPSETFOV32
;__Lib_MathDouble.c,260 :: 		
0x00A9	0x28A3      	GOTO       $-6
;__Lib_MathDouble.c,261 :: 		
NRM4032:
;__Lib_MathDouble.c,262 :: 		
0x00AA	0x01A0      	CLRF       __math_tempbD
;__Lib_MathDouble.c,263 :: 		
0x00AB	0x0872      	MOVF       R2, 0
;__Lib_MathDouble.c,264 :: 		
0x00AC	0x1D03      	BTFSS      STATUS, 2
;__Lib_MathDouble.c,265 :: 		
0x00AD	0x28CA      	GOTO       NORM4032
;__Lib_MathDouble.c,266 :: 		
0x00AE	0x0871      	MOVF       R1, 0
;__Lib_MathDouble.c,267 :: 		
0x00AF	0x00F2      	MOVWF      R2
;__Lib_MathDouble.c,268 :: 		
0x00B0	0x0870      	MOVF       R0, 0
;__Lib_MathDouble.c,269 :: 		
0x00B1	0x00F1      	MOVWF      R1
;__Lib_MathDouble.c,270 :: 		
0x00B2	0x0878      	MOVF       R8, 0
;__Lib_MathDouble.c,271 :: 		
0x00B3	0x00F0      	MOVWF      R0
;__Lib_MathDouble.c,272 :: 		
0x00B4	0x01F8      	CLRF       R8
;__Lib_MathDouble.c,273 :: 		
0x00B5	0x15A0      	BSF        __math_tempbD, 3
;__Lib_MathDouble.c,275 :: 		
0x00B6	0x0872      	MOVF       R2, 0
;__Lib_MathDouble.c,276 :: 		
0x00B7	0x1D03      	BTFSS      STATUS, 2
;__Lib_MathDouble.c,277 :: 		
0x00B8	0x28CA      	GOTO       NORM4032
;__Lib_MathDouble.c,278 :: 		
0x00B9	0x0871      	MOVF       R1, 0
;__Lib_MathDouble.c,279 :: 		
0x00BA	0x00F2      	MOVWF      R2
;__Lib_MathDouble.c,280 :: 		
0x00BB	0x0870      	MOVF       R0, 0
;__Lib_MathDouble.c,281 :: 		
0x00BC	0x00F1      	MOVWF      R1
;__Lib_MathDouble.c,282 :: 		
0x00BD	0x01F0      	CLRF       R0
;__Lib_MathDouble.c,283 :: 		
0x00BE	0x11A0      	BCF        __math_tempbD, 3
;__Lib_MathDouble.c,284 :: 		
0x00BF	0x1620      	BSF        __math_tempbD, 4
;__Lib_MathDouble.c,286 :: 		
0x00C0	0x0872      	MOVF       R2, 0
;__Lib_MathDouble.c,287 :: 		
0x00C1	0x1D03      	BTFSS      STATUS, 2
;__Lib_MathDouble.c,288 :: 		
0x00C2	0x28CA      	GOTO       NORM4032
;__Lib_MathDouble.c,289 :: 		
0x00C3	0x0871      	MOVF       R1, 0
;__Lib_MathDouble.c,290 :: 		
0x00C4	0x00F2      	MOVWF      R2
;__Lib_MathDouble.c,291 :: 		
0x00C5	0x01F1      	CLRF       R1
;__Lib_MathDouble.c,292 :: 		
0x00C6	0x15A0      	BSF        __math_tempbD, 3
;__Lib_MathDouble.c,294 :: 		
0x00C7	0x0872      	MOVF       R2, 0
;__Lib_MathDouble.c,295 :: 		
0x00C8	0x1903      	BTFSC      STATUS, 2
;__Lib_MathDouble.c,296 :: 		
0x00C9	0x28EC      	GOTO       JMPRES032
;__Lib_MathDouble.c,297 :: 		
NORM4032:
;__Lib_MathDouble.c,298 :: 		
0x00CA	0x0820      	MOVF       __math_tempbD, 0
;__Lib_MathDouble.c,299 :: 		
0x00CB	0x02F3      	SUBWF      R3, 1
;__Lib_MathDouble.c,300 :: 		
0x00CC	0x1D03      	BTFSS      STATUS, 2
;__Lib_MathDouble.c,301 :: 		
0x00CD	0x1C03      	BTFSS      STATUS, 0
;__Lib_MathDouble.c,302 :: 		
0x00CE	0x28F0      	GOTO       JMPSETFUN32
;__Lib_MathDouble.c,303 :: 		
0x00CF	0x1003      	BCF        STATUS, 0
;__Lib_MathDouble.c,304 :: 		
NORM4032A:
;__Lib_MathDouble.c,305 :: 		
0x00D0	0x1BF2      	BTFSC      R2, 7
;__Lib_MathDouble.c,306 :: 		
0x00D1	0x28D9      	GOTO       NRMRND4032
;__Lib_MathDouble.c,307 :: 		
0x00D2	0x0DF8      	RLF        R8, 1
;__Lib_MathDouble.c,308 :: 		
0x00D3	0x0DF0      	RLF        R0, 1
;__Lib_MathDouble.c,309 :: 		
0x00D4	0x0DF1      	RLF        R1, 1
;__Lib_MathDouble.c,310 :: 		
0x00D5	0x0DF2      	RLF        R2, 1
;__Lib_MathDouble.c,311 :: 		
0x00D6	0x0BF3      	DECFSZ     R3, 1
;__Lib_MathDouble.c,312 :: 		
0x00D7	0x28D0      	GOTO       NORM4032A
;__Lib_MathDouble.c,313 :: 		
0x00D8	0x28F0      	GOTO       JMPSETFUN32
;__Lib_MathDouble.c,314 :: 		
NRMRND4032:
;__Lib_MathDouble.c,315 :: 		
0x00D9	0x1B7B      	BTFSC      R11, 6
;__Lib_MathDouble.c,316 :: 		
0x00DA	0x1C70      	BTFSS      R0, 0
;__Lib_MathDouble.c,317 :: 		
0x00DB	0x28F4      	GOTO       JMPFIXSIGN32
;__Lib_MathDouble.c,318 :: 		
0x00DC	0x1FF8      	BTFSS      R8, 7
;__Lib_MathDouble.c,319 :: 		
0x00DD	0x28F4      	GOTO       JMPFIXSIGN32
;__Lib_MathDouble.c,320 :: 		
0x00DE	0x0AF0      	INCF       R0, 1
;__Lib_MathDouble.c,321 :: 		
0x00DF	0x1903      	BTFSC      STATUS, 2
;__Lib_MathDouble.c,322 :: 		
0x00E0	0x0AF1      	INCF       R1, 1
;__Lib_MathDouble.c,323 :: 		
0x00E1	0x1903      	BTFSC      STATUS, 2
;__Lib_MathDouble.c,324 :: 		
0x00E2	0x0AF2      	INCF       R2, 1
;__Lib_MathDouble.c,325 :: 		
0x00E3	0x1D03      	BTFSS      STATUS, 2
;__Lib_MathDouble.c,326 :: 		
0x00E4	0x28F4      	GOTO       JMPFIXSIGN32
;__Lib_MathDouble.c,327 :: 		
0x00E5	0x0CF2      	RRF        R2, 1
;__Lib_MathDouble.c,328 :: 		
0x00E6	0x0CF1      	RRF        R1, 1
;__Lib_MathDouble.c,329 :: 		
0x00E7	0x0CF0      	RRF        R0, 1
;__Lib_MathDouble.c,330 :: 		
0x00E8	0x0AF3      	INCF       R3, 1
;__Lib_MathDouble.c,331 :: 		
0x00E9	0x1903      	BTFSC      STATUS, 2
;__Lib_MathDouble.c,332 :: 		
0x00EA	0x28F8      	GOTO       JMPSETFOV32
;__Lib_MathDouble.c,333 :: 		
0x00EB	0x28F4      	GOTO       JMPFIXSIGN32
;__Lib_MathDouble.c,334 :: 		
JMPRES032:
;__Lib_MathDouble.c,335 :: 		
0x00EC	0x3001      	MOVLW      1
;__Lib_MathDouble.c,336 :: 		
0x00ED	0x00FC      	MOVWF      R12
;__Lib_MathDouble.c,338 :: 		
0x00EE	0x201F      	CALL       _RES032
;__Lib_MathDouble.c,340 :: 		
0x00EF	0x28FB      	GOTO       NRM4032EEE
;__Lib_MathDouble.c,341 :: 		
JMPSETFUN32:
;__Lib_MathDouble.c,342 :: 		
0x00F0	0x3002      	MOVLW      2
;__Lib_MathDouble.c,343 :: 		
0x00F1	0x00FC      	MOVWF      R12
;__Lib_MathDouble.c,345 :: 		
0x00F2	0x2026      	CALL       _SETFUN32
;__Lib_MathDouble.c,347 :: 		
0x00F3	0x28FB      	GOTO       NRM4032EEE
;__Lib_MathDouble.c,348 :: 		
JMPFIXSIGN32:
;__Lib_MathDouble.c,349 :: 		
0x00F4	0x3004      	MOVLW      4
;__Lib_MathDouble.c,350 :: 		
0x00F5	0x00FC      	MOVWF      R12
;__Lib_MathDouble.c,352 :: 		
0x00F6	0x2032      	CALL       _FIXSIGN32
;__Lib_MathDouble.c,354 :: 		
0x00F7	0x28FB      	GOTO       NRM4032EEE
;__Lib_MathDouble.c,355 :: 		
JMPSETFOV32:
;__Lib_MathDouble.c,356 :: 		
0x00F8	0x3008      	MOVLW      8
;__Lib_MathDouble.c,357 :: 		
0x00F9	0x00FC      	MOVWF      R12
;__Lib_MathDouble.c,359 :: 		
0x00FA	0x2036      	CALL       _SETFOV32
;__Lib_MathDouble.c,361 :: 		
NRM4032EEE:
;__Lib_MathDouble.c,362 :: 		
0x00FB	0x0000      	NOP
;__Lib_MathDouble.c,370 :: 		
L_end_NRM4032:
0x00FC	0x0008      	RETURN
; end of _NRM4032
_clear:
;motorAutomation.c,19 :: 		void clear(){
;motorAutomation.c,20 :: 		digit_1 = OFF; digit_2 = OFF; digit_3 = OFF;
0x00FD	0x1283      	BCF        STATUS, 5
0x00FE	0x1303      	BCF        STATUS, 6
0x00FF	0x1207      	BCF        RC4_bit, BitPos(RC4_bit+0)
0x0100	0x1287      	BCF        RC5_bit, BitPos(RC5_bit+0)
0x0101	0x1307      	BCF        RC6_bit, BitPos(RC6_bit+0)
;motorAutomation.c,21 :: 		}
L_end_clear:
0x0102	0x0008      	RETURN
; end of _clear
_____DoICP:
;__Lib_System.c,6 :: 		
;__Lib_System.c,9 :: 		
0x0103	0x1283      	BCF        STATUS, 5
0x0104	0x1303      	BCF        STATUS, 6
0x0105	0x0825      	MOVF       ___DoICPAddr+1, 0
0x0106	0x008A      	MOVWF      PCLATH
;__Lib_System.c,10 :: 		
0x0107	0x0824      	MOVF       ___DoICPAddr, 0
0x0108	0x0082      	MOVWF      PCL
;__Lib_System.c,12 :: 		
L_end_____DoICP:
0x0109	0x0008      	RETURN
; end of _____DoICP
_Delay_22us:
;__Lib_Delays.c,15 :: 		void Delay_22us() {
;__Lib_Delays.c,16 :: 		Delay_us(22);
0x010A	0x300E      	MOVLW      14
0x010B	0x1283      	BCF        STATUS, 5
0x010C	0x1303      	BCF        STATUS, 6
0x010D	0x00FD      	MOVWF      R13
L_Delay_22us1:
0x010E	0x0BFD      	DECFSZ     R13, 1
0x010F	0x290E      	GOTO       L_Delay_22us1
0x0110	0x0000      	NOP
;__Lib_Delays.c,17 :: 		}
L_end_Delay_22us:
0x0111	0x0008      	RETURN
; end of _Delay_22us
_double2byte:
;__Lib_MathDouble.c,1670 :: 		
;__Lib_MathDouble.c,1677 :: 		
0x0112	0x1283      	BCF        STATUS, 5
;__Lib_MathDouble.c,1678 :: 		
0x0113	0x1303      	BCF        STATUS, 6
;__Lib_MathDouble.c,1680 :: 		
0x0114	0x01FB      	CLRF       R11
;__Lib_MathDouble.c,1681 :: 		
0x0115	0x01FC      	CLRF       R12
;__Lib_MathDouble.c,1682 :: 		
0x0116	0x01FA      	CLRF       R10
;__Lib_MathDouble.c,1684 :: 		
0x0117	0x0873      	MOVF       R3, 0
;__Lib_MathDouble.c,1685 :: 		
0x0118	0x1903      	BTFSC      STATUS, 2
;__Lib_MathDouble.c,1686 :: 		
0x0119	0x293F      	GOTO       IRES008
;__Lib_MathDouble.c,1688 :: 		
0x011A	0x13FA      	BCF        R10, 7
;__Lib_MathDouble.c,1689 :: 		
0x011B	0x17F2      	BSF        R2, 7
;__Lib_MathDouble.c,1691 :: 		
0x011C	0x3086      	MOVLW      134
;__Lib_MathDouble.c,1692 :: 		
0x011D	0x02F3      	SUBWF      R3, 1
;__Lib_MathDouble.c,1693 :: 		
0x011E	0x1BF3      	BTFSC      R3, 7
;__Lib_MathDouble.c,1694 :: 		
0x011F	0x2923      	GOTO       SETEXP08
;__Lib_MathDouble.c,1695 :: 		
0x0120	0x1903      	BTFSC      STATUS, 2
;__Lib_MathDouble.c,1696 :: 		
0x0121	0x2923      	GOTO       SETEXP08
;__Lib_MathDouble.c,1697 :: 		
0x0122	0x2941      	GOTO       SETIOV08
;__Lib_MathDouble.c,1698 :: 		
SETEXP08:
;__Lib_MathDouble.c,1699 :: 		
0x0123	0x09F3      	COMF       R3, 1
;__Lib_MathDouble.c,1700 :: 		
0x0124	0x0AF3      	INCF       R3, 1
;__Lib_MathDouble.c,1702 :: 		
0x0125	0x3008      	MOVLW      8
;__Lib_MathDouble.c,1703 :: 		
0x0126	0x0273      	SUBWF      R3, 0
;__Lib_MathDouble.c,1704 :: 		
0x0127	0x1C03      	BTFSS      STATUS, 0
;__Lib_MathDouble.c,1705 :: 		
0x0128	0x2930      	GOTO       TSHIFT3208
;__Lib_MathDouble.c,1706 :: 		
0x0129	0x00F3      	MOVWF      R3
;__Lib_MathDouble.c,1707 :: 		
0x012A	0x0DF2      	RLF        R2, 1
;__Lib_MathDouble.c,1708 :: 		
0x012B	0x01F2      	CLRF       R2
;__Lib_MathDouble.c,1710 :: 		
0x012C	0x0873      	MOVF       R3, 0
;__Lib_MathDouble.c,1711 :: 		
0x012D	0x1D03      	BTFSS      STATUS, 2
;__Lib_MathDouble.c,1712 :: 		
0x012E	0x1003      	BCF        STATUS, 0
;__Lib_MathDouble.c,1713 :: 		
0x012F	0x2937      	GOTO       SHIFT3208OK
;__Lib_MathDouble.c,1714 :: 		
TSHIFT3208:
;__Lib_MathDouble.c,1715 :: 		
0x0130	0x0873      	MOVF       R3, 0
;__Lib_MathDouble.c,1716 :: 		
0x0131	0x1903      	BTFSC      STATUS, 2
;__Lib_MathDouble.c,1717 :: 		
0x0132	0x2937      	GOTO       SHIFT3208OK
;__Lib_MathDouble.c,1718 :: 		
SHIFT3208:
;__Lib_MathDouble.c,1719 :: 		
0x0133	0x1003      	BCF        STATUS, 0
;__Lib_MathDouble.c,1720 :: 		
0x0134	0x0CF2      	RRF        R2, 1
;__Lib_MathDouble.c,1721 :: 		
0x0135	0x0BF3      	DECFSZ     R3, 1
;__Lib_MathDouble.c,1722 :: 		
0x0136	0x2933      	GOTO       SHIFT3208
;__Lib_MathDouble.c,1723 :: 		
SHIFT3208OK:
;__Lib_MathDouble.c,1724 :: 		
0x0137	0x1B7B      	BTFSC      R11, 6
;__Lib_MathDouble.c,1725 :: 		
0x0138	0x1C72      	BTFSS      R2, 0
;__Lib_MathDouble.c,1726 :: 		
0x0139	0x293F      	GOTO       INT3208OK
;__Lib_MathDouble.c,1727 :: 		
0x013A	0x1C03      	BTFSS      STATUS, 0
;__Lib_MathDouble.c,1728 :: 		
0x013B	0x293F      	GOTO       INT3208OK
;__Lib_MathDouble.c,1729 :: 		
0x013C	0x0AF2      	INCF       R2, 1
;__Lib_MathDouble.c,1730 :: 		
0x013D	0x1903      	BTFSC      STATUS, 2
;__Lib_MathDouble.c,1731 :: 		
0x013E	0x2946      	GOTO       D2B_JPKSETIOV3224
;__Lib_MathDouble.c,1732 :: 		
INT3208OK:
;__Lib_MathDouble.c,1733 :: 		
IRES008:
;__Lib_MathDouble.c,1734 :: 		
0x013F	0x01F1      	CLRF       R1
;__Lib_MathDouble.c,1735 :: 		
0x0140	0x2949      	GOTO       INT3208EOK
;__Lib_MathDouble.c,1736 :: 		
SETIOV08:
;__Lib_MathDouble.c,1737 :: 		
0x0141	0x147B      	BSF        R11, 0
;__Lib_MathDouble.c,1738 :: 		
0x0142	0x1FFB      	BTFSS      R11, 7
;__Lib_MathDouble.c,1739 :: 		
0x0143	0x294C      	GOTO       INT3208EER
;__Lib_MathDouble.c,1741 :: 		
0x0144	0x01F1      	CLRF       R1
;__Lib_MathDouble.c,1742 :: 		
0x0145	0x294C      	GOTO       INT3208EER
;__Lib_MathDouble.c,1743 :: 		
D2B_JPKSETIOV3224:
;__Lib_MathDouble.c,1744 :: 		
0x0146	0x3001      	MOVLW      1
;__Lib_MathDouble.c,1745 :: 		
0x0147	0x00FC      	MOVWF      R12
;__Lib_MathDouble.c,1746 :: 		
0x0148	0x294E      	GOTO       INT3208EEE
;__Lib_MathDouble.c,1747 :: 		
INT3208EOK:
;__Lib_MathDouble.c,1748 :: 		
0x0149	0x3000      	MOVLW      0
;__Lib_MathDouble.c,1749 :: 		
0x014A	0x00FC      	MOVWF      R12
;__Lib_MathDouble.c,1750 :: 		
0x014B	0x294E      	GOTO       INT3208EEE
;__Lib_MathDouble.c,1751 :: 		
INT3208EER:
;__Lib_MathDouble.c,1752 :: 		
0x014C	0x30FF      	MOVLW      255
;__Lib_MathDouble.c,1753 :: 		
0x014D	0x00FC      	MOVWF      R12
;__Lib_MathDouble.c,1754 :: 		
INT3208EEE:
;__Lib_MathDouble.c,1757 :: 		
0x014E	0x08FC      	MOVF       R12, 1
;__Lib_MathDouble.c,1759 :: 		
0x014F	0x1903      	BTFSC      STATUS, 2
;__Lib_MathDouble.c,1760 :: 		
0x0150	0x2952      	GOTO       L_Double2Byte_0
;__Lib_MathDouble.c,1762 :: 		
0x0151	0x2045      	CALL       _SETIOV3224
;__Lib_MathDouble.c,1764 :: 		
L_Double2Byte_0:
;__Lib_MathDouble.c,1765 :: 		
0x0152	0x0872      	MOVF       R2, 0
;__Lib_MathDouble.c,1766 :: 		
0x0153	0x00F0      	MOVWF      R0
;__Lib_MathDouble.c,1770 :: 		
L_end_double2byte:
0x0154	0x0008      	RETURN
; end of _double2byte
_ADC_Read:
;__Lib_ADC_A_A.c,39 :: 		
;__Lib_ADC_A_A.c,41 :: 		
0x0155	0x1283      	BCF        STATUS, 5
0x0156	0x1303      	BCF        STATUS, 6
0x0157	0x019F      	CLRF       ADCON0
;__Lib_ADC_A_A.c,42 :: 		
0x0158	0x30C0      	MOVLW      192
0x0159	0x049F      	IORWF      ADCON0, 1
;__Lib_ADC_A_A.c,43 :: 		
0x015A	0x082C      	MOVF       FARG_ADC_Read_channel, 0
0x015B	0x00F0      	MOVWF      R0
0x015C	0x0DF0      	RLF        R0, 1
0x015D	0x1070      	BCF        R0, 0
0x015E	0x0DF0      	RLF        R0, 1
0x015F	0x1070      	BCF        R0, 0
0x0160	0x0DF0      	RLF        R0, 1
0x0161	0x1070      	BCF        R0, 0
0x0162	0x0870      	MOVF       R0, 0
0x0163	0x049F      	IORWF      ADCON0, 1
;__Lib_ADC_A_A.c,44 :: 		
0x0164	0x141F      	BSF        ADCON0, 0
;__Lib_ADC_A_A.c,47 :: 		
0x0165	0x210A      	CALL       _Delay_22us
;__Lib_ADC_A_A.c,50 :: 		
0x0166	0x151F      	BSF        ADCON0, 2
;__Lib_ADC_A_A.c,53 :: 		
L_ADC_Read2:
0x0167	0x1D1F      	BTFSS      ADCON0, 2
0x0168	0x296B      	GOTO       L_ADC_Read3
;__Lib_ADC_A_A.c,54 :: 		
0x0169	0x0000      	NOP
0x016A	0x2967      	GOTO       L_ADC_Read2
L_ADC_Read3:
;__Lib_ADC_A_A.c,57 :: 		
0x016B	0x101F      	BCF        ADCON0, 0
;__Lib_ADC_A_A.c,58 :: 		
0x016C	0x081E      	MOVF       ADRES, 0
0x016D	0x00F0      	MOVWF      R0
0x016E	0x01F1      	CLRF       R0+1
;__Lib_ADC_A_A.c,60 :: 		
L_end_ADC_Read:
0x016F	0x0008      	RETURN
; end of _ADC_Read
_Div_32x32_FP:
;__Lib_MathDouble.c,761 :: 		
;__Lib_MathDouble.c,773 :: 		
;__Lib_MathDouble.c,776 :: 		
0x0170	0x1283      	BCF        STATUS, 5
0x0171	0x1303      	BCF        STATUS, 6
0x0172	0x0874      	MOVF       R4, 0
0x0173	0x3A00      	XORLW      0
0x0174	0x1D03      	BTFSS      STATUS, 2
0x0175	0x298B      	GOTO       L_Div_32x32_FP7
;__Lib_MathDouble.c,777 :: 		
0x0176	0x0875      	MOVF       R5, 0
0x0177	0x3A00      	XORLW      0
0x0178	0x1D03      	BTFSS      STATUS, 2
0x0179	0x298B      	GOTO       L_Div_32x32_FP8
;__Lib_MathDouble.c,778 :: 		
0x017A	0x0876      	MOVF       R6, 0
0x017B	0x3A00      	XORLW      0
0x017C	0x1D03      	BTFSS      STATUS, 2
0x017D	0x298B      	GOTO       L_Div_32x32_FP9
;__Lib_MathDouble.c,779 :: 		
0x017E	0x0877      	MOVF       R7, 0
0x017F	0x3A00      	XORLW      0
0x0180	0x1D03      	BTFSS      STATUS, 2
0x0181	0x298B      	GOTO       L_Div_32x32_FP10
;__Lib_MathDouble.c,780 :: 		
0x0182	0x30FF      	MOVLW      255
0x0183	0x00F0      	MOVWF      R0
;__Lib_MathDouble.c,781 :: 		
0x0184	0x30FF      	MOVLW      255
0x0185	0x00F1      	MOVWF      R1
;__Lib_MathDouble.c,782 :: 		
0x0186	0x307F      	MOVLW      127
0x0187	0x00F2      	MOVWF      R2
;__Lib_MathDouble.c,783 :: 		
0x0188	0x30FF      	MOVLW      255
0x0189	0x00F3      	MOVWF      R3
;__Lib_MathDouble.c,784 :: 		
0x018A	0x2A26      	GOTO       L_end_Div_32x32_FP
;__Lib_MathDouble.c,785 :: 		
L_Div_32x32_FP10:
L_Div_32x32_FP9:
L_Div_32x32_FP8:
L_Div_32x32_FP7:
;__Lib_MathDouble.c,788 :: 		
0x018B	0x1283      	BCF        STATUS, 5
;__Lib_MathDouble.c,789 :: 		
0x018C	0x1303      	BCF        STATUS, 6
;__Lib_MathDouble.c,791 :: 		
0x018D	0x0877      	MOVF       R7, 0
;__Lib_MathDouble.c,792 :: 		
0x018E	0x1903      	BTFSC      STATUS, 2
;__Lib_MathDouble.c,793 :: 		
0x018F	0x2A1A      	GOTO       JPDSETFDZ32
;__Lib_MathDouble.c,795 :: 		
0x0190	0x0873      	MOVF       R3, 0
;__Lib_MathDouble.c,796 :: 		
0x0191	0x1903      	BTFSC      STATUS, 2
;__Lib_MathDouble.c,797 :: 		
0x0192	0x2A1D      	GOTO       JPDRES032
;__Lib_MathDouble.c,799 :: 		
0x0193	0x0872      	MOVF       R2, 0
;__Lib_MathDouble.c,800 :: 		
0x0194	0x0676      	XORWF      R6, 0
;__Lib_MathDouble.c,801 :: 		
0x0195	0x3980      	ANDLW      128
;__Lib_MathDouble.c,802 :: 		
0x0196	0x00FA      	MOVWF      R10
;__Lib_MathDouble.c,803 :: 		
0x0197	0x17F2      	BSF        R2, 7
;__Lib_MathDouble.c,804 :: 		
0x0198	0x17F6      	BSF        R6, 7
;__Lib_MathDouble.c,806 :: 		
0x0199	0x01A0      	CLRF       __math_tempbD
;__Lib_MathDouble.c,807 :: 		
0x019A	0x0872      	MOVF       R2, 0
;__Lib_MathDouble.c,808 :: 		
0x019B	0x00F8      	MOVWF      R8
;__Lib_MathDouble.c,809 :: 		
0x019C	0x0871      	MOVF       R1, 0
;__Lib_MathDouble.c,810 :: 		
0x019D	0x00FC      	MOVWF      R12
;__Lib_MathDouble.c,811 :: 		
0x019E	0x0870      	MOVF       R0, 0
;__Lib_MathDouble.c,812 :: 		
0x019F	0x00FD      	MOVWF      R13
;__Lib_MathDouble.c,814 :: 		
0x01A0	0x0874      	MOVF       R4, 0
;__Lib_MathDouble.c,815 :: 		
0x01A1	0x02FD      	SUBWF      R13, 1
;__Lib_MathDouble.c,816 :: 		
0x01A2	0x0875      	MOVF       R5, 0
;__Lib_MathDouble.c,817 :: 		
0x01A3	0x1C03      	BTFSS      STATUS, 0
;__Lib_MathDouble.c,818 :: 		
0x01A4	0x0F75      	INCFSZ     R5, 0
;__Lib_MathDouble.c,820 :: 		
0x01A5	0x02FC      	SUBWF      R12, 1
;__Lib_MathDouble.c,821 :: 		
0x01A6	0x0876      	MOVF       R6, 0
;__Lib_MathDouble.c,822 :: 		
0x01A7	0x1C03      	BTFSS      STATUS, 0
;__Lib_MathDouble.c,823 :: 		
0x01A8	0x0F76      	INCFSZ     R6, 0
;__Lib_MathDouble.c,825 :: 		
0x01A9	0x02F8      	SUBWF      R8, 1
;__Lib_MathDouble.c,826 :: 		
0x01AA	0x01F8      	CLRF       R8
;__Lib_MathDouble.c,827 :: 		
0x01AB	0x01FC      	CLRF       R12
;__Lib_MathDouble.c,828 :: 		
0x01AC	0x01FD      	CLRF       R13
;__Lib_MathDouble.c,829 :: 		
0x01AD	0x1C03      	BTFSS      STATUS, 0
;__Lib_MathDouble.c,830 :: 		
0x01AE	0x29B6      	GOTO       DALIGN32OK
;__Lib_MathDouble.c,832 :: 		
0x01AF	0x1003      	BCF        STATUS, 0
;__Lib_MathDouble.c,833 :: 		
0x01B0	0x0CF2      	RRF        R2, 1
;__Lib_MathDouble.c,834 :: 		
0x01B1	0x0CF1      	RRF        R1, 1
;__Lib_MathDouble.c,835 :: 		
0x01B2	0x0CF0      	RRF        R0, 1
;__Lib_MathDouble.c,836 :: 		
0x01B3	0x0CF8      	RRF        R8, 1
;__Lib_MathDouble.c,837 :: 		
0x01B4	0x3001      	MOVLW      1
;__Lib_MathDouble.c,838 :: 		
0x01B5	0x00A0      	MOVWF      __math_tempbD
;__Lib_MathDouble.c,839 :: 		
DALIGN32OK:
;__Lib_MathDouble.c,840 :: 		
0x01B6	0x0877      	MOVF       R7, 0
;__Lib_MathDouble.c,841 :: 		
0x01B7	0x02F3      	SUBWF      R3, 1
;__Lib_MathDouble.c,842 :: 		
0x01B8	0x1C03      	BTFSS      STATUS, 0
;__Lib_MathDouble.c,843 :: 		
0x01B9	0x29C0      	GOTO       ALTB32
;__Lib_MathDouble.c,845 :: 		
0x01BA	0x307E      	MOVLW      126
;__Lib_MathDouble.c,846 :: 		
0x01BB	0x0720      	ADDWF      __math_tempbD, 0
;__Lib_MathDouble.c,847 :: 		
0x01BC	0x07F3      	ADDWF      R3, 1
;__Lib_MathDouble.c,848 :: 		
0x01BD	0x1803      	BTFSC      STATUS, 0
;__Lib_MathDouble.c,849 :: 		
0x01BE	0x2A20      	GOTO       JPDSETFOV32
;__Lib_MathDouble.c,850 :: 		
0x01BF	0x29C5      	GOTO       DARGOK32
;__Lib_MathDouble.c,851 :: 		
ALTB32:
;__Lib_MathDouble.c,852 :: 		
0x01C0	0x307E      	MOVLW      126
;__Lib_MathDouble.c,853 :: 		
0x01C1	0x0720      	ADDWF      __math_tempbD, 0
;__Lib_MathDouble.c,854 :: 		
0x01C2	0x07F3      	ADDWF      R3, 1
;__Lib_MathDouble.c,855 :: 		
0x01C3	0x1C03      	BTFSS      STATUS, 0
;__Lib_MathDouble.c,856 :: 		
0x01C4	0x2A23      	GOTO       JPDSETFUN32
;__Lib_MathDouble.c,857 :: 		
DARGOK32:
;__Lib_MathDouble.c,858 :: 		
0x01C5	0x3018      	MOVLW      24
;__Lib_MathDouble.c,860 :: 		
0x01C6	0x07FA      	ADDWF      R10, 1
;__Lib_MathDouble.c,861 :: 		
DLOOP32:
;__Lib_MathDouble.c,862 :: 		
0x01C7	0x0DFD      	RLF        R13, 1
;__Lib_MathDouble.c,863 :: 		
0x01C8	0x0DFC      	RLF        R12, 1
;__Lib_MathDouble.c,864 :: 		
0x01C9	0x0DF8      	RLF        R8, 1
;__Lib_MathDouble.c,865 :: 		
0x01CA	0x0DF0      	RLF        R0, 1
;__Lib_MathDouble.c,866 :: 		
0x01CB	0x0DF1      	RLF        R1, 1
;__Lib_MathDouble.c,867 :: 		
0x01CC	0x0DF2      	RLF        R2, 1
;__Lib_MathDouble.c,868 :: 		
0x01CD	0x0DA0      	RLF        __math_tempbD, 1
;__Lib_MathDouble.c,870 :: 		
0x01CE	0x0874      	MOVF       R4, 0
;__Lib_MathDouble.c,871 :: 		
0x01CF	0x02F0      	SUBWF      R0, 1
;__Lib_MathDouble.c,872 :: 		
0x01D0	0x0875      	MOVF       R5, 0
;__Lib_MathDouble.c,873 :: 		
0x01D1	0x1C03      	BTFSS      STATUS, 0
;__Lib_MathDouble.c,874 :: 		
0x01D2	0x0F75      	INCFSZ     R5, 0
;__Lib_MathDouble.c,876 :: 		
0x01D3	0x02F1      	SUBWF      R1, 1
;__Lib_MathDouble.c,877 :: 		
0x01D4	0x0876      	MOVF       R6, 0
;__Lib_MathDouble.c,878 :: 		
0x01D5	0x1C03      	BTFSS      STATUS, 0
;__Lib_MathDouble.c,879 :: 		
0x01D6	0x0F76      	INCFSZ     R6, 0
;__Lib_MathDouble.c,881 :: 		
0x01D7	0x02F2      	SUBWF      R2, 1
;__Lib_MathDouble.c,882 :: 		
0x01D8	0x0D76      	RLF        R6, 0
;__Lib_MathDouble.c,883 :: 		
0x01D9	0x04A0      	IORWF      __math_tempbD, 1
;__Lib_MathDouble.c,884 :: 		
0x01DA	0x1C20      	BTFSS      __math_tempbD, 0
;__Lib_MathDouble.c,885 :: 		
0x01DB	0x29DE      	GOTO       DREST32
;__Lib_MathDouble.c,886 :: 		
0x01DC	0x147D      	BSF        R13, 0
;__Lib_MathDouble.c,887 :: 		
0x01DD	0x29E9      	GOTO       DOK32
;__Lib_MathDouble.c,888 :: 		
DREST32:
;__Lib_MathDouble.c,889 :: 		
0x01DE	0x0874      	MOVF       R4, 0
;__Lib_MathDouble.c,890 :: 		
0x01DF	0x07F0      	ADDWF      R0, 1
;__Lib_MathDouble.c,891 :: 		
0x01E0	0x0875      	MOVF       R5, 0
;__Lib_MathDouble.c,892 :: 		
0x01E1	0x1803      	BTFSC      STATUS, 0
;__Lib_MathDouble.c,893 :: 		
0x01E2	0x0F75      	INCFSZ     R5, 0
;__Lib_MathDouble.c,895 :: 		
0x01E3	0x07F1      	ADDWF      R1, 1
;__Lib_MathDouble.c,896 :: 		
0x01E4	0x0876      	MOVF       R6, 0
;__Lib_MathDouble.c,897 :: 		
0x01E5	0x1803      	BTFSC      STATUS, 0
;__Lib_MathDouble.c,898 :: 		
0x01E6	0x0A76      	INCF       R6, 0
;__Lib_MathDouble.c,899 :: 		
0x01E7	0x07F2      	ADDWF      R2, 1
;__Lib_MathDouble.c,900 :: 		
0x01E8	0x107D      	BCF        R13, 0
;__Lib_MathDouble.c,901 :: 		
DOK32:
;__Lib_MathDouble.c,903 :: 		
0x01E9	0x03FA      	DECF       R10, 1
;__Lib_MathDouble.c,904 :: 		
0x01EA	0x301F      	MOVLW      31
;__Lib_MathDouble.c,905 :: 		
0x01EB	0x057A      	ANDWF      R10, 0
;__Lib_MathDouble.c,906 :: 		
0x01EC	0x1D03      	BTFSS      STATUS, 2
;__Lib_MathDouble.c,907 :: 		
0x01ED	0x29C7      	GOTO       DLOOP32
;__Lib_MathDouble.c,909 :: 		
0x01EE	0x1B7B      	BTFSC      R11, 6
;__Lib_MathDouble.c,910 :: 		
0x01EF	0x1C7D      	BTFSS      R13, 0
;__Lib_MathDouble.c,911 :: 		
0x01F0	0x2A10      	GOTO       DIV32OK
;__Lib_MathDouble.c,912 :: 		
0x01F1	0x1003      	BCF        STATUS, 0
;__Lib_MathDouble.c,913 :: 		
0x01F2	0x0DF0      	RLF        R0, 1
;__Lib_MathDouble.c,914 :: 		
0x01F3	0x0DF1      	RLF        R1, 1
;__Lib_MathDouble.c,915 :: 		
0x01F4	0x0DF2      	RLF        R2, 1
;__Lib_MathDouble.c,916 :: 		
0x01F5	0x0DA0      	RLF        __math_tempbD, 1
;__Lib_MathDouble.c,918 :: 		
0x01F6	0x0874      	MOVF       R4, 0
;__Lib_MathDouble.c,919 :: 		
0x01F7	0x02F0      	SUBWF      R0, 1
;__Lib_MathDouble.c,920 :: 		
0x01F8	0x0875      	MOVF       R5, 0
;__Lib_MathDouble.c,921 :: 		
0x01F9	0x1C03      	BTFSS      STATUS, 0
;__Lib_MathDouble.c,922 :: 		
0x01FA	0x0F75      	INCFSZ     R5, 0
;__Lib_MathDouble.c,923 :: 		
0x01FB	0x02F1      	SUBWF      R1, 1
;__Lib_MathDouble.c,924 :: 		
0x01FC	0x0876      	MOVF       R6, 0
;__Lib_MathDouble.c,925 :: 		
0x01FD	0x1C03      	BTFSS      STATUS, 0
;__Lib_MathDouble.c,926 :: 		
0x01FE	0x0F76      	INCFSZ     R6, 0
;__Lib_MathDouble.c,927 :: 		
0x01FF	0x02F2      	SUBWF      R2, 1
;__Lib_MathDouble.c,928 :: 		
0x0200	0x0D76      	RLF        R6, 0
;__Lib_MathDouble.c,929 :: 		
0x0201	0x0420      	IORWF      __math_tempbD, 0
;__Lib_MathDouble.c,930 :: 		
0x0202	0x3901      	ANDLW      1
;__Lib_MathDouble.c,931 :: 		
0x0203	0x07FD      	ADDWF      R13, 1
;__Lib_MathDouble.c,932 :: 		
0x0204	0x1803      	BTFSC      STATUS, 0
;__Lib_MathDouble.c,933 :: 		
0x0205	0x0AFC      	INCF       R12, 1
;__Lib_MathDouble.c,934 :: 		
0x0206	0x1903      	BTFSC      STATUS, 2
;__Lib_MathDouble.c,935 :: 		
0x0207	0x0AF8      	INCF       R8, 1
;__Lib_MathDouble.c,936 :: 		
0x0208	0x1D03      	BTFSS      STATUS, 2
;__Lib_MathDouble.c,937 :: 		
0x0209	0x2A10      	GOTO       DIV32OK
;__Lib_MathDouble.c,938 :: 		
0x020A	0x0CF8      	RRF        R8, 1
;__Lib_MathDouble.c,939 :: 		
0x020B	0x0CFC      	RRF        R12, 1
;__Lib_MathDouble.c,940 :: 		
0x020C	0x0CFD      	RRF        R13, 1
;__Lib_MathDouble.c,941 :: 		
0x020D	0x0AF3      	INCF       R3, 1
;__Lib_MathDouble.c,942 :: 		
0x020E	0x1903      	BTFSC      STATUS, 2
;__Lib_MathDouble.c,943 :: 		
0x020F	0x2A20      	GOTO       JPDSETFOV32
;__Lib_MathDouble.c,944 :: 		
DIV32OK:
;__Lib_MathDouble.c,945 :: 		
0x0210	0x1FFA      	BTFSS      R10, 7
;__Lib_MathDouble.c,946 :: 		
0x0211	0x13F8      	BCF        R8, 7
;__Lib_MathDouble.c,947 :: 		
0x0212	0x0878      	MOVF       R8, 0
;__Lib_MathDouble.c,948 :: 		
0x0213	0x00F2      	MOVWF      R2
;__Lib_MathDouble.c,949 :: 		
0x0214	0x087C      	MOVF       R12, 0
;__Lib_MathDouble.c,950 :: 		
0x0215	0x00F1      	MOVWF      R1
;__Lib_MathDouble.c,951 :: 		
0x0216	0x087D      	MOVF       R13, 0
;__Lib_MathDouble.c,952 :: 		
0x0217	0x00F0      	MOVWF      R0
;__Lib_MathDouble.c,954 :: 		
0x0218	0x3000      	MOVLW      0
;__Lib_MathDouble.c,956 :: 		
0x0219	0x2A25      	GOTO       DIV32EEE
;__Lib_MathDouble.c,957 :: 		
JPDSETFDZ32:
;__Lib_MathDouble.c,958 :: 		
0x021A	0x3001      	MOVLW      1
;__Lib_MathDouble.c,961 :: 		
0x021B	0x2042      	CALL       _SETFDZ32
;__Lib_MathDouble.c,963 :: 		
0x021C	0x2A25      	GOTO       DIV32EEE
;__Lib_MathDouble.c,964 :: 		
JPDRES032:
;__Lib_MathDouble.c,965 :: 		
0x021D	0x3002      	MOVLW      2
;__Lib_MathDouble.c,968 :: 		
0x021E	0x201F      	CALL       _RES032
;__Lib_MathDouble.c,970 :: 		
0x021F	0x2A25      	GOTO       DIV32EEE
;__Lib_MathDouble.c,971 :: 		
JPDSETFOV32:
;__Lib_MathDouble.c,972 :: 		
0x0220	0x3004      	MOVLW      4
;__Lib_MathDouble.c,975 :: 		
0x0221	0x2036      	CALL       _SETFOV32
;__Lib_MathDouble.c,977 :: 		
0x0222	0x2A25      	GOTO       DIV32EEE
;__Lib_MathDouble.c,978 :: 		
JPDSETFUN32:
;__Lib_MathDouble.c,979 :: 		
0x0223	0x3008      	MOVLW      8
;__Lib_MathDouble.c,982 :: 		
0x0224	0x2026      	CALL       _SETFUN32
;__Lib_MathDouble.c,984 :: 		
DIV32EEE:
;__Lib_MathDouble.c,985 :: 		
0x0225	0x0000      	NOP
;__Lib_MathDouble.c,994 :: 		
L_end_Div_32x32_FP:
0x0226	0x0008      	RETURN
; end of _Div_32x32_FP
_byte2double:
;__Lib_MathDouble.c,1778 :: 		
;__Lib_MathDouble.c,1785 :: 		
0x0227	0x1283      	BCF        STATUS, 5
;__Lib_MathDouble.c,1786 :: 		
0x0228	0x1303      	BCF        STATUS, 6
;__Lib_MathDouble.c,1788 :: 		
0x0229	0x0870      	MOVF       R0, 0
;__Lib_MathDouble.c,1789 :: 		
0x022A	0x00F8      	MOVWF      R8
;__Lib_MathDouble.c,1791 :: 		
0x022B	0x01FB      	CLRF       R11
;__Lib_MathDouble.c,1792 :: 		
0x022C	0x01FC      	CLRF       R12
;__Lib_MathDouble.c,1794 :: 		
0x022D	0x309E      	MOVLW      158
;__Lib_MathDouble.c,1795 :: 		
0x022E	0x00F3      	MOVWF      R3
;__Lib_MathDouble.c,1796 :: 		
0x022F	0x01FA      	CLRF       R10
;__Lib_MathDouble.c,1797 :: 		
0x0230	0x01F2      	CLRF       R2
;__Lib_MathDouble.c,1798 :: 		
0x0231	0x01F1      	CLRF       R1
;__Lib_MathDouble.c,1799 :: 		
0x0232	0x01F0      	CLRF       R0
;__Lib_MathDouble.c,1800 :: 		
0x0233	0x3002      	MOVLW      2
;__Lib_MathDouble.c,1801 :: 		
0x0234	0x00FC      	MOVWF      R12
;__Lib_MathDouble.c,1803 :: 		
0x0235	0x20A3      	CALL       _NRM4032
;__Lib_MathDouble.c,1804 :: 		
L_end_byte2double:
0x0236	0x0008      	RETURN
; end of _byte2double
_segment_byte:
;motorAutomation.c,32 :: 		void segment_byte(short value){
;motorAutomation.c,34 :: 		temp = value / 10;
0x0237	0x300A      	MOVLW      10
0x0238	0x1283      	BCF        STATUS, 5
0x0239	0x1303      	BCF        STATUS, 6
0x023A	0x00F4      	MOVWF      R4
0x023B	0x082C      	MOVF       FARG_segment_byte_value, 0
0x023C	0x00F0      	MOVWF      R0
0x023D	0x2052      	CALL       _Div_8X8_S
;motorAutomation.c,35 :: 		display = anode[temp];
0x023E	0x3000      	MOVLW      0
0x023F	0x00F1      	MOVWF      R0+1
0x0240	0x3091      	MOVLW      _anode
0x0241	0x07F0      	ADDWF      R0, 1
0x0242	0x3003      	MOVLW      hi_addr(_anode)
0x0243	0x1803      	BTFSC      STATUS, 0
0x0244	0x3E01      	ADDLW      1
0x0245	0x07F1      	ADDWF      R0+1, 1
0x0246	0x0870      	MOVF       R0, 0
0x0247	0x00A4      	MOVWF      ___DoICPAddr
0x0248	0x0871      	MOVF       R0+1, 0
0x0249	0x00A5      	MOVWF      ___DoICPAddr+1
0x024A	0x2103      	CALL       _____DoICP
0x024B	0x118A      	BCF        PCLATH, 3
0x024C	0x120A      	BCF        PCLATH, 4
0x024D	0x0086      	MOVWF      PORTB
;motorAutomation.c,36 :: 		digit_2 = ON; delay_ms(1); clear();
0x024E	0x1687      	BSF        RC5_bit, BitPos(RC5_bit+0)
0x024F	0x3003      	MOVLW      3
0x0250	0x00FC      	MOVWF      R12
0x0251	0x3097      	MOVLW      151
0x0252	0x00FD      	MOVWF      R13
L_segment_byte3:
0x0253	0x0BFD      	DECFSZ     R13, 1
0x0254	0x2A53      	GOTO       L_segment_byte3
0x0255	0x0BFC      	DECFSZ     R12, 1
0x0256	0x2A53      	GOTO       L_segment_byte3
0x0257	0x0000      	NOP
0x0258	0x0000      	NOP
0x0259	0x20FD      	CALL       _clear
;motorAutomation.c,37 :: 		temp = value % 10;
0x025A	0x300A      	MOVLW      10
0x025B	0x00F4      	MOVWF      R4
0x025C	0x082C      	MOVF       FARG_segment_byte_value, 0
0x025D	0x00F0      	MOVWF      R0
0x025E	0x2052      	CALL       _Div_8X8_S
0x025F	0x0878      	MOVF       R8, 0
0x0260	0x00F0      	MOVWF      R0
;motorAutomation.c,38 :: 		display = anode[temp];
0x0261	0x3000      	MOVLW      0
0x0262	0x00F1      	MOVWF      R0+1
0x0263	0x3091      	MOVLW      _anode
0x0264	0x07F0      	ADDWF      R0, 1
0x0265	0x3003      	MOVLW      hi_addr(_anode)
0x0266	0x1803      	BTFSC      STATUS, 0
0x0267	0x3E01      	ADDLW      1
0x0268	0x07F1      	ADDWF      R0+1, 1
0x0269	0x0870      	MOVF       R0, 0
0x026A	0x00A4      	MOVWF      ___DoICPAddr
0x026B	0x0871      	MOVF       R0+1, 0
0x026C	0x00A5      	MOVWF      ___DoICPAddr+1
0x026D	0x2103      	CALL       _____DoICP
0x026E	0x118A      	BCF        PCLATH, 3
0x026F	0x120A      	BCF        PCLATH, 4
0x0270	0x0086      	MOVWF      PORTB
;motorAutomation.c,39 :: 		digit_3 = ON; delay_ms(1); clear();
0x0271	0x1707      	BSF        RC6_bit, BitPos(RC6_bit+0)
0x0272	0x3003      	MOVLW      3
0x0273	0x00FC      	MOVWF      R12
0x0274	0x3097      	MOVLW      151
0x0275	0x00FD      	MOVWF      R13
L_segment_byte4:
0x0276	0x0BFD      	DECFSZ     R13, 1
0x0277	0x2A76      	GOTO       L_segment_byte4
0x0278	0x0BFC      	DECFSZ     R12, 1
0x0279	0x2A76      	GOTO       L_segment_byte4
0x027A	0x0000      	NOP
0x027B	0x0000      	NOP
0x027C	0x20FD      	CALL       _clear
;motorAutomation.c,40 :: 		}
L_end_segment_byte:
0x027D	0x0008      	RETURN
; end of _segment_byte
_show_off:
;motorAutomation.c,23 :: 		void show_off(){
;motorAutomation.c,24 :: 		display = font[0];
0x027E	0x30C0      	MOVLW      192
0x027F	0x1283      	BCF        STATUS, 5
0x0280	0x1303      	BCF        STATUS, 6
0x0281	0x0086      	MOVWF      PORTB
;motorAutomation.c,25 :: 		digit_1 = ON; delay_ms(1); clear();
0x0282	0x1607      	BSF        RC4_bit, BitPos(RC4_bit+0)
0x0283	0x3003      	MOVLW      3
0x0284	0x00FC      	MOVWF      R12
0x0285	0x3097      	MOVLW      151
0x0286	0x00FD      	MOVWF      R13
L_show_off0:
0x0287	0x0BFD      	DECFSZ     R13, 1
0x0288	0x2A87      	GOTO       L_show_off0
0x0289	0x0BFC      	DECFSZ     R12, 1
0x028A	0x2A87      	GOTO       L_show_off0
0x028B	0x0000      	NOP
0x028C	0x0000      	NOP
0x028D	0x20FD      	CALL       _clear
;motorAutomation.c,26 :: 		display = font[1];
0x028E	0x308E      	MOVLW      142
0x028F	0x0086      	MOVWF      PORTB
;motorAutomation.c,27 :: 		digit_2 = ON; delay_ms(1); clear();
0x0290	0x1687      	BSF        RC5_bit, BitPos(RC5_bit+0)
0x0291	0x3003      	MOVLW      3
0x0292	0x00FC      	MOVWF      R12
0x0293	0x3097      	MOVLW      151
0x0294	0x00FD      	MOVWF      R13
L_show_off1:
0x0295	0x0BFD      	DECFSZ     R13, 1
0x0296	0x2A95      	GOTO       L_show_off1
0x0297	0x0BFC      	DECFSZ     R12, 1
0x0298	0x2A95      	GOTO       L_show_off1
0x0299	0x0000      	NOP
0x029A	0x0000      	NOP
0x029B	0x20FD      	CALL       _clear
;motorAutomation.c,28 :: 		display = font[1];
0x029C	0x308E      	MOVLW      142
0x029D	0x0086      	MOVWF      PORTB
;motorAutomation.c,29 :: 		digit_3 = ON; delay_ms(1); clear();
0x029E	0x1707      	BSF        RC6_bit, BitPos(RC6_bit+0)
0x029F	0x3003      	MOVLW      3
0x02A0	0x00FC      	MOVWF      R12
0x02A1	0x3097      	MOVLW      151
0x02A2	0x00FD      	MOVWF      R13
L_show_off2:
0x02A3	0x0BFD      	DECFSZ     R13, 1
0x02A4	0x2AA3      	GOTO       L_show_off2
0x02A5	0x0BFC      	DECFSZ     R12, 1
0x02A6	0x2AA3      	GOTO       L_show_off2
0x02A7	0x0000      	NOP
0x02A8	0x0000      	NOP
0x02A9	0x20FD      	CALL       _clear
;motorAutomation.c,30 :: 		}
L_end_show_off:
0x02AA	0x0008      	RETURN
; end of _show_off
_animation:
;motorAutomation.c,52 :: 		void animation(){
;motorAutomation.c,53 :: 		switch(anime){
0x02AB	0x2AC0      	GOTO       L_animation8
;motorAutomation.c,54 :: 		case 0: display = 254; break;
L_animation10:
0x02AC	0x30FE      	MOVLW      254
0x02AD	0x1283      	BCF        STATUS, 5
0x02AE	0x1303      	BCF        STATUS, 6
0x02AF	0x0086      	MOVWF      PORTB
0x02B0	0x2ADA      	GOTO       L_animation9
;motorAutomation.c,55 :: 		case 1: display = 253; break;
L_animation11:
0x02B1	0x30FD      	MOVLW      253
0x02B2	0x0086      	MOVWF      PORTB
0x02B3	0x2ADA      	GOTO       L_animation9
;motorAutomation.c,56 :: 		case 2: display = 251; break;
L_animation12:
0x02B4	0x30FB      	MOVLW      251
0x02B5	0x0086      	MOVWF      PORTB
0x02B6	0x2ADA      	GOTO       L_animation9
;motorAutomation.c,57 :: 		case 3: display = 247; break;
L_animation13:
0x02B7	0x30F7      	MOVLW      247
0x02B8	0x0086      	MOVWF      PORTB
0x02B9	0x2ADA      	GOTO       L_animation9
;motorAutomation.c,58 :: 		case 4: display = 239; break;
L_animation14:
0x02BA	0x30EF      	MOVLW      239
0x02BB	0x0086      	MOVWF      PORTB
0x02BC	0x2ADA      	GOTO       L_animation9
;motorAutomation.c,59 :: 		case 5: display = 223; break;
L_animation15:
0x02BD	0x30DF      	MOVLW      223
0x02BE	0x0086      	MOVWF      PORTB
0x02BF	0x2ADA      	GOTO       L_animation9
;motorAutomation.c,60 :: 		}
L_animation8:
0x02C0	0x1283      	BCF        STATUS, 5
0x02C1	0x1303      	BCF        STATUS, 6
0x02C2	0x0821      	MOVF       _anime, 0
0x02C3	0x3A00      	XORLW      0
0x02C4	0x1903      	BTFSC      STATUS, 2
0x02C5	0x2AAC      	GOTO       L_animation10
0x02C6	0x0821      	MOVF       _anime, 0
0x02C7	0x3A01      	XORLW      1
0x02C8	0x1903      	BTFSC      STATUS, 2
0x02C9	0x2AB1      	GOTO       L_animation11
0x02CA	0x0821      	MOVF       _anime, 0
0x02CB	0x3A02      	XORLW      2
0x02CC	0x1903      	BTFSC      STATUS, 2
0x02CD	0x2AB4      	GOTO       L_animation12
0x02CE	0x0821      	MOVF       _anime, 0
0x02CF	0x3A03      	XORLW      3
0x02D0	0x1903      	BTFSC      STATUS, 2
0x02D1	0x2AB7      	GOTO       L_animation13
0x02D2	0x0821      	MOVF       _anime, 0
0x02D3	0x3A04      	XORLW      4
0x02D4	0x1903      	BTFSC      STATUS, 2
0x02D5	0x2ABA      	GOTO       L_animation14
0x02D6	0x0821      	MOVF       _anime, 0
0x02D7	0x3A05      	XORLW      5
0x02D8	0x1903      	BTFSC      STATUS, 2
0x02D9	0x2ABD      	GOTO       L_animation15
L_animation9:
;motorAutomation.c,61 :: 		digit_1 = ON; delay_ms(1); clear();
0x02DA	0x1607      	BSF        RC4_bit, BitPos(RC4_bit+0)
0x02DB	0x3003      	MOVLW      3
0x02DC	0x00FC      	MOVWF      R12
0x02DD	0x3097      	MOVLW      151
0x02DE	0x00FD      	MOVWF      R13
L_animation16:
0x02DF	0x0BFD      	DECFSZ     R13, 1
0x02E0	0x2ADF      	GOTO       L_animation16
0x02E1	0x0BFC      	DECFSZ     R12, 1
0x02E2	0x2ADF      	GOTO       L_animation16
0x02E3	0x0000      	NOP
0x02E4	0x0000      	NOP
0x02E5	0x20FD      	CALL       _clear
;motorAutomation.c,62 :: 		}
L_end_animation:
0x02E6	0x0008      	RETURN
; end of _animation
_read_time:
;motorAutomation.c,42 :: 		void read_time(){
;motorAutomation.c,43 :: 		while(time_key){
L_read_time5:
0x02E7	0x1283      	BCF        STATUS, 5
0x02E8	0x1303      	BCF        STATUS, 6
0x02E9	0x1D87      	BTFSS      RC3_bit, BitPos(RC3_bit+0)
0x02EA	0x2B0E      	GOTO       L_read_time6
;motorAutomation.c,44 :: 		adc = adc_read(0);
0x02EB	0x01AC      	CLRF       FARG_ADC_Read_channel
0x02EC	0x2155      	CALL       _ADC_Read
0x02ED	0x0870      	MOVF       R0, 0
0x02EE	0x00A9      	MOVWF      _adc
;motorAutomation.c,45 :: 		timeout = adc / 2.59;
0x02EF	0x2227      	CALL       _byte2double
0x02F0	0x308F      	MOVLW      143
0x02F1	0x00F4      	MOVWF      R4
0x02F2	0x30C2      	MOVLW      194
0x02F3	0x00F5      	MOVWF      R4+1
0x02F4	0x3025      	MOVLW      37
0x02F5	0x00F6      	MOVWF      R4+2
0x02F6	0x3080      	MOVLW      128
0x02F7	0x00F7      	MOVWF      R4+3
0x02F8	0x2170      	CALL       _Div_32x32_FP
0x02F9	0x2112      	CALL       _double2byte
0x02FA	0x0870      	MOVF       R0, 0
0x02FB	0x00A7      	MOVWF      _timeout
;motorAutomation.c,46 :: 		display = font[2];
0x02FC	0x30A1      	MOVLW      161
0x02FD	0x0086      	MOVWF      PORTB
;motorAutomation.c,47 :: 		digit_1 = ON; delay_ms(1); clear();
0x02FE	0x1607      	BSF        RC4_bit, BitPos(RC4_bit+0)
0x02FF	0x3003      	MOVLW      3
0x0300	0x00FC      	MOVWF      R12
0x0301	0x3097      	MOVLW      151
0x0302	0x00FD      	MOVWF      R13
L_read_time7:
0x0303	0x0BFD      	DECFSZ     R13, 1
0x0304	0x2B03      	GOTO       L_read_time7
0x0305	0x0BFC      	DECFSZ     R12, 1
0x0306	0x2B03      	GOTO       L_read_time7
0x0307	0x0000      	NOP
0x0308	0x0000      	NOP
0x0309	0x20FD      	CALL       _clear
;motorAutomation.c,48 :: 		segment_byte(timeout);
0x030A	0x0827      	MOVF       _timeout, 0
0x030B	0x00AC      	MOVWF      FARG_segment_byte_value
0x030C	0x2237      	CALL       _segment_byte
;motorAutomation.c,49 :: 		}
0x030D	0x2AE7      	GOTO       L_read_time5
L_read_time6:
;motorAutomation.c,50 :: 		}
L_end_read_time:
0x030E	0x0008      	RETURN
; end of _read_time
___CC2DW:
;__Lib_System.c,134 :: 		
;__Lib_System.c,137 :: 		
_CC2D_Loop1:
;__Lib_System.c,139 :: 		
0x030F	0x2103      	CALL       _____DoICP
0x0310	0x118A      	BCF        PCLATH, 3
0x0311	0x120A      	BCF        PCLATH, 4
;__Lib_System.c,141 :: 		
0x0312	0x0080      	MOVWF      INDF
;__Lib_System.c,142 :: 		
0x0313	0x0A84      	INCF       FSR, 1
;__Lib_System.c,143 :: 		
0x0314	0x0AA4      	INCF       ___DoICPAddr, 1
;__Lib_System.c,145 :: 		
0x0315	0x1903      	BTFSC      STATUS, 2
;__Lib_System.c,146 :: 		
0x0316	0x0AA5      	INCF       ___DoICPAddr+1, 1
;__Lib_System.c,147 :: 		
0x0317	0x03F0      	DECF       R0, 1
;__Lib_System.c,149 :: 		
0x0318	0x1D03      	BTFSS      STATUS, 2
;__Lib_System.c,150 :: 		
0x0319	0x2B0F      	GOTO       _CC2D_Loop1
;__Lib_System.c,152 :: 		
L_end___CC2DW:
0x031A	0x0008      	RETURN
; end of ___CC2DW
_InitTimer1:
;motorAutomation.c,64 :: 		void InitTimer1(){
;motorAutomation.c,65 :: 		T1CON = 0x21;
0x031B	0x3021      	MOVLW      33
0x031C	0x1283      	BCF        STATUS, 5
0x031D	0x1303      	BCF        STATUS, 6
0x031E	0x0090      	MOVWF      T1CON
;motorAutomation.c,66 :: 		TMR1IF_bit = 0;
0x031F	0x100C      	BCF        TMR1IF_bit, BitPos(TMR1IF_bit+0)
;motorAutomation.c,67 :: 		TMR1H = 0x3C;
0x0320	0x303C      	MOVLW      60
0x0321	0x008F      	MOVWF      TMR1H
;motorAutomation.c,68 :: 		TMR1L = 0xB0;
0x0322	0x30B0      	MOVLW      176
0x0323	0x008E      	MOVWF      TMR1L
;motorAutomation.c,69 :: 		TMR1IE_bit = 1;
0x0324	0x1683      	BSF        STATUS, 5
0x0325	0x140C      	BSF        TMR1IE_bit, BitPos(TMR1IE_bit+0)
;motorAutomation.c,70 :: 		INTCON = 0xC0;
0x0326	0x30C0      	MOVLW      192
0x0327	0x008B      	MOVWF      INTCON
;motorAutomation.c,71 :: 		}
L_end_InitTimer1:
0x0328	0x0008      	RETURN
; end of _InitTimer1
_main:
0x0329	0x1283      	BCF        STATUS, 5
0x032A	0x1303      	BCF        STATUS, 6
0x032B	0x01A1      	CLRF       _anime
0x032C	0x01A2      	CLRF       _ms
0x032D	0x01A3      	CLRF       35
;motorAutomation.c,82 :: 		void main() {
;motorAutomation.c,83 :: 		TRISC = 0x0A; PORTC = 0x00;
0x032E	0x300A      	MOVLW      10
0x032F	0x1683      	BSF        STATUS, 5
0x0330	0x0087      	MOVWF      TRISC
0x0331	0x1283      	BCF        STATUS, 5
0x0332	0x0187      	CLRF       PORTC
;motorAutomation.c,84 :: 		TRISB = 0x00; PORTB = 0x00;
0x0333	0x1683      	BSF        STATUS, 5
0x0334	0x0186      	CLRF       TRISB
0x0335	0x1283      	BCF        STATUS, 5
0x0336	0x0186      	CLRF       PORTB
;motorAutomation.c,85 :: 		InitTimer1();
0x0337	0x231B      	CALL       _InitTimer1
;motorAutomation.c,86 :: 		timer_flag = 0;
0x0338	0x1283      	BCF        STATUS, 5
0x0339	0x10A6      	BCF        _timer_flag, BitPos(_timer_flag+0)
;motorAutomation.c,87 :: 		motor_flag = 0;
0x033A	0x1026      	BCF        _motor_flag, BitPos(_motor_flag+0)
;motorAutomation.c,88 :: 		adc = adc_read(0);
0x033B	0x01AC      	CLRF       FARG_ADC_Read_channel
0x033C	0x2155      	CALL       _ADC_Read
0x033D	0x0870      	MOVF       R0, 0
0x033E	0x00A9      	MOVWF      _adc
;motorAutomation.c,89 :: 		timeout = adc / 2.59;
0x033F	0x2227      	CALL       _byte2double
0x0340	0x308F      	MOVLW      143
0x0341	0x00F4      	MOVWF      R4
0x0342	0x30C2      	MOVLW      194
0x0343	0x00F5      	MOVWF      R4+1
0x0344	0x3025      	MOVLW      37
0x0345	0x00F6      	MOVWF      R4+2
0x0346	0x3080      	MOVLW      128
0x0347	0x00F7      	MOVWF      R4+3
0x0348	0x2170      	CALL       _Div_32x32_FP
0x0349	0x2112      	CALL       _double2byte
0x034A	0x0870      	MOVF       R0, 0
0x034B	0x00A7      	MOVWF      _timeout
;motorAutomation.c,91 :: 		while(1){
L_main19:
;motorAutomation.c,92 :: 		if(motor_flag == 0){
0x034C	0x1826      	BTFSC      _motor_flag, BitPos(_motor_flag+0)
0x034D	0x2B57      	GOTO       L_main21
;motorAutomation.c,93 :: 		motor = 0;
0x034E	0x1007      	BCF        RC0_bit, BitPos(RC0_bit+0)
;motorAutomation.c,94 :: 		timer_flag = 0;
0x034F	0x10A6      	BCF        _timer_flag, BitPos(_timer_flag+0)
;motorAutomation.c,95 :: 		ms = 0;
0x0350	0x01A2      	CLRF       _ms
0x0351	0x01A3      	CLRF       _ms+1
;motorAutomation.c,96 :: 		if(time_key) read_time();
0x0352	0x1D87      	BTFSS      RC3_bit, BitPos(RC3_bit+0)
0x0353	0x2B55      	GOTO       L_main22
0x0354	0x22E7      	CALL       _read_time
L_main22:
;motorAutomation.c,97 :: 		show_off();
0x0355	0x227E      	CALL       _show_off
;motorAutomation.c,98 :: 		}
0x0356	0x2B7A      	GOTO       L_main23
L_main21:
;motorAutomation.c,100 :: 		motor = 1;
0x0357	0x1407      	BSF        RC0_bit, BitPos(RC0_bit+0)
;motorAutomation.c,101 :: 		timer_flag = 1;
0x0358	0x14A6      	BSF        _timer_flag, BitPos(_timer_flag+0)
;motorAutomation.c,102 :: 		countdown = timeout;
0x0359	0x0827      	MOVF       _timeout, 0
0x035A	0x00A8      	MOVWF      _countdown
;motorAutomation.c,103 :: 		while(countdown){
L_main24:
0x035B	0x0828      	MOVF       _countdown, 0
0x035C	0x1903      	BTFSC      STATUS, 2
0x035D	0x2B76      	GOTO       L_main25
;motorAutomation.c,104 :: 		if(ms == 600){
0x035E	0x0823      	MOVF       _ms+1, 0
0x035F	0x3A02      	XORLW      2
0x0360	0x1D03      	BTFSS      STATUS, 2
0x0361	0x2B64      	GOTO       L__main44
0x0362	0x3058      	MOVLW      88
0x0363	0x0622      	XORWF      _ms, 0
L__main44:
0x0364	0x1D03      	BTFSS      STATUS, 2
0x0365	0x2B69      	GOTO       L_main26
;motorAutomation.c,105 :: 		ms = 0;
0x0366	0x01A2      	CLRF       _ms
0x0367	0x01A3      	CLRF       _ms+1
;motorAutomation.c,106 :: 		countdown--;
0x0368	0x03A8      	DECF       _countdown, 1
;motorAutomation.c,107 :: 		}
L_main26:
;motorAutomation.c,108 :: 		if(anime > 5) anime = 0;
0x0369	0x0821      	MOVF       _anime, 0
0x036A	0x3C05      	SUBLW      5
0x036B	0x1803      	BTFSC      STATUS, 0
0x036C	0x2B6E      	GOTO       L_main27
0x036D	0x01A1      	CLRF       _anime
L_main27:
;motorAutomation.c,109 :: 		animation();
0x036E	0x22AB      	CALL       _animation
;motorAutomation.c,110 :: 		segment_byte(countdown);
0x036F	0x0828      	MOVF       _countdown, 0
0x0370	0x00AC      	MOVWF      FARG_segment_byte_value
0x0371	0x2237      	CALL       _segment_byte
;motorAutomation.c,111 :: 		if(motor_key) break;
0x0372	0x1C87      	BTFSS      RC1_bit, BitPos(RC1_bit+0)
0x0373	0x2B75      	GOTO       L_main28
0x0374	0x2B76      	GOTO       L_main25
L_main28:
;motorAutomation.c,112 :: 		}
0x0375	0x2B5B      	GOTO       L_main24
L_main25:
;motorAutomation.c,113 :: 		motor_flag = 0;
0x0376	0x1026      	BCF        _motor_flag, BitPos(_motor_flag+0)
;motorAutomation.c,114 :: 		while(motor_key);
L_main29:
0x0377	0x1C87      	BTFSS      RC1_bit, BitPos(RC1_bit+0)
0x0378	0x2B7A      	GOTO       L_main30
0x0379	0x2B77      	GOTO       L_main29
L_main30:
;motorAutomation.c,115 :: 		}
L_main23:
;motorAutomation.c,116 :: 		if(motor_key) {
0x037A	0x1C87      	BTFSS      RC1_bit, BitPos(RC1_bit+0)
0x037B	0x2B8F      	GOTO       L_main31
;motorAutomation.c,117 :: 		motor_flag = ~motor_flag;
0x037C	0x3001      	MOVLW      1
0x037D	0x06A6      	XORWF      _motor_flag, 1
;motorAutomation.c,118 :: 		delay_ms(300);
0x037E	0x3004      	MOVLW      4
0x037F	0x00FB      	MOVWF      R11
0x0380	0x300C      	MOVLW      12
0x0381	0x00FC      	MOVWF      R12
0x0382	0x3033      	MOVLW      51
0x0383	0x00FD      	MOVWF      R13
L_main32:
0x0384	0x0BFD      	DECFSZ     R13, 1
0x0385	0x2B84      	GOTO       L_main32
0x0386	0x0BFC      	DECFSZ     R12, 1
0x0387	0x2B84      	GOTO       L_main32
0x0388	0x0BFB      	DECFSZ     R11, 1
0x0389	0x2B84      	GOTO       L_main32
0x038A	0x0000      	NOP
0x038B	0x0000      	NOP
;motorAutomation.c,119 :: 		while(motor_key);
L_main33:
0x038C	0x1C87      	BTFSS      RC1_bit, BitPos(RC1_bit+0)
0x038D	0x2B8F      	GOTO       L_main34
0x038E	0x2B8C      	GOTO       L_main33
L_main34:
;motorAutomation.c,120 :: 		}
L_main31:
;motorAutomation.c,121 :: 		}
0x038F	0x2B4C      	GOTO       L_main19
;motorAutomation.c,122 :: 		}
L_end_main:
0x0390	0x2B90      	GOTO       $+0
; end of _main
;motorAutomation.c,11 :: _anode
0x0391	0x34C0 ;_anode+0
0x0392	0x34F9 ;_anode+1
0x0393	0x34A4 ;_anode+2
0x0394	0x34B0 ;_anode+3
0x0395	0x3499 ;_anode+4
0x0396	0x3492 ;_anode+5
0x0397	0x3482 ;_anode+6
0x0398	0x34F8 ;_anode+7
0x0399	0x3480 ;_anode+8
0x039A	0x3490 ;_anode+9
; end of _anode
;motorAutomation.c,12 :: _font
0x039B	0x34C0 ;_font+0
0x039C	0x348E ;_font+1
0x039D	0x34A1 ;_font+2
; end of _font
Symbol List:
//** Routines locations **
//ADDRESS    SIZE    PROCEDURE
//----------------------------------------------
0x0004      [27]    _Interrupt
0x001F       [7]    _RES032
0x0026      [12]    _SETFUN32
0x0032       [4]    _FIXSIGN32
0x0036      [12]    _SETFOV32
0x0042       [3]    _SETFDZ32
0x0045      [13]    _SETIOV3224
0x0052      [81]    _Div_8X8_S
0x00A3      [90]    _NRM4032
0x00FD       [6]    _clear
0x0103       [7]    _____DoICP
0x010A       [8]    _Delay_22us
0x0112      [67]    _double2byte
0x0155      [27]    _ADC_Read
0x0170     [183]    _Div_32x32_FP
0x0227      [16]    _byte2double
0x0237      [71]    _segment_byte
0x027E      [45]    _show_off
0x02AB      [60]    _animation
0x02E7      [40]    _read_time
0x030F      [12]    ___CC2DW
0x031B      [14]    _InitTimer1
0x0329     [104]    _main
//** Variables locations ** 
//ADDRESS    SIZE    VARIABLE
//----------------------------------------------
0x0000       [1]    INDF
0x0002       [1]    PCL
0x0003       [1]    STATUS
0x0004       [1]    FSR
0x0006       [1]    PORTB
0x0007       [0]    RC4_bit
0x0007       [0]    RC3_bit
0x0007       [0]    RC0_bit
0x0007       [1]    PORTC
0x0007       [0]    RC5_bit
0x0007       [0]    RC6_bit
0x0007       [0]    RC1_bit
0x000A       [1]    PCLATH
0x000B       [1]    INTCON
0x000C       [0]    TMR1IF_bit
0x000E       [1]    TMR1L
0x000F       [1]    TMR1H
0x0010       [1]    T1CON
0x001E       [1]    ADRES
0x001F       [1]    ADCON0
0x0020       [1]    __math_tempbD
0x0021       [1]    _anime
0x0022       [2]    _ms
0x0024       [2]    ___DoICPAddr
0x0026       [0]    _timer_flag
0x0026       [0]    _motor_flag
0x0027       [1]    _timeout
0x0028       [1]    _countdown
0x0029       [1]    _adc
0x002A       [1]    ___saveSTATUS
0x002B       [1]    ___savePCLATH
0x002C       [1]    FARG_ADC_Read_channel
0x002C       [1]    FARG_segment_byte_value
0x0070       [1]    R0
0x0071       [1]    R1
0x0072       [1]    R2
0x0073       [1]    R3
0x0074       [1]    R4
0x0075       [1]    R5
0x0076       [1]    R6
0x0077       [1]    R7
0x0078       [1]    R8
0x0079       [1]    R9
0x007A       [1]    R10
0x007B       [1]    R11
0x007C       [1]    R12
0x007D       [1]    R13
0x007E       [1]    R14
0x007F       [1]    R15
0x0086       [1]    TRISB
0x0087       [1]    TRISC
0x008C       [0]    TMR1IE_bit
//** Constants locations ** 
//ADDRESS    SIZE    CONSTANT
//----------------------------------------------
0x0391      [10]    _anode
0x039B       [3]    _font
