;  LST file generated by mikroListExporter - v.2.0 
; Date/Time: 8/19/2016 10:56:24 PM
;----------------------------------------------

;Address Opcode 	ASM
0x0000	0x2961      	GOTO       353
_SETFUN32:
;__Lib_MathDouble.c,138 :: 		
;__Lib_MathDouble.c,145 :: 		
0x0003	0x157B      	BSF        R11, 2
;__Lib_MathDouble.c,146 :: 		
0x0004	0x1FFB      	BTFSS      R11, 7
;__Lib_MathDouble.c,147 :: 		
0x0005	0x280D      	GOTO       SETFUN32EEE
;__Lib_MathDouble.c,148 :: 		
0x0006	0x3001      	MOVLW      1
;__Lib_MathDouble.c,149 :: 		
0x0007	0x00F3      	MOVWF      R3
;__Lib_MathDouble.c,150 :: 		
0x0008	0x01F2      	CLRF       R2
;__Lib_MathDouble.c,151 :: 		
0x0009	0x01F1      	CLRF       R1
;__Lib_MathDouble.c,152 :: 		
0x000A	0x01F0      	CLRF       R0
;__Lib_MathDouble.c,153 :: 		
0x000B	0x0DFA      	RLF        R10, 1
;__Lib_MathDouble.c,154 :: 		
0x000C	0x0CF2      	RRF        R2, 1
;__Lib_MathDouble.c,155 :: 		
SETFUN32EEE:
;__Lib_MathDouble.c,156 :: 		
0x000D	0x30FF      	MOVLW      255
;__Lib_MathDouble.c,158 :: 		
L_end_SETFUN32:
0x000E	0x0008      	RETURN
; end of _SETFUN32
_RES032:
;__Lib_MathDouble.c,123 :: 		
;__Lib_MathDouble.c,128 :: 		
0x000F	0x01F2      	CLRF       R2
;__Lib_MathDouble.c,129 :: 		
0x0010	0x01F1      	CLRF       R1
;__Lib_MathDouble.c,130 :: 		
0x0011	0x01F0      	CLRF       R0
;__Lib_MathDouble.c,131 :: 		
0x0012	0x01F8      	CLRF       R8
;__Lib_MathDouble.c,132 :: 		
0x0013	0x01F3      	CLRF       R3
;__Lib_MathDouble.c,133 :: 		
0x0014	0x3000      	MOVLW      0
;__Lib_MathDouble.c,135 :: 		
L_end_RES032:
0x0015	0x0008      	RETURN
; end of _RES032
_SETFOV32:
;__Lib_MathDouble.c,79 :: 		
;__Lib_MathDouble.c,86 :: 		
0x0016	0x14FB      	BSF        R11, 1
;__Lib_MathDouble.c,87 :: 		
0x0017	0x1FFB      	BTFSS      R11, 7
;__Lib_MathDouble.c,88 :: 		
0x0018	0x2820      	GOTO       SETFOV32EEE
;__Lib_MathDouble.c,89 :: 		
0x0019	0x30FF      	MOVLW      255
;__Lib_MathDouble.c,90 :: 		
0x001A	0x00F3      	MOVWF      R3
;__Lib_MathDouble.c,91 :: 		
0x001B	0x00F2      	MOVWF      R2
;__Lib_MathDouble.c,92 :: 		
0x001C	0x00F1      	MOVWF      R1
;__Lib_MathDouble.c,93 :: 		
0x001D	0x00F0      	MOVWF      R0
;__Lib_MathDouble.c,94 :: 		
0x001E	0x0DFA      	RLF        R10, 1
;__Lib_MathDouble.c,95 :: 		
0x001F	0x0CF2      	RRF        R2, 1
;__Lib_MathDouble.c,96 :: 		
SETFOV32EEE:
;__Lib_MathDouble.c,97 :: 		
0x0020	0x30FF      	MOVLW      255
;__Lib_MathDouble.c,99 :: 		
L_end_SETFOV32:
0x0021	0x0008      	RETURN
; end of _SETFOV32
_FIXSIGN32:
;__Lib_MathDouble.c,112 :: 		
;__Lib_MathDouble.c,116 :: 		
0x0022	0x1FFA      	BTFSS      R10, 7
;__Lib_MathDouble.c,117 :: 		
0x0023	0x13F2      	BCF        R2, 7
;__Lib_MathDouble.c,118 :: 		
0x0024	0x3000      	MOVLW      0
;__Lib_MathDouble.c,120 :: 		
L_end_FIXSIGN32:
0x0025	0x0008      	RETURN
; end of _FIXSIGN32
_NRM4032:
;__Lib_MathDouble.c,245 :: 		
;__Lib_MathDouble.c,252 :: 		
;__Lib_MathDouble.c,254 :: 		
0x0026	0x187C      	BTFSC      R12, 0
;__Lib_MathDouble.c,255 :: 		
0x0027	0x285C      	GOTO       NRMRND4032
;__Lib_MathDouble.c,256 :: 		
0x0028	0x18FC      	BTFSC      R12, 1
;__Lib_MathDouble.c,257 :: 		
0x0029	0x282D      	GOTO       NRM4032
;__Lib_MathDouble.c,258 :: 		
0x002A	0x197C      	BTFSC      R12, 2
;__Lib_MathDouble.c,259 :: 		
0x002B	0x287B      	GOTO       JMPSETFOV32
;__Lib_MathDouble.c,260 :: 		
0x002C	0x2826      	GOTO       $-6
;__Lib_MathDouble.c,261 :: 		
NRM4032:
;__Lib_MathDouble.c,262 :: 		
0x002D	0x01A0      	CLRF       __math_tempbD
;__Lib_MathDouble.c,263 :: 		
0x002E	0x0872      	MOVF       R2, 0
;__Lib_MathDouble.c,264 :: 		
0x002F	0x1D03      	BTFSS      STATUS, 2
;__Lib_MathDouble.c,265 :: 		
0x0030	0x284D      	GOTO       NORM4032
;__Lib_MathDouble.c,266 :: 		
0x0031	0x0871      	MOVF       R1, 0
;__Lib_MathDouble.c,267 :: 		
0x0032	0x00F2      	MOVWF      R2
;__Lib_MathDouble.c,268 :: 		
0x0033	0x0870      	MOVF       R0, 0
;__Lib_MathDouble.c,269 :: 		
0x0034	0x00F1      	MOVWF      R1
;__Lib_MathDouble.c,270 :: 		
0x0035	0x0878      	MOVF       R8, 0
;__Lib_MathDouble.c,271 :: 		
0x0036	0x00F0      	MOVWF      R0
;__Lib_MathDouble.c,272 :: 		
0x0037	0x01F8      	CLRF       R8
;__Lib_MathDouble.c,273 :: 		
0x0038	0x15A0      	BSF        __math_tempbD, 3
;__Lib_MathDouble.c,275 :: 		
0x0039	0x0872      	MOVF       R2, 0
;__Lib_MathDouble.c,276 :: 		
0x003A	0x1D03      	BTFSS      STATUS, 2
;__Lib_MathDouble.c,277 :: 		
0x003B	0x284D      	GOTO       NORM4032
;__Lib_MathDouble.c,278 :: 		
0x003C	0x0871      	MOVF       R1, 0
;__Lib_MathDouble.c,279 :: 		
0x003D	0x00F2      	MOVWF      R2
;__Lib_MathDouble.c,280 :: 		
0x003E	0x0870      	MOVF       R0, 0
;__Lib_MathDouble.c,281 :: 		
0x003F	0x00F1      	MOVWF      R1
;__Lib_MathDouble.c,282 :: 		
0x0040	0x01F0      	CLRF       R0
;__Lib_MathDouble.c,283 :: 		
0x0041	0x11A0      	BCF        __math_tempbD, 3
;__Lib_MathDouble.c,284 :: 		
0x0042	0x1620      	BSF        __math_tempbD, 4
;__Lib_MathDouble.c,286 :: 		
0x0043	0x0872      	MOVF       R2, 0
;__Lib_MathDouble.c,287 :: 		
0x0044	0x1D03      	BTFSS      STATUS, 2
;__Lib_MathDouble.c,288 :: 		
0x0045	0x284D      	GOTO       NORM4032
;__Lib_MathDouble.c,289 :: 		
0x0046	0x0871      	MOVF       R1, 0
;__Lib_MathDouble.c,290 :: 		
0x0047	0x00F2      	MOVWF      R2
;__Lib_MathDouble.c,291 :: 		
0x0048	0x01F1      	CLRF       R1
;__Lib_MathDouble.c,292 :: 		
0x0049	0x15A0      	BSF        __math_tempbD, 3
;__Lib_MathDouble.c,294 :: 		
0x004A	0x0872      	MOVF       R2, 0
;__Lib_MathDouble.c,295 :: 		
0x004B	0x1903      	BTFSC      STATUS, 2
;__Lib_MathDouble.c,296 :: 		
0x004C	0x286F      	GOTO       JMPRES032
;__Lib_MathDouble.c,297 :: 		
NORM4032:
;__Lib_MathDouble.c,298 :: 		
0x004D	0x0820      	MOVF       __math_tempbD, 0
;__Lib_MathDouble.c,299 :: 		
0x004E	0x02F3      	SUBWF      R3, 1
;__Lib_MathDouble.c,300 :: 		
0x004F	0x1D03      	BTFSS      STATUS, 2
;__Lib_MathDouble.c,301 :: 		
0x0050	0x1C03      	BTFSS      STATUS, 0
;__Lib_MathDouble.c,302 :: 		
0x0051	0x2873      	GOTO       JMPSETFUN32
;__Lib_MathDouble.c,303 :: 		
0x0052	0x1003      	BCF        STATUS, 0
;__Lib_MathDouble.c,304 :: 		
NORM4032A:
;__Lib_MathDouble.c,305 :: 		
0x0053	0x1BF2      	BTFSC      R2, 7
;__Lib_MathDouble.c,306 :: 		
0x0054	0x285C      	GOTO       NRMRND4032
;__Lib_MathDouble.c,307 :: 		
0x0055	0x0DF8      	RLF        R8, 1
;__Lib_MathDouble.c,308 :: 		
0x0056	0x0DF0      	RLF        R0, 1
;__Lib_MathDouble.c,309 :: 		
0x0057	0x0DF1      	RLF        R1, 1
;__Lib_MathDouble.c,310 :: 		
0x0058	0x0DF2      	RLF        R2, 1
;__Lib_MathDouble.c,311 :: 		
0x0059	0x0BF3      	DECFSZ     R3, 1
;__Lib_MathDouble.c,312 :: 		
0x005A	0x2853      	GOTO       NORM4032A
;__Lib_MathDouble.c,313 :: 		
0x005B	0x2873      	GOTO       JMPSETFUN32
;__Lib_MathDouble.c,314 :: 		
NRMRND4032:
;__Lib_MathDouble.c,315 :: 		
0x005C	0x1B7B      	BTFSC      R11, 6
;__Lib_MathDouble.c,316 :: 		
0x005D	0x1C70      	BTFSS      R0, 0
;__Lib_MathDouble.c,317 :: 		
0x005E	0x2877      	GOTO       JMPFIXSIGN32
;__Lib_MathDouble.c,318 :: 		
0x005F	0x1FF8      	BTFSS      R8, 7
;__Lib_MathDouble.c,319 :: 		
0x0060	0x2877      	GOTO       JMPFIXSIGN32
;__Lib_MathDouble.c,320 :: 		
0x0061	0x0AF0      	INCF       R0, 1
;__Lib_MathDouble.c,321 :: 		
0x0062	0x1903      	BTFSC      STATUS, 2
;__Lib_MathDouble.c,322 :: 		
0x0063	0x0AF1      	INCF       R1, 1
;__Lib_MathDouble.c,323 :: 		
0x0064	0x1903      	BTFSC      STATUS, 2
;__Lib_MathDouble.c,324 :: 		
0x0065	0x0AF2      	INCF       R2, 1
;__Lib_MathDouble.c,325 :: 		
0x0066	0x1D03      	BTFSS      STATUS, 2
;__Lib_MathDouble.c,326 :: 		
0x0067	0x2877      	GOTO       JMPFIXSIGN32
;__Lib_MathDouble.c,327 :: 		
0x0068	0x0CF2      	RRF        R2, 1
;__Lib_MathDouble.c,328 :: 		
0x0069	0x0CF1      	RRF        R1, 1
;__Lib_MathDouble.c,329 :: 		
0x006A	0x0CF0      	RRF        R0, 1
;__Lib_MathDouble.c,330 :: 		
0x006B	0x0AF3      	INCF       R3, 1
;__Lib_MathDouble.c,331 :: 		
0x006C	0x1903      	BTFSC      STATUS, 2
;__Lib_MathDouble.c,332 :: 		
0x006D	0x287B      	GOTO       JMPSETFOV32
;__Lib_MathDouble.c,333 :: 		
0x006E	0x2877      	GOTO       JMPFIXSIGN32
;__Lib_MathDouble.c,334 :: 		
JMPRES032:
;__Lib_MathDouble.c,335 :: 		
0x006F	0x3001      	MOVLW      1
;__Lib_MathDouble.c,336 :: 		
0x0070	0x00FC      	MOVWF      R12
;__Lib_MathDouble.c,338 :: 		
0x0071	0x200F      	CALL       _RES032
;__Lib_MathDouble.c,340 :: 		
0x0072	0x287E      	GOTO       NRM4032EEE
;__Lib_MathDouble.c,341 :: 		
JMPSETFUN32:
;__Lib_MathDouble.c,342 :: 		
0x0073	0x3002      	MOVLW      2
;__Lib_MathDouble.c,343 :: 		
0x0074	0x00FC      	MOVWF      R12
;__Lib_MathDouble.c,345 :: 		
0x0075	0x2003      	CALL       _SETFUN32
;__Lib_MathDouble.c,347 :: 		
0x0076	0x287E      	GOTO       NRM4032EEE
;__Lib_MathDouble.c,348 :: 		
JMPFIXSIGN32:
;__Lib_MathDouble.c,349 :: 		
0x0077	0x3004      	MOVLW      4
;__Lib_MathDouble.c,350 :: 		
0x0078	0x00FC      	MOVWF      R12
;__Lib_MathDouble.c,352 :: 		
0x0079	0x2022      	CALL       _FIXSIGN32
;__Lib_MathDouble.c,354 :: 		
0x007A	0x287E      	GOTO       NRM4032EEE
;__Lib_MathDouble.c,355 :: 		
JMPSETFOV32:
;__Lib_MathDouble.c,356 :: 		
0x007B	0x3008      	MOVLW      8
;__Lib_MathDouble.c,357 :: 		
0x007C	0x00FC      	MOVWF      R12
;__Lib_MathDouble.c,359 :: 		
0x007D	0x2016      	CALL       _SETFOV32
;__Lib_MathDouble.c,361 :: 		
NRM4032EEE:
;__Lib_MathDouble.c,362 :: 		
0x007E	0x0000      	NOP
;__Lib_MathDouble.c,370 :: 		
L_end_NRM4032:
0x007F	0x0008      	RETURN
; end of _NRM4032
_Delay_22us:
;__Lib_Delays.c,15 :: 		void Delay_22us() {
;__Lib_Delays.c,16 :: 		Delay_us(22);
0x0080	0x300E      	MOVLW      14
0x0081	0x1283      	BCF        STATUS, 5
0x0082	0x1303      	BCF        STATUS, 6
0x0083	0x00FD      	MOVWF      R13
L_Delay_22us1:
0x0084	0x0BFD      	DECFSZ     R13, 1
0x0085	0x2884      	GOTO       L_Delay_22us1
0x0086	0x0000      	NOP
;__Lib_Delays.c,17 :: 		}
L_end_Delay_22us:
0x0087	0x0008      	RETURN
; end of _Delay_22us
_byte2double:
;__Lib_MathDouble.c,1778 :: 		
;__Lib_MathDouble.c,1785 :: 		
0x0088	0x1283      	BCF        STATUS, 5
;__Lib_MathDouble.c,1786 :: 		
0x0089	0x1303      	BCF        STATUS, 6
;__Lib_MathDouble.c,1788 :: 		
0x008A	0x0870      	MOVF       R0, 0
;__Lib_MathDouble.c,1789 :: 		
0x008B	0x00F8      	MOVWF      R8
;__Lib_MathDouble.c,1791 :: 		
0x008C	0x01FB      	CLRF       R11
;__Lib_MathDouble.c,1792 :: 		
0x008D	0x01FC      	CLRF       R12
;__Lib_MathDouble.c,1794 :: 		
0x008E	0x309E      	MOVLW      158
;__Lib_MathDouble.c,1795 :: 		
0x008F	0x00F3      	MOVWF      R3
;__Lib_MathDouble.c,1796 :: 		
0x0090	0x01FA      	CLRF       R10
;__Lib_MathDouble.c,1797 :: 		
0x0091	0x01F2      	CLRF       R2
;__Lib_MathDouble.c,1798 :: 		
0x0092	0x01F1      	CLRF       R1
;__Lib_MathDouble.c,1799 :: 		
0x0093	0x01F0      	CLRF       R0
;__Lib_MathDouble.c,1800 :: 		
0x0094	0x3002      	MOVLW      2
;__Lib_MathDouble.c,1801 :: 		
0x0095	0x00FC      	MOVWF      R12
;__Lib_MathDouble.c,1803 :: 		
0x0096	0x2026      	CALL       _NRM4032
;__Lib_MathDouble.c,1804 :: 		
L_end_byte2double:
0x0097	0x0008      	RETURN
; end of _byte2double
_Div_8X8_U:
;__Lib_Math.c,189 :: 		
;__Lib_Math.c,196 :: 		
0x0098	0x1283      	BCF        STATUS, 5
;__Lib_Math.c,197 :: 		
0x0099	0x1303      	BCF        STATUS, 6
;__Lib_Math.c,198 :: 		
0x009A	0x01F8      	CLRF       R8
;__Lib_Math.c,199 :: 		
0x009B	0x3008      	MOVLW      8
;__Lib_Math.c,200 :: 		
0x009C	0x00FC      	MOVWF      R12
;__Lib_Math.c,201 :: 		
0x009D	0x0D70      	RLF        R0, 0
;__Lib_Math.c,202 :: 		
0x009E	0x0DF8      	RLF        R8, 1
;__Lib_Math.c,203 :: 		
0x009F	0x0874      	MOVF       R4, 0
;__Lib_Math.c,204 :: 		
0x00A0	0x02F8      	SUBWF      R8, 1
;__Lib_Math.c,205 :: 		
0x00A1	0x1803      	BTFSC      STATUS, 0
;__Lib_Math.c,206 :: 		
0x00A2	0x28A5      	GOTO       $+3
;__Lib_Math.c,207 :: 		
0x00A3	0x07F8      	ADDWF      R8, 1
;__Lib_Math.c,208 :: 		
0x00A4	0x1003      	BCF        STATUS, 0
;__Lib_Math.c,209 :: 		
0x00A5	0x0DF0      	RLF        R0, 1
;__Lib_Math.c,210 :: 		
0x00A6	0x0BFC      	DECFSZ     R12, 1
;__Lib_Math.c,211 :: 		
0x00A7	0x289D      	GOTO       $-10
;__Lib_Math.c,213 :: 		
L_end_Div_8X8_U:
0x00A8	0x0008      	RETURN
; end of _Div_8X8_U
_ADC_Read:
;__Lib_ADC_A_A.c,39 :: 		
;__Lib_ADC_A_A.c,41 :: 		
0x00A9	0x1283      	BCF        STATUS, 5
0x00AA	0x1303      	BCF        STATUS, 6
0x00AB	0x019F      	CLRF       ADCON0
;__Lib_ADC_A_A.c,42 :: 		
0x00AC	0x30C0      	MOVLW      192
0x00AD	0x049F      	IORWF      ADCON0, 1
;__Lib_ADC_A_A.c,43 :: 		
0x00AE	0x082C      	MOVF       FARG_ADC_Read_channel, 0
0x00AF	0x00F0      	MOVWF      R0
0x00B0	0x0DF0      	RLF        R0, 1
0x00B1	0x1070      	BCF        R0, 0
0x00B2	0x0DF0      	RLF        R0, 1
0x00B3	0x1070      	BCF        R0, 0
0x00B4	0x0DF0      	RLF        R0, 1
0x00B5	0x1070      	BCF        R0, 0
0x00B6	0x0870      	MOVF       R0, 0
0x00B7	0x049F      	IORWF      ADCON0, 1
;__Lib_ADC_A_A.c,44 :: 		
0x00B8	0x141F      	BSF        ADCON0, 0
;__Lib_ADC_A_A.c,47 :: 		
0x00B9	0x2080      	CALL       _Delay_22us
;__Lib_ADC_A_A.c,50 :: 		
0x00BA	0x151F      	BSF        ADCON0, 2
;__Lib_ADC_A_A.c,53 :: 		
L_ADC_Read2:
0x00BB	0x1D1F      	BTFSS      ADCON0, 2
0x00BC	0x28BF      	GOTO       L_ADC_Read3
;__Lib_ADC_A_A.c,54 :: 		
0x00BD	0x0000      	NOP
0x00BE	0x28BB      	GOTO       L_ADC_Read2
L_ADC_Read3:
;__Lib_ADC_A_A.c,57 :: 		
0x00BF	0x101F      	BCF        ADCON0, 0
;__Lib_ADC_A_A.c,58 :: 		
0x00C0	0x081E      	MOVF       ADRES, 0
0x00C1	0x00F0      	MOVWF      R0
0x00C2	0x01F1      	CLRF       R0+1
;__Lib_ADC_A_A.c,60 :: 		
L_end_ADC_Read:
0x00C3	0x0008      	RETURN
; end of _ADC_Read
_Compare_Double:
;__Lib_MathDouble.c,2053 :: 		
;__Lib_MathDouble.c,2062 :: 		
;__Lib_MathDouble.c,2064 :: 		
0x00C4	0x1283      	BCF        STATUS, 5
;__Lib_MathDouble.c,2065 :: 		
0x00C5	0x1303      	BCF        STATUS, 6
;__Lib_MathDouble.c,2067 :: 		
0x00C6	0x01FA      	CLRF       R10
;__Lib_MathDouble.c,2068 :: 		
0x00C7	0x0873      	MOVF       R3, 0
;__Lib_MathDouble.c,2069 :: 		
0x00C8	0x1D03      	BTFSS      STATUS, 2
;__Lib_MathDouble.c,2070 :: 		
0x00C9	0x147A      	BSF        R10, 0
;__Lib_MathDouble.c,2071 :: 		
0x00CA	0x0877      	MOVF       R7, 0
;__Lib_MathDouble.c,2072 :: 		
0x00CB	0x1D03      	BTFSS      STATUS, 2
;__Lib_MathDouble.c,2073 :: 		
0x00CC	0x14FA      	BSF        R10, 1
;__Lib_MathDouble.c,2075 :: 		
0x00CD	0x087A      	MOVF       R10, 0
;__Lib_MathDouble.c,2076 :: 		
0x00CE	0x1903      	BTFSC      STATUS, 2
;__Lib_MathDouble.c,2077 :: 		
0x00CF	0x2910      	GOTO       COMPARE_EQU
;__Lib_MathDouble.c,2078 :: 		
0x00D0	0x3A03      	XORLW      3
;__Lib_MathDouble.c,2079 :: 		
0x00D1	0x1903      	BTFSC      STATUS, 2
;__Lib_MathDouble.c,2080 :: 		
0x00D2	0x28DB      	GOTO       COMPARE_NOTZERO
;__Lib_MathDouble.c,2082 :: 		
0x00D3	0x187A      	BTFSC      R10, 0
;__Lib_MathDouble.c,2083 :: 		
0x00D4	0x28D8      	GOTO       COMPARE_XNOTZERO
;__Lib_MathDouble.c,2085 :: 		
0x00D5	0x1FF6      	BTFSS      R6, 7
;__Lib_MathDouble.c,2086 :: 		
0x00D6	0x290E      	GOTO       COMPARE_LT
;__Lib_MathDouble.c,2087 :: 		
0x00D7	0x290C      	GOTO       COMPARE_GT
;__Lib_MathDouble.c,2088 :: 		
COMPARE_XNOTZERO:
;__Lib_MathDouble.c,2089 :: 		
0x00D8	0x1FF2      	BTFSS      R2, 7
;__Lib_MathDouble.c,2090 :: 		
0x00D9	0x290C      	GOTO       COMPARE_GT
;__Lib_MathDouble.c,2091 :: 		
0x00DA	0x290E      	GOTO       COMPARE_LT
;__Lib_MathDouble.c,2093 :: 		
COMPARE_NOTZERO:
;__Lib_MathDouble.c,2094 :: 		
0x00DB	0x0872      	MOVF       R2, 0
;__Lib_MathDouble.c,2095 :: 		
0x00DC	0x3980      	ANDLW      128
;__Lib_MathDouble.c,2096 :: 		
0x00DD	0x00FA      	MOVWF      R10
;__Lib_MathDouble.c,2097 :: 		
0x00DE	0x13F2      	BCF        R2, 7
;__Lib_MathDouble.c,2099 :: 		
0x00DF	0x0876      	MOVF       R6, 0
;__Lib_MathDouble.c,2100 :: 		
0x00E0	0x3980      	ANDLW      128
;__Lib_MathDouble.c,2101 :: 		
0x00E1	0x13F6      	BCF        R6, 7
;__Lib_MathDouble.c,2103 :: 		
0x00E2	0x067A      	XORWF      R10, 0
;__Lib_MathDouble.c,2104 :: 		
0x00E3	0x1903      	BTFSC      STATUS, 2
;__Lib_MathDouble.c,2105 :: 		
0x00E4	0x28E9      	GOTO       COMPARE_TESTALL
;__Lib_MathDouble.c,2107 :: 		
0x00E5	0x087A      	MOVF       R10, 0
;__Lib_MathDouble.c,2108 :: 		
0x00E6	0x1903      	BTFSC      STATUS, 2
;__Lib_MathDouble.c,2109 :: 		
0x00E7	0x290C      	GOTO       COMPARE_GT
;__Lib_MathDouble.c,2110 :: 		
0x00E8	0x290E      	GOTO       COMPARE_LT
;__Lib_MathDouble.c,2112 :: 		
COMPARE_TESTALL:
;__Lib_MathDouble.c,2113 :: 		
0x00E9	0x0877      	MOVF       R7, 0
;__Lib_MathDouble.c,2114 :: 		
0x00EA	0x0273      	SUBWF      R3, 0
;__Lib_MathDouble.c,2115 :: 		
0x00EB	0x1903      	BTFSC      STATUS, 2
;__Lib_MathDouble.c,2116 :: 		
0x00EC	0x28F0      	GOTO       COMPARE_C1
;__Lib_MathDouble.c,2117 :: 		
0x00ED	0x1C03      	BTFSS      STATUS, 0
;__Lib_MathDouble.c,2118 :: 		
0x00EE	0x2904      	GOTO       GT_FALSE
;__Lib_MathDouble.c,2119 :: 		
0x00EF	0x2908      	GOTO       GT_TRUE
;__Lib_MathDouble.c,2120 :: 		
COMPARE_C1:
;__Lib_MathDouble.c,2121 :: 		
0x00F0	0x0876      	MOVF       R6, 0
;__Lib_MathDouble.c,2122 :: 		
0x00F1	0x0272      	SUBWF      R2, 0
;__Lib_MathDouble.c,2123 :: 		
0x00F2	0x1903      	BTFSC      STATUS, 2
;__Lib_MathDouble.c,2124 :: 		
0x00F3	0x28F7      	GOTO       COMPARE_C2
;__Lib_MathDouble.c,2125 :: 		
0x00F4	0x1C03      	BTFSS      STATUS, 0
;__Lib_MathDouble.c,2126 :: 		
0x00F5	0x2904      	GOTO       GT_FALSE
;__Lib_MathDouble.c,2127 :: 		
0x00F6	0x2908      	GOTO       GT_TRUE
;__Lib_MathDouble.c,2128 :: 		
COMPARE_C2:
;__Lib_MathDouble.c,2129 :: 		
0x00F7	0x0875      	MOVF       R5, 0
;__Lib_MathDouble.c,2130 :: 		
0x00F8	0x0271      	SUBWF      R1, 0
;__Lib_MathDouble.c,2131 :: 		
0x00F9	0x1903      	BTFSC      STATUS, 2
;__Lib_MathDouble.c,2132 :: 		
0x00FA	0x28FE      	GOTO       COMPARE_C3
;__Lib_MathDouble.c,2133 :: 		
0x00FB	0x1C03      	BTFSS      STATUS, 0
;__Lib_MathDouble.c,2134 :: 		
0x00FC	0x2904      	GOTO       GT_FALSE
;__Lib_MathDouble.c,2135 :: 		
0x00FD	0x2908      	GOTO       GT_TRUE
;__Lib_MathDouble.c,2136 :: 		
COMPARE_C3:
;__Lib_MathDouble.c,2137 :: 		
0x00FE	0x0874      	MOVF       R4, 0
;__Lib_MathDouble.c,2138 :: 		
0x00FF	0x0270      	SUBWF      R0, 0
;__Lib_MathDouble.c,2139 :: 		
0x0100	0x1903      	BTFSC      STATUS, 2
;__Lib_MathDouble.c,2140 :: 		
0x0101	0x2910      	GOTO       COMPARE_EQU
;__Lib_MathDouble.c,2141 :: 		
0x0102	0x1803      	BTFSC      STATUS, 0
;__Lib_MathDouble.c,2142 :: 		
0x0103	0x2908      	GOTO       GT_TRUE
;__Lib_MathDouble.c,2144 :: 		
GT_FALSE:
;__Lib_MathDouble.c,2145 :: 		
0x0104	0x08FA      	MOVF       R10, 1
;__Lib_MathDouble.c,2146 :: 		
0x0105	0x1903      	BTFSC      STATUS, 2
;__Lib_MathDouble.c,2147 :: 		
0x0106	0x290E      	GOTO       COMPARE_LT
;__Lib_MathDouble.c,2148 :: 		
0x0107	0x290C      	GOTO       COMPARE_GT
;__Lib_MathDouble.c,2149 :: 		
GT_TRUE:
;__Lib_MathDouble.c,2150 :: 		
0x0108	0x08FA      	MOVF       R10, 1
;__Lib_MathDouble.c,2151 :: 		
0x0109	0x1903      	BTFSC      STATUS, 2
;__Lib_MathDouble.c,2152 :: 		
0x010A	0x290C      	GOTO       COMPARE_GT
;__Lib_MathDouble.c,2153 :: 		
0x010B	0x290E      	GOTO       COMPARE_LT
;__Lib_MathDouble.c,2155 :: 		
COMPARE_GT:
;__Lib_MathDouble.c,2158 :: 		
0x010C	0x1403      	BSF        STATUS, 0
;__Lib_MathDouble.c,2159 :: 		
0x010D	0x0008      	RETURN
;__Lib_MathDouble.c,2160 :: 		
COMPARE_LT:
;__Lib_MathDouble.c,2163 :: 		
0x010E	0x1003      	BCF        STATUS, 0
;__Lib_MathDouble.c,2164 :: 		
0x010F	0x0008      	RETURN
;__Lib_MathDouble.c,2165 :: 		
COMPARE_EQU:
;__Lib_MathDouble.c,2168 :: 		
0x0110	0x1403      	BSF        STATUS, 0
;__Lib_MathDouble.c,2169 :: 		
0x0111	0x1503      	BSF        STATUS, 2
;__Lib_MathDouble.c,2170 :: 		
0x0112	0x0008      	RETURN
;__Lib_MathDouble.c,2172 :: 		
L_end_Compare_Double:
0x0113	0x0008      	RETURN
; end of _Compare_Double
_____DoICP:
;__Lib_System.c,6 :: 		
;__Lib_System.c,9 :: 		
0x0114	0x1283      	BCF        STATUS, 5
0x0115	0x1303      	BCF        STATUS, 6
0x0116	0x0822      	MOVF       ___DoICPAddr+1, 0
0x0117	0x008A      	MOVWF      PCLATH
;__Lib_System.c,10 :: 		
0x0118	0x0821      	MOVF       ___DoICPAddr, 0
0x0119	0x0082      	MOVWF      PCL
;__Lib_System.c,12 :: 		
L_end_____DoICP:
0x011A	0x0008      	RETURN
; end of _____DoICP
_batt_volt:
;charger.c,7 :: 		float batt_volt(){
;charger.c,9 :: 		adc = adc_read(0);
0x011B	0x1283      	BCF        STATUS, 5
0x011C	0x1303      	BCF        STATUS, 6
0x011D	0x01AC      	CLRF       FARG_ADC_Read_channel
0x011E	0x20A9      	CALL       _ADC_Read
;charger.c,10 :: 		volt = adc / 17; //get 15v maximum
0x011F	0x3011      	MOVLW      17
0x0120	0x00F4      	MOVWF      R4
0x0121	0x2098      	CALL       _Div_8X8_U
0x0122	0x2088      	CALL       _byte2double
;charger.c,11 :: 		return volt;
;charger.c,12 :: 		}
L_end_batt_volt:
0x0123	0x0008      	RETURN
; end of _batt_volt
___CC2DW:
;__Lib_System.c,134 :: 		
;__Lib_System.c,137 :: 		
_CC2D_Loop1:
;__Lib_System.c,139 :: 		
0x0124	0x2114      	CALL       _____DoICP
0x0125	0x118A      	BCF        PCLATH, 3
0x0126	0x120A      	BCF        PCLATH, 4
;__Lib_System.c,141 :: 		
0x0127	0x0080      	MOVWF      INDF
;__Lib_System.c,142 :: 		
0x0128	0x0A84      	INCF       FSR, 1
;__Lib_System.c,143 :: 		
0x0129	0x0AA1      	INCF       ___DoICPAddr, 1
;__Lib_System.c,145 :: 		
0x012A	0x1903      	BTFSC      STATUS, 2
;__Lib_System.c,146 :: 		
0x012B	0x0AA2      	INCF       ___DoICPAddr+1, 1
;__Lib_System.c,147 :: 		
0x012C	0x03F0      	DECF       R0, 1
;__Lib_System.c,149 :: 		
0x012D	0x1D03      	BTFSS      STATUS, 2
;__Lib_System.c,150 :: 		
0x012E	0x2924      	GOTO       _CC2D_Loop1
;__Lib_System.c,152 :: 		
L_end___CC2DW:
0x012F	0x0008      	RETURN
; end of ___CC2DW
_charging:
;charger.c,14 :: 		void charging(){
;charger.c,15 :: 		float volt = batt_volt();
0x0130	0x211B      	CALL       _batt_volt
0x0131	0x0870      	MOVF       R0, 0
0x0132	0x00A8      	MOVWF      charging_volt_L0
0x0133	0x0871      	MOVF       R0+1, 0
0x0134	0x00A9      	MOVWF      charging_volt_L0+1
0x0135	0x0872      	MOVF       R0+2, 0
0x0136	0x00AA      	MOVWF      charging_volt_L0+2
0x0137	0x0873      	MOVF       R0+3, 0
0x0138	0x00AB      	MOVWF      charging_volt_L0+3
;charger.c,16 :: 		while(volt < 13.5){
L_charging0:
0x0139	0x3000      	MOVLW      0
0x013A	0x00F4      	MOVWF      R4
0x013B	0x3000      	MOVLW      0
0x013C	0x00F5      	MOVWF      R4+1
0x013D	0x3058      	MOVLW      88
0x013E	0x00F6      	MOVWF      R4+2
0x013F	0x3082      	MOVLW      130
0x0140	0x00F7      	MOVWF      R4+3
0x0141	0x0828      	MOVF       charging_volt_L0, 0
0x0142	0x00F0      	MOVWF      R0
0x0143	0x0829      	MOVF       charging_volt_L0+1, 0
0x0144	0x00F1      	MOVWF      R0+1
0x0145	0x082A      	MOVF       charging_volt_L0+2, 0
0x0146	0x00F2      	MOVWF      R0+2
0x0147	0x082B      	MOVF       charging_volt_L0+3, 0
0x0148	0x00F3      	MOVWF      R0+3
0x0149	0x20C4      	CALL       _Compare_Double
0x014A	0x3001      	MOVLW      1
0x014B	0x1803      	BTFSC      STATUS, 0
0x014C	0x3000      	MOVLW      0
0x014D	0x00F0      	MOVWF      R0
0x014E	0x0870      	MOVF       R0, 0
0x014F	0x1903      	BTFSC      STATUS, 2
0x0150	0x2960      	GOTO       L_charging1
;charger.c,17 :: 		volt = batt_volt();
0x0151	0x211B      	CALL       _batt_volt
0x0152	0x0870      	MOVF       R0, 0
0x0153	0x00A8      	MOVWF      charging_volt_L0
0x0154	0x0871      	MOVF       R0+1, 0
0x0155	0x00A9      	MOVWF      charging_volt_L0+1
0x0156	0x0872      	MOVF       R0+2, 0
0x0157	0x00AA      	MOVWF      charging_volt_L0+2
0x0158	0x0873      	MOVF       R0+3, 0
0x0159	0x00AB      	MOVWF      charging_volt_L0+3
;charger.c,18 :: 		ch_led = 1; lo_led = 0;
0x015A	0x1406      	BSF        PORTB, 0
0x015B	0x1086      	BCF        PORTB, 1
;charger.c,19 :: 		hi_led = 0; rly = 1;
0x015C	0x1106      	BCF        PORTB, 2
0x015D	0x1407      	BSF        PORTC, 0
;charger.c,20 :: 		normal = 0;
0x015E	0x1186      	BCF        PORTB, 3
;charger.c,21 :: 		}
0x015F	0x2939      	GOTO       L_charging0
L_charging1:
;charger.c,22 :: 		}
L_end_charging:
0x0160	0x0008      	RETURN
; end of _charging
_main:
;charger.c,24 :: 		void main() {
;charger.c,25 :: 		trisb = 0; trisc = 0;
0x0161	0x1683      	BSF        STATUS, 5
0x0162	0x1303      	BCF        STATUS, 6
0x0163	0x0186      	CLRF       TRISB
0x0164	0x0187      	CLRF       TRISC
;charger.c,26 :: 		portb = 0; portc = 0;
0x0165	0x1283      	BCF        STATUS, 5
0x0166	0x0186      	CLRF       PORTB
0x0167	0x0187      	CLRF       PORTC
;charger.c,28 :: 		while(1){
L_main2:
;charger.c,30 :: 		float volt = batt_volt();
0x0168	0x211B      	CALL       _batt_volt
0x0169	0x0870      	MOVF       R0, 0
0x016A	0x00A4      	MOVWF      main_volt_L1
0x016B	0x0871      	MOVF       R0+1, 0
0x016C	0x00A5      	MOVWF      main_volt_L1+1
0x016D	0x0872      	MOVF       R0+2, 0
0x016E	0x00A6      	MOVWF      main_volt_L1+2
0x016F	0x0873      	MOVF       R0+3, 0
0x0170	0x00A7      	MOVWF      main_volt_L1+3
;charger.c,31 :: 		if(volt <= 11){  //low Batt
0x0171	0x0870      	MOVF       R0, 0
0x0172	0x00F4      	MOVWF      R4
0x0173	0x0871      	MOVF       R0+1, 0
0x0174	0x00F5      	MOVWF      R4+1
0x0175	0x0872      	MOVF       R0+2, 0
0x0176	0x00F6      	MOVWF      R4+2
0x0177	0x0873      	MOVF       R0+3, 0
0x0178	0x00F7      	MOVWF      R4+3
0x0179	0x3000      	MOVLW      0
0x017A	0x00F0      	MOVWF      R0
0x017B	0x3000      	MOVLW      0
0x017C	0x00F1      	MOVWF      R0+1
0x017D	0x3030      	MOVLW      48
0x017E	0x00F2      	MOVWF      R0+2
0x017F	0x3082      	MOVLW      130
0x0180	0x00F3      	MOVWF      R0+3
0x0181	0x20C4      	CALL       _Compare_Double
0x0182	0x3001      	MOVLW      1
0x0183	0x1C03      	BTFSS      STATUS, 0
0x0184	0x3000      	MOVLW      0
0x0185	0x00F0      	MOVWF      R0
0x0186	0x0870      	MOVF       R0, 0
0x0187	0x1903      	BTFSC      STATUS, 2
0x0188	0x29AD      	GOTO       L_main4
;charger.c,32 :: 		volt = batt_volt();
0x0189	0x211B      	CALL       _batt_volt
0x018A	0x0870      	MOVF       R0, 0
0x018B	0x00A4      	MOVWF      main_volt_L1
0x018C	0x0871      	MOVF       R0+1, 0
0x018D	0x00A5      	MOVWF      main_volt_L1+1
0x018E	0x0872      	MOVF       R0+2, 0
0x018F	0x00A6      	MOVWF      main_volt_L1+2
0x0190	0x0873      	MOVF       R0+3, 0
0x0191	0x00A7      	MOVWF      main_volt_L1+3
;charger.c,33 :: 		ch_led = 0; lo_led = 1;
0x0192	0x1006      	BCF        PORTB, 0
0x0193	0x1486      	BSF        PORTB, 1
;charger.c,34 :: 		hi_led = 0; rly = 0;
0x0194	0x1106      	BCF        PORTB, 2
0x0195	0x1007      	BCF        PORTC, 0
;charger.c,35 :: 		normal = 0;
0x0196	0x1186      	BCF        PORTB, 3
;charger.c,36 :: 		for(delay=0;delay<10;delay++){  //count down to Charge
0x0197	0x01A3      	CLRF       main_delay_L1
L_main5:
0x0198	0x300A      	MOVLW      10
0x0199	0x0223      	SUBWF      main_delay_L1, 0
0x019A	0x1803      	BTFSC      STATUS, 0
0x019B	0x29AC      	GOTO       L_main6
;charger.c,37 :: 		delay_ms(1000);
0x019C	0x300B      	MOVLW      11
0x019D	0x00FB      	MOVWF      R11
0x019E	0x3026      	MOVLW      38
0x019F	0x00FC      	MOVWF      R12
0x01A0	0x305D      	MOVLW      93
0x01A1	0x00FD      	MOVWF      R13
L_main8:
0x01A2	0x0BFD      	DECFSZ     R13, 1
0x01A3	0x29A2      	GOTO       L_main8
0x01A4	0x0BFC      	DECFSZ     R12, 1
0x01A5	0x29A2      	GOTO       L_main8
0x01A6	0x0BFB      	DECFSZ     R11, 1
0x01A7	0x29A2      	GOTO       L_main8
0x01A8	0x0000      	NOP
0x01A9	0x0000      	NOP
;charger.c,36 :: 		for(delay=0;delay<10;delay++){  //count down to Charge
0x01AA	0x0AA3      	INCF       main_delay_L1, 1
;charger.c,38 :: 		}
0x01AB	0x2998      	GOTO       L_main5
L_main6:
;charger.c,39 :: 		charging();
0x01AC	0x2130      	CALL       _charging
;charger.c,40 :: 		}
L_main4:
;charger.c,41 :: 		while(volt >= 13.5){  //high Batt
L_main9:
0x01AD	0x3000      	MOVLW      0
0x01AE	0x00F4      	MOVWF      R4
0x01AF	0x3000      	MOVLW      0
0x01B0	0x00F5      	MOVWF      R4+1
0x01B1	0x3058      	MOVLW      88
0x01B2	0x00F6      	MOVWF      R4+2
0x01B3	0x3082      	MOVLW      130
0x01B4	0x00F7      	MOVWF      R4+3
0x01B5	0x0824      	MOVF       main_volt_L1, 0
0x01B6	0x00F0      	MOVWF      R0
0x01B7	0x0825      	MOVF       main_volt_L1+1, 0
0x01B8	0x00F1      	MOVWF      R0+1
0x01B9	0x0826      	MOVF       main_volt_L1+2, 0
0x01BA	0x00F2      	MOVWF      R0+2
0x01BB	0x0827      	MOVF       main_volt_L1+3, 0
0x01BC	0x00F3      	MOVWF      R0+3
0x01BD	0x20C4      	CALL       _Compare_Double
0x01BE	0x3001      	MOVLW      1
0x01BF	0x1C03      	BTFSS      STATUS, 0
0x01C0	0x3000      	MOVLW      0
0x01C1	0x00F0      	MOVWF      R0
0x01C2	0x0870      	MOVF       R0, 0
0x01C3	0x1903      	BTFSC      STATUS, 2
0x01C4	0x29D4      	GOTO       L_main10
;charger.c,42 :: 		volt = batt_volt();
0x01C5	0x211B      	CALL       _batt_volt
0x01C6	0x0870      	MOVF       R0, 0
0x01C7	0x00A4      	MOVWF      main_volt_L1
0x01C8	0x0871      	MOVF       R0+1, 0
0x01C9	0x00A5      	MOVWF      main_volt_L1+1
0x01CA	0x0872      	MOVF       R0+2, 0
0x01CB	0x00A6      	MOVWF      main_volt_L1+2
0x01CC	0x0873      	MOVF       R0+3, 0
0x01CD	0x00A7      	MOVWF      main_volt_L1+3
;charger.c,43 :: 		ch_led = 0; lo_led = 0;
0x01CE	0x1006      	BCF        PORTB, 0
0x01CF	0x1086      	BCF        PORTB, 1
;charger.c,44 :: 		hi_led = 1; rly = 0;
0x01D0	0x1506      	BSF        PORTB, 2
0x01D1	0x1007      	BCF        PORTC, 0
;charger.c,45 :: 		normal = 0;
0x01D2	0x1186      	BCF        PORTB, 3
;charger.c,46 :: 		}
0x01D3	0x29AD      	GOTO       L_main9
L_main10:
;charger.c,47 :: 		ch_led = 0; lo_led = 0;
0x01D4	0x1006      	BCF        PORTB, 0
0x01D5	0x1086      	BCF        PORTB, 1
;charger.c,48 :: 		hi_led = 0; rly = 0;
0x01D6	0x1106      	BCF        PORTB, 2
0x01D7	0x1007      	BCF        PORTC, 0
;charger.c,49 :: 		normal = 1;
0x01D8	0x1586      	BSF        PORTB, 3
;charger.c,50 :: 		}
0x01D9	0x2968      	GOTO       L_main2
;charger.c,51 :: 		}
L_end_main:
0x01DA	0x29DA      	GOTO       $+0
; end of _main
Symbol List:
//** Routines locations **
//ADDRESS    SIZE    PROCEDURE
//----------------------------------------------
0x0003      [12]    _SETFUN32
0x000F       [7]    _RES032
0x0016      [12]    _SETFOV32
0x0022       [4]    _FIXSIGN32
0x0026      [90]    _NRM4032
0x0080       [8]    _Delay_22us
0x0088      [16]    _byte2double
0x0098      [17]    _Div_8X8_U
0x00A9      [27]    _ADC_Read
0x00C4      [80]    _Compare_Double
0x0114       [7]    _____DoICP
0x011B       [9]    _batt_volt
0x0124      [12]    ___CC2DW
0x0130      [49]    _charging
0x0161     [122]    _main
//** Variables locations ** 
//ADDRESS    SIZE    VARIABLE
//----------------------------------------------
0x0000       [1]    INDF
0x0002       [1]    PCL
0x0003       [1]    STATUS
0x0004       [1]    FSR
0x0006       [1]    PORTB
0x0007       [1]    PORTC
0x000A       [1]    PCLATH
0x001E       [1]    ADRES
0x001F       [1]    ADCON0
0x0020       [1]    __math_tempbD
0x0021       [2]    ___DoICPAddr
0x0023       [1]    main_delay_L1
0x0024       [4]    main_volt_L1
0x0028       [4]    charging_volt_L0
0x002C       [1]    FARG_ADC_Read_channel
0x0070       [1]    R0
0x0071       [1]    R1
0x0072       [1]    R2
0x0073       [1]    R3
0x0074       [1]    R4
0x0075       [1]    R5
0x0076       [1]    R6
0x0077       [1]    R7
0x0078       [1]    R8
0x0079       [1]    R9
0x007A       [1]    R10
0x007B       [1]    R11
0x007C       [1]    R12
0x007D       [1]    R13
0x007E       [1]    R14
0x007F       [1]    R15
0x0086       [1]    TRISB
0x0087       [1]    TRISC
//** Label List: ** 
//----------------------------------------------
  L_charging0
  L_charging1
  L_main2
  L_main3
  L_main4
  L_main5
  L_main6
  L_main7
  L_main8
  L_main9
  L_main10
  L_end_batt_volt
  _batt_volt
  L_end_charging
  _charging
  L_end_main
  _main
  L_ADC_Get_Sample0
  L_ADC_Get_Sample1
  L_ADC_Read2
  L_ADC_Read3
  L_end_ADC_Init
  _ADC_Init
  L_end_ADC_Get_Sample
  _ADC_Get_Sample
  L_end_ADC_Read
  _ADC_Read
  L_Delay_10us0
  L_Delay_22us1
  L_Delay_50us2
  L_Delay_80us3
  L_Delay_500us4
  L_Delay_5500us5
  L_Delay_1ms6
  L_Delay_5ms7
  L_Delay_8ms8
  L_Delay_10ms9
  L_Delay_100ms10
  L_Delay_1sec11
  L_boot16_Delay_5ms12
  L_Delay_Cyc13
  L_Delay_Cyc14
  L_VDelay_ms15
  L_VDelay_ms16
  L_VDelay_ms17
  L_VDelay_Advanced_ms18
  L_VDelay_Advanced_ms19
  L_VDelay_Advanced_ms20
  L_end_Get_Fosc_kHz
  _Get_Fosc_kHz
  L_end_Delay_1us
  _Delay_1us
  L_end_Delay_10us
  _Delay_10us
  L_end_Delay_22us
  _Delay_22us
  L_end_Delay_50us
  _Delay_50us
  L_end_Delay_80us
  _Delay_80us
  L_end_Delay_500us
  _Delay_500us
  L_end_Delay_5500us
  _Delay_5500us
  L_end_Delay_1ms
  _Delay_1ms
  L_end_Delay_5ms
  _Delay_5ms
  L_end_Delay_8ms
  _Delay_8ms
  L_end_Delay_10ms
  _Delay_10ms
  L_end_Delay_100ms
  _Delay_100ms
  L_end_Delay_1sec
  _Delay_1sec
  L_end_boot16_Delay_5ms
  _boot16_Delay_5ms
  L_end_Delay_Cyc
  _Delay_Cyc
  L_end_VDelay_ms
  _VDelay_ms
  L__VDelay_ms38
  L__VDelay_ms39
  L__VDelay_ms40
  L_end_VDelay_Advanced_ms
  _VDelay_Advanced_ms
  L__VDelay_Advanced_ms42
  L__VDelay_Advanced_ms43
  L__VDelay_Advanced_ms44
  L_Div_16x16_S0
  L_Div_16x16_S1
  LOOPS3232A
  SADD22LA
  SOK22LA
  SADD22L8
  SOK22L8
  LOOPS3232B
  SADD22LB
  SOK22LB
  SADD22L16
  SOK22L16
  LOOPS3232C
  SADD22LC
  SOK22LC
  SADD22L24
  SOK22L24
  LOOPS3232D
  SADD22LD
  SOK22LD
  SOK22L
  L_Div_32x32_S6
  L_Div_32x32_S7
  L_Div_32x32_S8
  L_Div_32x32_S9
  FXD3232S
  END_ALL
  CA3232S
  C3232SX
  C3232SX1
  C3232S
  C3232S2
  C3232SX4
  C3232SOK
  C3232SX3
  C3232SX2
  avoid_comfrem
  LOOPU3232A
  UADD22LA
  UOK22LA
  UADD22L8
  UOK22L8
  LOOPU3232B
  UADD22LB
  UOK22LB
  UADD22L16
  UOK22L16
  LOOPU3232C
  UADD22LC
  UOK22LC
  UADD22L24
  UOK22L24
  LOOPU3232D
  UADD22LD
  UOK22LD
  UOK22L
  _NEXT
  _EXIT2
  _LOOP
  _EXIT1
  _IF_FIRST
  _IF_SECOND
  _INVERCE_FIRST
  _MULT
  _INBERSE_SECOND
  _EXIT
  L_end_Mul_8X8_U
  _Mul_8X8_U
  L_end_Mul_16X16_U
  _Mul_16X16_U
  L_end_Div_8X8_U
  _Div_8X8_U
  L_end_Div_16X16_U
  _Div_16X16_U
  L_end_Mul_8X8_S
  _Mul_8X8_S
  L_end_Mul_16X16_S
  _Mul_16X16_S
  L_end_Div_16x16_S_L
  _Div_16x16_S_L
  L_end_Div_16x16_S
  _Div_16x16_S
  L_end_Div_8X8_S
  _Div_8X8_S
  L_end_SDIV3232L
  _SDIV3232L
  L_end_COMFREM
  _COMFREM
  L_end_Div_32x32_S
  _Div_32x32_S
  L_end_Div_32x32_U
  _Div_32x32_U
  L_end_Mul_32x32_U
  _Mul_32x32_U
  L_end_Mul_32x32_S
  _Mul_32x32_S
  SETFOV32EEE
  SETFUN32EEE
  NORM3232
  JPNRES032
  JPNSETFUN32
  NORM3232A
  JMPNFIXSIGN32
  NORM32EEE
  NRMRND4032
  NRM4032
  JMPSETFOV32
  NORM4032
  JMPRES032
  JMPSETFUN32
  NORM4032A
  JMPFIXSIGN32
  NRM4032EEE
  USEA32
  JMPEEE
  ALIGNED32
  ALIGNB32
  ALOOPB32
  AOK32
  ACOMP32
  JMPNRMRND4032
  ADD_JMPSETFOV32
  JMPNRM4032
  JMPNRM32
  ADD32EEE
  FPM32
  JPMRES032
  M32BNE0
  MTUN32
  JPMSETFOV32
  MOK32
  JPMSETFUN32
  MLOOP32
  MNOADD32
  MADD32
  MROUND32
  MUL32OK
  MUL32EEE
  L_Div_32x32_FP7
  L_Div_32x32_FP8
  L_Div_32x32_FP9
  L_Div_32x32_FP10
  FPD32
  JPDSETFDZ32
  JPDRES032
  D32BNE0
  TALIGN32
  TS1ALIGN32
  TS2ALIGN32
  DALIGN32OK
  ALTB32
  AGEB32
  JPDSETFOV32
  DARGOK32
  JPDSETFUN32
  DLOOP32
  DS132
  DS232
  DREST32
  DOK32
  DAREST32
  DROUND32
  DIV32OK
  DIV32EEE
  SETIOV3224EEE
  INT3232U
  INT3232UEOK
  SETEXP32U
  SETIOV32U
  TSHIFT3232U
  SHIFT3232UOK
  SHIFT3232U
  INT3232UOK
  JPLSETIOV3224
  IRES032U
  INT3232UEER
  INT3232UEEE
  L_Double2Longword_0
  INT3232
  INT3232EOK
  SETIOV32
  TSHIFT3232
  SHIFT3232OK
  SHIFT3232
  INT3232OK
  JPISETIOV3224
  IRES032
  INT3232EER
  INT3232EEE
  L_Double2Longint_0
  INT3216
  IRES016
  SETIOV16
  TSHIFT3216
  SHIFT3216OK
  SHIFT3216
  INT3216OK
  JPJSETIOV3224
  INT3216EOK
  INT3216EER
  INT3216EEE
  L_Double2Int_0
  INT3216U
  IRES016U
  SETEXP16U
  SETIOV16U
  TSHIFT3216U
  SHIFT3216UOK
  SHIFT3216U
  INT3216UOK
  JPKSETIOV3224
  INT3216UEOK
  INT3216UEER
  INT3216UEEE
  L_Double2Word_0
  INT32U08
  IRES008
  SETEXP08
  SETIOV08
  TSHIFT3208
  SHIFT3208OK
  SHIFT3208
  INT3208OK
  D2B_JPKSETIOV3224
  INT3208EOK
  INT3208EER
  INT3208EEE
  L_Double2Byte_0
  FLO08U32
  FLO1632
  FLO1632EEE
  FLO16U32
  FLO3232
  FLO3232EEE
  FLO32U32
  EQU_FALSE
  COMPARE_EQU
  COMPARE_NOTZERO
  COMPARE_XNOTZERO
  COMPARE_YNOTZERO
  COMPARE_LT
  COMPARE_GT
  COMPARE_TESTALL
  COMPARE_C1
  GT_FALSE
  GT_TRUE
  COMPARE_C2
  COMPARE_C3
  L_end_SETFOV32
  _SETFOV32
  L_end_SETFDZ32
  _SETFDZ32
  L_end_FIXSIGN32
  _FIXSIGN32
  L_end_RES032
  _RES032
  L_end_SETFUN32
  _SETFUN32
  L_end_NRM3232
  _NRM3232
  L_end_NRM4032
  _NRM4032
  L_end_Add_32x32_FP
  _Add_32x32_FP
  L_end_Sub_32x32_FP
  _Sub_32x32_FP
  L_end_Mul_32x32_FP
  _Mul_32x32_FP
  L_end_Div_32x32_FP
  _Div_32x32_FP
  L_end_SETIOV3224
  _SETIOV3224
  L_end_double2longword
  _double2longword
  L_end_double2longint
  _double2longint
  L_end_double2int
  _double2int
  L_end_double2word
  _double2word
  L_end_double2byte
  _double2byte
  L_end_byte2double
  _byte2double
  L_end_int2double
  _int2double
  L_end_word2double
  _word2double
  L_end_longint2double
  _longint2double
  L_end_longword2double
  _longword2double
  L_end_Equals_Double
  _Equals_Double
  L_end_Compare_Double
  _Compare_Double
  L_loopCA2AWs
  L_CA2AWend
  _CCA2AW_Loop1
  L_loopCS2Ss
  L_CS2Send
  _CCS2S_Loop1
  L_CCS2Send
  L_loopFZinSWs
  L_FZinSend
  _CC2D_Loop1
  L_end_____DoICP
  _____DoICP
  L_end_____DoIFC
  _____DoIFC
  L_end___CA2AW
  ___CA2AW
  L_end___CCA2AW
  ___CCA2AW
  L_end___CS2S
  ___CS2S
  L_end___CCS2S
  ___CCS2S
  L_end___FZinS
  ___FZinS
  L_end___CC2DW
  ___CC2DW
  L_end_Swap
  _Swap
