;  LST file generated by mikroListExporter - v.2.0 
; Date/Time: 26-Aug-16 1:57:00 AM
;----------------------------------------------

;Address Opcode 	ASM
0x0000	0x2A81      	GOTO       641
_Delay_1us:
;__Lib_Delays.c,7 :: 		void Delay_1us() {
;__Lib_Delays.c,8 :: 		Delay_us(1);
0x0003	0x0000      	NOP
0x0004	0x0000      	NOP
;__Lib_Delays.c,9 :: 		}
L_end_Delay_1us:
0x0005	0x0008      	RETURN
; end of _Delay_1us
_Delay_5500us:
;__Lib_Delays.c,31 :: 		void Delay_5500us() {
;__Lib_Delays.c,32 :: 		Delay_us(5500);
0x0006	0x300F      	MOVLW      15
0x0007	0x1283      	BCF        STATUS, 5
0x0008	0x1303      	BCF        STATUS, 6
0x0009	0x00FC      	MOVWF      R12
0x000A	0x3047      	MOVLW      71
0x000B	0x00FD      	MOVWF      R13
L_Delay_5500us5:
0x000C	0x0BFD      	DECFSZ     R13, 1
0x000D	0x280C      	GOTO       L_Delay_5500us5
0x000E	0x0BFC      	DECFSZ     R12, 1
0x000F	0x280C      	GOTO       L_Delay_5500us5
0x0010	0x0000      	NOP
0x0011	0x0000      	NOP
;__Lib_Delays.c,33 :: 		}
L_end_Delay_5500us:
0x0012	0x0008      	RETURN
; end of _Delay_5500us
_Delay_50us:
;__Lib_Delays.c,19 :: 		void Delay_50us() {
;__Lib_Delays.c,20 :: 		Delay_us(50);
0x0013	0x3021      	MOVLW      33
0x0014	0x1283      	BCF        STATUS, 5
0x0015	0x1303      	BCF        STATUS, 6
0x0016	0x00FD      	MOVWF      R13
L_Delay_50us2:
0x0017	0x0BFD      	DECFSZ     R13, 1
0x0018	0x2817      	GOTO       L_Delay_50us2
;__Lib_Delays.c,21 :: 		}
L_end_Delay_50us:
0x0019	0x0008      	RETURN
; end of _Delay_50us
_Lcd_Cmd:
;__Lib_Lcd.c,18 :: 		
;__Lib_Lcd.c,20 :: 		
0x001A	0x1683      	BSF        STATUS, 5
0x001B	0x1303      	BCF        STATUS, 6
0x001C	0x1BCB      	BTFSC      FARG_Lcd_Cmd_out_char, 7
0x001D	0x2821      	GOTO       L__Lcd_Cmd21
0x001E	0x1283      	BCF        STATUS, 5
0x001F	0x1386      	BCF        LCD_D7, BitPos(LCD_D7+0)
0x0020	0x2823      	GOTO       L__Lcd_Cmd22
L__Lcd_Cmd21:
0x0021	0x1283      	BCF        STATUS, 5
0x0022	0x1786      	BSF        LCD_D7, BitPos(LCD_D7+0)
L__Lcd_Cmd22:
;__Lib_Lcd.c,21 :: 		
0x0023	0x1683      	BSF        STATUS, 5
0x0024	0x1B4B      	BTFSC      FARG_Lcd_Cmd_out_char, 6
0x0025	0x2829      	GOTO       L__Lcd_Cmd23
0x0026	0x1283      	BCF        STATUS, 5
0x0027	0x1306      	BCF        LCD_D6, BitPos(LCD_D6+0)
0x0028	0x282B      	GOTO       L__Lcd_Cmd24
L__Lcd_Cmd23:
0x0029	0x1283      	BCF        STATUS, 5
0x002A	0x1706      	BSF        LCD_D6, BitPos(LCD_D6+0)
L__Lcd_Cmd24:
;__Lib_Lcd.c,22 :: 		
0x002B	0x1683      	BSF        STATUS, 5
0x002C	0x1ACB      	BTFSC      FARG_Lcd_Cmd_out_char, 5
0x002D	0x2831      	GOTO       L__Lcd_Cmd25
0x002E	0x1283      	BCF        STATUS, 5
0x002F	0x1286      	BCF        LCD_D5, BitPos(LCD_D5+0)
0x0030	0x2833      	GOTO       L__Lcd_Cmd26
L__Lcd_Cmd25:
0x0031	0x1283      	BCF        STATUS, 5
0x0032	0x1686      	BSF        LCD_D5, BitPos(LCD_D5+0)
L__Lcd_Cmd26:
;__Lib_Lcd.c,23 :: 		
0x0033	0x1683      	BSF        STATUS, 5
0x0034	0x1A4B      	BTFSC      FARG_Lcd_Cmd_out_char, 4
0x0035	0x2839      	GOTO       L__Lcd_Cmd27
0x0036	0x1283      	BCF        STATUS, 5
0x0037	0x1206      	BCF        LCD_D4, BitPos(LCD_D4+0)
0x0038	0x283B      	GOTO       L__Lcd_Cmd28
L__Lcd_Cmd27:
0x0039	0x1283      	BCF        STATUS, 5
0x003A	0x1606      	BSF        LCD_D4, BitPos(LCD_D4+0)
L__Lcd_Cmd28:
;__Lib_Lcd.c,25 :: 		
0x003B	0x186E      	BTFSC      __Lib_Lcd_cmd_status, BitPos(__Lib_Lcd_cmd_status+0)
0x003C	0x283F      	GOTO       L__Lcd_Cmd29
0x003D	0x1506      	BSF        LCD_RS, BitPos(LCD_RS+0)
0x003E	0x2840      	GOTO       L__Lcd_Cmd30
L__Lcd_Cmd29:
0x003F	0x1106      	BCF        LCD_RS, BitPos(LCD_RS+0)
L__Lcd_Cmd30:
;__Lib_Lcd.c,28 :: 		
0x0040	0x1586      	BSF        LCD_EN, BitPos(LCD_EN+0)
;__Lib_Lcd.c,29 :: 		
0x0041	0x2003      	CALL       _Delay_1us
;__Lib_Lcd.c,30 :: 		
0x0042	0x1186      	BCF        LCD_EN, BitPos(LCD_EN+0)
;__Lib_Lcd.c,33 :: 		
0x0043	0x1683      	BSF        STATUS, 5
0x0044	0x19CB      	BTFSC      FARG_Lcd_Cmd_out_char, 3
0x0045	0x2849      	GOTO       L__Lcd_Cmd31
0x0046	0x1283      	BCF        STATUS, 5
0x0047	0x1386      	BCF        LCD_D7, BitPos(LCD_D7+0)
0x0048	0x284B      	GOTO       L__Lcd_Cmd32
L__Lcd_Cmd31:
0x0049	0x1283      	BCF        STATUS, 5
0x004A	0x1786      	BSF        LCD_D7, BitPos(LCD_D7+0)
L__Lcd_Cmd32:
;__Lib_Lcd.c,34 :: 		
0x004B	0x1683      	BSF        STATUS, 5
0x004C	0x194B      	BTFSC      FARG_Lcd_Cmd_out_char, 2
0x004D	0x2851      	GOTO       L__Lcd_Cmd33
0x004E	0x1283      	BCF        STATUS, 5
0x004F	0x1306      	BCF        LCD_D6, BitPos(LCD_D6+0)
0x0050	0x2853      	GOTO       L__Lcd_Cmd34
L__Lcd_Cmd33:
0x0051	0x1283      	BCF        STATUS, 5
0x0052	0x1706      	BSF        LCD_D6, BitPos(LCD_D6+0)
L__Lcd_Cmd34:
;__Lib_Lcd.c,35 :: 		
0x0053	0x1683      	BSF        STATUS, 5
0x0054	0x18CB      	BTFSC      FARG_Lcd_Cmd_out_char, 1
0x0055	0x2859      	GOTO       L__Lcd_Cmd35
0x0056	0x1283      	BCF        STATUS, 5
0x0057	0x1286      	BCF        LCD_D5, BitPos(LCD_D5+0)
0x0058	0x285B      	GOTO       L__Lcd_Cmd36
L__Lcd_Cmd35:
0x0059	0x1283      	BCF        STATUS, 5
0x005A	0x1686      	BSF        LCD_D5, BitPos(LCD_D5+0)
L__Lcd_Cmd36:
;__Lib_Lcd.c,36 :: 		
0x005B	0x1683      	BSF        STATUS, 5
0x005C	0x184B      	BTFSC      FARG_Lcd_Cmd_out_char, 0
0x005D	0x2861      	GOTO       L__Lcd_Cmd37
0x005E	0x1283      	BCF        STATUS, 5
0x005F	0x1206      	BCF        LCD_D4, BitPos(LCD_D4+0)
0x0060	0x2863      	GOTO       L__Lcd_Cmd38
L__Lcd_Cmd37:
0x0061	0x1283      	BCF        STATUS, 5
0x0062	0x1606      	BSF        LCD_D4, BitPos(LCD_D4+0)
L__Lcd_Cmd38:
;__Lib_Lcd.c,38 :: 		
0x0063	0x186E      	BTFSC      __Lib_Lcd_cmd_status, BitPos(__Lib_Lcd_cmd_status+0)
0x0064	0x2867      	GOTO       L__Lcd_Cmd39
0x0065	0x1506      	BSF        LCD_RS, BitPos(LCD_RS+0)
0x0066	0x2868      	GOTO       L__Lcd_Cmd40
L__Lcd_Cmd39:
0x0067	0x1106      	BCF        LCD_RS, BitPos(LCD_RS+0)
L__Lcd_Cmd40:
;__Lib_Lcd.c,40 :: 		
0x0068	0x1586      	BSF        LCD_EN, BitPos(LCD_EN+0)
;__Lib_Lcd.c,41 :: 		
0x0069	0x2003      	CALL       _Delay_1us
;__Lib_Lcd.c,42 :: 		
0x006A	0x1186      	BCF        LCD_EN, BitPos(LCD_EN+0)
;__Lib_Lcd.c,44 :: 		
0x006B	0x1C6E      	BTFSS      __Lib_Lcd_cmd_status, BitPos(__Lib_Lcd_cmd_status+0)
0x006C	0x286F      	GOTO       L_Lcd_Cmd0
;__Lib_Lcd.c,45 :: 		
0x006D	0x2006      	CALL       _Delay_5500us
0x006E	0x2870      	GOTO       L_Lcd_Cmd1
L_Lcd_Cmd0:
;__Lib_Lcd.c,47 :: 		
0x006F	0x2013      	CALL       _Delay_50us
L_Lcd_Cmd1:
;__Lib_Lcd.c,48 :: 		
L_end_Lcd_Cmd:
0x0070	0x0008      	RETURN
; end of _Lcd_Cmd
_Lcd_Chr_CP:
;__Lib_Lcd.c,50 :: 		
;__Lib_Lcd.c,52 :: 		
0x0071	0x1283      	BCF        STATUS, 5
0x0072	0x1303      	BCF        STATUS, 6
0x0073	0x106E      	BCF        __Lib_Lcd_cmd_status, BitPos(__Lib_Lcd_cmd_status+0)
;__Lib_Lcd.c,53 :: 		
0x0074	0x1683      	BSF        STATUS, 5
0x0075	0x084A      	MOVF       FARG_Lcd_Chr_CP_out_char, 0
0x0076	0x00CB      	MOVWF      FARG_Lcd_Cmd_out_char
0x0077	0x201A      	CALL       _Lcd_Cmd
;__Lib_Lcd.c,54 :: 		
0x0078	0x146E      	BSF        __Lib_Lcd_cmd_status, BitPos(__Lib_Lcd_cmd_status+0)
;__Lib_Lcd.c,55 :: 		
L_end_Lcd_Chr_CP:
0x0079	0x0008      	RETURN
; end of _Lcd_Chr_CP
_UART1_Write:
;__Lib_UART_c67.c,39 :: 		
;__Lib_UART_c67.c,40 :: 		
L_UART1_Write3:
0x007A	0x1683      	BSF        STATUS, 5
0x007B	0x1303      	BCF        STATUS, 6
0x007C	0x1898      	BTFSC      TXSTA, 1
0x007D	0x2880      	GOTO       L_UART1_Write4
;__Lib_UART_c67.c,41 :: 		
0x007E	0x0000      	NOP
0x007F	0x287A      	GOTO       L_UART1_Write3
L_UART1_Write4:
;__Lib_UART_c67.c,42 :: 		
0x0080	0x084A      	MOVF       FARG_UART1_Write_data_, 0
0x0081	0x1283      	BCF        STATUS, 5
0x0082	0x0099      	MOVWF      TXREG
;__Lib_UART_c67.c,43 :: 		
L_end_UART1_Write:
0x0083	0x0008      	RETURN
; end of _UART1_Write
_____DoICP:
;__Lib_System.c,6 :: 		
;__Lib_System.c,9 :: 		
0x0084	0x1283      	BCF        STATUS, 5
0x0085	0x1303      	BCF        STATUS, 6
0x0086	0x086B      	MOVF       ___DoICPAddr+1, 0
0x0087	0x008A      	MOVWF      PCLATH
;__Lib_System.c,10 :: 		
0x0088	0x086A      	MOVF       ___DoICPAddr, 0
0x0089	0x0082      	MOVWF      PCL
;__Lib_System.c,12 :: 		
L_end_____DoICP:
0x008A	0x0008      	RETURN
; end of _____DoICP
_linefeed:
;gsm_sms_read.h,4 :: 		void linefeed(){
;gsm_sms_read.h,5 :: 		UART1_Write(13);
0x008B	0x300D      	MOVLW      13
0x008C	0x1683      	BSF        STATUS, 5
0x008D	0x1303      	BCF        STATUS, 6
0x008E	0x00CA      	MOVWF      FARG_UART1_Write_data_
0x008F	0x207A      	CALL       _UART1_Write
;gsm_sms_read.h,6 :: 		UART1_Write(10);
0x0090	0x300A      	MOVLW      10
0x0091	0x1683      	BSF        STATUS, 5
0x0092	0x00CA      	MOVWF      FARG_UART1_Write_data_
0x0093	0x207A      	CALL       _UART1_Write
;gsm_sms_read.h,7 :: 		delay_ms(20);
0x0094	0x3034      	MOVLW      52
0x0095	0x00FC      	MOVWF      R12
0x0096	0x30F1      	MOVLW      241
0x0097	0x00FD      	MOVWF      R13
L_linefeed0:
0x0098	0x0BFD      	DECFSZ     R13, 1
0x0099	0x2898      	GOTO       L_linefeed0
0x009A	0x0BFC      	DECFSZ     R12, 1
0x009B	0x2898      	GOTO       L_linefeed0
0x009C	0x0000      	NOP
0x009D	0x0000      	NOP
;gsm_sms_read.h,8 :: 		}
L_end_linefeed:
0x009E	0x0008      	RETURN
; end of _linefeed
_UART1_Read:
;__Lib_UART_c67.c,21 :: 		
;__Lib_UART_c67.c,24 :: 		
0x009F	0x1283      	BCF        STATUS, 5
0x00A0	0x1303      	BCF        STATUS, 6
0x00A1	0x081A      	MOVF       RCREG, 0
0x00A2	0x00F1      	MOVWF      R1
;__Lib_UART_c67.c,25 :: 		
0x00A3	0x1C98      	BTFSS      RCSTA, 1
0x00A4	0x28A7      	GOTO       L_UART1_Read2
;__Lib_UART_c67.c,26 :: 		
0x00A5	0x1218      	BCF        RCSTA, 4
;__Lib_UART_c67.c,27 :: 		
0x00A6	0x1618      	BSF        RCSTA, 4
;__Lib_UART_c67.c,28 :: 		
L_UART1_Read2:
;__Lib_UART_c67.c,29 :: 		
0x00A7	0x0871      	MOVF       R1, 0
0x00A8	0x00F0      	MOVWF      R0
;__Lib_UART_c67.c,30 :: 		
L_end_UART1_Read:
0x00A9	0x0008      	RETURN
; end of _UART1_Read
_Lcd_Out:
;__Lib_Lcd.c,184 :: 		
;__Lib_Lcd.c,187 :: 		
0x00AA	0x28BC      	GOTO       L_Lcd_Out11
;__Lib_Lcd.c,188 :: 		
L_Lcd_Out13:
0x00AB	0x3080      	MOVLW      128
0x00AC	0x1683      	BSF        STATUS, 5
0x00AD	0x1303      	BCF        STATUS, 6
0x00AE	0x00C6      	MOVWF      FARG_Lcd_Out_row
0x00AF	0x28CF      	GOTO       L_Lcd_Out12
;__Lib_Lcd.c,189 :: 		
L_Lcd_Out14:
0x00B0	0x30C0      	MOVLW      192
0x00B1	0x00C6      	MOVWF      FARG_Lcd_Out_row
0x00B2	0x28CF      	GOTO       L_Lcd_Out12
;__Lib_Lcd.c,190 :: 		
L_Lcd_Out15:
0x00B3	0x3094      	MOVLW      148
0x00B4	0x00C6      	MOVWF      FARG_Lcd_Out_row
0x00B5	0x28CF      	GOTO       L_Lcd_Out12
;__Lib_Lcd.c,191 :: 		
L_Lcd_Out16:
0x00B6	0x30D4      	MOVLW      212
0x00B7	0x00C6      	MOVWF      FARG_Lcd_Out_row
0x00B8	0x28CF      	GOTO       L_Lcd_Out12
;__Lib_Lcd.c,192 :: 		
L_Lcd_Out17:
0x00B9	0x3080      	MOVLW      128
0x00BA	0x00C6      	MOVWF      FARG_Lcd_Out_row
;__Lib_Lcd.c,193 :: 		
0x00BB	0x28CF      	GOTO       L_Lcd_Out12
L_Lcd_Out11:
0x00BC	0x1683      	BSF        STATUS, 5
0x00BD	0x1303      	BCF        STATUS, 6
0x00BE	0x0846      	MOVF       FARG_Lcd_Out_row, 0
0x00BF	0x3A01      	XORLW      1
0x00C0	0x1903      	BTFSC      STATUS, 2
0x00C1	0x28AB      	GOTO       L_Lcd_Out13
0x00C2	0x0846      	MOVF       FARG_Lcd_Out_row, 0
0x00C3	0x3A02      	XORLW      2
0x00C4	0x1903      	BTFSC      STATUS, 2
0x00C5	0x28B0      	GOTO       L_Lcd_Out14
0x00C6	0x0846      	MOVF       FARG_Lcd_Out_row, 0
0x00C7	0x3A03      	XORLW      3
0x00C8	0x1903      	BTFSC      STATUS, 2
0x00C9	0x28B3      	GOTO       L_Lcd_Out15
0x00CA	0x0846      	MOVF       FARG_Lcd_Out_row, 0
0x00CB	0x3A04      	XORLW      4
0x00CC	0x1903      	BTFSC      STATUS, 2
0x00CD	0x28B6      	GOTO       L_Lcd_Out16
0x00CE	0x28B9      	GOTO       L_Lcd_Out17
L_Lcd_Out12:
;__Lib_Lcd.c,194 :: 		
0x00CF	0x0347      	DECF       FARG_Lcd_Out_column, 0
0x00D0	0x1283      	BCF        STATUS, 5
0x00D1	0x00F0      	MOVWF      R0
0x00D2	0x1683      	BSF        STATUS, 5
0x00D3	0x0846      	MOVF       FARG_Lcd_Out_row, 0
0x00D4	0x1283      	BCF        STATUS, 5
0x00D5	0x07F0      	ADDWF      R0, 1
0x00D6	0x0870      	MOVF       R0, 0
0x00D7	0x1683      	BSF        STATUS, 5
0x00D8	0x00C6      	MOVWF      FARG_Lcd_Out_row
;__Lib_Lcd.c,196 :: 		
0x00D9	0x1283      	BCF        STATUS, 5
0x00DA	0x0870      	MOVF       R0, 0
0x00DB	0x1683      	BSF        STATUS, 5
0x00DC	0x00CB      	MOVWF      FARG_Lcd_Cmd_out_char
0x00DD	0x201A      	CALL       _Lcd_Cmd
;__Lib_Lcd.c,197 :: 		
0x00DE	0x106E      	BCF        __Lib_Lcd_cmd_status, BitPos(__Lib_Lcd_cmd_status+0)
;__Lib_Lcd.c,198 :: 		
0x00DF	0x1683      	BSF        STATUS, 5
0x00E0	0x01C9      	CLRF       Lcd_Out_i_L0
;__Lib_Lcd.c,199 :: 		
L_Lcd_Out18:
0x00E1	0x0849      	MOVF       Lcd_Out_i_L0, 0
0x00E2	0x0748      	ADDWF      FARG_Lcd_Out_text, 0
0x00E3	0x0084      	MOVWF      FSR
0x00E4	0x0800      	MOVF       INDF, 0
0x00E5	0x1903      	BTFSC      STATUS, 2
0x00E6	0x28F0      	GOTO       L_Lcd_Out19
;__Lib_Lcd.c,200 :: 		
0x00E7	0x0849      	MOVF       Lcd_Out_i_L0, 0
0x00E8	0x0748      	ADDWF      FARG_Lcd_Out_text, 0
0x00E9	0x0084      	MOVWF      FSR
0x00EA	0x0800      	MOVF       INDF, 0
0x00EB	0x00CA      	MOVWF      FARG_Lcd_Chr_CP_out_char
0x00EC	0x2071      	CALL       _Lcd_Chr_CP
0x00ED	0x1683      	BSF        STATUS, 5
0x00EE	0x0AC9      	INCF       Lcd_Out_i_L0, 1
0x00EF	0x28E1      	GOTO       L_Lcd_Out18
L_Lcd_Out19:
;__Lib_Lcd.c,201 :: 		
0x00F0	0x1283      	BCF        STATUS, 5
0x00F1	0x146E      	BSF        __Lib_Lcd_cmd_status, BitPos(__Lib_Lcd_cmd_status+0)
;__Lib_Lcd.c,202 :: 		
L_end_Lcd_Out:
0x00F2	0x0008      	RETURN
; end of _Lcd_Out
_UART1_Data_Ready:
;__Lib_UART_c67.c,16 :: 		
;__Lib_UART_c67.c,17 :: 		
0x00F3	0x3000      	MOVLW      0
0x00F4	0x1283      	BCF        STATUS, 5
0x00F5	0x1303      	BCF        STATUS, 6
0x00F6	0x1A8C      	BTFSC      PIR1, 5
0x00F7	0x3001      	MOVLW      1
0x00F8	0x00F0      	MOVWF      R0
;__Lib_UART_c67.c,18 :: 		
L_end_UART1_Data_Ready:
0x00F9	0x0008      	RETURN
; end of _UART1_Data_Ready
_UART1_Write_Text:
;__Lib_UART_c67.c,47 :: 		
;__Lib_UART_c67.c,48 :: 		
0x00FA	0x1683      	BSF        STATUS, 5
0x00FB	0x1303      	BCF        STATUS, 6
0x00FC	0x01C8      	CLRF       UART1_Write_Text_counter_L0
;__Lib_UART_c67.c,50 :: 		
0x00FD	0x0846      	MOVF       FARG_UART1_Write_Text_uart_text, 0
0x00FE	0x0084      	MOVWF      FSR
0x00FF	0x0800      	MOVF       INDF, 0
0x0100	0x00C7      	MOVWF      UART1_Write_Text_data__L0
;__Lib_UART_c67.c,51 :: 		
L_UART1_Write_Text5:
0x0101	0x0847      	MOVF       UART1_Write_Text_data__L0, 0
0x0102	0x3A00      	XORLW      0
0x0103	0x1903      	BTFSC      STATUS, 2
0x0104	0x2910      	GOTO       L_UART1_Write_Text6
;__Lib_UART_c67.c,52 :: 		
0x0105	0x0847      	MOVF       UART1_Write_Text_data__L0, 0
0x0106	0x00CA      	MOVWF      FARG_UART1_Write_data_
0x0107	0x207A      	CALL       _UART1_Write
;__Lib_UART_c67.c,53 :: 		
0x0108	0x1683      	BSF        STATUS, 5
0x0109	0x0AC8      	INCF       UART1_Write_Text_counter_L0, 1
;__Lib_UART_c67.c,54 :: 		
0x010A	0x0848      	MOVF       UART1_Write_Text_counter_L0, 0
0x010B	0x0746      	ADDWF      FARG_UART1_Write_Text_uart_text, 0
0x010C	0x0084      	MOVWF      FSR
0x010D	0x0800      	MOVF       INDF, 0
0x010E	0x00C7      	MOVWF      UART1_Write_Text_data__L0
;__Lib_UART_c67.c,55 :: 		
0x010F	0x2901      	GOTO       L_UART1_Write_Text5
L_UART1_Write_Text6:
;__Lib_UART_c67.c,56 :: 		
L_end_UART1_Write_Text:
0x0110	0x0008      	RETURN
; end of _UART1_Write_Text
_Div_8X8_U:
;__Lib_Math.c,189 :: 		
;__Lib_Math.c,196 :: 		
0x0111	0x1283      	BCF        STATUS, 5
;__Lib_Math.c,197 :: 		
0x0112	0x1303      	BCF        STATUS, 6
;__Lib_Math.c,198 :: 		
0x0113	0x01F8      	CLRF       R8
;__Lib_Math.c,199 :: 		
0x0114	0x3008      	MOVLW      8
;__Lib_Math.c,200 :: 		
0x0115	0x00FC      	MOVWF      R12
;__Lib_Math.c,201 :: 		
0x0116	0x0D70      	RLF        R0, 0
;__Lib_Math.c,202 :: 		
0x0117	0x0DF8      	RLF        R8, 1
;__Lib_Math.c,203 :: 		
0x0118	0x0874      	MOVF       R4, 0
;__Lib_Math.c,204 :: 		
0x0119	0x02F8      	SUBWF      R8, 1
;__Lib_Math.c,205 :: 		
0x011A	0x1803      	BTFSC      STATUS, 0
;__Lib_Math.c,206 :: 		
0x011B	0x291E      	GOTO       $+3
;__Lib_Math.c,207 :: 		
0x011C	0x07F8      	ADDWF      R8, 1
;__Lib_Math.c,208 :: 		
0x011D	0x1003      	BCF        STATUS, 0
;__Lib_Math.c,209 :: 		
0x011E	0x0DF0      	RLF        R0, 1
;__Lib_Math.c,210 :: 		
0x011F	0x0BFC      	DECFSZ     R12, 1
;__Lib_Math.c,211 :: 		
0x0120	0x2916      	GOTO       $-10
;__Lib_Math.c,213 :: 		
L_end_Div_8X8_U:
0x0121	0x0008      	RETURN
; end of _Div_8X8_U
_Lcd_Chr:
;__Lib_Lcd.c,65 :: 		
;__Lib_Lcd.c,66 :: 		
0x0122	0x2934      	GOTO       L_Lcd_Chr4
;__Lib_Lcd.c,67 :: 		
L_Lcd_Chr6:
0x0123	0x3080      	MOVLW      128
0x0124	0x1683      	BSF        STATUS, 5
0x0125	0x1303      	BCF        STATUS, 6
0x0126	0x00C6      	MOVWF      FARG_Lcd_Chr_row
0x0127	0x2947      	GOTO       L_Lcd_Chr5
;__Lib_Lcd.c,68 :: 		
L_Lcd_Chr7:
0x0128	0x30C0      	MOVLW      192
0x0129	0x00C6      	MOVWF      FARG_Lcd_Chr_row
0x012A	0x2947      	GOTO       L_Lcd_Chr5
;__Lib_Lcd.c,69 :: 		
L_Lcd_Chr8:
0x012B	0x3094      	MOVLW      148
0x012C	0x00C6      	MOVWF      FARG_Lcd_Chr_row
0x012D	0x2947      	GOTO       L_Lcd_Chr5
;__Lib_Lcd.c,70 :: 		
L_Lcd_Chr9:
0x012E	0x30D4      	MOVLW      212
0x012F	0x00C6      	MOVWF      FARG_Lcd_Chr_row
0x0130	0x2947      	GOTO       L_Lcd_Chr5
;__Lib_Lcd.c,71 :: 		
L_Lcd_Chr10:
0x0131	0x3080      	MOVLW      128
0x0132	0x00C6      	MOVWF      FARG_Lcd_Chr_row
;__Lib_Lcd.c,72 :: 		
0x0133	0x2947      	GOTO       L_Lcd_Chr5
L_Lcd_Chr4:
0x0134	0x1683      	BSF        STATUS, 5
0x0135	0x1303      	BCF        STATUS, 6
0x0136	0x0846      	MOVF       FARG_Lcd_Chr_row, 0
0x0137	0x3A01      	XORLW      1
0x0138	0x1903      	BTFSC      STATUS, 2
0x0139	0x2923      	GOTO       L_Lcd_Chr6
0x013A	0x0846      	MOVF       FARG_Lcd_Chr_row, 0
0x013B	0x3A02      	XORLW      2
0x013C	0x1903      	BTFSC      STATUS, 2
0x013D	0x2928      	GOTO       L_Lcd_Chr7
0x013E	0x0846      	MOVF       FARG_Lcd_Chr_row, 0
0x013F	0x3A03      	XORLW      3
0x0140	0x1903      	BTFSC      STATUS, 2
0x0141	0x292B      	GOTO       L_Lcd_Chr8
0x0142	0x0846      	MOVF       FARG_Lcd_Chr_row, 0
0x0143	0x3A04      	XORLW      4
0x0144	0x1903      	BTFSC      STATUS, 2
0x0145	0x292E      	GOTO       L_Lcd_Chr9
0x0146	0x2931      	GOTO       L_Lcd_Chr10
L_Lcd_Chr5:
;__Lib_Lcd.c,74 :: 		
0x0147	0x0347      	DECF       FARG_Lcd_Chr_column, 0
0x0148	0x1283      	BCF        STATUS, 5
0x0149	0x00F0      	MOVWF      R0
0x014A	0x1683      	BSF        STATUS, 5
0x014B	0x0846      	MOVF       FARG_Lcd_Chr_row, 0
0x014C	0x1283      	BCF        STATUS, 5
0x014D	0x07F0      	ADDWF      R0, 1
0x014E	0x0870      	MOVF       R0, 0
0x014F	0x1683      	BSF        STATUS, 5
0x0150	0x00C6      	MOVWF      FARG_Lcd_Chr_row
;__Lib_Lcd.c,76 :: 		
0x0151	0x1283      	BCF        STATUS, 5
0x0152	0x146E      	BSF        __Lib_Lcd_cmd_status, BitPos(__Lib_Lcd_cmd_status+0)
;__Lib_Lcd.c,77 :: 		
0x0153	0x0870      	MOVF       R0, 0
0x0154	0x1683      	BSF        STATUS, 5
0x0155	0x00CB      	MOVWF      FARG_Lcd_Cmd_out_char
0x0156	0x201A      	CALL       _Lcd_Cmd
;__Lib_Lcd.c,79 :: 		
0x0157	0x106E      	BCF        __Lib_Lcd_cmd_status, BitPos(__Lib_Lcd_cmd_status+0)
;__Lib_Lcd.c,80 :: 		
0x0158	0x1683      	BSF        STATUS, 5
0x0159	0x0848      	MOVF       FARG_Lcd_Chr_out_char, 0
0x015A	0x00CB      	MOVWF      FARG_Lcd_Cmd_out_char
0x015B	0x201A      	CALL       _Lcd_Cmd
;__Lib_Lcd.c,81 :: 		
0x015C	0x146E      	BSF        __Lib_Lcd_cmd_status, BitPos(__Lib_Lcd_cmd_status+0)
;__Lib_Lcd.c,82 :: 		
L_end_Lcd_Chr:
0x015D	0x0008      	RETURN
; end of _Lcd_Chr
_check_sms:
;gsm_sms_read.h,21 :: 		void check_sms(){
;gsm_sms_read.h,23 :: 		if (UART1_Data_Ready() == 1){
0x015E	0x20F3      	CALL       _UART1_Data_Ready
0x015F	0x0870      	MOVF       R0, 0
0x0160	0x3A01      	XORLW      1
0x0161	0x1D03      	BTFSS      STATUS, 2
0x0162	0x2990      	GOTO       L_check_sms1
;gsm_sms_read.h,24 :: 		output = uart1_read();
0x0163	0x209F      	CALL       _UART1_Read
0x0164	0x0870      	MOVF       R0, 0
0x0165	0x00EF      	MOVWF      _output
;gsm_sms_read.h,25 :: 		if(output == '+'){
0x0166	0x0870      	MOVF       R0, 0
0x0167	0x3A2B      	XORLW      43
0x0168	0x1D03      	BTFSS      STATUS, 2
0x0169	0x2988      	GOTO       L_check_sms2
;gsm_sms_read.h,26 :: 		for(x=0;x<6;x++){
0x016A	0x1683      	BSF        STATUS, 5
0x016B	0x01BF      	CLRF       check_sms_x_L0
L_check_sms3:
0x016C	0x3006      	MOVLW      6
0x016D	0x023F      	SUBWF      check_sms_x_L0, 0
0x016E	0x1803      	BTFSC      STATUS, 0
0x016F	0x2976      	GOTO       L_check_sms4
;gsm_sms_read.h,27 :: 		output = uart1_read();
0x0170	0x209F      	CALL       _UART1_Read
0x0171	0x0870      	MOVF       R0, 0
0x0172	0x00EF      	MOVWF      _output
;gsm_sms_read.h,26 :: 		for(x=0;x<6;x++){
0x0173	0x1683      	BSF        STATUS, 5
0x0174	0x0ABF      	INCF       check_sms_x_L0, 1
;gsm_sms_read.h,28 :: 		}
0x0175	0x296C      	GOTO       L_check_sms3
L_check_sms4:
;gsm_sms_read.h,29 :: 		for(x=0;x<15;x++){
0x0176	0x01BF      	CLRF       check_sms_x_L0
L_check_sms6:
0x0177	0x300F      	MOVLW      15
0x0178	0x023F      	SUBWF      check_sms_x_L0, 0
0x0179	0x1803      	BTFSC      STATUS, 0
0x017A	0x2988      	GOTO       L_check_sms7
;gsm_sms_read.h,30 :: 		number[x] = uart1_read();
0x017B	0x083F      	MOVF       check_sms_x_L0, 0
0x017C	0x3EAE      	ADDLW      _number
0x017D	0x00C0      	MOVWF      FLOC__check_sms
0x017E	0x209F      	CALL       _UART1_Read
0x017F	0x1683      	BSF        STATUS, 5
0x0180	0x0840      	MOVF       FLOC__check_sms, 0
0x0181	0x0084      	MOVWF      FSR
0x0182	0x1283      	BCF        STATUS, 5
0x0183	0x0870      	MOVF       R0, 0
0x0184	0x0080      	MOVWF      INDF
;gsm_sms_read.h,29 :: 		for(x=0;x<15;x++){
0x0185	0x1683      	BSF        STATUS, 5
0x0186	0x0ABF      	INCF       check_sms_x_L0, 1
;gsm_sms_read.h,31 :: 		}
0x0187	0x2977      	GOTO       L_check_sms6
L_check_sms7:
;gsm_sms_read.h,32 :: 		}
L_check_sms2:
0x0188	0x1683      	BSF        STATUS, 5
;gsm_sms_read.h,33 :: 		lcd_out(4,1,number);
0x0189	0x3004      	MOVLW      4
0x018A	0x00C6      	MOVWF      FARG_Lcd_Out_row
0x018B	0x3001      	MOVLW      1
0x018C	0x00C7      	MOVWF      FARG_Lcd_Out_column
0x018D	0x30AE      	MOVLW      _number
0x018E	0x00C8      	MOVWF      FARG_Lcd_Out_text
0x018F	0x20AA      	CALL       _Lcd_Out
;gsm_sms_read.h,34 :: 		}
L_check_sms1:
;gsm_sms_read.h,35 :: 		}
L_end_check_sms:
0x0190	0x0008      	RETURN
; end of _check_sms
_default_lcd:
;SMSvoting.c,33 :: 		void default_lcd(){
;SMSvoting.c,34 :: 		lcd_out(1,1," SMS Voting Machine ");
0x0191	0x3001      	MOVLW      1
0x0192	0x1683      	BSF        STATUS, 5
0x0193	0x1303      	BCF        STATUS, 6
0x0194	0x00C6      	MOVWF      FARG_Lcd_Out_row
0x0195	0x3001      	MOVLW      1
0x0196	0x00C7      	MOVWF      FARG_Lcd_Out_column
0x0197	0x3027      	MOVLW      ?lstr5_SMSvoting
0x0198	0x00C8      	MOVWF      FARG_Lcd_Out_text
0x0199	0x20AA      	CALL       _Lcd_Out
;SMSvoting.c,35 :: 		lcd_out(2,1,"Can_A:");
0x019A	0x3002      	MOVLW      2
0x019B	0x1683      	BSF        STATUS, 5
0x019C	0x00C6      	MOVWF      FARG_Lcd_Out_row
0x019D	0x3001      	MOVLW      1
0x019E	0x00C7      	MOVWF      FARG_Lcd_Out_column
0x019F	0x30A0      	MOVLW      ?lstr6_SMSvoting
0x01A0	0x00C8      	MOVWF      FARG_Lcd_Out_text
0x01A1	0x20AA      	CALL       _Lcd_Out
;SMSvoting.c,36 :: 		lcd_out(2,12,"Can_B:");
0x01A2	0x3002      	MOVLW      2
0x01A3	0x1683      	BSF        STATUS, 5
0x01A4	0x00C6      	MOVWF      FARG_Lcd_Out_row
0x01A5	0x300C      	MOVLW      12
0x01A6	0x00C7      	MOVWF      FARG_Lcd_Out_column
0x01A7	0x3063      	MOVLW      ?lstr7_SMSvoting
0x01A8	0x00C8      	MOVWF      FARG_Lcd_Out_text
0x01A9	0x20AA      	CALL       _Lcd_Out
;SMSvoting.c,37 :: 		lcd_out(3,1,"Can_C:");
0x01AA	0x3003      	MOVLW      3
0x01AB	0x1683      	BSF        STATUS, 5
0x01AC	0x00C6      	MOVWF      FARG_Lcd_Out_row
0x01AD	0x3001      	MOVLW      1
0x01AE	0x00C7      	MOVWF      FARG_Lcd_Out_column
0x01AF	0x305C      	MOVLW      ?lstr8_SMSvoting
0x01B0	0x00C8      	MOVWF      FARG_Lcd_Out_text
0x01B1	0x20AA      	CALL       _Lcd_Out
;SMSvoting.c,38 :: 		lcd_out(3,12,"Can_D:");
0x01B2	0x3003      	MOVLW      3
0x01B3	0x1683      	BSF        STATUS, 5
0x01B4	0x00C6      	MOVWF      FARG_Lcd_Out_row
0x01B5	0x300C      	MOVLW      12
0x01B6	0x00C7      	MOVWF      FARG_Lcd_Out_column
0x01B7	0x30A7      	MOVLW      ?lstr9_SMSvoting
0x01B8	0x00C8      	MOVWF      FARG_Lcd_Out_text
0x01B9	0x20AA      	CALL       _Lcd_Out
;SMSvoting.c,39 :: 		}
L_end_default_lcd:
0x01BA	0x0008      	RETURN
; end of _default_lcd
_dec2str:
;SMSvoting.c,23 :: 		char dec2str(char value, char x, char y){
;SMSvoting.c,25 :: 		txt[0] = (value / 100) + 48;
0x01BB	0x3064      	MOVLW      100
0x01BC	0x1283      	BCF        STATUS, 5
0x01BD	0x1303      	BCF        STATUS, 6
0x01BE	0x00F4      	MOVWF      R4
0x01BF	0x1683      	BSF        STATUS, 5
0x01C0	0x083F      	MOVF       FARG_dec2str_value, 0
0x01C1	0x1283      	BCF        STATUS, 5
0x01C2	0x00F0      	MOVWF      R0
0x01C3	0x2111      	CALL       _Div_8X8_U
0x01C4	0x3030      	MOVLW      48
0x01C5	0x07F0      	ADDWF      R0, 1
0x01C6	0x0870      	MOVF       R0, 0
0x01C7	0x1683      	BSF        STATUS, 5
0x01C8	0x00C2      	MOVWF      dec2str_txt_L0
;SMSvoting.c,26 :: 		txt[1] = ((value % 100) / 10) + 48;
0x01C9	0x3064      	MOVLW      100
0x01CA	0x1283      	BCF        STATUS, 5
0x01CB	0x00F4      	MOVWF      R4
0x01CC	0x1683      	BSF        STATUS, 5
0x01CD	0x083F      	MOVF       FARG_dec2str_value, 0
0x01CE	0x1283      	BCF        STATUS, 5
0x01CF	0x00F0      	MOVWF      R0
0x01D0	0x2111      	CALL       _Div_8X8_U
0x01D1	0x0878      	MOVF       R8, 0
0x01D2	0x00F0      	MOVWF      R0
0x01D3	0x300A      	MOVLW      10
0x01D4	0x00F4      	MOVWF      R4
0x01D5	0x2111      	CALL       _Div_8X8_U
0x01D6	0x3030      	MOVLW      48
0x01D7	0x0770      	ADDWF      R0, 0
0x01D8	0x1683      	BSF        STATUS, 5
0x01D9	0x00C3      	MOVWF      dec2str_txt_L0+1
;SMSvoting.c,27 :: 		txt[2] = (value % 10) + 48;
0x01DA	0x300A      	MOVLW      10
0x01DB	0x1283      	BCF        STATUS, 5
0x01DC	0x00F4      	MOVWF      R4
0x01DD	0x1683      	BSF        STATUS, 5
0x01DE	0x083F      	MOVF       FARG_dec2str_value, 0
0x01DF	0x1283      	BCF        STATUS, 5
0x01E0	0x00F0      	MOVWF      R0
0x01E1	0x2111      	CALL       _Div_8X8_U
0x01E2	0x0878      	MOVF       R8, 0
0x01E3	0x00F0      	MOVWF      R0
0x01E4	0x3030      	MOVLW      48
0x01E5	0x0770      	ADDWF      R0, 0
0x01E6	0x1683      	BSF        STATUS, 5
0x01E7	0x00C4      	MOVWF      dec2str_txt_L0+2
;SMSvoting.c,28 :: 		lcd_chr(x,y,txt[0]);
0x01E8	0x0840      	MOVF       FARG_dec2str_x, 0
0x01E9	0x00C6      	MOVWF      FARG_Lcd_Chr_row
0x01EA	0x0841      	MOVF       FARG_dec2str_y, 0
0x01EB	0x00C7      	MOVWF      FARG_Lcd_Chr_column
0x01EC	0x0842      	MOVF       dec2str_txt_L0, 0
0x01ED	0x00C8      	MOVWF      FARG_Lcd_Chr_out_char
0x01EE	0x2122      	CALL       _Lcd_Chr
;SMSvoting.c,29 :: 		lcd_chr(x,y+1,txt[1]);
0x01EF	0x1683      	BSF        STATUS, 5
0x01F0	0x0840      	MOVF       FARG_dec2str_x, 0
0x01F1	0x00C6      	MOVWF      FARG_Lcd_Chr_row
0x01F2	0x0A41      	INCF       FARG_dec2str_y, 0
0x01F3	0x00C7      	MOVWF      FARG_Lcd_Chr_column
0x01F4	0x0843      	MOVF       dec2str_txt_L0+1, 0
0x01F5	0x00C8      	MOVWF      FARG_Lcd_Chr_out_char
0x01F6	0x2122      	CALL       _Lcd_Chr
;SMSvoting.c,30 :: 		lcd_chr(x,y+2,txt[2]);
0x01F7	0x1683      	BSF        STATUS, 5
0x01F8	0x0840      	MOVF       FARG_dec2str_x, 0
0x01F9	0x00C6      	MOVWF      FARG_Lcd_Chr_row
0x01FA	0x3002      	MOVLW      2
0x01FB	0x0741      	ADDWF      FARG_dec2str_y, 0
0x01FC	0x00C7      	MOVWF      FARG_Lcd_Chr_column
0x01FD	0x0844      	MOVF       dec2str_txt_L0+2, 0
0x01FE	0x00C8      	MOVWF      FARG_Lcd_Chr_out_char
0x01FF	0x2122      	CALL       _Lcd_Chr
;SMSvoting.c,31 :: 		}
L_end_dec2str:
0x0200	0x0008      	RETURN
; end of _dec2str
_GSM_init:
;gsm_sms_read.h,10 :: 		void GSM_init(){
;gsm_sms_read.h,11 :: 		uart1_write_text("AT");
0x0201	0x3024      	MOVLW      ?lstr1_SMSvoting
0x0202	0x1683      	BSF        STATUS, 5
0x0203	0x1303      	BCF        STATUS, 6
0x0204	0x00C6      	MOVWF      FARG_UART1_Write_Text_uart_text
0x0205	0x20FA      	CALL       _UART1_Write_Text
;gsm_sms_read.h,12 :: 		linefeed();
0x0206	0x208B      	CALL       _linefeed
;gsm_sms_read.h,13 :: 		uart1_write_text("ATE");
0x0207	0x3020      	MOVLW      ?lstr2_SMSvoting
0x0208	0x1683      	BSF        STATUS, 5
0x0209	0x00C6      	MOVWF      FARG_UART1_Write_Text_uart_text
0x020A	0x20FA      	CALL       _UART1_Write_Text
;gsm_sms_read.h,14 :: 		linefeed();
0x020B	0x208B      	CALL       _linefeed
;gsm_sms_read.h,15 :: 		uart1_write_text("AT + CMGF = 1");
0x020C	0x304E      	MOVLW      ?lstr3_SMSvoting
0x020D	0x1683      	BSF        STATUS, 5
0x020E	0x00C6      	MOVWF      FARG_UART1_Write_Text_uart_text
0x020F	0x20FA      	CALL       _UART1_Write_Text
;gsm_sms_read.h,16 :: 		linefeed();
0x0210	0x208B      	CALL       _linefeed
;gsm_sms_read.h,17 :: 		uart1_write_text("AT+CNMI=1,2,0,0,0");
0x0211	0x303C      	MOVLW      ?lstr4_SMSvoting
0x0212	0x1683      	BSF        STATUS, 5
0x0213	0x00C6      	MOVWF      FARG_UART1_Write_Text_uart_text
0x0214	0x20FA      	CALL       _UART1_Write_Text
;gsm_sms_read.h,18 :: 		linefeed();
0x0215	0x208B      	CALL       _linefeed
;gsm_sms_read.h,19 :: 		}
L_end_GSM_init:
0x0216	0x0008      	RETURN
; end of _GSM_init
_UART1_Init:
;__Lib_UART_c67.c,2 :: 		
;__Lib_UART_c67.c,5 :: 		
0x0217	0x1683      	BSF        STATUS, 5
0x0218	0x1303      	BCF        STATUS, 6
0x0219	0x1698      	BSF        TXSTA, 5
;__Lib_UART_c67.c,6 :: 		
0x021A	0x3090      	MOVLW      144
0x021B	0x1283      	BCF        STATUS, 5
0x021C	0x0098      	MOVWF      RCSTA
;__Lib_UART_c67.c,7 :: 		
0x021D	0x1683      	BSF        STATUS, 5
0x021E	0x1787      	BSF        TRISC7_bit, BitPos(TRISC7_bit+0)
;__Lib_UART_c67.c,8 :: 		
0x021F	0x1307      	BCF        TRISC6_bit, BitPos(TRISC6_bit+0)
;__Lib_UART_c67.c,10 :: 		
L_UART1_Init0:
0x0220	0x1283      	BCF        STATUS, 5
0x0221	0x1E8C      	BTFSS      PIR1, 5
0x0222	0x2A26      	GOTO       L_UART1_Init1
;__Lib_UART_c67.c,11 :: 		
0x0223	0x081A      	MOVF       RCREG, 0
0x0224	0x00F0      	MOVWF      R0
0x0225	0x2A20      	GOTO       L_UART1_Init0
L_UART1_Init1:
;__Lib_UART_c67.c,12 :: 		
L_end_UART1_Init:
0x0226	0x0008      	RETURN
; end of _UART1_Init
___CC2DW:
;__Lib_System.c,134 :: 		
;__Lib_System.c,137 :: 		
_CC2D_Loop1:
;__Lib_System.c,139 :: 		
0x0227	0x2084      	CALL       _____DoICP
0x0228	0x118A      	BCF        PCLATH, 3
0x0229	0x120A      	BCF        PCLATH, 4
;__Lib_System.c,141 :: 		
0x022A	0x0080      	MOVWF      INDF
;__Lib_System.c,142 :: 		
0x022B	0x0A84      	INCF       FSR, 1
;__Lib_System.c,143 :: 		
0x022C	0x0AEA      	INCF       ___DoICPAddr, 1
;__Lib_System.c,145 :: 		
0x022D	0x1903      	BTFSC      STATUS, 2
;__Lib_System.c,146 :: 		
0x022E	0x0AEB      	INCF       ___DoICPAddr+1, 1
;__Lib_System.c,147 :: 		
0x022F	0x03F0      	DECF       R0, 1
;__Lib_System.c,149 :: 		
0x0230	0x1D03      	BTFSS      STATUS, 2
;__Lib_System.c,150 :: 		
0x0231	0x2A27      	GOTO       _CC2D_Loop1
;__Lib_System.c,152 :: 		
L_end___CC2DW:
0x0232	0x0008      	RETURN
; end of ___CC2DW
_Lcd_Init:
;__Lib_Lcd.c,84 :: 		
;__Lib_Lcd.c,86 :: 		
0x0233	0x1683      	BSF        STATUS, 5
0x0234	0x1303      	BCF        STATUS, 6
0x0235	0x1186      	BCF        LCD_EN_Direction, BitPos(LCD_EN_Direction+0)
;__Lib_Lcd.c,87 :: 		
0x0236	0x1106      	BCF        LCD_RS_Direction, BitPos(LCD_RS_Direction+0)
;__Lib_Lcd.c,88 :: 		
0x0237	0x1206      	BCF        LCD_D4_Direction, BitPos(LCD_D4_Direction+0)
;__Lib_Lcd.c,89 :: 		
0x0238	0x1286      	BCF        LCD_D5_Direction, BitPos(LCD_D5_Direction+0)
;__Lib_Lcd.c,90 :: 		
0x0239	0x1306      	BCF        LCD_D6_Direction, BitPos(LCD_D6_Direction+0)
;__Lib_Lcd.c,91 :: 		
0x023A	0x1386      	BCF        LCD_D7_Direction, BitPos(LCD_D7_Direction+0)
;__Lib_Lcd.c,93 :: 		
0x023B	0x1283      	BCF        STATUS, 5
0x023C	0x1186      	BCF        LCD_EN, BitPos(LCD_EN+0)
;__Lib_Lcd.c,94 :: 		
0x023D	0x1106      	BCF        LCD_RS, BitPos(LCD_RS+0)
;__Lib_Lcd.c,95 :: 		
0x023E	0x1386      	BCF        LCD_D7, BitPos(LCD_D7+0)
;__Lib_Lcd.c,96 :: 		
0x023F	0x1306      	BCF        LCD_D6, BitPos(LCD_D6+0)
;__Lib_Lcd.c,97 :: 		
0x0240	0x1286      	BCF        LCD_D5, BitPos(LCD_D5+0)
;__Lib_Lcd.c,98 :: 		
0x0241	0x1206      	BCF        LCD_D4, BitPos(LCD_D4+0)
;__Lib_Lcd.c,100 :: 		
0x0242	0x2006      	CALL       _Delay_5500us
;__Lib_Lcd.c,101 :: 		
0x0243	0x2006      	CALL       _Delay_5500us
;__Lib_Lcd.c,102 :: 		
0x0244	0x2006      	CALL       _Delay_5500us
;__Lib_Lcd.c,105 :: 		
0x0245	0x1686      	BSF        LCD_D5, BitPos(LCD_D5+0)
;__Lib_Lcd.c,106 :: 		
0x0246	0x1606      	BSF        LCD_D4, BitPos(LCD_D4+0)
;__Lib_Lcd.c,107 :: 		
0x0247	0x1586      	BSF        LCD_EN, BitPos(LCD_EN+0)
;__Lib_Lcd.c,108 :: 		
0x0248	0x2003      	CALL       _Delay_1us
;__Lib_Lcd.c,109 :: 		
0x0249	0x1186      	BCF        LCD_EN, BitPos(LCD_EN+0)
;__Lib_Lcd.c,110 :: 		
0x024A	0x2006      	CALL       _Delay_5500us
;__Lib_Lcd.c,112 :: 		
0x024B	0x1586      	BSF        LCD_EN, BitPos(LCD_EN+0)
;__Lib_Lcd.c,113 :: 		
0x024C	0x2003      	CALL       _Delay_1us
;__Lib_Lcd.c,114 :: 		
0x024D	0x1186      	BCF        LCD_EN, BitPos(LCD_EN+0)
;__Lib_Lcd.c,115 :: 		
0x024E	0x2006      	CALL       _Delay_5500us
;__Lib_Lcd.c,117 :: 		
0x024F	0x1586      	BSF        LCD_EN, BitPos(LCD_EN+0)
;__Lib_Lcd.c,118 :: 		
0x0250	0x2003      	CALL       _Delay_1us
;__Lib_Lcd.c,119 :: 		
0x0251	0x1186      	BCF        LCD_EN, BitPos(LCD_EN+0)
;__Lib_Lcd.c,120 :: 		
0x0252	0x2006      	CALL       _Delay_5500us
;__Lib_Lcd.c,123 :: 		
0x0253	0x1206      	BCF        LCD_D4, BitPos(LCD_D4+0)
;__Lib_Lcd.c,124 :: 		
0x0254	0x1586      	BSF        LCD_EN, BitPos(LCD_EN+0)
;__Lib_Lcd.c,125 :: 		
0x0255	0x2003      	CALL       _Delay_1us
;__Lib_Lcd.c,126 :: 		
0x0256	0x1186      	BCF        LCD_EN, BitPos(LCD_EN+0)
;__Lib_Lcd.c,127 :: 		
0x0257	0x2006      	CALL       _Delay_5500us
;__Lib_Lcd.c,130 :: 		
0x0258	0x1586      	BSF        LCD_EN, BitPos(LCD_EN+0)
;__Lib_Lcd.c,131 :: 		
0x0259	0x2003      	CALL       _Delay_1us
;__Lib_Lcd.c,132 :: 		
0x025A	0x1186      	BCF        LCD_EN, BitPos(LCD_EN+0)
;__Lib_Lcd.c,134 :: 		
0x025B	0x1286      	BCF        LCD_D5, BitPos(LCD_D5+0)
;__Lib_Lcd.c,135 :: 		
0x025C	0x1786      	BSF        LCD_D7, BitPos(LCD_D7+0)
;__Lib_Lcd.c,136 :: 		
0x025D	0x1586      	BSF        LCD_EN, BitPos(LCD_EN+0)
;__Lib_Lcd.c,137 :: 		
0x025E	0x2003      	CALL       _Delay_1us
;__Lib_Lcd.c,138 :: 		
0x025F	0x1186      	BCF        LCD_EN, BitPos(LCD_EN+0)
;__Lib_Lcd.c,139 :: 		
0x0260	0x2006      	CALL       _Delay_5500us
;__Lib_Lcd.c,142 :: 		
0x0261	0x1386      	BCF        LCD_D7, BitPos(LCD_D7+0)
;__Lib_Lcd.c,143 :: 		
0x0262	0x1606      	BSF        LCD_D4, BitPos(LCD_D4+0)
;__Lib_Lcd.c,144 :: 		
0x0263	0x1586      	BSF        LCD_EN, BitPos(LCD_EN+0)
;__Lib_Lcd.c,145 :: 		
0x0264	0x2003      	CALL       _Delay_1us
;__Lib_Lcd.c,146 :: 		
0x0265	0x1186      	BCF        LCD_EN, BitPos(LCD_EN+0)
;__Lib_Lcd.c,148 :: 		
0x0266	0x1206      	BCF        LCD_D4, BitPos(LCD_D4+0)
;__Lib_Lcd.c,149 :: 		
0x0267	0x1586      	BSF        LCD_EN, BitPos(LCD_EN+0)
;__Lib_Lcd.c,150 :: 		
0x0268	0x2003      	CALL       _Delay_1us
;__Lib_Lcd.c,151 :: 		
0x0269	0x1186      	BCF        LCD_EN, BitPos(LCD_EN+0)
;__Lib_Lcd.c,152 :: 		
0x026A	0x2006      	CALL       _Delay_5500us
;__Lib_Lcd.c,155 :: 		
0x026B	0x1586      	BSF        LCD_EN, BitPos(LCD_EN+0)
;__Lib_Lcd.c,156 :: 		
0x026C	0x2003      	CALL       _Delay_1us
;__Lib_Lcd.c,157 :: 		
0x026D	0x1186      	BCF        LCD_EN, BitPos(LCD_EN+0)
;__Lib_Lcd.c,159 :: 		
0x026E	0x1606      	BSF        LCD_D4, BitPos(LCD_D4+0)
;__Lib_Lcd.c,160 :: 		
0x026F	0x1586      	BSF        LCD_EN, BitPos(LCD_EN+0)
;__Lib_Lcd.c,161 :: 		
0x0270	0x2003      	CALL       _Delay_1us
;__Lib_Lcd.c,162 :: 		
0x0271	0x1186      	BCF        LCD_EN, BitPos(LCD_EN+0)
;__Lib_Lcd.c,163 :: 		
0x0272	0x2006      	CALL       _Delay_5500us
;__Lib_Lcd.c,166 :: 		
0x0273	0x1206      	BCF        LCD_D4, BitPos(LCD_D4+0)
;__Lib_Lcd.c,167 :: 		
0x0274	0x1586      	BSF        LCD_EN, BitPos(LCD_EN+0)
;__Lib_Lcd.c,168 :: 		
0x0275	0x2003      	CALL       _Delay_1us
;__Lib_Lcd.c,169 :: 		
0x0276	0x1186      	BCF        LCD_EN, BitPos(LCD_EN+0)
;__Lib_Lcd.c,171 :: 		
0x0277	0x1786      	BSF        LCD_D7, BitPos(LCD_D7+0)
;__Lib_Lcd.c,172 :: 		
0x0278	0x1706      	BSF        LCD_D6, BitPos(LCD_D6+0)
;__Lib_Lcd.c,173 :: 		
0x0279	0x1686      	BSF        LCD_D5, BitPos(LCD_D5+0)
;__Lib_Lcd.c,174 :: 		
0x027A	0x1606      	BSF        LCD_D4, BitPos(LCD_D4+0)
;__Lib_Lcd.c,175 :: 		
0x027B	0x1586      	BSF        LCD_EN, BitPos(LCD_EN+0)
;__Lib_Lcd.c,176 :: 		
0x027C	0x2003      	CALL       _Delay_1us
;__Lib_Lcd.c,177 :: 		
0x027D	0x1186      	BCF        LCD_EN, BitPos(LCD_EN+0)
;__Lib_Lcd.c,179 :: 		
0x027E	0x2006      	CALL       _Delay_5500us
;__Lib_Lcd.c,181 :: 		
0x027F	0x146E      	BSF        __Lib_Lcd_cmd_status, BitPos(__Lib_Lcd_cmd_status+0)
;__Lib_Lcd.c,182 :: 		
L_end_Lcd_Init:
0x0280	0x0008      	RETURN
; end of _Lcd_Init
_main:
0x0281	0x2328      	CALL       808
;SMSvoting.c,41 :: 		void main() {
;SMSvoting.c,42 :: 		trisc.f4 = 1;
0x0282	0x1683      	BSF        STATUS, 5
0x0283	0x1303      	BCF        STATUS, 6
0x0284	0x1607      	BSF        TRISC, 4
;SMSvoting.c,43 :: 		LCD_init();
0x0285	0x2233      	CALL       _Lcd_Init
;SMSvoting.c,44 :: 		LCD_cmd(_lcd_cursor_off);
0x0286	0x300C      	MOVLW      12
0x0287	0x1683      	BSF        STATUS, 5
0x0288	0x00CB      	MOVWF      FARG_Lcd_Cmd_out_char
0x0289	0x201A      	CALL       _Lcd_Cmd
;SMSvoting.c,45 :: 		can_A = 0; can_B = 0; can_C = 0; can_D = 0;
0x028A	0x1683      	BSF        STATUS, 5
0x028B	0x01BE      	CLRF       _can_A
0x028C	0x01BD      	CLRF       _can_B
0x028D	0x1283      	BCF        STATUS, 5
0x028E	0x01ED      	CLRF       _can_C
0x028F	0x01EC      	CLRF       _can_D
;SMSvoting.c,46 :: 		uart1_init(9600);
0x0290	0x3033      	MOVLW      51
0x0291	0x1683      	BSF        STATUS, 5
0x0292	0x0099      	MOVWF      SPBRG
0x0293	0x1518      	BSF        TXSTA, 2
0x0294	0x2217      	CALL       _UART1_Init
;SMSvoting.c,47 :: 		LCD_cmd(_lcd_clear);
0x0295	0x3001      	MOVLW      1
0x0296	0x1683      	BSF        STATUS, 5
0x0297	0x00CB      	MOVWF      FARG_Lcd_Cmd_out_char
0x0298	0x201A      	CALL       _Lcd_Cmd
;SMSvoting.c,48 :: 		default_lcd();
0x0299	0x2191      	CALL       _default_lcd
;SMSvoting.c,49 :: 		delay_ms(10000);
0x029A	0x3066      	MOVLW      102
0x029B	0x00FB      	MOVWF      R11
0x029C	0x3076      	MOVLW      118
0x029D	0x00FC      	MOVWF      R12
0x029E	0x30C1      	MOVLW      193
0x029F	0x00FD      	MOVWF      R13
L_main9:
0x02A0	0x0BFD      	DECFSZ     R13, 1
0x02A1	0x2AA0      	GOTO       L_main9
0x02A2	0x0BFC      	DECFSZ     R12, 1
0x02A3	0x2AA0      	GOTO       L_main9
0x02A4	0x0BFB      	DECFSZ     R11, 1
0x02A5	0x2AA0      	GOTO       L_main9
;SMSvoting.c,50 :: 		GSM_init();
0x02A6	0x2201      	CALL       _GSM_init
;SMSvoting.c,52 :: 		while(1){
L_main10:
;SMSvoting.c,53 :: 		dec2str(can_A, 2, 7);
0x02A7	0x1683      	BSF        STATUS, 5
0x02A8	0x083E      	MOVF       _can_A, 0
0x02A9	0x00BF      	MOVWF      FARG_dec2str_value
0x02AA	0x3002      	MOVLW      2
0x02AB	0x00C0      	MOVWF      FARG_dec2str_x
0x02AC	0x3007      	MOVLW      7
0x02AD	0x00C1      	MOVWF      FARG_dec2str_y
0x02AE	0x21BB      	CALL       _dec2str
;SMSvoting.c,54 :: 		dec2str(can_B, 2, 18);
0x02AF	0x1683      	BSF        STATUS, 5
0x02B0	0x083D      	MOVF       _can_B, 0
0x02B1	0x00BF      	MOVWF      FARG_dec2str_value
0x02B2	0x3002      	MOVLW      2
0x02B3	0x00C0      	MOVWF      FARG_dec2str_x
0x02B4	0x3012      	MOVLW      18
0x02B5	0x00C1      	MOVWF      FARG_dec2str_y
0x02B6	0x21BB      	CALL       _dec2str
;SMSvoting.c,55 :: 		dec2str(can_C, 3, 7);
0x02B7	0x086D      	MOVF       _can_C, 0
0x02B8	0x1683      	BSF        STATUS, 5
0x02B9	0x00BF      	MOVWF      FARG_dec2str_value
0x02BA	0x3003      	MOVLW      3
0x02BB	0x00C0      	MOVWF      FARG_dec2str_x
0x02BC	0x3007      	MOVLW      7
0x02BD	0x00C1      	MOVWF      FARG_dec2str_y
0x02BE	0x21BB      	CALL       _dec2str
;SMSvoting.c,56 :: 		dec2str(can_D, 3, 18);
0x02BF	0x086C      	MOVF       _can_D, 0
0x02C0	0x1683      	BSF        STATUS, 5
0x02C1	0x00BF      	MOVWF      FARG_dec2str_value
0x02C2	0x3003      	MOVLW      3
0x02C3	0x00C0      	MOVWF      FARG_dec2str_x
0x02C4	0x3012      	MOVLW      18
0x02C5	0x00C1      	MOVWF      FARG_dec2str_y
0x02C6	0x21BB      	CALL       _dec2str
;SMSvoting.c,57 :: 		check_sms();
0x02C7	0x215E      	CALL       _check_sms
;SMSvoting.c,58 :: 		}
0x02C8	0x2AA7      	GOTO       L_main10
;SMSvoting.c,59 :: 		}
L_end_main:
0x02C9	0x2AC9      	GOTO       $+0
; end of _main
0x0328	0x3020      	MOVLW      32
0x0329	0x0084      	MOVWF      FSR
0x032A	0x304A      	MOVLW      74
0x032B	0x1283      	BCF        STATUS, 5
0x032C	0x1303      	BCF        STATUS, 6
0x032D	0x00F0      	MOVWF      R0
0x032E	0x30CF      	MOVLW      207
0x032F	0x00EA      	MOVWF      ___DoICPAddr
0x0330	0x3002      	MOVLW      2
0x0331	0x00EB      	MOVWF      107
0x0332	0x2227      	CALL       551
0x0333	0x30A0      	MOVLW      160
0x0334	0x0084      	MOVWF      FSR
0x0335	0x300E      	MOVLW      14
0x0336	0x1283      	BCF        STATUS, 5
0x0337	0x1303      	BCF        STATUS, 6
0x0338	0x00F0      	MOVWF      R0
0x0339	0x3019      	MOVLW      25
0x033A	0x00EA      	MOVWF      ___DoICPAddr
0x033B	0x3003      	MOVLW      3
0x033C	0x00EB      	MOVWF      107
0x033D	0x2227      	CALL       551
0x033E	0x0008      	RETURN
;SMSvoting.c,0 :: ?ICS?lstr2_SMSvoting
0x02CF	0x3441 ;?ICS?lstr2_SMSvoting+0
0x02D0	0x3454 ;?ICS?lstr2_SMSvoting+1
0x02D1	0x3445 ;?ICS?lstr2_SMSvoting+2
0x02D2	0x3400 ;?ICS?lstr2_SMSvoting+3
; end of ?ICS?lstr2_SMSvoting
;SMSvoting.c,0 :: ?ICS?lstr1_SMSvoting
0x02D3	0x3441 ;?ICS?lstr1_SMSvoting+0
0x02D4	0x3454 ;?ICS?lstr1_SMSvoting+1
0x02D5	0x3400 ;?ICS?lstr1_SMSvoting+2
; end of ?ICS?lstr1_SMSvoting
;SMSvoting.c,0 :: ?ICS?lstr5_SMSvoting
0x02D6	0x3420 ;?ICS?lstr5_SMSvoting+0
0x02D7	0x3453 ;?ICS?lstr5_SMSvoting+1
0x02D8	0x344D ;?ICS?lstr5_SMSvoting+2
0x02D9	0x3453 ;?ICS?lstr5_SMSvoting+3
0x02DA	0x3420 ;?ICS?lstr5_SMSvoting+4
0x02DB	0x3456 ;?ICS?lstr5_SMSvoting+5
0x02DC	0x346F ;?ICS?lstr5_SMSvoting+6
0x02DD	0x3474 ;?ICS?lstr5_SMSvoting+7
0x02DE	0x3469 ;?ICS?lstr5_SMSvoting+8
0x02DF	0x346E ;?ICS?lstr5_SMSvoting+9
0x02E0	0x3467 ;?ICS?lstr5_SMSvoting+10
0x02E1	0x3420 ;?ICS?lstr5_SMSvoting+11
0x02E2	0x344D ;?ICS?lstr5_SMSvoting+12
0x02E3	0x3461 ;?ICS?lstr5_SMSvoting+13
0x02E4	0x3463 ;?ICS?lstr5_SMSvoting+14
0x02E5	0x3468 ;?ICS?lstr5_SMSvoting+15
0x02E6	0x3469 ;?ICS?lstr5_SMSvoting+16
0x02E7	0x346E ;?ICS?lstr5_SMSvoting+17
0x02E8	0x3465 ;?ICS?lstr5_SMSvoting+18
0x02E9	0x3420 ;?ICS?lstr5_SMSvoting+19
0x02EA	0x3400 ;?ICS?lstr5_SMSvoting+20
; end of ?ICS?lstr5_SMSvoting
;SMSvoting.c,0 :: ?ICS?lstr4_SMSvoting
0x02EB	0x3441 ;?ICS?lstr4_SMSvoting+0
0x02EC	0x3454 ;?ICS?lstr4_SMSvoting+1
0x02ED	0x342B ;?ICS?lstr4_SMSvoting+2
0x02EE	0x3443 ;?ICS?lstr4_SMSvoting+3
0x02EF	0x344E ;?ICS?lstr4_SMSvoting+4
0x02F0	0x344D ;?ICS?lstr4_SMSvoting+5
0x02F1	0x3449 ;?ICS?lstr4_SMSvoting+6
0x02F2	0x343D ;?ICS?lstr4_SMSvoting+7
0x02F3	0x3431 ;?ICS?lstr4_SMSvoting+8
0x02F4	0x342C ;?ICS?lstr4_SMSvoting+9
0x02F5	0x3432 ;?ICS?lstr4_SMSvoting+10
0x02F6	0x342C ;?ICS?lstr4_SMSvoting+11
0x02F7	0x3430 ;?ICS?lstr4_SMSvoting+12
0x02F8	0x342C ;?ICS?lstr4_SMSvoting+13
0x02F9	0x3430 ;?ICS?lstr4_SMSvoting+14
0x02FA	0x342C ;?ICS?lstr4_SMSvoting+15
0x02FB	0x3430 ;?ICS?lstr4_SMSvoting+16
0x02FC	0x3400 ;?ICS?lstr4_SMSvoting+17
; end of ?ICS?lstr4_SMSvoting
;SMSvoting.c,0 :: ?ICS?lstr3_SMSvoting
0x02FD	0x3441 ;?ICS?lstr3_SMSvoting+0
0x02FE	0x3454 ;?ICS?lstr3_SMSvoting+1
0x02FF	0x3420 ;?ICS?lstr3_SMSvoting+2
0x0300	0x342B ;?ICS?lstr3_SMSvoting+3
0x0301	0x3420 ;?ICS?lstr3_SMSvoting+4
0x0302	0x3443 ;?ICS?lstr3_SMSvoting+5
0x0303	0x344D ;?ICS?lstr3_SMSvoting+6
0x0304	0x3447 ;?ICS?lstr3_SMSvoting+7
0x0305	0x3446 ;?ICS?lstr3_SMSvoting+8
0x0306	0x3420 ;?ICS?lstr3_SMSvoting+9
0x0307	0x343D ;?ICS?lstr3_SMSvoting+10
0x0308	0x3420 ;?ICS?lstr3_SMSvoting+11
0x0309	0x3431 ;?ICS?lstr3_SMSvoting+12
0x030A	0x3400 ;?ICS?lstr3_SMSvoting+13
; end of ?ICS?lstr3_SMSvoting
;SMSvoting.c,0 :: ?ICS?lstr8_SMSvoting
0x030B	0x3443 ;?ICS?lstr8_SMSvoting+0
0x030C	0x3461 ;?ICS?lstr8_SMSvoting+1
0x030D	0x346E ;?ICS?lstr8_SMSvoting+2
0x030E	0x345F ;?ICS?lstr8_SMSvoting+3
0x030F	0x3443 ;?ICS?lstr8_SMSvoting+4
0x0310	0x343A ;?ICS?lstr8_SMSvoting+5
0x0311	0x3400 ;?ICS?lstr8_SMSvoting+6
; end of ?ICS?lstr8_SMSvoting
;SMSvoting.c,0 :: ?ICS?lstr7_SMSvoting
0x0312	0x3443 ;?ICS?lstr7_SMSvoting+0
0x0313	0x3461 ;?ICS?lstr7_SMSvoting+1
0x0314	0x346E ;?ICS?lstr7_SMSvoting+2
0x0315	0x345F ;?ICS?lstr7_SMSvoting+3
0x0316	0x3442 ;?ICS?lstr7_SMSvoting+4
0x0317	0x343A ;?ICS?lstr7_SMSvoting+5
0x0318	0x3400 ;?ICS?lstr7_SMSvoting+6
; end of ?ICS?lstr7_SMSvoting
;SMSvoting.c,0 :: ?ICS?lstr6_SMSvoting
0x0319	0x3443 ;?ICS?lstr6_SMSvoting+0
0x031A	0x3461 ;?ICS?lstr6_SMSvoting+1
0x031B	0x346E ;?ICS?lstr6_SMSvoting+2
0x031C	0x345F ;?ICS?lstr6_SMSvoting+3
0x031D	0x3441 ;?ICS?lstr6_SMSvoting+4
0x031E	0x343A ;?ICS?lstr6_SMSvoting+5
0x031F	0x3400 ;?ICS?lstr6_SMSvoting+6
; end of ?ICS?lstr6_SMSvoting
;SMSvoting.c,0 :: ?ICS?lstr9_SMSvoting
0x0320	0x3443 ;?ICS?lstr9_SMSvoting+0
0x0321	0x3461 ;?ICS?lstr9_SMSvoting+1
0x0322	0x346E ;?ICS?lstr9_SMSvoting+2
0x0323	0x345F ;?ICS?lstr9_SMSvoting+3
0x0324	0x3444 ;?ICS?lstr9_SMSvoting+4
0x0325	0x343A ;?ICS?lstr9_SMSvoting+5
0x0326	0x3400 ;?ICS?lstr9_SMSvoting+6
; end of ?ICS?lstr9_SMSvoting
Symbol List:
//** Routines locations **
//ADDRESS    SIZE    PROCEDURE
//----------------------------------------------
0x0003       [3]    _Delay_1us
0x0006      [13]    _Delay_5500us
0x0013       [7]    _Delay_50us
0x001A      [87]    _Lcd_Cmd
0x0071       [9]    _Lcd_Chr_CP
0x007A      [10]    _UART1_Write
0x0084       [7]    _____DoICP
0x008B      [20]    _linefeed
0x009F      [11]    _UART1_Read
0x00AA      [73]    _Lcd_Out
0x00F3       [7]    _UART1_Data_Ready
0x00FA      [23]    _UART1_Write_Text
0x0111      [17]    _Div_8X8_U
0x0122      [60]    _Lcd_Chr
0x015E      [51]    _check_sms
0x0191      [42]    _default_lcd
0x01BB      [70]    _dec2str
0x0201      [22]    _GSM_init
0x0217      [16]    _UART1_Init
0x0227      [12]    ___CC2DW
0x0233      [78]    _Lcd_Init
0x0281      [72]    _main
//** Variables locations ** 
//ADDRESS    SIZE    VARIABLE
//----------------------------------------------
0x0000       [1]    INDF
0x0002       [1]    PCL
0x0003       [1]    STATUS
0x0004       [1]    FSR
0x0006       [0]    LCD_D5
0x0006       [0]    LCD_D6
0x0006       [0]    LCD_D7
0x0006       [0]    LCD_D4
0x0006       [0]    LCD_RS
0x0006       [0]    LCD_EN
0x0006       [0]    RB3_bit
0x0006       [0]    RB5_bit
0x0006       [0]    RB4_bit
0x0006       [0]    RB6_bit
0x0006       [0]    RB7_bit
0x0006       [0]    RB2_bit
0x000A       [1]    PCLATH
0x000C       [1]    PIR1
0x0018       [1]    RCSTA
0x0019       [1]    TXREG
0x001A       [1]    RCREG
0x0020       [4]    ?lstr2_SMSvoting
0x0024       [3]    ?lstr1_SMSvoting
0x0027      [21]    ?lstr5_SMSvoting
0x003C      [18]    ?lstr4_SMSvoting
0x004E      [14]    ?lstr3_SMSvoting
0x005C       [7]    ?lstr8_SMSvoting
0x0063       [7]    ?lstr7_SMSvoting
0x006A       [2]    ___DoICPAddr
0x006C       [1]    _can_D
0x006D       [1]    _can_C
0x006E       [0]    __Lib_Lcd_cmd_status
0x006F       [1]    _output
0x0070       [1]    R0
0x0071       [1]    R1
0x0072       [1]    R2
0x0073       [1]    R3
0x0074       [1]    R4
0x0075       [1]    R5
0x0076       [1]    R6
0x0077       [1]    R7
0x0078       [1]    R8
0x0079       [1]    R9
0x007A       [1]    R10
0x007B       [1]    R11
0x007C       [1]    R12
0x007D       [1]    R13
0x007E       [1]    R14
0x007F       [1]    R15
0x0086       [0]    TRISB3_bit
0x0086       [0]    LCD_EN_Direction
0x0086       [0]    LCD_D4_Direction
0x0086       [0]    LCD_RS_Direction
0x0086       [0]    TRISB2_bit
0x0086       [0]    TRISB5_bit
0x0086       [0]    LCD_D7_Direction
0x0086       [0]    TRISB7_bit
0x0086       [0]    TRISB6_bit
0x0086       [0]    TRISB4_bit
0x0086       [0]    LCD_D5_Direction
0x0086       [0]    LCD_D6_Direction
0x0087       [1]    TRISC
0x0087       [0]    TRISC7_bit
0x0087       [0]    TRISC6_bit
0x0098       [1]    TXSTA
0x0099       [1]    SPBRG
0x00A0       [7]    ?lstr6_SMSvoting
0x00A7       [7]    ?lstr9_SMSvoting
0x00AE      [15]    _number
0x00BD       [1]    _can_B
0x00BE       [1]    _can_A
0x00BF       [1]    FARG_dec2str_value
0x00BF       [1]    check_sms_x_L0
0x00C0       [1]    FLOC__check_sms
0x00C0       [1]    FARG_dec2str_x
0x00C1       [1]    FARG_dec2str_y
0x00C2       [4]    dec2str_txt_L0
0x00C6       [1]    FARG_UART1_Write_Text_uart_text
0x00C6       [1]    FARG_Lcd_Chr_row
0x00C6       [1]    FARG_Lcd_Out_row
0x00C7       [1]    FARG_Lcd_Chr_column
0x00C7       [1]    UART1_Write_Text_data__L0
0x00C7       [1]    FARG_Lcd_Out_column
0x00C8       [1]    FARG_Lcd_Chr_out_char
0x00C8       [1]    FARG_Lcd_Out_text
0x00C8       [1]    UART1_Write_Text_counter_L0
0x00C9       [1]    Lcd_Out_i_L0
0x00CA       [1]    FARG_UART1_Write_data_
0x00CA       [1]    FARG_Lcd_Chr_CP_out_char
0x00CB       [1]    FARG_Lcd_Cmd_out_char
//** Constants locations ** 
//ADDRESS    SIZE    CONSTANT
//----------------------------------------------
0x02CF       [4]    ?ICS?lstr2_SMSvoting
0x02D3       [3]    ?ICS?lstr1_SMSvoting
0x02D6      [21]    ?ICS?lstr5_SMSvoting
0x02EB      [18]    ?ICS?lstr4_SMSvoting
0x02FD      [14]    ?ICS?lstr3_SMSvoting
0x030B       [7]    ?ICS?lstr8_SMSvoting
0x0312       [7]    ?ICS?lstr7_SMSvoting
0x0319       [7]    ?ICS?lstr6_SMSvoting
0x0320       [7]    ?ICS?lstr9_SMSvoting
//** Label List: ** 
//----------------------------------------------
  L_linefeed0
  L_check_sms1
  L_check_sms2
  L_check_sms3
  L_check_sms4
  L_check_sms5
  L_check_sms6
  L_check_sms7
  L_check_sms8
  L_main9
  L_main10
  L_main11
  L_end_linefeed
  _linefeed
  L_end_GSM_init
  _GSM_init
  L_end_check_sms
  _check_sms
  L_end_dec2str
  _dec2str
  L_end_default_lcd
  _default_lcd
  L_end_main
  _main
  L_Delay_10us0
  L_Delay_22us1
  L_Delay_50us2
  L_Delay_80us3
  L_Delay_500us4
  L_Delay_5500us5
  L_Delay_1ms6
  L_Delay_5ms7
  L_Delay_8ms8
  L_Delay_10ms9
  L_Delay_100ms10
  L_Delay_1sec11
  L_boot16_Delay_5ms12
  L_Delay_Cyc13
  L_Delay_Cyc14
  L_VDelay_ms15
  L_VDelay_ms16
  L_VDelay_ms17
  L_VDelay_Advanced_ms18
  L_VDelay_Advanced_ms19
  L_VDelay_Advanced_ms20
  L_end_Get_Fosc_kHz
  _Get_Fosc_kHz
  L_end_Delay_1us
  _Delay_1us
  L_end_Delay_10us
  _Delay_10us
  L_end_Delay_22us
  _Delay_22us
  L_end_Delay_50us
  _Delay_50us
  L_end_Delay_80us
  _Delay_80us
  L_end_Delay_500us
  _Delay_500us
  L_end_Delay_5500us
  _Delay_5500us
  L_end_Delay_1ms
  _Delay_1ms
  L_end_Delay_5ms
  _Delay_5ms
  L_end_Delay_8ms
  _Delay_8ms
  L_end_Delay_10ms
  _Delay_10ms
  L_end_Delay_100ms
  _Delay_100ms
  L_end_Delay_1sec
  _Delay_1sec
  L_end_boot16_Delay_5ms
  _boot16_Delay_5ms
  L_end_Delay_Cyc
  _Delay_Cyc
  L_end_VDelay_ms
  _VDelay_ms
  L__VDelay_ms38
  L__VDelay_ms39
  L__VDelay_ms40
  L_end_VDelay_Advanced_ms
  _VDelay_Advanced_ms
  L__VDelay_Advanced_ms42
  L__VDelay_Advanced_ms43
  L__VDelay_Advanced_ms44
  L_Lcd_Cmd0
  L_Lcd_Cmd1
  L_Lcd_Out_CP2
  L_Lcd_Out_CP3
  L_Lcd_Chr4
  L_Lcd_Chr5
  L_Lcd_Chr6
  L_Lcd_Chr7
  L_Lcd_Chr8
  L_Lcd_Chr9
  L_Lcd_Chr10
  L_Lcd_Out11
  L_Lcd_Out12
  L_Lcd_Out13
  L_Lcd_Out14
  L_Lcd_Out15
  L_Lcd_Out16
  L_Lcd_Out17
  L_Lcd_Out18
  L_Lcd_Out19
  L_end_Lcd_Cmd
  _Lcd_Cmd
  L__Lcd_Cmd21
  L__Lcd_Cmd22
  L__Lcd_Cmd23
  L__Lcd_Cmd24
  L__Lcd_Cmd25
  L__Lcd_Cmd26
  L__Lcd_Cmd27
  L__Lcd_Cmd28
  L__Lcd_Cmd29
  L__Lcd_Cmd30
  L__Lcd_Cmd31
  L__Lcd_Cmd32
  L__Lcd_Cmd33
  L__Lcd_Cmd34
  L__Lcd_Cmd35
  L__Lcd_Cmd36
  L__Lcd_Cmd37
  L__Lcd_Cmd38
  L__Lcd_Cmd39
  L__Lcd_Cmd40
  L_end_Lcd_Chr_CP
  _Lcd_Chr_CP
  L_end_Lcd_Out_CP
  _Lcd_Out_CP
  L_end_Lcd_Chr
  _Lcd_Chr
  L_end_Lcd_Init
  _Lcd_Init
  L_end_Lcd_Out
  _Lcd_Out
  L_Div_16x16_S0
  L_Div_16x16_S1
  LOOPS3232A
  SADD22LA
  SOK22LA
  SADD22L8
  SOK22L8
  LOOPS3232B
  SADD22LB
  SOK22LB
  SADD22L16
  SOK22L16
  LOOPS3232C
  SADD22LC
  SOK22LC
  SADD22L24
  SOK22L24
  LOOPS3232D
  SADD22LD
  SOK22LD
  SOK22L
  L_Div_32x32_S6
  L_Div_32x32_S7
  L_Div_32x32_S8
  L_Div_32x32_S9
  FXD3232S
  END_ALL
  CA3232S
  C3232SX
  C3232SX1
  C3232S
  C3232S2
  C3232SX4
  C3232SOK
  C3232SX3
  C3232SX2
  avoid_comfrem
  LOOPU3232A
  UADD22LA
  UOK22LA
  UADD22L8
  UOK22L8
  LOOPU3232B
  UADD22LB
  UOK22LB
  UADD22L16
  UOK22L16
  LOOPU3232C
  UADD22LC
  UOK22LC
  UADD22L24
  UOK22L24
  LOOPU3232D
  UADD22LD
  UOK22LD
  UOK22L
  _NEXT
  _EXIT2
  _LOOP
  _EXIT1
  _IF_FIRST
  _IF_SECOND
  _INVERCE_FIRST
  _MULT
  _INBERSE_SECOND
  _EXIT
  L_end_Mul_8X8_U
  _Mul_8X8_U
  L_end_Mul_16X16_U
  _Mul_16X16_U
  L_end_Div_8X8_U
  _Div_8X8_U
  L_end_Div_16X16_U
  _Div_16X16_U
  L_end_Mul_8X8_S
  _Mul_8X8_S
  L_end_Mul_16X16_S
  _Mul_16X16_S
  L_end_Div_16x16_S_L
  _Div_16x16_S_L
  L_end_Div_16x16_S
  _Div_16x16_S
  L_end_Div_8X8_S
  _Div_8X8_S
  L_end_SDIV3232L
  _SDIV3232L
  L_end_COMFREM
  _COMFREM
  L_end_Div_32x32_S
  _Div_32x32_S
  L_end_Div_32x32_U
  _Div_32x32_U
  L_end_Mul_32x32_U
  _Mul_32x32_U
  L_end_Mul_32x32_S
  _Mul_32x32_S
  L_loopCA2AWs
  L_CA2AWend
  _CCA2AW_Loop1
  L_loopCS2Ss
  L_CS2Send
  _CCS2S_Loop1
  L_CCS2Send
  L_loopFZinSWs
  L_FZinSend
  _CC2D_Loop1
  L_end_____DoICP
  _____DoICP
  L_end_____DoIFC
  _____DoIFC
  L_end___CA2AW
  ___CA2AW
  L_end___CCA2AW
  ___CCA2AW
  L_end___CS2S
  ___CS2S
  L_end___CCS2S
  ___CCS2S
  L_end___FZinS
  ___FZinS
  L_end___CC2DW
  ___CC2DW
  L_end_Swap
  _Swap
  L_UART1_Init0
  L_UART1_Init1
  L_UART1_Read2
  L_UART1_Write3
  L_UART1_Write4
  L_UART1_Write_Text5
  L_UART1_Write_Text6
  L_UART1_Read_Text7
  L_UART1_Read_Text8
  L_UART1_Read_Text9
  L_UART1_Read_Text10
  L_UART1_Read_Text11
  L_UART1_Read_Text12
  L_UART1_Read_Text13
  L_UART1_Read_Text14
  L_UART1_Read_Text15
  L_end_UART1_Init
  _UART1_Init
  L_end_UART1_Data_Ready
  _UART1_Data_Ready
  L_end_UART1_Read
  _UART1_Read
  L_end_UART1_Tx_Idle
  _UART1_Tx_Idle
  L_end_UART1_Write
  _UART1_Write
  L_end_UART1_Write_Text
  _UART1_Write_Text
  L_end_UART1_Read_Text
  _UART1_Read_Text
