;  LST file generated by mikroListExporter - v.2.0 
; Date/Time: 11-Apr-17 8:58:02 PM
;----------------------------------------------

;Address Opcode 	ASM
0x0000	0x29D6      	GOTO       470
_interrupt:
0x0004	0x00FF      	MOVWF      R15
0x0005	0x0E03      	SWAPF      STATUS, 0
0x0006	0x0183      	CLRF       STATUS
0x0007	0x00E5      	MOVWF      ___saveSTATUS
0x0008	0x080A      	MOVF       PCLATH, 0
0x0009	0x00E6      	MOVWF      ___savePCLATH
0x000A	0x018A      	CLRF       PCLATH
0x000B	0x0870      	MOVF       R0, 0
0x000C	0x00A0      	MOVWF      32
;WebHome.c,50 :: 		void interrupt () {
;WebHome.c,51 :: 		if (PIR1.RCIF) {
0x000D	0x1E8C      	BTFSS      PIR1, 5
0x000E	0x2814      	GOTO       L_interrupt6
;WebHome.c,52 :: 		rxd = 0;
0x000F	0x01E1      	CLRF       _rxd
;WebHome.c,53 :: 		rxd = Uart1_Read();
0x0010	0x21CB      	CALL       _UART1_Read
0x0011	0x0870      	MOVF       R0, 0
0x0012	0x00E1      	MOVWF      _rxd
;WebHome.c,54 :: 		flag = 1;
0x0013	0x1460      	BSF        _flag, BitPos(_flag+0)
;WebHome.c,56 :: 		}
L_interrupt6:
;WebHome.c,57 :: 		}
L_end_interrupt:
L__interrupt12:
0x0014	0x0820      	MOVF       32, 0
0x0015	0x00F0      	MOVWF      R0
0x0016	0x0866      	MOVF       ___savePCLATH, 0
0x0017	0x008A      	MOVWF      PCLATH
0x0018	0x0E65      	SWAPF      ___saveSTATUS, 0
0x0019	0x0083      	MOVWF      STATUS
0x001A	0x0EFF      	SWAPF      R15, 1
0x001B	0x0E7F      	SWAPF      R15, 0
0x001C	0x0009      	RETFIE
; end of _interrupt
_Delay_1us:
;__Lib_Delays.c,7 :: 		void Delay_1us() {
;__Lib_Delays.c,8 :: 		Delay_us(1);
0x001D	0x0000      	NOP
0x001E	0x0000      	NOP
0x001F	0x0000      	NOP
0x0020	0x0000      	NOP
0x0021	0x0000      	NOP
;__Lib_Delays.c,9 :: 		}
L_end_Delay_1us:
0x0022	0x0008      	RETURN
; end of _Delay_1us
_Delay_50us:
;__Lib_Delays.c,19 :: 		void Delay_50us() {
;__Lib_Delays.c,20 :: 		Delay_us(50);
0x0023	0x3053      	MOVLW      83
0x0024	0x1283      	BCF        STATUS, 5
0x0025	0x1303      	BCF        STATUS, 6
0x0026	0x00FD      	MOVWF      R13
L_Delay_50us2:
0x0027	0x0BFD      	DECFSZ     R13, 1
0x0028	0x2827      	GOTO       L_Delay_50us2
;__Lib_Delays.c,21 :: 		}
L_end_Delay_50us:
0x0029	0x0008      	RETURN
; end of _Delay_50us
_Delay_5500us:
;__Lib_Delays.c,31 :: 		void Delay_5500us() {
;__Lib_Delays.c,32 :: 		Delay_us(5500);
0x002A	0x3024      	MOVLW      36
0x002B	0x1283      	BCF        STATUS, 5
0x002C	0x1303      	BCF        STATUS, 6
0x002D	0x00FC      	MOVWF      R12
0x002E	0x30B5      	MOVLW      181
0x002F	0x00FD      	MOVWF      R13
L_Delay_5500us5:
0x0030	0x0BFD      	DECFSZ     R13, 1
0x0031	0x2830      	GOTO       L_Delay_5500us5
0x0032	0x0BFC      	DECFSZ     R12, 1
0x0033	0x2830      	GOTO       L_Delay_5500us5
0x0034	0x0000      	NOP
0x0035	0x0000      	NOP
;__Lib_Delays.c,33 :: 		}
L_end_Delay_5500us:
0x0036	0x0008      	RETURN
; end of _Delay_5500us
_UART1_Write:
;__Lib_UART_c67.c,39 :: 		
;__Lib_UART_c67.c,40 :: 		
L_UART1_Write3:
0x0037	0x1683      	BSF        STATUS, 5
0x0038	0x1303      	BCF        STATUS, 6
0x0039	0x1898      	BTFSC      TXSTA, 1
0x003A	0x283D      	GOTO       L_UART1_Write4
;__Lib_UART_c67.c,41 :: 		
0x003B	0x0000      	NOP
0x003C	0x2837      	GOTO       L_UART1_Write3
L_UART1_Write4:
;__Lib_UART_c67.c,42 :: 		
0x003D	0x1283      	BCF        STATUS, 5
0x003E	0x086E      	MOVF       FARG_UART1_Write_data_, 0
0x003F	0x0099      	MOVWF      TXREG
;__Lib_UART_c67.c,43 :: 		
L_end_UART1_Write:
0x0040	0x0008      	RETURN
; end of _UART1_Write
_Lcd_Cmd:
;__Lib_Lcd.c,18 :: 		
;__Lib_Lcd.c,20 :: 		
0x0041	0x1283      	BCF        STATUS, 5
0x0042	0x1303      	BCF        STATUS, 6
0x0043	0x1BEE      	BTFSC      FARG_Lcd_Cmd_out_char, 7
0x0044	0x2847      	GOTO       L__Lcd_Cmd21
0x0045	0x1386      	BCF        LCD_D7, BitPos(LCD_D7+0)
0x0046	0x2848      	GOTO       L__Lcd_Cmd22
L__Lcd_Cmd21:
0x0047	0x1786      	BSF        LCD_D7, BitPos(LCD_D7+0)
L__Lcd_Cmd22:
;__Lib_Lcd.c,21 :: 		
0x0048	0x1B6E      	BTFSC      FARG_Lcd_Cmd_out_char, 6
0x0049	0x284C      	GOTO       L__Lcd_Cmd23
0x004A	0x1306      	BCF        LCD_D6, BitPos(LCD_D6+0)
0x004B	0x284D      	GOTO       L__Lcd_Cmd24
L__Lcd_Cmd23:
0x004C	0x1706      	BSF        LCD_D6, BitPos(LCD_D6+0)
L__Lcd_Cmd24:
;__Lib_Lcd.c,22 :: 		
0x004D	0x1AEE      	BTFSC      FARG_Lcd_Cmd_out_char, 5
0x004E	0x2851      	GOTO       L__Lcd_Cmd25
0x004F	0x1286      	BCF        LCD_D5, BitPos(LCD_D5+0)
0x0050	0x2852      	GOTO       L__Lcd_Cmd26
L__Lcd_Cmd25:
0x0051	0x1686      	BSF        LCD_D5, BitPos(LCD_D5+0)
L__Lcd_Cmd26:
;__Lib_Lcd.c,23 :: 		
0x0052	0x1A6E      	BTFSC      FARG_Lcd_Cmd_out_char, 4
0x0053	0x2856      	GOTO       L__Lcd_Cmd27
0x0054	0x1206      	BCF        LCD_D4, BitPos(LCD_D4+0)
0x0055	0x2857      	GOTO       L__Lcd_Cmd28
L__Lcd_Cmd27:
0x0056	0x1606      	BSF        LCD_D4, BitPos(LCD_D4+0)
L__Lcd_Cmd28:
;__Lib_Lcd.c,25 :: 		
0x0057	0x18E0      	BTFSC      __Lib_Lcd_cmd_status, BitPos(__Lib_Lcd_cmd_status+0)
0x0058	0x285B      	GOTO       L__Lcd_Cmd29
0x0059	0x1506      	BSF        LCD_RS, BitPos(LCD_RS+0)
0x005A	0x285C      	GOTO       L__Lcd_Cmd30
L__Lcd_Cmd29:
0x005B	0x1106      	BCF        LCD_RS, BitPos(LCD_RS+0)
L__Lcd_Cmd30:
;__Lib_Lcd.c,28 :: 		
0x005C	0x1586      	BSF        LCD_EN, BitPos(LCD_EN+0)
;__Lib_Lcd.c,29 :: 		
0x005D	0x201D      	CALL       _Delay_1us
;__Lib_Lcd.c,30 :: 		
0x005E	0x1186      	BCF        LCD_EN, BitPos(LCD_EN+0)
;__Lib_Lcd.c,33 :: 		
0x005F	0x19EE      	BTFSC      FARG_Lcd_Cmd_out_char, 3
0x0060	0x2863      	GOTO       L__Lcd_Cmd31
0x0061	0x1386      	BCF        LCD_D7, BitPos(LCD_D7+0)
0x0062	0x2864      	GOTO       L__Lcd_Cmd32
L__Lcd_Cmd31:
0x0063	0x1786      	BSF        LCD_D7, BitPos(LCD_D7+0)
L__Lcd_Cmd32:
;__Lib_Lcd.c,34 :: 		
0x0064	0x196E      	BTFSC      FARG_Lcd_Cmd_out_char, 2
0x0065	0x2868      	GOTO       L__Lcd_Cmd33
0x0066	0x1306      	BCF        LCD_D6, BitPos(LCD_D6+0)
0x0067	0x2869      	GOTO       L__Lcd_Cmd34
L__Lcd_Cmd33:
0x0068	0x1706      	BSF        LCD_D6, BitPos(LCD_D6+0)
L__Lcd_Cmd34:
;__Lib_Lcd.c,35 :: 		
0x0069	0x18EE      	BTFSC      FARG_Lcd_Cmd_out_char, 1
0x006A	0x286D      	GOTO       L__Lcd_Cmd35
0x006B	0x1286      	BCF        LCD_D5, BitPos(LCD_D5+0)
0x006C	0x286E      	GOTO       L__Lcd_Cmd36
L__Lcd_Cmd35:
0x006D	0x1686      	BSF        LCD_D5, BitPos(LCD_D5+0)
L__Lcd_Cmd36:
;__Lib_Lcd.c,36 :: 		
0x006E	0x186E      	BTFSC      FARG_Lcd_Cmd_out_char, 0
0x006F	0x2872      	GOTO       L__Lcd_Cmd37
0x0070	0x1206      	BCF        LCD_D4, BitPos(LCD_D4+0)
0x0071	0x2873      	GOTO       L__Lcd_Cmd38
L__Lcd_Cmd37:
0x0072	0x1606      	BSF        LCD_D4, BitPos(LCD_D4+0)
L__Lcd_Cmd38:
;__Lib_Lcd.c,38 :: 		
0x0073	0x18E0      	BTFSC      __Lib_Lcd_cmd_status, BitPos(__Lib_Lcd_cmd_status+0)
0x0074	0x2877      	GOTO       L__Lcd_Cmd39
0x0075	0x1506      	BSF        LCD_RS, BitPos(LCD_RS+0)
0x0076	0x2878      	GOTO       L__Lcd_Cmd40
L__Lcd_Cmd39:
0x0077	0x1106      	BCF        LCD_RS, BitPos(LCD_RS+0)
L__Lcd_Cmd40:
;__Lib_Lcd.c,40 :: 		
0x0078	0x1586      	BSF        LCD_EN, BitPos(LCD_EN+0)
;__Lib_Lcd.c,41 :: 		
0x0079	0x201D      	CALL       _Delay_1us
;__Lib_Lcd.c,42 :: 		
0x007A	0x1186      	BCF        LCD_EN, BitPos(LCD_EN+0)
;__Lib_Lcd.c,44 :: 		
0x007B	0x1CE0      	BTFSS      __Lib_Lcd_cmd_status, BitPos(__Lib_Lcd_cmd_status+0)
0x007C	0x287F      	GOTO       L_Lcd_Cmd0
;__Lib_Lcd.c,45 :: 		
0x007D	0x202A      	CALL       _Delay_5500us
0x007E	0x2880      	GOTO       L_Lcd_Cmd1
L_Lcd_Cmd0:
;__Lib_Lcd.c,47 :: 		
0x007F	0x2023      	CALL       _Delay_50us
L_Lcd_Cmd1:
;__Lib_Lcd.c,48 :: 		
L_end_Lcd_Cmd:
0x0080	0x0008      	RETURN
; end of _Lcd_Cmd
_____DoICP:
;__Lib_System.c,6 :: 		
;__Lib_System.c,9 :: 		
0x0081	0x1283      	BCF        STATUS, 5
0x0082	0x1303      	BCF        STATUS, 6
0x0083	0x085F      	MOVF       ___DoICPAddr+1, 0
0x0084	0x008A      	MOVWF      PCLATH
;__Lib_System.c,10 :: 		
0x0085	0x085E      	MOVF       ___DoICPAddr, 0
0x0086	0x0082      	MOVWF      PCL
;__Lib_System.c,12 :: 		
L_end_____DoICP:
0x0087	0x0008      	RETURN
; end of _____DoICP
_UART1_Write_Text:
;__Lib_UART_c67.c,47 :: 		
;__Lib_UART_c67.c,48 :: 		
0x0088	0x1283      	BCF        STATUS, 5
0x0089	0x1303      	BCF        STATUS, 6
0x008A	0x01ED      	CLRF       UART1_Write_Text_counter_L0
;__Lib_UART_c67.c,50 :: 		
0x008B	0x086B      	MOVF       FARG_UART1_Write_Text_uart_text, 0
0x008C	0x0084      	MOVWF      FSR
0x008D	0x0800      	MOVF       INDF, 0
0x008E	0x00EC      	MOVWF      UART1_Write_Text_data__L0
;__Lib_UART_c67.c,51 :: 		
L_UART1_Write_Text5:
0x008F	0x086C      	MOVF       UART1_Write_Text_data__L0, 0
0x0090	0x3A00      	XORLW      0
0x0091	0x1903      	BTFSC      STATUS, 2
0x0092	0x289D      	GOTO       L_UART1_Write_Text6
;__Lib_UART_c67.c,52 :: 		
0x0093	0x086C      	MOVF       UART1_Write_Text_data__L0, 0
0x0094	0x00EE      	MOVWF      FARG_UART1_Write_data_
0x0095	0x2037      	CALL       _UART1_Write
;__Lib_UART_c67.c,53 :: 		
0x0096	0x0AED      	INCF       UART1_Write_Text_counter_L0, 1
;__Lib_UART_c67.c,54 :: 		
0x0097	0x086D      	MOVF       UART1_Write_Text_counter_L0, 0
0x0098	0x076B      	ADDWF      FARG_UART1_Write_Text_uart_text, 0
0x0099	0x0084      	MOVWF      FSR
0x009A	0x0800      	MOVF       INDF, 0
0x009B	0x00EC      	MOVWF      UART1_Write_Text_data__L0
;__Lib_UART_c67.c,55 :: 		
0x009C	0x288F      	GOTO       L_UART1_Write_Text5
L_UART1_Write_Text6:
;__Lib_UART_c67.c,56 :: 		
L_end_UART1_Write_Text:
0x009D	0x0008      	RETURN
; end of _UART1_Write_Text
_Lcd_Chr_CP:
;__Lib_Lcd.c,50 :: 		
;__Lib_Lcd.c,52 :: 		
0x009E	0x1283      	BCF        STATUS, 5
0x009F	0x1303      	BCF        STATUS, 6
0x00A0	0x10E0      	BCF        __Lib_Lcd_cmd_status, BitPos(__Lib_Lcd_cmd_status+0)
;__Lib_Lcd.c,53 :: 		
0x00A1	0x086B      	MOVF       FARG_Lcd_Chr_CP_out_char, 0
0x00A2	0x00EE      	MOVWF      FARG_Lcd_Cmd_out_char
0x00A3	0x2041      	CALL       _Lcd_Cmd
;__Lib_Lcd.c,54 :: 		
0x00A4	0x14E0      	BSF        __Lib_Lcd_cmd_status, BitPos(__Lib_Lcd_cmd_status+0)
;__Lib_Lcd.c,55 :: 		
L_end_Lcd_Chr_CP:
0x00A5	0x0008      	RETURN
; end of _Lcd_Chr_CP
_GSM_init:
;WebHome.c,33 :: 		void GSM_init(){
;WebHome.c,36 :: 		UART1_Write_Text(&cmd_1);
0x00A6	0x3023      	MOVLW      _cmd_1
0x00A7	0x1283      	BCF        STATUS, 5
0x00A8	0x1303      	BCF        STATUS, 6
0x00A9	0x00EB      	MOVWF      FARG_UART1_Write_Text_uart_text
0x00AA	0x2088      	CALL       _UART1_Write_Text
;WebHome.c,37 :: 		Delay_ms(500);
0x00AB	0x300D      	MOVLW      13
0x00AC	0x00FB      	MOVWF      R11
0x00AD	0x30AF      	MOVLW      175
0x00AE	0x00FC      	MOVWF      R12
0x00AF	0x30B6      	MOVLW      182
0x00B0	0x00FD      	MOVWF      R13
L_GSM_init0:
0x00B1	0x0BFD      	DECFSZ     R13, 1
0x00B2	0x28B1      	GOTO       L_GSM_init0
0x00B3	0x0BFC      	DECFSZ     R12, 1
0x00B4	0x28B1      	GOTO       L_GSM_init0
0x00B5	0x0BFB      	DECFSZ     R11, 1
0x00B6	0x28B1      	GOTO       L_GSM_init0
0x00B7	0x0000      	NOP
;WebHome.c,38 :: 		UART1_Write_Text(&cmd_2);
0x00B8	0x3021      	MOVLW      _cmd_2
0x00B9	0x00EB      	MOVWF      FARG_UART1_Write_Text_uart_text
0x00BA	0x2088      	CALL       _UART1_Write_Text
;WebHome.c,39 :: 		Delay_ms(500);
0x00BB	0x300D      	MOVLW      13
0x00BC	0x00FB      	MOVWF      R11
0x00BD	0x30AF      	MOVLW      175
0x00BE	0x00FC      	MOVWF      R12
0x00BF	0x30B6      	MOVLW      182
0x00C0	0x00FD      	MOVWF      R13
L_GSM_init1:
0x00C1	0x0BFD      	DECFSZ     R13, 1
0x00C2	0x28C1      	GOTO       L_GSM_init1
0x00C3	0x0BFC      	DECFSZ     R12, 1
0x00C4	0x28C1      	GOTO       L_GSM_init1
0x00C5	0x0BFB      	DECFSZ     R11, 1
0x00C6	0x28C1      	GOTO       L_GSM_init1
0x00C7	0x0000      	NOP
;WebHome.c,40 :: 		UART1_Write_Text(&cmd_3);
0x00C8	0x3029      	MOVLW      _cmd_3
0x00C9	0x00EB      	MOVWF      FARG_UART1_Write_Text_uart_text
0x00CA	0x2088      	CALL       _UART1_Write_Text
;WebHome.c,41 :: 		Delay_ms(500);
0x00CB	0x300D      	MOVLW      13
0x00CC	0x00FB      	MOVWF      R11
0x00CD	0x30AF      	MOVLW      175
0x00CE	0x00FC      	MOVWF      R12
0x00CF	0x30B6      	MOVLW      182
0x00D0	0x00FD      	MOVWF      R13
L_GSM_init2:
0x00D1	0x0BFD      	DECFSZ     R13, 1
0x00D2	0x28D1      	GOTO       L_GSM_init2
0x00D3	0x0BFC      	DECFSZ     R12, 1
0x00D4	0x28D1      	GOTO       L_GSM_init2
0x00D5	0x0BFB      	DECFSZ     R11, 1
0x00D6	0x28D1      	GOTO       L_GSM_init2
0x00D7	0x0000      	NOP
;WebHome.c,42 :: 		UART1_Write_Text(&cmd_4);
0x00D8	0x3027      	MOVLW      _cmd_4
0x00D9	0x00EB      	MOVWF      FARG_UART1_Write_Text_uart_text
0x00DA	0x2088      	CALL       _UART1_Write_Text
;WebHome.c,43 :: 		Delay_ms(500);
0x00DB	0x300D      	MOVLW      13
0x00DC	0x00FB      	MOVWF      R11
0x00DD	0x30AF      	MOVLW      175
0x00DE	0x00FC      	MOVWF      R12
0x00DF	0x30B6      	MOVLW      182
0x00E0	0x00FD      	MOVWF      R13
L_GSM_init3:
0x00E1	0x0BFD      	DECFSZ     R13, 1
0x00E2	0x28E1      	GOTO       L_GSM_init3
0x00E3	0x0BFC      	DECFSZ     R12, 1
0x00E4	0x28E1      	GOTO       L_GSM_init3
0x00E5	0x0BFB      	DECFSZ     R11, 1
0x00E6	0x28E1      	GOTO       L_GSM_init3
0x00E7	0x0000      	NOP
;WebHome.c,44 :: 		UART1_Write_Text(&cmd_5);
0x00E8	0x3025      	MOVLW      _cmd_5
0x00E9	0x00EB      	MOVWF      FARG_UART1_Write_Text_uart_text
0x00EA	0x2088      	CALL       _UART1_Write_Text
;WebHome.c,45 :: 		Delay_ms(500);
0x00EB	0x300D      	MOVLW      13
0x00EC	0x00FB      	MOVWF      R11
0x00ED	0x30AF      	MOVLW      175
0x00EE	0x00FC      	MOVWF      R12
0x00EF	0x30B6      	MOVLW      182
0x00F0	0x00FD      	MOVWF      R13
L_GSM_init4:
0x00F1	0x0BFD      	DECFSZ     R13, 1
0x00F2	0x28F1      	GOTO       L_GSM_init4
0x00F3	0x0BFC      	DECFSZ     R12, 1
0x00F4	0x28F1      	GOTO       L_GSM_init4
0x00F5	0x0BFB      	DECFSZ     R11, 1
0x00F6	0x28F1      	GOTO       L_GSM_init4
0x00F7	0x0000      	NOP
;WebHome.c,46 :: 		UART1_Write_Text(&cmd_6);
0x00F8	0x3048      	MOVLW      _cmd_6
0x00F9	0x00EB      	MOVWF      FARG_UART1_Write_Text_uart_text
0x00FA	0x2088      	CALL       _UART1_Write_Text
;WebHome.c,47 :: 		Delay_ms(500);
0x00FB	0x300D      	MOVLW      13
0x00FC	0x00FB      	MOVWF      R11
0x00FD	0x30AF      	MOVLW      175
0x00FE	0x00FC      	MOVWF      R12
0x00FF	0x30B6      	MOVLW      182
0x0100	0x00FD      	MOVWF      R13
L_GSM_init5:
0x0101	0x0BFD      	DECFSZ     R13, 1
0x0102	0x2901      	GOTO       L_GSM_init5
0x0103	0x0BFC      	DECFSZ     R12, 1
0x0104	0x2901      	GOTO       L_GSM_init5
0x0105	0x0BFB      	DECFSZ     R11, 1
0x0106	0x2901      	GOTO       L_GSM_init5
0x0107	0x0000      	NOP
;WebHome.c,48 :: 		}
L_end_GSM_init:
0x0108	0x0008      	RETURN
; end of _GSM_init
_write_server:
;WebHome.c,66 :: 		void write_server(){
;WebHome.c,67 :: 		UART1_Write_Text("AT+HTTPPARA=\"URL\",\"http://eeefinalyear.net16.net/connect.php?g_value=");
0x0109	0x30A0      	MOVLW      ?lstr7_WebHome
0x010A	0x1283      	BCF        STATUS, 5
0x010B	0x1303      	BCF        STATUS, 6
0x010C	0x00EB      	MOVWF      FARG_UART1_Write_Text_uart_text
0x010D	0x2088      	CALL       _UART1_Write_Text
;WebHome.c,68 :: 		UART1_Write(g_value);
0x010E	0x0863      	MOVF       _g_value, 0
0x010F	0x00EE      	MOVWF      FARG_UART1_Write_data_
0x0110	0x2037      	CALL       _UART1_Write
;WebHome.c,69 :: 		UART1_Write_Text("&v_value=");
0x0111	0x3054      	MOVLW      ?lstr8_WebHome
0x0112	0x00EB      	MOVWF      FARG_UART1_Write_Text_uart_text
0x0113	0x2088      	CALL       _UART1_Write_Text
;WebHome.c,70 :: 		UART1_Write(v_value);
0x0114	0x0864      	MOVF       _v_value, 0
0x0115	0x00EE      	MOVWF      FARG_UART1_Write_data_
0x0116	0x2037      	CALL       _UART1_Write
;WebHome.c,71 :: 		UART1_Write_Text("&s_value=");
0x0117	0x304A      	MOVLW      ?lstr9_WebHome
0x0118	0x00EB      	MOVWF      FARG_UART1_Write_Text_uart_text
0x0119	0x2088      	CALL       _UART1_Write_Text
;WebHome.c,72 :: 		UART1_Write(s_value);
0x011A	0x0862      	MOVF       _s_value, 0
0x011B	0x00EE      	MOVWF      FARG_UART1_Write_data_
0x011C	0x2037      	CALL       _UART1_Write
;WebHome.c,73 :: 		UART1_Write_Text("\"\r\n");
0x011D	0x3044      	MOVLW      ?lstr10_WebHome
0x011E	0x00EB      	MOVWF      FARG_UART1_Write_Text_uart_text
0x011F	0x2088      	CALL       _UART1_Write_Text
;WebHome.c,74 :: 		}
L_end_write_server:
0x0120	0x0008      	RETURN
; end of _write_server
_Lcd_Out:
;__Lib_Lcd.c,184 :: 		
;__Lib_Lcd.c,187 :: 		
0x0121	0x2933      	GOTO       L_Lcd_Out11
;__Lib_Lcd.c,188 :: 		
L_Lcd_Out13:
0x0122	0x3080      	MOVLW      128
0x0123	0x1283      	BCF        STATUS, 5
0x0124	0x1303      	BCF        STATUS, 6
0x0125	0x00E7      	MOVWF      FARG_Lcd_Out_row
0x0126	0x2946      	GOTO       L_Lcd_Out12
;__Lib_Lcd.c,189 :: 		
L_Lcd_Out14:
0x0127	0x30C0      	MOVLW      192
0x0128	0x00E7      	MOVWF      FARG_Lcd_Out_row
0x0129	0x2946      	GOTO       L_Lcd_Out12
;__Lib_Lcd.c,190 :: 		
L_Lcd_Out15:
0x012A	0x3094      	MOVLW      148
0x012B	0x00E7      	MOVWF      FARG_Lcd_Out_row
0x012C	0x2946      	GOTO       L_Lcd_Out12
;__Lib_Lcd.c,191 :: 		
L_Lcd_Out16:
0x012D	0x30D4      	MOVLW      212
0x012E	0x00E7      	MOVWF      FARG_Lcd_Out_row
0x012F	0x2946      	GOTO       L_Lcd_Out12
;__Lib_Lcd.c,192 :: 		
L_Lcd_Out17:
0x0130	0x3080      	MOVLW      128
0x0131	0x00E7      	MOVWF      FARG_Lcd_Out_row
;__Lib_Lcd.c,193 :: 		
0x0132	0x2946      	GOTO       L_Lcd_Out12
L_Lcd_Out11:
0x0133	0x1283      	BCF        STATUS, 5
0x0134	0x1303      	BCF        STATUS, 6
0x0135	0x0867      	MOVF       FARG_Lcd_Out_row, 0
0x0136	0x3A01      	XORLW      1
0x0137	0x1903      	BTFSC      STATUS, 2
0x0138	0x2922      	GOTO       L_Lcd_Out13
0x0139	0x0867      	MOVF       FARG_Lcd_Out_row, 0
0x013A	0x3A02      	XORLW      2
0x013B	0x1903      	BTFSC      STATUS, 2
0x013C	0x2927      	GOTO       L_Lcd_Out14
0x013D	0x0867      	MOVF       FARG_Lcd_Out_row, 0
0x013E	0x3A03      	XORLW      3
0x013F	0x1903      	BTFSC      STATUS, 2
0x0140	0x292A      	GOTO       L_Lcd_Out15
0x0141	0x0867      	MOVF       FARG_Lcd_Out_row, 0
0x0142	0x3A04      	XORLW      4
0x0143	0x1903      	BTFSC      STATUS, 2
0x0144	0x292D      	GOTO       L_Lcd_Out16
0x0145	0x2930      	GOTO       L_Lcd_Out17
L_Lcd_Out12:
;__Lib_Lcd.c,194 :: 		
0x0146	0x0368      	DECF       FARG_Lcd_Out_column, 0
0x0147	0x00F0      	MOVWF      R0
0x0148	0x0867      	MOVF       FARG_Lcd_Out_row, 0
0x0149	0x07F0      	ADDWF      R0, 1
0x014A	0x0870      	MOVF       R0, 0
0x014B	0x00E7      	MOVWF      FARG_Lcd_Out_row
;__Lib_Lcd.c,196 :: 		
0x014C	0x0870      	MOVF       R0, 0
0x014D	0x00EE      	MOVWF      FARG_Lcd_Cmd_out_char
0x014E	0x2041      	CALL       _Lcd_Cmd
;__Lib_Lcd.c,197 :: 		
0x014F	0x10E0      	BCF        __Lib_Lcd_cmd_status, BitPos(__Lib_Lcd_cmd_status+0)
;__Lib_Lcd.c,198 :: 		
0x0150	0x01EA      	CLRF       Lcd_Out_i_L0
;__Lib_Lcd.c,199 :: 		
L_Lcd_Out18:
0x0151	0x086A      	MOVF       Lcd_Out_i_L0, 0
0x0152	0x0769      	ADDWF      FARG_Lcd_Out_text, 0
0x0153	0x0084      	MOVWF      FSR
0x0154	0x0800      	MOVF       INDF, 0
0x0155	0x1903      	BTFSC      STATUS, 2
0x0156	0x295F      	GOTO       L_Lcd_Out19
;__Lib_Lcd.c,200 :: 		
0x0157	0x086A      	MOVF       Lcd_Out_i_L0, 0
0x0158	0x0769      	ADDWF      FARG_Lcd_Out_text, 0
0x0159	0x0084      	MOVWF      FSR
0x015A	0x0800      	MOVF       INDF, 0
0x015B	0x00EB      	MOVWF      FARG_Lcd_Chr_CP_out_char
0x015C	0x209E      	CALL       _Lcd_Chr_CP
0x015D	0x0AEA      	INCF       Lcd_Out_i_L0, 1
0x015E	0x2951      	GOTO       L_Lcd_Out18
L_Lcd_Out19:
;__Lib_Lcd.c,201 :: 		
0x015F	0x14E0      	BSF        __Lib_Lcd_cmd_status, BitPos(__Lib_Lcd_cmd_status+0)
;__Lib_Lcd.c,202 :: 		
L_end_Lcd_Out:
0x0160	0x0008      	RETURN
; end of _Lcd_Out
_Lcd_Init:
;__Lib_Lcd.c,84 :: 		
;__Lib_Lcd.c,86 :: 		
0x0161	0x1683      	BSF        STATUS, 5
0x0162	0x1303      	BCF        STATUS, 6
0x0163	0x1186      	BCF        LCD_EN_Direction, BitPos(LCD_EN_Direction+0)
;__Lib_Lcd.c,87 :: 		
0x0164	0x1106      	BCF        LCD_RS_Direction, BitPos(LCD_RS_Direction+0)
;__Lib_Lcd.c,88 :: 		
0x0165	0x1206      	BCF        LCD_D4_Direction, BitPos(LCD_D4_Direction+0)
;__Lib_Lcd.c,89 :: 		
0x0166	0x1286      	BCF        LCD_D5_Direction, BitPos(LCD_D5_Direction+0)
;__Lib_Lcd.c,90 :: 		
0x0167	0x1306      	BCF        LCD_D6_Direction, BitPos(LCD_D6_Direction+0)
;__Lib_Lcd.c,91 :: 		
0x0168	0x1386      	BCF        LCD_D7_Direction, BitPos(LCD_D7_Direction+0)
;__Lib_Lcd.c,93 :: 		
0x0169	0x1283      	BCF        STATUS, 5
0x016A	0x1186      	BCF        LCD_EN, BitPos(LCD_EN+0)
;__Lib_Lcd.c,94 :: 		
0x016B	0x1106      	BCF        LCD_RS, BitPos(LCD_RS+0)
;__Lib_Lcd.c,95 :: 		
0x016C	0x1386      	BCF        LCD_D7, BitPos(LCD_D7+0)
;__Lib_Lcd.c,96 :: 		
0x016D	0x1306      	BCF        LCD_D6, BitPos(LCD_D6+0)
;__Lib_Lcd.c,97 :: 		
0x016E	0x1286      	BCF        LCD_D5, BitPos(LCD_D5+0)
;__Lib_Lcd.c,98 :: 		
0x016F	0x1206      	BCF        LCD_D4, BitPos(LCD_D4+0)
;__Lib_Lcd.c,100 :: 		
0x0170	0x202A      	CALL       _Delay_5500us
;__Lib_Lcd.c,101 :: 		
0x0171	0x202A      	CALL       _Delay_5500us
;__Lib_Lcd.c,102 :: 		
0x0172	0x202A      	CALL       _Delay_5500us
;__Lib_Lcd.c,105 :: 		
0x0173	0x1686      	BSF        LCD_D5, BitPos(LCD_D5+0)
;__Lib_Lcd.c,106 :: 		
0x0174	0x1606      	BSF        LCD_D4, BitPos(LCD_D4+0)
;__Lib_Lcd.c,107 :: 		
0x0175	0x1586      	BSF        LCD_EN, BitPos(LCD_EN+0)
;__Lib_Lcd.c,108 :: 		
0x0176	0x201D      	CALL       _Delay_1us
;__Lib_Lcd.c,109 :: 		
0x0177	0x1186      	BCF        LCD_EN, BitPos(LCD_EN+0)
;__Lib_Lcd.c,110 :: 		
0x0178	0x202A      	CALL       _Delay_5500us
;__Lib_Lcd.c,112 :: 		
0x0179	0x1586      	BSF        LCD_EN, BitPos(LCD_EN+0)
;__Lib_Lcd.c,113 :: 		
0x017A	0x201D      	CALL       _Delay_1us
;__Lib_Lcd.c,114 :: 		
0x017B	0x1186      	BCF        LCD_EN, BitPos(LCD_EN+0)
;__Lib_Lcd.c,115 :: 		
0x017C	0x202A      	CALL       _Delay_5500us
;__Lib_Lcd.c,117 :: 		
0x017D	0x1586      	BSF        LCD_EN, BitPos(LCD_EN+0)
;__Lib_Lcd.c,118 :: 		
0x017E	0x201D      	CALL       _Delay_1us
;__Lib_Lcd.c,119 :: 		
0x017F	0x1186      	BCF        LCD_EN, BitPos(LCD_EN+0)
;__Lib_Lcd.c,120 :: 		
0x0180	0x202A      	CALL       _Delay_5500us
;__Lib_Lcd.c,123 :: 		
0x0181	0x1206      	BCF        LCD_D4, BitPos(LCD_D4+0)
;__Lib_Lcd.c,124 :: 		
0x0182	0x1586      	BSF        LCD_EN, BitPos(LCD_EN+0)
;__Lib_Lcd.c,125 :: 		
0x0183	0x201D      	CALL       _Delay_1us
;__Lib_Lcd.c,126 :: 		
0x0184	0x1186      	BCF        LCD_EN, BitPos(LCD_EN+0)
;__Lib_Lcd.c,127 :: 		
0x0185	0x202A      	CALL       _Delay_5500us
;__Lib_Lcd.c,130 :: 		
0x0186	0x1586      	BSF        LCD_EN, BitPos(LCD_EN+0)
;__Lib_Lcd.c,131 :: 		
0x0187	0x201D      	CALL       _Delay_1us
;__Lib_Lcd.c,132 :: 		
0x0188	0x1186      	BCF        LCD_EN, BitPos(LCD_EN+0)
;__Lib_Lcd.c,134 :: 		
0x0189	0x1286      	BCF        LCD_D5, BitPos(LCD_D5+0)
;__Lib_Lcd.c,135 :: 		
0x018A	0x1786      	BSF        LCD_D7, BitPos(LCD_D7+0)
;__Lib_Lcd.c,136 :: 		
0x018B	0x1586      	BSF        LCD_EN, BitPos(LCD_EN+0)
;__Lib_Lcd.c,137 :: 		
0x018C	0x201D      	CALL       _Delay_1us
;__Lib_Lcd.c,138 :: 		
0x018D	0x1186      	BCF        LCD_EN, BitPos(LCD_EN+0)
;__Lib_Lcd.c,139 :: 		
0x018E	0x202A      	CALL       _Delay_5500us
;__Lib_Lcd.c,142 :: 		
0x018F	0x1386      	BCF        LCD_D7, BitPos(LCD_D7+0)
;__Lib_Lcd.c,143 :: 		
0x0190	0x1606      	BSF        LCD_D4, BitPos(LCD_D4+0)
;__Lib_Lcd.c,144 :: 		
0x0191	0x1586      	BSF        LCD_EN, BitPos(LCD_EN+0)
;__Lib_Lcd.c,145 :: 		
0x0192	0x201D      	CALL       _Delay_1us
;__Lib_Lcd.c,146 :: 		
0x0193	0x1186      	BCF        LCD_EN, BitPos(LCD_EN+0)
;__Lib_Lcd.c,148 :: 		
0x0194	0x1206      	BCF        LCD_D4, BitPos(LCD_D4+0)
;__Lib_Lcd.c,149 :: 		
0x0195	0x1586      	BSF        LCD_EN, BitPos(LCD_EN+0)
;__Lib_Lcd.c,150 :: 		
0x0196	0x201D      	CALL       _Delay_1us
;__Lib_Lcd.c,151 :: 		
0x0197	0x1186      	BCF        LCD_EN, BitPos(LCD_EN+0)
;__Lib_Lcd.c,152 :: 		
0x0198	0x202A      	CALL       _Delay_5500us
;__Lib_Lcd.c,155 :: 		
0x0199	0x1586      	BSF        LCD_EN, BitPos(LCD_EN+0)
;__Lib_Lcd.c,156 :: 		
0x019A	0x201D      	CALL       _Delay_1us
;__Lib_Lcd.c,157 :: 		
0x019B	0x1186      	BCF        LCD_EN, BitPos(LCD_EN+0)
;__Lib_Lcd.c,159 :: 		
0x019C	0x1606      	BSF        LCD_D4, BitPos(LCD_D4+0)
;__Lib_Lcd.c,160 :: 		
0x019D	0x1586      	BSF        LCD_EN, BitPos(LCD_EN+0)
;__Lib_Lcd.c,161 :: 		
0x019E	0x201D      	CALL       _Delay_1us
;__Lib_Lcd.c,162 :: 		
0x019F	0x1186      	BCF        LCD_EN, BitPos(LCD_EN+0)
;__Lib_Lcd.c,163 :: 		
0x01A0	0x202A      	CALL       _Delay_5500us
;__Lib_Lcd.c,166 :: 		
0x01A1	0x1206      	BCF        LCD_D4, BitPos(LCD_D4+0)
;__Lib_Lcd.c,167 :: 		
0x01A2	0x1586      	BSF        LCD_EN, BitPos(LCD_EN+0)
;__Lib_Lcd.c,168 :: 		
0x01A3	0x201D      	CALL       _Delay_1us
;__Lib_Lcd.c,169 :: 		
0x01A4	0x1186      	BCF        LCD_EN, BitPos(LCD_EN+0)
;__Lib_Lcd.c,171 :: 		
0x01A5	0x1786      	BSF        LCD_D7, BitPos(LCD_D7+0)
;__Lib_Lcd.c,172 :: 		
0x01A6	0x1706      	BSF        LCD_D6, BitPos(LCD_D6+0)
;__Lib_Lcd.c,173 :: 		
0x01A7	0x1686      	BSF        LCD_D5, BitPos(LCD_D5+0)
;__Lib_Lcd.c,174 :: 		
0x01A8	0x1606      	BSF        LCD_D4, BitPos(LCD_D4+0)
;__Lib_Lcd.c,175 :: 		
0x01A9	0x1586      	BSF        LCD_EN, BitPos(LCD_EN+0)
;__Lib_Lcd.c,176 :: 		
0x01AA	0x201D      	CALL       _Delay_1us
;__Lib_Lcd.c,177 :: 		
0x01AB	0x1186      	BCF        LCD_EN, BitPos(LCD_EN+0)
;__Lib_Lcd.c,179 :: 		
0x01AC	0x202A      	CALL       _Delay_5500us
;__Lib_Lcd.c,181 :: 		
0x01AD	0x14E0      	BSF        __Lib_Lcd_cmd_status, BitPos(__Lib_Lcd_cmd_status+0)
;__Lib_Lcd.c,182 :: 		
L_end_Lcd_Init:
0x01AE	0x0008      	RETURN
; end of _Lcd_Init
___CC2DW:
;__Lib_System.c,134 :: 		
;__Lib_System.c,137 :: 		
_CC2D_Loop1:
;__Lib_System.c,139 :: 		
0x01AF	0x2081      	CALL       _____DoICP
0x01B0	0x118A      	BCF        PCLATH, 3
0x01B1	0x120A      	BCF        PCLATH, 4
;__Lib_System.c,141 :: 		
0x01B2	0x0080      	MOVWF      INDF
;__Lib_System.c,142 :: 		
0x01B3	0x0A84      	INCF       FSR, 1
;__Lib_System.c,143 :: 		
0x01B4	0x0ADE      	INCF       ___DoICPAddr, 1
;__Lib_System.c,145 :: 		
0x01B5	0x1903      	BTFSC      STATUS, 2
;__Lib_System.c,146 :: 		
0x01B6	0x0ADF      	INCF       ___DoICPAddr+1, 1
;__Lib_System.c,147 :: 		
0x01B7	0x03F0      	DECF       R0, 1
;__Lib_System.c,149 :: 		
0x01B8	0x1D03      	BTFSS      STATUS, 2
;__Lib_System.c,150 :: 		
0x01B9	0x29AF      	GOTO       _CC2D_Loop1
;__Lib_System.c,152 :: 		
L_end___CC2DW:
0x01BA	0x0008      	RETURN
; end of ___CC2DW
_UART1_Init:
;__Lib_UART_c67.c,2 :: 		
;__Lib_UART_c67.c,5 :: 		
0x01BB	0x1683      	BSF        STATUS, 5
0x01BC	0x1303      	BCF        STATUS, 6
0x01BD	0x1698      	BSF        TXSTA, 5
;__Lib_UART_c67.c,6 :: 		
0x01BE	0x3090      	MOVLW      144
0x01BF	0x1283      	BCF        STATUS, 5
0x01C0	0x0098      	MOVWF      RCSTA
;__Lib_UART_c67.c,7 :: 		
0x01C1	0x1683      	BSF        STATUS, 5
0x01C2	0x1787      	BSF        TRISC7_bit, BitPos(TRISC7_bit+0)
;__Lib_UART_c67.c,8 :: 		
0x01C3	0x1307      	BCF        TRISC6_bit, BitPos(TRISC6_bit+0)
;__Lib_UART_c67.c,10 :: 		
L_UART1_Init0:
0x01C4	0x1283      	BCF        STATUS, 5
0x01C5	0x1E8C      	BTFSS      PIR1, 5
0x01C6	0x29CA      	GOTO       L_UART1_Init1
;__Lib_UART_c67.c,11 :: 		
0x01C7	0x081A      	MOVF       RCREG, 0
0x01C8	0x00F0      	MOVWF      R0
0x01C9	0x29C4      	GOTO       L_UART1_Init0
L_UART1_Init1:
;__Lib_UART_c67.c,12 :: 		
L_end_UART1_Init:
0x01CA	0x0008      	RETURN
; end of _UART1_Init
_UART1_Read:
;__Lib_UART_c67.c,21 :: 		
;__Lib_UART_c67.c,24 :: 		
0x01CB	0x1283      	BCF        STATUS, 5
0x01CC	0x1303      	BCF        STATUS, 6
0x01CD	0x081A      	MOVF       RCREG, 0
0x01CE	0x00F1      	MOVWF      R1
;__Lib_UART_c67.c,25 :: 		
0x01CF	0x1C98      	BTFSS      RCSTA, 1
0x01D0	0x29D3      	GOTO       L_UART1_Read2
;__Lib_UART_c67.c,26 :: 		
0x01D1	0x1218      	BCF        RCSTA, 4
;__Lib_UART_c67.c,27 :: 		
0x01D2	0x1618      	BSF        RCSTA, 4
;__Lib_UART_c67.c,28 :: 		
L_UART1_Read2:
;__Lib_UART_c67.c,29 :: 		
0x01D3	0x0871      	MOVF       R1, 0
0x01D4	0x00F0      	MOVWF      R0
;__Lib_UART_c67.c,30 :: 		
L_end_UART1_Read:
0x01D5	0x0008      	RETURN
; end of _UART1_Read
_main:
0x01D6	0x22DE      	CALL       734
;WebHome.c,76 :: 		void main() {
;WebHome.c,77 :: 		TRISC = 0b10000011;
0x01D7	0x3083      	MOVLW      131
0x01D8	0x1683      	BSF        STATUS, 5
0x01D9	0x1303      	BCF        STATUS, 6
0x01DA	0x0087      	MOVWF      TRISC
;WebHome.c,78 :: 		PORTC = 0xFF;
0x01DB	0x30FF      	MOVLW      255
0x01DC	0x1283      	BCF        STATUS, 5
0x01DD	0x0087      	MOVWF      PORTC
;WebHome.c,79 :: 		lcd_init();
0x01DE	0x2161      	CALL       _Lcd_Init
;WebHome.c,80 :: 		uart1_init(9600);
0x01DF	0x3081      	MOVLW      129
0x01E0	0x1683      	BSF        STATUS, 5
0x01E1	0x0099      	MOVWF      SPBRG
0x01E2	0x1518      	BSF        TXSTA, 2
0x01E3	0x21BB      	CALL       _UART1_Init
;WebHome.c,81 :: 		lcd_cmd(_lcd_cursor_off);
0x01E4	0x300C      	MOVLW      12
0x01E5	0x00EE      	MOVWF      FARG_Lcd_Cmd_out_char
0x01E6	0x2041      	CALL       _Lcd_Cmd
;WebHome.c,82 :: 		lcd_cmd(_lcd_clear);
0x01E7	0x3001      	MOVLW      1
0x01E8	0x00EE      	MOVWF      FARG_Lcd_Cmd_out_char
0x01E9	0x2041      	CALL       _Lcd_Cmd
;WebHome.c,83 :: 		lcd_out(1,1,"please wait..");
0x01EA	0x3001      	MOVLW      1
0x01EB	0x00E7      	MOVWF      FARG_Lcd_Out_row
0x01EC	0x3001      	MOVLW      1
0x01ED	0x00E8      	MOVWF      FARG_Lcd_Out_column
0x01EE	0x3036      	MOVLW      ?lstr11_WebHome
0x01EF	0x00E9      	MOVWF      FARG_Lcd_Out_text
0x01F0	0x2121      	CALL       _Lcd_Out
;WebHome.c,84 :: 		GSM_init();
0x01F1	0x20A6      	CALL       _GSM_init
;WebHome.c,85 :: 		lcd_out(1,1,"System OK.");
0x01F2	0x3001      	MOVLW      1
0x01F3	0x00E7      	MOVWF      FARG_Lcd_Out_row
0x01F4	0x3001      	MOVLW      1
0x01F5	0x00E8      	MOVWF      FARG_Lcd_Out_column
0x01F6	0x302B      	MOVLW      ?lstr12_WebHome
0x01F7	0x00E9      	MOVWF      FARG_Lcd_Out_text
0x01F8	0x2121      	CALL       _Lcd_Out
;WebHome.c,86 :: 		lcd_cmd(_lcd_clear);
0x01F9	0x3001      	MOVLW      1
0x01FA	0x00EE      	MOVWF      FARG_Lcd_Cmd_out_char
0x01FB	0x2041      	CALL       _Lcd_Cmd
;WebHome.c,87 :: 		write_server();
0x01FC	0x2109      	CALL       _write_server
;WebHome.c,89 :: 		while(1){
L_main8:
;WebHome.c,91 :: 		}
0x01FD	0x29FD      	GOTO       L_main8
;WebHome.c,92 :: 		}
L_end_main:
0x01FE	0x29FE      	GOTO       $+0
; end of _main
0x02DE	0x3021      	MOVLW      33
0x02DF	0x0084      	MOVWF      FSR
0x02E0	0x3027      	MOVLW      39
0x02E1	0x1283      	BCF        STATUS, 5
0x02E2	0x1303      	BCF        STATUS, 6
0x02E3	0x00F0      	MOVWF      R0
0x02E4	0x304A      	MOVLW      74
0x02E5	0x00DE      	MOVWF      ___DoICPAddr
0x02E6	0x3002      	MOVLW      2
0x02E7	0x00DF      	MOVWF      95
0x02E8	0x21AF      	CALL       431
0x02E9	0x30A0      	MOVLW      160
0x02EA	0x0084      	MOVWF      FSR
0x02EB	0x3046      	MOVLW      70
0x02EC	0x1283      	BCF        STATUS, 5
0x02ED	0x1303      	BCF        STATUS, 6
0x02EE	0x00F0      	MOVWF      R0
0x02EF	0x3004      	MOVLW      4
0x02F0	0x00DE      	MOVWF      ___DoICPAddr
0x02F1	0x3002      	MOVLW      2
0x02F2	0x00DF      	MOVWF      95
0x02F3	0x21AF      	CALL       431
0x02F4	0x3048      	MOVLW      72
0x02F5	0x0084      	MOVWF      FSR
0x02F6	0x3016      	MOVLW      22
0x02F7	0x1283      	BCF        STATUS, 5
0x02F8	0x1303      	BCF        STATUS, 6
0x02F9	0x00F0      	MOVWF      R0
0x02FA	0x3091      	MOVLW      145
0x02FB	0x00DE      	MOVWF      ___DoICPAddr
0x02FC	0x3002      	MOVLW      2
0x02FD	0x00DF      	MOVWF      95
0x02FE	0x21AF      	CALL       431
0x02FF	0x0008      	RETURN
;WebHome.c,0 :: ?ICS?lstr7_WebHome
0x0204	0x3441 ;?ICS?lstr7_WebHome+0
0x0205	0x3454 ;?ICS?lstr7_WebHome+1
0x0206	0x342B ;?ICS?lstr7_WebHome+2
0x0207	0x3448 ;?ICS?lstr7_WebHome+3
0x0208	0x3454 ;?ICS?lstr7_WebHome+4
0x0209	0x3454 ;?ICS?lstr7_WebHome+5
0x020A	0x3450 ;?ICS?lstr7_WebHome+6
0x020B	0x3450 ;?ICS?lstr7_WebHome+7
0x020C	0x3441 ;?ICS?lstr7_WebHome+8
0x020D	0x3452 ;?ICS?lstr7_WebHome+9
0x020E	0x3441 ;?ICS?lstr7_WebHome+10
0x020F	0x343D ;?ICS?lstr7_WebHome+11
0x0210	0x3422 ;?ICS?lstr7_WebHome+12
0x0211	0x3455 ;?ICS?lstr7_WebHome+13
0x0212	0x3452 ;?ICS?lstr7_WebHome+14
0x0213	0x344C ;?ICS?lstr7_WebHome+15
0x0214	0x3422 ;?ICS?lstr7_WebHome+16
0x0215	0x342C ;?ICS?lstr7_WebHome+17
0x0216	0x3422 ;?ICS?lstr7_WebHome+18
0x0217	0x3468 ;?ICS?lstr7_WebHome+19
0x0218	0x3474 ;?ICS?lstr7_WebHome+20
0x0219	0x3474 ;?ICS?lstr7_WebHome+21
0x021A	0x3470 ;?ICS?lstr7_WebHome+22
0x021B	0x343A ;?ICS?lstr7_WebHome+23
0x021C	0x342F ;?ICS?lstr7_WebHome+24
0x021D	0x342F ;?ICS?lstr7_WebHome+25
0x021E	0x3465 ;?ICS?lstr7_WebHome+26
0x021F	0x3465 ;?ICS?lstr7_WebHome+27
0x0220	0x3465 ;?ICS?lstr7_WebHome+28
0x0221	0x3466 ;?ICS?lstr7_WebHome+29
0x0222	0x3469 ;?ICS?lstr7_WebHome+30
0x0223	0x346E ;?ICS?lstr7_WebHome+31
0x0224	0x3461 ;?ICS?lstr7_WebHome+32
0x0225	0x346C ;?ICS?lstr7_WebHome+33
0x0226	0x3479 ;?ICS?lstr7_WebHome+34
0x0227	0x3465 ;?ICS?lstr7_WebHome+35
0x0228	0x3461 ;?ICS?lstr7_WebHome+36
0x0229	0x3472 ;?ICS?lstr7_WebHome+37
0x022A	0x342E ;?ICS?lstr7_WebHome+38
0x022B	0x346E ;?ICS?lstr7_WebHome+39
0x022C	0x3465 ;?ICS?lstr7_WebHome+40
0x022D	0x3474 ;?ICS?lstr7_WebHome+41
0x022E	0x3431 ;?ICS?lstr7_WebHome+42
0x022F	0x3436 ;?ICS?lstr7_WebHome+43
0x0230	0x342E ;?ICS?lstr7_WebHome+44
0x0231	0x346E ;?ICS?lstr7_WebHome+45
0x0232	0x3465 ;?ICS?lstr7_WebHome+46
0x0233	0x3474 ;?ICS?lstr7_WebHome+47
0x0234	0x342F ;?ICS?lstr7_WebHome+48
0x0235	0x3463 ;?ICS?lstr7_WebHome+49
0x0236	0x346F ;?ICS?lstr7_WebHome+50
0x0237	0x346E ;?ICS?lstr7_WebHome+51
0x0238	0x346E ;?ICS?lstr7_WebHome+52
0x0239	0x3465 ;?ICS?lstr7_WebHome+53
0x023A	0x3463 ;?ICS?lstr7_WebHome+54
0x023B	0x3474 ;?ICS?lstr7_WebHome+55
0x023C	0x342E ;?ICS?lstr7_WebHome+56
0x023D	0x3470 ;?ICS?lstr7_WebHome+57
0x023E	0x3468 ;?ICS?lstr7_WebHome+58
0x023F	0x3470 ;?ICS?lstr7_WebHome+59
0x0240	0x343F ;?ICS?lstr7_WebHome+60
0x0241	0x3467 ;?ICS?lstr7_WebHome+61
0x0242	0x345F ;?ICS?lstr7_WebHome+62
0x0243	0x3476 ;?ICS?lstr7_WebHome+63
0x0244	0x3461 ;?ICS?lstr7_WebHome+64
0x0245	0x346C ;?ICS?lstr7_WebHome+65
0x0246	0x3475 ;?ICS?lstr7_WebHome+66
0x0247	0x3465 ;?ICS?lstr7_WebHome+67
0x0248	0x343D ;?ICS?lstr7_WebHome+68
0x0249	0x3400 ;?ICS?lstr7_WebHome+69
; end of ?ICS?lstr7_WebHome
;WebHome.c,0 :: ?ICS_cmd_2
0x024A	0x34D1 ;?ICS_cmd_2+0
0x024B	0x3402 ;?ICS_cmd_2+1
; end of ?ICS_cmd_2
;WebHome.c,0 :: ?ICS_cmd_1
0x024C	0x34D8 ;?ICS_cmd_1+0
0x024D	0x3402 ;?ICS_cmd_1+1
; end of ?ICS_cmd_1
;WebHome.c,0 :: ?ICS_cmd_5
0x024E	0x34A7 ;?ICS_cmd_5+0
0x024F	0x3402 ;?ICS_cmd_5+1
; end of ?ICS_cmd_5
;WebHome.c,0 :: ?ICS_cmd_4
0x0250	0x3471 ;?ICS_cmd_4+0
0x0251	0x3402 ;?ICS_cmd_4+1
; end of ?ICS_cmd_4
;WebHome.c,0 :: ?ICS_cmd_3
0x0252	0x34C4 ;?ICS_cmd_3+0
0x0253	0x3402 ;?ICS_cmd_3+1
; end of ?ICS_cmd_3
;WebHome.c,0 :: ?ICS?lstr12_WebHome
0x0254	0x3453 ;?ICS?lstr12_WebHome+0
0x0255	0x3479 ;?ICS?lstr12_WebHome+1
0x0256	0x3473 ;?ICS?lstr12_WebHome+2
0x0257	0x3474 ;?ICS?lstr12_WebHome+3
0x0258	0x3465 ;?ICS?lstr12_WebHome+4
0x0259	0x346D ;?ICS?lstr12_WebHome+5
0x025A	0x3420 ;?ICS?lstr12_WebHome+6
0x025B	0x344F ;?ICS?lstr12_WebHome+7
0x025C	0x344B ;?ICS?lstr12_WebHome+8
0x025D	0x342E ;?ICS?lstr12_WebHome+9
0x025E	0x3400 ;?ICS?lstr12_WebHome+10
; end of ?ICS?lstr12_WebHome
;WebHome.c,0 :: ?ICS?lstr11_WebHome
0x025F	0x3470 ;?ICS?lstr11_WebHome+0
0x0260	0x346C ;?ICS?lstr11_WebHome+1
0x0261	0x3465 ;?ICS?lstr11_WebHome+2
0x0262	0x3461 ;?ICS?lstr11_WebHome+3
0x0263	0x3473 ;?ICS?lstr11_WebHome+4
0x0264	0x3465 ;?ICS?lstr11_WebHome+5
0x0265	0x3420 ;?ICS?lstr11_WebHome+6
0x0266	0x3477 ;?ICS?lstr11_WebHome+7
0x0267	0x3461 ;?ICS?lstr11_WebHome+8
0x0268	0x3469 ;?ICS?lstr11_WebHome+9
0x0269	0x3474 ;?ICS?lstr11_WebHome+10
0x026A	0x342E ;?ICS?lstr11_WebHome+11
0x026B	0x342E ;?ICS?lstr11_WebHome+12
0x026C	0x3400 ;?ICS?lstr11_WebHome+13
; end of ?ICS?lstr11_WebHome
;WebHome.c,0 :: ?ICS?lstr10_WebHome
0x026D	0x3422 ;?ICS?lstr10_WebHome+0
0x026E	0x340D ;?ICS?lstr10_WebHome+1
0x026F	0x340A ;?ICS?lstr10_WebHome+2
0x0270	0x3400 ;?ICS?lstr10_WebHome+3
; end of ?ICS?lstr10_WebHome
;WebHome.c,0 :: ?lstr_4_WebHome
0x0271	0x3441 ;?lstr_4_WebHome+0
0x0272	0x3454 ;?lstr_4_WebHome+1
0x0273	0x342B ;?lstr_4_WebHome+2
0x0274	0x3453 ;?lstr_4_WebHome+3
0x0275	0x3441 ;?lstr_4_WebHome+4
0x0276	0x3450 ;?lstr_4_WebHome+5
0x0277	0x3442 ;?lstr_4_WebHome+6
0x0278	0x3452 ;?lstr_4_WebHome+7
0x0279	0x343D ;?lstr_4_WebHome+8
0x027A	0x3433 ;?lstr_4_WebHome+9
0x027B	0x342C ;?lstr_4_WebHome+10
0x027C	0x3431 ;?lstr_4_WebHome+11
0x027D	0x342C ;?lstr_4_WebHome+12
0x027E	0x3422 ;?lstr_4_WebHome+13
0x027F	0x3443 ;?lstr_4_WebHome+14
0x0280	0x344F ;?lstr_4_WebHome+15
0x0281	0x344E ;?lstr_4_WebHome+16
0x0282	0x3454 ;?lstr_4_WebHome+17
0x0283	0x3459 ;?lstr_4_WebHome+18
0x0284	0x3450 ;?lstr_4_WebHome+19
0x0285	0x3445 ;?lstr_4_WebHome+20
0x0286	0x3422 ;?lstr_4_WebHome+21
0x0287	0x342C ;?lstr_4_WebHome+22
0x0288	0x3422 ;?lstr_4_WebHome+23
0x0289	0x3447 ;?lstr_4_WebHome+24
0x028A	0x3450 ;?lstr_4_WebHome+25
0x028B	0x3452 ;?lstr_4_WebHome+26
0x028C	0x3453 ;?lstr_4_WebHome+27
0x028D	0x3422 ;?lstr_4_WebHome+28
0x028E	0x340D ;?lstr_4_WebHome+29
0x028F	0x340A ;?lstr_4_WebHome+30
0x0290	0x3400 ;?lstr_4_WebHome+31
; end of ?lstr_4_WebHome
;WebHome.c,0 :: ?ICS_cmd_6
0x0291	0x34B6 ;?ICS_cmd_6+0
0x0292	0x3402 ;?ICS_cmd_6+1
; end of ?ICS_cmd_6
;WebHome.c,0 :: ?ICS?lstr9_WebHome
0x0293	0x3426 ;?ICS?lstr9_WebHome+0
0x0294	0x3473 ;?ICS?lstr9_WebHome+1
0x0295	0x345F ;?ICS?lstr9_WebHome+2
0x0296	0x3476 ;?ICS?lstr9_WebHome+3
0x0297	0x3461 ;?ICS?lstr9_WebHome+4
0x0298	0x346C ;?ICS?lstr9_WebHome+5
0x0299	0x3475 ;?ICS?lstr9_WebHome+6
0x029A	0x3465 ;?ICS?lstr9_WebHome+7
0x029B	0x343D ;?ICS?lstr9_WebHome+8
0x029C	0x3400 ;?ICS?lstr9_WebHome+9
; end of ?ICS?lstr9_WebHome
;WebHome.c,0 :: ?ICS?lstr8_WebHome
0x029D	0x3426 ;?ICS?lstr8_WebHome+0
0x029E	0x3476 ;?ICS?lstr8_WebHome+1
0x029F	0x345F ;?ICS?lstr8_WebHome+2
0x02A0	0x3476 ;?ICS?lstr8_WebHome+3
0x02A1	0x3461 ;?ICS?lstr8_WebHome+4
0x02A2	0x346C ;?ICS?lstr8_WebHome+5
0x02A3	0x3475 ;?ICS?lstr8_WebHome+6
0x02A4	0x3465 ;?ICS?lstr8_WebHome+7
0x02A5	0x343D ;?ICS?lstr8_WebHome+8
0x02A6	0x3400 ;?ICS?lstr8_WebHome+9
; end of ?ICS?lstr8_WebHome
;WebHome.c,0 :: ?lstr_5_WebHome
0x02A7	0x3441 ;?lstr_5_WebHome+0
0x02A8	0x3454 ;?lstr_5_WebHome+1
0x02A9	0x342B ;?lstr_5_WebHome+2
0x02AA	0x3453 ;?lstr_5_WebHome+3
0x02AB	0x3441 ;?lstr_5_WebHome+4
0x02AC	0x3450 ;?lstr_5_WebHome+5
0x02AD	0x3442 ;?lstr_5_WebHome+6
0x02AE	0x3452 ;?lstr_5_WebHome+7
0x02AF	0x343D ;?lstr_5_WebHome+8
0x02B0	0x3431 ;?lstr_5_WebHome+9
0x02B1	0x342C ;?lstr_5_WebHome+10
0x02B2	0x3431 ;?lstr_5_WebHome+11
0x02B3	0x340D ;?lstr_5_WebHome+12
0x02B4	0x340A ;?lstr_5_WebHome+13
0x02B5	0x3400 ;?lstr_5_WebHome+14
; end of ?lstr_5_WebHome
;WebHome.c,0 :: ?lstr_6_WebHome
0x02B6	0x3441 ;?lstr_6_WebHome+0
0x02B7	0x3454 ;?lstr_6_WebHome+1
0x02B8	0x342B ;?lstr_6_WebHome+2
0x02B9	0x3448 ;?lstr_6_WebHome+3
0x02BA	0x3454 ;?lstr_6_WebHome+4
0x02BB	0x3454 ;?lstr_6_WebHome+5
0x02BC	0x3450 ;?lstr_6_WebHome+6
0x02BD	0x3449 ;?lstr_6_WebHome+7
0x02BE	0x344E ;?lstr_6_WebHome+8
0x02BF	0x3449 ;?lstr_6_WebHome+9
0x02C0	0x3454 ;?lstr_6_WebHome+10
0x02C1	0x340D ;?lstr_6_WebHome+11
0x02C2	0x340A ;?lstr_6_WebHome+12
0x02C3	0x3400 ;?lstr_6_WebHome+13
; end of ?lstr_6_WebHome
;WebHome.c,0 :: ?lstr_3_WebHome
0x02C4	0x3441 ;?lstr_3_WebHome+0
0x02C5	0x3454 ;?lstr_3_WebHome+1
0x02C6	0x342B ;?lstr_3_WebHome+2
0x02C7	0x3443 ;?lstr_3_WebHome+3
0x02C8	0x3447 ;?lstr_3_WebHome+4
0x02C9	0x3441 ;?lstr_3_WebHome+5
0x02CA	0x3454 ;?lstr_3_WebHome+6
0x02CB	0x3454 ;?lstr_3_WebHome+7
0x02CC	0x343D ;?lstr_3_WebHome+8
0x02CD	0x3431 ;?lstr_3_WebHome+9
0x02CE	0x340D ;?lstr_3_WebHome+10
0x02CF	0x340A ;?lstr_3_WebHome+11
0x02D0	0x3400 ;?lstr_3_WebHome+12
; end of ?lstr_3_WebHome
;WebHome.c,0 :: ?lstr_2_WebHome
0x02D1	0x3441 ;?lstr_2_WebHome+0
0x02D2	0x3454 ;?lstr_2_WebHome+1
0x02D3	0x3445 ;?lstr_2_WebHome+2
0x02D4	0x3430 ;?lstr_2_WebHome+3
0x02D5	0x340D ;?lstr_2_WebHome+4
0x02D6	0x340A ;?lstr_2_WebHome+5
0x02D7	0x3400 ;?lstr_2_WebHome+6
; end of ?lstr_2_WebHome
;WebHome.c,0 :: ?lstr_1_WebHome
0x02D8	0x3441 ;?lstr_1_WebHome+0
0x02D9	0x3454 ;?lstr_1_WebHome+1
0x02DA	0x340D ;?lstr_1_WebHome+2
0x02DB	0x340A ;?lstr_1_WebHome+3
0x02DC	0x3400 ;?lstr_1_WebHome+4
; end of ?lstr_1_WebHome
Symbol List:
//** Routines locations **
//ADDRESS    SIZE    PROCEDURE
//----------------------------------------------
0x0004      [25]    _interrupt
0x001D       [6]    _Delay_1us
0x0023       [7]    _Delay_50us
0x002A      [13]    _Delay_5500us
0x0037      [10]    _UART1_Write
0x0041      [64]    _Lcd_Cmd
0x0081       [7]    _____DoICP
0x0088      [22]    _UART1_Write_Text
0x009E       [8]    _Lcd_Chr_CP
0x00A6      [99]    _GSM_init
0x0109      [24]    _write_server
0x0121      [64]    _Lcd_Out
0x0161      [78]    _Lcd_Init
0x01AF      [12]    ___CC2DW
0x01BB      [16]    _UART1_Init
0x01CB      [11]    _UART1_Read
0x01D6      [40]    _main
//** Variables locations ** 
//ADDRESS    SIZE    VARIABLE
//----------------------------------------------
0x0000       [1]    INDF
0x0002       [1]    PCL
0x0003       [1]    STATUS
0x0004       [1]    FSR
0x0006       [0]    RB2_bit
0x0006       [0]    LCD_D7
0x0006       [0]    RB4_bit
0x0006       [0]    RB3_bit
0x0006       [0]    LCD_D6
0x0006       [0]    LCD_D4
0x0006       [0]    LCD_D5
0x0006       [0]    RB6_bit
0x0006       [0]    RB7_bit
0x0006       [0]    LCD_EN
0x0006       [0]    RB5_bit
0x0006       [0]    LCD_RS
0x0007       [1]    PORTC
0x000A       [1]    PCLATH
0x000C       [1]    PIR1
0x0018       [1]    RCSTA
0x0019       [1]    TXREG
0x001A       [1]    RCREG
0x0021       [2]    _cmd_2
0x0023       [2]    _cmd_1
0x0025       [2]    _cmd_5
0x0027       [2]    _cmd_4
0x0029       [2]    _cmd_3
0x002B      [11]    ?lstr12_WebHome
0x0036      [14]    ?lstr11_WebHome
0x0044       [4]    ?lstr10_WebHome
0x0048       [2]    _cmd_6
0x004A      [10]    ?lstr9_WebHome
0x0054      [10]    ?lstr8_WebHome
0x005E       [2]    ___DoICPAddr
0x0060       [0]    _flag
0x0060       [0]    __Lib_Lcd_cmd_status
0x0061       [1]    _rxd
0x0062       [1]    _s_value
0x0063       [1]    _g_value
0x0064       [1]    _v_value
0x0065       [1]    ___saveSTATUS
0x0066       [1]    ___savePCLATH
0x0067       [1]    FARG_Lcd_Out_row
0x0068       [1]    FARG_Lcd_Out_column
0x0069       [1]    FARG_Lcd_Out_text
0x006A       [1]    Lcd_Out_i_L0
0x006B       [1]    FARG_UART1_Write_Text_uart_text
0x006B       [1]    FARG_Lcd_Chr_CP_out_char
0x006C       [1]    UART1_Write_Text_data__L0
0x006D       [1]    UART1_Write_Text_counter_L0
0x006E       [1]    FARG_UART1_Write_data_
0x006E       [1]    FARG_Lcd_Cmd_out_char
0x0070       [1]    R0
0x0071       [1]    R1
0x0072       [1]    R2
0x0073       [1]    R3
0x0074       [1]    R4
0x0075       [1]    R5
0x0076       [1]    R6
0x0077       [1]    R7
0x0078       [1]    R8
0x0079       [1]    R9
0x007A       [1]    R10
0x007B       [1]    R11
0x007C       [1]    R12
0x007D       [1]    R13
0x007E       [1]    R14
0x007F       [1]    R15
0x0086       [0]    TRISB3_bit
0x0086       [0]    TRISB4_bit
0x0086       [0]    TRISB7_bit
0x0086       [0]    TRISB6_bit
0x0086       [0]    TRISB5_bit
0x0086       [0]    LCD_D4_Direction
0x0086       [0]    LCD_EN_Direction
0x0086       [0]    LCD_D6_Direction
0x0086       [0]    LCD_D5_Direction
0x0086       [0]    LCD_D7_Direction
0x0086       [0]    TRISB2_bit
0x0086       [0]    LCD_RS_Direction
0x0087       [1]    TRISC
0x0087       [0]    TRISC7_bit
0x0087       [0]    TRISC6_bit
0x0098       [1]    TXSTA
0x0099       [1]    SPBRG
0x00A0      [70]    ?lstr7_WebHome
//** Constants locations ** 
//ADDRESS    SIZE    CONSTANT
//----------------------------------------------
0x0204      [70]    ?ICS?lstr7_WebHome
0x024A       [2]    ?ICS_cmd_2
0x024C       [2]    ?ICS_cmd_1
0x024E       [2]    ?ICS_cmd_5
0x0250       [2]    ?ICS_cmd_4
0x0252       [2]    ?ICS_cmd_3
0x0254      [11]    ?ICS?lstr12_WebHome
0x025F      [14]    ?ICS?lstr11_WebHome
0x026D       [4]    ?ICS?lstr10_WebHome
0x0271      [32]    ?lstr_4_WebHome
0x0291       [2]    ?ICS_cmd_6
0x0293      [10]    ?ICS?lstr9_WebHome
0x029D      [10]    ?ICS?lstr8_WebHome
0x02A7      [15]    ?lstr_5_WebHome
0x02B6      [14]    ?lstr_6_WebHome
0x02C4      [13]    ?lstr_3_WebHome
0x02D1       [7]    ?lstr_2_WebHome
0x02D8       [5]    ?lstr_1_WebHome
