;  LST file generated by mikroListExporter - v.2.0 
; Date/Time: 31-Jan-17 5:17:55 PM
;----------------------------------------------

;Address Opcode 	ASM
0x0000	0x2967      	GOTO       359
_Delay_50us:
;__Lib_Delays.c,19 :: 		void Delay_50us() {
;__Lib_Delays.c,20 :: 		Delay_us(50);
0x0003	0x3053      	MOVLW      83
0x0004	0x1283      	BCF        STATUS, 5
0x0005	0x1303      	BCF        STATUS, 6
0x0006	0x00FD      	MOVWF      R13
L_Delay_50us2:
0x0007	0x0BFD      	DECFSZ     R13, 1
0x0008	0x2807      	GOTO       L_Delay_50us2
;__Lib_Delays.c,21 :: 		}
L_end_Delay_50us:
0x0009	0x0008      	RETURN
; end of _Delay_50us
_Delay_5500us:
;__Lib_Delays.c,31 :: 		void Delay_5500us() {
;__Lib_Delays.c,32 :: 		Delay_us(5500);
0x000A	0x3024      	MOVLW      36
0x000B	0x1283      	BCF        STATUS, 5
0x000C	0x1303      	BCF        STATUS, 6
0x000D	0x00FC      	MOVWF      R12
0x000E	0x30B5      	MOVLW      181
0x000F	0x00FD      	MOVWF      R13
L_Delay_5500us5:
0x0010	0x0BFD      	DECFSZ     R13, 1
0x0011	0x2810      	GOTO       L_Delay_5500us5
0x0012	0x0BFC      	DECFSZ     R12, 1
0x0013	0x2810      	GOTO       L_Delay_5500us5
0x0014	0x0000      	NOP
0x0015	0x0000      	NOP
;__Lib_Delays.c,33 :: 		}
L_end_Delay_5500us:
0x0016	0x0008      	RETURN
; end of _Delay_5500us
_Delay_1us:
;__Lib_Delays.c,7 :: 		void Delay_1us() {
;__Lib_Delays.c,8 :: 		Delay_us(1);
0x0017	0x0000      	NOP
0x0018	0x0000      	NOP
0x0019	0x0000      	NOP
0x001A	0x0000      	NOP
0x001B	0x0000      	NOP
;__Lib_Delays.c,9 :: 		}
L_end_Delay_1us:
0x001C	0x0008      	RETURN
; end of _Delay_1us
_Lcd_Cmd:
;__Lib_Lcd.c,18 :: 		
;__Lib_Lcd.c,20 :: 		
0x001D	0x1283      	BCF        STATUS, 5
0x001E	0x1303      	BCF        STATUS, 6
0x001F	0x1BE6      	BTFSC      FARG_Lcd_Cmd_out_char, 7
0x0020	0x2823      	GOTO       L__Lcd_Cmd21
0x0021	0x1386      	BCF        LCD_D7, BitPos(LCD_D7+0)
0x0022	0x2824      	GOTO       L__Lcd_Cmd22
L__Lcd_Cmd21:
0x0023	0x1786      	BSF        LCD_D7, BitPos(LCD_D7+0)
L__Lcd_Cmd22:
;__Lib_Lcd.c,21 :: 		
0x0024	0x1B66      	BTFSC      FARG_Lcd_Cmd_out_char, 6
0x0025	0x2828      	GOTO       L__Lcd_Cmd23
0x0026	0x1306      	BCF        LCD_D6, BitPos(LCD_D6+0)
0x0027	0x2829      	GOTO       L__Lcd_Cmd24
L__Lcd_Cmd23:
0x0028	0x1706      	BSF        LCD_D6, BitPos(LCD_D6+0)
L__Lcd_Cmd24:
;__Lib_Lcd.c,22 :: 		
0x0029	0x1AE6      	BTFSC      FARG_Lcd_Cmd_out_char, 5
0x002A	0x282D      	GOTO       L__Lcd_Cmd25
0x002B	0x1286      	BCF        LCD_D5, BitPos(LCD_D5+0)
0x002C	0x282E      	GOTO       L__Lcd_Cmd26
L__Lcd_Cmd25:
0x002D	0x1686      	BSF        LCD_D5, BitPos(LCD_D5+0)
L__Lcd_Cmd26:
;__Lib_Lcd.c,23 :: 		
0x002E	0x1A66      	BTFSC      FARG_Lcd_Cmd_out_char, 4
0x002F	0x2832      	GOTO       L__Lcd_Cmd27
0x0030	0x1206      	BCF        LCD_D4, BitPos(LCD_D4+0)
0x0031	0x2833      	GOTO       L__Lcd_Cmd28
L__Lcd_Cmd27:
0x0032	0x1606      	BSF        LCD_D4, BitPos(LCD_D4+0)
L__Lcd_Cmd28:
;__Lib_Lcd.c,25 :: 		
0x0033	0x185E      	BTFSC      __Lib_Lcd_cmd_status, BitPos(__Lib_Lcd_cmd_status+0)
0x0034	0x2837      	GOTO       L__Lcd_Cmd29
0x0035	0x1506      	BSF        LCD_RS, BitPos(LCD_RS+0)
0x0036	0x2838      	GOTO       L__Lcd_Cmd30
L__Lcd_Cmd29:
0x0037	0x1106      	BCF        LCD_RS, BitPos(LCD_RS+0)
L__Lcd_Cmd30:
;__Lib_Lcd.c,28 :: 		
0x0038	0x1586      	BSF        LCD_EN, BitPos(LCD_EN+0)
;__Lib_Lcd.c,29 :: 		
0x0039	0x2017      	CALL       _Delay_1us
;__Lib_Lcd.c,30 :: 		
0x003A	0x1186      	BCF        LCD_EN, BitPos(LCD_EN+0)
;__Lib_Lcd.c,33 :: 		
0x003B	0x19E6      	BTFSC      FARG_Lcd_Cmd_out_char, 3
0x003C	0x283F      	GOTO       L__Lcd_Cmd31
0x003D	0x1386      	BCF        LCD_D7, BitPos(LCD_D7+0)
0x003E	0x2840      	GOTO       L__Lcd_Cmd32
L__Lcd_Cmd31:
0x003F	0x1786      	BSF        LCD_D7, BitPos(LCD_D7+0)
L__Lcd_Cmd32:
;__Lib_Lcd.c,34 :: 		
0x0040	0x1966      	BTFSC      FARG_Lcd_Cmd_out_char, 2
0x0041	0x2844      	GOTO       L__Lcd_Cmd33
0x0042	0x1306      	BCF        LCD_D6, BitPos(LCD_D6+0)
0x0043	0x2845      	GOTO       L__Lcd_Cmd34
L__Lcd_Cmd33:
0x0044	0x1706      	BSF        LCD_D6, BitPos(LCD_D6+0)
L__Lcd_Cmd34:
;__Lib_Lcd.c,35 :: 		
0x0045	0x18E6      	BTFSC      FARG_Lcd_Cmd_out_char, 1
0x0046	0x2849      	GOTO       L__Lcd_Cmd35
0x0047	0x1286      	BCF        LCD_D5, BitPos(LCD_D5+0)
0x0048	0x284A      	GOTO       L__Lcd_Cmd36
L__Lcd_Cmd35:
0x0049	0x1686      	BSF        LCD_D5, BitPos(LCD_D5+0)
L__Lcd_Cmd36:
;__Lib_Lcd.c,36 :: 		
0x004A	0x1866      	BTFSC      FARG_Lcd_Cmd_out_char, 0
0x004B	0x284E      	GOTO       L__Lcd_Cmd37
0x004C	0x1206      	BCF        LCD_D4, BitPos(LCD_D4+0)
0x004D	0x284F      	GOTO       L__Lcd_Cmd38
L__Lcd_Cmd37:
0x004E	0x1606      	BSF        LCD_D4, BitPos(LCD_D4+0)
L__Lcd_Cmd38:
;__Lib_Lcd.c,38 :: 		
0x004F	0x185E      	BTFSC      __Lib_Lcd_cmd_status, BitPos(__Lib_Lcd_cmd_status+0)
0x0050	0x2853      	GOTO       L__Lcd_Cmd39
0x0051	0x1506      	BSF        LCD_RS, BitPos(LCD_RS+0)
0x0052	0x2854      	GOTO       L__Lcd_Cmd40
L__Lcd_Cmd39:
0x0053	0x1106      	BCF        LCD_RS, BitPos(LCD_RS+0)
L__Lcd_Cmd40:
;__Lib_Lcd.c,40 :: 		
0x0054	0x1586      	BSF        LCD_EN, BitPos(LCD_EN+0)
;__Lib_Lcd.c,41 :: 		
0x0055	0x2017      	CALL       _Delay_1us
;__Lib_Lcd.c,42 :: 		
0x0056	0x1186      	BCF        LCD_EN, BitPos(LCD_EN+0)
;__Lib_Lcd.c,44 :: 		
0x0057	0x1C5E      	BTFSS      __Lib_Lcd_cmd_status, BitPos(__Lib_Lcd_cmd_status+0)
0x0058	0x285B      	GOTO       L_Lcd_Cmd0
;__Lib_Lcd.c,45 :: 		
0x0059	0x200A      	CALL       _Delay_5500us
0x005A	0x285C      	GOTO       L_Lcd_Cmd1
L_Lcd_Cmd0:
;__Lib_Lcd.c,47 :: 		
0x005B	0x2003      	CALL       _Delay_50us
L_Lcd_Cmd1:
;__Lib_Lcd.c,48 :: 		
L_end_Lcd_Cmd:
0x005C	0x0008      	RETURN
; end of _Lcd_Cmd
_Lcd_Chr_CP:
;__Lib_Lcd.c,50 :: 		
;__Lib_Lcd.c,52 :: 		
0x005D	0x1283      	BCF        STATUS, 5
0x005E	0x1303      	BCF        STATUS, 6
0x005F	0x105E      	BCF        __Lib_Lcd_cmd_status, BitPos(__Lib_Lcd_cmd_status+0)
;__Lib_Lcd.c,53 :: 		
0x0060	0x0865      	MOVF       FARG_Lcd_Chr_CP_out_char, 0
0x0061	0x00E6      	MOVWF      FARG_Lcd_Cmd_out_char
0x0062	0x201D      	CALL       _Lcd_Cmd
;__Lib_Lcd.c,54 :: 		
0x0063	0x145E      	BSF        __Lib_Lcd_cmd_status, BitPos(__Lib_Lcd_cmd_status+0)
;__Lib_Lcd.c,55 :: 		
L_end_Lcd_Chr_CP:
0x0064	0x0008      	RETURN
; end of _Lcd_Chr_CP
_____DoICP:
;__Lib_System.c,6 :: 		
;__Lib_System.c,9 :: 		
0x0065	0x1283      	BCF        STATUS, 5
0x0066	0x1303      	BCF        STATUS, 6
0x0067	0x0860      	MOVF       ___DoICPAddr+1, 0
0x0068	0x008A      	MOVWF      PCLATH
;__Lib_System.c,10 :: 		
0x0069	0x085F      	MOVF       ___DoICPAddr, 0
0x006A	0x0082      	MOVWF      PCL
;__Lib_System.c,12 :: 		
L_end_____DoICP:
0x006B	0x0008      	RETURN
; end of _____DoICP
_Lcd_Out:
;__Lib_Lcd.c,184 :: 		
;__Lib_Lcd.c,187 :: 		
0x006C	0x287E      	GOTO       L_Lcd_Out11
;__Lib_Lcd.c,188 :: 		
L_Lcd_Out13:
0x006D	0x3080      	MOVLW      128
0x006E	0x1283      	BCF        STATUS, 5
0x006F	0x1303      	BCF        STATUS, 6
0x0070	0x00E1      	MOVWF      FARG_Lcd_Out_row
0x0071	0x288F      	GOTO       L_Lcd_Out12
;__Lib_Lcd.c,189 :: 		
L_Lcd_Out14:
0x0072	0x30C0      	MOVLW      192
0x0073	0x00E1      	MOVWF      FARG_Lcd_Out_row
0x0074	0x288F      	GOTO       L_Lcd_Out12
;__Lib_Lcd.c,190 :: 		
L_Lcd_Out15:
0x0075	0x3094      	MOVLW      148
0x0076	0x00E1      	MOVWF      FARG_Lcd_Out_row
0x0077	0x288F      	GOTO       L_Lcd_Out12
;__Lib_Lcd.c,191 :: 		
L_Lcd_Out16:
0x0078	0x30D4      	MOVLW      212
0x0079	0x00E1      	MOVWF      FARG_Lcd_Out_row
0x007A	0x288F      	GOTO       L_Lcd_Out12
;__Lib_Lcd.c,192 :: 		
L_Lcd_Out17:
0x007B	0x3080      	MOVLW      128
0x007C	0x00E1      	MOVWF      FARG_Lcd_Out_row
;__Lib_Lcd.c,193 :: 		
0x007D	0x288F      	GOTO       L_Lcd_Out12
L_Lcd_Out11:
0x007E	0x0861      	MOVF       FARG_Lcd_Out_row, 0
0x007F	0x3A01      	XORLW      1
0x0080	0x1903      	BTFSC      STATUS, 2
0x0081	0x286D      	GOTO       L_Lcd_Out13
0x0082	0x0861      	MOVF       FARG_Lcd_Out_row, 0
0x0083	0x3A02      	XORLW      2
0x0084	0x1903      	BTFSC      STATUS, 2
0x0085	0x2872      	GOTO       L_Lcd_Out14
0x0086	0x0861      	MOVF       FARG_Lcd_Out_row, 0
0x0087	0x3A03      	XORLW      3
0x0088	0x1903      	BTFSC      STATUS, 2
0x0089	0x2875      	GOTO       L_Lcd_Out15
0x008A	0x0861      	MOVF       FARG_Lcd_Out_row, 0
0x008B	0x3A04      	XORLW      4
0x008C	0x1903      	BTFSC      STATUS, 2
0x008D	0x2878      	GOTO       L_Lcd_Out16
0x008E	0x287B      	GOTO       L_Lcd_Out17
L_Lcd_Out12:
;__Lib_Lcd.c,194 :: 		
0x008F	0x0362      	DECF       FARG_Lcd_Out_column, 0
0x0090	0x00F0      	MOVWF      R0
0x0091	0x0861      	MOVF       FARG_Lcd_Out_row, 0
0x0092	0x07F0      	ADDWF      R0, 1
0x0093	0x0870      	MOVF       R0, 0
0x0094	0x00E1      	MOVWF      FARG_Lcd_Out_row
;__Lib_Lcd.c,196 :: 		
0x0095	0x0870      	MOVF       R0, 0
0x0096	0x00E6      	MOVWF      FARG_Lcd_Cmd_out_char
0x0097	0x201D      	CALL       _Lcd_Cmd
;__Lib_Lcd.c,197 :: 		
0x0098	0x105E      	BCF        __Lib_Lcd_cmd_status, BitPos(__Lib_Lcd_cmd_status+0)
;__Lib_Lcd.c,198 :: 		
0x0099	0x01E4      	CLRF       Lcd_Out_i_L0
;__Lib_Lcd.c,199 :: 		
L_Lcd_Out18:
0x009A	0x0864      	MOVF       Lcd_Out_i_L0, 0
0x009B	0x0763      	ADDWF      FARG_Lcd_Out_text, 0
0x009C	0x0084      	MOVWF      FSR
0x009D	0x0800      	MOVF       INDF, 0
0x009E	0x1903      	BTFSC      STATUS, 2
0x009F	0x28A8      	GOTO       L_Lcd_Out19
;__Lib_Lcd.c,200 :: 		
0x00A0	0x0864      	MOVF       Lcd_Out_i_L0, 0
0x00A1	0x0763      	ADDWF      FARG_Lcd_Out_text, 0
0x00A2	0x0084      	MOVWF      FSR
0x00A3	0x0800      	MOVF       INDF, 0
0x00A4	0x00E5      	MOVWF      FARG_Lcd_Chr_CP_out_char
0x00A5	0x205D      	CALL       _Lcd_Chr_CP
0x00A6	0x0AE4      	INCF       Lcd_Out_i_L0, 1
0x00A7	0x289A      	GOTO       L_Lcd_Out18
L_Lcd_Out19:
;__Lib_Lcd.c,201 :: 		
0x00A8	0x145E      	BSF        __Lib_Lcd_cmd_status, BitPos(__Lib_Lcd_cmd_status+0)
;__Lib_Lcd.c,202 :: 		
L_end_Lcd_Out:
0x00A9	0x0008      	RETURN
; end of _Lcd_Out
_Lcd_Init:
;__Lib_Lcd.c,84 :: 		
;__Lib_Lcd.c,86 :: 		
0x00AA	0x1683      	BSF        STATUS, 5
0x00AB	0x1303      	BCF        STATUS, 6
0x00AC	0x1186      	BCF        LCD_EN_Direction, BitPos(LCD_EN_Direction+0)
;__Lib_Lcd.c,87 :: 		
0x00AD	0x1106      	BCF        LCD_RS_Direction, BitPos(LCD_RS_Direction+0)
;__Lib_Lcd.c,88 :: 		
0x00AE	0x1206      	BCF        LCD_D4_Direction, BitPos(LCD_D4_Direction+0)
;__Lib_Lcd.c,89 :: 		
0x00AF	0x1286      	BCF        LCD_D5_Direction, BitPos(LCD_D5_Direction+0)
;__Lib_Lcd.c,90 :: 		
0x00B0	0x1306      	BCF        LCD_D6_Direction, BitPos(LCD_D6_Direction+0)
;__Lib_Lcd.c,91 :: 		
0x00B1	0x1386      	BCF        LCD_D7_Direction, BitPos(LCD_D7_Direction+0)
;__Lib_Lcd.c,93 :: 		
0x00B2	0x1283      	BCF        STATUS, 5
0x00B3	0x1186      	BCF        LCD_EN, BitPos(LCD_EN+0)
;__Lib_Lcd.c,94 :: 		
0x00B4	0x1106      	BCF        LCD_RS, BitPos(LCD_RS+0)
;__Lib_Lcd.c,95 :: 		
0x00B5	0x1386      	BCF        LCD_D7, BitPos(LCD_D7+0)
;__Lib_Lcd.c,96 :: 		
0x00B6	0x1306      	BCF        LCD_D6, BitPos(LCD_D6+0)
;__Lib_Lcd.c,97 :: 		
0x00B7	0x1286      	BCF        LCD_D5, BitPos(LCD_D5+0)
;__Lib_Lcd.c,98 :: 		
0x00B8	0x1206      	BCF        LCD_D4, BitPos(LCD_D4+0)
;__Lib_Lcd.c,100 :: 		
0x00B9	0x200A      	CALL       _Delay_5500us
;__Lib_Lcd.c,101 :: 		
0x00BA	0x200A      	CALL       _Delay_5500us
;__Lib_Lcd.c,102 :: 		
0x00BB	0x200A      	CALL       _Delay_5500us
;__Lib_Lcd.c,105 :: 		
0x00BC	0x1686      	BSF        LCD_D5, BitPos(LCD_D5+0)
;__Lib_Lcd.c,106 :: 		
0x00BD	0x1606      	BSF        LCD_D4, BitPos(LCD_D4+0)
;__Lib_Lcd.c,107 :: 		
0x00BE	0x1586      	BSF        LCD_EN, BitPos(LCD_EN+0)
;__Lib_Lcd.c,108 :: 		
0x00BF	0x2017      	CALL       _Delay_1us
;__Lib_Lcd.c,109 :: 		
0x00C0	0x1186      	BCF        LCD_EN, BitPos(LCD_EN+0)
;__Lib_Lcd.c,110 :: 		
0x00C1	0x200A      	CALL       _Delay_5500us
;__Lib_Lcd.c,112 :: 		
0x00C2	0x1586      	BSF        LCD_EN, BitPos(LCD_EN+0)
;__Lib_Lcd.c,113 :: 		
0x00C3	0x2017      	CALL       _Delay_1us
;__Lib_Lcd.c,114 :: 		
0x00C4	0x1186      	BCF        LCD_EN, BitPos(LCD_EN+0)
;__Lib_Lcd.c,115 :: 		
0x00C5	0x200A      	CALL       _Delay_5500us
;__Lib_Lcd.c,117 :: 		
0x00C6	0x1586      	BSF        LCD_EN, BitPos(LCD_EN+0)
;__Lib_Lcd.c,118 :: 		
0x00C7	0x2017      	CALL       _Delay_1us
;__Lib_Lcd.c,119 :: 		
0x00C8	0x1186      	BCF        LCD_EN, BitPos(LCD_EN+0)
;__Lib_Lcd.c,120 :: 		
0x00C9	0x200A      	CALL       _Delay_5500us
;__Lib_Lcd.c,123 :: 		
0x00CA	0x1206      	BCF        LCD_D4, BitPos(LCD_D4+0)
;__Lib_Lcd.c,124 :: 		
0x00CB	0x1586      	BSF        LCD_EN, BitPos(LCD_EN+0)
;__Lib_Lcd.c,125 :: 		
0x00CC	0x2017      	CALL       _Delay_1us
;__Lib_Lcd.c,126 :: 		
0x00CD	0x1186      	BCF        LCD_EN, BitPos(LCD_EN+0)
;__Lib_Lcd.c,127 :: 		
0x00CE	0x200A      	CALL       _Delay_5500us
;__Lib_Lcd.c,130 :: 		
0x00CF	0x1586      	BSF        LCD_EN, BitPos(LCD_EN+0)
;__Lib_Lcd.c,131 :: 		
0x00D0	0x2017      	CALL       _Delay_1us
;__Lib_Lcd.c,132 :: 		
0x00D1	0x1186      	BCF        LCD_EN, BitPos(LCD_EN+0)
;__Lib_Lcd.c,134 :: 		
0x00D2	0x1286      	BCF        LCD_D5, BitPos(LCD_D5+0)
;__Lib_Lcd.c,135 :: 		
0x00D3	0x1786      	BSF        LCD_D7, BitPos(LCD_D7+0)
;__Lib_Lcd.c,136 :: 		
0x00D4	0x1586      	BSF        LCD_EN, BitPos(LCD_EN+0)
;__Lib_Lcd.c,137 :: 		
0x00D5	0x2017      	CALL       _Delay_1us
;__Lib_Lcd.c,138 :: 		
0x00D6	0x1186      	BCF        LCD_EN, BitPos(LCD_EN+0)
;__Lib_Lcd.c,139 :: 		
0x00D7	0x200A      	CALL       _Delay_5500us
;__Lib_Lcd.c,142 :: 		
0x00D8	0x1386      	BCF        LCD_D7, BitPos(LCD_D7+0)
;__Lib_Lcd.c,143 :: 		
0x00D9	0x1606      	BSF        LCD_D4, BitPos(LCD_D4+0)
;__Lib_Lcd.c,144 :: 		
0x00DA	0x1586      	BSF        LCD_EN, BitPos(LCD_EN+0)
;__Lib_Lcd.c,145 :: 		
0x00DB	0x2017      	CALL       _Delay_1us
;__Lib_Lcd.c,146 :: 		
0x00DC	0x1186      	BCF        LCD_EN, BitPos(LCD_EN+0)
;__Lib_Lcd.c,148 :: 		
0x00DD	0x1206      	BCF        LCD_D4, BitPos(LCD_D4+0)
;__Lib_Lcd.c,149 :: 		
0x00DE	0x1586      	BSF        LCD_EN, BitPos(LCD_EN+0)
;__Lib_Lcd.c,150 :: 		
0x00DF	0x2017      	CALL       _Delay_1us
;__Lib_Lcd.c,151 :: 		
0x00E0	0x1186      	BCF        LCD_EN, BitPos(LCD_EN+0)
;__Lib_Lcd.c,152 :: 		
0x00E1	0x200A      	CALL       _Delay_5500us
;__Lib_Lcd.c,155 :: 		
0x00E2	0x1586      	BSF        LCD_EN, BitPos(LCD_EN+0)
;__Lib_Lcd.c,156 :: 		
0x00E3	0x2017      	CALL       _Delay_1us
;__Lib_Lcd.c,157 :: 		
0x00E4	0x1186      	BCF        LCD_EN, BitPos(LCD_EN+0)
;__Lib_Lcd.c,159 :: 		
0x00E5	0x1606      	BSF        LCD_D4, BitPos(LCD_D4+0)
;__Lib_Lcd.c,160 :: 		
0x00E6	0x1586      	BSF        LCD_EN, BitPos(LCD_EN+0)
;__Lib_Lcd.c,161 :: 		
0x00E7	0x2017      	CALL       _Delay_1us
;__Lib_Lcd.c,162 :: 		
0x00E8	0x1186      	BCF        LCD_EN, BitPos(LCD_EN+0)
;__Lib_Lcd.c,163 :: 		
0x00E9	0x200A      	CALL       _Delay_5500us
;__Lib_Lcd.c,166 :: 		
0x00EA	0x1206      	BCF        LCD_D4, BitPos(LCD_D4+0)
;__Lib_Lcd.c,167 :: 		
0x00EB	0x1586      	BSF        LCD_EN, BitPos(LCD_EN+0)
;__Lib_Lcd.c,168 :: 		
0x00EC	0x2017      	CALL       _Delay_1us
;__Lib_Lcd.c,169 :: 		
0x00ED	0x1186      	BCF        LCD_EN, BitPos(LCD_EN+0)
;__Lib_Lcd.c,171 :: 		
0x00EE	0x1786      	BSF        LCD_D7, BitPos(LCD_D7+0)
;__Lib_Lcd.c,172 :: 		
0x00EF	0x1706      	BSF        LCD_D6, BitPos(LCD_D6+0)
;__Lib_Lcd.c,173 :: 		
0x00F0	0x1686      	BSF        LCD_D5, BitPos(LCD_D5+0)
;__Lib_Lcd.c,174 :: 		
0x00F1	0x1606      	BSF        LCD_D4, BitPos(LCD_D4+0)
;__Lib_Lcd.c,175 :: 		
0x00F2	0x1586      	BSF        LCD_EN, BitPos(LCD_EN+0)
;__Lib_Lcd.c,176 :: 		
0x00F3	0x2017      	CALL       _Delay_1us
;__Lib_Lcd.c,177 :: 		
0x00F4	0x1186      	BCF        LCD_EN, BitPos(LCD_EN+0)
;__Lib_Lcd.c,179 :: 		
0x00F5	0x200A      	CALL       _Delay_5500us
;__Lib_Lcd.c,181 :: 		
0x00F6	0x145E      	BSF        __Lib_Lcd_cmd_status, BitPos(__Lib_Lcd_cmd_status+0)
;__Lib_Lcd.c,182 :: 		
L_end_Lcd_Init:
0x00F7	0x0008      	RETURN
; end of _Lcd_Init
_default_lcd:
;sourcemode.c,62 :: 		void default_lcd(){
;sourcemode.c,63 :: 		lcd_out(1,1,txt1);
0x00F8	0x3001      	MOVLW      1
0x00F9	0x1283      	BCF        STATUS, 5
0x00FA	0x1303      	BCF        STATUS, 6
0x00FB	0x00E1      	MOVWF      FARG_Lcd_Out_row
0x00FC	0x3001      	MOVLW      1
0x00FD	0x00E2      	MOVWF      FARG_Lcd_Out_column
0x00FE	0x3046      	MOVLW      _txt1
0x00FF	0x00E3      	MOVWF      FARG_Lcd_Out_text
0x0100	0x206C      	CALL       _Lcd_Out
;sourcemode.c,64 :: 		lcd_out(1,10,txt2);
0x0101	0x3001      	MOVLW      1
0x0102	0x00E1      	MOVWF      FARG_Lcd_Out_row
0x0103	0x300A      	MOVLW      10
0x0104	0x00E2      	MOVWF      FARG_Lcd_Out_column
0x0105	0x304C      	MOVLW      _txt2
0x0106	0x00E3      	MOVWF      FARG_Lcd_Out_text
0x0107	0x206C      	CALL       _Lcd_Out
;sourcemode.c,65 :: 		lcd_out(2,1,txt3);
0x0108	0x3002      	MOVLW      2
0x0109	0x00E1      	MOVWF      FARG_Lcd_Out_row
0x010A	0x3001      	MOVLW      1
0x010B	0x00E2      	MOVWF      FARG_Lcd_Out_column
0x010C	0x3058      	MOVLW      _txt3
0x010D	0x00E3      	MOVWF      FARG_Lcd_Out_text
0x010E	0x206C      	CALL       _Lcd_Out
;sourcemode.c,66 :: 		lcd_out(2,10,txt4);
0x010F	0x3002      	MOVLW      2
0x0110	0x00E1      	MOVWF      FARG_Lcd_Out_row
0x0111	0x300A      	MOVLW      10
0x0112	0x00E2      	MOVWF      FARG_Lcd_Out_column
0x0113	0x3052      	MOVLW      _txt4
0x0114	0x00E3      	MOVWF      FARG_Lcd_Out_text
0x0115	0x206C      	CALL       _Lcd_Out
;sourcemode.c,67 :: 		if(AC_1){lcd_out(1,7, one);}
0x0116	0x1C07      	BTFSS      RC0_bit, BitPos(RC0_bit+0)
0x0117	0x2920      	GOTO       L_default_lcd14
0x0118	0x3001      	MOVLW      1
0x0119	0x00E1      	MOVWF      FARG_Lcd_Out_row
0x011A	0x3007      	MOVLW      7
0x011B	0x00E2      	MOVWF      FARG_Lcd_Out_column
0x011C	0x3022      	MOVLW      _one
0x011D	0x00E3      	MOVWF      FARG_Lcd_Out_text
0x011E	0x206C      	CALL       _Lcd_Out
0x011F	0x2927      	GOTO       L_default_lcd15
L_default_lcd14:
;sourcemode.c,68 :: 		else{lcd_out(1,7, zero);}
0x0120	0x3001      	MOVLW      1
0x0121	0x00E1      	MOVWF      FARG_Lcd_Out_row
0x0122	0x3007      	MOVLW      7
0x0123	0x00E2      	MOVWF      FARG_Lcd_Out_column
0x0124	0x3020      	MOVLW      _zero
0x0125	0x00E3      	MOVWF      FARG_Lcd_Out_text
0x0126	0x206C      	CALL       _Lcd_Out
L_default_lcd15:
;sourcemode.c,69 :: 		if(AC_2){lcd_out(1,16, one);}
0x0127	0x1D87      	BTFSS      RC3_bit, BitPos(RC3_bit+0)
0x0128	0x2931      	GOTO       L_default_lcd16
0x0129	0x3001      	MOVLW      1
0x012A	0x00E1      	MOVWF      FARG_Lcd_Out_row
0x012B	0x3010      	MOVLW      16
0x012C	0x00E2      	MOVWF      FARG_Lcd_Out_column
0x012D	0x3022      	MOVLW      _one
0x012E	0x00E3      	MOVWF      FARG_Lcd_Out_text
0x012F	0x206C      	CALL       _Lcd_Out
0x0130	0x2938      	GOTO       L_default_lcd17
L_default_lcd16:
;sourcemode.c,70 :: 		else{lcd_out(1,16, zero);}
0x0131	0x3001      	MOVLW      1
0x0132	0x00E1      	MOVWF      FARG_Lcd_Out_row
0x0133	0x3010      	MOVLW      16
0x0134	0x00E2      	MOVWF      FARG_Lcd_Out_column
0x0135	0x3020      	MOVLW      _zero
0x0136	0x00E3      	MOVWF      FARG_Lcd_Out_text
0x0137	0x206C      	CALL       _Lcd_Out
L_default_lcd17:
;sourcemode.c,71 :: 		if(AC_3){lcd_out(2,7, one);}
0x0138	0x1E07      	BTFSS      RC4_bit, BitPos(RC4_bit+0)
0x0139	0x2942      	GOTO       L_default_lcd18
0x013A	0x3002      	MOVLW      2
0x013B	0x00E1      	MOVWF      FARG_Lcd_Out_row
0x013C	0x3007      	MOVLW      7
0x013D	0x00E2      	MOVWF      FARG_Lcd_Out_column
0x013E	0x3022      	MOVLW      _one
0x013F	0x00E3      	MOVWF      FARG_Lcd_Out_text
0x0140	0x206C      	CALL       _Lcd_Out
0x0141	0x2949      	GOTO       L_default_lcd19
L_default_lcd18:
;sourcemode.c,72 :: 		else{lcd_out(2,7, zero);}
0x0142	0x3002      	MOVLW      2
0x0143	0x00E1      	MOVWF      FARG_Lcd_Out_row
0x0144	0x3007      	MOVLW      7
0x0145	0x00E2      	MOVWF      FARG_Lcd_Out_column
0x0146	0x3020      	MOVLW      _zero
0x0147	0x00E3      	MOVWF      FARG_Lcd_Out_text
0x0148	0x206C      	CALL       _Lcd_Out
L_default_lcd19:
;sourcemode.c,73 :: 		if(AC_4){lcd_out(2,16, one);}
0x0149	0x1F87      	BTFSS      RC7_bit, BitPos(RC7_bit+0)
0x014A	0x2953      	GOTO       L_default_lcd20
0x014B	0x3002      	MOVLW      2
0x014C	0x00E1      	MOVWF      FARG_Lcd_Out_row
0x014D	0x3010      	MOVLW      16
0x014E	0x00E2      	MOVWF      FARG_Lcd_Out_column
0x014F	0x3022      	MOVLW      _one
0x0150	0x00E3      	MOVWF      FARG_Lcd_Out_text
0x0151	0x206C      	CALL       _Lcd_Out
0x0152	0x295A      	GOTO       L_default_lcd21
L_default_lcd20:
;sourcemode.c,74 :: 		else{lcd_out(2,16,zero);}
0x0153	0x3002      	MOVLW      2
0x0154	0x00E1      	MOVWF      FARG_Lcd_Out_row
0x0155	0x3010      	MOVLW      16
0x0156	0x00E2      	MOVWF      FARG_Lcd_Out_column
0x0157	0x3020      	MOVLW      _zero
0x0158	0x00E3      	MOVWF      FARG_Lcd_Out_text
0x0159	0x206C      	CALL       _Lcd_Out
L_default_lcd21:
;sourcemode.c,75 :: 		}
L_end_default_lcd:
0x015A	0x0008      	RETURN
; end of _default_lcd
___CC2DW:
;__Lib_System.c,134 :: 		
;__Lib_System.c,137 :: 		
_CC2D_Loop1:
;__Lib_System.c,139 :: 		
0x015B	0x2065      	CALL       _____DoICP
0x015C	0x118A      	BCF        PCLATH, 3
0x015D	0x120A      	BCF        PCLATH, 4
;__Lib_System.c,141 :: 		
0x015E	0x0080      	MOVWF      INDF
;__Lib_System.c,142 :: 		
0x015F	0x0A84      	INCF       FSR, 1
;__Lib_System.c,143 :: 		
0x0160	0x0ADF      	INCF       ___DoICPAddr, 1
;__Lib_System.c,145 :: 		
0x0161	0x1903      	BTFSC      STATUS, 2
;__Lib_System.c,146 :: 		
0x0162	0x0AE0      	INCF       ___DoICPAddr+1, 1
;__Lib_System.c,147 :: 		
0x0163	0x03F0      	DECF       R0, 1
;__Lib_System.c,149 :: 		
0x0164	0x1D03      	BTFSS      STATUS, 2
;__Lib_System.c,150 :: 		
0x0165	0x295B      	GOTO       _CC2D_Loop1
;__Lib_System.c,152 :: 		
L_end___CC2DW:
0x0166	0x0008      	RETURN
; end of ___CC2DW
_main:
0x0167	0x2204      	CALL       516
;sourcemode.c,33 :: 		void main() {
;sourcemode.c,34 :: 		ADCON1 = 7;
0x0168	0x3007      	MOVLW      7
0x0169	0x1683      	BSF        STATUS, 5
0x016A	0x1303      	BCF        STATUS, 6
0x016B	0x009F      	MOVWF      ADCON1
;sourcemode.c,35 :: 		TrisC = 0b10011001;
0x016C	0x3099      	MOVLW      153
0x016D	0x0087      	MOVWF      TRISC
;sourcemode.c,36 :: 		portA = 0; portC = 0;
0x016E	0x1283      	BCF        STATUS, 5
0x016F	0x0185      	CLRF       PORTA
0x0170	0x0187      	CLRF       PORTC
;sourcemode.c,37 :: 		LCD_init();
0x0171	0x20AA      	CALL       _Lcd_Init
;sourcemode.c,38 :: 		LCD_cmd(_lcd_cursor_off);
0x0172	0x300C      	MOVLW      12
0x0173	0x00E6      	MOVWF      FARG_Lcd_Cmd_out_char
0x0174	0x201D      	CALL       _Lcd_Cmd
;sourcemode.c,39 :: 		LCD_cmd(_lcd_clear);
0x0175	0x3001      	MOVLW      1
0x0176	0x00E6      	MOVWF      FARG_Lcd_Cmd_out_char
0x0177	0x201D      	CALL       _Lcd_Cmd
;sourcemode.c,41 :: 		while(1){
L_main0:
;sourcemode.c,42 :: 		Relay_1 = 0; Relay_2 = 0;
0x0178	0x1087      	BCF        RC1_bit, BitPos(RC1_bit+0)
0x0179	0x1107      	BCF        RC2_bit, BitPos(RC2_bit+0)
;sourcemode.c,43 :: 		Relay_3 = 0; Relay_4 = 0;
0x017A	0x1287      	BCF        RC5_bit, BitPos(RC5_bit+0)
0x017B	0x1307      	BCF        RC6_bit, BitPos(RC6_bit+0)
;sourcemode.c,44 :: 		lcd_out(1,1,"--NO AC Source--");
0x017C	0x3001      	MOVLW      1
0x017D	0x00E1      	MOVWF      FARG_Lcd_Out_row
0x017E	0x3001      	MOVLW      1
0x017F	0x00E2      	MOVWF      FARG_Lcd_Out_column
0x0180	0x3024      	MOVLW      ?lstr1_sourcemode
0x0181	0x00E3      	MOVWF      FARG_Lcd_Out_text
0x0182	0x206C      	CALL       _Lcd_Out
;sourcemode.c,45 :: 		lcd_out(2,1,"--- NO OUTPUT --");
0x0183	0x3002      	MOVLW      2
0x0184	0x00E1      	MOVWF      FARG_Lcd_Out_row
0x0185	0x3001      	MOVLW      1
0x0186	0x00E2      	MOVWF      FARG_Lcd_Out_column
0x0187	0x3035      	MOVLW      ?lstr2_sourcemode
0x0188	0x00E3      	MOVWF      FARG_Lcd_Out_text
0x0189	0x206C      	CALL       _Lcd_Out
;sourcemode.c,46 :: 		delay_ms(10);
0x018A	0x3041      	MOVLW      65
0x018B	0x00FC      	MOVWF      R12
0x018C	0x30EE      	MOVLW      238
0x018D	0x00FD      	MOVWF      R13
L_main2:
0x018E	0x0BFD      	DECFSZ     R13, 1
0x018F	0x298E      	GOTO       L_main2
0x0190	0x0BFC      	DECFSZ     R12, 1
0x0191	0x298E      	GOTO       L_main2
0x0192	0x0000      	NOP
;sourcemode.c,47 :: 		if(AC_1 || AC_2 || AC_3 || AC_4)lcd_cmd(_lcd_clear);
0x0193	0x1807      	BTFSC      RC0_bit, BitPos(RC0_bit+0)
0x0194	0x299C      	GOTO       L__main22
0x0195	0x1987      	BTFSC      RC3_bit, BitPos(RC3_bit+0)
0x0196	0x299C      	GOTO       L__main22
0x0197	0x1A07      	BTFSC      RC4_bit, BitPos(RC4_bit+0)
0x0198	0x299C      	GOTO       L__main22
0x0199	0x1B87      	BTFSC      RC7_bit, BitPos(RC7_bit+0)
0x019A	0x299C      	GOTO       L__main22
0x019B	0x299F      	GOTO       L_main5
L__main22:
0x019C	0x3001      	MOVLW      1
0x019D	0x00E6      	MOVWF      FARG_Lcd_Cmd_out_char
0x019E	0x201D      	CALL       _Lcd_Cmd
L_main5:
;sourcemode.c,49 :: 		while(AC_1 == 1){Relay_1 = 1; default_lcd();}
L_main6:
0x019F	0x1C07      	BTFSS      RC0_bit, BitPos(RC0_bit+0)
0x01A0	0x29A4      	GOTO       L_main7
0x01A1	0x1487      	BSF        RC1_bit, BitPos(RC1_bit+0)
0x01A2	0x20F8      	CALL       _default_lcd
0x01A3	0x299F      	GOTO       L_main6
L_main7:
;sourcemode.c,50 :: 		Relay_1 = 0; Relay_2 = 0;
0x01A4	0x1087      	BCF        RC1_bit, BitPos(RC1_bit+0)
0x01A5	0x1107      	BCF        RC2_bit, BitPos(RC2_bit+0)
;sourcemode.c,51 :: 		Relay_3 = 0; Relay_4 = 0;
0x01A6	0x1287      	BCF        RC5_bit, BitPos(RC5_bit+0)
0x01A7	0x1307      	BCF        RC6_bit, BitPos(RC6_bit+0)
;sourcemode.c,52 :: 		while(AC_2 == 1){Relay_2 = 1; default_lcd();}
L_main8:
0x01A8	0x1D87      	BTFSS      RC3_bit, BitPos(RC3_bit+0)
0x01A9	0x29AD      	GOTO       L_main9
0x01AA	0x1507      	BSF        RC2_bit, BitPos(RC2_bit+0)
0x01AB	0x20F8      	CALL       _default_lcd
0x01AC	0x29A8      	GOTO       L_main8
L_main9:
;sourcemode.c,53 :: 		Relay_1 = 0; Relay_2 = 0;
0x01AD	0x1087      	BCF        RC1_bit, BitPos(RC1_bit+0)
0x01AE	0x1107      	BCF        RC2_bit, BitPos(RC2_bit+0)
;sourcemode.c,54 :: 		Relay_3 = 0; Relay_4 = 0;
0x01AF	0x1287      	BCF        RC5_bit, BitPos(RC5_bit+0)
0x01B0	0x1307      	BCF        RC6_bit, BitPos(RC6_bit+0)
;sourcemode.c,55 :: 		while(AC_3 == 1){Relay_3 = 1; default_lcd();}
L_main10:
0x01B1	0x1E07      	BTFSS      RC4_bit, BitPos(RC4_bit+0)
0x01B2	0x29B6      	GOTO       L_main11
0x01B3	0x1687      	BSF        RC5_bit, BitPos(RC5_bit+0)
0x01B4	0x20F8      	CALL       _default_lcd
0x01B5	0x29B1      	GOTO       L_main10
L_main11:
;sourcemode.c,56 :: 		Relay_1 = 0; Relay_2 = 0;
0x01B6	0x1087      	BCF        RC1_bit, BitPos(RC1_bit+0)
0x01B7	0x1107      	BCF        RC2_bit, BitPos(RC2_bit+0)
;sourcemode.c,57 :: 		Relay_3 = 0; Relay_4 = 0;
0x01B8	0x1287      	BCF        RC5_bit, BitPos(RC5_bit+0)
0x01B9	0x1307      	BCF        RC6_bit, BitPos(RC6_bit+0)
;sourcemode.c,58 :: 		while(AC_4 == 1){Relay_4 = 1; default_lcd();}
L_main12:
0x01BA	0x1F87      	BTFSS      RC7_bit, BitPos(RC7_bit+0)
0x01BB	0x29BF      	GOTO       L_main13
0x01BC	0x1707      	BSF        RC6_bit, BitPos(RC6_bit+0)
0x01BD	0x20F8      	CALL       _default_lcd
0x01BE	0x29BA      	GOTO       L_main12
L_main13:
;sourcemode.c,59 :: 		}
0x01BF	0x2978      	GOTO       L_main0
;sourcemode.c,60 :: 		}
L_end_main:
0x01C0	0x29C0      	GOTO       $+0
; end of _main
0x0204	0x3020      	MOVLW      32
0x0205	0x0084      	MOVWF      FSR
0x0206	0x303E      	MOVLW      62
0x0207	0x1283      	BCF        STATUS, 5
0x0208	0x1303      	BCF        STATUS, 6
0x0209	0x00F0      	MOVWF      R0
0x020A	0x30C6      	MOVLW      198
0x020B	0x00DF      	MOVWF      ___DoICPAddr
0x020C	0x3001      	MOVLW      1
0x020D	0x00E0      	MOVWF      96
0x020E	0x215B      	CALL       347
0x020F	0x0008      	RETURN
;sourcemode.c,0 :: ?ICS_zero
0x01C6	0x3430 ;?ICS_zero+0
0x01C7	0x3400 ;?ICS_zero+1
; end of ?ICS_zero
;sourcemode.c,0 :: ?ICS_one
0x01C8	0x3431 ;?ICS_one+0
0x01C9	0x3400 ;?ICS_one+1
; end of ?ICS_one
;sourcemode.c,0 :: ?ICS?lstr1_sourcemode
0x01CA	0x342D ;?ICS?lstr1_sourcemode+0
0x01CB	0x342D ;?ICS?lstr1_sourcemode+1
0x01CC	0x344E ;?ICS?lstr1_sourcemode+2
0x01CD	0x344F ;?ICS?lstr1_sourcemode+3
0x01CE	0x3420 ;?ICS?lstr1_sourcemode+4
0x01CF	0x3441 ;?ICS?lstr1_sourcemode+5
0x01D0	0x3443 ;?ICS?lstr1_sourcemode+6
0x01D1	0x3420 ;?ICS?lstr1_sourcemode+7
0x01D2	0x3453 ;?ICS?lstr1_sourcemode+8
0x01D3	0x346F ;?ICS?lstr1_sourcemode+9
0x01D4	0x3475 ;?ICS?lstr1_sourcemode+10
0x01D5	0x3472 ;?ICS?lstr1_sourcemode+11
0x01D6	0x3463 ;?ICS?lstr1_sourcemode+12
0x01D7	0x3465 ;?ICS?lstr1_sourcemode+13
0x01D8	0x342D ;?ICS?lstr1_sourcemode+14
0x01D9	0x342D ;?ICS?lstr1_sourcemode+15
0x01DA	0x3400 ;?ICS?lstr1_sourcemode+16
; end of ?ICS?lstr1_sourcemode
;sourcemode.c,0 :: ?ICS?lstr2_sourcemode
0x01DB	0x342D ;?ICS?lstr2_sourcemode+0
0x01DC	0x342D ;?ICS?lstr2_sourcemode+1
0x01DD	0x342D ;?ICS?lstr2_sourcemode+2
0x01DE	0x3420 ;?ICS?lstr2_sourcemode+3
0x01DF	0x344E ;?ICS?lstr2_sourcemode+4
0x01E0	0x344F ;?ICS?lstr2_sourcemode+5
0x01E1	0x3420 ;?ICS?lstr2_sourcemode+6
0x01E2	0x344F ;?ICS?lstr2_sourcemode+7
0x01E3	0x3455 ;?ICS?lstr2_sourcemode+8
0x01E4	0x3454 ;?ICS?lstr2_sourcemode+9
0x01E5	0x3450 ;?ICS?lstr2_sourcemode+10
0x01E6	0x3455 ;?ICS?lstr2_sourcemode+11
0x01E7	0x3454 ;?ICS?lstr2_sourcemode+12
0x01E8	0x3420 ;?ICS?lstr2_sourcemode+13
0x01E9	0x342D ;?ICS?lstr2_sourcemode+14
0x01EA	0x342D ;?ICS?lstr2_sourcemode+15
0x01EB	0x3400 ;?ICS?lstr2_sourcemode+16
; end of ?ICS?lstr2_sourcemode
;sourcemode.c,0 :: ?ICS_txt1
0x01EC	0x3441 ;?ICS_txt1+0
0x01ED	0x3443 ;?ICS_txt1+1
0x01EE	0x345F ;?ICS_txt1+2
0x01EF	0x3431 ;?ICS_txt1+3
0x01F0	0x343A ;?ICS_txt1+4
0x01F1	0x3400 ;?ICS_txt1+5
; end of ?ICS_txt1
;sourcemode.c,0 :: ?ICS_txt2
0x01F2	0x3441 ;?ICS_txt2+0
0x01F3	0x3443 ;?ICS_txt2+1
0x01F4	0x345F ;?ICS_txt2+2
0x01F5	0x3432 ;?ICS_txt2+3
0x01F6	0x343A ;?ICS_txt2+4
0x01F7	0x3400 ;?ICS_txt2+5
; end of ?ICS_txt2
;sourcemode.c,0 :: ?ICS_txt4
0x01F8	0x3441 ;?ICS_txt4+0
0x01F9	0x3443 ;?ICS_txt4+1
0x01FA	0x345F ;?ICS_txt4+2
0x01FB	0x3434 ;?ICS_txt4+3
0x01FC	0x343A ;?ICS_txt4+4
0x01FD	0x3400 ;?ICS_txt4+5
; end of ?ICS_txt4
;sourcemode.c,0 :: ?ICS_txt3
0x01FE	0x3441 ;?ICS_txt3+0
0x01FF	0x3443 ;?ICS_txt3+1
0x0200	0x345F ;?ICS_txt3+2
0x0201	0x3433 ;?ICS_txt3+3
0x0202	0x343A ;?ICS_txt3+4
0x0203	0x3400 ;?ICS_txt3+5
; end of ?ICS_txt3
Symbol List:
//** Routines locations **
//ADDRESS    SIZE    PROCEDURE
//----------------------------------------------
0x0003       [7]    _Delay_50us
0x000A      [13]    _Delay_5500us
0x0017       [6]    _Delay_1us
0x001D      [64]    _Lcd_Cmd
0x005D       [8]    _Lcd_Chr_CP
0x0065       [7]    _____DoICP
0x006C      [62]    _Lcd_Out
0x00AA      [78]    _Lcd_Init
0x00F8      [99]    _default_lcd
0x015B      [12]    ___CC2DW
0x0167      [89]    _main
//** Variables locations ** 
//ADDRESS    SIZE    VARIABLE
//----------------------------------------------
0x0000       [1]    INDF
0x0002       [1]    PCL
0x0003       [1]    STATUS
0x0004       [1]    FSR
0x0005       [1]    PORTA
0x0006       [0]    RB6_bit
0x0006       [0]    LCD_EN
0x0006       [0]    RB7_bit
0x0006       [0]    RB4_bit
0x0006       [0]    RB3_bit
0x0006       [0]    RB5_bit
0x0006       [0]    LCD_RS
0x0006       [0]    LCD_D6
0x0006       [0]    LCD_D7
0x0006       [0]    LCD_D5
0x0006       [0]    RB2_bit
0x0006       [0]    LCD_D4
0x0007       [0]    RC6_bit
0x0007       [0]    RC2_bit
0x0007       [0]    RC4_bit
0x0007       [0]    RC3_bit
0x0007       [1]    PORTC
0x0007       [0]    RC0_bit
0x0007       [0]    RC5_bit
0x0007       [0]    RC1_bit
0x0007       [0]    RC7_bit
0x000A       [1]    PCLATH
0x0020       [2]    _zero
0x0022       [2]    _one
0x0024      [17]    ?lstr1_sourcemode
0x0035      [17]    ?lstr2_sourcemode
0x0046       [6]    _txt1
0x004C       [6]    _txt2
0x0052       [6]    _txt4
0x0058       [6]    _txt3
0x005E       [0]    __Lib_Lcd_cmd_status
0x005F       [2]    ___DoICPAddr
0x0061       [1]    FARG_Lcd_Out_row
0x0062       [1]    FARG_Lcd_Out_column
0x0063       [1]    FARG_Lcd_Out_text
0x0064       [1]    Lcd_Out_i_L0
0x0065       [1]    FARG_Lcd_Chr_CP_out_char
0x0066       [1]    FARG_Lcd_Cmd_out_char
0x0070       [1]    R0
0x0071       [1]    R1
0x0072       [1]    R2
0x0073       [1]    R3
0x0074       [1]    R4
0x0075       [1]    R5
0x0076       [1]    R6
0x0077       [1]    R7
0x0078       [1]    R8
0x0079       [1]    R9
0x007A       [1]    R10
0x007B       [1]    R11
0x007C       [1]    R12
0x007D       [1]    R13
0x007E       [1]    R14
0x007F       [1]    R15
0x0086       [0]    TRISB3_bit
0x0086       [0]    TRISB4_bit
0x0086       [0]    TRISB5_bit
0x0086       [0]    TRISB2_bit
0x0086       [0]    LCD_D7_Direction
0x0086       [0]    LCD_D6_Direction
0x0086       [0]    TRISB7_bit
0x0086       [0]    TRISB6_bit
0x0086       [0]    LCD_RS_Direction
0x0086       [0]    LCD_EN_Direction
0x0086       [0]    LCD_D5_Direction
0x0086       [0]    LCD_D4_Direction
0x0087       [1]    TRISC
0x009F       [1]    ADCON1
//** Constants locations ** 
//ADDRESS    SIZE    CONSTANT
//----------------------------------------------
0x01C6       [2]    ?ICS_zero
0x01C8       [2]    ?ICS_one
0x01CA      [17]    ?ICS?lstr1_sourcemode
0x01DB      [17]    ?ICS?lstr2_sourcemode
0x01EC       [6]    ?ICS_txt1
0x01F2       [6]    ?ICS_txt2
0x01F8       [6]    ?ICS_txt4
0x01FE       [6]    ?ICS_txt3
