;  LST file generated by mikroListExporter - v.2.0 
; Date/Time: 21-May-17 7:42:41 PM
;----------------------------------------------

;Address Opcode 	ASM
0x0000	0x2C0A      	GOTO       1034
__Lib_SoftI2C_PutZerosToLATScl:
;__Lib_SoftI2C.c,45 :: 		
;__Lib_SoftI2C.c,53 :: 		
0x0003	0x3005      	MOVLW      Soft_I2C_Scl
;__Lib_SoftI2C.c,54 :: 		
0x0004	0x0084      	MOVWF      FSR
;__Lib_SoftI2C.c,55 :: 		
0x0005	0x0800      	MOVF       INDF, 0
;__Lib_SoftI2C.c,56 :: 		
0x0006	0x0800      	MOVF       INDF, 0
0x0007	0x1283      	BCF        STATUS, 5
0x0008	0x1303      	BCF        STATUS, 6
0x0009	0x00F0      	MOVWF      R0
;__Lib_SoftI2C.c,59 :: 		
0x000A	0x1170      	BCF        R0, BitPos(Soft_I2C_Scl+0)
;__Lib_SoftI2C.c,61 :: 		
0x000B	0x0870      	MOVF       R0, 0
0x000C	0x0080      	MOVWF      INDF
;__Lib_SoftI2C.c,62 :: 		
L_end_PutZerosToLATScl:
0x000D	0x0008      	RETURN
; end of __Lib_SoftI2C_PutZerosToLATScl
_Div_8X8_U:
;__Lib_Math.c,189 :: 		
;__Lib_Math.c,196 :: 		
0x000E	0x1283      	BCF        STATUS, 5
;__Lib_Math.c,197 :: 		
0x000F	0x1303      	BCF        STATUS, 6
;__Lib_Math.c,198 :: 		
0x0010	0x01F8      	CLRF       R8
;__Lib_Math.c,199 :: 		
0x0011	0x3008      	MOVLW      8
;__Lib_Math.c,200 :: 		
0x0012	0x00FC      	MOVWF      R12
;__Lib_Math.c,201 :: 		
0x0013	0x0D70      	RLF        R0, 0
;__Lib_Math.c,202 :: 		
0x0014	0x0DF8      	RLF        R8, 1
;__Lib_Math.c,203 :: 		
0x0015	0x0874      	MOVF       R4, 0
;__Lib_Math.c,204 :: 		
0x0016	0x02F8      	SUBWF      R8, 1
;__Lib_Math.c,205 :: 		
0x0017	0x1803      	BTFSC      STATUS, 0
;__Lib_Math.c,206 :: 		
0x0018	0x281B      	GOTO       $+3
;__Lib_Math.c,207 :: 		
0x0019	0x07F8      	ADDWF      R8, 1
;__Lib_Math.c,208 :: 		
0x001A	0x1003      	BCF        STATUS, 0
;__Lib_Math.c,209 :: 		
0x001B	0x0DF0      	RLF        R0, 1
;__Lib_Math.c,210 :: 		
0x001C	0x0BFC      	DECFSZ     R12, 1
;__Lib_Math.c,211 :: 		
0x001D	0x2813      	GOTO       $-10
;__Lib_Math.c,213 :: 		
L_end_Div_8X8_U:
0x001E	0x0008      	RETURN
; end of _Div_8X8_U
_Delay_1us:
;__Lib_Delays.c,7 :: 		void Delay_1us() {
;__Lib_Delays.c,8 :: 		Delay_us(1);
0x001F	0x0000      	NOP
0x0020	0x0000      	NOP
0x0021	0x0000      	NOP
0x0022	0x0000      	NOP
0x0023	0x0000      	NOP
;__Lib_Delays.c,9 :: 		}
L_end_Delay_1us:
0x0024	0x0008      	RETURN
; end of _Delay_1us
__Lib_SoftI2C_PutZerosToLATSda:
;__Lib_SoftI2C.c,28 :: 		
;__Lib_SoftI2C.c,36 :: 		
0x0025	0x3005      	MOVLW      Soft_I2C_Sda
;__Lib_SoftI2C.c,37 :: 		
0x0026	0x0084      	MOVWF      FSR
;__Lib_SoftI2C.c,38 :: 		
0x0027	0x0800      	MOVF       INDF, 0
;__Lib_SoftI2C.c,39 :: 		
0x0028	0x0800      	MOVF       INDF, 0
0x0029	0x1283      	BCF        STATUS, 5
0x002A	0x1303      	BCF        STATUS, 6
0x002B	0x00F0      	MOVWF      R0
;__Lib_SoftI2C.c,41 :: 		
0x002C	0x11F0      	BCF        R0, BitPos(Soft_I2C_Sda+0)
;__Lib_SoftI2C.c,43 :: 		
0x002D	0x0870      	MOVF       R0, 0
0x002E	0x0080      	MOVWF      INDF
;__Lib_SoftI2C.c,44 :: 		
L_end_PutZerosToLATSda:
0x002F	0x0008      	RETURN
; end of __Lib_SoftI2C_PutZerosToLATSda
_Mul_8X8_U:
;__Lib_Math.c,103 :: 		
;__Lib_Math.c,108 :: 		
0x0030	0x1283      	BCF        STATUS, 5
;__Lib_Math.c,109 :: 		
0x0031	0x1303      	BCF        STATUS, 6
;__Lib_Math.c,110 :: 		
0x0032	0x0870      	MOVF       R0, 0
;__Lib_Math.c,111 :: 		
0x0033	0x00F1      	MOVWF      R1
;__Lib_Math.c,112 :: 		
0x0034	0x01F0      	CLRF       R0
;__Lib_Math.c,113 :: 		
0x0035	0x3008      	MOVLW      8
;__Lib_Math.c,114 :: 		
0x0036	0x00FC      	MOVWF      R12
;__Lib_Math.c,115 :: 		
0x0037	0x0871      	MOVF       R1, 0
;__Lib_Math.c,116 :: 		
0x0038	0x0CF4      	RRF        R4, 1
;__Lib_Math.c,117 :: 		
0x0039	0x1803      	BTFSC      STATUS, 0
;__Lib_Math.c,118 :: 		
0x003A	0x283F      	GOTO       $+5
;__Lib_Math.c,119 :: 		
0x003B	0x0BFC      	DECFSZ     R12, 1
;__Lib_Math.c,120 :: 		
0x003C	0x2838      	GOTO       $-4
;__Lib_Math.c,121 :: 		
0x003D	0x01F1      	CLRF       R1
;__Lib_Math.c,122 :: 		
0x003E	0x3400      	RETLW      0
;__Lib_Math.c,123 :: 		
0x003F	0x1003      	BCF        STATUS, 0
;__Lib_Math.c,124 :: 		
0x0040	0x2844      	GOTO       $+4
;__Lib_Math.c,125 :: 		
0x0041	0x0CF4      	RRF        R4, 1
;__Lib_Math.c,126 :: 		
0x0042	0x1803      	BTFSC      STATUS, 0
;__Lib_Math.c,127 :: 		
0x0043	0x07F1      	ADDWF      R1, 1
;__Lib_Math.c,128 :: 		
0x0044	0x0CF1      	RRF        R1, 1
;__Lib_Math.c,129 :: 		
0x0045	0x0CF0      	RRF        R0, 1
;__Lib_Math.c,130 :: 		
0x0046	0x0BFC      	DECFSZ     R12, 1
;__Lib_Math.c,131 :: 		
0x0047	0x2841      	GOTO       $-6
;__Lib_Math.c,133 :: 		
;__Lib_Math.c,134 :: 		
L_end_Mul_8X8_U:
0x0048	0x0008      	RETURN
; end of _Mul_8X8_U
_____DoICP:
;__Lib_System.c,6 :: 		
;__Lib_System.c,9 :: 		
0x0049	0x1283      	BCF        STATUS, 5
0x004A	0x1303      	BCF        STATUS, 6
0x004B	0x0821      	MOVF       ___DoICPAddr+1, 0
0x004C	0x008A      	MOVWF      PCLATH
;__Lib_System.c,10 :: 		
0x004D	0x0820      	MOVF       ___DoICPAddr, 0
0x004E	0x0082      	MOVWF      PCL
;__Lib_System.c,12 :: 		
L_end_____DoICP:
0x004F	0x0008      	RETURN
; end of _____DoICP
_display_clear:
;7segment.h,20 :: 		void display_clear(){
;7segment.h,21 :: 		digit1 = 0; digit2 = 0; digit3 = 0;
0x0050	0x1283      	BCF        STATUS, 5
0x0051	0x1303      	BCF        STATUS, 6
0x0052	0x1007      	BCF        PORTC, 0
0x0053	0x1087      	BCF        PORTC, 1
0x0054	0x1107      	BCF        PORTC, 2
;7segment.h,22 :: 		digit4 = 0; digit5 = 0; digit6 = 0;
0x0055	0x1187      	BCF        PORTC, 3
0x0056	0x1207      	BCF        PORTC, 4
0x0057	0x1287      	BCF        PORTC, 5
;7segment.h,23 :: 		}
L_end_display_clear:
0x0058	0x0008      	RETURN
; end of _display_clear
_Dec2Bcd:
;__Lib_Conversions.c,304 :: 		
;__Lib_Conversions.c,305 :: 		
0x0059	0x1283      	BCF        STATUS, 5
0x005A	0x1303      	BCF        STATUS, 6
0x005B	0x01B2      	CLRF       Dec2Bcd_tmp_L0
;__Lib_Conversions.c,307 :: 		
0x005C	0x0831      	MOVF       FARG_Dec2Bcd_decnum, 0
0x005D	0x3C09      	SUBLW      9
0x005E	0x1803      	BTFSC      STATUS, 0
0x005F	0x287B      	GOTO       L_Dec2Bcd64
;__Lib_Conversions.c,308 :: 		
0x0060	0x300A      	MOVLW      10
0x0061	0x00F4      	MOVWF      R4
0x0062	0x0831      	MOVF       FARG_Dec2Bcd_decnum, 0
0x0063	0x00F0      	MOVWF      R0
0x0064	0x200E      	CALL       _Div_8X8_U
0x0065	0x0870      	MOVF       R0, 0
0x0066	0x00B2      	MOVWF      Dec2Bcd_tmp_L0
;__Lib_Conversions.c,309 :: 		
0x0067	0x0870      	MOVF       R0, 0
0x0068	0x00B2      	MOVWF      Dec2Bcd_tmp_L0
0x0069	0x0DB2      	RLF        Dec2Bcd_tmp_L0, 1
0x006A	0x1032      	BCF        Dec2Bcd_tmp_L0, 0
0x006B	0x0DB2      	RLF        Dec2Bcd_tmp_L0, 1
0x006C	0x1032      	BCF        Dec2Bcd_tmp_L0, 0
0x006D	0x0DB2      	RLF        Dec2Bcd_tmp_L0, 1
0x006E	0x1032      	BCF        Dec2Bcd_tmp_L0, 0
0x006F	0x0DB2      	RLF        Dec2Bcd_tmp_L0, 1
0x0070	0x1032      	BCF        Dec2Bcd_tmp_L0, 0
;__Lib_Conversions.c,310 :: 		
0x0071	0x300A      	MOVLW      10
0x0072	0x00F4      	MOVWF      R4
0x0073	0x0831      	MOVF       FARG_Dec2Bcd_decnum, 0
0x0074	0x00F0      	MOVWF      R0
0x0075	0x200E      	CALL       _Div_8X8_U
0x0076	0x0878      	MOVF       R8, 0
0x0077	0x00F0      	MOVWF      R0
0x0078	0x0870      	MOVF       R0, 0
0x0079	0x04B2      	IORWF      Dec2Bcd_tmp_L0, 1
;__Lib_Conversions.c,311 :: 		
0x007A	0x287D      	GOTO       L_Dec2Bcd65
L_Dec2Bcd64:
;__Lib_Conversions.c,312 :: 		
0x007B	0x0831      	MOVF       FARG_Dec2Bcd_decnum, 0
0x007C	0x00B2      	MOVWF      Dec2Bcd_tmp_L0
L_Dec2Bcd65:
;__Lib_Conversions.c,313 :: 		
0x007D	0x0832      	MOVF       Dec2Bcd_tmp_L0, 0
0x007E	0x00F0      	MOVWF      R0
;__Lib_Conversions.c,314 :: 		
L_end_Dec2Bcd:
0x007F	0x0008      	RETURN
; end of _Dec2Bcd
_Soft_I2C_Write:
;__Lib_SoftI2C.c,194 :: 		
;__Lib_SoftI2C.c,195 :: 		
0x0080	0x3001      	MOVLW      1
0x0081	0x1283      	BCF        STATUS, 5
0x0082	0x1303      	BCF        STATUS, 6
0x0083	0x00B4      	MOVWF      Soft_I2C_Write_result_L0
0x0084	0x3000      	MOVLW      0
0x0085	0x00B5      	MOVWF      Soft_I2C_Write_result_L0+1
;__Lib_SoftI2C.c,197 :: 		
0x0086	0x3080      	MOVLW      128
0x0087	0x00B2      	MOVWF      Soft_I2C_Write_temp_L0
0x0088	0x01B3      	CLRF       Soft_I2C_Write_temp_L0+1
;__Lib_SoftI2C.c,199 :: 		
L_Soft_I2C_Write16:
0x0089	0x0832      	MOVF       Soft_I2C_Write_temp_L0, 0
0x008A	0x0433      	IORWF      Soft_I2C_Write_temp_L0+1, 0
0x008B	0x1903      	BTFSC      STATUS, 2
0x008C	0x28B6      	GOTO       L_Soft_I2C_Write17
;__Lib_SoftI2C.c,200 :: 		
0x008D	0x201F      	CALL       _Delay_1us
0x008E	0x201F      	CALL       _Delay_1us
;__Lib_SoftI2C.c,201 :: 		
0x008F	0x201F      	CALL       _Delay_1us
0x0090	0x201F      	CALL       _Delay_1us
;__Lib_SoftI2C.c,203 :: 		
0x0091	0x2003      	CALL       __Lib_SoftI2C_PutZerosToLATScl
;__Lib_SoftI2C.c,204 :: 		
0x0092	0x1683      	BSF        STATUS, 5
0x0093	0x1105      	BCF        Soft_I2C_Scl_Direction, BitPos(Soft_I2C_Scl_Direction+0)
;__Lib_SoftI2C.c,206 :: 		
0x0094	0x201F      	CALL       _Delay_1us
0x0095	0x201F      	CALL       _Delay_1us
;__Lib_SoftI2C.c,208 :: 		
0x0096	0x1283      	BCF        STATUS, 5
0x0097	0x0832      	MOVF       Soft_I2C_Write_temp_L0, 0
0x0098	0x0531      	ANDWF      FARG_Soft_I2C_Write_data_, 0
0x0099	0x00F0      	MOVWF      R0
0x009A	0x3000      	MOVLW      0
0x009B	0x0533      	ANDWF      Soft_I2C_Write_temp_L0+1, 0
0x009C	0x00F1      	MOVWF      R0+1
0x009D	0x0870      	MOVF       R0, 0
0x009E	0x0471      	IORWF      R0+1, 0
0x009F	0x1903      	BTFSC      STATUS, 2
0x00A0	0x28A4      	GOTO       L_Soft_I2C_Write18
;__Lib_SoftI2C.c,209 :: 		
0x00A1	0x1683      	BSF        STATUS, 5
0x00A2	0x1585      	BSF        Soft_I2C_Sda_Direction, BitPos(Soft_I2C_Sda_Direction+0)
;__Lib_SoftI2C.c,210 :: 		
0x00A3	0x28A7      	GOTO       L_Soft_I2C_Write19
L_Soft_I2C_Write18:
;__Lib_SoftI2C.c,212 :: 		
0x00A4	0x2025      	CALL       __Lib_SoftI2C_PutZerosToLATSda
;__Lib_SoftI2C.c,213 :: 		
0x00A5	0x1683      	BSF        STATUS, 5
0x00A6	0x1185      	BCF        Soft_I2C_Sda_Direction, BitPos(Soft_I2C_Sda_Direction+0)
;__Lib_SoftI2C.c,214 :: 		
L_Soft_I2C_Write19:
;__Lib_SoftI2C.c,216 :: 		
0x00A7	0x201F      	CALL       _Delay_1us
0x00A8	0x201F      	CALL       _Delay_1us
;__Lib_SoftI2C.c,218 :: 		
0x00A9	0x1505      	BSF        Soft_I2C_Scl_Direction, BitPos(Soft_I2C_Scl_Direction+0)
;__Lib_SoftI2C.c,220 :: 		
0x00AA	0x1283      	BCF        STATUS, 5
0x00AB	0x1023      	BCF        __Lib_SoftI2C___StopWaiting, BitPos(__Lib_SoftI2C___StopWaiting+0)
;__Lib_SoftI2C.c,221 :: 		
L_Soft_I2C_Write20:
0x00AC	0x1905      	BTFSC      Soft_I2C_Scl, BitPos(Soft_I2C_Scl+0)
0x00AD	0x28B2      	GOTO       L_Soft_I2C_Write21
;__Lib_SoftI2C.c,222 :: 		
0x00AE	0x1C23      	BTFSS      __Lib_SoftI2C___StopWaiting, BitPos(__Lib_SoftI2C___StopWaiting+0)
0x00AF	0x28B1      	GOTO       L_Soft_I2C_Write22
;__Lib_SoftI2C.c,223 :: 		
0x00B0	0x28B2      	GOTO       L_Soft_I2C_Write21
L_Soft_I2C_Write22:
0x00B1	0x28AC      	GOTO       L_Soft_I2C_Write20
L_Soft_I2C_Write21:
;__Lib_SoftI2C.c,225 :: 		
0x00B2	0x0CB3      	RRF        Soft_I2C_Write_temp_L0+1, 1
0x00B3	0x0CB2      	RRF        Soft_I2C_Write_temp_L0, 1
0x00B4	0x13B3      	BCF        Soft_I2C_Write_temp_L0+1, 7
;__Lib_SoftI2C.c,226 :: 		
0x00B5	0x2889      	GOTO       L_Soft_I2C_Write16
L_Soft_I2C_Write17:
;__Lib_SoftI2C.c,228 :: 		
0x00B6	0x01B4      	CLRF       Soft_I2C_Write_result_L0
0x00B7	0x01B5      	CLRF       Soft_I2C_Write_result_L0+1
;__Lib_SoftI2C.c,230 :: 		
0x00B8	0x201F      	CALL       _Delay_1us
0x00B9	0x201F      	CALL       _Delay_1us
;__Lib_SoftI2C.c,232 :: 		
0x00BA	0x2003      	CALL       __Lib_SoftI2C_PutZerosToLATScl
;__Lib_SoftI2C.c,233 :: 		
0x00BB	0x1683      	BSF        STATUS, 5
0x00BC	0x1105      	BCF        Soft_I2C_Scl_Direction, BitPos(Soft_I2C_Scl_Direction+0)
;__Lib_SoftI2C.c,235 :: 		
0x00BD	0x201F      	CALL       _Delay_1us
0x00BE	0x201F      	CALL       _Delay_1us
;__Lib_SoftI2C.c,237 :: 		
0x00BF	0x1585      	BSF        Soft_I2C_Sda_Direction, BitPos(Soft_I2C_Sda_Direction+0)
;__Lib_SoftI2C.c,239 :: 		
0x00C0	0x201F      	CALL       _Delay_1us
0x00C1	0x201F      	CALL       _Delay_1us
;__Lib_SoftI2C.c,240 :: 		
0x00C2	0x201F      	CALL       _Delay_1us
0x00C3	0x201F      	CALL       _Delay_1us
;__Lib_SoftI2C.c,242 :: 		
0x00C4	0x1505      	BSF        Soft_I2C_Scl_Direction, BitPos(Soft_I2C_Scl_Direction+0)
;__Lib_SoftI2C.c,244 :: 		
0x00C5	0x1283      	BCF        STATUS, 5
0x00C6	0x1023      	BCF        __Lib_SoftI2C___StopWaiting, BitPos(__Lib_SoftI2C___StopWaiting+0)
;__Lib_SoftI2C.c,245 :: 		
L_Soft_I2C_Write23:
0x00C7	0x1905      	BTFSC      Soft_I2C_Scl, BitPos(Soft_I2C_Scl+0)
0x00C8	0x28CD      	GOTO       L_Soft_I2C_Write24
;__Lib_SoftI2C.c,246 :: 		
0x00C9	0x1C23      	BTFSS      __Lib_SoftI2C___StopWaiting, BitPos(__Lib_SoftI2C___StopWaiting+0)
0x00CA	0x28CC      	GOTO       L_Soft_I2C_Write25
;__Lib_SoftI2C.c,247 :: 		
0x00CB	0x28CD      	GOTO       L_Soft_I2C_Write24
L_Soft_I2C_Write25:
0x00CC	0x28C7      	GOTO       L_Soft_I2C_Write23
L_Soft_I2C_Write24:
;__Lib_SoftI2C.c,249 :: 		
0x00CD	0x01B4      	CLRF       Soft_I2C_Write_result_L0
0x00CE	0x01B5      	CLRF       Soft_I2C_Write_result_L0+1
;__Lib_SoftI2C.c,251 :: 		
0x00CF	0x201F      	CALL       _Delay_1us
0x00D0	0x201F      	CALL       _Delay_1us
;__Lib_SoftI2C.c,253 :: 		
0x00D1	0x1D85      	BTFSS      Soft_I2C_Sda, BitPos(Soft_I2C_Sda+0)
0x00D2	0x28D4      	GOTO       L_Soft_I2C_Write26
;__Lib_SoftI2C.c,254 :: 		
0x00D3	0x1434      	BSF        Soft_I2C_Write_result_L0, 0
L_Soft_I2C_Write26:
;__Lib_SoftI2C.c,256 :: 		
0x00D4	0x201F      	CALL       _Delay_1us
0x00D5	0x201F      	CALL       _Delay_1us
;__Lib_SoftI2C.c,257 :: 		
0x00D6	0x201F      	CALL       _Delay_1us
0x00D7	0x201F      	CALL       _Delay_1us
;__Lib_SoftI2C.c,258 :: 		
0x00D8	0x201F      	CALL       _Delay_1us
0x00D9	0x201F      	CALL       _Delay_1us
;__Lib_SoftI2C.c,259 :: 		
0x00DA	0x201F      	CALL       _Delay_1us
0x00DB	0x201F      	CALL       _Delay_1us
;__Lib_SoftI2C.c,260 :: 		
0x00DC	0x201F      	CALL       _Delay_1us
0x00DD	0x201F      	CALL       _Delay_1us
;__Lib_SoftI2C.c,261 :: 		
0x00DE	0x201F      	CALL       _Delay_1us
0x00DF	0x201F      	CALL       _Delay_1us
;__Lib_SoftI2C.c,262 :: 		
0x00E0	0x201F      	CALL       _Delay_1us
0x00E1	0x201F      	CALL       _Delay_1us
;__Lib_SoftI2C.c,263 :: 		
0x00E2	0x201F      	CALL       _Delay_1us
0x00E3	0x201F      	CALL       _Delay_1us
;__Lib_SoftI2C.c,265 :: 		
0x00E4	0x2003      	CALL       __Lib_SoftI2C_PutZerosToLATScl
;__Lib_SoftI2C.c,266 :: 		
0x00E5	0x1683      	BSF        STATUS, 5
0x00E6	0x1105      	BCF        Soft_I2C_Scl_Direction, BitPos(Soft_I2C_Scl_Direction+0)
;__Lib_SoftI2C.c,267 :: 		
0x00E7	0x2025      	CALL       __Lib_SoftI2C_PutZerosToLATSda
;__Lib_SoftI2C.c,268 :: 		
0x00E8	0x1683      	BSF        STATUS, 5
0x00E9	0x1185      	BCF        Soft_I2C_Sda_Direction, BitPos(Soft_I2C_Sda_Direction+0)
;__Lib_SoftI2C.c,270 :: 		
0x00EA	0x1283      	BCF        STATUS, 5
0x00EB	0x0834      	MOVF       Soft_I2C_Write_result_L0, 0
0x00EC	0x00F0      	MOVWF      R0
;__Lib_SoftI2C.c,271 :: 		
L_end_Soft_I2C_Write:
0x00ED	0x0008      	RETURN
; end of _Soft_I2C_Write
_Soft_I2C_Stop:
;__Lib_SoftI2C.c,168 :: 		
;__Lib_SoftI2C.c,170 :: 		
0x00EE	0x2025      	CALL       __Lib_SoftI2C_PutZerosToLATSda
;__Lib_SoftI2C.c,171 :: 		
0x00EF	0x1683      	BSF        STATUS, 5
0x00F0	0x1185      	BCF        Soft_I2C_Sda_Direction, BitPos(Soft_I2C_Sda_Direction+0)
;__Lib_SoftI2C.c,173 :: 		
0x00F1	0x201F      	CALL       _Delay_1us
0x00F2	0x201F      	CALL       _Delay_1us
;__Lib_SoftI2C.c,175 :: 		
0x00F3	0x1505      	BSF        Soft_I2C_Scl_Direction, BitPos(Soft_I2C_Scl_Direction+0)
;__Lib_SoftI2C.c,177 :: 		
0x00F4	0x1283      	BCF        STATUS, 5
0x00F5	0x1023      	BCF        __Lib_SoftI2C___StopWaiting, BitPos(__Lib_SoftI2C___StopWaiting+0)
;__Lib_SoftI2C.c,178 :: 		
L_Soft_I2C_Stop13:
0x00F6	0x1905      	BTFSC      Soft_I2C_Scl, BitPos(Soft_I2C_Scl+0)
0x00F7	0x28FC      	GOTO       L_Soft_I2C_Stop14
;__Lib_SoftI2C.c,179 :: 		
0x00F8	0x1C23      	BTFSS      __Lib_SoftI2C___StopWaiting, BitPos(__Lib_SoftI2C___StopWaiting+0)
0x00F9	0x28FB      	GOTO       L_Soft_I2C_Stop15
;__Lib_SoftI2C.c,180 :: 		
0x00FA	0x28FC      	GOTO       L_Soft_I2C_Stop14
L_Soft_I2C_Stop15:
0x00FB	0x28F6      	GOTO       L_Soft_I2C_Stop13
L_Soft_I2C_Stop14:
;__Lib_SoftI2C.c,182 :: 		
0x00FC	0x201F      	CALL       _Delay_1us
0x00FD	0x201F      	CALL       _Delay_1us
;__Lib_SoftI2C.c,183 :: 		
0x00FE	0x201F      	CALL       _Delay_1us
0x00FF	0x201F      	CALL       _Delay_1us
;__Lib_SoftI2C.c,184 :: 		
0x0100	0x201F      	CALL       _Delay_1us
0x0101	0x201F      	CALL       _Delay_1us
;__Lib_SoftI2C.c,185 :: 		
0x0102	0x201F      	CALL       _Delay_1us
0x0103	0x201F      	CALL       _Delay_1us
;__Lib_SoftI2C.c,187 :: 		
0x0104	0x1683      	BSF        STATUS, 5
0x0105	0x1585      	BSF        Soft_I2C_Sda_Direction, BitPos(Soft_I2C_Sda_Direction+0)
;__Lib_SoftI2C.c,189 :: 		
0x0106	0x201F      	CALL       _Delay_1us
0x0107	0x201F      	CALL       _Delay_1us
;__Lib_SoftI2C.c,190 :: 		
L_end_Soft_I2C_Stop:
0x0108	0x0008      	RETURN
; end of _Soft_I2C_Stop
_Soft_I2C_Start:
;__Lib_SoftI2C.c,147 :: 		
;__Lib_SoftI2C.c,148 :: 		
0x0109	0x1683      	BSF        STATUS, 5
0x010A	0x1303      	BCF        STATUS, 6
0x010B	0x1585      	BSF        Soft_I2C_Sda_Direction, BitPos(Soft_I2C_Sda_Direction+0)
;__Lib_SoftI2C.c,150 :: 		
0x010C	0x201F      	CALL       _Delay_1us
0x010D	0x201F      	CALL       _Delay_1us
;__Lib_SoftI2C.c,152 :: 		
0x010E	0x1505      	BSF        Soft_I2C_Scl_Direction, BitPos(Soft_I2C_Scl_Direction+0)
;__Lib_SoftI2C.c,154 :: 		
0x010F	0x201F      	CALL       _Delay_1us
0x0110	0x201F      	CALL       _Delay_1us
;__Lib_SoftI2C.c,156 :: 		
0x0111	0x2025      	CALL       __Lib_SoftI2C_PutZerosToLATSda
;__Lib_SoftI2C.c,157 :: 		
0x0112	0x1683      	BSF        STATUS, 5
0x0113	0x1185      	BCF        Soft_I2C_Sda_Direction, BitPos(Soft_I2C_Sda_Direction+0)
;__Lib_SoftI2C.c,159 :: 		
0x0114	0x201F      	CALL       _Delay_1us
0x0115	0x201F      	CALL       _Delay_1us
;__Lib_SoftI2C.c,161 :: 		
0x0116	0x2003      	CALL       __Lib_SoftI2C_PutZerosToLATScl
;__Lib_SoftI2C.c,162 :: 		
0x0117	0x1683      	BSF        STATUS, 5
0x0118	0x1105      	BCF        Soft_I2C_Scl_Direction, BitPos(Soft_I2C_Scl_Direction+0)
;__Lib_SoftI2C.c,165 :: 		
L_end_Soft_I2C_Start:
0x0119	0x0008      	RETURN
; end of _Soft_I2C_Start
_Soft_I2C_Init:
;__Lib_SoftI2C.c,69 :: 		
;__Lib_SoftI2C.c,75 :: 		
0x011A	0x1683      	BSF        STATUS, 5
0x011B	0x1303      	BCF        STATUS, 6
0x011C	0x1505      	BSF        Soft_I2C_Scl_Direction, BitPos(Soft_I2C_Scl_Direction+0)
;__Lib_SoftI2C.c,76 :: 		
0x011D	0x1585      	BSF        Soft_I2C_Sda_Direction, BitPos(Soft_I2C_Sda_Direction+0)
;__Lib_SoftI2C.c,78 :: 		
0x011E	0x1283      	BCF        STATUS, 5
0x011F	0x1023      	BCF        __Lib_SoftI2C___StopWaiting, BitPos(__Lib_SoftI2C___StopWaiting+0)
;__Lib_SoftI2C.c,79 :: 		
L_Soft_I2C_Init0:
0x0120	0x1905      	BTFSC      Soft_I2C_Scl, BitPos(Soft_I2C_Scl+0)
0x0121	0x2926      	GOTO       L_Soft_I2C_Init1
;__Lib_SoftI2C.c,80 :: 		
0x0122	0x1C23      	BTFSS      __Lib_SoftI2C___StopWaiting, BitPos(__Lib_SoftI2C___StopWaiting+0)
0x0123	0x2925      	GOTO       L_Soft_I2C_Init2
;__Lib_SoftI2C.c,81 :: 		
0x0124	0x2926      	GOTO       L_Soft_I2C_Init1
L_Soft_I2C_Init2:
0x0125	0x2920      	GOTO       L_Soft_I2C_Init0
L_Soft_I2C_Init1:
;__Lib_SoftI2C.c,83 :: 		
L_end_Soft_I2C_Init:
0x0126	0x0008      	RETURN
; end of _Soft_I2C_Init
_write_ds1307:
;ds1307.h,22 :: 		void write_ds1307(unsigned short address,unsigned short w_data){
;ds1307.h,23 :: 		if(address != 2)w_data = dec2bcd(w_data);
0x0127	0x1283      	BCF        STATUS, 5
0x0128	0x1303      	BCF        STATUS, 6
0x0129	0x082B      	MOVF       FARG_write_ds1307_address, 0
0x012A	0x3A02      	XORLW      2
0x012B	0x1903      	BTFSC      STATUS, 2
0x012C	0x2932      	GOTO       L_write_ds13071
0x012D	0x082C      	MOVF       FARG_write_ds1307_w_data, 0
0x012E	0x00B1      	MOVWF      FARG_Dec2Bcd_decnum
0x012F	0x2059      	CALL       _Dec2Bcd
0x0130	0x0870      	MOVF       R0, 0
0x0131	0x00AC      	MOVWF      FARG_write_ds1307_w_data
L_write_ds13071:
;ds1307.h,24 :: 		Soft_I2C_Start();
0x0132	0x2109      	CALL       _Soft_I2C_Start
;ds1307.h,25 :: 		Soft_I2C_Write(0xD0);
0x0133	0x30D0      	MOVLW      208
0x0134	0x1283      	BCF        STATUS, 5
0x0135	0x00B1      	MOVWF      FARG_Soft_I2C_Write_data_
0x0136	0x2080      	CALL       _Soft_I2C_Write
;ds1307.h,26 :: 		Soft_I2C_Write(address);
0x0137	0x082B      	MOVF       FARG_write_ds1307_address, 0
0x0138	0x00B1      	MOVWF      FARG_Soft_I2C_Write_data_
0x0139	0x2080      	CALL       _Soft_I2C_Write
;ds1307.h,27 :: 		Soft_I2C_Write(w_data);
0x013A	0x082C      	MOVF       FARG_write_ds1307_w_data, 0
0x013B	0x00B1      	MOVWF      FARG_Soft_I2C_Write_data_
0x013C	0x2080      	CALL       _Soft_I2C_Write
;ds1307.h,28 :: 		Soft_I2C_Stop();
0x013D	0x20EE      	CALL       _Soft_I2C_Stop
;ds1307.h,29 :: 		}
L_end_write_ds1307:
0x013E	0x0008      	RETURN
; end of _write_ds1307
_Soft_I2C_Read:
;__Lib_SoftI2C.c,86 :: 		
;__Lib_SoftI2C.c,87 :: 		
0x013F	0x1283      	BCF        STATUS, 5
0x0140	0x1303      	BCF        STATUS, 6
0x0141	0x01AD      	CLRF       Soft_I2C_Read_result_L0
0x0142	0x01AE      	CLRF       Soft_I2C_Read_result_L0+1
0x0143	0x3080      	MOVLW      128
0x0144	0x00AF      	MOVWF      Soft_I2C_Read_temp_L0
0x0145	0x3000      	MOVLW      0
0x0146	0x00B0      	MOVWF      Soft_I2C_Read_temp_L0+1
;__Lib_SoftI2C.c,89 :: 		
L_Soft_I2C_Read3:
0x0147	0x082F      	MOVF       Soft_I2C_Read_temp_L0, 0
0x0148	0x0430      	IORWF      Soft_I2C_Read_temp_L0+1, 0
0x0149	0x1903      	BTFSC      STATUS, 2
0x014A	0x296A      	GOTO       L_Soft_I2C_Read4
;__Lib_SoftI2C.c,90 :: 		
0x014B	0x201F      	CALL       _Delay_1us
0x014C	0x201F      	CALL       _Delay_1us
;__Lib_SoftI2C.c,92 :: 		
0x014D	0x1683      	BSF        STATUS, 5
0x014E	0x1585      	BSF        Soft_I2C_Sda_Direction, BitPos(Soft_I2C_Sda_Direction+0)
;__Lib_SoftI2C.c,94 :: 		
0x014F	0x201F      	CALL       _Delay_1us
0x0150	0x201F      	CALL       _Delay_1us
;__Lib_SoftI2C.c,96 :: 		
0x0151	0x1505      	BSF        Soft_I2C_Scl_Direction, BitPos(Soft_I2C_Scl_Direction+0)
;__Lib_SoftI2C.c,98 :: 		
0x0152	0x1283      	BCF        STATUS, 5
0x0153	0x1023      	BCF        __Lib_SoftI2C___StopWaiting, BitPos(__Lib_SoftI2C___StopWaiting+0)
;__Lib_SoftI2C.c,99 :: 		
L_Soft_I2C_Read5:
0x0154	0x1905      	BTFSC      Soft_I2C_Scl, BitPos(Soft_I2C_Scl+0)
0x0155	0x295A      	GOTO       L_Soft_I2C_Read6
;__Lib_SoftI2C.c,100 :: 		
0x0156	0x1C23      	BTFSS      __Lib_SoftI2C___StopWaiting, BitPos(__Lib_SoftI2C___StopWaiting+0)
0x0157	0x2959      	GOTO       L_Soft_I2C_Read7
;__Lib_SoftI2C.c,101 :: 		
0x0158	0x295A      	GOTO       L_Soft_I2C_Read6
L_Soft_I2C_Read7:
0x0159	0x2954      	GOTO       L_Soft_I2C_Read5
L_Soft_I2C_Read6:
;__Lib_SoftI2C.c,103 :: 		
0x015A	0x1D85      	BTFSS      Soft_I2C_Sda, BitPos(Soft_I2C_Sda+0)
0x015B	0x2960      	GOTO       L_Soft_I2C_Read8
;__Lib_SoftI2C.c,104 :: 		
0x015C	0x082F      	MOVF       Soft_I2C_Read_temp_L0, 0
0x015D	0x04AD      	IORWF      Soft_I2C_Read_result_L0, 1
0x015E	0x0830      	MOVF       Soft_I2C_Read_temp_L0+1, 0
0x015F	0x04AE      	IORWF      Soft_I2C_Read_result_L0+1, 1
L_Soft_I2C_Read8:
;__Lib_SoftI2C.c,106 :: 		
0x0160	0x201F      	CALL       _Delay_1us
0x0161	0x201F      	CALL       _Delay_1us
;__Lib_SoftI2C.c,108 :: 		
0x0162	0x2003      	CALL       __Lib_SoftI2C_PutZerosToLATScl
;__Lib_SoftI2C.c,109 :: 		
0x0163	0x1683      	BSF        STATUS, 5
0x0164	0x1105      	BCF        Soft_I2C_Scl_Direction, BitPos(Soft_I2C_Scl_Direction+0)
;__Lib_SoftI2C.c,111 :: 		
0x0165	0x1283      	BCF        STATUS, 5
0x0166	0x0CB0      	RRF        Soft_I2C_Read_temp_L0+1, 1
0x0167	0x0CAF      	RRF        Soft_I2C_Read_temp_L0, 1
0x0168	0x13B0      	BCF        Soft_I2C_Read_temp_L0+1, 7
;__Lib_SoftI2C.c,112 :: 		
0x0169	0x2947      	GOTO       L_Soft_I2C_Read3
L_Soft_I2C_Read4:
;__Lib_SoftI2C.c,114 :: 		
0x016A	0x1683      	BSF        STATUS, 5
0x016B	0x1585      	BSF        Soft_I2C_Sda_Direction, BitPos(Soft_I2C_Sda_Direction+0)
;__Lib_SoftI2C.c,116 :: 		
0x016C	0x201F      	CALL       _Delay_1us
0x016D	0x201F      	CALL       _Delay_1us
;__Lib_SoftI2C.c,118 :: 		
0x016E	0x1283      	BCF        STATUS, 5
0x016F	0x082B      	MOVF       FARG_Soft_I2C_Read_ack, 0
0x0170	0x042C      	IORWF      FARG_Soft_I2C_Read_ack+1, 0
0x0171	0x1903      	BTFSC      STATUS, 2
0x0172	0x2976      	GOTO       L_Soft_I2C_Read9
;__Lib_SoftI2C.c,119 :: 		
0x0173	0x2025      	CALL       __Lib_SoftI2C_PutZerosToLATSda
;__Lib_SoftI2C.c,120 :: 		
0x0174	0x1683      	BSF        STATUS, 5
0x0175	0x1185      	BCF        Soft_I2C_Sda_Direction, BitPos(Soft_I2C_Sda_Direction+0)
;__Lib_SoftI2C.c,121 :: 		
L_Soft_I2C_Read9:
0x0176	0x1683      	BSF        STATUS, 5
;__Lib_SoftI2C.c,123 :: 		
0x0177	0x201F      	CALL       _Delay_1us
0x0178	0x201F      	CALL       _Delay_1us
;__Lib_SoftI2C.c,125 :: 		
0x0179	0x1505      	BSF        Soft_I2C_Scl_Direction, BitPos(Soft_I2C_Scl_Direction+0)
;__Lib_SoftI2C.c,127 :: 		
0x017A	0x1283      	BCF        STATUS, 5
0x017B	0x1023      	BCF        __Lib_SoftI2C___StopWaiting, BitPos(__Lib_SoftI2C___StopWaiting+0)
;__Lib_SoftI2C.c,128 :: 		
L_Soft_I2C_Read10:
0x017C	0x1905      	BTFSC      Soft_I2C_Scl, BitPos(Soft_I2C_Scl+0)
0x017D	0x2982      	GOTO       L_Soft_I2C_Read11
;__Lib_SoftI2C.c,129 :: 		
0x017E	0x1C23      	BTFSS      __Lib_SoftI2C___StopWaiting, BitPos(__Lib_SoftI2C___StopWaiting+0)
0x017F	0x2981      	GOTO       L_Soft_I2C_Read12
;__Lib_SoftI2C.c,130 :: 		
0x0180	0x2982      	GOTO       L_Soft_I2C_Read11
L_Soft_I2C_Read12:
0x0181	0x297C      	GOTO       L_Soft_I2C_Read10
L_Soft_I2C_Read11:
;__Lib_SoftI2C.c,132 :: 		
0x0182	0x201F      	CALL       _Delay_1us
0x0183	0x201F      	CALL       _Delay_1us
;__Lib_SoftI2C.c,134 :: 		
0x0184	0x2003      	CALL       __Lib_SoftI2C_PutZerosToLATScl
;__Lib_SoftI2C.c,135 :: 		
0x0185	0x1683      	BSF        STATUS, 5
0x0186	0x1105      	BCF        Soft_I2C_Scl_Direction, BitPos(Soft_I2C_Scl_Direction+0)
;__Lib_SoftI2C.c,137 :: 		
0x0187	0x201F      	CALL       _Delay_1us
0x0188	0x201F      	CALL       _Delay_1us
;__Lib_SoftI2C.c,139 :: 		
0x0189	0x2025      	CALL       __Lib_SoftI2C_PutZerosToLATSda
;__Lib_SoftI2C.c,140 :: 		
0x018A	0x1683      	BSF        STATUS, 5
0x018B	0x1185      	BCF        Soft_I2C_Sda_Direction, BitPos(Soft_I2C_Sda_Direction+0)
;__Lib_SoftI2C.c,142 :: 		
0x018C	0x1283      	BCF        STATUS, 5
0x018D	0x082D      	MOVF       Soft_I2C_Read_result_L0, 0
0x018E	0x00F0      	MOVWF      R0
;__Lib_SoftI2C.c,143 :: 		
L_end_Soft_I2C_Read:
0x018F	0x0008      	RETURN
; end of _Soft_I2C_Read
_Bcd2Dec:
;__Lib_Conversions.c,319 :: 		
;__Lib_Conversions.c,320 :: 		
;__Lib_Conversions.c,322 :: 		
0x0190	0x1283      	BCF        STATUS, 5
0x0191	0x1303      	BCF        STATUS, 6
0x0192	0x082B      	MOVF       FARG_Bcd2Dec_bcdnum, 0
0x0193	0x00F0      	MOVWF      R0
0x0194	0x0CF0      	RRF        R0, 1
0x0195	0x13F0      	BCF        R0, 7
0x0196	0x0CF0      	RRF        R0, 1
0x0197	0x13F0      	BCF        R0, 7
0x0198	0x0CF0      	RRF        R0, 1
0x0199	0x13F0      	BCF        R0, 7
0x019A	0x0CF0      	RRF        R0, 1
0x019B	0x13F0      	BCF        R0, 7
0x019C	0x300A      	MOVLW      10
0x019D	0x00F4      	MOVWF      R4
0x019E	0x2030      	CALL       _Mul_8X8_U
;__Lib_Conversions.c,323 :: 		
0x019F	0x300F      	MOVLW      15
0x01A0	0x052B      	ANDWF      FARG_Bcd2Dec_bcdnum, 0
0x01A1	0x00F1      	MOVWF      R1
0x01A2	0x0871      	MOVF       R1, 0
0x01A3	0x07F0      	ADDWF      R0, 1
;__Lib_Conversions.c,324 :: 		
;__Lib_Conversions.c,325 :: 		
L_end_Bcd2Dec:
0x01A4	0x0008      	RETURN
; end of _Bcd2Dec
_show_display:
;7segment.h,25 :: 		void show_display(char y, unsigned short x){ // y for digit select, x for data.
;7segment.h,27 :: 		if(y == 'H'){
0x01A5	0x1283      	BCF        STATUS, 5
0x01A6	0x1303      	BCF        STATUS, 6
0x01A7	0x082B      	MOVF       FARG_show_display_y, 0
0x01A8	0x3A48      	XORLW      72
0x01A9	0x1D03      	BTFSS      STATUS, 2
0x01AA	0x29EC      	GOTO       L_show_display4
;7segment.h,28 :: 		temp = x / 10;
0x01AB	0x300A      	MOVLW      10
0x01AC	0x00F4      	MOVWF      R4
0x01AD	0x082C      	MOVF       FARG_show_display_x, 0
0x01AE	0x00F0      	MOVWF      R0
0x01AF	0x200E      	CALL       _Div_8X8_U
;7segment.h,29 :: 		segdata = anode[temp];
0x01B0	0x3000      	MOVLW      0
0x01B1	0x00F1      	MOVWF      R0+1
0x01B2	0x305E      	MOVLW      _anode
0x01B3	0x07F0      	ADDWF      R0, 1
0x01B4	0x3004      	MOVLW      hi_addr(_anode)
0x01B5	0x1803      	BTFSC      STATUS, 0
0x01B6	0x3E01      	ADDLW      1
0x01B7	0x07F1      	ADDWF      R0+1, 1
0x01B8	0x0870      	MOVF       R0, 0
0x01B9	0x00A0      	MOVWF      ___DoICPAddr
0x01BA	0x0871      	MOVF       R0+1, 0
0x01BB	0x00A1      	MOVWF      ___DoICPAddr+1
0x01BC	0x2049      	CALL       _____DoICP
0x01BD	0x118A      	BCF        PCLATH, 3
0x01BE	0x120A      	BCF        PCLATH, 4
0x01BF	0x0086      	MOVWF      PORTB
;7segment.h,30 :: 		digit1 = 1; delay_ms(1); display_clear();
0x01C0	0x1407      	BSF        PORTC, 0
0x01C1	0x3007      	MOVLW      7
0x01C2	0x00FC      	MOVWF      R12
0x01C3	0x307D      	MOVLW      125
0x01C4	0x00FD      	MOVWF      R13
L_show_display5:
0x01C5	0x0BFD      	DECFSZ     R13, 1
0x01C6	0x29C5      	GOTO       L_show_display5
0x01C7	0x0BFC      	DECFSZ     R12, 1
0x01C8	0x29C5      	GOTO       L_show_display5
0x01C9	0x2050      	CALL       _display_clear
;7segment.h,31 :: 		temp = x % 10;
0x01CA	0x300A      	MOVLW      10
0x01CB	0x00F4      	MOVWF      R4
0x01CC	0x082C      	MOVF       FARG_show_display_x, 0
0x01CD	0x00F0      	MOVWF      R0
0x01CE	0x200E      	CALL       _Div_8X8_U
0x01CF	0x0878      	MOVF       R8, 0
0x01D0	0x00F0      	MOVWF      R0
;7segment.h,32 :: 		segdata = anode[temp];
0x01D1	0x3000      	MOVLW      0
0x01D2	0x00F1      	MOVWF      R0+1
0x01D3	0x305E      	MOVLW      _anode
0x01D4	0x07F0      	ADDWF      R0, 1
0x01D5	0x3004      	MOVLW      hi_addr(_anode)
0x01D6	0x1803      	BTFSC      STATUS, 0
0x01D7	0x3E01      	ADDLW      1
0x01D8	0x07F1      	ADDWF      R0+1, 1
0x01D9	0x0870      	MOVF       R0, 0
0x01DA	0x00A0      	MOVWF      ___DoICPAddr
0x01DB	0x0871      	MOVF       R0+1, 0
0x01DC	0x00A1      	MOVWF      ___DoICPAddr+1
0x01DD	0x2049      	CALL       _____DoICP
0x01DE	0x118A      	BCF        PCLATH, 3
0x01DF	0x120A      	BCF        PCLATH, 4
0x01E0	0x0086      	MOVWF      PORTB
;7segment.h,33 :: 		digit2 = 1; delay_ms(1); display_clear();
0x01E1	0x1487      	BSF        PORTC, 1
0x01E2	0x3007      	MOVLW      7
0x01E3	0x00FC      	MOVWF      R12
0x01E4	0x307D      	MOVLW      125
0x01E5	0x00FD      	MOVWF      R13
L_show_display6:
0x01E6	0x0BFD      	DECFSZ     R13, 1
0x01E7	0x29E6      	GOTO       L_show_display6
0x01E8	0x0BFC      	DECFSZ     R12, 1
0x01E9	0x29E6      	GOTO       L_show_display6
0x01EA	0x2050      	CALL       _display_clear
;7segment.h,34 :: 		}
0x01EB	0x2A75      	GOTO       L_show_display7
L_show_display4:
;7segment.h,35 :: 		else if(y == 'M'){
0x01EC	0x082B      	MOVF       FARG_show_display_y, 0
0x01ED	0x3A4D      	XORLW      77
0x01EE	0x1D03      	BTFSS      STATUS, 2
0x01EF	0x2A31      	GOTO       L_show_display8
;7segment.h,36 :: 		temp = x / 10;
0x01F0	0x300A      	MOVLW      10
0x01F1	0x00F4      	MOVWF      R4
0x01F2	0x082C      	MOVF       FARG_show_display_x, 0
0x01F3	0x00F0      	MOVWF      R0
0x01F4	0x200E      	CALL       _Div_8X8_U
;7segment.h,37 :: 		segdata = anode[temp];
0x01F5	0x3000      	MOVLW      0
0x01F6	0x00F1      	MOVWF      R0+1
0x01F7	0x305E      	MOVLW      _anode
0x01F8	0x07F0      	ADDWF      R0, 1
0x01F9	0x3004      	MOVLW      hi_addr(_anode)
0x01FA	0x1803      	BTFSC      STATUS, 0
0x01FB	0x3E01      	ADDLW      1
0x01FC	0x07F1      	ADDWF      R0+1, 1
0x01FD	0x0870      	MOVF       R0, 0
0x01FE	0x00A0      	MOVWF      ___DoICPAddr
0x01FF	0x0871      	MOVF       R0+1, 0
0x0200	0x00A1      	MOVWF      ___DoICPAddr+1
0x0201	0x2049      	CALL       _____DoICP
0x0202	0x118A      	BCF        PCLATH, 3
0x0203	0x120A      	BCF        PCLATH, 4
0x0204	0x0086      	MOVWF      PORTB
;7segment.h,38 :: 		digit3 = 1; delay_ms(1); display_clear();
0x0205	0x1507      	BSF        PORTC, 2
0x0206	0x3007      	MOVLW      7
0x0207	0x00FC      	MOVWF      R12
0x0208	0x307D      	MOVLW      125
0x0209	0x00FD      	MOVWF      R13
L_show_display9:
0x020A	0x0BFD      	DECFSZ     R13, 1
0x020B	0x2A0A      	GOTO       L_show_display9
0x020C	0x0BFC      	DECFSZ     R12, 1
0x020D	0x2A0A      	GOTO       L_show_display9
0x020E	0x2050      	CALL       _display_clear
;7segment.h,39 :: 		temp = x % 10;
0x020F	0x300A      	MOVLW      10
0x0210	0x00F4      	MOVWF      R4
0x0211	0x082C      	MOVF       FARG_show_display_x, 0
0x0212	0x00F0      	MOVWF      R0
0x0213	0x200E      	CALL       _Div_8X8_U
0x0214	0x0878      	MOVF       R8, 0
0x0215	0x00F0      	MOVWF      R0
;7segment.h,40 :: 		segdata = anode[temp];
0x0216	0x3000      	MOVLW      0
0x0217	0x00F1      	MOVWF      R0+1
0x0218	0x305E      	MOVLW      _anode
0x0219	0x07F0      	ADDWF      R0, 1
0x021A	0x3004      	MOVLW      hi_addr(_anode)
0x021B	0x1803      	BTFSC      STATUS, 0
0x021C	0x3E01      	ADDLW      1
0x021D	0x07F1      	ADDWF      R0+1, 1
0x021E	0x0870      	MOVF       R0, 0
0x021F	0x00A0      	MOVWF      ___DoICPAddr
0x0220	0x0871      	MOVF       R0+1, 0
0x0221	0x00A1      	MOVWF      ___DoICPAddr+1
0x0222	0x2049      	CALL       _____DoICP
0x0223	0x118A      	BCF        PCLATH, 3
0x0224	0x120A      	BCF        PCLATH, 4
0x0225	0x0086      	MOVWF      PORTB
;7segment.h,41 :: 		digit4 = 1; delay_ms(1); display_clear();
0x0226	0x1587      	BSF        PORTC, 3
0x0227	0x3007      	MOVLW      7
0x0228	0x00FC      	MOVWF      R12
0x0229	0x307D      	MOVLW      125
0x022A	0x00FD      	MOVWF      R13
L_show_display10:
0x022B	0x0BFD      	DECFSZ     R13, 1
0x022C	0x2A2B      	GOTO       L_show_display10
0x022D	0x0BFC      	DECFSZ     R12, 1
0x022E	0x2A2B      	GOTO       L_show_display10
0x022F	0x2050      	CALL       _display_clear
;7segment.h,42 :: 		}
0x0230	0x2A75      	GOTO       L_show_display11
L_show_display8:
;7segment.h,43 :: 		else if(y == 'S'){
0x0231	0x082B      	MOVF       FARG_show_display_y, 0
0x0232	0x3A53      	XORLW      83
0x0233	0x1D03      	BTFSS      STATUS, 2
0x0234	0x2A75      	GOTO       L_show_display12
;7segment.h,44 :: 		temp = x / 10;
0x0235	0x300A      	MOVLW      10
0x0236	0x00F4      	MOVWF      R4
0x0237	0x082C      	MOVF       FARG_show_display_x, 0
0x0238	0x00F0      	MOVWF      R0
0x0239	0x200E      	CALL       _Div_8X8_U
;7segment.h,45 :: 		segdata = anode[temp];
0x023A	0x3000      	MOVLW      0
0x023B	0x00F1      	MOVWF      R0+1
0x023C	0x305E      	MOVLW      _anode
0x023D	0x07F0      	ADDWF      R0, 1
0x023E	0x3004      	MOVLW      hi_addr(_anode)
0x023F	0x1803      	BTFSC      STATUS, 0
0x0240	0x3E01      	ADDLW      1
0x0241	0x07F1      	ADDWF      R0+1, 1
0x0242	0x0870      	MOVF       R0, 0
0x0243	0x00A0      	MOVWF      ___DoICPAddr
0x0244	0x0871      	MOVF       R0+1, 0
0x0245	0x00A1      	MOVWF      ___DoICPAddr+1
0x0246	0x2049      	CALL       _____DoICP
0x0247	0x118A      	BCF        PCLATH, 3
0x0248	0x120A      	BCF        PCLATH, 4
0x0249	0x0086      	MOVWF      PORTB
;7segment.h,46 :: 		digit5 = 1; delay_ms(1); display_clear();
0x024A	0x1607      	BSF        PORTC, 4
0x024B	0x3007      	MOVLW      7
0x024C	0x00FC      	MOVWF      R12
0x024D	0x307D      	MOVLW      125
0x024E	0x00FD      	MOVWF      R13
L_show_display13:
0x024F	0x0BFD      	DECFSZ     R13, 1
0x0250	0x2A4F      	GOTO       L_show_display13
0x0251	0x0BFC      	DECFSZ     R12, 1
0x0252	0x2A4F      	GOTO       L_show_display13
0x0253	0x2050      	CALL       _display_clear
;7segment.h,47 :: 		temp = x % 10;
0x0254	0x300A      	MOVLW      10
0x0255	0x00F4      	MOVWF      R4
0x0256	0x082C      	MOVF       FARG_show_display_x, 0
0x0257	0x00F0      	MOVWF      R0
0x0258	0x200E      	CALL       _Div_8X8_U
0x0259	0x0878      	MOVF       R8, 0
0x025A	0x00F0      	MOVWF      R0
;7segment.h,48 :: 		segdata = anode[temp];
0x025B	0x3000      	MOVLW      0
0x025C	0x00F1      	MOVWF      R0+1
0x025D	0x305E      	MOVLW      _anode
0x025E	0x07F0      	ADDWF      R0, 1
0x025F	0x3004      	MOVLW      hi_addr(_anode)
0x0260	0x1803      	BTFSC      STATUS, 0
0x0261	0x3E01      	ADDLW      1
0x0262	0x07F1      	ADDWF      R0+1, 1
0x0263	0x0870      	MOVF       R0, 0
0x0264	0x00A0      	MOVWF      ___DoICPAddr
0x0265	0x0871      	MOVF       R0+1, 0
0x0266	0x00A1      	MOVWF      ___DoICPAddr+1
0x0267	0x2049      	CALL       _____DoICP
0x0268	0x118A      	BCF        PCLATH, 3
0x0269	0x120A      	BCF        PCLATH, 4
0x026A	0x0086      	MOVWF      PORTB
;7segment.h,49 :: 		digit6 = 1; delay_ms(1); display_clear();
0x026B	0x1687      	BSF        PORTC, 5
0x026C	0x3007      	MOVLW      7
0x026D	0x00FC      	MOVWF      R12
0x026E	0x307D      	MOVLW      125
0x026F	0x00FD      	MOVWF      R13
L_show_display14:
0x0270	0x0BFD      	DECFSZ     R13, 1
0x0271	0x2A70      	GOTO       L_show_display14
0x0272	0x0BFC      	DECFSZ     R12, 1
0x0273	0x2A70      	GOTO       L_show_display14
0x0274	0x2050      	CALL       _display_clear
;7segment.h,50 :: 		}
L_show_display12:
L_show_display11:
L_show_display7:
;7segment.h,51 :: 		}
L_end_show_display:
0x0275	0x0008      	RETURN
; end of _show_display
_check_ap:
;ds1307.h,31 :: 		void check_ap(){
;ds1307.h,32 :: 		if(ap & 1){
0x0276	0x1283      	BCF        STATUS, 5
0x0277	0x1303      	BCF        STATUS, 6
0x0278	0x1AA4      	BTFSC      _tmp, 5
0x0279	0x2A7C      	GOTO       L__check_ap65
0x027A	0x1003      	BCF        STATUS, 0
0x027B	0x2A7D      	GOTO       L__check_ap66
L__check_ap65:
0x027C	0x1403      	BSF        STATUS, 0
L__check_ap66:
0x027D	0x1C03      	BTFSS      STATUS, 0
0x027E	0x2A82      	GOTO       L_check_ap2
;ds1307.h,33 :: 		am = 0; pm = 1;
0x027F	0x1005      	BCF        PORTA, 0
0x0280	0x1485      	BSF        PORTA, 1
;ds1307.h,34 :: 		}
0x0281	0x2A84      	GOTO       L_check_ap3
L_check_ap2:
;ds1307.h,36 :: 		am = 1; pm = 0;
0x0282	0x1405      	BSF        PORTA, 0
0x0283	0x1085      	BCF        PORTA, 1
;ds1307.h,37 :: 		}
L_check_ap3:
;ds1307.h,38 :: 		}
L_end_check_ap:
0x0284	0x0008      	RETURN
; end of _check_ap
___CC2DW:
;__Lib_System.c,134 :: 		
;__Lib_System.c,137 :: 		
_CC2D_Loop1:
;__Lib_System.c,139 :: 		
0x0285	0x2049      	CALL       _____DoICP
0x0286	0x118A      	BCF        PCLATH, 3
0x0287	0x120A      	BCF        PCLATH, 4
;__Lib_System.c,141 :: 		
0x0288	0x0080      	MOVWF      INDF
;__Lib_System.c,142 :: 		
0x0289	0x0A84      	INCF       FSR, 1
;__Lib_System.c,143 :: 		
0x028A	0x0AA0      	INCF       ___DoICPAddr, 1
;__Lib_System.c,145 :: 		
0x028B	0x1903      	BTFSC      STATUS, 2
;__Lib_System.c,146 :: 		
0x028C	0x0AA1      	INCF       ___DoICPAddr+1, 1
;__Lib_System.c,147 :: 		
0x028D	0x03F0      	DECF       R0, 1
;__Lib_System.c,149 :: 		
0x028E	0x1D03      	BTFSS      STATUS, 2
;__Lib_System.c,150 :: 		
0x028F	0x2A85      	GOTO       _CC2D_Loop1
;__Lib_System.c,152 :: 		
L_end___CC2DW:
0x0290	0x0008      	RETURN
; end of ___CC2DW
_read_ds1307:
;ds1307.h,9 :: 		unsigned short read_ds1307(unsigned short address){
;ds1307.h,11 :: 		Soft_I2C_Start();
0x0291	0x2109      	CALL       _Soft_I2C_Start
;ds1307.h,12 :: 		Soft_I2C_Write(0xD0);
0x0292	0x30D0      	MOVLW      208
0x0293	0x1283      	BCF        STATUS, 5
0x0294	0x00B1      	MOVWF      FARG_Soft_I2C_Write_data_
0x0295	0x2080      	CALL       _Soft_I2C_Write
;ds1307.h,13 :: 		Soft_I2C_Write(address);
0x0296	0x0829      	MOVF       FARG_read_ds1307_address, 0
0x0297	0x00B1      	MOVWF      FARG_Soft_I2C_Write_data_
0x0298	0x2080      	CALL       _Soft_I2C_Write
;ds1307.h,14 :: 		Soft_I2C_Start();
0x0299	0x2109      	CALL       _Soft_I2C_Start
;ds1307.h,15 :: 		Soft_I2C_Write(0xD1);
0x029A	0x30D1      	MOVLW      209
0x029B	0x1283      	BCF        STATUS, 5
0x029C	0x00B1      	MOVWF      FARG_Soft_I2C_Write_data_
0x029D	0x2080      	CALL       _Soft_I2C_Write
;ds1307.h,16 :: 		r_data=Soft_I2C_Read(0);
0x029E	0x01AB      	CLRF       FARG_Soft_I2C_Read_ack
0x029F	0x01AC      	CLRF       FARG_Soft_I2C_Read_ack+1
0x02A0	0x213F      	CALL       _Soft_I2C_Read
0x02A1	0x0870      	MOVF       R0, 0
0x02A2	0x00AA      	MOVWF      read_ds1307_r_data_L0
;ds1307.h,17 :: 		Soft_I2C_Stop();
0x02A3	0x20EE      	CALL       _Soft_I2C_Stop
;ds1307.h,18 :: 		if(address != 2)r_data = bcd2dec(r_data);
0x02A4	0x1283      	BCF        STATUS, 5
0x02A5	0x0829      	MOVF       FARG_read_ds1307_address, 0
0x02A6	0x3A02      	XORLW      2
0x02A7	0x1903      	BTFSC      STATUS, 2
0x02A8	0x2AAE      	GOTO       L_read_ds13070
0x02A9	0x082A      	MOVF       read_ds1307_r_data_L0, 0
0x02AA	0x00AB      	MOVWF      FARG_Bcd2Dec_bcdnum
0x02AB	0x2190      	CALL       _Bcd2Dec
0x02AC	0x0870      	MOVF       R0, 0
0x02AD	0x00AA      	MOVWF      read_ds1307_r_data_L0
L_read_ds13070:
;ds1307.h,19 :: 		return r_data;
0x02AE	0x082A      	MOVF       read_ds1307_r_data_L0, 0
0x02AF	0x00F0      	MOVWF      R0
;ds1307.h,20 :: 		}
L_end_read_ds1307:
0x02B0	0x0008      	RETURN
; end of _read_ds1307
_pic_init:
;7segment.h,9 :: 		void pic_init(){
;7segment.h,10 :: 		ADCON1 = 0x07; trisa = 0x30;
0x02B1	0x3007      	MOVLW      7
0x02B2	0x1683      	BSF        STATUS, 5
0x02B3	0x1303      	BCF        STATUS, 6
0x02B4	0x009F      	MOVWF      ADCON1
0x02B5	0x3030      	MOVLW      48
0x02B6	0x0085      	MOVWF      TRISA
;7segment.h,11 :: 		trisb = 0x00; portb = 0x00;
0x02B7	0x0186      	CLRF       TRISB
0x02B8	0x1283      	BCF        STATUS, 5
0x02B9	0x0186      	CLRF       PORTB
;7segment.h,12 :: 		trisc = 0xC0; portc = 0x00;
0x02BA	0x30C0      	MOVLW      192
0x02BB	0x1683      	BSF        STATUS, 5
0x02BC	0x0087      	MOVWF      TRISC
0x02BD	0x1283      	BCF        STATUS, 5
0x02BE	0x0187      	CLRF       PORTC
;7segment.h,13 :: 		soft_I2C_Init();
0x02BF	0x211A      	CALL       _Soft_I2C_Init
;7segment.h,15 :: 		}
L_end_pic_init:
0x02C0	0x0008      	RETURN
; end of _pic_init
_default_time:
;simpleRTCclcok.c,16 :: 		void default_time(){
;simpleRTCclcok.c,17 :: 		hh = 0x51;    //PM = 0x61[1] - 0x72[12]
0x02C1	0x3051      	MOVLW      81
0x02C2	0x1283      	BCF        STATUS, 5
0x02C3	0x1303      	BCF        STATUS, 6
0x02C4	0x00A6      	MOVWF      _hh
;simpleRTCclcok.c,19 :: 		mm = 59;
0x02C5	0x303B      	MOVLW      59
0x02C6	0x00A5      	MOVWF      _mm
;simpleRTCclcok.c,20 :: 		ss = 0;
0x02C7	0x01A8      	CLRF       _ss
;simpleRTCclcok.c,21 :: 		write_ds1307(0, ss);
0x02C8	0x01AB      	CLRF       FARG_write_ds1307_address
0x02C9	0x01AC      	CLRF       FARG_write_ds1307_w_data
0x02CA	0x2127      	CALL       _write_ds1307
;simpleRTCclcok.c,22 :: 		write_ds1307(1, mm);
0x02CB	0x3001      	MOVLW      1
0x02CC	0x1283      	BCF        STATUS, 5
0x02CD	0x00AB      	MOVWF      FARG_write_ds1307_address
0x02CE	0x0825      	MOVF       _mm, 0
0x02CF	0x00AC      	MOVWF      FARG_write_ds1307_w_data
0x02D0	0x2127      	CALL       _write_ds1307
;simpleRTCclcok.c,23 :: 		write_ds1307(2, hh);
0x02D1	0x3002      	MOVLW      2
0x02D2	0x1283      	BCF        STATUS, 5
0x02D3	0x00AB      	MOVWF      FARG_write_ds1307_address
0x02D4	0x0826      	MOVF       _hh, 0
0x02D5	0x00AC      	MOVWF      FARG_write_ds1307_w_data
0x02D6	0x2127      	CALL       _write_ds1307
;simpleRTCclcok.c,24 :: 		}
L_end_default_time:
0x02D7	0x0008      	RETURN
; end of _default_time
_calibrate:
;simpleRTCclcok.c,26 :: 		void calibrate(){
;simpleRTCclcok.c,27 :: 		hh = 12; mm = 0; ss = 0; hh_tmp = hh;
0x02D8	0x300C      	MOVLW      12
0x02D9	0x1283      	BCF        STATUS, 5
0x02DA	0x1303      	BCF        STATUS, 6
0x02DB	0x00A6      	MOVWF      _hh
0x02DC	0x01A5      	CLRF       _mm
0x02DD	0x01A8      	CLRF       _ss
0x02DE	0x300C      	MOVLW      12
0x02DF	0x00A7      	MOVWF      _hh_tmp
;simpleRTCclcok.c,28 :: 		delay_ms(500);
0x02E0	0x300D      	MOVLW      13
0x02E1	0x00FB      	MOVWF      R11
0x02E2	0x30AF      	MOVLW      175
0x02E3	0x00FC      	MOVWF      R12
0x02E4	0x30B6      	MOVLW      182
0x02E5	0x00FD      	MOVWF      R13
L_calibrate15:
0x02E6	0x0BFD      	DECFSZ     R13, 1
0x02E7	0x2AE6      	GOTO       L_calibrate15
0x02E8	0x0BFC      	DECFSZ     R12, 1
0x02E9	0x2AE6      	GOTO       L_calibrate15
0x02EA	0x0BFB      	DECFSZ     R11, 1
0x02EB	0x2AE6      	GOTO       L_calibrate15
0x02EC	0x0000      	NOP
;simpleRTCclcok.c,30 :: 		hour:
___calibrate_hour:
;simpleRTCclcok.c,31 :: 		for(delay=0;delay<100;delay++){
0x02ED	0x01A2      	CLRF       _delay
L_calibrate18:
0x02EE	0x3080      	MOVLW      128
0x02EF	0x0622      	XORWF      _delay, 0
0x02F0	0x00F0      	MOVWF      R0
0x02F1	0x3080      	MOVLW      128
0x02F2	0x3A64      	XORLW      100
0x02F3	0x0270      	SUBWF      R0, 0
0x02F4	0x1803      	BTFSC      STATUS, 0
0x02F5	0x2B07      	GOTO       L_calibrate19
;simpleRTCclcok.c,32 :: 		show_display('H', hh);
0x02F6	0x3048      	MOVLW      72
0x02F7	0x00AB      	MOVWF      FARG_show_display_y
0x02F8	0x0826      	MOVF       _hh, 0
0x02F9	0x00AC      	MOVWF      FARG_show_display_x
0x02FA	0x21A5      	CALL       _show_display
;simpleRTCclcok.c,33 :: 		show_display('M', mm);
0x02FB	0x304D      	MOVLW      77
0x02FC	0x00AB      	MOVWF      FARG_show_display_y
0x02FD	0x0825      	MOVF       _mm, 0
0x02FE	0x00AC      	MOVWF      FARG_show_display_x
0x02FF	0x21A5      	CALL       _show_display
;simpleRTCclcok.c,34 :: 		show_display('S', ss);
0x0300	0x3053      	MOVLW      83
0x0301	0x00AB      	MOVWF      FARG_show_display_y
0x0302	0x0828      	MOVF       _ss, 0
0x0303	0x00AC      	MOVWF      FARG_show_display_x
0x0304	0x21A5      	CALL       _show_display
;simpleRTCclcok.c,31 :: 		for(delay=0;delay<100;delay++){
0x0305	0x0AA2      	INCF       _delay, 1
;simpleRTCclcok.c,35 :: 		}
0x0306	0x2AEE      	GOTO       L_calibrate18
L_calibrate19:
;simpleRTCclcok.c,36 :: 		for(delay=0;delay<100;delay++){
0x0307	0x01A2      	CLRF       _delay
L_calibrate21:
0x0308	0x3080      	MOVLW      128
0x0309	0x0622      	XORWF      _delay, 0
0x030A	0x00F0      	MOVWF      R0
0x030B	0x3080      	MOVLW      128
0x030C	0x3A64      	XORLW      100
0x030D	0x0270      	SUBWF      R0, 0
0x030E	0x1803      	BTFSC      STATUS, 0
0x030F	0x2B53      	GOTO       L_calibrate22
;simpleRTCclcok.c,37 :: 		if(hh > 12)hh = 1; if(hh < 1)hh = 12;
0x0310	0x0826      	MOVF       _hh, 0
0x0311	0x3C0C      	SUBLW      12
0x0312	0x1803      	BTFSC      STATUS, 0
0x0313	0x2B16      	GOTO       L_calibrate24
0x0314	0x3001      	MOVLW      1
0x0315	0x00A6      	MOVWF      _hh
L_calibrate24:
0x0316	0x3001      	MOVLW      1
0x0317	0x0226      	SUBWF      _hh, 0
0x0318	0x1803      	BTFSC      STATUS, 0
0x0319	0x2B1C      	GOTO       L_calibrate25
0x031A	0x300C      	MOVLW      12
0x031B	0x00A6      	MOVWF      _hh
L_calibrate25:
;simpleRTCclcok.c,38 :: 		if(up){hh += 1; hh_tmp += 1; break;}
0x031C	0x1F07      	BTFSS      PORTC, 6
0x031D	0x2B21      	GOTO       L_calibrate26
0x031E	0x0AA6      	INCF       _hh, 1
0x031F	0x0AA7      	INCF       _hh_tmp, 1
0x0320	0x2B53      	GOTO       L_calibrate22
L_calibrate26:
;simpleRTCclcok.c,39 :: 		if(down){hh -= 1; hh_tmp -= 1; break;}
0x0321	0x1F87      	BTFSS      PORTC, 7
0x0322	0x2B26      	GOTO       L_calibrate27
0x0323	0x03A6      	DECF       _hh, 1
0x0324	0x03A7      	DECF       _hh_tmp, 1
0x0325	0x2B53      	GOTO       L_calibrate22
L_calibrate27:
;simpleRTCclcok.c,40 :: 		if(hh_tmp > 24)hh_tmp = 1;
0x0326	0x0827      	MOVF       _hh_tmp, 0
0x0327	0x3C18      	SUBLW      24
0x0328	0x1803      	BTFSC      STATUS, 0
0x0329	0x2B2C      	GOTO       L_calibrate28
0x032A	0x3001      	MOVLW      1
0x032B	0x00A7      	MOVWF      _hh_tmp
L_calibrate28:
;simpleRTCclcok.c,41 :: 		if(hh_tmp < 1)hh_tmp = 24;
0x032C	0x3001      	MOVLW      1
0x032D	0x0227      	SUBWF      _hh_tmp, 0
0x032E	0x1803      	BTFSC      STATUS, 0
0x032F	0x2B32      	GOTO       L_calibrate29
0x0330	0x3018      	MOVLW      24
0x0331	0x00A7      	MOVWF      _hh_tmp
L_calibrate29:
;simpleRTCclcok.c,42 :: 		if(hh_tmp > 11 & hh_tmp < 24){am=1; pm=0;}
0x0332	0x0827      	MOVF       _hh_tmp, 0
0x0333	0x3C0B      	SUBLW      11
0x0334	0x3001      	MOVLW      1
0x0335	0x1803      	BTFSC      STATUS, 0
0x0336	0x3000      	MOVLW      0
0x0337	0x00F1      	MOVWF      R1
0x0338	0x3018      	MOVLW      24
0x0339	0x0227      	SUBWF      _hh_tmp, 0
0x033A	0x3001      	MOVLW      1
0x033B	0x1803      	BTFSC      STATUS, 0
0x033C	0x3000      	MOVLW      0
0x033D	0x00F0      	MOVWF      R0
0x033E	0x0871      	MOVF       R1, 0
0x033F	0x05F0      	ANDWF      R0, 1
0x0340	0x1903      	BTFSC      STATUS, 2
0x0341	0x2B45      	GOTO       L_calibrate30
0x0342	0x1405      	BSF        PORTA, 0
0x0343	0x1085      	BCF        PORTA, 1
0x0344	0x2B47      	GOTO       L_calibrate31
L_calibrate30:
;simpleRTCclcok.c,43 :: 		else{am=0; pm=1;}
0x0345	0x1005      	BCF        PORTA, 0
0x0346	0x1485      	BSF        PORTA, 1
L_calibrate31:
;simpleRTCclcok.c,44 :: 		show_display('M', mm);
0x0347	0x304D      	MOVLW      77
0x0348	0x00AB      	MOVWF      FARG_show_display_y
0x0349	0x0825      	MOVF       _mm, 0
0x034A	0x00AC      	MOVWF      FARG_show_display_x
0x034B	0x21A5      	CALL       _show_display
;simpleRTCclcok.c,45 :: 		show_display('S', ss);
0x034C	0x3053      	MOVLW      83
0x034D	0x00AB      	MOVWF      FARG_show_display_y
0x034E	0x0828      	MOVF       _ss, 0
0x034F	0x00AC      	MOVWF      FARG_show_display_x
0x0350	0x21A5      	CALL       _show_display
;simpleRTCclcok.c,36 :: 		for(delay=0;delay<100;delay++){
0x0351	0x0AA2      	INCF       _delay, 1
;simpleRTCclcok.c,46 :: 		}
0x0352	0x2B08      	GOTO       L_calibrate21
L_calibrate22:
;simpleRTCclcok.c,47 :: 		if(select)goto minute;
0x0353	0x1E85      	BTFSS      PORTA, 5
0x0354	0x2B56      	GOTO       L_calibrate32
0x0355	0x2B57      	GOTO       ___calibrate_minute
L_calibrate32:
;simpleRTCclcok.c,48 :: 		goto hour;
0x0356	0x2AED      	GOTO       ___calibrate_hour
;simpleRTCclcok.c,49 :: 		minute:
___calibrate_minute:
;simpleRTCclcok.c,50 :: 		for(delay=0;delay<100;delay++){
0x0357	0x01A2      	CLRF       _delay
L_calibrate33:
0x0358	0x3080      	MOVLW      128
0x0359	0x0622      	XORWF      _delay, 0
0x035A	0x00F0      	MOVWF      R0
0x035B	0x3080      	MOVLW      128
0x035C	0x3A64      	XORLW      100
0x035D	0x0270      	SUBWF      R0, 0
0x035E	0x1803      	BTFSC      STATUS, 0
0x035F	0x2B71      	GOTO       L_calibrate34
;simpleRTCclcok.c,51 :: 		show_display('H', hh);
0x0360	0x3048      	MOVLW      72
0x0361	0x00AB      	MOVWF      FARG_show_display_y
0x0362	0x0826      	MOVF       _hh, 0
0x0363	0x00AC      	MOVWF      FARG_show_display_x
0x0364	0x21A5      	CALL       _show_display
;simpleRTCclcok.c,52 :: 		show_display('M', mm);
0x0365	0x304D      	MOVLW      77
0x0366	0x00AB      	MOVWF      FARG_show_display_y
0x0367	0x0825      	MOVF       _mm, 0
0x0368	0x00AC      	MOVWF      FARG_show_display_x
0x0369	0x21A5      	CALL       _show_display
;simpleRTCclcok.c,53 :: 		show_display('S', ss);
0x036A	0x3053      	MOVLW      83
0x036B	0x00AB      	MOVWF      FARG_show_display_y
0x036C	0x0828      	MOVF       _ss, 0
0x036D	0x00AC      	MOVWF      FARG_show_display_x
0x036E	0x21A5      	CALL       _show_display
;simpleRTCclcok.c,50 :: 		for(delay=0;delay<100;delay++){
0x036F	0x0AA2      	INCF       _delay, 1
;simpleRTCclcok.c,54 :: 		}
0x0370	0x2B58      	GOTO       L_calibrate33
L_calibrate34:
;simpleRTCclcok.c,55 :: 		for(delay=0;delay<100;delay++){
0x0371	0x01A2      	CLRF       _delay
L_calibrate36:
0x0372	0x3080      	MOVLW      128
0x0373	0x0622      	XORWF      _delay, 0
0x0374	0x00F0      	MOVWF      R0
0x0375	0x3080      	MOVLW      128
0x0376	0x3A64      	XORLW      100
0x0377	0x0270      	SUBWF      R0, 0
0x0378	0x1803      	BTFSC      STATUS, 0
0x0379	0x2B99      	GOTO       L_calibrate37
;simpleRTCclcok.c,56 :: 		if(up){mm += 1; break;}
0x037A	0x1F07      	BTFSS      PORTC, 6
0x037B	0x2B7E      	GOTO       L_calibrate39
0x037C	0x0AA5      	INCF       _mm, 1
0x037D	0x2B99      	GOTO       L_calibrate37
L_calibrate39:
;simpleRTCclcok.c,57 :: 		if(down){mm -= 1; break;}
0x037E	0x1F87      	BTFSS      PORTC, 7
0x037F	0x2B82      	GOTO       L_calibrate40
0x0380	0x03A5      	DECF       _mm, 1
0x0381	0x2B99      	GOTO       L_calibrate37
L_calibrate40:
;simpleRTCclcok.c,58 :: 		if(mm > 60)mm = 0; if(mm < 0)mm = 59;
0x0382	0x0825      	MOVF       _mm, 0
0x0383	0x3C3C      	SUBLW      60
0x0384	0x1803      	BTFSC      STATUS, 0
0x0385	0x2B87      	GOTO       L_calibrate41
0x0386	0x01A5      	CLRF       _mm
L_calibrate41:
0x0387	0x3000      	MOVLW      0
0x0388	0x0225      	SUBWF      _mm, 0
0x0389	0x1803      	BTFSC      STATUS, 0
0x038A	0x2B8D      	GOTO       L_calibrate42
0x038B	0x303B      	MOVLW      59
0x038C	0x00A5      	MOVWF      _mm
L_calibrate42:
;simpleRTCclcok.c,59 :: 		show_display('H', hh);
0x038D	0x3048      	MOVLW      72
0x038E	0x00AB      	MOVWF      FARG_show_display_y
0x038F	0x0826      	MOVF       _hh, 0
0x0390	0x00AC      	MOVWF      FARG_show_display_x
0x0391	0x21A5      	CALL       _show_display
;simpleRTCclcok.c,60 :: 		show_display('S', ss);
0x0392	0x3053      	MOVLW      83
0x0393	0x00AB      	MOVWF      FARG_show_display_y
0x0394	0x0828      	MOVF       _ss, 0
0x0395	0x00AC      	MOVWF      FARG_show_display_x
0x0396	0x21A5      	CALL       _show_display
;simpleRTCclcok.c,55 :: 		for(delay=0;delay<100;delay++){
0x0397	0x0AA2      	INCF       _delay, 1
;simpleRTCclcok.c,61 :: 		}
0x0398	0x2B72      	GOTO       L_calibrate36
L_calibrate37:
;simpleRTCclcok.c,62 :: 		if(select)goto second;
0x0399	0x1E85      	BTFSS      PORTA, 5
0x039A	0x2B9C      	GOTO       L_calibrate43
0x039B	0x2B9D      	GOTO       ___calibrate_second
L_calibrate43:
;simpleRTCclcok.c,63 :: 		goto minute;
0x039C	0x2B57      	GOTO       ___calibrate_minute
;simpleRTCclcok.c,64 :: 		second:
___calibrate_second:
;simpleRTCclcok.c,65 :: 		for(delay=0;delay<100;delay++){
0x039D	0x01A2      	CLRF       _delay
L_calibrate44:
0x039E	0x3080      	MOVLW      128
0x039F	0x0622      	XORWF      _delay, 0
0x03A0	0x00F0      	MOVWF      R0
0x03A1	0x3080      	MOVLW      128
0x03A2	0x3A64      	XORLW      100
0x03A3	0x0270      	SUBWF      R0, 0
0x03A4	0x1803      	BTFSC      STATUS, 0
0x03A5	0x2BB7      	GOTO       L_calibrate45
;simpleRTCclcok.c,66 :: 		show_display('H', hh);
0x03A6	0x3048      	MOVLW      72
0x03A7	0x00AB      	MOVWF      FARG_show_display_y
0x03A8	0x0826      	MOVF       _hh, 0
0x03A9	0x00AC      	MOVWF      FARG_show_display_x
0x03AA	0x21A5      	CALL       _show_display
;simpleRTCclcok.c,67 :: 		show_display('M', mm);
0x03AB	0x304D      	MOVLW      77
0x03AC	0x00AB      	MOVWF      FARG_show_display_y
0x03AD	0x0825      	MOVF       _mm, 0
0x03AE	0x00AC      	MOVWF      FARG_show_display_x
0x03AF	0x21A5      	CALL       _show_display
;simpleRTCclcok.c,68 :: 		show_display('S', ss);
0x03B0	0x3053      	MOVLW      83
0x03B1	0x00AB      	MOVWF      FARG_show_display_y
0x03B2	0x0828      	MOVF       _ss, 0
0x03B3	0x00AC      	MOVWF      FARG_show_display_x
0x03B4	0x21A5      	CALL       _show_display
;simpleRTCclcok.c,65 :: 		for(delay=0;delay<100;delay++){
0x03B5	0x0AA2      	INCF       _delay, 1
;simpleRTCclcok.c,69 :: 		}
0x03B6	0x2B9E      	GOTO       L_calibrate44
L_calibrate45:
;simpleRTCclcok.c,70 :: 		for(delay=0;delay<100;delay++){
0x03B7	0x01A2      	CLRF       _delay
L_calibrate47:
0x03B8	0x3080      	MOVLW      128
0x03B9	0x0622      	XORWF      _delay, 0
0x03BA	0x00F0      	MOVWF      R0
0x03BB	0x3080      	MOVLW      128
0x03BC	0x3A64      	XORLW      100
0x03BD	0x0270      	SUBWF      R0, 0
0x03BE	0x1803      	BTFSC      STATUS, 0
0x03BF	0x2BDF      	GOTO       L_calibrate48
;simpleRTCclcok.c,71 :: 		if(up){ss += 1; break;}
0x03C0	0x1F07      	BTFSS      PORTC, 6
0x03C1	0x2BC4      	GOTO       L_calibrate50
0x03C2	0x0AA8      	INCF       _ss, 1
0x03C3	0x2BDF      	GOTO       L_calibrate48
L_calibrate50:
;simpleRTCclcok.c,72 :: 		if(down){ss -= 1; break;}
0x03C4	0x1F87      	BTFSS      PORTC, 7
0x03C5	0x2BC8      	GOTO       L_calibrate51
0x03C6	0x03A8      	DECF       _ss, 1
0x03C7	0x2BDF      	GOTO       L_calibrate48
L_calibrate51:
;simpleRTCclcok.c,73 :: 		if(ss > 60)ss = 0; if(ss < 0)ss = 59;
0x03C8	0x0828      	MOVF       _ss, 0
0x03C9	0x3C3C      	SUBLW      60
0x03CA	0x1803      	BTFSC      STATUS, 0
0x03CB	0x2BCD      	GOTO       L_calibrate52
0x03CC	0x01A8      	CLRF       _ss
L_calibrate52:
0x03CD	0x3000      	MOVLW      0
0x03CE	0x0228      	SUBWF      _ss, 0
0x03CF	0x1803      	BTFSC      STATUS, 0
0x03D0	0x2BD3      	GOTO       L_calibrate53
0x03D1	0x303B      	MOVLW      59
0x03D2	0x00A8      	MOVWF      _ss
L_calibrate53:
;simpleRTCclcok.c,74 :: 		show_display('H', hh);
0x03D3	0x3048      	MOVLW      72
0x03D4	0x00AB      	MOVWF      FARG_show_display_y
0x03D5	0x0826      	MOVF       _hh, 0
0x03D6	0x00AC      	MOVWF      FARG_show_display_x
0x03D7	0x21A5      	CALL       _show_display
;simpleRTCclcok.c,75 :: 		show_display('M', mm);
0x03D8	0x304D      	MOVLW      77
0x03D9	0x00AB      	MOVWF      FARG_show_display_y
0x03DA	0x0825      	MOVF       _mm, 0
0x03DB	0x00AC      	MOVWF      FARG_show_display_x
0x03DC	0x21A5      	CALL       _show_display
;simpleRTCclcok.c,70 :: 		for(delay=0;delay<100;delay++){
0x03DD	0x0AA2      	INCF       _delay, 1
;simpleRTCclcok.c,76 :: 		}
0x03DE	0x2BB8      	GOTO       L_calibrate47
L_calibrate48:
;simpleRTCclcok.c,77 :: 		if(select)goto write_data;
0x03DF	0x1E85      	BTFSS      PORTA, 5
0x03E0	0x2BE2      	GOTO       L_calibrate54
0x03E1	0x2BE3      	GOTO       ___calibrate_write_data
L_calibrate54:
;simpleRTCclcok.c,78 :: 		goto second;
0x03E2	0x2B9D      	GOTO       ___calibrate_second
;simpleRTCclcok.c,79 :: 		write_data:
___calibrate_write_data:
;simpleRTCclcok.c,80 :: 		hh = hh_code[hh_tmp - 1];
0x03E3	0x3001      	MOVLW      1
0x03E4	0x0227      	SUBWF      _hh_tmp, 0
0x03E5	0x00F0      	MOVWF      R0
0x03E6	0x01F1      	CLRF       R0+1
0x03E7	0x1C03      	BTFSS      STATUS, 0
0x03E8	0x03F1      	DECF       R0+1, 1
0x03E9	0x3046      	MOVLW      _hh_code
0x03EA	0x07F0      	ADDWF      R0, 1
0x03EB	0x3004      	MOVLW      hi_addr(_hh_code)
0x03EC	0x1803      	BTFSC      STATUS, 0
0x03ED	0x3E01      	ADDLW      1
0x03EE	0x07F1      	ADDWF      R0+1, 1
0x03EF	0x0870      	MOVF       R0, 0
0x03F0	0x00A0      	MOVWF      ___DoICPAddr
0x03F1	0x0871      	MOVF       R0+1, 0
0x03F2	0x00A1      	MOVWF      ___DoICPAddr+1
0x03F3	0x2049      	CALL       _____DoICP
0x03F4	0x118A      	BCF        PCLATH, 3
0x03F5	0x120A      	BCF        PCLATH, 4
0x03F6	0x00F0      	MOVWF      R0
0x03F7	0x0870      	MOVF       R0, 0
0x03F8	0x00A6      	MOVWF      _hh
;simpleRTCclcok.c,81 :: 		write_ds1307(2, hh);
0x03F9	0x3002      	MOVLW      2
0x03FA	0x00AB      	MOVWF      FARG_write_ds1307_address
0x03FB	0x0870      	MOVF       R0, 0
0x03FC	0x00AC      	MOVWF      FARG_write_ds1307_w_data
0x03FD	0x2127      	CALL       _write_ds1307
;simpleRTCclcok.c,82 :: 		write_ds1307(1, mm);
0x03FE	0x3001      	MOVLW      1
0x03FF	0x1283      	BCF        STATUS, 5
0x0400	0x00AB      	MOVWF      FARG_write_ds1307_address
0x0401	0x0825      	MOVF       _mm, 0
0x0402	0x00AC      	MOVWF      FARG_write_ds1307_w_data
0x0403	0x2127      	CALL       _write_ds1307
;simpleRTCclcok.c,83 :: 		write_ds1307(0, ss);
0x0404	0x1283      	BCF        STATUS, 5
0x0405	0x01AB      	CLRF       FARG_write_ds1307_address
0x0406	0x0828      	MOVF       _ss, 0
0x0407	0x00AC      	MOVWF      FARG_write_ds1307_w_data
0x0408	0x2127      	CALL       _write_ds1307
;simpleRTCclcok.c,85 :: 		}
L_calibrate17:
;simpleRTCclcok.c,86 :: 		}
L_end_calibrate:
0x0409	0x0008      	RETURN
; end of _calibrate
_main:
;simpleRTCclcok.c,88 :: 		void main() {
;simpleRTCclcok.c,89 :: 		pic_init();
0x040A	0x22B1      	CALL       _pic_init
;simpleRTCclcok.c,90 :: 		default_time();
0x040B	0x22C1      	CALL       _default_time
;simpleRTCclcok.c,92 :: 		while(1){
L_main55:
;simpleRTCclcok.c,93 :: 		ss = read_ds1307(0);
0x040C	0x1283      	BCF        STATUS, 5
0x040D	0x01A9      	CLRF       FARG_read_ds1307_address
0x040E	0x2291      	CALL       _read_ds1307
0x040F	0x0870      	MOVF       R0, 0
0x0410	0x00A8      	MOVWF      _ss
;simpleRTCclcok.c,94 :: 		mm = read_ds1307(1);
0x0411	0x3001      	MOVLW      1
0x0412	0x00A9      	MOVWF      FARG_read_ds1307_address
0x0413	0x2291      	CALL       _read_ds1307
0x0414	0x0870      	MOVF       R0, 0
0x0415	0x00A5      	MOVWF      _mm
;simpleRTCclcok.c,95 :: 		tmp = read_ds1307(2);
0x0416	0x3002      	MOVLW      2
0x0417	0x00A9      	MOVWF      FARG_read_ds1307_address
0x0418	0x2291      	CALL       _read_ds1307
0x0419	0x0870      	MOVF       R0, 0
0x041A	0x00A4      	MOVWF      _tmp
;simpleRTCclcok.c,96 :: 		hh = tmp & 0b00011111;
0x041B	0x301F      	MOVLW      31
0x041C	0x0570      	ANDWF      R0, 0
0x041D	0x00F1      	MOVWF      R1
0x041E	0x0871      	MOVF       R1, 0
0x041F	0x00A6      	MOVWF      _hh
;simpleRTCclcok.c,97 :: 		if(hh > 9) hh-=6;
0x0420	0x0871      	MOVF       R1, 0
0x0421	0x3C09      	SUBLW      9
0x0422	0x1803      	BTFSC      STATUS, 0
0x0423	0x2C26      	GOTO       L_main57
0x0424	0x3006      	MOVLW      6
0x0425	0x02A6      	SUBWF      _hh, 1
L_main57:
;simpleRTCclcok.c,98 :: 		check_ap();
0x0426	0x2276      	CALL       _check_ap
;simpleRTCclcok.c,99 :: 		for(delay=0;delay<20;delay++){
0x0427	0x01A2      	CLRF       _delay
L_main58:
0x0428	0x3080      	MOVLW      128
0x0429	0x0622      	XORWF      _delay, 0
0x042A	0x00F0      	MOVWF      R0
0x042B	0x3080      	MOVLW      128
0x042C	0x3A14      	XORLW      20
0x042D	0x0270      	SUBWF      R0, 0
0x042E	0x1803      	BTFSC      STATUS, 0
0x042F	0x2C41      	GOTO       L_main59
;simpleRTCclcok.c,100 :: 		show_display('H', hh);
0x0430	0x3048      	MOVLW      72
0x0431	0x00AB      	MOVWF      FARG_show_display_y
0x0432	0x0826      	MOVF       _hh, 0
0x0433	0x00AC      	MOVWF      FARG_show_display_x
0x0434	0x21A5      	CALL       _show_display
;simpleRTCclcok.c,101 :: 		show_display('M', mm);
0x0435	0x304D      	MOVLW      77
0x0436	0x00AB      	MOVWF      FARG_show_display_y
0x0437	0x0825      	MOVF       _mm, 0
0x0438	0x00AC      	MOVWF      FARG_show_display_x
0x0439	0x21A5      	CALL       _show_display
;simpleRTCclcok.c,102 :: 		show_display('S', ss);
0x043A	0x3053      	MOVLW      83
0x043B	0x00AB      	MOVWF      FARG_show_display_y
0x043C	0x0828      	MOVF       _ss, 0
0x043D	0x00AC      	MOVWF      FARG_show_display_x
0x043E	0x21A5      	CALL       _show_display
;simpleRTCclcok.c,99 :: 		for(delay=0;delay<20;delay++){
0x043F	0x0AA2      	INCF       _delay, 1
;simpleRTCclcok.c,103 :: 		}
0x0440	0x2C28      	GOTO       L_main58
L_main59:
;simpleRTCclcok.c,104 :: 		if(setup)calibrate();
0x0441	0x1E05      	BTFSS      PORTA, 4
0x0442	0x2C44      	GOTO       L_main61
0x0443	0x22D8      	CALL       _calibrate
L_main61:
;simpleRTCclcok.c,105 :: 		}
0x0444	0x2C0C      	GOTO       L_main55
;simpleRTCclcok.c,106 :: 		}
L_end_main:
0x0445	0x2C45      	GOTO       $+0
; end of _main
;simpleRTCclcok.c,13 :: _hh_code
0x0446	0x3461 ;_hh_code+0
0x0447	0x3462 ;_hh_code+1
0x0448	0x3463 ;_hh_code+2
0x0449	0x3464 ;_hh_code+3
0x044A	0x3465 ;_hh_code+4
0x044B	0x3466 ;_hh_code+5
0x044C	0x3467 ;_hh_code+6
0x044D	0x3468 ;_hh_code+7
0x044E	0x3469 ;_hh_code+8
0x044F	0x3470 ;_hh_code+9
0x0450	0x3471 ;_hh_code+10
0x0451	0x3472 ;_hh_code+11
0x0452	0x3441 ;_hh_code+12
0x0453	0x3442 ;_hh_code+13
0x0454	0x3443 ;_hh_code+14
0x0455	0x3444 ;_hh_code+15
0x0456	0x3445 ;_hh_code+16
0x0457	0x3446 ;_hh_code+17
0x0458	0x3447 ;_hh_code+18
0x0459	0x3448 ;_hh_code+19
0x045A	0x3449 ;_hh_code+20
0x045B	0x3450 ;_hh_code+21
0x045C	0x3451 ;_hh_code+22
0x045D	0x3452 ;_hh_code+23
; end of _hh_code
;simpleRTCclcok.c,18 :: _anode
0x045E	0x34C0 ;_anode+0
0x045F	0x34F9 ;_anode+1
0x0460	0x34A4 ;_anode+2
0x0461	0x34B0 ;_anode+3
0x0462	0x3499 ;_anode+4
0x0463	0x3492 ;_anode+5
0x0464	0x3482 ;_anode+6
0x0465	0x34F8 ;_anode+7
0x0466	0x3480 ;_anode+8
0x0467	0x3490 ;_anode+9
; end of _anode
Symbol List:
//** Routines locations **
//ADDRESS    SIZE    PROCEDURE
//----------------------------------------------
0x0003      [11]    __Lib_SoftI2C_PutZerosToLATScl
0x000E      [17]    _Div_8X8_U
0x001F       [6]    _Delay_1us
0x0025      [11]    __Lib_SoftI2C_PutZerosToLATSda
0x0030      [25]    _Mul_8X8_U
0x0049       [7]    _____DoICP
0x0050       [9]    _display_clear
0x0059      [39]    _Dec2Bcd
0x0080     [110]    _Soft_I2C_Write
0x00EE      [27]    _Soft_I2C_Stop
0x0109      [17]    _Soft_I2C_Start
0x011A      [13]    _Soft_I2C_Init
0x0127      [24]    _write_ds1307
0x013F      [81]    _Soft_I2C_Read
0x0190      [21]    _Bcd2Dec
0x01A5     [209]    _show_display
0x0276      [15]    _check_ap
0x0285      [12]    ___CC2DW
0x0291      [32]    _read_ds1307
0x02B1      [16]    _pic_init
0x02C1      [23]    _default_time
0x02D8     [306]    _calibrate
0x040A      [60]    _main
//** Variables locations ** 
//ADDRESS    SIZE    VARIABLE
//----------------------------------------------
0x0000       [1]    INDF
0x0002       [1]    PCL
0x0003       [1]    STATUS
0x0004       [1]    FSR
0x0005       [1]    PORTA
0x0005       [0]    Soft_I2C_Sda
0x0005       [0]    RA3_bit
0x0005       [0]    RA2_bit
0x0005       [0]    Soft_I2C_Scl
0x0006       [1]    PORTB
0x0007       [1]    PORTC
0x000A       [1]    PCLATH
0x0020       [2]    ___DoICPAddr
0x0022       [1]    _delay
0x0023       [0]    __Lib_SoftI2C___StopWaiting
0x0024       [0]    _ap
0x0024       [1]    _tmp
0x0025       [1]    _mm
0x0026       [1]    _hh
0x0027       [1]    _hh_tmp
0x0028       [1]    _ss
0x0029       [1]    FARG_read_ds1307_address
0x002A       [1]    read_ds1307_r_data_L0
0x002B       [1]    FARG_show_display_y
0x002B       [2]    FARG_Soft_I2C_Read_ack
0x002B       [1]    FARG_Bcd2Dec_bcdnum
0x002B       [1]    FARG_write_ds1307_address
0x002C       [1]    FARG_show_display_x
0x002C       [1]    FARG_write_ds1307_w_data
0x002D       [2]    Soft_I2C_Read_result_L0
0x002F       [2]    Soft_I2C_Read_temp_L0
0x0031       [1]    FARG_Soft_I2C_Write_data_
0x0031       [1]    FARG_Dec2Bcd_decnum
0x0032       [1]    Dec2Bcd_tmp_L0
0x0032       [2]    Soft_I2C_Write_temp_L0
0x0034       [2]    Soft_I2C_Write_result_L0
0x0070       [1]    R0
0x0071       [1]    R1
0x0072       [1]    R2
0x0073       [1]    R3
0x0074       [1]    R4
0x0075       [1]    R5
0x0076       [1]    R6
0x0077       [1]    R7
0x0078       [1]    R8
0x0079       [1]    R9
0x007A       [1]    R10
0x007B       [1]    R11
0x007C       [1]    R12
0x007D       [1]    R13
0x007E       [1]    R14
0x007F       [1]    R15
0x0085       [0]    TRISA2_bit
0x0085       [1]    TRISA
0x0085       [0]    Soft_I2C_Scl_Direction
0x0085       [0]    Soft_I2C_Sda_Direction
0x0085       [0]    TRISA3_bit
0x0086       [1]    TRISB
0x0087       [1]    TRISC
0x009F       [1]    ADCON1
//** Constants locations ** 
//ADDRESS    SIZE    CONSTANT
//----------------------------------------------
0x0446      [24]    _hh_code
0x045E      [10]    _anode
