;  LST file generated by mikroListExporter - v.2.0 
; Date/Time: 21-Sep-17 1:37:54 PM
;----------------------------------------------

;Address Opcode 	ASM
0x0000	0x2C4B      	GOTO       1099
_Delay_1us:
;__Lib_Delays.c,7 :: 		void Delay_1us() {
;__Lib_Delays.c,8 :: 		Delay_us(1);
0x0003	0x0000      	NOP
0x0004	0x0000      	NOP
0x0005	0x0000      	NOP
0x0006	0x0000      	NOP
0x0007	0x0000      	NOP
;__Lib_Delays.c,9 :: 		}
L_end_Delay_1us:
0x0008	0x0008      	RETURN
; end of _Delay_1us
_Delay_5500us:
;__Lib_Delays.c,31 :: 		void Delay_5500us() {
;__Lib_Delays.c,32 :: 		Delay_us(5500);
0x0009	0x3024      	MOVLW      36
0x000A	0x1283      	BCF        STATUS, 5
0x000B	0x1303      	BCF        STATUS, 6
0x000C	0x00FC      	MOVWF      R12
0x000D	0x30B5      	MOVLW      181
0x000E	0x00FD      	MOVWF      R13
L_Delay_5500us5:
0x000F	0x0BFD      	DECFSZ     R13, 1
0x0010	0x280F      	GOTO       L_Delay_5500us5
0x0011	0x0BFC      	DECFSZ     R12, 1
0x0012	0x280F      	GOTO       L_Delay_5500us5
0x0013	0x0000      	NOP
0x0014	0x0000      	NOP
;__Lib_Delays.c,33 :: 		}
L_end_Delay_5500us:
0x0015	0x0008      	RETURN
; end of _Delay_5500us
_Delay_50us:
;__Lib_Delays.c,19 :: 		void Delay_50us() {
;__Lib_Delays.c,20 :: 		Delay_us(50);
0x0016	0x3053      	MOVLW      83
0x0017	0x1283      	BCF        STATUS, 5
0x0018	0x1303      	BCF        STATUS, 6
0x0019	0x00FD      	MOVWF      R13
L_Delay_50us2:
0x001A	0x0BFD      	DECFSZ     R13, 1
0x001B	0x281A      	GOTO       L_Delay_50us2
;__Lib_Delays.c,21 :: 		}
L_end_Delay_50us:
0x001C	0x0008      	RETURN
; end of _Delay_50us
_Lcd_Cmd:
;__Lib_Lcd.c,18 :: 		
;__Lib_Lcd.c,20 :: 		
0x001D	0x1683      	BSF        STATUS, 5
0x001E	0x1303      	BCF        STATUS, 6
0x001F	0x1BA8      	BTFSC      FARG_Lcd_Cmd_out_char, 7
0x0020	0x2824      	GOTO       L__Lcd_Cmd21
0x0021	0x1283      	BCF        STATUS, 5
0x0022	0x1386      	BCF        LCD_D7, BitPos(LCD_D7+0)
0x0023	0x2826      	GOTO       L__Lcd_Cmd22
L__Lcd_Cmd21:
0x0024	0x1283      	BCF        STATUS, 5
0x0025	0x1786      	BSF        LCD_D7, BitPos(LCD_D7+0)
L__Lcd_Cmd22:
;__Lib_Lcd.c,21 :: 		
0x0026	0x1683      	BSF        STATUS, 5
0x0027	0x1B28      	BTFSC      FARG_Lcd_Cmd_out_char, 6
0x0028	0x282C      	GOTO       L__Lcd_Cmd23
0x0029	0x1283      	BCF        STATUS, 5
0x002A	0x1306      	BCF        LCD_D6, BitPos(LCD_D6+0)
0x002B	0x282E      	GOTO       L__Lcd_Cmd24
L__Lcd_Cmd23:
0x002C	0x1283      	BCF        STATUS, 5
0x002D	0x1706      	BSF        LCD_D6, BitPos(LCD_D6+0)
L__Lcd_Cmd24:
;__Lib_Lcd.c,22 :: 		
0x002E	0x1683      	BSF        STATUS, 5
0x002F	0x1AA8      	BTFSC      FARG_Lcd_Cmd_out_char, 5
0x0030	0x2834      	GOTO       L__Lcd_Cmd25
0x0031	0x1283      	BCF        STATUS, 5
0x0032	0x1286      	BCF        LCD_D5, BitPos(LCD_D5+0)
0x0033	0x2836      	GOTO       L__Lcd_Cmd26
L__Lcd_Cmd25:
0x0034	0x1283      	BCF        STATUS, 5
0x0035	0x1686      	BSF        LCD_D5, BitPos(LCD_D5+0)
L__Lcd_Cmd26:
;__Lib_Lcd.c,23 :: 		
0x0036	0x1683      	BSF        STATUS, 5
0x0037	0x1A28      	BTFSC      FARG_Lcd_Cmd_out_char, 4
0x0038	0x283C      	GOTO       L__Lcd_Cmd27
0x0039	0x1283      	BCF        STATUS, 5
0x003A	0x1206      	BCF        LCD_D4, BitPos(LCD_D4+0)
0x003B	0x283E      	GOTO       L__Lcd_Cmd28
L__Lcd_Cmd27:
0x003C	0x1283      	BCF        STATUS, 5
0x003D	0x1606      	BSF        LCD_D4, BitPos(LCD_D4+0)
L__Lcd_Cmd28:
;__Lib_Lcd.c,25 :: 		
0x003E	0x1864      	BTFSC      __Lib_Lcd_cmd_status, BitPos(__Lib_Lcd_cmd_status+0)
0x003F	0x2842      	GOTO       L__Lcd_Cmd29
0x0040	0x1506      	BSF        LCD_RS, BitPos(LCD_RS+0)
0x0041	0x2843      	GOTO       L__Lcd_Cmd30
L__Lcd_Cmd29:
0x0042	0x1106      	BCF        LCD_RS, BitPos(LCD_RS+0)
L__Lcd_Cmd30:
;__Lib_Lcd.c,28 :: 		
0x0043	0x1586      	BSF        LCD_EN, BitPos(LCD_EN+0)
;__Lib_Lcd.c,29 :: 		
0x0044	0x2003      	CALL       _Delay_1us
;__Lib_Lcd.c,30 :: 		
0x0045	0x1186      	BCF        LCD_EN, BitPos(LCD_EN+0)
;__Lib_Lcd.c,33 :: 		
0x0046	0x1683      	BSF        STATUS, 5
0x0047	0x19A8      	BTFSC      FARG_Lcd_Cmd_out_char, 3
0x0048	0x284C      	GOTO       L__Lcd_Cmd31
0x0049	0x1283      	BCF        STATUS, 5
0x004A	0x1386      	BCF        LCD_D7, BitPos(LCD_D7+0)
0x004B	0x284E      	GOTO       L__Lcd_Cmd32
L__Lcd_Cmd31:
0x004C	0x1283      	BCF        STATUS, 5
0x004D	0x1786      	BSF        LCD_D7, BitPos(LCD_D7+0)
L__Lcd_Cmd32:
;__Lib_Lcd.c,34 :: 		
0x004E	0x1683      	BSF        STATUS, 5
0x004F	0x1928      	BTFSC      FARG_Lcd_Cmd_out_char, 2
0x0050	0x2854      	GOTO       L__Lcd_Cmd33
0x0051	0x1283      	BCF        STATUS, 5
0x0052	0x1306      	BCF        LCD_D6, BitPos(LCD_D6+0)
0x0053	0x2856      	GOTO       L__Lcd_Cmd34
L__Lcd_Cmd33:
0x0054	0x1283      	BCF        STATUS, 5
0x0055	0x1706      	BSF        LCD_D6, BitPos(LCD_D6+0)
L__Lcd_Cmd34:
;__Lib_Lcd.c,35 :: 		
0x0056	0x1683      	BSF        STATUS, 5
0x0057	0x18A8      	BTFSC      FARG_Lcd_Cmd_out_char, 1
0x0058	0x285C      	GOTO       L__Lcd_Cmd35
0x0059	0x1283      	BCF        STATUS, 5
0x005A	0x1286      	BCF        LCD_D5, BitPos(LCD_D5+0)
0x005B	0x285E      	GOTO       L__Lcd_Cmd36
L__Lcd_Cmd35:
0x005C	0x1283      	BCF        STATUS, 5
0x005D	0x1686      	BSF        LCD_D5, BitPos(LCD_D5+0)
L__Lcd_Cmd36:
;__Lib_Lcd.c,36 :: 		
0x005E	0x1683      	BSF        STATUS, 5
0x005F	0x1828      	BTFSC      FARG_Lcd_Cmd_out_char, 0
0x0060	0x2864      	GOTO       L__Lcd_Cmd37
0x0061	0x1283      	BCF        STATUS, 5
0x0062	0x1206      	BCF        LCD_D4, BitPos(LCD_D4+0)
0x0063	0x2866      	GOTO       L__Lcd_Cmd38
L__Lcd_Cmd37:
0x0064	0x1283      	BCF        STATUS, 5
0x0065	0x1606      	BSF        LCD_D4, BitPos(LCD_D4+0)
L__Lcd_Cmd38:
;__Lib_Lcd.c,38 :: 		
0x0066	0x1864      	BTFSC      __Lib_Lcd_cmd_status, BitPos(__Lib_Lcd_cmd_status+0)
0x0067	0x286A      	GOTO       L__Lcd_Cmd39
0x0068	0x1506      	BSF        LCD_RS, BitPos(LCD_RS+0)
0x0069	0x286B      	GOTO       L__Lcd_Cmd40
L__Lcd_Cmd39:
0x006A	0x1106      	BCF        LCD_RS, BitPos(LCD_RS+0)
L__Lcd_Cmd40:
;__Lib_Lcd.c,40 :: 		
0x006B	0x1586      	BSF        LCD_EN, BitPos(LCD_EN+0)
;__Lib_Lcd.c,41 :: 		
0x006C	0x2003      	CALL       _Delay_1us
;__Lib_Lcd.c,42 :: 		
0x006D	0x1186      	BCF        LCD_EN, BitPos(LCD_EN+0)
;__Lib_Lcd.c,44 :: 		
0x006E	0x1C64      	BTFSS      __Lib_Lcd_cmd_status, BitPos(__Lib_Lcd_cmd_status+0)
0x006F	0x2872      	GOTO       L_Lcd_Cmd0
;__Lib_Lcd.c,45 :: 		
0x0070	0x2009      	CALL       _Delay_5500us
0x0071	0x2873      	GOTO       L_Lcd_Cmd1
L_Lcd_Cmd0:
;__Lib_Lcd.c,47 :: 		
0x0072	0x2016      	CALL       _Delay_50us
L_Lcd_Cmd1:
;__Lib_Lcd.c,48 :: 		
L_end_Lcd_Cmd:
0x0073	0x0008      	RETURN
; end of _Lcd_Cmd
_SETFUN32:
;__Lib_MathDouble.c,138 :: 		
;__Lib_MathDouble.c,145 :: 		
0x0074	0x157B      	BSF        R11, 2
;__Lib_MathDouble.c,146 :: 		
0x0075	0x1FFB      	BTFSS      R11, 7
;__Lib_MathDouble.c,147 :: 		
0x0076	0x287E      	GOTO       SETFUN32EEE
;__Lib_MathDouble.c,148 :: 		
0x0077	0x3001      	MOVLW      1
;__Lib_MathDouble.c,149 :: 		
0x0078	0x00F3      	MOVWF      R3
;__Lib_MathDouble.c,150 :: 		
0x0079	0x01F2      	CLRF       R2
;__Lib_MathDouble.c,151 :: 		
0x007A	0x01F1      	CLRF       R1
;__Lib_MathDouble.c,152 :: 		
0x007B	0x01F0      	CLRF       R0
;__Lib_MathDouble.c,153 :: 		
0x007C	0x0DFA      	RLF        R10, 1
;__Lib_MathDouble.c,154 :: 		
0x007D	0x0CF2      	RRF        R2, 1
;__Lib_MathDouble.c,155 :: 		
SETFUN32EEE:
;__Lib_MathDouble.c,156 :: 		
0x007E	0x30FF      	MOVLW      255
;__Lib_MathDouble.c,158 :: 		
L_end_SETFUN32:
0x007F	0x0008      	RETURN
; end of _SETFUN32
_UART1_Write:
;__Lib_UART_c67.c,39 :: 		
;__Lib_UART_c67.c,40 :: 		
L_UART1_Write3:
0x0080	0x1683      	BSF        STATUS, 5
0x0081	0x1303      	BCF        STATUS, 6
0x0082	0x1898      	BTFSC      TXSTA, 1
0x0083	0x2886      	GOTO       L_UART1_Write4
;__Lib_UART_c67.c,41 :: 		
0x0084	0x0000      	NOP
0x0085	0x2880      	GOTO       L_UART1_Write3
L_UART1_Write4:
;__Lib_UART_c67.c,42 :: 		
0x0086	0x0827      	MOVF       FARG_UART1_Write_data_, 0
0x0087	0x1283      	BCF        STATUS, 5
0x0088	0x0099      	MOVWF      TXREG
;__Lib_UART_c67.c,43 :: 		
L_end_UART1_Write:
0x0089	0x0008      	RETURN
; end of _UART1_Write
_Lcd_Chr_CP:
;__Lib_Lcd.c,50 :: 		
;__Lib_Lcd.c,52 :: 		
0x008A	0x1283      	BCF        STATUS, 5
0x008B	0x1303      	BCF        STATUS, 6
0x008C	0x1064      	BCF        __Lib_Lcd_cmd_status, BitPos(__Lib_Lcd_cmd_status+0)
;__Lib_Lcd.c,53 :: 		
0x008D	0x1683      	BSF        STATUS, 5
0x008E	0x0827      	MOVF       FARG_Lcd_Chr_CP_out_char, 0
0x008F	0x00A8      	MOVWF      FARG_Lcd_Cmd_out_char
0x0090	0x201D      	CALL       _Lcd_Cmd
;__Lib_Lcd.c,54 :: 		
0x0091	0x1464      	BSF        __Lib_Lcd_cmd_status, BitPos(__Lib_Lcd_cmd_status+0)
;__Lib_Lcd.c,55 :: 		
L_end_Lcd_Chr_CP:
0x0092	0x0008      	RETURN
; end of _Lcd_Chr_CP
_SETFOV32:
;__Lib_MathDouble.c,79 :: 		
;__Lib_MathDouble.c,86 :: 		
0x0093	0x14FB      	BSF        R11, 1
;__Lib_MathDouble.c,87 :: 		
0x0094	0x1FFB      	BTFSS      R11, 7
;__Lib_MathDouble.c,88 :: 		
0x0095	0x289D      	GOTO       SETFOV32EEE
;__Lib_MathDouble.c,89 :: 		
0x0096	0x30FF      	MOVLW      255
;__Lib_MathDouble.c,90 :: 		
0x0097	0x00F3      	MOVWF      R3
;__Lib_MathDouble.c,91 :: 		
0x0098	0x00F2      	MOVWF      R2
;__Lib_MathDouble.c,92 :: 		
0x0099	0x00F1      	MOVWF      R1
;__Lib_MathDouble.c,93 :: 		
0x009A	0x00F0      	MOVWF      R0
;__Lib_MathDouble.c,94 :: 		
0x009B	0x0DFA      	RLF        R10, 1
;__Lib_MathDouble.c,95 :: 		
0x009C	0x0CF2      	RRF        R2, 1
;__Lib_MathDouble.c,96 :: 		
SETFOV32EEE:
;__Lib_MathDouble.c,97 :: 		
0x009D	0x30FF      	MOVLW      255
;__Lib_MathDouble.c,99 :: 		
L_end_SETFOV32:
0x009E	0x0008      	RETURN
; end of _SETFOV32
_RES032:
;__Lib_MathDouble.c,123 :: 		
;__Lib_MathDouble.c,128 :: 		
0x009F	0x01F2      	CLRF       R2
;__Lib_MathDouble.c,129 :: 		
0x00A0	0x01F1      	CLRF       R1
;__Lib_MathDouble.c,130 :: 		
0x00A1	0x01F0      	CLRF       R0
;__Lib_MathDouble.c,131 :: 		
0x00A2	0x01F8      	CLRF       R8
;__Lib_MathDouble.c,132 :: 		
0x00A3	0x01F3      	CLRF       R3
;__Lib_MathDouble.c,133 :: 		
0x00A4	0x3000      	MOVLW      0
;__Lib_MathDouble.c,135 :: 		
L_end_RES032:
0x00A5	0x0008      	RETURN
; end of _RES032
_FIXSIGN32:
;__Lib_MathDouble.c,112 :: 		
;__Lib_MathDouble.c,116 :: 		
0x00A6	0x1FFA      	BTFSS      R10, 7
;__Lib_MathDouble.c,117 :: 		
0x00A7	0x13F2      	BCF        R2, 7
;__Lib_MathDouble.c,118 :: 		
0x00A8	0x3000      	MOVLW      0
;__Lib_MathDouble.c,120 :: 		
L_end_FIXSIGN32:
0x00A9	0x0008      	RETURN
; end of _FIXSIGN32
_Delay_22us:
;__Lib_Delays.c,15 :: 		void Delay_22us() {
;__Lib_Delays.c,16 :: 		Delay_us(22);
0x00AA	0x3024      	MOVLW      36
0x00AB	0x1283      	BCF        STATUS, 5
0x00AC	0x1303      	BCF        STATUS, 6
0x00AD	0x00FD      	MOVWF      R13
L_Delay_22us1:
0x00AE	0x0BFD      	DECFSZ     R13, 1
0x00AF	0x28AE      	GOTO       L_Delay_22us1
0x00B0	0x0000      	NOP
;__Lib_Delays.c,17 :: 		}
L_end_Delay_22us:
0x00B1	0x0008      	RETURN
; end of _Delay_22us
_UART1_Write_Text:
;__Lib_UART_c67.c,47 :: 		
;__Lib_UART_c67.c,48 :: 		
0x00B2	0x1683      	BSF        STATUS, 5
0x00B3	0x1303      	BCF        STATUS, 6
0x00B4	0x01A5      	CLRF       UART1_Write_Text_counter_L0
;__Lib_UART_c67.c,50 :: 		
0x00B5	0x1283      	BCF        STATUS, 5
0x00B6	0x086F      	MOVF       FARG_UART1_Write_Text_uart_text, 0
0x00B7	0x0084      	MOVWF      FSR
0x00B8	0x0800      	MOVF       INDF, 0
0x00B9	0x1683      	BSF        STATUS, 5
0x00BA	0x00A4      	MOVWF      UART1_Write_Text_data__L0
;__Lib_UART_c67.c,51 :: 		
L_UART1_Write_Text5:
0x00BB	0x0824      	MOVF       UART1_Write_Text_data__L0, 0
0x00BC	0x3A00      	XORLW      0
0x00BD	0x1903      	BTFSC      STATUS, 2
0x00BE	0x28CC      	GOTO       L_UART1_Write_Text6
;__Lib_UART_c67.c,52 :: 		
0x00BF	0x0824      	MOVF       UART1_Write_Text_data__L0, 0
0x00C0	0x00A7      	MOVWF      FARG_UART1_Write_data_
0x00C1	0x2080      	CALL       _UART1_Write
;__Lib_UART_c67.c,53 :: 		
0x00C2	0x1683      	BSF        STATUS, 5
0x00C3	0x0AA5      	INCF       UART1_Write_Text_counter_L0, 1
;__Lib_UART_c67.c,54 :: 		
0x00C4	0x0825      	MOVF       UART1_Write_Text_counter_L0, 0
0x00C5	0x1283      	BCF        STATUS, 5
0x00C6	0x076F      	ADDWF      FARG_UART1_Write_Text_uart_text, 0
0x00C7	0x0084      	MOVWF      FSR
0x00C8	0x0800      	MOVF       INDF, 0
0x00C9	0x1683      	BSF        STATUS, 5
0x00CA	0x00A4      	MOVWF      UART1_Write_Text_data__L0
;__Lib_UART_c67.c,55 :: 		
0x00CB	0x28BB      	GOTO       L_UART1_Write_Text5
L_UART1_Write_Text6:
;__Lib_UART_c67.c,56 :: 		
L_end_UART1_Write_Text:
0x00CC	0x0008      	RETURN
; end of _UART1_Write_Text
_StartSignal:
;dht11.h,4 :: 		void StartSignal(){
;dht11.h,5 :: 		DHT11_dir = 0;
0x00CD	0x1683      	BSF        STATUS, 5
0x00CE	0x1303      	BCF        STATUS, 6
0x00CF	0x1007      	BCF        TRISC0_bit, BitPos(TRISC0_bit+0)
;dht11.h,6 :: 		DHT11 = 0;
0x00D0	0x1283      	BCF        STATUS, 5
0x00D1	0x1007      	BCF        RC0_bit, BitPos(RC0_bit+0)
;dht11.h,7 :: 		delay_ms(18);
0x00D2	0x3075      	MOVLW      117
0x00D3	0x00FC      	MOVWF      R12
0x00D4	0x30E1      	MOVLW      225
0x00D5	0x00FD      	MOVWF      R13
L_StartSignal0:
0x00D6	0x0BFD      	DECFSZ     R13, 1
0x00D7	0x28D6      	GOTO       L_StartSignal0
0x00D8	0x0BFC      	DECFSZ     R12, 1
0x00D9	0x28D6      	GOTO       L_StartSignal0
;dht11.h,8 :: 		DHT11 = 1;
0x00DA	0x1407      	BSF        RC0_bit, BitPos(RC0_bit+0)
;dht11.h,9 :: 		delay_us(30);
0x00DB	0x3031      	MOVLW      49
0x00DC	0x00FD      	MOVWF      R13
L_StartSignal1:
0x00DD	0x0BFD      	DECFSZ     R13, 1
0x00DE	0x28DD      	GOTO       L_StartSignal1
0x00DF	0x0000      	NOP
0x00E0	0x0000      	NOP
;dht11.h,10 :: 		DHT11_dir = 1;
0x00E1	0x1683      	BSF        STATUS, 5
0x00E2	0x1407      	BSF        TRISC0_bit, BitPos(TRISC0_bit+0)
;dht11.h,11 :: 		}
L_end_StartSignal:
0x00E3	0x0008      	RETURN
; end of _StartSignal
_CheckResponse:
;dht11.h,13 :: 		void CheckResponse(){
;dht11.h,14 :: 		_Check = 0;
0x00E4	0x1283      	BCF        STATUS, 5
0x00E5	0x1303      	BCF        STATUS, 6
0x00E6	0x01B2      	CLRF       __Check
;dht11.h,15 :: 		delay_us(40);
0x00E7	0x3042      	MOVLW      66
0x00E8	0x00FD      	MOVWF      R13
L_CheckResponse2:
0x00E9	0x0BFD      	DECFSZ     R13, 1
0x00EA	0x28E9      	GOTO       L_CheckResponse2
0x00EB	0x0000      	NOP
;dht11.h,16 :: 		if(DHT11 == 0){
0x00EC	0x1807      	BTFSC      RC0_bit, BitPos(RC0_bit+0)
0x00ED	0x28FB      	GOTO       L_CheckResponse3
;dht11.h,17 :: 		delay_us(80);
0x00EE	0x3085      	MOVLW      133
0x00EF	0x00FD      	MOVWF      R13
L_CheckResponse4:
0x00F0	0x0BFD      	DECFSZ     R13, 1
0x00F1	0x28F0      	GOTO       L_CheckResponse4
;dht11.h,18 :: 		if(DHT11 == 1) _Check = 1;
0x00F2	0x1C07      	BTFSS      RC0_bit, BitPos(RC0_bit+0)
0x00F3	0x28F6      	GOTO       L_CheckResponse5
0x00F4	0x3001      	MOVLW      1
0x00F5	0x00B2      	MOVWF      __Check
L_CheckResponse5:
;dht11.h,19 :: 		delay_us(40);
0x00F6	0x3042      	MOVLW      66
0x00F7	0x00FD      	MOVWF      R13
L_CheckResponse6:
0x00F8	0x0BFD      	DECFSZ     R13, 1
0x00F9	0x28F8      	GOTO       L_CheckResponse6
0x00FA	0x0000      	NOP
;dht11.h,20 :: 		}
L_CheckResponse3:
;dht11.h,21 :: 		}
L_end_CheckResponse:
0x00FB	0x0008      	RETURN
; end of _CheckResponse
_NRM4032:
;__Lib_MathDouble.c,245 :: 		
;__Lib_MathDouble.c,252 :: 		
;__Lib_MathDouble.c,254 :: 		
0x00FC	0x187C      	BTFSC      R12, 0
;__Lib_MathDouble.c,255 :: 		
0x00FD	0x2932      	GOTO       NRMRND4032
;__Lib_MathDouble.c,256 :: 		
0x00FE	0x18FC      	BTFSC      R12, 1
;__Lib_MathDouble.c,257 :: 		
0x00FF	0x2903      	GOTO       NRM4032
;__Lib_MathDouble.c,258 :: 		
0x0100	0x197C      	BTFSC      R12, 2
;__Lib_MathDouble.c,259 :: 		
0x0101	0x2951      	GOTO       JMPSETFOV32
;__Lib_MathDouble.c,260 :: 		
0x0102	0x28FC      	GOTO       $-6
;__Lib_MathDouble.c,261 :: 		
NRM4032:
;__Lib_MathDouble.c,262 :: 		
0x0103	0x01A0      	CLRF       __math_tempbD
;__Lib_MathDouble.c,263 :: 		
0x0104	0x0872      	MOVF       R2, 0
;__Lib_MathDouble.c,264 :: 		
0x0105	0x1D03      	BTFSS      STATUS, 2
;__Lib_MathDouble.c,265 :: 		
0x0106	0x2923      	GOTO       NORM4032
;__Lib_MathDouble.c,266 :: 		
0x0107	0x0871      	MOVF       R1, 0
;__Lib_MathDouble.c,267 :: 		
0x0108	0x00F2      	MOVWF      R2
;__Lib_MathDouble.c,268 :: 		
0x0109	0x0870      	MOVF       R0, 0
;__Lib_MathDouble.c,269 :: 		
0x010A	0x00F1      	MOVWF      R1
;__Lib_MathDouble.c,270 :: 		
0x010B	0x0878      	MOVF       R8, 0
;__Lib_MathDouble.c,271 :: 		
0x010C	0x00F0      	MOVWF      R0
;__Lib_MathDouble.c,272 :: 		
0x010D	0x01F8      	CLRF       R8
;__Lib_MathDouble.c,273 :: 		
0x010E	0x15A0      	BSF        __math_tempbD, 3
;__Lib_MathDouble.c,275 :: 		
0x010F	0x0872      	MOVF       R2, 0
;__Lib_MathDouble.c,276 :: 		
0x0110	0x1D03      	BTFSS      STATUS, 2
;__Lib_MathDouble.c,277 :: 		
0x0111	0x2923      	GOTO       NORM4032
;__Lib_MathDouble.c,278 :: 		
0x0112	0x0871      	MOVF       R1, 0
;__Lib_MathDouble.c,279 :: 		
0x0113	0x00F2      	MOVWF      R2
;__Lib_MathDouble.c,280 :: 		
0x0114	0x0870      	MOVF       R0, 0
;__Lib_MathDouble.c,281 :: 		
0x0115	0x00F1      	MOVWF      R1
;__Lib_MathDouble.c,282 :: 		
0x0116	0x01F0      	CLRF       R0
;__Lib_MathDouble.c,283 :: 		
0x0117	0x11A0      	BCF        __math_tempbD, 3
;__Lib_MathDouble.c,284 :: 		
0x0118	0x1620      	BSF        __math_tempbD, 4
;__Lib_MathDouble.c,286 :: 		
0x0119	0x0872      	MOVF       R2, 0
;__Lib_MathDouble.c,287 :: 		
0x011A	0x1D03      	BTFSS      STATUS, 2
;__Lib_MathDouble.c,288 :: 		
0x011B	0x2923      	GOTO       NORM4032
;__Lib_MathDouble.c,289 :: 		
0x011C	0x0871      	MOVF       R1, 0
;__Lib_MathDouble.c,290 :: 		
0x011D	0x00F2      	MOVWF      R2
;__Lib_MathDouble.c,291 :: 		
0x011E	0x01F1      	CLRF       R1
;__Lib_MathDouble.c,292 :: 		
0x011F	0x15A0      	BSF        __math_tempbD, 3
;__Lib_MathDouble.c,294 :: 		
0x0120	0x0872      	MOVF       R2, 0
;__Lib_MathDouble.c,295 :: 		
0x0121	0x1903      	BTFSC      STATUS, 2
;__Lib_MathDouble.c,296 :: 		
0x0122	0x2945      	GOTO       JMPRES032
;__Lib_MathDouble.c,297 :: 		
NORM4032:
;__Lib_MathDouble.c,298 :: 		
0x0123	0x0820      	MOVF       __math_tempbD, 0
;__Lib_MathDouble.c,299 :: 		
0x0124	0x02F3      	SUBWF      R3, 1
;__Lib_MathDouble.c,300 :: 		
0x0125	0x1D03      	BTFSS      STATUS, 2
;__Lib_MathDouble.c,301 :: 		
0x0126	0x1C03      	BTFSS      STATUS, 0
;__Lib_MathDouble.c,302 :: 		
0x0127	0x2949      	GOTO       JMPSETFUN32
;__Lib_MathDouble.c,303 :: 		
0x0128	0x1003      	BCF        STATUS, 0
;__Lib_MathDouble.c,304 :: 		
NORM4032A:
;__Lib_MathDouble.c,305 :: 		
0x0129	0x1BF2      	BTFSC      R2, 7
;__Lib_MathDouble.c,306 :: 		
0x012A	0x2932      	GOTO       NRMRND4032
;__Lib_MathDouble.c,307 :: 		
0x012B	0x0DF8      	RLF        R8, 1
;__Lib_MathDouble.c,308 :: 		
0x012C	0x0DF0      	RLF        R0, 1
;__Lib_MathDouble.c,309 :: 		
0x012D	0x0DF1      	RLF        R1, 1
;__Lib_MathDouble.c,310 :: 		
0x012E	0x0DF2      	RLF        R2, 1
;__Lib_MathDouble.c,311 :: 		
0x012F	0x0BF3      	DECFSZ     R3, 1
;__Lib_MathDouble.c,312 :: 		
0x0130	0x2929      	GOTO       NORM4032A
;__Lib_MathDouble.c,313 :: 		
0x0131	0x2949      	GOTO       JMPSETFUN32
;__Lib_MathDouble.c,314 :: 		
NRMRND4032:
;__Lib_MathDouble.c,315 :: 		
0x0132	0x1B7B      	BTFSC      R11, 6
;__Lib_MathDouble.c,316 :: 		
0x0133	0x1C70      	BTFSS      R0, 0
;__Lib_MathDouble.c,317 :: 		
0x0134	0x294D      	GOTO       JMPFIXSIGN32
;__Lib_MathDouble.c,318 :: 		
0x0135	0x1FF8      	BTFSS      R8, 7
;__Lib_MathDouble.c,319 :: 		
0x0136	0x294D      	GOTO       JMPFIXSIGN32
;__Lib_MathDouble.c,320 :: 		
0x0137	0x0AF0      	INCF       R0, 1
;__Lib_MathDouble.c,321 :: 		
0x0138	0x1903      	BTFSC      STATUS, 2
;__Lib_MathDouble.c,322 :: 		
0x0139	0x0AF1      	INCF       R1, 1
;__Lib_MathDouble.c,323 :: 		
0x013A	0x1903      	BTFSC      STATUS, 2
;__Lib_MathDouble.c,324 :: 		
0x013B	0x0AF2      	INCF       R2, 1
;__Lib_MathDouble.c,325 :: 		
0x013C	0x1D03      	BTFSS      STATUS, 2
;__Lib_MathDouble.c,326 :: 		
0x013D	0x294D      	GOTO       JMPFIXSIGN32
;__Lib_MathDouble.c,327 :: 		
0x013E	0x0CF2      	RRF        R2, 1
;__Lib_MathDouble.c,328 :: 		
0x013F	0x0CF1      	RRF        R1, 1
;__Lib_MathDouble.c,329 :: 		
0x0140	0x0CF0      	RRF        R0, 1
;__Lib_MathDouble.c,330 :: 		
0x0141	0x0AF3      	INCF       R3, 1
;__Lib_MathDouble.c,331 :: 		
0x0142	0x1903      	BTFSC      STATUS, 2
;__Lib_MathDouble.c,332 :: 		
0x0143	0x2951      	GOTO       JMPSETFOV32
;__Lib_MathDouble.c,333 :: 		
0x0144	0x294D      	GOTO       JMPFIXSIGN32
;__Lib_MathDouble.c,334 :: 		
JMPRES032:
;__Lib_MathDouble.c,335 :: 		
0x0145	0x3001      	MOVLW      1
;__Lib_MathDouble.c,336 :: 		
0x0146	0x00FC      	MOVWF      R12
;__Lib_MathDouble.c,338 :: 		
0x0147	0x209F      	CALL       _RES032
;__Lib_MathDouble.c,340 :: 		
0x0148	0x2954      	GOTO       NRM4032EEE
;__Lib_MathDouble.c,341 :: 		
JMPSETFUN32:
;__Lib_MathDouble.c,342 :: 		
0x0149	0x3002      	MOVLW      2
;__Lib_MathDouble.c,343 :: 		
0x014A	0x00FC      	MOVWF      R12
;__Lib_MathDouble.c,345 :: 		
0x014B	0x2074      	CALL       _SETFUN32
;__Lib_MathDouble.c,347 :: 		
0x014C	0x2954      	GOTO       NRM4032EEE
;__Lib_MathDouble.c,348 :: 		
JMPFIXSIGN32:
;__Lib_MathDouble.c,349 :: 		
0x014D	0x3004      	MOVLW      4
;__Lib_MathDouble.c,350 :: 		
0x014E	0x00FC      	MOVWF      R12
;__Lib_MathDouble.c,352 :: 		
0x014F	0x20A6      	CALL       _FIXSIGN32
;__Lib_MathDouble.c,354 :: 		
0x0150	0x2954      	GOTO       NRM4032EEE
;__Lib_MathDouble.c,355 :: 		
JMPSETFOV32:
;__Lib_MathDouble.c,356 :: 		
0x0151	0x3008      	MOVLW      8
;__Lib_MathDouble.c,357 :: 		
0x0152	0x00FC      	MOVWF      R12
;__Lib_MathDouble.c,359 :: 		
0x0153	0x2093      	CALL       _SETFOV32
;__Lib_MathDouble.c,361 :: 		
NRM4032EEE:
;__Lib_MathDouble.c,362 :: 		
0x0154	0x0000      	NOP
;__Lib_MathDouble.c,370 :: 		
L_end_NRM4032:
0x0155	0x0008      	RETURN
; end of _NRM4032
_Lcd_Out:
;__Lib_Lcd.c,184 :: 		
;__Lib_Lcd.c,187 :: 		
0x0156	0x2968      	GOTO       L_Lcd_Out11
;__Lib_Lcd.c,188 :: 		
L_Lcd_Out13:
0x0157	0x3080      	MOVLW      128
0x0158	0x1683      	BSF        STATUS, 5
0x0159	0x1303      	BCF        STATUS, 6
0x015A	0x00A4      	MOVWF      FARG_Lcd_Out_row
0x015B	0x297B      	GOTO       L_Lcd_Out12
;__Lib_Lcd.c,189 :: 		
L_Lcd_Out14:
0x015C	0x30C0      	MOVLW      192
0x015D	0x00A4      	MOVWF      FARG_Lcd_Out_row
0x015E	0x297B      	GOTO       L_Lcd_Out12
;__Lib_Lcd.c,190 :: 		
L_Lcd_Out15:
0x015F	0x3094      	MOVLW      148
0x0160	0x00A4      	MOVWF      FARG_Lcd_Out_row
0x0161	0x297B      	GOTO       L_Lcd_Out12
;__Lib_Lcd.c,191 :: 		
L_Lcd_Out16:
0x0162	0x30D4      	MOVLW      212
0x0163	0x00A4      	MOVWF      FARG_Lcd_Out_row
0x0164	0x297B      	GOTO       L_Lcd_Out12
;__Lib_Lcd.c,192 :: 		
L_Lcd_Out17:
0x0165	0x3080      	MOVLW      128
0x0166	0x00A4      	MOVWF      FARG_Lcd_Out_row
;__Lib_Lcd.c,193 :: 		
0x0167	0x297B      	GOTO       L_Lcd_Out12
L_Lcd_Out11:
0x0168	0x1683      	BSF        STATUS, 5
0x0169	0x1303      	BCF        STATUS, 6
0x016A	0x0824      	MOVF       FARG_Lcd_Out_row, 0
0x016B	0x3A01      	XORLW      1
0x016C	0x1903      	BTFSC      STATUS, 2
0x016D	0x2957      	GOTO       L_Lcd_Out13
0x016E	0x0824      	MOVF       FARG_Lcd_Out_row, 0
0x016F	0x3A02      	XORLW      2
0x0170	0x1903      	BTFSC      STATUS, 2
0x0171	0x295C      	GOTO       L_Lcd_Out14
0x0172	0x0824      	MOVF       FARG_Lcd_Out_row, 0
0x0173	0x3A03      	XORLW      3
0x0174	0x1903      	BTFSC      STATUS, 2
0x0175	0x295F      	GOTO       L_Lcd_Out15
0x0176	0x0824      	MOVF       FARG_Lcd_Out_row, 0
0x0177	0x3A04      	XORLW      4
0x0178	0x1903      	BTFSC      STATUS, 2
0x0179	0x2962      	GOTO       L_Lcd_Out16
0x017A	0x2965      	GOTO       L_Lcd_Out17
L_Lcd_Out12:
;__Lib_Lcd.c,194 :: 		
0x017B	0x0325      	DECF       FARG_Lcd_Out_column, 0
0x017C	0x1283      	BCF        STATUS, 5
0x017D	0x00F0      	MOVWF      R0
0x017E	0x1683      	BSF        STATUS, 5
0x017F	0x0824      	MOVF       FARG_Lcd_Out_row, 0
0x0180	0x1283      	BCF        STATUS, 5
0x0181	0x07F0      	ADDWF      R0, 1
0x0182	0x0870      	MOVF       R0, 0
0x0183	0x1683      	BSF        STATUS, 5
0x0184	0x00A4      	MOVWF      FARG_Lcd_Out_row
;__Lib_Lcd.c,196 :: 		
0x0185	0x1283      	BCF        STATUS, 5
0x0186	0x0870      	MOVF       R0, 0
0x0187	0x1683      	BSF        STATUS, 5
0x0188	0x00A8      	MOVWF      FARG_Lcd_Cmd_out_char
0x0189	0x201D      	CALL       _Lcd_Cmd
;__Lib_Lcd.c,197 :: 		
0x018A	0x1064      	BCF        __Lib_Lcd_cmd_status, BitPos(__Lib_Lcd_cmd_status+0)
;__Lib_Lcd.c,198 :: 		
0x018B	0x01EF      	CLRF       Lcd_Out_i_L0
;__Lib_Lcd.c,199 :: 		
L_Lcd_Out18:
0x018C	0x086F      	MOVF       Lcd_Out_i_L0, 0
0x018D	0x1683      	BSF        STATUS, 5
0x018E	0x0726      	ADDWF      FARG_Lcd_Out_text, 0
0x018F	0x0084      	MOVWF      FSR
0x0190	0x0800      	MOVF       INDF, 0
0x0191	0x1903      	BTFSC      STATUS, 2
0x0192	0x299D      	GOTO       L_Lcd_Out19
;__Lib_Lcd.c,200 :: 		
0x0193	0x1283      	BCF        STATUS, 5
0x0194	0x086F      	MOVF       Lcd_Out_i_L0, 0
0x0195	0x1683      	BSF        STATUS, 5
0x0196	0x0726      	ADDWF      FARG_Lcd_Out_text, 0
0x0197	0x0084      	MOVWF      FSR
0x0198	0x0800      	MOVF       INDF, 0
0x0199	0x00A7      	MOVWF      FARG_Lcd_Chr_CP_out_char
0x019A	0x208A      	CALL       _Lcd_Chr_CP
0x019B	0x0AEF      	INCF       Lcd_Out_i_L0, 1
0x019C	0x298C      	GOTO       L_Lcd_Out18
L_Lcd_Out19:
0x019D	0x1283      	BCF        STATUS, 5
;__Lib_Lcd.c,201 :: 		
0x019E	0x1464      	BSF        __Lib_Lcd_cmd_status, BitPos(__Lib_Lcd_cmd_status+0)
;__Lib_Lcd.c,202 :: 		
L_end_Lcd_Out:
0x019F	0x0008      	RETURN
; end of _Lcd_Out
_____DoICP:
;__Lib_System.c,6 :: 		
;__Lib_System.c,9 :: 		
0x01A0	0x1283      	BCF        STATUS, 5
0x01A1	0x1303      	BCF        STATUS, 6
0x01A2	0x0863      	MOVF       ___DoICPAddr+1, 0
0x01A3	0x008A      	MOVWF      PCLATH
;__Lib_System.c,10 :: 		
0x01A4	0x0862      	MOVF       ___DoICPAddr, 0
0x01A5	0x0082      	MOVWF      PCL
;__Lib_System.c,12 :: 		
L_end_____DoICP:
0x01A6	0x0008      	RETURN
; end of _____DoICP
_SETFDZ32:
;__Lib_MathDouble.c,102 :: 		
;__Lib_MathDouble.c,105 :: 		
0x01A7	0x15FB      	BSF        R11, 3
;__Lib_MathDouble.c,106 :: 		
0x01A8	0x30FF      	MOVLW      255
;__Lib_MathDouble.c,108 :: 		
L_end_SETFDZ32:
0x01A9	0x0008      	RETURN
; end of _SETFDZ32
_ReadData:
;dht11.h,23 :: 		char ReadData(){
;dht11.h,25 :: 		for(j = 0; j < 8; j++){
0x01AA	0x1283      	BCF        STATUS, 5
0x01AB	0x1303      	BCF        STATUS, 6
0x01AC	0x01F3      	CLRF       R3
L_ReadData7:
0x01AD	0x3008      	MOVLW      8
0x01AE	0x0273      	SUBWF      R3, 0
0x01AF	0x1803      	BTFSC      STATUS, 0
0x01B0	0x29E3      	GOTO       L_ReadData8
;dht11.h,26 :: 		while(!DHT11);
L_ReadData10:
0x01B1	0x1807      	BTFSC      RC0_bit, BitPos(RC0_bit+0)
0x01B2	0x29B4      	GOTO       L_ReadData11
0x01B3	0x29B1      	GOTO       L_ReadData10
L_ReadData11:
;dht11.h,27 :: 		delay_us(30);
0x01B4	0x3031      	MOVLW      49
0x01B5	0x00FD      	MOVWF      R13
L_ReadData12:
0x01B6	0x0BFD      	DECFSZ     R13, 1
0x01B7	0x29B6      	GOTO       L_ReadData12
0x01B8	0x0000      	NOP
0x01B9	0x0000      	NOP
;dht11.h,28 :: 		if(DHT11 == 0)
0x01BA	0x1807      	BTFSC      RC0_bit, BitPos(RC0_bit+0)
0x01BB	0x29CE      	GOTO       L_ReadData13
;dht11.h,29 :: 		i&= ~(1 << (7 - j));
0x01BC	0x0873      	MOVF       R3, 0
0x01BD	0x3C07      	SUBLW      7
0x01BE	0x00F0      	MOVWF      R0
0x01BF	0x0870      	MOVF       R0, 0
0x01C0	0x00F1      	MOVWF      R1
0x01C1	0x3001      	MOVLW      1
0x01C2	0x00F0      	MOVWF      R0
0x01C3	0x0871      	MOVF       R1, 0
L__ReadData25:
0x01C4	0x1903      	BTFSC      STATUS, 2
0x01C5	0x29CA      	GOTO       L__ReadData26
0x01C6	0x0DF0      	RLF        R0, 1
0x01C7	0x1070      	BCF        R0, 0
0x01C8	0x3EFF      	ADDLW      255
0x01C9	0x29C4      	GOTO       L__ReadData25
L__ReadData26:
0x01CA	0x09F0      	COMF       R0, 1
0x01CB	0x0870      	MOVF       R0, 0
0x01CC	0x05F2      	ANDWF      R2, 1
0x01CD	0x29E1      	GOTO       L_ReadData14
L_ReadData13:
;dht11.h,31 :: 		i|= (1 << (7 - j));
0x01CE	0x0873      	MOVF       R3, 0
0x01CF	0x3C07      	SUBLW      7
0x01D0	0x00F0      	MOVWF      R0
0x01D1	0x0870      	MOVF       R0, 0
0x01D2	0x00F1      	MOVWF      R1
0x01D3	0x3001      	MOVLW      1
0x01D4	0x00F0      	MOVWF      R0
0x01D5	0x0871      	MOVF       R1, 0
L__ReadData27:
0x01D6	0x1903      	BTFSC      STATUS, 2
0x01D7	0x29DC      	GOTO       L__ReadData28
0x01D8	0x0DF0      	RLF        R0, 1
0x01D9	0x1070      	BCF        R0, 0
0x01DA	0x3EFF      	ADDLW      255
0x01DB	0x29D6      	GOTO       L__ReadData27
L__ReadData28:
0x01DC	0x0870      	MOVF       R0, 0
0x01DD	0x04F2      	IORWF      R2, 1
;dht11.h,32 :: 		while(DHT11);
L_ReadData15:
0x01DE	0x1C07      	BTFSS      RC0_bit, BitPos(RC0_bit+0)
0x01DF	0x29E1      	GOTO       L_ReadData16
0x01E0	0x29DE      	GOTO       L_ReadData15
L_ReadData16:
;dht11.h,33 :: 		}
L_ReadData14:
;dht11.h,25 :: 		for(j = 0; j < 8; j++){
0x01E1	0x0AF3      	INCF       R3, 1
;dht11.h,34 :: 		}
0x01E2	0x29AD      	GOTO       L_ReadData7
L_ReadData8:
;dht11.h,35 :: 		return i;
0x01E3	0x0872      	MOVF       R2, 0
0x01E4	0x00F0      	MOVWF      R0
;dht11.h,36 :: 		}
L_end_ReadData:
0x01E5	0x0008      	RETURN
; end of _ReadData
_SETIOV3224:
;__Lib_MathDouble.c,1000 :: 		
;__Lib_MathDouble.c,1006 :: 		
0x01E6	0x147B      	BSF        R11, 0
;__Lib_MathDouble.c,1007 :: 		
0x01E7	0x1FFB      	BTFSS      R11, 7
;__Lib_MathDouble.c,1008 :: 		
0x01E8	0x29F1      	GOTO       SETIOV3224EEE
;__Lib_MathDouble.c,1010 :: 		
0x01E9	0x01F2      	CLRF       R2
;__Lib_MathDouble.c,1011 :: 		
0x01EA	0x1FFA      	BTFSS      R10, 7
;__Lib_MathDouble.c,1012 :: 		
0x01EB	0x30FF      	MOVLW      255
;__Lib_MathDouble.c,1013 :: 		
0x01EC	0x00F2      	MOVWF      R2
;__Lib_MathDouble.c,1014 :: 		
0x01ED	0x00F1      	MOVWF      R1
;__Lib_MathDouble.c,1015 :: 		
0x01EE	0x00F0      	MOVWF      R0
;__Lib_MathDouble.c,1016 :: 		
0x01EF	0x0DFA      	RLF        R10, 1
;__Lib_MathDouble.c,1017 :: 		
0x01F0	0x0CF2      	RRF        R2, 1
;__Lib_MathDouble.c,1018 :: 		
SETIOV3224EEE:
;__Lib_MathDouble.c,1019 :: 		
0x01F1	0x30FF      	MOVLW      255
;__Lib_MathDouble.c,1021 :: 		
L_end_SETIOV3224:
0x01F2	0x0008      	RETURN
; end of _SETIOV3224
_Div_8X8_U:
;__Lib_Math.c,189 :: 		
;__Lib_Math.c,196 :: 		
0x01F3	0x1283      	BCF        STATUS, 5
;__Lib_Math.c,197 :: 		
0x01F4	0x1303      	BCF        STATUS, 6
;__Lib_Math.c,198 :: 		
0x01F5	0x01F8      	CLRF       R8
;__Lib_Math.c,199 :: 		
0x01F6	0x3008      	MOVLW      8
;__Lib_Math.c,200 :: 		
0x01F7	0x00FC      	MOVWF      R12
;__Lib_Math.c,201 :: 		
0x01F8	0x0D70      	RLF        R0, 0
;__Lib_Math.c,202 :: 		
0x01F9	0x0DF8      	RLF        R8, 1
;__Lib_Math.c,203 :: 		
0x01FA	0x0874      	MOVF       R4, 0
;__Lib_Math.c,204 :: 		
0x01FB	0x02F8      	SUBWF      R8, 1
;__Lib_Math.c,205 :: 		
0x01FC	0x1803      	BTFSC      STATUS, 0
;__Lib_Math.c,206 :: 		
0x01FD	0x2A00      	GOTO       $+3
;__Lib_Math.c,207 :: 		
0x01FE	0x07F8      	ADDWF      R8, 1
;__Lib_Math.c,208 :: 		
0x01FF	0x1003      	BCF        STATUS, 0
;__Lib_Math.c,209 :: 		
0x0200	0x0DF0      	RLF        R0, 1
;__Lib_Math.c,210 :: 		
0x0201	0x0BFC      	DECFSZ     R12, 1
;__Lib_Math.c,211 :: 		
0x0202	0x29F8      	GOTO       $-10
;__Lib_Math.c,213 :: 		
L_end_Div_8X8_U:
0x0203	0x0008      	RETURN
; end of _Div_8X8_U
_lcd_out_byte:
;weather.c,21 :: 		void lcd_out_byte(char x, char y, char byte){
;weather.c,23 :: 		digit[0] = byte / 100 + 48;
0x0204	0x3064      	MOVLW      100
0x0205	0x1283      	BCF        STATUS, 5
0x0206	0x1303      	BCF        STATUS, 6
0x0207	0x00F4      	MOVWF      R4
0x0208	0x086C      	MOVF       FARG_lcd_out_byte_byte, 0
0x0209	0x00F0      	MOVWF      R0
0x020A	0x21F3      	CALL       _Div_8X8_U
0x020B	0x3030      	MOVLW      48
0x020C	0x07F0      	ADDWF      R0, 1
0x020D	0x0870      	MOVF       R0, 0
0x020E	0x1683      	BSF        STATUS, 5
0x020F	0x00A0      	MOVWF      lcd_out_byte_digit_L0
;weather.c,24 :: 		digit[1] = (byte % 100) / 10 + 48;
0x0210	0x3064      	MOVLW      100
0x0211	0x1283      	BCF        STATUS, 5
0x0212	0x00F4      	MOVWF      R4
0x0213	0x086C      	MOVF       FARG_lcd_out_byte_byte, 0
0x0214	0x00F0      	MOVWF      R0
0x0215	0x21F3      	CALL       _Div_8X8_U
0x0216	0x0878      	MOVF       R8, 0
0x0217	0x00F0      	MOVWF      R0
0x0218	0x300A      	MOVLW      10
0x0219	0x00F4      	MOVWF      R4
0x021A	0x21F3      	CALL       _Div_8X8_U
0x021B	0x3030      	MOVLW      48
0x021C	0x0770      	ADDWF      R0, 0
0x021D	0x1683      	BSF        STATUS, 5
0x021E	0x00A1      	MOVWF      lcd_out_byte_digit_L0+1
;weather.c,25 :: 		digit[2] = byte % 10 + 48;
0x021F	0x300A      	MOVLW      10
0x0220	0x1283      	BCF        STATUS, 5
0x0221	0x00F4      	MOVWF      R4
0x0222	0x086C      	MOVF       FARG_lcd_out_byte_byte, 0
0x0223	0x00F0      	MOVWF      R0
0x0224	0x21F3      	CALL       _Div_8X8_U
0x0225	0x0878      	MOVF       R8, 0
0x0226	0x00F0      	MOVWF      R0
0x0227	0x3030      	MOVLW      48
0x0228	0x0770      	ADDWF      R0, 0
0x0229	0x1683      	BSF        STATUS, 5
0x022A	0x00A2      	MOVWF      lcd_out_byte_digit_L0+2
;weather.c,26 :: 		digit[3] = 0;
0x022B	0x01A3      	CLRF       lcd_out_byte_digit_L0+3
;weather.c,27 :: 		lcd_out(x,y,digit);
0x022C	0x1283      	BCF        STATUS, 5
0x022D	0x086A      	MOVF       FARG_lcd_out_byte_x, 0
0x022E	0x1683      	BSF        STATUS, 5
0x022F	0x00A4      	MOVWF      FARG_Lcd_Out_row
0x0230	0x1283      	BCF        STATUS, 5
0x0231	0x086B      	MOVF       FARG_lcd_out_byte_y, 0
0x0232	0x1683      	BSF        STATUS, 5
0x0233	0x00A5      	MOVWF      FARG_Lcd_Out_column
0x0234	0x30A0      	MOVLW      lcd_out_byte_digit_L0
0x0235	0x00A6      	MOVWF      FARG_Lcd_Out_text
0x0236	0x2156      	CALL       _Lcd_Out
;weather.c,28 :: 		}
L_end_lcd_out_byte:
0x0237	0x0008      	RETURN
; end of _lcd_out_byte
_double2byte:
;__Lib_MathDouble.c,1670 :: 		
;__Lib_MathDouble.c,1677 :: 		
0x0238	0x1283      	BCF        STATUS, 5
;__Lib_MathDouble.c,1678 :: 		
0x0239	0x1303      	BCF        STATUS, 6
;__Lib_MathDouble.c,1680 :: 		
0x023A	0x01FB      	CLRF       R11
;__Lib_MathDouble.c,1681 :: 		
0x023B	0x01FC      	CLRF       R12
;__Lib_MathDouble.c,1682 :: 		
0x023C	0x01FA      	CLRF       R10
;__Lib_MathDouble.c,1684 :: 		
0x023D	0x0873      	MOVF       R3, 0
;__Lib_MathDouble.c,1685 :: 		
0x023E	0x1903      	BTFSC      STATUS, 2
;__Lib_MathDouble.c,1686 :: 		
0x023F	0x2A65      	GOTO       IRES008
;__Lib_MathDouble.c,1688 :: 		
0x0240	0x13FA      	BCF        R10, 7
;__Lib_MathDouble.c,1689 :: 		
0x0241	0x17F2      	BSF        R2, 7
;__Lib_MathDouble.c,1691 :: 		
0x0242	0x3086      	MOVLW      134
;__Lib_MathDouble.c,1692 :: 		
0x0243	0x02F3      	SUBWF      R3, 1
;__Lib_MathDouble.c,1693 :: 		
0x0244	0x1BF3      	BTFSC      R3, 7
;__Lib_MathDouble.c,1694 :: 		
0x0245	0x2A49      	GOTO       SETEXP08
;__Lib_MathDouble.c,1695 :: 		
0x0246	0x1903      	BTFSC      STATUS, 2
;__Lib_MathDouble.c,1696 :: 		
0x0247	0x2A49      	GOTO       SETEXP08
;__Lib_MathDouble.c,1697 :: 		
0x0248	0x2A67      	GOTO       SETIOV08
;__Lib_MathDouble.c,1698 :: 		
SETEXP08:
;__Lib_MathDouble.c,1699 :: 		
0x0249	0x09F3      	COMF       R3, 1
;__Lib_MathDouble.c,1700 :: 		
0x024A	0x0AF3      	INCF       R3, 1
;__Lib_MathDouble.c,1702 :: 		
0x024B	0x3008      	MOVLW      8
;__Lib_MathDouble.c,1703 :: 		
0x024C	0x0273      	SUBWF      R3, 0
;__Lib_MathDouble.c,1704 :: 		
0x024D	0x1C03      	BTFSS      STATUS, 0
;__Lib_MathDouble.c,1705 :: 		
0x024E	0x2A56      	GOTO       TSHIFT3208
;__Lib_MathDouble.c,1706 :: 		
0x024F	0x00F3      	MOVWF      R3
;__Lib_MathDouble.c,1707 :: 		
0x0250	0x0DF2      	RLF        R2, 1
;__Lib_MathDouble.c,1708 :: 		
0x0251	0x01F2      	CLRF       R2
;__Lib_MathDouble.c,1710 :: 		
0x0252	0x0873      	MOVF       R3, 0
;__Lib_MathDouble.c,1711 :: 		
0x0253	0x1D03      	BTFSS      STATUS, 2
;__Lib_MathDouble.c,1712 :: 		
0x0254	0x1003      	BCF        STATUS, 0
;__Lib_MathDouble.c,1713 :: 		
0x0255	0x2A5D      	GOTO       SHIFT3208OK
;__Lib_MathDouble.c,1714 :: 		
TSHIFT3208:
;__Lib_MathDouble.c,1715 :: 		
0x0256	0x0873      	MOVF       R3, 0
;__Lib_MathDouble.c,1716 :: 		
0x0257	0x1903      	BTFSC      STATUS, 2
;__Lib_MathDouble.c,1717 :: 		
0x0258	0x2A5D      	GOTO       SHIFT3208OK
;__Lib_MathDouble.c,1718 :: 		
SHIFT3208:
;__Lib_MathDouble.c,1719 :: 		
0x0259	0x1003      	BCF        STATUS, 0
;__Lib_MathDouble.c,1720 :: 		
0x025A	0x0CF2      	RRF        R2, 1
;__Lib_MathDouble.c,1721 :: 		
0x025B	0x0BF3      	DECFSZ     R3, 1
;__Lib_MathDouble.c,1722 :: 		
0x025C	0x2A59      	GOTO       SHIFT3208
;__Lib_MathDouble.c,1723 :: 		
SHIFT3208OK:
;__Lib_MathDouble.c,1724 :: 		
0x025D	0x1B7B      	BTFSC      R11, 6
;__Lib_MathDouble.c,1725 :: 		
0x025E	0x1C72      	BTFSS      R2, 0
;__Lib_MathDouble.c,1726 :: 		
0x025F	0x2A65      	GOTO       INT3208OK
;__Lib_MathDouble.c,1727 :: 		
0x0260	0x1C03      	BTFSS      STATUS, 0
;__Lib_MathDouble.c,1728 :: 		
0x0261	0x2A65      	GOTO       INT3208OK
;__Lib_MathDouble.c,1729 :: 		
0x0262	0x0AF2      	INCF       R2, 1
;__Lib_MathDouble.c,1730 :: 		
0x0263	0x1903      	BTFSC      STATUS, 2
;__Lib_MathDouble.c,1731 :: 		
0x0264	0x2A6C      	GOTO       D2B_JPKSETIOV3224
;__Lib_MathDouble.c,1732 :: 		
INT3208OK:
;__Lib_MathDouble.c,1733 :: 		
IRES008:
;__Lib_MathDouble.c,1734 :: 		
0x0265	0x01F1      	CLRF       R1
;__Lib_MathDouble.c,1735 :: 		
0x0266	0x2A6F      	GOTO       INT3208EOK
;__Lib_MathDouble.c,1736 :: 		
SETIOV08:
;__Lib_MathDouble.c,1737 :: 		
0x0267	0x147B      	BSF        R11, 0
;__Lib_MathDouble.c,1738 :: 		
0x0268	0x1FFB      	BTFSS      R11, 7
;__Lib_MathDouble.c,1739 :: 		
0x0269	0x2A72      	GOTO       INT3208EER
;__Lib_MathDouble.c,1741 :: 		
0x026A	0x01F1      	CLRF       R1
;__Lib_MathDouble.c,1742 :: 		
0x026B	0x2A72      	GOTO       INT3208EER
;__Lib_MathDouble.c,1743 :: 		
D2B_JPKSETIOV3224:
;__Lib_MathDouble.c,1744 :: 		
0x026C	0x3001      	MOVLW      1
;__Lib_MathDouble.c,1745 :: 		
0x026D	0x00FC      	MOVWF      R12
;__Lib_MathDouble.c,1746 :: 		
0x026E	0x2A74      	GOTO       INT3208EEE
;__Lib_MathDouble.c,1747 :: 		
INT3208EOK:
;__Lib_MathDouble.c,1748 :: 		
0x026F	0x3000      	MOVLW      0
;__Lib_MathDouble.c,1749 :: 		
0x0270	0x00FC      	MOVWF      R12
;__Lib_MathDouble.c,1750 :: 		
0x0271	0x2A74      	GOTO       INT3208EEE
;__Lib_MathDouble.c,1751 :: 		
INT3208EER:
;__Lib_MathDouble.c,1752 :: 		
0x0272	0x30FF      	MOVLW      255
;__Lib_MathDouble.c,1753 :: 		
0x0273	0x00FC      	MOVWF      R12
;__Lib_MathDouble.c,1754 :: 		
INT3208EEE:
;__Lib_MathDouble.c,1757 :: 		
0x0274	0x08FC      	MOVF       R12, 1
;__Lib_MathDouble.c,1759 :: 		
0x0275	0x1903      	BTFSC      STATUS, 2
;__Lib_MathDouble.c,1760 :: 		
0x0276	0x2A78      	GOTO       L_Double2Byte_0
;__Lib_MathDouble.c,1762 :: 		
0x0277	0x21E6      	CALL       _SETIOV3224
;__Lib_MathDouble.c,1764 :: 		
L_Double2Byte_0:
;__Lib_MathDouble.c,1765 :: 		
0x0278	0x0872      	MOVF       R2, 0
;__Lib_MathDouble.c,1766 :: 		
0x0279	0x00F0      	MOVWF      R0
;__Lib_MathDouble.c,1770 :: 		
L_end_double2byte:
0x027A	0x0008      	RETURN
; end of _double2byte
_ADC_Read:
;__Lib_ADC_A_A.c,39 :: 		
;__Lib_ADC_A_A.c,41 :: 		
0x027B	0x1283      	BCF        STATUS, 5
0x027C	0x1303      	BCF        STATUS, 6
0x027D	0x019F      	CLRF       ADCON0
;__Lib_ADC_A_A.c,42 :: 		
0x027E	0x30C0      	MOVLW      192
0x027F	0x049F      	IORWF      ADCON0, 1
;__Lib_ADC_A_A.c,43 :: 		
0x0280	0x086A      	MOVF       FARG_ADC_Read_channel, 0
0x0281	0x00F0      	MOVWF      R0
0x0282	0x0DF0      	RLF        R0, 1
0x0283	0x1070      	BCF        R0, 0
0x0284	0x0DF0      	RLF        R0, 1
0x0285	0x1070      	BCF        R0, 0
0x0286	0x0DF0      	RLF        R0, 1
0x0287	0x1070      	BCF        R0, 0
0x0288	0x0870      	MOVF       R0, 0
0x0289	0x049F      	IORWF      ADCON0, 1
;__Lib_ADC_A_A.c,44 :: 		
0x028A	0x141F      	BSF        ADCON0, 0
;__Lib_ADC_A_A.c,47 :: 		
0x028B	0x20AA      	CALL       _Delay_22us
;__Lib_ADC_A_A.c,50 :: 		
0x028C	0x151F      	BSF        ADCON0, 2
;__Lib_ADC_A_A.c,53 :: 		
L_ADC_Read2:
0x028D	0x1D1F      	BTFSS      ADCON0, 2
0x028E	0x2A91      	GOTO       L_ADC_Read3
;__Lib_ADC_A_A.c,54 :: 		
0x028F	0x0000      	NOP
0x0290	0x2A8D      	GOTO       L_ADC_Read2
L_ADC_Read3:
;__Lib_ADC_A_A.c,57 :: 		
0x0291	0x101F      	BCF        ADCON0, 0
;__Lib_ADC_A_A.c,58 :: 		
0x0292	0x081E      	MOVF       ADRES, 0
0x0293	0x00F0      	MOVWF      R0
0x0294	0x01F1      	CLRF       R0+1
;__Lib_ADC_A_A.c,60 :: 		
L_end_ADC_Read:
0x0295	0x0008      	RETURN
; end of _ADC_Read
_uart1_write_byte:
;weather.c,30 :: 		void uart1_write_byte(char byte){
;weather.c,32 :: 		digit[0] = byte / 100 + 48;
0x0296	0x3064      	MOVLW      100
0x0297	0x1283      	BCF        STATUS, 5
0x0298	0x1303      	BCF        STATUS, 6
0x0299	0x00F4      	MOVWF      R4
0x029A	0x086A      	MOVF       FARG_uart1_write_byte_byte, 0
0x029B	0x00F0      	MOVWF      R0
0x029C	0x21F3      	CALL       _Div_8X8_U
0x029D	0x3030      	MOVLW      48
0x029E	0x07F0      	ADDWF      R0, 1
0x029F	0x0870      	MOVF       R0, 0
0x02A0	0x00EB      	MOVWF      uart1_write_byte_digit_L0
;weather.c,33 :: 		digit[1] = (byte % 100) / 10 + 48;
0x02A1	0x3064      	MOVLW      100
0x02A2	0x00F4      	MOVWF      R4
0x02A3	0x086A      	MOVF       FARG_uart1_write_byte_byte, 0
0x02A4	0x00F0      	MOVWF      R0
0x02A5	0x21F3      	CALL       _Div_8X8_U
0x02A6	0x0878      	MOVF       R8, 0
0x02A7	0x00F0      	MOVWF      R0
0x02A8	0x300A      	MOVLW      10
0x02A9	0x00F4      	MOVWF      R4
0x02AA	0x21F3      	CALL       _Div_8X8_U
0x02AB	0x3030      	MOVLW      48
0x02AC	0x0770      	ADDWF      R0, 0
0x02AD	0x00EC      	MOVWF      uart1_write_byte_digit_L0+1
;weather.c,34 :: 		digit[2] = byte % 10 + 48;
0x02AE	0x300A      	MOVLW      10
0x02AF	0x00F4      	MOVWF      R4
0x02B0	0x086A      	MOVF       FARG_uart1_write_byte_byte, 0
0x02B1	0x00F0      	MOVWF      R0
0x02B2	0x21F3      	CALL       _Div_8X8_U
0x02B3	0x0878      	MOVF       R8, 0
0x02B4	0x00F0      	MOVWF      R0
0x02B5	0x3030      	MOVLW      48
0x02B6	0x0770      	ADDWF      R0, 0
0x02B7	0x00ED      	MOVWF      uart1_write_byte_digit_L0+2
;weather.c,35 :: 		digit[3] = 0;
0x02B8	0x01EE      	CLRF       uart1_write_byte_digit_L0+3
;weather.c,36 :: 		uart1_write_text(digit);
0x02B9	0x306B      	MOVLW      uart1_write_byte_digit_L0
0x02BA	0x00EF      	MOVWF      FARG_UART1_Write_Text_uart_text
0x02BB	0x20B2      	CALL       _UART1_Write_Text
;weather.c,37 :: 		}
L_end_uart1_write_byte:
0x02BC	0x0008      	RETURN
; end of _uart1_write_byte
_byte2double:
;__Lib_MathDouble.c,1778 :: 		
;__Lib_MathDouble.c,1785 :: 		
0x02BD	0x1283      	BCF        STATUS, 5
;__Lib_MathDouble.c,1786 :: 		
0x02BE	0x1303      	BCF        STATUS, 6
;__Lib_MathDouble.c,1788 :: 		
0x02BF	0x0870      	MOVF       R0, 0
;__Lib_MathDouble.c,1789 :: 		
0x02C0	0x00F8      	MOVWF      R8
;__Lib_MathDouble.c,1791 :: 		
0x02C1	0x01FB      	CLRF       R11
;__Lib_MathDouble.c,1792 :: 		
0x02C2	0x01FC      	CLRF       R12
;__Lib_MathDouble.c,1794 :: 		
0x02C3	0x309E      	MOVLW      158
;__Lib_MathDouble.c,1795 :: 		
0x02C4	0x00F3      	MOVWF      R3
;__Lib_MathDouble.c,1796 :: 		
0x02C5	0x01FA      	CLRF       R10
;__Lib_MathDouble.c,1797 :: 		
0x02C6	0x01F2      	CLRF       R2
;__Lib_MathDouble.c,1798 :: 		
0x02C7	0x01F1      	CLRF       R1
;__Lib_MathDouble.c,1799 :: 		
0x02C8	0x01F0      	CLRF       R0
;__Lib_MathDouble.c,1800 :: 		
0x02C9	0x3002      	MOVLW      2
;__Lib_MathDouble.c,1801 :: 		
0x02CA	0x00FC      	MOVWF      R12
;__Lib_MathDouble.c,1803 :: 		
0x02CB	0x20FC      	CALL       _NRM4032
;__Lib_MathDouble.c,1804 :: 		
L_end_byte2double:
0x02CC	0x0008      	RETURN
; end of _byte2double
_Div_32x32_FP:
;__Lib_MathDouble.c,761 :: 		
;__Lib_MathDouble.c,773 :: 		
;__Lib_MathDouble.c,776 :: 		
0x02CD	0x1283      	BCF        STATUS, 5
0x02CE	0x1303      	BCF        STATUS, 6
0x02CF	0x0874      	MOVF       R4, 0
0x02D0	0x3A00      	XORLW      0
0x02D1	0x1D03      	BTFSS      STATUS, 2
0x02D2	0x2AE8      	GOTO       L_Div_32x32_FP7
;__Lib_MathDouble.c,777 :: 		
0x02D3	0x0875      	MOVF       R5, 0
0x02D4	0x3A00      	XORLW      0
0x02D5	0x1D03      	BTFSS      STATUS, 2
0x02D6	0x2AE8      	GOTO       L_Div_32x32_FP8
;__Lib_MathDouble.c,778 :: 		
0x02D7	0x0876      	MOVF       R6, 0
0x02D8	0x3A00      	XORLW      0
0x02D9	0x1D03      	BTFSS      STATUS, 2
0x02DA	0x2AE8      	GOTO       L_Div_32x32_FP9
;__Lib_MathDouble.c,779 :: 		
0x02DB	0x0877      	MOVF       R7, 0
0x02DC	0x3A00      	XORLW      0
0x02DD	0x1D03      	BTFSS      STATUS, 2
0x02DE	0x2AE8      	GOTO       L_Div_32x32_FP10
;__Lib_MathDouble.c,780 :: 		
0x02DF	0x30FF      	MOVLW      255
0x02E0	0x00F0      	MOVWF      R0
;__Lib_MathDouble.c,781 :: 		
0x02E1	0x30FF      	MOVLW      255
0x02E2	0x00F1      	MOVWF      R1
;__Lib_MathDouble.c,782 :: 		
0x02E3	0x307F      	MOVLW      127
0x02E4	0x00F2      	MOVWF      R2
;__Lib_MathDouble.c,783 :: 		
0x02E5	0x30FF      	MOVLW      255
0x02E6	0x00F3      	MOVWF      R3
;__Lib_MathDouble.c,784 :: 		
0x02E7	0x2B83      	GOTO       L_end_Div_32x32_FP
;__Lib_MathDouble.c,785 :: 		
L_Div_32x32_FP10:
L_Div_32x32_FP9:
L_Div_32x32_FP8:
L_Div_32x32_FP7:
;__Lib_MathDouble.c,788 :: 		
0x02E8	0x1283      	BCF        STATUS, 5
;__Lib_MathDouble.c,789 :: 		
0x02E9	0x1303      	BCF        STATUS, 6
;__Lib_MathDouble.c,791 :: 		
0x02EA	0x0877      	MOVF       R7, 0
;__Lib_MathDouble.c,792 :: 		
0x02EB	0x1903      	BTFSC      STATUS, 2
;__Lib_MathDouble.c,793 :: 		
0x02EC	0x2B77      	GOTO       JPDSETFDZ32
;__Lib_MathDouble.c,795 :: 		
0x02ED	0x0873      	MOVF       R3, 0
;__Lib_MathDouble.c,796 :: 		
0x02EE	0x1903      	BTFSC      STATUS, 2
;__Lib_MathDouble.c,797 :: 		
0x02EF	0x2B7A      	GOTO       JPDRES032
;__Lib_MathDouble.c,799 :: 		
0x02F0	0x0872      	MOVF       R2, 0
;__Lib_MathDouble.c,800 :: 		
0x02F1	0x0676      	XORWF      R6, 0
;__Lib_MathDouble.c,801 :: 		
0x02F2	0x3980      	ANDLW      128
;__Lib_MathDouble.c,802 :: 		
0x02F3	0x00FA      	MOVWF      R10
;__Lib_MathDouble.c,803 :: 		
0x02F4	0x17F2      	BSF        R2, 7
;__Lib_MathDouble.c,804 :: 		
0x02F5	0x17F6      	BSF        R6, 7
;__Lib_MathDouble.c,806 :: 		
0x02F6	0x01A0      	CLRF       __math_tempbD
;__Lib_MathDouble.c,807 :: 		
0x02F7	0x0872      	MOVF       R2, 0
;__Lib_MathDouble.c,808 :: 		
0x02F8	0x00F8      	MOVWF      R8
;__Lib_MathDouble.c,809 :: 		
0x02F9	0x0871      	MOVF       R1, 0
;__Lib_MathDouble.c,810 :: 		
0x02FA	0x00FC      	MOVWF      R12
;__Lib_MathDouble.c,811 :: 		
0x02FB	0x0870      	MOVF       R0, 0
;__Lib_MathDouble.c,812 :: 		
0x02FC	0x00FD      	MOVWF      R13
;__Lib_MathDouble.c,814 :: 		
0x02FD	0x0874      	MOVF       R4, 0
;__Lib_MathDouble.c,815 :: 		
0x02FE	0x02FD      	SUBWF      R13, 1
;__Lib_MathDouble.c,816 :: 		
0x02FF	0x0875      	MOVF       R5, 0
;__Lib_MathDouble.c,817 :: 		
0x0300	0x1C03      	BTFSS      STATUS, 0
;__Lib_MathDouble.c,818 :: 		
0x0301	0x0F75      	INCFSZ     R5, 0
;__Lib_MathDouble.c,820 :: 		
0x0302	0x02FC      	SUBWF      R12, 1
;__Lib_MathDouble.c,821 :: 		
0x0303	0x0876      	MOVF       R6, 0
;__Lib_MathDouble.c,822 :: 		
0x0304	0x1C03      	BTFSS      STATUS, 0
;__Lib_MathDouble.c,823 :: 		
0x0305	0x0F76      	INCFSZ     R6, 0
;__Lib_MathDouble.c,825 :: 		
0x0306	0x02F8      	SUBWF      R8, 1
;__Lib_MathDouble.c,826 :: 		
0x0307	0x01F8      	CLRF       R8
;__Lib_MathDouble.c,827 :: 		
0x0308	0x01FC      	CLRF       R12
;__Lib_MathDouble.c,828 :: 		
0x0309	0x01FD      	CLRF       R13
;__Lib_MathDouble.c,829 :: 		
0x030A	0x1C03      	BTFSS      STATUS, 0
;__Lib_MathDouble.c,830 :: 		
0x030B	0x2B13      	GOTO       DALIGN32OK
;__Lib_MathDouble.c,832 :: 		
0x030C	0x1003      	BCF        STATUS, 0
;__Lib_MathDouble.c,833 :: 		
0x030D	0x0CF2      	RRF        R2, 1
;__Lib_MathDouble.c,834 :: 		
0x030E	0x0CF1      	RRF        R1, 1
;__Lib_MathDouble.c,835 :: 		
0x030F	0x0CF0      	RRF        R0, 1
;__Lib_MathDouble.c,836 :: 		
0x0310	0x0CF8      	RRF        R8, 1
;__Lib_MathDouble.c,837 :: 		
0x0311	0x3001      	MOVLW      1
;__Lib_MathDouble.c,838 :: 		
0x0312	0x00A0      	MOVWF      __math_tempbD
;__Lib_MathDouble.c,839 :: 		
DALIGN32OK:
;__Lib_MathDouble.c,840 :: 		
0x0313	0x0877      	MOVF       R7, 0
;__Lib_MathDouble.c,841 :: 		
0x0314	0x02F3      	SUBWF      R3, 1
;__Lib_MathDouble.c,842 :: 		
0x0315	0x1C03      	BTFSS      STATUS, 0
;__Lib_MathDouble.c,843 :: 		
0x0316	0x2B1D      	GOTO       ALTB32
;__Lib_MathDouble.c,845 :: 		
0x0317	0x307E      	MOVLW      126
;__Lib_MathDouble.c,846 :: 		
0x0318	0x0720      	ADDWF      __math_tempbD, 0
;__Lib_MathDouble.c,847 :: 		
0x0319	0x07F3      	ADDWF      R3, 1
;__Lib_MathDouble.c,848 :: 		
0x031A	0x1803      	BTFSC      STATUS, 0
;__Lib_MathDouble.c,849 :: 		
0x031B	0x2B7D      	GOTO       JPDSETFOV32
;__Lib_MathDouble.c,850 :: 		
0x031C	0x2B22      	GOTO       DARGOK32
;__Lib_MathDouble.c,851 :: 		
ALTB32:
;__Lib_MathDouble.c,852 :: 		
0x031D	0x307E      	MOVLW      126
;__Lib_MathDouble.c,853 :: 		
0x031E	0x0720      	ADDWF      __math_tempbD, 0
;__Lib_MathDouble.c,854 :: 		
0x031F	0x07F3      	ADDWF      R3, 1
;__Lib_MathDouble.c,855 :: 		
0x0320	0x1C03      	BTFSS      STATUS, 0
;__Lib_MathDouble.c,856 :: 		
0x0321	0x2B80      	GOTO       JPDSETFUN32
;__Lib_MathDouble.c,857 :: 		
DARGOK32:
;__Lib_MathDouble.c,858 :: 		
0x0322	0x3018      	MOVLW      24
;__Lib_MathDouble.c,860 :: 		
0x0323	0x07FA      	ADDWF      R10, 1
;__Lib_MathDouble.c,861 :: 		
DLOOP32:
;__Lib_MathDouble.c,862 :: 		
0x0324	0x0DFD      	RLF        R13, 1
;__Lib_MathDouble.c,863 :: 		
0x0325	0x0DFC      	RLF        R12, 1
;__Lib_MathDouble.c,864 :: 		
0x0326	0x0DF8      	RLF        R8, 1
;__Lib_MathDouble.c,865 :: 		
0x0327	0x0DF0      	RLF        R0, 1
;__Lib_MathDouble.c,866 :: 		
0x0328	0x0DF1      	RLF        R1, 1
;__Lib_MathDouble.c,867 :: 		
0x0329	0x0DF2      	RLF        R2, 1
;__Lib_MathDouble.c,868 :: 		
0x032A	0x0DA0      	RLF        __math_tempbD, 1
;__Lib_MathDouble.c,870 :: 		
0x032B	0x0874      	MOVF       R4, 0
;__Lib_MathDouble.c,871 :: 		
0x032C	0x02F0      	SUBWF      R0, 1
;__Lib_MathDouble.c,872 :: 		
0x032D	0x0875      	MOVF       R5, 0
;__Lib_MathDouble.c,873 :: 		
0x032E	0x1C03      	BTFSS      STATUS, 0
;__Lib_MathDouble.c,874 :: 		
0x032F	0x0F75      	INCFSZ     R5, 0
;__Lib_MathDouble.c,876 :: 		
0x0330	0x02F1      	SUBWF      R1, 1
;__Lib_MathDouble.c,877 :: 		
0x0331	0x0876      	MOVF       R6, 0
;__Lib_MathDouble.c,878 :: 		
0x0332	0x1C03      	BTFSS      STATUS, 0
;__Lib_MathDouble.c,879 :: 		
0x0333	0x0F76      	INCFSZ     R6, 0
;__Lib_MathDouble.c,881 :: 		
0x0334	0x02F2      	SUBWF      R2, 1
;__Lib_MathDouble.c,882 :: 		
0x0335	0x0D76      	RLF        R6, 0
;__Lib_MathDouble.c,883 :: 		
0x0336	0x04A0      	IORWF      __math_tempbD, 1
;__Lib_MathDouble.c,884 :: 		
0x0337	0x1C20      	BTFSS      __math_tempbD, 0
;__Lib_MathDouble.c,885 :: 		
0x0338	0x2B3B      	GOTO       DREST32
;__Lib_MathDouble.c,886 :: 		
0x0339	0x147D      	BSF        R13, 0
;__Lib_MathDouble.c,887 :: 		
0x033A	0x2B46      	GOTO       DOK32
;__Lib_MathDouble.c,888 :: 		
DREST32:
;__Lib_MathDouble.c,889 :: 		
0x033B	0x0874      	MOVF       R4, 0
;__Lib_MathDouble.c,890 :: 		
0x033C	0x07F0      	ADDWF      R0, 1
;__Lib_MathDouble.c,891 :: 		
0x033D	0x0875      	MOVF       R5, 0
;__Lib_MathDouble.c,892 :: 		
0x033E	0x1803      	BTFSC      STATUS, 0
;__Lib_MathDouble.c,893 :: 		
0x033F	0x0F75      	INCFSZ     R5, 0
;__Lib_MathDouble.c,895 :: 		
0x0340	0x07F1      	ADDWF      R1, 1
;__Lib_MathDouble.c,896 :: 		
0x0341	0x0876      	MOVF       R6, 0
;__Lib_MathDouble.c,897 :: 		
0x0342	0x1803      	BTFSC      STATUS, 0
;__Lib_MathDouble.c,898 :: 		
0x0343	0x0A76      	INCF       R6, 0
;__Lib_MathDouble.c,899 :: 		
0x0344	0x07F2      	ADDWF      R2, 1
;__Lib_MathDouble.c,900 :: 		
0x0345	0x107D      	BCF        R13, 0
;__Lib_MathDouble.c,901 :: 		
DOK32:
;__Lib_MathDouble.c,903 :: 		
0x0346	0x03FA      	DECF       R10, 1
;__Lib_MathDouble.c,904 :: 		
0x0347	0x301F      	MOVLW      31
;__Lib_MathDouble.c,905 :: 		
0x0348	0x057A      	ANDWF      R10, 0
;__Lib_MathDouble.c,906 :: 		
0x0349	0x1D03      	BTFSS      STATUS, 2
;__Lib_MathDouble.c,907 :: 		
0x034A	0x2B24      	GOTO       DLOOP32
;__Lib_MathDouble.c,909 :: 		
0x034B	0x1B7B      	BTFSC      R11, 6
;__Lib_MathDouble.c,910 :: 		
0x034C	0x1C7D      	BTFSS      R13, 0
;__Lib_MathDouble.c,911 :: 		
0x034D	0x2B6D      	GOTO       DIV32OK
;__Lib_MathDouble.c,912 :: 		
0x034E	0x1003      	BCF        STATUS, 0
;__Lib_MathDouble.c,913 :: 		
0x034F	0x0DF0      	RLF        R0, 1
;__Lib_MathDouble.c,914 :: 		
0x0350	0x0DF1      	RLF        R1, 1
;__Lib_MathDouble.c,915 :: 		
0x0351	0x0DF2      	RLF        R2, 1
;__Lib_MathDouble.c,916 :: 		
0x0352	0x0DA0      	RLF        __math_tempbD, 1
;__Lib_MathDouble.c,918 :: 		
0x0353	0x0874      	MOVF       R4, 0
;__Lib_MathDouble.c,919 :: 		
0x0354	0x02F0      	SUBWF      R0, 1
;__Lib_MathDouble.c,920 :: 		
0x0355	0x0875      	MOVF       R5, 0
;__Lib_MathDouble.c,921 :: 		
0x0356	0x1C03      	BTFSS      STATUS, 0
;__Lib_MathDouble.c,922 :: 		
0x0357	0x0F75      	INCFSZ     R5, 0
;__Lib_MathDouble.c,923 :: 		
0x0358	0x02F1      	SUBWF      R1, 1
;__Lib_MathDouble.c,924 :: 		
0x0359	0x0876      	MOVF       R6, 0
;__Lib_MathDouble.c,925 :: 		
0x035A	0x1C03      	BTFSS      STATUS, 0
;__Lib_MathDouble.c,926 :: 		
0x035B	0x0F76      	INCFSZ     R6, 0
;__Lib_MathDouble.c,927 :: 		
0x035C	0x02F2      	SUBWF      R2, 1
;__Lib_MathDouble.c,928 :: 		
0x035D	0x0D76      	RLF        R6, 0
;__Lib_MathDouble.c,929 :: 		
0x035E	0x0420      	IORWF      __math_tempbD, 0
;__Lib_MathDouble.c,930 :: 		
0x035F	0x3901      	ANDLW      1
;__Lib_MathDouble.c,931 :: 		
0x0360	0x07FD      	ADDWF      R13, 1
;__Lib_MathDouble.c,932 :: 		
0x0361	0x1803      	BTFSC      STATUS, 0
;__Lib_MathDouble.c,933 :: 		
0x0362	0x0AFC      	INCF       R12, 1
;__Lib_MathDouble.c,934 :: 		
0x0363	0x1903      	BTFSC      STATUS, 2
;__Lib_MathDouble.c,935 :: 		
0x0364	0x0AF8      	INCF       R8, 1
;__Lib_MathDouble.c,936 :: 		
0x0365	0x1D03      	BTFSS      STATUS, 2
;__Lib_MathDouble.c,937 :: 		
0x0366	0x2B6D      	GOTO       DIV32OK
;__Lib_MathDouble.c,938 :: 		
0x0367	0x0CF8      	RRF        R8, 1
;__Lib_MathDouble.c,939 :: 		
0x0368	0x0CFC      	RRF        R12, 1
;__Lib_MathDouble.c,940 :: 		
0x0369	0x0CFD      	RRF        R13, 1
;__Lib_MathDouble.c,941 :: 		
0x036A	0x0AF3      	INCF       R3, 1
;__Lib_MathDouble.c,942 :: 		
0x036B	0x1903      	BTFSC      STATUS, 2
;__Lib_MathDouble.c,943 :: 		
0x036C	0x2B7D      	GOTO       JPDSETFOV32
;__Lib_MathDouble.c,944 :: 		
DIV32OK:
;__Lib_MathDouble.c,945 :: 		
0x036D	0x1FFA      	BTFSS      R10, 7
;__Lib_MathDouble.c,946 :: 		
0x036E	0x13F8      	BCF        R8, 7
;__Lib_MathDouble.c,947 :: 		
0x036F	0x0878      	MOVF       R8, 0
;__Lib_MathDouble.c,948 :: 		
0x0370	0x00F2      	MOVWF      R2
;__Lib_MathDouble.c,949 :: 		
0x0371	0x087C      	MOVF       R12, 0
;__Lib_MathDouble.c,950 :: 		
0x0372	0x00F1      	MOVWF      R1
;__Lib_MathDouble.c,951 :: 		
0x0373	0x087D      	MOVF       R13, 0
;__Lib_MathDouble.c,952 :: 		
0x0374	0x00F0      	MOVWF      R0
;__Lib_MathDouble.c,954 :: 		
0x0375	0x3000      	MOVLW      0
;__Lib_MathDouble.c,956 :: 		
0x0376	0x2B82      	GOTO       DIV32EEE
;__Lib_MathDouble.c,957 :: 		
JPDSETFDZ32:
;__Lib_MathDouble.c,958 :: 		
0x0377	0x3001      	MOVLW      1
;__Lib_MathDouble.c,961 :: 		
0x0378	0x21A7      	CALL       _SETFDZ32
;__Lib_MathDouble.c,963 :: 		
0x0379	0x2B82      	GOTO       DIV32EEE
;__Lib_MathDouble.c,964 :: 		
JPDRES032:
;__Lib_MathDouble.c,965 :: 		
0x037A	0x3002      	MOVLW      2
;__Lib_MathDouble.c,968 :: 		
0x037B	0x209F      	CALL       _RES032
;__Lib_MathDouble.c,970 :: 		
0x037C	0x2B82      	GOTO       DIV32EEE
;__Lib_MathDouble.c,971 :: 		
JPDSETFOV32:
;__Lib_MathDouble.c,972 :: 		
0x037D	0x3004      	MOVLW      4
;__Lib_MathDouble.c,975 :: 		
0x037E	0x2093      	CALL       _SETFOV32
;__Lib_MathDouble.c,977 :: 		
0x037F	0x2B82      	GOTO       DIV32EEE
;__Lib_MathDouble.c,978 :: 		
JPDSETFUN32:
;__Lib_MathDouble.c,979 :: 		
0x0380	0x3008      	MOVLW      8
;__Lib_MathDouble.c,982 :: 		
0x0381	0x2074      	CALL       _SETFUN32
;__Lib_MathDouble.c,984 :: 		
DIV32EEE:
;__Lib_MathDouble.c,985 :: 		
0x0382	0x0000      	NOP
;__Lib_MathDouble.c,994 :: 		
L_end_Div_32x32_FP:
0x0383	0x0008      	RETURN
; end of _Div_32x32_FP
_UART1_Init:
;__Lib_UART_c67.c,2 :: 		
;__Lib_UART_c67.c,5 :: 		
0x0384	0x1683      	BSF        STATUS, 5
0x0385	0x1303      	BCF        STATUS, 6
0x0386	0x1698      	BSF        TXSTA, 5
;__Lib_UART_c67.c,6 :: 		
0x0387	0x3090      	MOVLW      144
0x0388	0x1283      	BCF        STATUS, 5
0x0389	0x0098      	MOVWF      RCSTA
;__Lib_UART_c67.c,7 :: 		
0x038A	0x1683      	BSF        STATUS, 5
0x038B	0x1787      	BSF        TRISC7_bit, BitPos(TRISC7_bit+0)
;__Lib_UART_c67.c,8 :: 		
0x038C	0x1307      	BCF        TRISC6_bit, BitPos(TRISC6_bit+0)
;__Lib_UART_c67.c,10 :: 		
L_UART1_Init0:
0x038D	0x1283      	BCF        STATUS, 5
0x038E	0x1E8C      	BTFSS      PIR1, 5
0x038F	0x2B93      	GOTO       L_UART1_Init1
;__Lib_UART_c67.c,11 :: 		
0x0390	0x081A      	MOVF       RCREG, 0
0x0391	0x00F0      	MOVWF      R0
0x0392	0x2B8D      	GOTO       L_UART1_Init0
L_UART1_Init1:
;__Lib_UART_c67.c,12 :: 		
L_end_UART1_Init:
0x0393	0x0008      	RETURN
; end of _UART1_Init
_Lcd_Init:
;__Lib_Lcd.c,84 :: 		
;__Lib_Lcd.c,86 :: 		
0x0394	0x1683      	BSF        STATUS, 5
0x0395	0x1303      	BCF        STATUS, 6
0x0396	0x1186      	BCF        LCD_EN_Direction, BitPos(LCD_EN_Direction+0)
;__Lib_Lcd.c,87 :: 		
0x0397	0x1106      	BCF        LCD_RS_Direction, BitPos(LCD_RS_Direction+0)
;__Lib_Lcd.c,88 :: 		
0x0398	0x1206      	BCF        LCD_D4_Direction, BitPos(LCD_D4_Direction+0)
;__Lib_Lcd.c,89 :: 		
0x0399	0x1286      	BCF        LCD_D5_Direction, BitPos(LCD_D5_Direction+0)
;__Lib_Lcd.c,90 :: 		
0x039A	0x1306      	BCF        LCD_D6_Direction, BitPos(LCD_D6_Direction+0)
;__Lib_Lcd.c,91 :: 		
0x039B	0x1386      	BCF        LCD_D7_Direction, BitPos(LCD_D7_Direction+0)
;__Lib_Lcd.c,93 :: 		
0x039C	0x1283      	BCF        STATUS, 5
0x039D	0x1186      	BCF        LCD_EN, BitPos(LCD_EN+0)
;__Lib_Lcd.c,94 :: 		
0x039E	0x1106      	BCF        LCD_RS, BitPos(LCD_RS+0)
;__Lib_Lcd.c,95 :: 		
0x039F	0x1386      	BCF        LCD_D7, BitPos(LCD_D7+0)
;__Lib_Lcd.c,96 :: 		
0x03A0	0x1306      	BCF        LCD_D6, BitPos(LCD_D6+0)
;__Lib_Lcd.c,97 :: 		
0x03A1	0x1286      	BCF        LCD_D5, BitPos(LCD_D5+0)
;__Lib_Lcd.c,98 :: 		
0x03A2	0x1206      	BCF        LCD_D4, BitPos(LCD_D4+0)
;__Lib_Lcd.c,100 :: 		
0x03A3	0x2009      	CALL       _Delay_5500us
;__Lib_Lcd.c,101 :: 		
0x03A4	0x2009      	CALL       _Delay_5500us
;__Lib_Lcd.c,102 :: 		
0x03A5	0x2009      	CALL       _Delay_5500us
;__Lib_Lcd.c,105 :: 		
0x03A6	0x1686      	BSF        LCD_D5, BitPos(LCD_D5+0)
;__Lib_Lcd.c,106 :: 		
0x03A7	0x1606      	BSF        LCD_D4, BitPos(LCD_D4+0)
;__Lib_Lcd.c,107 :: 		
0x03A8	0x1586      	BSF        LCD_EN, BitPos(LCD_EN+0)
;__Lib_Lcd.c,108 :: 		
0x03A9	0x2003      	CALL       _Delay_1us
;__Lib_Lcd.c,109 :: 		
0x03AA	0x1186      	BCF        LCD_EN, BitPos(LCD_EN+0)
;__Lib_Lcd.c,110 :: 		
0x03AB	0x2009      	CALL       _Delay_5500us
;__Lib_Lcd.c,112 :: 		
0x03AC	0x1586      	BSF        LCD_EN, BitPos(LCD_EN+0)
;__Lib_Lcd.c,113 :: 		
0x03AD	0x2003      	CALL       _Delay_1us
;__Lib_Lcd.c,114 :: 		
0x03AE	0x1186      	BCF        LCD_EN, BitPos(LCD_EN+0)
;__Lib_Lcd.c,115 :: 		
0x03AF	0x2009      	CALL       _Delay_5500us
;__Lib_Lcd.c,117 :: 		
0x03B0	0x1586      	BSF        LCD_EN, BitPos(LCD_EN+0)
;__Lib_Lcd.c,118 :: 		
0x03B1	0x2003      	CALL       _Delay_1us
;__Lib_Lcd.c,119 :: 		
0x03B2	0x1186      	BCF        LCD_EN, BitPos(LCD_EN+0)
;__Lib_Lcd.c,120 :: 		
0x03B3	0x2009      	CALL       _Delay_5500us
;__Lib_Lcd.c,123 :: 		
0x03B4	0x1206      	BCF        LCD_D4, BitPos(LCD_D4+0)
;__Lib_Lcd.c,124 :: 		
0x03B5	0x1586      	BSF        LCD_EN, BitPos(LCD_EN+0)
;__Lib_Lcd.c,125 :: 		
0x03B6	0x2003      	CALL       _Delay_1us
;__Lib_Lcd.c,126 :: 		
0x03B7	0x1186      	BCF        LCD_EN, BitPos(LCD_EN+0)
;__Lib_Lcd.c,127 :: 		
0x03B8	0x2009      	CALL       _Delay_5500us
;__Lib_Lcd.c,130 :: 		
0x03B9	0x1586      	BSF        LCD_EN, BitPos(LCD_EN+0)
;__Lib_Lcd.c,131 :: 		
0x03BA	0x2003      	CALL       _Delay_1us
;__Lib_Lcd.c,132 :: 		
0x03BB	0x1186      	BCF        LCD_EN, BitPos(LCD_EN+0)
;__Lib_Lcd.c,134 :: 		
0x03BC	0x1286      	BCF        LCD_D5, BitPos(LCD_D5+0)
;__Lib_Lcd.c,135 :: 		
0x03BD	0x1786      	BSF        LCD_D7, BitPos(LCD_D7+0)
;__Lib_Lcd.c,136 :: 		
0x03BE	0x1586      	BSF        LCD_EN, BitPos(LCD_EN+0)
;__Lib_Lcd.c,137 :: 		
0x03BF	0x2003      	CALL       _Delay_1us
;__Lib_Lcd.c,138 :: 		
0x03C0	0x1186      	BCF        LCD_EN, BitPos(LCD_EN+0)
;__Lib_Lcd.c,139 :: 		
0x03C1	0x2009      	CALL       _Delay_5500us
;__Lib_Lcd.c,142 :: 		
0x03C2	0x1386      	BCF        LCD_D7, BitPos(LCD_D7+0)
;__Lib_Lcd.c,143 :: 		
0x03C3	0x1606      	BSF        LCD_D4, BitPos(LCD_D4+0)
;__Lib_Lcd.c,144 :: 		
0x03C4	0x1586      	BSF        LCD_EN, BitPos(LCD_EN+0)
;__Lib_Lcd.c,145 :: 		
0x03C5	0x2003      	CALL       _Delay_1us
;__Lib_Lcd.c,146 :: 		
0x03C6	0x1186      	BCF        LCD_EN, BitPos(LCD_EN+0)
;__Lib_Lcd.c,148 :: 		
0x03C7	0x1206      	BCF        LCD_D4, BitPos(LCD_D4+0)
;__Lib_Lcd.c,149 :: 		
0x03C8	0x1586      	BSF        LCD_EN, BitPos(LCD_EN+0)
;__Lib_Lcd.c,150 :: 		
0x03C9	0x2003      	CALL       _Delay_1us
;__Lib_Lcd.c,151 :: 		
0x03CA	0x1186      	BCF        LCD_EN, BitPos(LCD_EN+0)
;__Lib_Lcd.c,152 :: 		
0x03CB	0x2009      	CALL       _Delay_5500us
;__Lib_Lcd.c,155 :: 		
0x03CC	0x1586      	BSF        LCD_EN, BitPos(LCD_EN+0)
;__Lib_Lcd.c,156 :: 		
0x03CD	0x2003      	CALL       _Delay_1us
;__Lib_Lcd.c,157 :: 		
0x03CE	0x1186      	BCF        LCD_EN, BitPos(LCD_EN+0)
;__Lib_Lcd.c,159 :: 		
0x03CF	0x1606      	BSF        LCD_D4, BitPos(LCD_D4+0)
;__Lib_Lcd.c,160 :: 		
0x03D0	0x1586      	BSF        LCD_EN, BitPos(LCD_EN+0)
;__Lib_Lcd.c,161 :: 		
0x03D1	0x2003      	CALL       _Delay_1us
;__Lib_Lcd.c,162 :: 		
0x03D2	0x1186      	BCF        LCD_EN, BitPos(LCD_EN+0)
;__Lib_Lcd.c,163 :: 		
0x03D3	0x2009      	CALL       _Delay_5500us
;__Lib_Lcd.c,166 :: 		
0x03D4	0x1206      	BCF        LCD_D4, BitPos(LCD_D4+0)
;__Lib_Lcd.c,167 :: 		
0x03D5	0x1586      	BSF        LCD_EN, BitPos(LCD_EN+0)
;__Lib_Lcd.c,168 :: 		
0x03D6	0x2003      	CALL       _Delay_1us
;__Lib_Lcd.c,169 :: 		
0x03D7	0x1186      	BCF        LCD_EN, BitPos(LCD_EN+0)
;__Lib_Lcd.c,171 :: 		
0x03D8	0x1786      	BSF        LCD_D7, BitPos(LCD_D7+0)
;__Lib_Lcd.c,172 :: 		
0x03D9	0x1706      	BSF        LCD_D6, BitPos(LCD_D6+0)
;__Lib_Lcd.c,173 :: 		
0x03DA	0x1686      	BSF        LCD_D5, BitPos(LCD_D5+0)
;__Lib_Lcd.c,174 :: 		
0x03DB	0x1606      	BSF        LCD_D4, BitPos(LCD_D4+0)
;__Lib_Lcd.c,175 :: 		
0x03DC	0x1586      	BSF        LCD_EN, BitPos(LCD_EN+0)
;__Lib_Lcd.c,176 :: 		
0x03DD	0x2003      	CALL       _Delay_1us
;__Lib_Lcd.c,177 :: 		
0x03DE	0x1186      	BCF        LCD_EN, BitPos(LCD_EN+0)
;__Lib_Lcd.c,179 :: 		
0x03DF	0x2009      	CALL       _Delay_5500us
;__Lib_Lcd.c,181 :: 		
0x03E0	0x1464      	BSF        __Lib_Lcd_cmd_status, BitPos(__Lib_Lcd_cmd_status+0)
;__Lib_Lcd.c,182 :: 		
L_end_Lcd_Init:
0x03E1	0x0008      	RETURN
; end of _Lcd_Init
___CC2DW:
;__Lib_System.c,134 :: 		
;__Lib_System.c,137 :: 		
_CC2D_Loop1:
;__Lib_System.c,139 :: 		
0x03E2	0x21A0      	CALL       _____DoICP
0x03E3	0x118A      	BCF        PCLATH, 3
0x03E4	0x120A      	BCF        PCLATH, 4
;__Lib_System.c,141 :: 		
0x03E5	0x0080      	MOVWF      INDF
;__Lib_System.c,142 :: 		
0x03E6	0x0A84      	INCF       FSR, 1
;__Lib_System.c,143 :: 		
0x03E7	0x0AE2      	INCF       ___DoICPAddr, 1
;__Lib_System.c,145 :: 		
0x03E8	0x1903      	BTFSC      STATUS, 2
;__Lib_System.c,146 :: 		
0x03E9	0x0AE3      	INCF       ___DoICPAddr+1, 1
;__Lib_System.c,147 :: 		
0x03EA	0x03F0      	DECF       R0, 1
;__Lib_System.c,149 :: 		
0x03EB	0x1D03      	BTFSS      STATUS, 2
;__Lib_System.c,150 :: 		
0x03EC	0x2BE2      	GOTO       _CC2D_Loop1
;__Lib_System.c,152 :: 		
L_end___CC2DW:
0x03ED	0x0008      	RETURN
; end of ___CC2DW
_DHT11_read:
;dht11.h,38 :: 		int DHT11_read(){
;dht11.h,40 :: 		StartSignal();
0x03EE	0x20CD      	CALL       _StartSignal
;dht11.h,41 :: 		CheckResponse();
0x03EF	0x20E4      	CALL       _CheckResponse
;dht11.h,42 :: 		if(_Check == 1){
0x03F0	0x0832      	MOVF       __Check, 0
0x03F1	0x3A01      	XORLW      1
0x03F2	0x1D03      	BTFSS      STATUS, 2
0x03F3	0x2C13      	GOTO       L_DHT11_read17
;dht11.h,43 :: 		RH = ReadData();
0x03F4	0x21AA      	CALL       _ReadData
0x03F5	0x0870      	MOVF       R0, 0
0x03F6	0x00EB      	MOVWF      DHT11_read_RH_L0
;dht11.h,44 :: 		ReadData();
0x03F7	0x21AA      	CALL       _ReadData
;dht11.h,45 :: 		Temp = ReadData();
0x03F8	0x21AA      	CALL       _ReadData
0x03F9	0x0870      	MOVF       R0, 0
0x03FA	0x00EA      	MOVWF      DHT11_read_Temp_L0
;dht11.h,46 :: 		ReadData();
0x03FB	0x21AA      	CALL       _ReadData
;dht11.h,47 :: 		Sum = ReadData();
0x03FC	0x21AA      	CALL       _ReadData
;dht11.h,48 :: 		if(Sum == (RH + Temp)){
0x03FD	0x086A      	MOVF       DHT11_read_Temp_L0, 0
0x03FE	0x076B      	ADDWF      DHT11_read_RH_L0, 0
0x03FF	0x00F2      	MOVWF      R2
0x0400	0x01F3      	CLRF       R2+1
0x0401	0x1803      	BTFSC      STATUS, 0
0x0402	0x0AF3      	INCF       R2+1, 1
0x0403	0x3000      	MOVLW      0
0x0404	0x0673      	XORWF      R2+1, 0
0x0405	0x1D03      	BTFSS      STATUS, 2
0x0406	0x2C09      	GOTO       L__DHT11_read30
0x0407	0x0872      	MOVF       R2, 0
0x0408	0x0670      	XORWF      R0, 0
L__DHT11_read30:
0x0409	0x1D03      	BTFSS      STATUS, 2
0x040A	0x2C13      	GOTO       L_DHT11_read18
;dht11.h,49 :: 		return (RH << 8) + Temp;
0x040B	0x086B      	MOVF       DHT11_read_RH_L0, 0
0x040C	0x00F1      	MOVWF      R0+1
0x040D	0x01F0      	CLRF       R0
0x040E	0x086A      	MOVF       DHT11_read_Temp_L0, 0
0x040F	0x07F0      	ADDWF      R0, 1
0x0410	0x1803      	BTFSC      STATUS, 0
0x0411	0x0AF1      	INCF       R0+1, 1
0x0412	0x2C13      	GOTO       L_end_DHT11_read
;dht11.h,50 :: 		}
L_DHT11_read18:
;dht11.h,51 :: 		}
L_DHT11_read17:
;dht11.h,52 :: 		}
L_end_DHT11_read:
0x0413	0x0008      	RETURN
; end of _DHT11_read
_Lcd_Chr:
;__Lib_Lcd.c,65 :: 		
;__Lib_Lcd.c,66 :: 		
0x0414	0x2C26      	GOTO       L_Lcd_Chr4
;__Lib_Lcd.c,67 :: 		
L_Lcd_Chr6:
0x0415	0x3080      	MOVLW      128
0x0416	0x1283      	BCF        STATUS, 5
0x0417	0x1303      	BCF        STATUS, 6
0x0418	0x00EA      	MOVWF      FARG_Lcd_Chr_row
0x0419	0x2C39      	GOTO       L_Lcd_Chr5
;__Lib_Lcd.c,68 :: 		
L_Lcd_Chr7:
0x041A	0x30C0      	MOVLW      192
0x041B	0x00EA      	MOVWF      FARG_Lcd_Chr_row
0x041C	0x2C39      	GOTO       L_Lcd_Chr5
;__Lib_Lcd.c,69 :: 		
L_Lcd_Chr8:
0x041D	0x3094      	MOVLW      148
0x041E	0x00EA      	MOVWF      FARG_Lcd_Chr_row
0x041F	0x2C39      	GOTO       L_Lcd_Chr5
;__Lib_Lcd.c,70 :: 		
L_Lcd_Chr9:
0x0420	0x30D4      	MOVLW      212
0x0421	0x00EA      	MOVWF      FARG_Lcd_Chr_row
0x0422	0x2C39      	GOTO       L_Lcd_Chr5
;__Lib_Lcd.c,71 :: 		
L_Lcd_Chr10:
0x0423	0x3080      	MOVLW      128
0x0424	0x00EA      	MOVWF      FARG_Lcd_Chr_row
;__Lib_Lcd.c,72 :: 		
0x0425	0x2C39      	GOTO       L_Lcd_Chr5
L_Lcd_Chr4:
0x0426	0x1283      	BCF        STATUS, 5
0x0427	0x1303      	BCF        STATUS, 6
0x0428	0x086A      	MOVF       FARG_Lcd_Chr_row, 0
0x0429	0x3A01      	XORLW      1
0x042A	0x1903      	BTFSC      STATUS, 2
0x042B	0x2C15      	GOTO       L_Lcd_Chr6
0x042C	0x086A      	MOVF       FARG_Lcd_Chr_row, 0
0x042D	0x3A02      	XORLW      2
0x042E	0x1903      	BTFSC      STATUS, 2
0x042F	0x2C1A      	GOTO       L_Lcd_Chr7
0x0430	0x086A      	MOVF       FARG_Lcd_Chr_row, 0
0x0431	0x3A03      	XORLW      3
0x0432	0x1903      	BTFSC      STATUS, 2
0x0433	0x2C1D      	GOTO       L_Lcd_Chr8
0x0434	0x086A      	MOVF       FARG_Lcd_Chr_row, 0
0x0435	0x3A04      	XORLW      4
0x0436	0x1903      	BTFSC      STATUS, 2
0x0437	0x2C20      	GOTO       L_Lcd_Chr9
0x0438	0x2C23      	GOTO       L_Lcd_Chr10
L_Lcd_Chr5:
;__Lib_Lcd.c,74 :: 		
0x0439	0x036B      	DECF       FARG_Lcd_Chr_column, 0
0x043A	0x00F0      	MOVWF      R0
0x043B	0x086A      	MOVF       FARG_Lcd_Chr_row, 0
0x043C	0x07F0      	ADDWF      R0, 1
0x043D	0x0870      	MOVF       R0, 0
0x043E	0x00EA      	MOVWF      FARG_Lcd_Chr_row
;__Lib_Lcd.c,76 :: 		
0x043F	0x1464      	BSF        __Lib_Lcd_cmd_status, BitPos(__Lib_Lcd_cmd_status+0)
;__Lib_Lcd.c,77 :: 		
0x0440	0x0870      	MOVF       R0, 0
0x0441	0x1683      	BSF        STATUS, 5
0x0442	0x00A8      	MOVWF      FARG_Lcd_Cmd_out_char
0x0443	0x201D      	CALL       _Lcd_Cmd
;__Lib_Lcd.c,79 :: 		
0x0444	0x1064      	BCF        __Lib_Lcd_cmd_status, BitPos(__Lib_Lcd_cmd_status+0)
;__Lib_Lcd.c,80 :: 		
0x0445	0x086C      	MOVF       FARG_Lcd_Chr_out_char, 0
0x0446	0x1683      	BSF        STATUS, 5
0x0447	0x00A8      	MOVWF      FARG_Lcd_Cmd_out_char
0x0448	0x201D      	CALL       _Lcd_Cmd
;__Lib_Lcd.c,81 :: 		
0x0449	0x1464      	BSF        __Lib_Lcd_cmd_status, BitPos(__Lib_Lcd_cmd_status+0)
;__Lib_Lcd.c,82 :: 		
L_end_Lcd_Chr:
0x044A	0x0008      	RETURN
; end of _Lcd_Chr
_main:
0x044B	0x252C      	CALL       1324
;weather.c,39 :: 		void main() {
;weather.c,40 :: 		lcd_init();
0x044C	0x2394      	CALL       _Lcd_Init
;weather.c,41 :: 		lcd_cmd(_lcd_clear);
0x044D	0x3001      	MOVLW      1
0x044E	0x1683      	BSF        STATUS, 5
0x044F	0x00A8      	MOVWF      FARG_Lcd_Cmd_out_char
0x0450	0x201D      	CALL       _Lcd_Cmd
;weather.c,42 :: 		lcd_cmd(_lcd_cursor_off);
0x0451	0x300C      	MOVLW      12
0x0452	0x1683      	BSF        STATUS, 5
0x0453	0x00A8      	MOVWF      FARG_Lcd_Cmd_out_char
0x0454	0x201D      	CALL       _Lcd_Cmd
;weather.c,43 :: 		UART1_init(9600);
0x0455	0x3081      	MOVLW      129
0x0456	0x1683      	BSF        STATUS, 5
0x0457	0x0099      	MOVWF      SPBRG
0x0458	0x1518      	BSF        TXSTA, 2
0x0459	0x2384      	CALL       _UART1_Init
;weather.c,45 :: 		lcd_out(1,1,"Humidity:    %");
0x045A	0x3001      	MOVLW      1
0x045B	0x1683      	BSF        STATUS, 5
0x045C	0x00A4      	MOVWF      FARG_Lcd_Out_row
0x045D	0x3001      	MOVLW      1
0x045E	0x00A5      	MOVWF      FARG_Lcd_Out_column
0x045F	0x3023      	MOVLW      ?lstr1_weather
0x0460	0x00A6      	MOVWF      FARG_Lcd_Out_text
0x0461	0x2156      	CALL       _Lcd_Out
;weather.c,46 :: 		lcd_chr(2,4, 223);
0x0462	0x3002      	MOVLW      2
0x0463	0x00EA      	MOVWF      FARG_Lcd_Chr_row
0x0464	0x3004      	MOVLW      4
0x0465	0x00EB      	MOVWF      FARG_Lcd_Chr_column
0x0466	0x30DF      	MOVLW      223
0x0467	0x00EC      	MOVWF      FARG_Lcd_Chr_out_char
0x0468	0x2414      	CALL       _Lcd_Chr
;weather.c,47 :: 		lcd_out(2,5,"C");
0x0469	0x3002      	MOVLW      2
0x046A	0x1683      	BSF        STATUS, 5
0x046B	0x00A4      	MOVWF      FARG_Lcd_Out_row
0x046C	0x3005      	MOVLW      5
0x046D	0x00A5      	MOVWF      FARG_Lcd_Out_column
0x046E	0x3021      	MOVLW      ?lstr2_weather
0x046F	0x00A6      	MOVWF      FARG_Lcd_Out_text
0x0470	0x2156      	CALL       _Lcd_Out
;weather.c,48 :: 		lcd_out(2,9,"LDR:");
0x0471	0x3002      	MOVLW      2
0x0472	0x1683      	BSF        STATUS, 5
0x0473	0x00A4      	MOVWF      FARG_Lcd_Out_row
0x0474	0x3009      	MOVLW      9
0x0475	0x00A5      	MOVWF      FARG_Lcd_Out_column
0x0476	0x305D      	MOVLW      ?lstr3_weather
0x0477	0x00A6      	MOVWF      FARG_Lcd_Out_text
0x0478	0x2156      	CALL       _Lcd_Out
;weather.c,49 :: 		lcd_out(2,16,"%");
0x0479	0x3002      	MOVLW      2
0x047A	0x1683      	BSF        STATUS, 5
0x047B	0x00A4      	MOVWF      FARG_Lcd_Out_row
0x047C	0x3010      	MOVLW      16
0x047D	0x00A5      	MOVWF      FARG_Lcd_Out_column
0x047E	0x305B      	MOVLW      ?lstr4_weather
0x047F	0x00A6      	MOVWF      FARG_Lcd_Out_text
0x0480	0x2156      	CALL       _Lcd_Out
;weather.c,51 :: 		while(1){
L_main19:
;weather.c,52 :: 		sensor = DHT11_read();
0x0481	0x23EE      	CALL       _DHT11_read
0x0482	0x0870      	MOVF       R0, 0
0x0483	0x00E5      	MOVWF      _sensor
0x0484	0x0871      	MOVF       R0+1, 0
0x0485	0x00E6      	MOVWF      _sensor+1
;weather.c,53 :: 		hum = sensor >> 8;
0x0486	0x0871      	MOVF       R0+1, 0
0x0487	0x00F2      	MOVWF      R2
0x0488	0x01F3      	CLRF       R2+1
0x0489	0x0872      	MOVF       R2, 0
0x048A	0x00E9      	MOVWF      _hum
;weather.c,54 :: 		temp = sensor;
0x048B	0x0870      	MOVF       R0, 0
0x048C	0x00E8      	MOVWF      _temp
;weather.c,55 :: 		LDR = adc_read(1);
0x048D	0x3001      	MOVLW      1
0x048E	0x00EA      	MOVWF      FARG_ADC_Read_channel
0x048F	0x227B      	CALL       _ADC_Read
0x0490	0x0870      	MOVF       R0, 0
0x0491	0x00E7      	MOVWF      _LDR
;weather.c,56 :: 		LDR = 255 - LDR;
0x0492	0x0870      	MOVF       R0, 0
0x0493	0x3CFF      	SUBLW      255
0x0494	0x00F0      	MOVWF      R0
0x0495	0x0870      	MOVF       R0, 0
0x0496	0x00E7      	MOVWF      _LDR
;weather.c,57 :: 		LDR = LDR / 2.55;
0x0497	0x22BD      	CALL       _byte2double
0x0498	0x3033      	MOVLW      51
0x0499	0x00F4      	MOVWF      R4
0x049A	0x3033      	MOVLW      51
0x049B	0x00F5      	MOVWF      R4+1
0x049C	0x3023      	MOVLW      35
0x049D	0x00F6      	MOVWF      R4+2
0x049E	0x3080      	MOVLW      128
0x049F	0x00F7      	MOVWF      R4+3
0x04A0	0x22CD      	CALL       _Div_32x32_FP
0x04A1	0x2238      	CALL       _double2byte
0x04A2	0x0870      	MOVF       R0, 0
0x04A3	0x00E7      	MOVWF      _LDR
;weather.c,58 :: 		delay_ms(500);
0x04A4	0x300D      	MOVLW      13
0x04A5	0x00FB      	MOVWF      R11
0x04A6	0x30AF      	MOVLW      175
0x04A7	0x00FC      	MOVWF      R12
0x04A8	0x30B6      	MOVLW      182
0x04A9	0x00FD      	MOVWF      R13
L_main21:
0x04AA	0x0BFD      	DECFSZ     R13, 1
0x04AB	0x2CAA      	GOTO       L_main21
0x04AC	0x0BFC      	DECFSZ     R12, 1
0x04AD	0x2CAA      	GOTO       L_main21
0x04AE	0x0BFB      	DECFSZ     R11, 1
0x04AF	0x2CAA      	GOTO       L_main21
0x04B0	0x0000      	NOP
;weather.c,60 :: 		lcd_out_byte(1,11,hum);
0x04B1	0x3001      	MOVLW      1
0x04B2	0x00EA      	MOVWF      FARG_lcd_out_byte_x
0x04B3	0x300B      	MOVLW      11
0x04B4	0x00EB      	MOVWF      FARG_lcd_out_byte_y
0x04B5	0x0869      	MOVF       _hum, 0
0x04B6	0x00EC      	MOVWF      FARG_lcd_out_byte_byte
0x04B7	0x2204      	CALL       _lcd_out_byte
;weather.c,61 :: 		lcd_out_byte(2,1,temp);
0x04B8	0x3002      	MOVLW      2
0x04B9	0x00EA      	MOVWF      FARG_lcd_out_byte_x
0x04BA	0x3001      	MOVLW      1
0x04BB	0x00EB      	MOVWF      FARG_lcd_out_byte_y
0x04BC	0x0868      	MOVF       _temp, 0
0x04BD	0x00EC      	MOVWF      FARG_lcd_out_byte_byte
0x04BE	0x2204      	CALL       _lcd_out_byte
;weather.c,62 :: 		lcd_out_byte(2,13,LDR);
0x04BF	0x3002      	MOVLW      2
0x04C0	0x00EA      	MOVWF      FARG_lcd_out_byte_x
0x04C1	0x300D      	MOVLW      13
0x04C2	0x00EB      	MOVWF      FARG_lcd_out_byte_y
0x04C3	0x0867      	MOVF       _LDR, 0
0x04C4	0x00EC      	MOVWF      FARG_lcd_out_byte_byte
0x04C5	0x2204      	CALL       _lcd_out_byte
;weather.c,64 :: 		uart1_write_text("Humidity: ");
0x04C6	0x3043      	MOVLW      ?lstr5_weather
0x04C7	0x00EF      	MOVWF      FARG_UART1_Write_Text_uart_text
0x04C8	0x20B2      	CALL       _UART1_Write_Text
;weather.c,65 :: 		uart1_write_byte(hum);
0x04C9	0x1283      	BCF        STATUS, 5
0x04CA	0x0869      	MOVF       _hum, 0
0x04CB	0x00EA      	MOVWF      FARG_uart1_write_byte_byte
0x04CC	0x2296      	CALL       _uart1_write_byte
;weather.c,66 :: 		uart1_write_text("%\tTemperature: ");
0x04CD	0x3033      	MOVLW      ?lstr6_weather
0x04CE	0x1283      	BCF        STATUS, 5
0x04CF	0x00EF      	MOVWF      FARG_UART1_Write_Text_uart_text
0x04D0	0x20B2      	CALL       _UART1_Write_Text
;weather.c,67 :: 		uart1_write_byte(temp);
0x04D1	0x1283      	BCF        STATUS, 5
0x04D2	0x0868      	MOVF       _temp, 0
0x04D3	0x00EA      	MOVWF      FARG_uart1_write_byte_byte
0x04D4	0x2296      	CALL       _uart1_write_byte
;weather.c,68 :: 		uart1_write((char)176);
0x04D5	0x30B0      	MOVLW      176
0x04D6	0x00A7      	MOVWF      FARG_UART1_Write_data_
0x04D7	0x2080      	CALL       _UART1_Write
;weather.c,69 :: 		uart1_write_text("C\tLight: ");
0x04D8	0x3051      	MOVLW      ?lstr7_weather
0x04D9	0x00EF      	MOVWF      FARG_UART1_Write_Text_uart_text
0x04DA	0x20B2      	CALL       _UART1_Write_Text
;weather.c,70 :: 		uart1_write_byte(LDR);
0x04DB	0x1283      	BCF        STATUS, 5
0x04DC	0x0867      	MOVF       _LDR, 0
0x04DD	0x00EA      	MOVWF      FARG_uart1_write_byte_byte
0x04DE	0x2296      	CALL       _uart1_write_byte
;weather.c,71 :: 		uart1_write_text("%\n");
0x04DF	0x304E      	MOVLW      ?lstr8_weather
0x04E0	0x1283      	BCF        STATUS, 5
0x04E1	0x00EF      	MOVWF      FARG_UART1_Write_Text_uart_text
0x04E2	0x20B2      	CALL       _UART1_Write_Text
;weather.c,72 :: 		}
0x04E3	0x2C81      	GOTO       L_main19
;weather.c,73 :: 		}
L_end_main:
0x04E4	0x2CE4      	GOTO       $+0
; end of _main
0x052C	0x3021      	MOVLW      33
0x052D	0x0084      	MOVWF      FSR
0x052E	0x3041      	MOVLW      65
0x052F	0x1283      	BCF        STATUS, 5
0x0530	0x1303      	BCF        STATUS, 6
0x0531	0x00F0      	MOVWF      R0
0x0532	0x30EA      	MOVLW      234
0x0533	0x00E2      	MOVWF      ___DoICPAddr
0x0534	0x3004      	MOVLW      4
0x0535	0x00E3      	MOVWF      99
0x0536	0x23E2      	CALL       994
0x0537	0x0008      	RETURN
;weather.c,0 :: ?ICS?lstr2_weather
0x04EA	0x3443 ;?ICS?lstr2_weather+0
0x04EB	0x3400 ;?ICS?lstr2_weather+1
; end of ?ICS?lstr2_weather
;weather.c,0 :: ?ICS?lstr1_weather
0x04EC	0x3448 ;?ICS?lstr1_weather+0
0x04ED	0x3475 ;?ICS?lstr1_weather+1
0x04EE	0x346D ;?ICS?lstr1_weather+2
0x04EF	0x3469 ;?ICS?lstr1_weather+3
0x04F0	0x3464 ;?ICS?lstr1_weather+4
0x04F1	0x3469 ;?ICS?lstr1_weather+5
0x04F2	0x3474 ;?ICS?lstr1_weather+6
0x04F3	0x3479 ;?ICS?lstr1_weather+7
0x04F4	0x343A ;?ICS?lstr1_weather+8
0x04F5	0x3420 ;?ICS?lstr1_weather+9
0x04F6	0x3420 ;?ICS?lstr1_weather+10
0x04F7	0x3420 ;?ICS?lstr1_weather+11
0x04F8	0x3420 ;?ICS?lstr1_weather+12
0x04F9	0x3425 ;?ICS?lstr1_weather+13
0x04FA	0x3400 ;?ICS?lstr1_weather+14
; end of ?ICS?lstr1_weather
;weather.c,0 :: ?ICS__Check
0x04FB	0x3400 ;?ICS__Check+0
; end of ?ICS__Check
;weather.c,0 :: ?ICS?lstr6_weather
0x04FC	0x3425 ;?ICS?lstr6_weather+0
0x04FD	0x3409 ;?ICS?lstr6_weather+1
0x04FE	0x3454 ;?ICS?lstr6_weather+2
0x04FF	0x3465 ;?ICS?lstr6_weather+3
0x0500	0x346D ;?ICS?lstr6_weather+4
0x0501	0x3470 ;?ICS?lstr6_weather+5
0x0502	0x3465 ;?ICS?lstr6_weather+6
0x0503	0x3472 ;?ICS?lstr6_weather+7
0x0504	0x3461 ;?ICS?lstr6_weather+8
0x0505	0x3474 ;?ICS?lstr6_weather+9
0x0506	0x3475 ;?ICS?lstr6_weather+10
0x0507	0x3472 ;?ICS?lstr6_weather+11
0x0508	0x3465 ;?ICS?lstr6_weather+12
0x0509	0x343A ;?ICS?lstr6_weather+13
0x050A	0x3420 ;?ICS?lstr6_weather+14
0x050B	0x3400 ;?ICS?lstr6_weather+15
; end of ?ICS?lstr6_weather
;weather.c,0 :: ?ICS?lstr5_weather
0x050C	0x3448 ;?ICS?lstr5_weather+0
0x050D	0x3475 ;?ICS?lstr5_weather+1
0x050E	0x346D ;?ICS?lstr5_weather+2
0x050F	0x3469 ;?ICS?lstr5_weather+3
0x0510	0x3464 ;?ICS?lstr5_weather+4
0x0511	0x3469 ;?ICS?lstr5_weather+5
0x0512	0x3474 ;?ICS?lstr5_weather+6
0x0513	0x3479 ;?ICS?lstr5_weather+7
0x0514	0x343A ;?ICS?lstr5_weather+8
0x0515	0x3420 ;?ICS?lstr5_weather+9
0x0516	0x3400 ;?ICS?lstr5_weather+10
; end of ?ICS?lstr5_weather
;weather.c,0 :: ?ICS?lstr8_weather
0x0517	0x3425 ;?ICS?lstr8_weather+0
0x0518	0x340A ;?ICS?lstr8_weather+1
0x0519	0x3400 ;?ICS?lstr8_weather+2
; end of ?ICS?lstr8_weather
;weather.c,0 :: ?ICS?lstr7_weather
0x051A	0x3443 ;?ICS?lstr7_weather+0
0x051B	0x3409 ;?ICS?lstr7_weather+1
0x051C	0x344C ;?ICS?lstr7_weather+2
0x051D	0x3469 ;?ICS?lstr7_weather+3
0x051E	0x3467 ;?ICS?lstr7_weather+4
0x051F	0x3468 ;?ICS?lstr7_weather+5
0x0520	0x3474 ;?ICS?lstr7_weather+6
0x0521	0x343A ;?ICS?lstr7_weather+7
0x0522	0x3420 ;?ICS?lstr7_weather+8
0x0523	0x3400 ;?ICS?lstr7_weather+9
; end of ?ICS?lstr7_weather
;weather.c,0 :: ?ICS?lstr4_weather
0x0524	0x3425 ;?ICS?lstr4_weather+0
0x0525	0x3400 ;?ICS?lstr4_weather+1
; end of ?ICS?lstr4_weather
;weather.c,0 :: ?ICS?lstr3_weather
0x0526	0x344C ;?ICS?lstr3_weather+0
0x0527	0x3444 ;?ICS?lstr3_weather+1
0x0528	0x3452 ;?ICS?lstr3_weather+2
0x0529	0x343A ;?ICS?lstr3_weather+3
0x052A	0x3400 ;?ICS?lstr3_weather+4
; end of ?ICS?lstr3_weather
Symbol List:
//** Routines locations **
//ADDRESS    SIZE    PROCEDURE
//----------------------------------------------
0x0003       [6]    _Delay_1us
0x0009      [13]    _Delay_5500us
0x0016       [7]    _Delay_50us
0x001D      [87]    _Lcd_Cmd
0x0074      [12]    _SETFUN32
0x0080      [10]    _UART1_Write
0x008A       [9]    _Lcd_Chr_CP
0x0093      [12]    _SETFOV32
0x009F       [7]    _RES032
0x00A6       [4]    _FIXSIGN32
0x00AA       [8]    _Delay_22us
0x00B2      [27]    _UART1_Write_Text
0x00CD      [23]    _StartSignal
0x00E4      [24]    _CheckResponse
0x00FC      [90]    _NRM4032
0x0156      [74]    _Lcd_Out
0x01A0       [7]    _____DoICP
0x01A7       [3]    _SETFDZ32
0x01AA      [60]    _ReadData
0x01E6      [13]    _SETIOV3224
0x01F3      [17]    _Div_8X8_U
0x0204      [52]    _lcd_out_byte
0x0238      [67]    _double2byte
0x027B      [27]    _ADC_Read
0x0296      [39]    _uart1_write_byte
0x02BD      [16]    _byte2double
0x02CD     [183]    _Div_32x32_FP
0x0384      [16]    _UART1_Init
0x0394      [78]    _Lcd_Init
0x03E2      [12]    ___CC2DW
0x03EE      [38]    _DHT11_read
0x0414      [55]    _Lcd_Chr
0x044B     [153]    _main
//** Variables locations ** 
//ADDRESS    SIZE    VARIABLE
//----------------------------------------------
0x0000       [1]    INDF
0x0002       [1]    PCL
0x0003       [1]    STATUS
0x0004       [1]    FSR
0x0006       [0]    LCD_D4
0x0006       [0]    LCD_EN
0x0006       [0]    LCD_D7
0x0006       [0]    LCD_D6
0x0006       [0]    RB7_bit
0x0006       [0]    RB5_bit
0x0006       [0]    RB4_bit
0x0006       [0]    LCD_RS
0x0006       [0]    RB2_bit
0x0006       [0]    LCD_D5
0x0006       [0]    RB6_bit
0x0006       [0]    RB3_bit
0x0007       [0]    DHT11
0x0007       [0]    RC0_bit
0x000A       [1]    PCLATH
0x000C       [1]    PIR1
0x0018       [1]    RCSTA
0x0019       [1]    TXREG
0x001A       [1]    RCREG
0x001E       [1]    ADRES
0x001F       [1]    ADCON0
0x0020       [1]    __math_tempbD
0x0021       [2]    ?lstr2_weather
0x0023      [15]    ?lstr1_weather
0x0032       [1]    __Check
0x0033      [16]    ?lstr6_weather
0x0043      [11]    ?lstr5_weather
0x004E       [3]    ?lstr8_weather
0x0051      [10]    ?lstr7_weather
0x005B       [2]    ?lstr4_weather
0x005D       [5]    ?lstr3_weather
0x0062       [2]    ___DoICPAddr
0x0064       [0]    __Lib_Lcd_cmd_status
0x0065       [2]    _sensor
0x0067       [1]    _LDR
0x0068       [1]    _temp
0x0069       [1]    _hum
0x006A       [1]    FARG_lcd_out_byte_x
0x006A       [1]    FARG_ADC_Read_channel
0x006A       [1]    FARG_uart1_write_byte_byte
0x006A       [1]    FARG_Lcd_Chr_row
0x006A       [1]    DHT11_read_Temp_L0
0x006B       [4]    uart1_write_byte_digit_L0
0x006B       [1]    FARG_Lcd_Chr_column
0x006B       [1]    FARG_lcd_out_byte_y
0x006B       [1]    DHT11_read_RH_L0
0x006C       [1]    FARG_Lcd_Chr_out_char
0x006C       [1]    FARG_lcd_out_byte_byte
0x006F       [1]    Lcd_Out_i_L0
0x006F       [1]    FARG_UART1_Write_Text_uart_text
0x0070       [1]    R0
0x0071       [1]    R1
0x0072       [1]    R2
0x0073       [1]    R3
0x0074       [1]    R4
0x0075       [1]    R5
0x0076       [1]    R6
0x0077       [1]    R7
0x0078       [1]    R8
0x0079       [1]    R9
0x007A       [1]    R10
0x007B       [1]    R11
0x007C       [1]    R12
0x007D       [1]    R13
0x007E       [1]    R14
0x007F       [1]    R15
0x0086       [0]    TRISB3_bit
0x0086       [0]    TRISB2_bit
0x0086       [0]    TRISB4_bit
0x0086       [0]    TRISB7_bit
0x0086       [0]    TRISB6_bit
0x0086       [0]    TRISB5_bit
0x0086       [0]    LCD_D5_Direction
0x0086       [0]    LCD_D6_Direction
0x0086       [0]    LCD_D7_Direction
0x0086       [0]    LCD_D4_Direction
0x0086       [0]    LCD_RS_Direction
0x0086       [0]    LCD_EN_Direction
0x0087       [0]    TRISC7_bit
0x0087       [0]    TRISC6_bit
0x0087       [0]    DHT11_dir
0x0087       [0]    TRISC0_bit
0x0098       [1]    TXSTA
0x0099       [1]    SPBRG
0x00A0       [4]    lcd_out_byte_digit_L0
0x00A4       [1]    FARG_Lcd_Out_row
0x00A4       [1]    UART1_Write_Text_data__L0
0x00A5       [1]    UART1_Write_Text_counter_L0
0x00A5       [1]    FARG_Lcd_Out_column
0x00A6       [1]    FARG_Lcd_Out_text
0x00A7       [1]    FARG_UART1_Write_data_
0x00A7       [1]    FARG_Lcd_Chr_CP_out_char
0x00A8       [1]    FARG_Lcd_Cmd_out_char
//** Constants locations ** 
//ADDRESS    SIZE    CONSTANT
//----------------------------------------------
0x04EA       [2]    ?ICS?lstr2_weather
0x04EC      [15]    ?ICS?lstr1_weather
0x04FB       [1]    ?ICS__Check
0x04FC      [16]    ?ICS?lstr6_weather
0x050C      [11]    ?ICS?lstr5_weather
0x0517       [3]    ?ICS?lstr8_weather
0x051A      [10]    ?ICS?lstr7_weather
0x0524       [2]    ?ICS?lstr4_weather
0x0526       [5]    ?ICS?lstr3_weather
