0	1	mikroCPIC1618.exe -MSF -DBG -pP16F73 -DL -O11111114 -fo20 -N"C:\Users\antor\Google Drive\Embedded Projects\Tanvir Bhai\Projects\16. IoT Home report\Firmware C\WebHome.mcppi" -SP"C:\Program Files (x86)\mikroC PRO for PIC\Defs\" -SP"C:\Program Files (x86)\mikroC PRO for PIC\Uses\P16\" -SP"C:\Users\antor\Google Drive\Embedded Projects\Tanvir Bhai\Projects\16. IoT Home report\Firmware C\" "WebHome.c" "__Lib_Math.mcl" "__Lib_MathDouble.mcl" "__Lib_System.mcl" "__Lib_Delays.mcl" "__Lib_CType.mcl" "__Lib_CString.mcl" "__Lib_CStdlib.mcl" "__Lib_CMath.mcl" "__Lib_MemManager.mcl" "__Lib_Conversions.mcl" "__Lib_Sprinti.mcl" "__Lib_Sprintl.mcl" "__Lib_Time.mcl" "__Lib_Trigonometry.mcl" "__Lib_Button.mcl" "__Lib_Keypad4x4.mcl" "__Lib_Manchester.mcl" "__Lib_OneWire.mcl" "__Lib_PS2.mcl" "__Lib_Sound.mcl" "__Lib_SoftI2C.mcl" "__Lib_SoftSPI.mcl" "__Lib_SoftUART.mcl" "__Lib_ADC_A_A.mcl" "__Lib_PWM_c21.mcl" "__Lib_SPI_c345.mcl" "__Lib_UART_c67.mcl" "__Lib_PortExpander.mcl" "__Lib_CANSPI.mcl" "__Lib_CF.mcl" "__Lib_GlcdFonts.mcl" "__Lib_Glcd.mcl" "__Lib_LcdConsts.mcl" "__Lib_Lcd.mcl" "__Lib_RS485.mcl" "__Lib_S1D13700.mcl" "__Lib_T6963C.mcl" "__Lib_SPIGlcd.mcl" "__Lib_SPILcd.mcl" "__Lib_SPILcd8.mcl" "__Lib_SPIT6963C.mcl" "__Lib_TouchPanel.mcl"	 
hint: 0	1139	Available RAM: 176 [bytes], Available ROM: 4096 [bytes]	 
diagnostics: 0	122	Compilation Started	WebHome.c
warning: 73	1509	Generated baud rate is 9615 bps (error = 0.16 percent)	WebHome.c
diagnostics: 85	123	Compiled Successfully	WebHome.c
diagnostics: 0	127	All files Compiled in 32 ms	 
error: 0	362	Not enough RAM '?lstr6_WebHome'	WebHome.c
error: 0	362	Not enough RAM '?lstr9_WebHome'	WebHome.c
error: 0	362	Not enough RAM '?lstr8_WebHome'	WebHome.c
error: 24	362	Not enough RAM 's_value'	WebHome.c
error: 24	362	Not enough RAM 'g_value'	WebHome.c
error: 24	362	Not enough RAM 'v_value'	WebHome.c
error: 4	362	Not enough RAM '__saveSTATUS'	__Lib_System.c
error: 4	362	Not enough RAM '__savePCLATH'	__Lib_System.c
error: 184	362	Not enough RAM 'text'	__Lib_Lcd.c
error: 186	362	Not enough RAM 'i'	__Lib_Lcd.c
error: 50	362	Not enough RAM 'out_char'	__Lib_Lcd.c
error: 47	362	Not enough RAM 'uart_text'	__Lib_UART_c67.c
error: 48	362	Not enough RAM 'data_'	__Lib_UART_c67.c
error: 48	362	Not enough RAM 'counter'	__Lib_UART_c67.c
error: 18	362	Not enough RAM 'out_char'	__Lib_Lcd.c
error: 39	362	Not enough RAM 'data_'	__Lib_UART_c67.c
error: 0	102	Finished (with errors): 11 Apr 2017, 20:58:42	WebHome.mcppi
