MPASM  5.42                               A.S   12-21-2016  12:34:59         PAGE  1


LOC  OBJECT CODE     LINE SOURCE TEXT
  VALUE


                      00002         list
                      00003 ;{
                      00004 ;FILE F1 = D:\1. ELECTRONICS\ANTOR'S CORNER\TANVIR BHAI\PROJECTS\2. RF VOICE RESPONSE\FIRMWARE\RX\RX.BAS
                      00005 ;FILE F2 = D:\1. ELECTRONICS\ANTOR'S CORNER\TANVIR BHAI\PROJECTS\2. RF VOICE RESPONSE\FIRMWARE\RX\RX.PRP
                      00006 ;}
                      00007 ;[Variable Listing]
                      00008 ;dta,0039,DT_BYTE,1
                      00009 ;buzz,0007.4,DT_BIT
                      00010 ;A,0039.0,DT_BIT
                      00011 ;B,0039.1,DT_BIT
                      00012 ;C,0039.2,DT_BIT
                      00013 ;D,0039.3,DT_BIT
                      00014 ;E,0039.4,DT_BIT
                      00015 ;[End Listing]
                      00016 ;[TOTAL VARS] 26

                      00018 #define CONFIG_REQ 1
MESSAGE[308]: WARNING LEVEL SUPERSEDED BY COMMAND LINE VALUE. (2)
                      00019  LIST  P = 16C72, F = INHX8M, W = 2, X = ON, R = DEC, MM = ON, N = 0, C = 255
  00000000            00020 INDF equ 0X0000
  00000001            00021 TMR0 equ 0X0001
  00000002            00022 PCL equ 0X0002
  00000003            00023 STATUS equ 0X0003
  00000004            00024 FSR equ 0X0004
  00000005            00025 PORTA equ 0X0005
  00000006            00026 PORTB equ 0X0006
  00000007            00027 PORTC equ 0X0007
  0000000A            00028 PCLATH equ 0X000A
  0000000B            00029 INTCON equ 0X000B
  0000000C            00030 PIR1 equ 0X000C
  0000000E            00031 TMR1L equ 0X000E
  0000000F            00032 TMR1LH equ 0X000F
  0000000F            00033 TMR1H equ 0X000F
  00000010            00034 T1CON equ 0X0010
  00000011            00035 TMR2 equ 0X0011
  00000012            00036 T2CON equ 0X0012
  00000013            00037 SSPBUF equ 0X0013
  00000014            00038 SSPCON equ 0X0014
  00000015            00039 CCPR1L equ 0X0015
  00000016            00040 CCPR1LH equ 0X0016
  00000016            00041 CCPR1H equ 0X0016
  00000017            00042 CCP1CON equ 0X0017
  0000001E            00043 ADRES equ 0X001E
  0000001F            00044 ADCON0 equ 0X001F
  00000081            00045 OPTION_REG equ 0X0081
  00000085            00046 TRISA equ 0X0085
  00000086            00047 TRISB equ 0X0086
  00000087            00048 TRISC equ 0X0087
  0000008C            00049 PIE1 equ 0X008C
  0000008E            00050 PCON equ 0X008E
  00000092            00051 PR2 equ 0X0092
  00000093            00052 SSPADD equ 0X0093
  00000094            00053 SSPSTAT equ 0X0094
  0000009F            00054 ADCON1 equ 0X009F
  00000087            00055 _I2C_SCL_PORT=TRISC
  00000003            00056 _I2C_SCL_PIN=3
  00000087            00057 _I2C_SDA_PORT=TRISC
  00000003            00058 _I2C_SDA_PIN=3
  00000007            00059 IRP=7
  00000006            00060 RP1=6
  00000005            00061 RP0=5
  00000004            00062 NOT_TO=4
  00000003            00063 NOT_PD=3
  00000002            00064 Z=2
  00000001            00065 DC=1
  00000000            00066 C=0
  00000007            00067 GIE=7
  00000006            00068 PEIE=6
  00000005            00069 T0IE=5
  00000004            00070 INTE=4
  00000003            00071 RBIE=3
  00000002            00072 T0IF=2
  00000001            00073 INTF=1
  00000000            00074 RBIF=0
  00000006            00075 ADIF=6
  00000003            00076 SSPIF=3
  00000002            00077 CCP1IF=2
  00000001            00078 TMR2IF=1
  00000000            00079 TMR1IF=0
  00000005            00080 T1CKPS1=5
  00000004            00081 T1CKPS0=4
  00000003            00082 T1OSCEN=3
  00000002            00083 NOT_T1SYNC=2
  00000002            00084 T1INSYNC=2
  00000001            00085 TMR1CS=1
  00000000            00086 TMR1ON=0
  00000006            00087 TOUTPS3=6
  00000005            00088 TOUTPS2=5
  00000004            00089 TOUTPS1=4
  00000003            00090 TOUTPS0=3
  00000002            00091 TMR2ON=2
  00000002            00092 PP_TMR2ON=2
  00000001            00093 T2CKPS1=1
  00000001            00094 PP_T2CKPS1=1
  00000000            00095 T2CKPS0=0
  00000000            00096 PP_T2CKPS0=0
  00000007            00097 WCOL=7
  00000006            00098 SSPOV=6
  00000005            00099 SSPEN=5
  00000004            00100 CKP=4
  00000003            00101 SSPM3=3
  00000002            00102 SSPM2=2
  00000001            00103 SSPM1=1
  00000000            00104 SSPM0=0
  00000005            00105 CCP1X=5
  00000004            00106 CCP1Y=4
  00000003            00107 CCP1M3=3
  00000002            00108 CCP1M2=2
  00000001            00109 CCP1M1=1
  00000000            00110 CCP1M0=0
  00000007            00111 ADCS1=7
  00000006            00112 ADCS0=6
  00000005            00113 CHS2=5
  00000004            00114 CHS1=4
  00000003            00115 CHS0=3
  00000002            00116 GO=2
  00000002            00117 NOT_DONE=2
  00000002            00118 GO_DONE=2
  00000002            00119 PP_GO_DONE=2
  00000000            00120 ADON=0
  00000007            00121 NOT_RBPU=7
  00000006            00122 INTEDG=6
  00000005            00123 T0CS=5
  00000004            00124 T0SE=4
  00000003            00125 PSA=3
  00000002            00126 PS2=2
  00000001            00127 PS1=1
  00000000            00128 PS0=0
  00000006            00129 ADIE=6
  00000003            00130 SSPIE=3
  00000002            00131 CCP1IE=2
  00000001            00132 TMR2IE=1
  00000000            00133 TMR1IE=0
  00000001            00134 NOT_POR=1
  00000000            00135 NOT_BO=0
  00000000            00136 NOT_BOR=0
  00000005            00137 I2C_DATA=5
  00000005            00138 NOT_A=5
  00000005            00139 NOT_ADDRESS=5
  00000005            00140 D_A=5
  00000005            00141 DATA_ADDRESS=5
  00000004            00142 I2C_STOP=4
  00000003            00143 I2C_START=3
  00000002            00144 I2C_READ=2
  00000002            00145 NOT_W=2
  00000002            00146 NOT_WRITE=2
  00000002            00147 R_W=2
  00000002            00148 PP_R_W=2
  00000002            00149 READ_WRITE=2
  00000001            00150 UA=1
  00000000            00151 BF=0
  00000000            00152 PP_BF=0
  00000002            00153 PCFG2=2
  00000001            00154 PCFG1=1
  00000000            00155 PCFG0=0
  000000BF            00156   __MAXRAM 0XBF
                      00157   __BADRAM 0X08-0X09, 0X0D, 0X18-0X1D
                      00158   __BADRAM 0X88-0X89, 0X8D, 0X8F-0X91, 0X95-0X9E
  00003FFF            00159 BODEN_ON equ 0X3FFF
  00003FBF            00160 BODEN_OFF equ 0X3FBF
  000000CF            00161 CP_ALL equ 0X00CF
  000015DF            00162 CP_75 equ 0X15DF
  00002AEF            00163 CP_50 equ 0X2AEF
  00003FFF            00164 CP_OFF equ 0X3FFF
  00003FFF            00165 PWRTE_OFF equ 0X3FFF
  00003FF7            00166 PWRTE_ON equ 0X3FF7
  00003FFF            00167 WDT_ON equ 0X3FFF
  00003FFB            00168 WDT_OFF equ 0X3FFB
  00003FFC            00169 LP_OSC equ 0X3FFC
  00003FFD            00170 XT_OSC equ 0X3FFD
  00003FFE            00171 HS_OSC equ 0X3FFE
  00003FFF            00172 RC_OSC equ 0X3FFF
  00003FBF            00173 BOREN_OFF equ 0X3FBF
  00003FFF            00174 BOREN_ON equ 0X3FFF
  00003FFE            00175 FOSC_HS equ 0X3FFE
  00003FFC            00176 FOSC_LP equ 0X3FFC
  00003FFF            00177 FOSC_RC equ 0X3FFF
  00003FFD            00178 FOSC_XT equ 0X3FFD
  00003FFB            00179 WDTE_OFF equ 0X3FFB
  00003FFF            00180 WDTE_ON equ 0X3FFF

                      00184 #define __16C72 1
                      00185 #define XTAL 8
                      00186 #define _CORE 14
                      00187 #define _MAXRAM 128
                      00188 #define _RAM_END 0X0080
                      00189 #define _MAXMEM 2048
                      00190 #define _ADC 5
                      00191 #define _ADC_RES 8
                      00192 #define _EEPROM 0
                      00193 #define _PAGES 1
                      00194 #define _BANKS 2
                      00195 #define RAM_BANKS 2
                      00196 #define _USART 0
                      00197 #define _USB 0
                      00198 #define _FLASH 0
                      00199 #define _CWRITE_BLOCK 0
                      00200 #define BANK0_START 0X20
                      00201 #define BANK0_END 0X7F
                      00202 #define BANK1_START 0X00A0
                      00203 #define BANK1_END 0X00BF
                      00204 #define _SYSTEM_VARIABLE_COUNT 25
  00000000            00205 ram_bank = 0
  00000000            00206 CURRENT@PAGE = 0
  00000000            00207 DEST@PAGE = 0
                      00208 #define LCD#DTPORT PORTB
                      00209 #define LCD#DTPIN 4
                      00210 #define LCD#RSPORT PORTB
                      00211 #define LCD#RSPIN 2
                      00212 #define LCD#ENPORT PORTB
                      00213 #define LCD#ENPIN 3
                      00214 #define LCD#INTERFACE 4
                      00215 #define LCD#TYPE 0
                      00217 f@call macro PDEST
                      00218 if(PDEST < 1)
                      00219 else
                      00220 if(PDEST > $)
                      00221 else
                      00222 endif
                      00223 endif
                      00224         call PDEST
                      00225         endm
                      00226 F@JUMP macro PDEST
                      00227 if(PDEST < 1)
                      00228 else
                      00229 if(PDEST > $)
                      00230 else
                      00231 endif
                      00232 endif
                      00233         goto PDEST
                      00234         endm
                      00235 set@page macro PDEST
                      00236         endm
                      00237 s@b     macro pVarin
                      00238 if((pVarin & 384) == 0)
                      00239 if(ram_bank == 1)
                      00240         bcf 3,5
                      00241 endif
                      00242 if(ram_bank == 2)
                      00243         bcf 3,6
                      00244 endif
                      00245 if(ram_bank == 3)
                      00246         bcf 3,5
                      00247         bcf 3,6
                      00248 endif
                      00249 ram_bank = 0
                      00250 endif
                      00251 if((pVarin & 384) == 128)
                      00252 if(ram_bank == 0)
                      00253         bsf 3,5
                      00254 endif
                      00255 if(ram_bank == 2)
                      00256         bsf 3,5
                      00257         bcf 3,6
                      00258 endif
                      00259 if(ram_bank == 3)
                      00260         bcf 3,6
                      00261 endif
                      00262 ram_bank = 1
                      00263 endif
                      00264 if((pVarin & 384) == 256)
                      00265 if(ram_bank == 0)
                      00266         bsf 3,6
                      00267 endif
                      00268 if(ram_bank == 1)
                      00269         bcf 3,5
                      00270         bsf 3,6
                      00271 endif
                      00272 if(ram_bank == 3)
                      00273         bcf 3,5
                      00274 endif
                      00275 ram_bank = 2
                      00276 endif
                      00277         endm
                      00278 r@b     macro
                      00279 if((ram_bank & 1) != 0)
                      00280         bcf 3,5
                      00281 endif
                      00282 if((ram_bank & 2) != 0)
                      00283         bcf 3,6
                      00284 endif
                      00285 ram_bank = 0
                      00286         endm
                      00287 jump macro PLABEL
                      00288     goto PLABEL
                      00289     endm
                      00290 wreg_byte macro pByteOut
                      00291     s@b pByteOut
                      00292     movwf pByteOut
                      00293     r@b
                      00294     endm
                      00295 wreg_bit macro pVarOut,pBitout
                      00296     s@b pVarOut
                      00297     andlw 1
                      00298     btfsc STATUS,2
                      00299     bcf pVarOut,pBitout
                      00300     btfss STATUS,2
                      00301     bsf pVarOut,pBitout
                      00302     r@b
                      00303     endm
                      00304 wreg_word macro pWordOut
                      00305     s@b pWordOut
                      00306     movwf pWordOut
                      00307     s@b pWordOut+1
                      00308     clrf pWordOut+1
                      00309     r@b
                      00310     endm
                      00311 wreg_dword macro pDwordOut
                      00312     s@b pDwordOut+3
                      00313     clrf pDwordOut+3
                      00314     s@b pDwordOut+2
                      00315     clrf pDwordOut+2
                      00316     s@b pDwordOut+1
                      00317     clrf pDwordOut+1
                      00318     s@b pDwordOut
                      00319     movwf pDwordOut
                      00320     r@b
                      00321     endm
                      00322 byte_wreg macro pByteIn
                      00323     s@b pByteIn
                      00324     movf pByteIn,W
                      00325     r@b
                      00326     endm
                      00327 num_wreg macro pNumIn
                      00328     movlw (pNumIn & 255)
                      00329     endm
                      00330 num_byte macro pNumIn,pByteOut
                      00331     s@b pByteOut
                      00332 if(pNumIn == 0)
                      00333     clrf pByteOut
                      00334 else
                      00335     movlw (pNumIn & 255)
                      00336     movwf pByteOut
                      00337 endif
                      00338     r@b
                      00339     endm
                      00340 num_bit macro pNumIn,pVarOut,pBitout
                      00341     s@b pVarOut
                      00342 if((pNumIn & 1) == 1)
                      00343     bsf pVarOut,pBitout
                      00344 else
                      00345     bcf pVarOut,pBitout
                      00346 endif
                      00347     r@b
                      00348     endm
                      00349 num_word macro pNumIn,pWordOut
                      00350 if((pNumIn & 255) == 0)
                      00351     s@b pWordOut
                      00352     clrf pWordOut
                      00353 else
                      00354     s@b pWordOut
                      00355     movlw low (pNumIn)
                      00356     movwf pWordOut
                      00357 endif
                      00358 if(((pNumIn >> 8) & 255) == 0)
                      00359     s@b pWordOut+1
                      00360     clrf pWordOut+1
                      00361 else
                      00362     s@b pWordOut+1
                      00363     movlw high (pNumIn)
                      00364     movwf pWordOut+1
                      00365 endif
                      00366     r@b
                      00367     endm
                      00368 num_dword macro pNumIn,pDwordOut
                      00369 if ((pNumIn >> 24 & 255) == 0)
                      00370     s@b pDwordOut+3
                      00371     clrf pDwordOut+3
                      00372 else
                      00373     s@b pDwordOut+3
                      00374     movlw ((pNumIn >> 24) & 255)
                      00375     movwf pDwordOut+3
                      00376 endif
                      00377 if( ((pNumIn >> 16) & 255) == 0)
                      00378     s@b pDwordOut+2
                      00379     clrf pDwordOut+2
                      00380 else
                      00381     s@b pDwordOut+2
                      00382     movlw ((pNumIn >> 16) & 255)
                      00383     movwf pDwordOut+2
                      00384 endif
                      00385 if( ((pNumIn >> 8) & 255) == 0)
                      00386     s@b pDwordOut+1
                      00387     clrf pDwordOut+1
                      00388 else
                      00389     s@b pDwordOut+1
                      00390     movlw high (pNumIn)
                      00391     movwf pDwordOut+1
                      00392 endif
                      00393 if((pNumIn & 255) == 0)
                      00394     s@b pDwordOut
                      00395     clrf pDwordOut
                      00396 else
                      00397     s@b pDwordOut
                      00398     movlw low (pNumIn)
                      00399     movwf pDwordOut
                      00400 endif
                      00401     r@b
                      00402     endm
                      00403 bit_wreg macro pVarin,pBitIn
                      00404     s@b pVarin
                      00405     clrw
                      00406     btfsc pVarin,pBitIn
                      00407     movlw 1
                      00408     r@b
                      00409     endm
                      00410 bit_byte macro pVarin,pBitIn,pByteOut
                      00411     s@b pVarin
                      00412     clrw
                      00413     btfsc pVarin,pBitIn
                      00414     movlw 1
                      00415     s@b pByteOut
                      00416     movwf pByteOut
                      00417     r@b
                      00418     endm
                      00419 bit_bit macro pVarin,pBitIn,pVarOut,pBitout
                      00420 if((pVarin & 65408) == (pVarOut & 65408))
                      00421     s@b pVarOut
                      00422     btfsc pVarin,pBitIn
                      00423     bsf pVarOut,pBitout
                      00424     btfss pVarin,pBitIn
                      00425     bcf pVarOut,pBitout
                      00426 else
                      00427     s@b pVarin
                      00428     clrdc
                      00429     btfsc pVarin,pBitIn
                      00430     setdc
                      00431     s@b pVarOut
                      00432     skpndc
                      00433     bsf pVarOut,pBitout
                      00434     skpdc
                      00435     bcf pVarOut,pBitout
                      00436 endif
                      00437     endm
                      00438 bit_word macro pVarin,pBitIn,pWordOut
                      00439     s@b pWordOut+1
                      00440     clrf pWordOut+1
                      00441     bit_byte pVarin,pBitIn,pWordOut
                      00442     endm
                      00443 bit_dword macro pVarin,pBitIn,pDwordOut
                      00444     s@b pDwordOut+3
                      00445     clrf pDwordOut+3
                      00446     s@b pDwordOut+2
                      00447     clrf pDwordOut+2
                      00448     s@b pDwordOut+1
                      00449     clrf pDwordOut+1
                      00450     bit_byte pVarin,pBitIn,pDwordOut
                      00451     endm
                      00452 word_wreg macro pWordIn
                      00453     byte_wreg pWordIn
                      00454     endm
                      00455 word_byte macro pWordIn,pByteOut
                      00456     byte_byte pWordIn,pByteOut
                      00457     endm
                      00458 word_bit macro pWordIn,pVarOut,pBitout
                      00459     byte_bit pWordIn, pVarOut, pBitout
                      00460     endm
                      00461 word_word macro pWordIn,pWordOut
                      00462     s@b pWordIn+1
                      00463     movf pWordIn+1,W
                      00464     s@b pWordOut+1
                      00465     movwf pWordOut+1
                      00466     byte_byte pWordIn,pWordOut
                      00467     endm
                      00468 word_dword macro pWordIn,pDwordOut
                      00469     s@b pDwordOut+3
                      00470     clrf pDwordOut+3
                      00471     s@b pDwordOut+2
                      00472     clrf pDwordOut+2
                      00473     byte_byte pWordIn+1,pDwordOut+1
                      00474     byte_byte pWordIn,pDwordOut
                      00475     endm
                      00476 byte_byte macro pByteIn,pByteOut
                      00477     s@b pByteIn
                      00478     movf pByteIn,W
                      00479     s@b pByteOut
                      00480     movwf pByteOut
                      00481     r@b
                      00482     endm
                      00483 byte_word macro pByteIn,pWordOut
                      00484     s@b pWordOut+1
                      00485     clrf pWordOut+1
                      00486     byte_byte pByteIn,pWordOut
                      00487     endm
                      00488 byte_dword macro pByteIn,pDwordOut
                      00489     s@b pDwordOut+3
                      00490     clrf pDwordOut+3
                      00491     s@b pDwordOut+2
                      00492     clrf pDwordOut+2
                      00493     s@b pDwordOut+1
                      00494     clrf pDwordOut+1
                      00495     byte_byte pByteIn,pDwordOut
                      00496     endm
                      00497     byte_bit macro pByteIn,pVarOut,pBitout
                      00498 if((pByteIn & 65408) == (pVarOut & 65408))
                      00499     s@b pByteIn
                      00500     btfsc pByteIn,0
                      00501     bsf pVarOut,pBitout
                      00502     btfss pByteIn,0
                      00503     bcf pVarOut,pBitout
                      00504 else
                      00505     s@b pByteIn
                      00506     rrf pByteIn,W
                      00507     s@b pVarOut
                      00508     skpnc
                      00509     bsf pVarOut,pBitout
                      00510     skpc
                      00511     bcf pVarOut,pBitout
                      00512 endif
                      00513     r@b
                      00514     endm
                      00515 dword_wreg macro pDwordIn
                      00516     byte_wreg pDwordIn
                      00517     endm
                      00518 dword_byte macro pDwordIn,pByteOut
                      00519     byte_byte pDwordIn,pByteOut
                      00520     endm
                      00521 dword_word macro pDwordIn,pWordOut
                      00522     s@b pDwordIn+1
                      00523     movf pDwordIn+1,W
                      00524     s@b pWordOut+1
                      00525     movwf pWordOut+1
                      00526     byte_byte pDwordIn,pWordOut
                      00527     endm
                      00528 dword_dword macro pDwordIn,pDwordOut
                      00529     byte_byte pDwordIn+3,pDwordOut+3
                      00530     byte_byte pDwordIn+2,pDwordOut+2
                      00531     byte_byte pDwordIn+1,pDwordOut+1
                      00532     byte_byte pDwordIn,pDwordOut
                      00533     endm
                      00534 dword_bit macro pDwordIn,pVarOut,pBitout
                      00535     byte_bit pDwordIn,pVarOut,pBitout
                      00536     endm
  0000                00537 variable CURRENT@PAGE = 0
  0000                00538 variable PDESTINATION@PAGE = 0
                      00539 FIND@PAGE macro pLabelIn
                      00540 local CURRENT_ADDR = $
                      00541 local DEST_ADDR = pLabelIn
                      00542 if((CURRENT_ADDR >= 0X1800) && (CURRENT_ADDR <= 0X2000))
                      00543     CURRENT@PAGE = 3
                      00544 endif
                      00545 if((CURRENT_ADDR >= 0X1000) && (CURRENT_ADDR <= 0X1800))
                      00546     CURRENT@PAGE = 2
                      00547 endif
                      00548 if((CURRENT_ADDR >= 0X0800) && (CURRENT_ADDR <= 0X1000))
                      00549     CURRENT@PAGE = 1
                      00550 endif
                      00551 if((CURRENT_ADDR >= 0) && (CURRENT_ADDR <= 0X0800))
                      00552     CURRENT@PAGE = 0
                      00553 endif
                      00554 if((DEST_ADDR >= 0X1800) && (DEST_ADDR <= 0X2000))
                      00555     PDESTINATION@PAGE = 3
                      00556 endif
                      00557 if((DEST_ADDR >= 0X1000) && (DEST_ADDR <= 0X1800))
                      00558     PDESTINATION@PAGE = 2
                      00559 endif
                      00560 if((DEST_ADDR >= 0X0800) && (DEST_ADDR <= 0X1000))
                      00561     PDESTINATION@PAGE = 1
                      00562 endif
                      00563 if((DEST_ADDR >= 0) && (DEST_ADDR <= 0X0800))
                      00564     PDESTINATION@PAGE = 0
                      00565 endif
                      00566     endm
                      00567 NUM_FSR macro pNumIn
                      00568     num_byte pNumIn, FSR
                      00569 if (((pNumIn >> 8) & 255) == 1)
                      00570     bsf STATUS,7
                      00571 else
                      00572     bcf STATUS,7
                      00573 endif
                      00574     endm
                      00575 label_word macro pLabelIn,pWordOut
                      00576     movlw low (pLabelIn)
                      00577     s@b pWordOut
                      00578     movwf pWordOut
                      00579     movlw high (pLabelIn)
                      00580     s@b pWordOut
                      00581     movwf pWordOut+1
                      00582     r@b
                      00583     endm
  00000020            00586 BPF = 32
  00000021            00587 BPFH = 33
  00000022            00588 GEN = 34
  00000023            00589 GEN4H = 35
  00000024            00590 GENH = 36
  00000025            00591 GPR = 37
  00000026            00592 PP0 = 38
  00000027            00593 PP0H = 39
  00000028            00594 PP0HH = 40
  00000029            00595 PP0HHH = 41
  0000002A            00596 PP1 = 42
  0000002B            00597 PP1H = 43
  0000002C            00598 PP2 = 44
  0000002D            00599 PP2H = 45
  0000002E            00600 PP2HH = 46
  0000002F            00601 PP2HHH = 47
  00000030            00602 PP3 = 48
  00000031            00603 PP3H = 49
  00000032            00604 PP4 = 50
  00000033            00605 PP5 = 51
  00000034            00606 PPZ = 52
  00000035            00607 PPZH = 53
  00000036            00608 PPZHH = 54
  00000037            00609 PPZHHH = 55
  00000038            00610 RPFH = 56
  00000039            00611 dta = 57
                      00612 #define __LCD_DTPORT PORTB
                      00613 #define __LCD_RSPORT PORTB
                      00614 #define __LCD_ENPORT PORTB
                      00615 #define __RSIN_PORT PORTC
                      00616 #define buzz PORTC,4
                      00617 #define _A dta,0
                      00618 #define _B dta,1
                      00619 #define _C dta,2
                      00620 #define _D dta,3
                      00621 #define _E dta,4
                      00622 #define __XTAL 8
                      00623 #define __LCD_DTPIN 4
                      00624 #define __LCD_RSPIN 2
                      00625 #define __LCD_ENPIN 3
                      00626 #define __LCD_INTERFACE 4
                      00627 #define __RSIN_PIN 5
                      00628 #define __RSIN_MODE 1
                      00629 #define __SERIAL_BAUD 2400
                      00630 #define __RSIN_TIMEOUT 1000
0000                  00631 proton#code#start
0000                  00632         org 0
0000   2927           00633         goto proton#main#start
0001                  00634 LCD@CLS
0001   3080           00635         movlw 128
0002   00A1           00636         movwf 33
0003                  00637 CLS
0003   30FE           00638         movlw 254
0004   20D9           00639         call CH@SND
0005   3001           00640         movlw 1
0006   20D9           00641         call CH@SND
0007   3075           00642         movlw 117
0008   00A7           00643         movwf 39
0009   3030           00644         movlw 48
000A   28EE           00645         goto DLUS@W
000B                  00646 LCD@CRS
000B   01A1           00647         clrf 33
000C   17A1           00648         bsf 33,7
000D                  00649 CURS@
000D   00B3           00650         movwf 51
000E   30FE           00651         movlw 254
000F   20D9           00652         call CH@SND
0010   0833           00653         movf 51,W
0011   28D9           00654         goto CH@SND
0012                  00655 IN@DEC32
0012   01AC           00656         clrf 44
0013   01AD           00657         clrf 45
0014   01AE           00658         clrf 46
0015   01AF           00659         clrf 47
0016   12A5           00660         bcf 37,5
0017                  00661 IN@DECB32
0017   20DC           00662         call CH@RCV
0018   1C03           00663         skpc
0019   0008           00664         return
001A   3ED3           00665         addlw 211
001B   1903           00666         skpnz
001C   16A5           00667         bsf 37,5
001D   3E2D           00668         addlw 45
001E   3EC6           00669         addlw 198
001F   1803           00670         skpnc
0020   2817           00671         goto IN@DECB32
0021   3E0A           00672         addlw 10
0022   1C03           00673         skpc
0023   2817           00674         goto IN@DECB32
0024                  00675 IN@DCL132
0024   00AA           00676         movwf 42
0025   01A9           00677         clrf 41
0026   01A8           00678         clrf 40
0027   01A7           00679         clrf 39
0028   300A           00680         movlw 10
0029   00A6           00681         movwf 38
002A   2101           00682         call AL@MUL
002B   082A           00683         movf 42,W
002C   0726           00684         addwf 38,W
002D   00AC           00685         movwf 44
002E   0827           00686         movf 39,W
002F   00AD           00687         movwf 45
0030   0103           00688         clrw
0031   1803           00689         skpnc
0032   3001           00690         movlw 1
0033   07AD           00691         addwf 45,F
0034   0828           00692         movf 40,W
0035   00AE           00693         movwf 46
0036   0103           00694         clrw
0037   1803           00695         skpnc
0038   3001           00696         movlw 1
0039   07AE           00697         addwf 46,F
003A   0829           00698         movf 41,W
003B   00AF           00699         movwf 47
003C   0103           00700         clrw
003D   1803           00701         skpnc
003E   3001           00702         movlw 1
003F   07AF           00703         addwf 47,F
0040   03A3           00704         decf 35,F
0041   1903           00705         skpnz
0042   284C           00706         goto IN@BNF32
0043   20DC           00707         call CH@RCV
0044   1C03           00708         skpc
0045   0008           00709         return
0046   3EC6           00710         addlw 198
0047   1803           00711         skpnc
0048   284C           00712         goto IN@BNF32
0049   3E0A           00713         addlw 10
004A   1803           00714         skpnc
004B   2824           00715         goto IN@DCL132
004C                  00716 IN@BNF32
004C   1EA5           00717         btfss 37,5
004D   2859           00718         goto $ + 12
004E   09AC           00719         comf 44,F
004F   09AD           00720         comf 45,F
0050   09AE           00721         comf 46,F
0051   09AF           00722         comf 47,F
0052   0AAC           00723         incf 44,F
0053   1903           00724         skpnz
0054   0AAD           00725         incf 45,F
0055   1903           00726         skpnz
0056   0AAE           00727         incf 46,F
0057   1903           00728         skpnz
0058   0AAF           00729         incf 47,F
0059   082C           00730         movf 44,W
005A   1403           00731         setc
005B   2923           00732         goto I@NT
005C                  00733 PRINT
005C   00B1           00734         movwf 49
005D   1186           00735         bcf PORTB,3
005E   1106           00736         bcf PORTB,2
005F   1683           00737         bsf 3,5
0060   1186           00738         bcf PORTB,3
0061   1106           00739         bcf PORTB,2
0062   300F           00740         movlw 15
0063   0586           00741         andwf PORTB,F
0064   1283           00742         bcf 3,5
0065   0831           00743         movf 49,W
0066   18A0           00744         btfsc 32,1
0067   2886           00745         goto PRT@1
0068   303E           00746         movlw 62
0069   00A7           00747         movwf 39
006A   3080           00748         movlw 128
006B   20EE           00749         call DLUS@W
006C   3033           00750         movlw 51
006D   00B0           00751         movwf 48
006E   209A           00752         call PR@LP
006F   3013           00753         movlw 19
0070   00A7           00754         movwf 39
0071   3088           00755         movlw 136
0072   20EE           00756         call DLUS@W
0073   209A           00757         call PR@LP
0074   3064           00758         movlw 100
0075   20ED           00759         call DL@US
0076   209A           00760         call PR@LP
0077   3064           00761         movlw 100
0078   20ED           00762         call DL@US
0079   3022           00763         movlw 34
007A   00B0           00764         movwf 48
007B   209A           00765         call PR@LP
007C   3028           00766         movlw 40
007D   2085           00767         call PRT@C
007E   300C           00768         movlw 12
007F   2085           00769         call PRT@C
0080   3006           00770         movlw 6
0081   2085           00771         call PRT@C
0082   14A0           00772         bsf 32,1
0083   0831           00773         movf 49,W
0084   2886           00774         goto PRT@1
0085                  00775 PRT@C
0085   1420           00776         bsf 32,0
0086                  00777 PRT@1
0086   00B0           00778         movwf 48
0087   1C20           00779         btfss 32,0
0088   2894           00780         goto PRIT@SKP
0089   1106           00781         bcf PORTB,2
008A   3C03           00782         sublw 3
008B   1C03           00783         skpc
008C   2899           00784         goto PRT@S
008D   2099           00785         call PRT@S
008E   3007           00786         movlw 7
008F   00A7           00787         movwf 39
0090   30D0           00788         movlw 208
0091   20EE           00789         call DLUS@W
0092   1403           00790         bsf 3,0
0093   0008           00791         return
0094                  00792 PRIT@SKP
0094   1420           00793         bsf 32,0
0095   3CFE           00794         sublw 254
0096   1903           00795         skpnz
0097   28A7           00796         goto PR@EX
0098   1506           00797         bsf PORTB,2
0099                  00798 PRT@S
0099   1C20           00799         btfss 32,0
009A                  00800 PR@LP
009A   1020           00801         bcf 32,0
009B   1586           00802         bsf PORTB,3
009C   300F           00803         movlw 15
009D   0586           00804         andwf PORTB,F
009E   0830           00805         movf 48,W
009F   39F0           00806         andlw 240
00A0   0486           00807         iorwf PORTB,F
00A1   1186           00808         bcf PORTB,3
00A2   0EB0           00809         swapf 48,F
00A3   1820           00810         btfsc 32,0
00A4   289A           00811         goto PR@LP
00A5   3032           00812         movlw 50
00A6   20ED           00813         call DL@US
00A7                  00814 PR@EX
00A7   0831           00815         movf 49,W
00A8   2923           00816         goto I@NT
  00000007            00817 RSIN_PORT = PORTC
  00000005            00818 RSIN_PIN = 5
  00000001            00819 RSIN_MODE = 1
  00000960            00820 SERIAL_BAUD = 2400
00A9                  00821 RSIN2
00A9   30E8           00822         movlw 232
00AA   00A6           00823         movwf 38
00AB   3003           00824         movlw 3
00AC   00A7           00825         movwf 39
00AD   01AA           00826         clrf 42
00AE   1683           00827         bsf 3,5
00AF   1687           00828         bsf PORTC,5
00B0   1283           00829         bcf 3,5
00B1   0000           00830         nop
00B2   1A87           00831         btfsc PORTC,5
00B3   28C3           00832         goto RSIN@ST
00B4   30FF           00833         movlw 255
00B5   07AA           00834         addwf 42,F
00B6   1C03           00835         skpc
00B7   07A6           00836         addwf 38,F
00B8   1C03           00837         skpc
00B9   07A7           00838         addwf 39,F
00BA   1C03           00839         skpc
00BB   2923           00840         goto I@NT
00BC   0A2A           00841         incf 42,W
00BD   3064           00842         movlw 100
00BE   1903           00843         skpnz
00BF   00AA           00844         movwf 42
00C0   0000           00845         nop
00C1   28C2           00846         goto $ + 1
00C2   28B1           00847         goto $ - 17
00C3                  00848 RSIN@ST
00C3   01A7           00849         clrf 39
00C4   3066           00850         movlw 102
00C5   20EE           00851         call DLUS@W
00C6   3008           00852         movlw 8
00C7   00AB           00853         movwf 43
00C8   20D5           00854         call SR@DLY
00C9   1003           00855         bcf 3,0
00CA   1E87           00856         btfss PORTC,5
00CB   1403           00857         bsf 3,0
00CC   0CAA           00858         rrf 42,F
00CD   0000           00859         nop
00CE   28CF           00860         goto $ + 1
00CF   0BAB           00861         decfsz 43,F
00D0   28C8           00862         goto $ - 8
00D1   20D5           00863         call SR@DLY
00D2   1403           00864         bsf 3,0
00D3   082A           00865         movf 42,W
00D4   2923           00866         goto I@NT
00D5                  00867 SR@DLY
00D5   3001           00868         movlw 1
00D6   00A7           00869         movwf 39
00D7   3099           00870         movlw 153
00D8   28EE           00871         goto DLUS@W
00D9                  00872 CH@SND
00D9   1BA1           00873         btfsc 33,7
00DA   285C           00874         goto PRINT
00DB   0008           00875         return
00DC                  00876 CH@RCV
00DC   0838           00877         movf 56,W
00DD   3A06           00878         xorlw 6
00DE   1903           00879         skpnz
00DF   28A9           00880         goto RSIN2
00E0                  00881 DL@MS
00E0   01AB           00882         clrf 43
00E1                  00883 DLY@W
00E1   00AA           00884         movwf 42
00E2                  00885 DLY@P
00E2   30FF           00886         movlw 255
00E3   07AA           00887         addwf 42,F
00E4   1C03           00888         skpc
00E5   07AB           00889         addwf 43,F
00E6   1C03           00890         skpc
00E7   2923           00891         goto I@NT
00E8   3003           00892         movlw 3
00E9   00A7           00893         movwf 39
00EA   30E3           00894         movlw 227
00EB   20EE           00895         call DLUS@W
00EC   28E2           00896         goto DLY@P
00ED                  00897 DL@US
00ED   01A7           00898         clrf 39
00EE                  00899 DLUS@W
00EE   3EF4           00900         addlw 244
00EF   00A6           00901         movwf 38
00F0   09A7           00902         comf 39,F
00F1   30FE           00903         movlw 254
00F2   1C03           00904         skpc
00F3   28F7           00905         goto $ + 4
00F4   07A6           00906         addwf 38,F
00F5   1803           00907         skpnc
00F6   28F4           00908         goto $ - 2
00F7   07A6           00909         addwf 38,F
00F8   0000           00910         nop
00F9   0FA7           00911         incfsz 39,F
00FA   28F4           00912         goto $ - 6
00FB   0000           00913         nop
00FC   1826           00914         btfsc 38,0
00FD   28FE           00915         goto $ + 1
00FE   1826           00916         btfsc 38,0
00FF   2900           00917         goto $ + 1
0100   0008           00918         return
0101                  00919 AL@MUL
0101   3020           00920         movlw 32
0102   00B0           00921         movwf 48
0103   01B4           00922         clrf 52
0104   01B5           00923         clrf 53
0105   01B6           00924         clrf 54
0106   01B7           00925         clrf 55
0107                  00926 MLT32@LP
0107   1003           00927         clrc
0108   1C26           00928         btfss 38,0
0109   2918           00929         goto MLT32@BR
010A   082C           00930         movf 44,W
010B   07B4           00931         addwf 52,F
010C   082D           00932         movf 45,W
010D   1803           00933         skpnc
010E   0F2D           00934         incfsz 45,W
010F   07B5           00935         addwf 53,F
0110   082E           00936         movf 46,W
0111   1803           00937         skpnc
0112   0F2E           00938         incfsz 46,W
0113   07B6           00939         addwf 54,F
0114   082F           00940         movf 47,W
0115   1803           00941         skpnc
0116   0F2F           00942         incfsz 47,W
0117   07B7           00943         addwf 55,F
0118                  00944 MLT32@BR
0118   0CB7           00945         rrf 55,F
0119   0CB6           00946         rrf 54,F
011A   0CB5           00947         rrf 53,F
011B   0CB4           00948         rrf 52,F
011C   0CA9           00949         rrf 41,F
011D   0CA8           00950         rrf 40,F
011E   0CA7           00951         rrf 39,F
011F   0CA6           00952         rrf 38,F
0120   0BB0           00953         decfsz 48,F
0121   2907           00954         goto MLT32@LP
0122   0008           00955         return
0123                  00956 I@NT
0123   1383           00957         bcf 3,7
0124                  00958 I@NT2
0124   1283           00959         bcf 3,5
0125   1303           00960         bcf 3,6
0126   0008           00961         return
0127                  00962 proton#main#start
0127   0183           00963         clrf 3
0128   01A0           00964         clrf 32

  00000129            00967 F2_SOF equ $ ; ANTOR
  00000129            00968 F2_EOF equ $ ; ANTOR
  00000129            00969 F1_SOF equ $ ; ANTOR
  00000129            00970 F1_000022 equ $ ; IN [ANTOR] TRISC = %00100000
0129   3020           00971         movlw 32
012A   1683           00972         bsf STATUS,5
  00000001            00973 ram_bank = 1
012B   0087           00974         movwf TRISC
  0000012C            00975 F1_000023 equ $ ; IN [ANTOR] PORTC = 0
012C   1283           00976         bcf STATUS,5
  00000000            00977 ram_bank = 0
012D   0187           00978         clrf PORTC
  0000012E            00979 F1_000025 equ $ ; IN [ANTOR] CLS
012E   2001           00980         call LCD@CLS
  0000012F            00981 F1_000026 equ $ ; IN [ANTOR] PRINT AT 1,1, "RF/VOICE RESPONS"
012F   3080           00982         movlw 128
0130   00A1           00983         movwf BPFH
0131   200B           00984         call LCD@CRS
0132   3052           00985         movlw 82
0133   205C           00986         call PRINT
0134   3046           00987         movlw 70
0135   205C           00988         call PRINT
0136   302F           00989         movlw 47
0137   205C           00990         call PRINT
0138   3056           00991         movlw 86
0139   205C           00992         call PRINT
013A   306F           00993         movlw 111
013B   205C           00994         call PRINT
013C   3069           00995         movlw 105
013D   205C           00996         call PRINT
013E   3063           00997         movlw 99
013F   205C           00998         call PRINT
0140   3065           00999         movlw 101
0141   205C           01000         call PRINT
0142   3020           01001         movlw 32
0143   205C           01002         call PRINT
0144   3072           01003         movlw 114
0145   205C           01004         call PRINT
0146   3065           01005         movlw 101
0147   205C           01006         call PRINT
0148   3073           01007         movlw 115
0149   205C           01008         call PRINT
014A   3070           01009         movlw 112
014B   205C           01010         call PRINT
014C   306F           01011         movlw 111
014D   205C           01012         call PRINT
014E   306E           01013         movlw 110
014F   205C           01014         call PRINT
0150   3073           01015         movlw 115
0151   205C           01016         call PRINT
  00000152            01017 F1_000027 equ $ ; IN [ANTOR] PRINT AT 2,1, "PLEASE WAIT.."
0152   3080           01018         movlw 128
0153   00A1           01019         movwf BPFH
0154   30C0           01020         movlw 192
0155   200B           01021         call LCD@CRS
0156   3050           01022         movlw 80
0157   205C           01023         call PRINT
0158   306C           01024         movlw 108
0159   205C           01025         call PRINT
015A   3065           01026         movlw 101
015B   205C           01027         call PRINT
015C   3061           01028         movlw 97
015D   205C           01029         call PRINT
015E   3073           01030         movlw 115
015F   205C           01031         call PRINT
0160   3065           01032         movlw 101
0161   205C           01033         call PRINT
0162   3020           01034         movlw 32
0163   205C           01035         call PRINT
0164   3077           01036         movlw 119
0165   205C           01037         call PRINT
0166   3061           01038         movlw 97
0167   205C           01039         call PRINT
0168   3069           01040         movlw 105
0169   205C           01041         call PRINT
016A   3074           01042         movlw 116
016B   205C           01043         call PRINT
016C   302E           01044         movlw 46
016D   205C           01045         call PRINT
016E   205C           01046         call PRINT
  0000016F            01047 F1_000028 equ $ ; IN [ANTOR] buzz = 0
016F   1207           01048         bcf PORTC,4
  00000170            01049 F1_000029 equ $ ; IN [ANTOR] DELAYMS 2000
0170   3007           01050         movlw 7
0171   00AB           01051         movwf PP1H
0172   30D0           01052         movlw 208
0173   20E1           01053         call DLY@W
  00000174            01054 F1_000030 equ $ ; IN [ANTOR] CLS
0174   2001           01055         call LCD@CLS
  00000175            01056 F1_000038 equ $ ; IN [ANTOR] CLEAR dta
0175   01B9           01057         clrf dta
0176                  01058 Main
  00000176            01059 F1_000041 equ $ ; IN [ANTOR] if A = 1 THEN
0176   1C39           01060         btfss dta,0
0177   298B           01061         goto BC@LL2
  00000178            01062 F1_000042 equ $ ; IN [ANTOR] PORTC.0 = 1
0178   1407           01063         bsf PORTC,0
  00000179            01064 F1_000043 equ $ ; IN [ANTOR] PRINT AT 1,1, "OUT1: 1"
0179   3080           01065         movlw 128
017A   00A1           01066         movwf BPFH
017B   200B           01067         call LCD@CRS
017C   304F           01068         movlw 79
017D   205C           01069         call PRINT
017E   3055           01070         movlw 85
017F   205C           01071         call PRINT
0180   3054           01072         movlw 84
0181   205C           01073         call PRINT
0182   3031           01074         movlw 49
0183   205C           01075         call PRINT
0184   303A           01076         movlw 58
0185   205C           01077         call PRINT
0186   3020           01078         movlw 32
0187   205C           01079         call PRINT
0188   3031           01080         movlw 49
0189   205C           01081         call PRINT
018A   299D           01082         goto BC@LL3
018B                  01083 BC@LL2
  0000018B            01084 F1_000044 equ $ ; IN [ANTOR] else
  0000018B            01085 F1_000045 equ $ ; IN [ANTOR] PORTC.0 = 0
018B   1007           01086         bcf PORTC,0
  0000018C            01087 F1_000046 equ $ ; IN [ANTOR] PRINT AT 1,1, "OUT1: 0"
018C   3080           01088         movlw 128
018D   00A1           01089         movwf BPFH
018E   200B           01090         call LCD@CRS
018F   304F           01091         movlw 79
0190   205C           01092         call PRINT
0191   3055           01093         movlw 85
0192   205C           01094         call PRINT
0193   3054           01095         movlw 84
0194   205C           01096         call PRINT
0195   3031           01097         movlw 49
0196   205C           01098         call PRINT
0197   303A           01099         movlw 58
0198   205C           01100         call PRINT
0199   3020           01101         movlw 32
019A   205C           01102         call PRINT
019B   3030           01103         movlw 48
019C   205C           01104         call PRINT
  0000019D            01105 F1_000047 equ $ ; IN [ANTOR] endif
019D                  01106 BC@LL3
  0000019D            01107 F1_000048 equ $ ; IN [ANTOR] if B = 1 THEN
019D   1CB9           01108         btfss dta,1
019E   29B3           01109         goto BC@LL5
  0000019F            01110 F1_000049 equ $ ; IN [ANTOR] PORTC.1 = 1
019F   1487           01111         bsf PORTC,1
  000001A0            01112 F1_000050 equ $ ; IN [ANTOR] PRINT AT 2,1, "OUT2: 1"
01A0   3080           01113         movlw 128
01A1   00A1           01114         movwf BPFH
01A2   30C0           01115         movlw 192
01A3   200B           01116         call LCD@CRS
01A4   304F           01117         movlw 79
01A5   205C           01118         call PRINT
01A6   3055           01119         movlw 85
01A7   205C           01120         call PRINT
01A8   3054           01121         movlw 84
01A9   205C           01122         call PRINT
01AA   3032           01123         movlw 50
01AB   205C           01124         call PRINT
01AC   303A           01125         movlw 58
01AD   205C           01126         call PRINT
01AE   3020           01127         movlw 32
01AF   205C           01128         call PRINT
01B0   3031           01129         movlw 49
01B1   205C           01130         call PRINT
01B2   29C6           01131         goto BC@LL6
01B3                  01132 BC@LL5
  000001B3            01133 F1_000051 equ $ ; IN [ANTOR] else
  000001B3            01134 F1_000052 equ $ ; IN [ANTOR] PORTC.1 = 0
01B3   1087           01135         bcf PORTC,1
  000001B4            01136 F1_000053 equ $ ; IN [ANTOR] PRINT AT 2,1, "OUT2: 0"
01B4   3080           01137         movlw 128
01B5   00A1           01138         movwf BPFH
01B6   30C0           01139         movlw 192
01B7   200B           01140         call LCD@CRS
01B8   304F           01141         movlw 79
01B9   205C           01142         call PRINT
01BA   3055           01143         movlw 85
01BB   205C           01144         call PRINT
01BC   3054           01145         movlw 84
01BD   205C           01146         call PRINT
01BE   3032           01147         movlw 50
01BF   205C           01148         call PRINT
01C0   303A           01149         movlw 58
01C1   205C           01150         call PRINT
01C2   3020           01151         movlw 32
01C3   205C           01152         call PRINT
01C4   3030           01153         movlw 48
01C5   205C           01154         call PRINT
  000001C6            01155 F1_000054 equ $ ; IN [ANTOR] endif
01C6                  01156 BC@LL6
  000001C6            01157 F1_000055 equ $ ; IN [ANTOR] if C = 1 THEN
01C6   1D39           01158         btfss dta,2
01C7   29DC           01159         goto BC@LL8
  000001C8            01160 F1_000056 equ $ ; IN [ANTOR] PORTC.2 = 1
01C8   1507           01161         bsf PORTC,2
  000001C9            01162 F1_000057 equ $ ; IN [ANTOR] PRINT AT 1,10, "OUT3: 1"
01C9   3080           01163         movlw 128
01CA   00A1           01164         movwf BPFH
01CB   3089           01165         movlw 137
01CC   200B           01166         call LCD@CRS
01CD   304F           01167         movlw 79
01CE   205C           01168         call PRINT
01CF   3055           01169         movlw 85
01D0   205C           01170         call PRINT
01D1   3054           01171         movlw 84
01D2   205C           01172         call PRINT
01D3   3033           01173         movlw 51
01D4   205C           01174         call PRINT
01D5   303A           01175         movlw 58
01D6   205C           01176         call PRINT
01D7   3020           01177         movlw 32
01D8   205C           01178         call PRINT
01D9   3031           01179         movlw 49
01DA   205C           01180         call PRINT
01DB   29EF           01181         goto BC@LL9
01DC                  01182 BC@LL8
  000001DC            01183 F1_000058 equ $ ; IN [ANTOR] else
  000001DC            01184 F1_000059 equ $ ; IN [ANTOR] PORTC.2 = 0
01DC   1107           01185         bcf PORTC,2
  000001DD            01186 F1_000060 equ $ ; IN [ANTOR] PRINT AT 1,10, "OUT3: 0"
01DD   3080           01187         movlw 128
01DE   00A1           01188         movwf BPFH
01DF   3089           01189         movlw 137
01E0   200B           01190         call LCD@CRS
01E1   304F           01191         movlw 79
01E2   205C           01192         call PRINT
01E3   3055           01193         movlw 85
01E4   205C           01194         call PRINT
01E5   3054           01195         movlw 84
01E6   205C           01196         call PRINT
01E7   3033           01197         movlw 51
01E8   205C           01198         call PRINT
01E9   303A           01199         movlw 58
01EA   205C           01200         call PRINT
01EB   3020           01201         movlw 32
01EC   205C           01202         call PRINT
01ED   3030           01203         movlw 48
01EE   205C           01204         call PRINT
  000001EF            01205 F1_000061 equ $ ; IN [ANTOR] endif
01EF                  01206 BC@LL9
  000001EF            01207 F1_000062 equ $ ; IN [ANTOR] if D = 1 THEN
01EF   1DB9           01208         btfss dta,3
01F0   2A05           01209         goto BC@LL11
  000001F1            01210 F1_000063 equ $ ; IN [ANTOR] PORTC.3 = 1
01F1   1587           01211         bsf PORTC,3
  000001F2            01212 F1_000064 equ $ ; IN [ANTOR] PRINT AT 2,10, "OUT4: 1"
01F2   3080           01213         movlw 128
01F3   00A1           01214         movwf BPFH
01F4   30C9           01215         movlw 201
01F5   200B           01216         call LCD@CRS
01F6   304F           01217         movlw 79
01F7   205C           01218         call PRINT
01F8   3055           01219         movlw 85
01F9   205C           01220         call PRINT
01FA   3054           01221         movlw 84
01FB   205C           01222         call PRINT
01FC   3034           01223         movlw 52
01FD   205C           01224         call PRINT
01FE   303A           01225         movlw 58
01FF   205C           01226         call PRINT
0200   3020           01227         movlw 32
0201   205C           01228         call PRINT
0202   3031           01229         movlw 49
0203   205C           01230         call PRINT
0204   2A18           01231         goto BC@LL12
0205                  01232 BC@LL11
  00000205            01233 F1_000065 equ $ ; IN [ANTOR] else
  00000205            01234 F1_000066 equ $ ; IN [ANTOR] PORTC.3 = 0
0205   1187           01235         bcf PORTC,3
  00000206            01236 F1_000067 equ $ ; IN [ANTOR] PRINT AT 2,10, "OUT4: 0"
0206   3080           01237         movlw 128
0207   00A1           01238         movwf BPFH
0208   30C9           01239         movlw 201
0209   200B           01240         call LCD@CRS
020A   304F           01241         movlw 79
020B   205C           01242         call PRINT
020C   3055           01243         movlw 85
020D   205C           01244         call PRINT
020E   3054           01245         movlw 84
020F   205C           01246         call PRINT
0210   3034           01247         movlw 52
0211   205C           01248         call PRINT
0212   303A           01249         movlw 58
0213   205C           01250         call PRINT
0214   3020           01251         movlw 32
0215   205C           01252         call PRINT
0216   3030           01253         movlw 48
0217   205C           01254         call PRINT
  00000218            01255 F1_000068 equ $ ; IN [ANTOR] endif
0218                  01256 BC@LL12
  00000218            01257 F1_000069 equ $ ; IN [ANTOR] if E = 1 THEN
0218   1E39           01258         btfss dta,4
0219   2A21           01259         goto BC@LL14
  0000021A            01260 F1_000070 equ $ ; IN [ANTOR] PORTC.4 = 1
021A   1607           01261         bsf PORTC,4
  0000021B            01262 F1_000071 equ $ ; IN [ANTOR] DELAYMS 3000
021B   300B           01263         movlw 11
021C   00AB           01264         movwf PP1H
021D   30B8           01265         movlw 184
021E   20E1           01266         call DLY@W
  0000021F            01267 F1_000072 equ $ ; IN [ANTOR] PORTC.4 = 0
021F   1207           01268         bcf PORTC,4
  00000220            01269 F1_000073 equ $ ; IN [ANTOR] E = 0
0220   1239           01270         bcf dta,4
  00000221            01271 F1_000074 equ $ ; IN [ANTOR] endif
0221                  01272 BC@LL14
  00000221            01273 F1_000075 equ $ ; IN [ANTOR] RSIN {Time_Out}, WAIT("Z"), DEC dta
0221                  01274 PB@LB16
0221   20A9           01275         call RSIN2
0222   1C03           01276         btfss STATUS,0
0223   2A32           01277         goto Time_Out
0224   3C5A           01278         sublw 90
0225   1D03           01279         btfss STATUS,2
0226   2A21           01280         goto PB@LB16
0227   3006           01281         movlw 6
0228   00B8           01282         movwf RPFH
0229   01A3           01283         clrf GEN4H
022A   2012           01284         call IN@DEC32
022B   1C03           01285         btfss STATUS,0
022C   2A32           01286         goto Time_Out
022D   00B9           01287         movwf dta
  0000022E            01288 F1_000076 equ $ ; IN [ANTOR] DELAYMS 300
022E   3001           01289         movlw 1
022F   00AB           01290         movwf PP1H
0230   302C           01291         movlw 44
0231   20E1           01292         call DLY@W
0232                  01293 Time_Out
  00000232            01294 F1_000078 equ $ ; IN [ANTOR] goto Main
0232   2976           01295         goto Main
  00000233            01296 F1_EOF equ $ ; ANTOR
0233                  01297 PB@LB17
0233   2A33           01298         goto PB@LB17
0234                  01300 __EOF
2007   008A           01301 __config FOSC_HS&WDTE_OFF&PWRTE_OFF&CP_ALL&BOREN_OFF
                      01302         end
MPASM  5.42                               A.S   12-21-2016  12:34:59         PAGE  2


SYMBOL TABLE
  LABEL                             VALUE 

ADCON0                            0000001F
ADCON1                            0000009F
ADCS0                             00000006
ADCS1                             00000007
ADIE                              00000006
ADIF                              00000006
ADON                              00000000
ADRES                             0000001E
AL@MUL                            00000101
BANK0_END                         0X7F
BANK0_START                       0X20
BANK1_END                         0X00BF
BANK1_START                       0X00A0
BC@LL11                           00000205
BC@LL12                           00000218
BC@LL14                           00000221
BC@LL2                            0000018B
BC@LL3                            0000019D
BC@LL5                            000001B3
BC@LL6                            000001C6
BC@LL8                            000001DC
BC@LL9                            000001EF
BF                                00000000
BIT_BIT                           
BIT_BYTE                          
BIT_DWORD                         
BIT_WORD                          
BIT_WREG                          
BODEN_OFF                         00003FBF
BODEN_ON                          00003FFF
BOREN_OFF                         00003FBF
BOREN_ON                          00003FFF
BPF                               00000020
BPFH                              00000021
BUZZ                              PORTC,4
BYTE_BIT                          
BYTE_BYTE                         
BYTE_DWORD                        
BYTE_WORD                         
BYTE_WREG                         
C                                 00000000
CCP1CON                           00000017
CCP1IE                            00000002
CCP1IF                            00000002
CCP1M0                            00000000
CCP1M1                            00000001
CCP1M2                            00000002
CCP1M3                            00000003
CCP1X                             00000005
CCP1Y                             00000004
CCPR1H                            00000016
CCPR1L                            00000015
CCPR1LH                           00000016
CH@RCV                            000000DC
CH@SND                            000000D9
CHS0                              00000003
CHS1                              00000004
CHS2                              00000005
CKP                               00000004
CLS                               00000003
CONFIG_REQ                        1
CP_50                             00002AEF
CP_75                             000015DF
CP_ALL                            000000CF
CP_OFF                            00003FFF
CURRENT@PAGE                      00000000
CURS@                             0000000D
DATA_ADDRESS                      00000005
DC                                00000001
DEST@PAGE                         00000000
DL@MS                             000000E0
DL@US                             000000ED
DLUS@W                            000000EE
DLY@P                             000000E2
DLY@W                             000000E1
DTA                               00000039
DWORD_BIT                         
DWORD_BYTE                        
DWORD_DWORD                       
DWORD_WORD                        
DWORD_WREG                        
D_A                               00000005
F1_000022                         00000129
F1_000023                         0000012C
F1_000025                         0000012E
F1_000026                         0000012F
F1_000027                         00000152
F1_000028                         0000016F
F1_000029                         00000170
F1_000030                         00000174
F1_000038                         00000175
F1_000041                         00000176
F1_000042                         00000178
F1_000043                         00000179
F1_000044                         0000018B
F1_000045                         0000018B
F1_000046                         0000018C
F1_000047                         0000019D
F1_000048                         0000019D
F1_000049                         0000019F
F1_000050                         000001A0
F1_000051                         000001B3
F1_000052                         000001B3
F1_000053                         000001B4
F1_000054                         000001C6
F1_000055                         000001C6
F1_000056                         000001C8
F1_000057                         000001C9
F1_000058                         000001DC
F1_000059                         000001DC
F1_000060                         000001DD
F1_000061                         000001EF
F1_000062                         000001EF
F1_000063                         000001F1
F1_000064                         000001F2
F1_000065                         00000205
F1_000066                         00000205
F1_000067                         00000206
F1_000068                         00000218
F1_000069                         00000218
F1_000070                         0000021A
F1_000071                         0000021B
F1_000072                         0000021F
F1_000073                         00000220
F1_000074                         00000221
F1_000075                         00000221
F1_000076                         0000022E
F1_000078                         00000232
F1_EOF                            00000233
F1_SOF                            00000129
F2_EOF                            00000129
F2_SOF                            00000129
F@CALL                            
F@JUMP                            
FIND@PAGE                         
FOSC_HS                           00003FFE
FOSC_LP                           00003FFC
FOSC_RC                           00003FFF
FOSC_XT                           00003FFD
FSR                               00000004
GEN                               00000022
GEN4H                             00000023
GENH                              00000024
GIE                               00000007
GO                                00000002
GO_DONE                           00000002
GPR                               00000025
HS_OSC                            00003FFE
I2C_DATA                          00000005
I2C_READ                          00000002
I2C_START                         00000003
I2C_STOP                          00000004
I@NT                              00000123
I@NT2                             00000124
IN@BNF32                          0000004C
IN@DCL132                         00000024
IN@DEC32                          00000012
IN@DECB32                         00000017
INDF                              00000000
INTCON                            0000000B
INTE                              00000004
INTEDG                            00000006
INTF                              00000001
IRP                               00000007
JUMP                              
LABEL_WORD                        
LCD#DTPIN                         4
LCD#DTPORT                        PORTB
LCD#ENPIN                         3
LCD#ENPORT                        PORTB
LCD#INTERFACE                     4
LCD#RSPIN                         2
LCD#RSPORT                        PORTB
LCD#TYPE                          0
LCD@CLS                           00000001
LCD@CRS                           0000000B
LP_OSC                            00003FFC
MAIN                              00000176
MLT32@BR                          00000118
MLT32@LP                          00000107
NOT_A                             00000005
NOT_ADDRESS                       00000005
NOT_BO                            00000000
NOT_BOR                           00000000
NOT_DONE                          00000002
NOT_PD                            00000003
NOT_POR                           00000001
NOT_RBPU                          00000007
NOT_T1SYNC                        00000002
NOT_TO                            00000004
NOT_W                             00000002
NOT_WRITE                         00000002
NUM_BIT                           
NUM_BYTE                          
NUM_DWORD                         
NUM_FSR                           
NUM_WORD                          
NUM_WREG                          
OPTION_REG                        00000081
PB@LB16                           00000221
PB@LB17                           00000233
PCFG0                             00000000
PCFG1                             00000001
PCFG2                             00000002
PCL                               00000002
PCLATH                            0000000A
PCON                              0000008E
PDESTINATION@PAGE                 00000000
PEIE                              00000006
PIE1                              0000008C
PIR1                              0000000C
PORTA                             00000005
PORTB                             00000006
PORTC                             00000007
PP0                               00000026
PP0H                              00000027
PP0HH                             00000028
PP0HHH                            00000029
PP1                               0000002A
PP1H                              0000002B
PP2                               0000002C
PP2H                              0000002D
PP2HH                             0000002E
PP2HHH                            0000002F
PP3                               00000030
PP3H                              00000031
PP4                               00000032
PP5                               00000033
PPZ                               00000034
PPZH                              00000035
PPZHH                             00000036
PPZHHH                            00000037
PP_BF                             00000000
PP_GO_DONE                        00000002
PP_R_W                            00000002
PP_T2CKPS0                        00000000
PP_T2CKPS1                        00000001
PP_TMR2ON                         00000002
PR2                               00000092
PR@EX                             000000A7
PR@LP                             0000009A
PRINT                             0000005C
PRIT@SKP                          00000094
PROTON#CODE#START                 00000000
PROTON#MAIN#START                 00000127
PRT@1                             00000086
PRT@C                             00000085
PRT@S                             00000099
PS0                               00000000
PS1                               00000001
PS2                               00000002
PSA                               00000003
PWRTE_OFF                         00003FFF
PWRTE_ON                          00003FF7
R@B                               
RAM_BANK                          00000000
RAM_BANKS                         2
RBIE                              00000003
RBIF                              00000000
RC_OSC                            00003FFF
READ_WRITE                        00000002
RP0                               00000005
RP1                               00000006
RPFH                              00000038
RSIN2                             000000A9
RSIN@ST                           000000C3
RSIN_MODE                         00000001
RSIN_PIN                          00000005
RSIN_PORT                         00000007
R_W                               00000002
S@B                               
SERIAL_BAUD                       00000960
SET@PAGE                          
SR@DLY                            000000D5
SSPADD                            00000093
SSPBUF                            00000013
SSPCON                            00000014
SSPEN                             00000005
SSPIE                             00000003
SSPIF                             00000003
SSPM0                             00000000
SSPM1                             00000001
SSPM2                             00000002
SSPM3                             00000003
SSPOV                             00000006
SSPSTAT                           00000094
STATUS                            00000003
T0CS                              00000005
T0IE                              00000005
T0IF                              00000002
T0SE                              00000004
T1CKPS0                           00000004
T1CKPS1                           00000005
T1CON                             00000010
T1INSYNC                          00000002
T1OSCEN                           00000003
T2CKPS0                           00000000
T2CKPS1                           00000001
T2CON                             00000012
TIME_OUT                          00000232
TMR0                              00000001
TMR1CS                            00000001
TMR1H                             0000000F
TMR1IE                            00000000
TMR1IF                            00000000
TMR1L                             0000000E
TMR1LH                            0000000F
TMR1ON                            00000000
TMR2                              00000011
TMR2IE                            00000001
TMR2IF                            00000001
TMR2ON                            00000002
TOUTPS0                           00000003
TOUTPS1                           00000004
TOUTPS2                           00000005
TOUTPS3                           00000006
TRISA                             00000085
TRISB                             00000086
TRISC                             00000087
UA                                00000001
WCOL                              00000007
WDTE_OFF                          00003FFB
WDTE_ON                           00003FFF
WDT_OFF                           00003FFB
WDT_ON                            00003FFF
WORD_BIT                          
WORD_BYTE                         
WORD_DWORD                        
WORD_WORD                         
WORD_WREG                         
WREG_BIT                          
WREG_BYTE                         
WREG_DWORD                        
WREG_WORD                         
XTAL                              8
XT_OSC                            00003FFD
Z                                 00000002
_A                                dta,0
_ADC                              5
_ADC_RES                          8
_B                                dta,1
_BANKS                            2
_C                                dta,2
_CORE                             14
_CWRITE_BLOCK                     0
_D                                dta,3
_E                                dta,4
_EEPROM                           0
_FLASH                            0
_I2C_SCL_PIN                      00000003
_I2C_SCL_PORT                     00000087
_I2C_SDA_PIN                      00000003
_I2C_SDA_PORT                     00000087
_MAXMEM                           2048
_MAXRAM                           128
_PAGES                            1
_RAM_END                          0X0080
_SYSTEM_VARIABLE_COUNT            25
_USART                            0
_USB                              0
__16C72                           1
__EOF                             00000234
__LCD_DTPIN                       4
__LCD_DTPORT                      PORTB
__LCD_ENPIN                       3
__LCD_ENPORT                      PORTB
__LCD_INTERFACE                   4
__LCD_RSPIN                       2
__LCD_RSPORT                      PORTB
__RSIN_MODE                       1
__RSIN_PIN                        5
__RSIN_PORT                       PORTC
__RSIN_TIMEOUT                    1000
__SERIAL_BAUD                     2400
__XTAL                            8


MEMORY USAGE MAP ('X' = USED,  '-' = UNUSED)

0000 : XXXXXXXXXXXXXXXX XXXXXXXXXXXXXXXX XXXXXXXXXXXXXXXX XXXXXXXXXXXXXXXX
0040 : XXXXXXXXXXXXXXXX XXXXXXXXXXXXXXXX XXXXXXXXXXXXXXXX XXXXXXXXXXXXXXXX
0080 : XXXXXXXXXXXXXXXX XXXXXXXXXXXXXXXX XXXXXXXXXXXXXXXX XXXXXXXXXXXXXXXX
00C0 : XXXXXXXXXXXXXXXX XXXXXXXXXXXXXXXX XXXXXXXXXXXXXXXX XXXXXXXXXXXXXXXX
0100 : XXXXXXXXXXXXXXXX XXXXXXXXXXXXXXXX XXXXXXXXXXXXXXXX XXXXXXXXXXXXXXXX
0140 : XXXXXXXXXXXXXXXX XXXXXXXXXXXXXXXX XXXXXXXXXXXXXXXX XXXXXXXXXXXXXXXX
0180 : XXXXXXXXXXXXXXXX XXXXXXXXXXXXXXXX XXXXXXXXXXXXXXXX XXXXXXXXXXXXXXXX
01C0 : XXXXXXXXXXXXXXXX XXXXXXXXXXXXXXXX XXXXXXXXXXXXXXXX XXXXXXXXXXXXXXXX
0200 : XXXXXXXXXXXXXXXX XXXXXXXXXXXXXXXX XXXXXXXXXXXXXXXX XXXX------------
2000 : -------X-------- ---------------- ---------------- ----------------

ALL OTHER MEMORY BLOCKS UNUSED.

PROGRAM MEMORY WORDS USED:   564
PROGRAM MEMORY WORDS FREE:  1484


ERRORS   :     0
WARNINGS :     0 REPORTED,    11 SUPPRESSED
MESSAGES :     1 REPORTED,     2 SUPPRESSED


