;  LST file generated by mikroListExporter - v.2.0 
; Date/Time: 8/12/2016 2:44:35 PM
;----------------------------------------------

;Address Opcode 	ASM
0x0000	0x2A39      	GOTO       569
_SETFUN32:
;__Lib_MathDouble.c,138 :: 		
;__Lib_MathDouble.c,145 :: 		
0x0003	0x157B      	BSF        R11, 2
;__Lib_MathDouble.c,146 :: 		
0x0004	0x1FFB      	BTFSS      R11, 7
;__Lib_MathDouble.c,147 :: 		
0x0005	0x280D      	GOTO       SETFUN32EEE
;__Lib_MathDouble.c,148 :: 		
0x0006	0x3001      	MOVLW      1
;__Lib_MathDouble.c,149 :: 		
0x0007	0x00F3      	MOVWF      R3
;__Lib_MathDouble.c,150 :: 		
0x0008	0x01F2      	CLRF       R2
;__Lib_MathDouble.c,151 :: 		
0x0009	0x01F1      	CLRF       R1
;__Lib_MathDouble.c,152 :: 		
0x000A	0x01F0      	CLRF       R0
;__Lib_MathDouble.c,153 :: 		
0x000B	0x0DFA      	RLF        R10, 1
;__Lib_MathDouble.c,154 :: 		
0x000C	0x0CF2      	RRF        R2, 1
;__Lib_MathDouble.c,155 :: 		
SETFUN32EEE:
;__Lib_MathDouble.c,156 :: 		
0x000D	0x30FF      	MOVLW      255
;__Lib_MathDouble.c,158 :: 		
L_end_SETFUN32:
0x000E	0x0008      	RETURN
; end of _SETFUN32
_UART1_Write:
;__Lib_UART_c67.c,39 :: 		
;__Lib_UART_c67.c,40 :: 		
L_UART1_Write3:
0x000F	0x1683      	BSF        STATUS, 5
0x0010	0x1303      	BCF        STATUS, 6
0x0011	0x1898      	BTFSC      TXSTA, 1
0x0012	0x2815      	GOTO       L_UART1_Write4
;__Lib_UART_c67.c,41 :: 		
0x0013	0x0000      	NOP
0x0014	0x280F      	GOTO       L_UART1_Write3
L_UART1_Write4:
;__Lib_UART_c67.c,42 :: 		
0x0015	0x0846      	MOVF       FARG_UART1_Write_data_, 0
0x0016	0x1283      	BCF        STATUS, 5
0x0017	0x0099      	MOVWF      TXREG
;__Lib_UART_c67.c,43 :: 		
L_end_UART1_Write:
0x0018	0x0008      	RETURN
; end of _UART1_Write
_RES032:
;__Lib_MathDouble.c,123 :: 		
;__Lib_MathDouble.c,128 :: 		
0x0019	0x01F2      	CLRF       R2
;__Lib_MathDouble.c,129 :: 		
0x001A	0x01F1      	CLRF       R1
;__Lib_MathDouble.c,130 :: 		
0x001B	0x01F0      	CLRF       R0
;__Lib_MathDouble.c,131 :: 		
0x001C	0x01F8      	CLRF       R8
;__Lib_MathDouble.c,132 :: 		
0x001D	0x01F3      	CLRF       R3
;__Lib_MathDouble.c,133 :: 		
0x001E	0x3000      	MOVLW      0
;__Lib_MathDouble.c,135 :: 		
L_end_RES032:
0x001F	0x0008      	RETURN
; end of _RES032
_FIXSIGN32:
;__Lib_MathDouble.c,112 :: 		
;__Lib_MathDouble.c,116 :: 		
0x0020	0x1FFA      	BTFSS      R10, 7
;__Lib_MathDouble.c,117 :: 		
0x0021	0x13F2      	BCF        R2, 7
;__Lib_MathDouble.c,118 :: 		
0x0022	0x3000      	MOVLW      0
;__Lib_MathDouble.c,120 :: 		
L_end_FIXSIGN32:
0x0023	0x0008      	RETURN
; end of _FIXSIGN32
_SETFOV32:
;__Lib_MathDouble.c,79 :: 		
;__Lib_MathDouble.c,86 :: 		
0x0024	0x14FB      	BSF        R11, 1
;__Lib_MathDouble.c,87 :: 		
0x0025	0x1FFB      	BTFSS      R11, 7
;__Lib_MathDouble.c,88 :: 		
0x0026	0x282E      	GOTO       SETFOV32EEE
;__Lib_MathDouble.c,89 :: 		
0x0027	0x30FF      	MOVLW      255
;__Lib_MathDouble.c,90 :: 		
0x0028	0x00F3      	MOVWF      R3
;__Lib_MathDouble.c,91 :: 		
0x0029	0x00F2      	MOVWF      R2
;__Lib_MathDouble.c,92 :: 		
0x002A	0x00F1      	MOVWF      R1
;__Lib_MathDouble.c,93 :: 		
0x002B	0x00F0      	MOVWF      R0
;__Lib_MathDouble.c,94 :: 		
0x002C	0x0DFA      	RLF        R10, 1
;__Lib_MathDouble.c,95 :: 		
0x002D	0x0CF2      	RRF        R2, 1
;__Lib_MathDouble.c,96 :: 		
SETFOV32EEE:
;__Lib_MathDouble.c,97 :: 		
0x002E	0x30FF      	MOVLW      255
;__Lib_MathDouble.c,99 :: 		
L_end_SETFOV32:
0x002F	0x0008      	RETURN
; end of _SETFOV32
_NRM4032:
;__Lib_MathDouble.c,245 :: 		
;__Lib_MathDouble.c,252 :: 		
;__Lib_MathDouble.c,254 :: 		
0x0030	0x187C      	BTFSC      R12, 0
;__Lib_MathDouble.c,255 :: 		
0x0031	0x2866      	GOTO       NRMRND4032
;__Lib_MathDouble.c,256 :: 		
0x0032	0x18FC      	BTFSC      R12, 1
;__Lib_MathDouble.c,257 :: 		
0x0033	0x2837      	GOTO       NRM4032
;__Lib_MathDouble.c,258 :: 		
0x0034	0x197C      	BTFSC      R12, 2
;__Lib_MathDouble.c,259 :: 		
0x0035	0x2885      	GOTO       JMPSETFOV32
;__Lib_MathDouble.c,260 :: 		
0x0036	0x2830      	GOTO       $-6
;__Lib_MathDouble.c,261 :: 		
NRM4032:
;__Lib_MathDouble.c,262 :: 		
0x0037	0x01A0      	CLRF       __math_tempbD
;__Lib_MathDouble.c,263 :: 		
0x0038	0x0872      	MOVF       R2, 0
;__Lib_MathDouble.c,264 :: 		
0x0039	0x1D03      	BTFSS      STATUS, 2
;__Lib_MathDouble.c,265 :: 		
0x003A	0x2857      	GOTO       NORM4032
;__Lib_MathDouble.c,266 :: 		
0x003B	0x0871      	MOVF       R1, 0
;__Lib_MathDouble.c,267 :: 		
0x003C	0x00F2      	MOVWF      R2
;__Lib_MathDouble.c,268 :: 		
0x003D	0x0870      	MOVF       R0, 0
;__Lib_MathDouble.c,269 :: 		
0x003E	0x00F1      	MOVWF      R1
;__Lib_MathDouble.c,270 :: 		
0x003F	0x0878      	MOVF       R8, 0
;__Lib_MathDouble.c,271 :: 		
0x0040	0x00F0      	MOVWF      R0
;__Lib_MathDouble.c,272 :: 		
0x0041	0x01F8      	CLRF       R8
;__Lib_MathDouble.c,273 :: 		
0x0042	0x15A0      	BSF        __math_tempbD, 3
;__Lib_MathDouble.c,275 :: 		
0x0043	0x0872      	MOVF       R2, 0
;__Lib_MathDouble.c,276 :: 		
0x0044	0x1D03      	BTFSS      STATUS, 2
;__Lib_MathDouble.c,277 :: 		
0x0045	0x2857      	GOTO       NORM4032
;__Lib_MathDouble.c,278 :: 		
0x0046	0x0871      	MOVF       R1, 0
;__Lib_MathDouble.c,279 :: 		
0x0047	0x00F2      	MOVWF      R2
;__Lib_MathDouble.c,280 :: 		
0x0048	0x0870      	MOVF       R0, 0
;__Lib_MathDouble.c,281 :: 		
0x0049	0x00F1      	MOVWF      R1
;__Lib_MathDouble.c,282 :: 		
0x004A	0x01F0      	CLRF       R0
;__Lib_MathDouble.c,283 :: 		
0x004B	0x11A0      	BCF        __math_tempbD, 3
;__Lib_MathDouble.c,284 :: 		
0x004C	0x1620      	BSF        __math_tempbD, 4
;__Lib_MathDouble.c,286 :: 		
0x004D	0x0872      	MOVF       R2, 0
;__Lib_MathDouble.c,287 :: 		
0x004E	0x1D03      	BTFSS      STATUS, 2
;__Lib_MathDouble.c,288 :: 		
0x004F	0x2857      	GOTO       NORM4032
;__Lib_MathDouble.c,289 :: 		
0x0050	0x0871      	MOVF       R1, 0
;__Lib_MathDouble.c,290 :: 		
0x0051	0x00F2      	MOVWF      R2
;__Lib_MathDouble.c,291 :: 		
0x0052	0x01F1      	CLRF       R1
;__Lib_MathDouble.c,292 :: 		
0x0053	0x15A0      	BSF        __math_tempbD, 3
;__Lib_MathDouble.c,294 :: 		
0x0054	0x0872      	MOVF       R2, 0
;__Lib_MathDouble.c,295 :: 		
0x0055	0x1903      	BTFSC      STATUS, 2
;__Lib_MathDouble.c,296 :: 		
0x0056	0x2879      	GOTO       JMPRES032
;__Lib_MathDouble.c,297 :: 		
NORM4032:
;__Lib_MathDouble.c,298 :: 		
0x0057	0x0820      	MOVF       __math_tempbD, 0
;__Lib_MathDouble.c,299 :: 		
0x0058	0x02F3      	SUBWF      R3, 1
;__Lib_MathDouble.c,300 :: 		
0x0059	0x1D03      	BTFSS      STATUS, 2
;__Lib_MathDouble.c,301 :: 		
0x005A	0x1C03      	BTFSS      STATUS, 0
;__Lib_MathDouble.c,302 :: 		
0x005B	0x287D      	GOTO       JMPSETFUN32
;__Lib_MathDouble.c,303 :: 		
0x005C	0x1003      	BCF        STATUS, 0
;__Lib_MathDouble.c,304 :: 		
NORM4032A:
;__Lib_MathDouble.c,305 :: 		
0x005D	0x1BF2      	BTFSC      R2, 7
;__Lib_MathDouble.c,306 :: 		
0x005E	0x2866      	GOTO       NRMRND4032
;__Lib_MathDouble.c,307 :: 		
0x005F	0x0DF8      	RLF        R8, 1
;__Lib_MathDouble.c,308 :: 		
0x0060	0x0DF0      	RLF        R0, 1
;__Lib_MathDouble.c,309 :: 		
0x0061	0x0DF1      	RLF        R1, 1
;__Lib_MathDouble.c,310 :: 		
0x0062	0x0DF2      	RLF        R2, 1
;__Lib_MathDouble.c,311 :: 		
0x0063	0x0BF3      	DECFSZ     R3, 1
;__Lib_MathDouble.c,312 :: 		
0x0064	0x285D      	GOTO       NORM4032A
;__Lib_MathDouble.c,313 :: 		
0x0065	0x287D      	GOTO       JMPSETFUN32
;__Lib_MathDouble.c,314 :: 		
NRMRND4032:
;__Lib_MathDouble.c,315 :: 		
0x0066	0x1B7B      	BTFSC      R11, 6
;__Lib_MathDouble.c,316 :: 		
0x0067	0x1C70      	BTFSS      R0, 0
;__Lib_MathDouble.c,317 :: 		
0x0068	0x2881      	GOTO       JMPFIXSIGN32
;__Lib_MathDouble.c,318 :: 		
0x0069	0x1FF8      	BTFSS      R8, 7
;__Lib_MathDouble.c,319 :: 		
0x006A	0x2881      	GOTO       JMPFIXSIGN32
;__Lib_MathDouble.c,320 :: 		
0x006B	0x0AF0      	INCF       R0, 1
;__Lib_MathDouble.c,321 :: 		
0x006C	0x1903      	BTFSC      STATUS, 2
;__Lib_MathDouble.c,322 :: 		
0x006D	0x0AF1      	INCF       R1, 1
;__Lib_MathDouble.c,323 :: 		
0x006E	0x1903      	BTFSC      STATUS, 2
;__Lib_MathDouble.c,324 :: 		
0x006F	0x0AF2      	INCF       R2, 1
;__Lib_MathDouble.c,325 :: 		
0x0070	0x1D03      	BTFSS      STATUS, 2
;__Lib_MathDouble.c,326 :: 		
0x0071	0x2881      	GOTO       JMPFIXSIGN32
;__Lib_MathDouble.c,327 :: 		
0x0072	0x0CF2      	RRF        R2, 1
;__Lib_MathDouble.c,328 :: 		
0x0073	0x0CF1      	RRF        R1, 1
;__Lib_MathDouble.c,329 :: 		
0x0074	0x0CF0      	RRF        R0, 1
;__Lib_MathDouble.c,330 :: 		
0x0075	0x0AF3      	INCF       R3, 1
;__Lib_MathDouble.c,331 :: 		
0x0076	0x1903      	BTFSC      STATUS, 2
;__Lib_MathDouble.c,332 :: 		
0x0077	0x2885      	GOTO       JMPSETFOV32
;__Lib_MathDouble.c,333 :: 		
0x0078	0x2881      	GOTO       JMPFIXSIGN32
;__Lib_MathDouble.c,334 :: 		
JMPRES032:
;__Lib_MathDouble.c,335 :: 		
0x0079	0x3001      	MOVLW      1
;__Lib_MathDouble.c,336 :: 		
0x007A	0x00FC      	MOVWF      R12
;__Lib_MathDouble.c,338 :: 		
0x007B	0x2019      	CALL       _RES032
;__Lib_MathDouble.c,340 :: 		
0x007C	0x2888      	GOTO       NRM4032EEE
;__Lib_MathDouble.c,341 :: 		
JMPSETFUN32:
;__Lib_MathDouble.c,342 :: 		
0x007D	0x3002      	MOVLW      2
;__Lib_MathDouble.c,343 :: 		
0x007E	0x00FC      	MOVWF      R12
;__Lib_MathDouble.c,345 :: 		
0x007F	0x2003      	CALL       _SETFUN32
;__Lib_MathDouble.c,347 :: 		
0x0080	0x2888      	GOTO       NRM4032EEE
;__Lib_MathDouble.c,348 :: 		
JMPFIXSIGN32:
;__Lib_MathDouble.c,349 :: 		
0x0081	0x3004      	MOVLW      4
;__Lib_MathDouble.c,350 :: 		
0x0082	0x00FC      	MOVWF      R12
;__Lib_MathDouble.c,352 :: 		
0x0083	0x2020      	CALL       _FIXSIGN32
;__Lib_MathDouble.c,354 :: 		
0x0084	0x2888      	GOTO       NRM4032EEE
;__Lib_MathDouble.c,355 :: 		
JMPSETFOV32:
;__Lib_MathDouble.c,356 :: 		
0x0085	0x3008      	MOVLW      8
;__Lib_MathDouble.c,357 :: 		
0x0086	0x00FC      	MOVWF      R12
;__Lib_MathDouble.c,359 :: 		
0x0087	0x2024      	CALL       _SETFOV32
;__Lib_MathDouble.c,361 :: 		
NRM4032EEE:
;__Lib_MathDouble.c,362 :: 		
0x0088	0x0000      	NOP
;__Lib_MathDouble.c,370 :: 		
L_end_NRM4032:
0x0089	0x0008      	RETURN
; end of _NRM4032
_SETIOV3224:
;__Lib_MathDouble.c,1000 :: 		
;__Lib_MathDouble.c,1006 :: 		
0x008A	0x147B      	BSF        R11, 0
;__Lib_MathDouble.c,1007 :: 		
0x008B	0x1FFB      	BTFSS      R11, 7
;__Lib_MathDouble.c,1008 :: 		
0x008C	0x2895      	GOTO       SETIOV3224EEE
;__Lib_MathDouble.c,1010 :: 		
0x008D	0x01F2      	CLRF       R2
;__Lib_MathDouble.c,1011 :: 		
0x008E	0x1FFA      	BTFSS      R10, 7
;__Lib_MathDouble.c,1012 :: 		
0x008F	0x30FF      	MOVLW      255
;__Lib_MathDouble.c,1013 :: 		
0x0090	0x00F2      	MOVWF      R2
;__Lib_MathDouble.c,1014 :: 		
0x0091	0x00F1      	MOVWF      R1
;__Lib_MathDouble.c,1015 :: 		
0x0092	0x00F0      	MOVWF      R0
;__Lib_MathDouble.c,1016 :: 		
0x0093	0x0DFA      	RLF        R10, 1
;__Lib_MathDouble.c,1017 :: 		
0x0094	0x0CF2      	RRF        R2, 1
;__Lib_MathDouble.c,1018 :: 		
SETIOV3224EEE:
;__Lib_MathDouble.c,1019 :: 		
0x0095	0x30FF      	MOVLW      255
;__Lib_MathDouble.c,1021 :: 		
L_end_SETIOV3224:
0x0096	0x0008      	RETURN
; end of _SETIOV3224
_Delay_22us:
;__Lib_Delays.c,15 :: 		void Delay_22us() {
;__Lib_Delays.c,16 :: 		Delay_us(22);
0x0097	0x300E      	MOVLW      14
0x0098	0x1283      	BCF        STATUS, 5
0x0099	0x1303      	BCF        STATUS, 6
0x009A	0x00FD      	MOVWF      R13
L_Delay_22us1:
0x009B	0x0BFD      	DECFSZ     R13, 1
0x009C	0x289B      	GOTO       L_Delay_22us1
0x009D	0x0000      	NOP
;__Lib_Delays.c,17 :: 		}
L_end_Delay_22us:
0x009E	0x0008      	RETURN
; end of _Delay_22us
_UART1_Write_Text:
;__Lib_UART_c67.c,47 :: 		
;__Lib_UART_c67.c,48 :: 		
0x009F	0x1683      	BSF        STATUS, 5
0x00A0	0x1303      	BCF        STATUS, 6
0x00A1	0x01C5      	CLRF       UART1_Write_Text_counter_L0
;__Lib_UART_c67.c,50 :: 		
0x00A2	0x0843      	MOVF       FARG_UART1_Write_Text_uart_text, 0
0x00A3	0x0084      	MOVWF      FSR
0x00A4	0x0800      	MOVF       INDF, 0
0x00A5	0x00C4      	MOVWF      UART1_Write_Text_data__L0
;__Lib_UART_c67.c,51 :: 		
L_UART1_Write_Text5:
0x00A6	0x0844      	MOVF       UART1_Write_Text_data__L0, 0
0x00A7	0x3A00      	XORLW      0
0x00A8	0x1903      	BTFSC      STATUS, 2
0x00A9	0x28B5      	GOTO       L_UART1_Write_Text6
;__Lib_UART_c67.c,52 :: 		
0x00AA	0x0844      	MOVF       UART1_Write_Text_data__L0, 0
0x00AB	0x00C6      	MOVWF      FARG_UART1_Write_data_
0x00AC	0x200F      	CALL       _UART1_Write
;__Lib_UART_c67.c,53 :: 		
0x00AD	0x1683      	BSF        STATUS, 5
0x00AE	0x0AC5      	INCF       UART1_Write_Text_counter_L0, 1
;__Lib_UART_c67.c,54 :: 		
0x00AF	0x0845      	MOVF       UART1_Write_Text_counter_L0, 0
0x00B0	0x0743      	ADDWF      FARG_UART1_Write_Text_uart_text, 0
0x00B1	0x0084      	MOVWF      FSR
0x00B2	0x0800      	MOVF       INDF, 0
0x00B3	0x00C4      	MOVWF      UART1_Write_Text_data__L0
;__Lib_UART_c67.c,55 :: 		
0x00B4	0x28A6      	GOTO       L_UART1_Write_Text5
L_UART1_Write_Text6:
;__Lib_UART_c67.c,56 :: 		
L_end_UART1_Write_Text:
0x00B5	0x0008      	RETURN
; end of _UART1_Write_Text
_nl_cr:
;gsm_sms.h,1 :: 		void nl_cr(){
;gsm_sms.h,2 :: 		uart1_write(13);
0x00B6	0x300D      	MOVLW      13
0x00B7	0x1683      	BSF        STATUS, 5
0x00B8	0x1303      	BCF        STATUS, 6
0x00B9	0x00C6      	MOVWF      FARG_UART1_Write_data_
0x00BA	0x200F      	CALL       _UART1_Write
;gsm_sms.h,3 :: 		uart1_write(10);
0x00BB	0x300A      	MOVLW      10
0x00BC	0x1683      	BSF        STATUS, 5
0x00BD	0x00C6      	MOVWF      FARG_UART1_Write_data_
0x00BE	0x200F      	CALL       _UART1_Write
;gsm_sms.h,4 :: 		}
L_end_nl_cr:
0x00BF	0x0008      	RETURN
; end of _nl_cr
_send_sms:
;gsm_sms.h,6 :: 		void send_sms(char num[11], char text[160]){
;gsm_sms.h,7 :: 		uart1_write_text("AT+CMGF=1");
0x00C0	0x302B      	MOVLW      ?lstr1_gsm800l
0x00C1	0x1683      	BSF        STATUS, 5
0x00C2	0x1303      	BCF        STATUS, 6
0x00C3	0x00C3      	MOVWF      FARG_UART1_Write_Text_uart_text
0x00C4	0x209F      	CALL       _UART1_Write_Text
;gsm_sms.h,8 :: 		nl_cr();
0x00C5	0x20B6      	CALL       _nl_cr
;gsm_sms.h,9 :: 		delay_ms(200);
0x00C6	0x3003      	MOVLW      3
0x00C7	0x00FB      	MOVWF      R11
0x00C8	0x3008      	MOVLW      8
0x00C9	0x00FC      	MOVWF      R12
0x00CA	0x3077      	MOVLW      119
0x00CB	0x00FD      	MOVWF      R13
L_send_sms0:
0x00CC	0x0BFD      	DECFSZ     R13, 1
0x00CD	0x28CC      	GOTO       L_send_sms0
0x00CE	0x0BFC      	DECFSZ     R12, 1
0x00CF	0x28CC      	GOTO       L_send_sms0
0x00D0	0x0BFB      	DECFSZ     R11, 1
0x00D1	0x28CC      	GOTO       L_send_sms0
;gsm_sms.h,10 :: 		uart1_write_text("AT+CMGS= ");
0x00D2	0x3021      	MOVLW      ?lstr2_gsm800l
0x00D3	0x1683      	BSF        STATUS, 5
0x00D4	0x00C3      	MOVWF      FARG_UART1_Write_Text_uart_text
0x00D5	0x209F      	CALL       _UART1_Write_Text
;gsm_sms.h,11 :: 		uart1_write(34);
0x00D6	0x3022      	MOVLW      34
0x00D7	0x00C6      	MOVWF      FARG_UART1_Write_data_
0x00D8	0x200F      	CALL       _UART1_Write
;gsm_sms.h,12 :: 		uart1_write_text(num);
0x00D9	0x1683      	BSF        STATUS, 5
0x00DA	0x0841      	MOVF       FARG_send_sms_num, 0
0x00DB	0x00C3      	MOVWF      FARG_UART1_Write_Text_uart_text
0x00DC	0x209F      	CALL       _UART1_Write_Text
;gsm_sms.h,13 :: 		uart1_write(34);
0x00DD	0x3022      	MOVLW      34
0x00DE	0x00C6      	MOVWF      FARG_UART1_Write_data_
0x00DF	0x200F      	CALL       _UART1_Write
;gsm_sms.h,14 :: 		nl_cr();
0x00E0	0x20B6      	CALL       _nl_cr
;gsm_sms.h,15 :: 		delay_ms(200);
0x00E1	0x3003      	MOVLW      3
0x00E2	0x00FB      	MOVWF      R11
0x00E3	0x3008      	MOVLW      8
0x00E4	0x00FC      	MOVWF      R12
0x00E5	0x3077      	MOVLW      119
0x00E6	0x00FD      	MOVWF      R13
L_send_sms1:
0x00E7	0x0BFD      	DECFSZ     R13, 1
0x00E8	0x28E7      	GOTO       L_send_sms1
0x00E9	0x0BFC      	DECFSZ     R12, 1
0x00EA	0x28E7      	GOTO       L_send_sms1
0x00EB	0x0BFB      	DECFSZ     R11, 1
0x00EC	0x28E7      	GOTO       L_send_sms1
;gsm_sms.h,16 :: 		uart1_write_text(text);
0x00ED	0x1683      	BSF        STATUS, 5
0x00EE	0x0842      	MOVF       FARG_send_sms_text, 0
0x00EF	0x00C3      	MOVWF      FARG_UART1_Write_Text_uart_text
0x00F0	0x209F      	CALL       _UART1_Write_Text
;gsm_sms.h,17 :: 		delay_ms(200);
0x00F1	0x3003      	MOVLW      3
0x00F2	0x1283      	BCF        STATUS, 5
0x00F3	0x00FB      	MOVWF      R11
0x00F4	0x3008      	MOVLW      8
0x00F5	0x00FC      	MOVWF      R12
0x00F6	0x3077      	MOVLW      119
0x00F7	0x00FD      	MOVWF      R13
L_send_sms2:
0x00F8	0x0BFD      	DECFSZ     R13, 1
0x00F9	0x28F8      	GOTO       L_send_sms2
0x00FA	0x0BFC      	DECFSZ     R12, 1
0x00FB	0x28F8      	GOTO       L_send_sms2
0x00FC	0x0BFB      	DECFSZ     R11, 1
0x00FD	0x28F8      	GOTO       L_send_sms2
;gsm_sms.h,18 :: 		uart1_write(0x1A); //ctrl + Z
0x00FE	0x301A      	MOVLW      26
0x00FF	0x1683      	BSF        STATUS, 5
0x0100	0x00C6      	MOVWF      FARG_UART1_Write_data_
0x0101	0x200F      	CALL       _UART1_Write
;gsm_sms.h,19 :: 		delay_ms(5000);
0x0102	0x3033      	MOVLW      51
0x0103	0x00FB      	MOVWF      R11
0x0104	0x30BB      	MOVLW      187
0x0105	0x00FC      	MOVWF      R12
0x0106	0x30DF      	MOVLW      223
0x0107	0x00FD      	MOVWF      R13
L_send_sms3:
0x0108	0x0BFD      	DECFSZ     R13, 1
0x0109	0x2908      	GOTO       L_send_sms3
0x010A	0x0BFC      	DECFSZ     R12, 1
0x010B	0x2908      	GOTO       L_send_sms3
0x010C	0x0BFB      	DECFSZ     R11, 1
0x010D	0x2908      	GOTO       L_send_sms3
0x010E	0x0000      	NOP
0x010F	0x0000      	NOP
;gsm_sms.h,20 :: 		nl_cr();
0x0110	0x20B6      	CALL       _nl_cr
;gsm_sms.h,21 :: 		}
L_end_send_sms:
0x0111	0x0008      	RETURN
; end of _send_sms
_double2byte:
;__Lib_MathDouble.c,1670 :: 		
;__Lib_MathDouble.c,1677 :: 		
0x0112	0x1283      	BCF        STATUS, 5
;__Lib_MathDouble.c,1678 :: 		
0x0113	0x1303      	BCF        STATUS, 6
;__Lib_MathDouble.c,1680 :: 		
0x0114	0x01FB      	CLRF       R11
;__Lib_MathDouble.c,1681 :: 		
0x0115	0x01FC      	CLRF       R12
;__Lib_MathDouble.c,1682 :: 		
0x0116	0x01FA      	CLRF       R10
;__Lib_MathDouble.c,1684 :: 		
0x0117	0x0873      	MOVF       R3, 0
;__Lib_MathDouble.c,1685 :: 		
0x0118	0x1903      	BTFSC      STATUS, 2
;__Lib_MathDouble.c,1686 :: 		
0x0119	0x293F      	GOTO       IRES008
;__Lib_MathDouble.c,1688 :: 		
0x011A	0x13FA      	BCF        R10, 7
;__Lib_MathDouble.c,1689 :: 		
0x011B	0x17F2      	BSF        R2, 7
;__Lib_MathDouble.c,1691 :: 		
0x011C	0x3086      	MOVLW      134
;__Lib_MathDouble.c,1692 :: 		
0x011D	0x02F3      	SUBWF      R3, 1
;__Lib_MathDouble.c,1693 :: 		
0x011E	0x1BF3      	BTFSC      R3, 7
;__Lib_MathDouble.c,1694 :: 		
0x011F	0x2923      	GOTO       SETEXP08
;__Lib_MathDouble.c,1695 :: 		
0x0120	0x1903      	BTFSC      STATUS, 2
;__Lib_MathDouble.c,1696 :: 		
0x0121	0x2923      	GOTO       SETEXP08
;__Lib_MathDouble.c,1697 :: 		
0x0122	0x2941      	GOTO       SETIOV08
;__Lib_MathDouble.c,1698 :: 		
SETEXP08:
;__Lib_MathDouble.c,1699 :: 		
0x0123	0x09F3      	COMF       R3, 1
;__Lib_MathDouble.c,1700 :: 		
0x0124	0x0AF3      	INCF       R3, 1
;__Lib_MathDouble.c,1702 :: 		
0x0125	0x3008      	MOVLW      8
;__Lib_MathDouble.c,1703 :: 		
0x0126	0x0273      	SUBWF      R3, 0
;__Lib_MathDouble.c,1704 :: 		
0x0127	0x1C03      	BTFSS      STATUS, 0
;__Lib_MathDouble.c,1705 :: 		
0x0128	0x2930      	GOTO       TSHIFT3208
;__Lib_MathDouble.c,1706 :: 		
0x0129	0x00F3      	MOVWF      R3
;__Lib_MathDouble.c,1707 :: 		
0x012A	0x0DF2      	RLF        R2, 1
;__Lib_MathDouble.c,1708 :: 		
0x012B	0x01F2      	CLRF       R2
;__Lib_MathDouble.c,1710 :: 		
0x012C	0x0873      	MOVF       R3, 0
;__Lib_MathDouble.c,1711 :: 		
0x012D	0x1D03      	BTFSS      STATUS, 2
;__Lib_MathDouble.c,1712 :: 		
0x012E	0x1003      	BCF        STATUS, 0
;__Lib_MathDouble.c,1713 :: 		
0x012F	0x2937      	GOTO       SHIFT3208OK
;__Lib_MathDouble.c,1714 :: 		
TSHIFT3208:
;__Lib_MathDouble.c,1715 :: 		
0x0130	0x0873      	MOVF       R3, 0
;__Lib_MathDouble.c,1716 :: 		
0x0131	0x1903      	BTFSC      STATUS, 2
;__Lib_MathDouble.c,1717 :: 		
0x0132	0x2937      	GOTO       SHIFT3208OK
;__Lib_MathDouble.c,1718 :: 		
SHIFT3208:
;__Lib_MathDouble.c,1719 :: 		
0x0133	0x1003      	BCF        STATUS, 0
;__Lib_MathDouble.c,1720 :: 		
0x0134	0x0CF2      	RRF        R2, 1
;__Lib_MathDouble.c,1721 :: 		
0x0135	0x0BF3      	DECFSZ     R3, 1
;__Lib_MathDouble.c,1722 :: 		
0x0136	0x2933      	GOTO       SHIFT3208
;__Lib_MathDouble.c,1723 :: 		
SHIFT3208OK:
;__Lib_MathDouble.c,1724 :: 		
0x0137	0x1B7B      	BTFSC      R11, 6
;__Lib_MathDouble.c,1725 :: 		
0x0138	0x1C72      	BTFSS      R2, 0
;__Lib_MathDouble.c,1726 :: 		
0x0139	0x293F      	GOTO       INT3208OK
;__Lib_MathDouble.c,1727 :: 		
0x013A	0x1C03      	BTFSS      STATUS, 0
;__Lib_MathDouble.c,1728 :: 		
0x013B	0x293F      	GOTO       INT3208OK
;__Lib_MathDouble.c,1729 :: 		
0x013C	0x0AF2      	INCF       R2, 1
;__Lib_MathDouble.c,1730 :: 		
0x013D	0x1903      	BTFSC      STATUS, 2
;__Lib_MathDouble.c,1731 :: 		
0x013E	0x2946      	GOTO       D2B_JPKSETIOV3224
;__Lib_MathDouble.c,1732 :: 		
INT3208OK:
;__Lib_MathDouble.c,1733 :: 		
IRES008:
;__Lib_MathDouble.c,1734 :: 		
0x013F	0x01F1      	CLRF       R1
;__Lib_MathDouble.c,1735 :: 		
0x0140	0x2949      	GOTO       INT3208EOK
;__Lib_MathDouble.c,1736 :: 		
SETIOV08:
;__Lib_MathDouble.c,1737 :: 		
0x0141	0x147B      	BSF        R11, 0
;__Lib_MathDouble.c,1738 :: 		
0x0142	0x1FFB      	BTFSS      R11, 7
;__Lib_MathDouble.c,1739 :: 		
0x0143	0x294C      	GOTO       INT3208EER
;__Lib_MathDouble.c,1741 :: 		
0x0144	0x01F1      	CLRF       R1
;__Lib_MathDouble.c,1742 :: 		
0x0145	0x294C      	GOTO       INT3208EER
;__Lib_MathDouble.c,1743 :: 		
D2B_JPKSETIOV3224:
;__Lib_MathDouble.c,1744 :: 		
0x0146	0x3001      	MOVLW      1
;__Lib_MathDouble.c,1745 :: 		
0x0147	0x00FC      	MOVWF      R12
;__Lib_MathDouble.c,1746 :: 		
0x0148	0x294E      	GOTO       INT3208EEE
;__Lib_MathDouble.c,1747 :: 		
INT3208EOK:
;__Lib_MathDouble.c,1748 :: 		
0x0149	0x3000      	MOVLW      0
;__Lib_MathDouble.c,1749 :: 		
0x014A	0x00FC      	MOVWF      R12
;__Lib_MathDouble.c,1750 :: 		
0x014B	0x294E      	GOTO       INT3208EEE
;__Lib_MathDouble.c,1751 :: 		
INT3208EER:
;__Lib_MathDouble.c,1752 :: 		
0x014C	0x30FF      	MOVLW      255
;__Lib_MathDouble.c,1753 :: 		
0x014D	0x00FC      	MOVWF      R12
;__Lib_MathDouble.c,1754 :: 		
INT3208EEE:
;__Lib_MathDouble.c,1757 :: 		
0x014E	0x08FC      	MOVF       R12, 1
;__Lib_MathDouble.c,1759 :: 		
0x014F	0x1903      	BTFSC      STATUS, 2
;__Lib_MathDouble.c,1760 :: 		
0x0150	0x2952      	GOTO       L_Double2Byte_0
;__Lib_MathDouble.c,1762 :: 		
0x0151	0x208A      	CALL       _SETIOV3224
;__Lib_MathDouble.c,1764 :: 		
L_Double2Byte_0:
;__Lib_MathDouble.c,1765 :: 		
0x0152	0x0872      	MOVF       R2, 0
;__Lib_MathDouble.c,1766 :: 		
0x0153	0x00F0      	MOVWF      R0
;__Lib_MathDouble.c,1770 :: 		
L_end_double2byte:
0x0154	0x0008      	RETURN
; end of _double2byte
_Mul_32x32_FP:
;__Lib_MathDouble.c,610 :: 		
;__Lib_MathDouble.c,622 :: 		
;__Lib_MathDouble.c,624 :: 		
0x0155	0x1283      	BCF        STATUS, 5
;__Lib_MathDouble.c,625 :: 		
0x0156	0x1303      	BCF        STATUS, 6
;__Lib_MathDouble.c,627 :: 		
0x0157	0x01FB      	CLRF       R11
;__Lib_MathDouble.c,628 :: 		
0x0158	0x0873      	MOVF       R3, 0
;__Lib_MathDouble.c,629 :: 		
0x0159	0x1D03      	BTFSS      STATUS, 2
;__Lib_MathDouble.c,630 :: 		
0x015A	0x0877      	MOVF       R7, 0
;__Lib_MathDouble.c,631 :: 		
0x015B	0x1903      	BTFSC      STATUS, 2
;__Lib_MathDouble.c,632 :: 		
0x015C	0x29AC      	GOTO       JPMRES032
;__Lib_MathDouble.c,634 :: 		
0x015D	0x0872      	MOVF       R2, 0
;__Lib_MathDouble.c,635 :: 		
0x015E	0x0676      	XORWF      R6, 0
;__Lib_MathDouble.c,636 :: 		
0x015F	0x00FA      	MOVWF      R10
;__Lib_MathDouble.c,637 :: 		
0x0160	0x0877      	MOVF       R7, 0
;__Lib_MathDouble.c,638 :: 		
0x0161	0x07F3      	ADDWF      R3, 1
;__Lib_MathDouble.c,639 :: 		
0x0162	0x307E      	MOVLW      126
;__Lib_MathDouble.c,640 :: 		
0x0163	0x1C03      	BTFSS      STATUS, 0
;__Lib_MathDouble.c,641 :: 		
0x0164	0x2969      	GOTO       MTUN32
;__Lib_MathDouble.c,642 :: 		
0x0165	0x02F3      	SUBWF      R3, 1
;__Lib_MathDouble.c,643 :: 		
0x0166	0x1803      	BTFSC      STATUS, 0
;__Lib_MathDouble.c,644 :: 		
0x0167	0x29AF      	GOTO       JPMSETFOV32
;__Lib_MathDouble.c,645 :: 		
0x0168	0x296C      	GOTO       MOK32
;__Lib_MathDouble.c,646 :: 		
MTUN32:
;__Lib_MathDouble.c,647 :: 		
0x0169	0x02F3      	SUBWF      R3, 1
;__Lib_MathDouble.c,648 :: 		
0x016A	0x1C03      	BTFSS      STATUS, 0
;__Lib_MathDouble.c,649 :: 		
0x016B	0x29B2      	GOTO       JPMSETFUN32
;__Lib_MathDouble.c,650 :: 		
MOK32:
;__Lib_MathDouble.c,651 :: 		
0x016C	0x0872      	MOVF       R2, 0
;__Lib_MathDouble.c,652 :: 		
0x016D	0x00F8      	MOVWF      R8
;__Lib_MathDouble.c,653 :: 		
0x016E	0x0871      	MOVF       R1, 0
;__Lib_MathDouble.c,654 :: 		
0x016F	0x00FC      	MOVWF      R12
;__Lib_MathDouble.c,655 :: 		
0x0170	0x0870      	MOVF       R0, 0
;__Lib_MathDouble.c,656 :: 		
0x0171	0x00FD      	MOVWF      R13
;__Lib_MathDouble.c,657 :: 		
0x0172	0x17F8      	BSF        R8, 7
;__Lib_MathDouble.c,658 :: 		
0x0173	0x17F6      	BSF        R6, 7
;__Lib_MathDouble.c,659 :: 		
0x0174	0x1003      	BCF        STATUS, 0
;__Lib_MathDouble.c,660 :: 		
0x0175	0x01F2      	CLRF       R2
;__Lib_MathDouble.c,661 :: 		
0x0176	0x01F1      	CLRF       R1
;__Lib_MathDouble.c,662 :: 		
0x0177	0x01F0      	CLRF       R0
;__Lib_MathDouble.c,663 :: 		
0x0178	0x3018      	MOVLW      24
;__Lib_MathDouble.c,664 :: 		
0x0179	0x00A0      	MOVWF      __math_tempbD
;__Lib_MathDouble.c,665 :: 		
MLOOP32:
;__Lib_MathDouble.c,666 :: 		
0x017A	0x1C7D      	BTFSS      R13, 0
;__Lib_MathDouble.c,667 :: 		
0x017B	0x2986      	GOTO       MNOADD32
;__Lib_MathDouble.c,669 :: 		
0x017C	0x0874      	MOVF       R4, 0
;__Lib_MathDouble.c,670 :: 		
0x017D	0x07F0      	ADDWF      R0, 1
;__Lib_MathDouble.c,671 :: 		
0x017E	0x0875      	MOVF       R5, 0
;__Lib_MathDouble.c,672 :: 		
0x017F	0x1803      	BTFSC      STATUS, 0
;__Lib_MathDouble.c,673 :: 		
0x0180	0x0F75      	INCFSZ     R5, 0
;__Lib_MathDouble.c,674 :: 		
0x0181	0x07F1      	ADDWF      R1, 1
;__Lib_MathDouble.c,675 :: 		
0x0182	0x0876      	MOVF       R6, 0
;__Lib_MathDouble.c,676 :: 		
0x0183	0x1803      	BTFSC      STATUS, 0
;__Lib_MathDouble.c,677 :: 		
0x0184	0x0F76      	INCFSZ     R6, 0
;__Lib_MathDouble.c,678 :: 		
0x0185	0x07F2      	ADDWF      R2, 1
;__Lib_MathDouble.c,679 :: 		
MNOADD32:
;__Lib_MathDouble.c,680 :: 		
0x0186	0x0CF2      	RRF        R2, 1
;__Lib_MathDouble.c,681 :: 		
0x0187	0x0CF1      	RRF        R1, 1
;__Lib_MathDouble.c,682 :: 		
0x0188	0x0CF0      	RRF        R0, 1
;__Lib_MathDouble.c,683 :: 		
0x0189	0x0CF8      	RRF        R8, 1
;__Lib_MathDouble.c,684 :: 		
0x018A	0x0CFC      	RRF        R12, 1
;__Lib_MathDouble.c,685 :: 		
0x018B	0x0CFD      	RRF        R13, 1
;__Lib_MathDouble.c,686 :: 		
0x018C	0x1003      	BCF        STATUS, 0
;__Lib_MathDouble.c,687 :: 		
0x018D	0x0BA0      	DECFSZ     __math_tempbD, 1
;__Lib_MathDouble.c,688 :: 		
0x018E	0x297A      	GOTO       MLOOP32
;__Lib_MathDouble.c,689 :: 		
0x018F	0x1BF2      	BTFSC      R2, 7
;__Lib_MathDouble.c,690 :: 		
0x0190	0x2996      	GOTO       MROUND32
;__Lib_MathDouble.c,691 :: 		
0x0191	0x0DF8      	RLF        R8, 1
;__Lib_MathDouble.c,692 :: 		
0x0192	0x0DF0      	RLF        R0, 1
;__Lib_MathDouble.c,693 :: 		
0x0193	0x0DF1      	RLF        R1, 1
;__Lib_MathDouble.c,694 :: 		
0x0194	0x0DF2      	RLF        R2, 1
;__Lib_MathDouble.c,695 :: 		
0x0195	0x03F3      	DECF       R3, 1
;__Lib_MathDouble.c,696 :: 		
MROUND32:
;__Lib_MathDouble.c,697 :: 		
0x0196	0x1B7B      	BTFSC      R11, 6
;__Lib_MathDouble.c,698 :: 		
0x0197	0x1C70      	BTFSS      R0, 0
;__Lib_MathDouble.c,699 :: 		
0x0198	0x29A8      	GOTO       MUL32OK
;__Lib_MathDouble.c,700 :: 		
0x0199	0x1FF8      	BTFSS      R8, 7
;__Lib_MathDouble.c,701 :: 		
0x019A	0x29A8      	GOTO       MUL32OK
;__Lib_MathDouble.c,702 :: 		
0x019B	0x0AF0      	INCF       R0, 1
;__Lib_MathDouble.c,703 :: 		
0x019C	0x1903      	BTFSC      STATUS, 2
;__Lib_MathDouble.c,704 :: 		
0x019D	0x0AF1      	INCF       R1, 1
;__Lib_MathDouble.c,705 :: 		
0x019E	0x1903      	BTFSC      STATUS, 2
;__Lib_MathDouble.c,706 :: 		
0x019F	0x0AF2      	INCF       R2, 1
;__Lib_MathDouble.c,707 :: 		
0x01A0	0x1D03      	BTFSS      STATUS, 2
;__Lib_MathDouble.c,708 :: 		
0x01A1	0x29A8      	GOTO       MUL32OK
;__Lib_MathDouble.c,709 :: 		
0x01A2	0x0CF2      	RRF        R2, 1
;__Lib_MathDouble.c,710 :: 		
0x01A3	0x0CF1      	RRF        R1, 1
;__Lib_MathDouble.c,711 :: 		
0x01A4	0x0CF0      	RRF        R0, 1
;__Lib_MathDouble.c,712 :: 		
0x01A5	0x0AF3      	INCF       R3, 1
;__Lib_MathDouble.c,713 :: 		
0x01A6	0x1903      	BTFSC      STATUS, 2
;__Lib_MathDouble.c,714 :: 		
0x01A7	0x29AF      	GOTO       JPMSETFOV32
;__Lib_MathDouble.c,715 :: 		
MUL32OK:
;__Lib_MathDouble.c,716 :: 		
0x01A8	0x1FFA      	BTFSS      R10, 7
;__Lib_MathDouble.c,717 :: 		
0x01A9	0x13F2      	BCF        R2, 7
;__Lib_MathDouble.c,718 :: 		
0x01AA	0x3000      	MOVLW      0
;__Lib_MathDouble.c,720 :: 		
0x01AB	0x29B4      	GOTO       MUL32EEE
;__Lib_MathDouble.c,721 :: 		
JPMRES032:
;__Lib_MathDouble.c,722 :: 		
0x01AC	0x3001      	MOVLW      1
;__Lib_MathDouble.c,725 :: 		
0x01AD	0x2019      	CALL       _RES032
;__Lib_MathDouble.c,727 :: 		
0x01AE	0x29B4      	GOTO       MUL32EEE
;__Lib_MathDouble.c,728 :: 		
JPMSETFOV32:
;__Lib_MathDouble.c,729 :: 		
0x01AF	0x3002      	MOVLW      2
;__Lib_MathDouble.c,732 :: 		
0x01B0	0x2024      	CALL       _SETFOV32
;__Lib_MathDouble.c,734 :: 		
0x01B1	0x29B4      	GOTO       MUL32EEE
;__Lib_MathDouble.c,735 :: 		
JPMSETFUN32:
;__Lib_MathDouble.c,736 :: 		
0x01B2	0x3004      	MOVLW      4
;__Lib_MathDouble.c,739 :: 		
0x01B3	0x2003      	CALL       _SETFUN32
;__Lib_MathDouble.c,741 :: 		
MUL32EEE:
;__Lib_MathDouble.c,742 :: 		
0x01B4	0x0000      	NOP
;__Lib_MathDouble.c,749 :: 		
L_end_Mul_32x32_FP:
0x01B5	0x0008      	RETURN
; end of _Mul_32x32_FP
_____DoICP:
;__Lib_System.c,6 :: 		
;__Lib_System.c,9 :: 		
0x01B6	0x1683      	BSF        STATUS, 5
0x01B7	0x1303      	BCF        STATUS, 6
0x01B8	0x083F      	MOVF       ___DoICPAddr+1, 0
0x01B9	0x008A      	MOVWF      PCLATH
;__Lib_System.c,10 :: 		
0x01BA	0x083E      	MOVF       ___DoICPAddr, 0
0x01BB	0x0082      	MOVWF      PCL
;__Lib_System.c,12 :: 		
L_end_____DoICP:
0x01BC	0x0008      	RETURN
; end of _____DoICP
_byte2double:
;__Lib_MathDouble.c,1778 :: 		
;__Lib_MathDouble.c,1785 :: 		
0x01BD	0x1283      	BCF        STATUS, 5
;__Lib_MathDouble.c,1786 :: 		
0x01BE	0x1303      	BCF        STATUS, 6
;__Lib_MathDouble.c,1788 :: 		
0x01BF	0x0870      	MOVF       R0, 0
;__Lib_MathDouble.c,1789 :: 		
0x01C0	0x00F8      	MOVWF      R8
;__Lib_MathDouble.c,1791 :: 		
0x01C1	0x01FB      	CLRF       R11
;__Lib_MathDouble.c,1792 :: 		
0x01C2	0x01FC      	CLRF       R12
;__Lib_MathDouble.c,1794 :: 		
0x01C3	0x309E      	MOVLW      158
;__Lib_MathDouble.c,1795 :: 		
0x01C4	0x00F3      	MOVWF      R3
;__Lib_MathDouble.c,1796 :: 		
0x01C5	0x01FA      	CLRF       R10
;__Lib_MathDouble.c,1797 :: 		
0x01C6	0x01F2      	CLRF       R2
;__Lib_MathDouble.c,1798 :: 		
0x01C7	0x01F1      	CLRF       R1
;__Lib_MathDouble.c,1799 :: 		
0x01C8	0x01F0      	CLRF       R0
;__Lib_MathDouble.c,1800 :: 		
0x01C9	0x3002      	MOVLW      2
;__Lib_MathDouble.c,1801 :: 		
0x01CA	0x00FC      	MOVWF      R12
;__Lib_MathDouble.c,1803 :: 		
0x01CB	0x2030      	CALL       _NRM4032
;__Lib_MathDouble.c,1804 :: 		
L_end_byte2double:
0x01CC	0x0008      	RETURN
; end of _byte2double
_ADC_Read:
;__Lib_ADC_A_A.c,39 :: 		
;__Lib_ADC_A_A.c,41 :: 		
0x01CD	0x1283      	BCF        STATUS, 5
0x01CE	0x1303      	BCF        STATUS, 6
0x01CF	0x019F      	CLRF       ADCON0
;__Lib_ADC_A_A.c,42 :: 		
0x01D0	0x30C0      	MOVLW      192
0x01D1	0x049F      	IORWF      ADCON0, 1
;__Lib_ADC_A_A.c,43 :: 		
0x01D2	0x1683      	BSF        STATUS, 5
0x01D3	0x0841      	MOVF       FARG_ADC_Read_channel, 0
0x01D4	0x1283      	BCF        STATUS, 5
0x01D5	0x00F0      	MOVWF      R0
0x01D6	0x0DF0      	RLF        R0, 1
0x01D7	0x1070      	BCF        R0, 0
0x01D8	0x0DF0      	RLF        R0, 1
0x01D9	0x1070      	BCF        R0, 0
0x01DA	0x0DF0      	RLF        R0, 1
0x01DB	0x1070      	BCF        R0, 0
0x01DC	0x0870      	MOVF       R0, 0
0x01DD	0x049F      	IORWF      ADCON0, 1
;__Lib_ADC_A_A.c,44 :: 		
0x01DE	0x141F      	BSF        ADCON0, 0
;__Lib_ADC_A_A.c,47 :: 		
0x01DF	0x2097      	CALL       _Delay_22us
;__Lib_ADC_A_A.c,50 :: 		
0x01E0	0x151F      	BSF        ADCON0, 2
;__Lib_ADC_A_A.c,53 :: 		
L_ADC_Read2:
0x01E1	0x1D1F      	BTFSS      ADCON0, 2
0x01E2	0x29E5      	GOTO       L_ADC_Read3
;__Lib_ADC_A_A.c,54 :: 		
0x01E3	0x0000      	NOP
0x01E4	0x29E1      	GOTO       L_ADC_Read2
L_ADC_Read3:
;__Lib_ADC_A_A.c,57 :: 		
0x01E5	0x101F      	BCF        ADCON0, 0
;__Lib_ADC_A_A.c,58 :: 		
0x01E6	0x081E      	MOVF       ADRES, 0
0x01E7	0x00F0      	MOVWF      R0
0x01E8	0x01F1      	CLRF       R0+1
;__Lib_ADC_A_A.c,60 :: 		
L_end_ADC_Read:
0x01E9	0x0008      	RETURN
; end of _ADC_Read
_safe:
;gsm800l.c,18 :: 		void safe(){
;gsm800l.c,19 :: 		fire_led = 0; smoke_led = 0;
0x01EA	0x1283      	BCF        STATUS, 5
0x01EB	0x1303      	BCF        STATUS, 6
0x01EC	0x1087      	BCF        PORTC, 1
0x01ED	0x1187      	BCF        PORTC, 3
;gsm800l.c,20 :: 		buzz = 0;
0x01EE	0x1007      	BCF        PORTC, 0
;gsm800l.c,21 :: 		send_sms(number,"Room safe. :-)");
0x01EF	0x3063      	MOVLW      _number
0x01F0	0x1683      	BSF        STATUS, 5
0x01F1	0x00C1      	MOVWF      FARG_send_sms_num
0x01F2	0x3054      	MOVLW      ?lstr3_gsm800l
0x01F3	0x00C2      	MOVWF      FARG_send_sms_text
0x01F4	0x20C0      	CALL       _send_sms
;gsm800l.c,22 :: 		}
L_end_safe:
0x01F5	0x0008      	RETURN
; end of _safe
_get_temp:
;gsm800l.c,12 :: 		short get_temp(){
;gsm800l.c,13 :: 		adc = adc_read(0);
0x01F6	0x1683      	BSF        STATUS, 5
0x01F7	0x1303      	BCF        STATUS, 6
0x01F8	0x01C1      	CLRF       FARG_ADC_Read_channel
0x01F9	0x21CD      	CALL       _ADC_Read
0x01FA	0x0870      	MOVF       R0, 0
0x01FB	0x00EF      	MOVWF      _adc
;gsm800l.c,14 :: 		temp = (adc * 0.0197) * 100;
0x01FC	0x21BD      	CALL       _byte2double
0x01FD	0x30E5      	MOVLW      229
0x01FE	0x00F4      	MOVWF      R4
0x01FF	0x3061      	MOVLW      97
0x0200	0x00F5      	MOVWF      R4+1
0x0201	0x3021      	MOVLW      33
0x0202	0x00F6      	MOVWF      R4+2
0x0203	0x3079      	MOVLW      121
0x0204	0x00F7      	MOVWF      R4+3
0x0205	0x2155      	CALL       _Mul_32x32_FP
0x0206	0x3000      	MOVLW      0
0x0207	0x00F4      	MOVWF      R4
0x0208	0x3000      	MOVLW      0
0x0209	0x00F5      	MOVWF      R4+1
0x020A	0x3048      	MOVLW      72
0x020B	0x00F6      	MOVWF      R4+2
0x020C	0x3085      	MOVLW      133
0x020D	0x00F7      	MOVWF      R4+3
0x020E	0x2155      	CALL       _Mul_32x32_FP
0x020F	0x2112      	CALL       _double2byte
0x0210	0x0870      	MOVF       R0, 0
0x0211	0x1683      	BSF        STATUS, 5
0x0212	0x00C0      	MOVWF      _temp
;gsm800l.c,15 :: 		return temp;
;gsm800l.c,16 :: 		}
L_end_get_temp:
0x0213	0x0008      	RETURN
; end of _get_temp
_both:
;gsm800l.c,24 :: 		void both(){
;gsm800l.c,25 :: 		send_sms(number,"Smoke and Fire both Detected.");
0x0214	0x3063      	MOVLW      _number
0x0215	0x1683      	BSF        STATUS, 5
0x0216	0x1303      	BCF        STATUS, 6
0x0217	0x00C1      	MOVWF      FARG_send_sms_num
0x0218	0x30A0      	MOVLW      ?lstr4_gsm800l
0x0219	0x00C2      	MOVWF      FARG_send_sms_text
0x021A	0x20C0      	CALL       _send_sms
;gsm800l.c,26 :: 		}
L_end_both:
0x021B	0x0008      	RETURN
; end of _both
_UART1_Init:
;__Lib_UART_c67.c,2 :: 		
;__Lib_UART_c67.c,5 :: 		
0x021C	0x1683      	BSF        STATUS, 5
0x021D	0x1303      	BCF        STATUS, 6
0x021E	0x1698      	BSF        TXSTA, 5
;__Lib_UART_c67.c,6 :: 		
0x021F	0x3090      	MOVLW      144
0x0220	0x1283      	BCF        STATUS, 5
0x0221	0x0098      	MOVWF      RCSTA
;__Lib_UART_c67.c,7 :: 		
0x0222	0x1683      	BSF        STATUS, 5
0x0223	0x1787      	BSF        TRISC7_bit, BitPos(TRISC7_bit+0)
;__Lib_UART_c67.c,8 :: 		
0x0224	0x1307      	BCF        TRISC6_bit, BitPos(TRISC6_bit+0)
;__Lib_UART_c67.c,10 :: 		
L_UART1_Init0:
0x0225	0x1283      	BCF        STATUS, 5
0x0226	0x1E8C      	BTFSS      PIR1, 5
0x0227	0x2A2B      	GOTO       L_UART1_Init1
;__Lib_UART_c67.c,11 :: 		
0x0228	0x081A      	MOVF       RCREG, 0
0x0229	0x00F0      	MOVWF      R0
0x022A	0x2A25      	GOTO       L_UART1_Init0
L_UART1_Init1:
;__Lib_UART_c67.c,12 :: 		
L_end_UART1_Init:
0x022B	0x0008      	RETURN
; end of _UART1_Init
___CC2DW:
;__Lib_System.c,134 :: 		
;__Lib_System.c,137 :: 		
_CC2D_Loop1:
;__Lib_System.c,139 :: 		
0x022C	0x21B6      	CALL       _____DoICP
0x022D	0x118A      	BCF        PCLATH, 3
0x022E	0x120A      	BCF        PCLATH, 4
;__Lib_System.c,141 :: 		
0x022F	0x0080      	MOVWF      INDF
;__Lib_System.c,142 :: 		
0x0230	0x0A84      	INCF       FSR, 1
;__Lib_System.c,143 :: 		
0x0231	0x0ABE      	INCF       ___DoICPAddr, 1
;__Lib_System.c,145 :: 		
0x0232	0x1903      	BTFSC      STATUS, 2
;__Lib_System.c,146 :: 		
0x0233	0x0ABF      	INCF       ___DoICPAddr+1, 1
;__Lib_System.c,147 :: 		
0x0234	0x1283      	BCF        STATUS, 5
0x0235	0x03F0      	DECF       R0, 1
;__Lib_System.c,149 :: 		
0x0236	0x1D03      	BTFSS      STATUS, 2
;__Lib_System.c,150 :: 		
0x0237	0x2A2C      	GOTO       _CC2D_Loop1
;__Lib_System.c,152 :: 		
L_end___CC2DW:
0x0238	0x0008      	RETURN
; end of ___CC2DW
_main:
0x0239	0x2312      	CALL       786
;gsm800l.c,28 :: 		void main() {
;gsm800l.c,29 :: 		adcon1 = 0x04;
0x023A	0x3004      	MOVLW      4
0x023B	0x1683      	BSF        STATUS, 5
0x023C	0x1303      	BCF        STATUS, 6
0x023D	0x009F      	MOVWF      ADCON1
;gsm800l.c,30 :: 		trisa.f2 = 1;
0x023E	0x1505      	BSF        TRISA, 2
;gsm800l.c,31 :: 		trisC = 0x00; portc = 0x00;
0x023F	0x0187      	CLRF       TRISC
0x0240	0x1283      	BCF        STATUS, 5
0x0241	0x0187      	CLRF       PORTC
;gsm800l.c,32 :: 		UART1_Init(9600);
0x0242	0x3033      	MOVLW      51
0x0243	0x1683      	BSF        STATUS, 5
0x0244	0x0099      	MOVWF      SPBRG
0x0245	0x1518      	BSF        TXSTA, 2
0x0246	0x221C      	CALL       _UART1_Init
;gsm800l.c,33 :: 		delay_ms(10000);
0x0247	0x3066      	MOVLW      102
0x0248	0x00FB      	MOVWF      R11
0x0249	0x3076      	MOVLW      118
0x024A	0x00FC      	MOVWF      R12
0x024B	0x30C1      	MOVLW      193
0x024C	0x00FD      	MOVWF      R13
L_main4:
0x024D	0x0BFD      	DECFSZ     R13, 1
0x024E	0x2A4D      	GOTO       L_main4
0x024F	0x0BFC      	DECFSZ     R12, 1
0x0250	0x2A4D      	GOTO       L_main4
0x0251	0x0BFB      	DECFSZ     R11, 1
0x0252	0x2A4D      	GOTO       L_main4
;gsm800l.c,35 :: 		while(1){
L_main5:
;gsm800l.c,36 :: 		buzz = 0;
0x0253	0x1007      	BCF        PORTC, 0
;gsm800l.c,37 :: 		temp = get_temp();
0x0254	0x21F6      	CALL       _get_temp
0x0255	0x1283      	BCF        STATUS, 5
0x0256	0x0870      	MOVF       R0, 0
0x0257	0x1683      	BSF        STATUS, 5
0x0258	0x00C0      	MOVWF      _temp
;gsm800l.c,38 :: 		if(temp > 40){
0x0259	0x1283      	BCF        STATUS, 5
0x025A	0x0870      	MOVF       R0, 0
0x025B	0x3C28      	SUBLW      40
0x025C	0x1803      	BTFSC      STATUS, 0
0x025D	0x2A79      	GOTO       L_main7
;gsm800l.c,39 :: 		buzz = 1; fire_led = 1;
0x025E	0x1407      	BSF        PORTC, 0
0x025F	0x1487      	BSF        PORTC, 1
;gsm800l.c,40 :: 		send_sms(number,"Fire Detected.");
0x0260	0x3063      	MOVLW      _number
0x0261	0x1683      	BSF        STATUS, 5
0x0262	0x00C1      	MOVWF      FARG_send_sms_num
0x0263	0x3035      	MOVLW      ?lstr5_gsm800l
0x0264	0x00C2      	MOVWF      FARG_send_sms_text
0x0265	0x20C0      	CALL       _send_sms
;gsm800l.c,41 :: 		while(temp > 40){
L_main8:
0x0266	0x1683      	BSF        STATUS, 5
0x0267	0x0840      	MOVF       _temp, 0
0x0268	0x3C28      	SUBLW      40
0x0269	0x1803      	BTFSC      STATUS, 0
0x026A	0x2A78      	GOTO       L_main9
;gsm800l.c,42 :: 		temp = get_temp();
0x026B	0x21F6      	CALL       _get_temp
0x026C	0x1283      	BCF        STATUS, 5
0x026D	0x0870      	MOVF       R0, 0
0x026E	0x1683      	BSF        STATUS, 5
0x026F	0x00C0      	MOVWF      _temp
;gsm800l.c,43 :: 		if(!gas_sensor){
0x0270	0x1283      	BCF        STATUS, 5
0x0271	0x1905      	BTFSC      PORTA, 2
0x0272	0x2A77      	GOTO       L_main10
;gsm800l.c,44 :: 		both();
0x0273	0x2214      	CALL       _both
;gsm800l.c,45 :: 		while(!gas_sensor);
L_main11:
0x0274	0x1905      	BTFSC      PORTA, 2
0x0275	0x2A77      	GOTO       L_main12
0x0276	0x2A74      	GOTO       L_main11
L_main12:
;gsm800l.c,46 :: 		}
L_main10:
;gsm800l.c,47 :: 		}
0x0277	0x2A66      	GOTO       L_main8
L_main9:
;gsm800l.c,48 :: 		safe();
0x0278	0x21EA      	CALL       _safe
;gsm800l.c,49 :: 		}
L_main7:
;gsm800l.c,50 :: 		if(!gas_sensor){
0x0279	0x1905      	BTFSC      PORTA, 2
0x027A	0x2A9E      	GOTO       L_main13
;gsm800l.c,51 :: 		buzz = 1; smoke_led = 1;
0x027B	0x1407      	BSF        PORTC, 0
0x027C	0x1587      	BSF        PORTC, 3
;gsm800l.c,52 :: 		send_sms(number,"Smoke Detected.");
0x027D	0x3063      	MOVLW      _number
0x027E	0x1683      	BSF        STATUS, 5
0x027F	0x00C1      	MOVWF      FARG_send_sms_num
0x0280	0x3044      	MOVLW      ?lstr6_gsm800l
0x0281	0x00C2      	MOVWF      FARG_send_sms_text
0x0282	0x20C0      	CALL       _send_sms
;gsm800l.c,53 :: 		while(!gas_sensor){
L_main14:
0x0283	0x1283      	BCF        STATUS, 5
0x0284	0x1905      	BTFSC      PORTA, 2
0x0285	0x2A9D      	GOTO       L_main15
;gsm800l.c,54 :: 		temp = get_temp();
0x0286	0x21F6      	CALL       _get_temp
0x0287	0x1283      	BCF        STATUS, 5
0x0288	0x0870      	MOVF       R0, 0
0x0289	0x1683      	BSF        STATUS, 5
0x028A	0x00C0      	MOVWF      _temp
;gsm800l.c,55 :: 		if(temp > 40){
0x028B	0x1283      	BCF        STATUS, 5
0x028C	0x0870      	MOVF       R0, 0
0x028D	0x3C28      	SUBLW      40
0x028E	0x1803      	BTFSC      STATUS, 0
0x028F	0x2A9C      	GOTO       L_main16
;gsm800l.c,56 :: 		both();
0x0290	0x2214      	CALL       _both
;gsm800l.c,57 :: 		while(temp > 40){
L_main17:
0x0291	0x1683      	BSF        STATUS, 5
0x0292	0x0840      	MOVF       _temp, 0
0x0293	0x3C28      	SUBLW      40
0x0294	0x1803      	BTFSC      STATUS, 0
0x0295	0x2A9C      	GOTO       L_main18
;gsm800l.c,58 :: 		temp = get_temp();
0x0296	0x21F6      	CALL       _get_temp
0x0297	0x1283      	BCF        STATUS, 5
0x0298	0x0870      	MOVF       R0, 0
0x0299	0x1683      	BSF        STATUS, 5
0x029A	0x00C0      	MOVWF      _temp
;gsm800l.c,59 :: 		}
0x029B	0x2A91      	GOTO       L_main17
L_main18:
;gsm800l.c,60 :: 		}
L_main16:
;gsm800l.c,61 :: 		}
0x029C	0x2A83      	GOTO       L_main14
L_main15:
;gsm800l.c,62 :: 		safe();
0x029D	0x21EA      	CALL       _safe
;gsm800l.c,63 :: 		}
L_main13:
;gsm800l.c,64 :: 		}
0x029E	0x2A53      	GOTO       L_main5
;gsm800l.c,65 :: 		}
L_end_main:
0x029F	0x2A9F      	GOTO       $+0
; end of _main
0x0312	0x3021      	MOVLW      33
0x0313	0x0084      	MOVWF      FSR
0x0314	0x3042      	MOVLW      66
0x0315	0x1283      	BCF        STATUS, 5
0x0316	0x1303      	BCF        STATUS, 6
0x0317	0x00F0      	MOVWF      R0
0x0318	0x30A5      	MOVLW      165
0x0319	0x1683      	BSF        STATUS, 5
0x031A	0x00BE      	MOVWF      ___DoICPAddr
0x031B	0x3002      	MOVLW      2
0x031C	0x00BF      	MOVWF      191
0x031D	0x222C      	CALL       556
0x031E	0x30A0      	MOVLW      160
0x031F	0x0084      	MOVWF      FSR
0x0320	0x301E      	MOVLW      30
0x0321	0x00F0      	MOVWF      R0
0x0322	0x30E7      	MOVLW      231
0x0323	0x1683      	BSF        STATUS, 5
0x0324	0x00BE      	MOVWF      ___DoICPAddr
0x0325	0x3002      	MOVLW      2
0x0326	0x00BF      	MOVWF      191
0x0327	0x222C      	CALL       556
0x0328	0x3063      	MOVLW      99
0x0329	0x0084      	MOVWF      FSR
0x032A	0x300C      	MOVLW      12
0x032B	0x00F0      	MOVWF      R0
0x032C	0x3005      	MOVLW      5
0x032D	0x1683      	BSF        STATUS, 5
0x032E	0x00BE      	MOVWF      ___DoICPAddr
0x032F	0x3003      	MOVLW      3
0x0330	0x00BF      	MOVWF      191
0x0331	0x222C      	CALL       556
0x0332	0x0008      	RETURN
;gsm800l.c,0 :: ?ICS?lstr2_gsm800l
0x02A5	0x3441 ;?ICS?lstr2_gsm800l+0
0x02A6	0x3454 ;?ICS?lstr2_gsm800l+1
0x02A7	0x342B ;?ICS?lstr2_gsm800l+2
0x02A8	0x3443 ;?ICS?lstr2_gsm800l+3
0x02A9	0x344D ;?ICS?lstr2_gsm800l+4
0x02AA	0x3447 ;?ICS?lstr2_gsm800l+5
0x02AB	0x3453 ;?ICS?lstr2_gsm800l+6
0x02AC	0x343D ;?ICS?lstr2_gsm800l+7
0x02AD	0x3420 ;?ICS?lstr2_gsm800l+8
0x02AE	0x3400 ;?ICS?lstr2_gsm800l+9
; end of ?ICS?lstr2_gsm800l
;gsm800l.c,0 :: ?ICS?lstr1_gsm800l
0x02AF	0x3441 ;?ICS?lstr1_gsm800l+0
0x02B0	0x3454 ;?ICS?lstr1_gsm800l+1
0x02B1	0x342B ;?ICS?lstr1_gsm800l+2
0x02B2	0x3443 ;?ICS?lstr1_gsm800l+3
0x02B3	0x344D ;?ICS?lstr1_gsm800l+4
0x02B4	0x3447 ;?ICS?lstr1_gsm800l+5
0x02B5	0x3446 ;?ICS?lstr1_gsm800l+6
0x02B6	0x343D ;?ICS?lstr1_gsm800l+7
0x02B7	0x3431 ;?ICS?lstr1_gsm800l+8
0x02B8	0x3400 ;?ICS?lstr1_gsm800l+9
; end of ?ICS?lstr1_gsm800l
;gsm800l.c,0 :: ?ICS?lstr5_gsm800l
0x02B9	0x3446 ;?ICS?lstr5_gsm800l+0
0x02BA	0x3469 ;?ICS?lstr5_gsm800l+1
0x02BB	0x3472 ;?ICS?lstr5_gsm800l+2
0x02BC	0x3465 ;?ICS?lstr5_gsm800l+3
0x02BD	0x3420 ;?ICS?lstr5_gsm800l+4
0x02BE	0x3444 ;?ICS?lstr5_gsm800l+5
0x02BF	0x3465 ;?ICS?lstr5_gsm800l+6
0x02C0	0x3474 ;?ICS?lstr5_gsm800l+7
0x02C1	0x3465 ;?ICS?lstr5_gsm800l+8
0x02C2	0x3463 ;?ICS?lstr5_gsm800l+9
0x02C3	0x3474 ;?ICS?lstr5_gsm800l+10
0x02C4	0x3465 ;?ICS?lstr5_gsm800l+11
0x02C5	0x3464 ;?ICS?lstr5_gsm800l+12
0x02C6	0x342E ;?ICS?lstr5_gsm800l+13
0x02C7	0x3400 ;?ICS?lstr5_gsm800l+14
; end of ?ICS?lstr5_gsm800l
;gsm800l.c,0 :: ?ICS?lstr6_gsm800l
0x02C8	0x3453 ;?ICS?lstr6_gsm800l+0
0x02C9	0x346D ;?ICS?lstr6_gsm800l+1
0x02CA	0x346F ;?ICS?lstr6_gsm800l+2
0x02CB	0x346B ;?ICS?lstr6_gsm800l+3
0x02CC	0x3465 ;?ICS?lstr6_gsm800l+4
0x02CD	0x3420 ;?ICS?lstr6_gsm800l+5
0x02CE	0x3444 ;?ICS?lstr6_gsm800l+6
0x02CF	0x3465 ;?ICS?lstr6_gsm800l+7
0x02D0	0x3474 ;?ICS?lstr6_gsm800l+8
0x02D1	0x3465 ;?ICS?lstr6_gsm800l+9
0x02D2	0x3463 ;?ICS?lstr6_gsm800l+10
0x02D3	0x3474 ;?ICS?lstr6_gsm800l+11
0x02D4	0x3465 ;?ICS?lstr6_gsm800l+12
0x02D5	0x3464 ;?ICS?lstr6_gsm800l+13
0x02D6	0x342E ;?ICS?lstr6_gsm800l+14
0x02D7	0x3400 ;?ICS?lstr6_gsm800l+15
; end of ?ICS?lstr6_gsm800l
;gsm800l.c,0 :: ?ICS?lstr3_gsm800l
0x02D8	0x3452 ;?ICS?lstr3_gsm800l+0
0x02D9	0x346F ;?ICS?lstr3_gsm800l+1
0x02DA	0x346F ;?ICS?lstr3_gsm800l+2
0x02DB	0x346D ;?ICS?lstr3_gsm800l+3
0x02DC	0x3420 ;?ICS?lstr3_gsm800l+4
0x02DD	0x3473 ;?ICS?lstr3_gsm800l+5
0x02DE	0x3461 ;?ICS?lstr3_gsm800l+6
0x02DF	0x3466 ;?ICS?lstr3_gsm800l+7
0x02E0	0x3465 ;?ICS?lstr3_gsm800l+8
0x02E1	0x342E ;?ICS?lstr3_gsm800l+9
0x02E2	0x3420 ;?ICS?lstr3_gsm800l+10
0x02E3	0x343A ;?ICS?lstr3_gsm800l+11
0x02E4	0x342D ;?ICS?lstr3_gsm800l+12
0x02E5	0x3429 ;?ICS?lstr3_gsm800l+13
0x02E6	0x3400 ;?ICS?lstr3_gsm800l+14
; end of ?ICS?lstr3_gsm800l
;gsm800l.c,0 :: ?ICS?lstr4_gsm800l
0x02E7	0x3453 ;?ICS?lstr4_gsm800l+0
0x02E8	0x346D ;?ICS?lstr4_gsm800l+1
0x02E9	0x346F ;?ICS?lstr4_gsm800l+2
0x02EA	0x346B ;?ICS?lstr4_gsm800l+3
0x02EB	0x3465 ;?ICS?lstr4_gsm800l+4
0x02EC	0x3420 ;?ICS?lstr4_gsm800l+5
0x02ED	0x3461 ;?ICS?lstr4_gsm800l+6
0x02EE	0x346E ;?ICS?lstr4_gsm800l+7
0x02EF	0x3464 ;?ICS?lstr4_gsm800l+8
0x02F0	0x3420 ;?ICS?lstr4_gsm800l+9
0x02F1	0x3446 ;?ICS?lstr4_gsm800l+10
0x02F2	0x3469 ;?ICS?lstr4_gsm800l+11
0x02F3	0x3472 ;?ICS?lstr4_gsm800l+12
0x02F4	0x3465 ;?ICS?lstr4_gsm800l+13
0x02F5	0x3420 ;?ICS?lstr4_gsm800l+14
0x02F6	0x3462 ;?ICS?lstr4_gsm800l+15
0x02F7	0x346F ;?ICS?lstr4_gsm800l+16
0x02F8	0x3474 ;?ICS?lstr4_gsm800l+17
0x02F9	0x3468 ;?ICS?lstr4_gsm800l+18
0x02FA	0x3420 ;?ICS?lstr4_gsm800l+19
0x02FB	0x3444 ;?ICS?lstr4_gsm800l+20
0x02FC	0x3465 ;?ICS?lstr4_gsm800l+21
0x02FD	0x3474 ;?ICS?lstr4_gsm800l+22
0x02FE	0x3465 ;?ICS?lstr4_gsm800l+23
0x02FF	0x3463 ;?ICS?lstr4_gsm800l+24
0x0300	0x3474 ;?ICS?lstr4_gsm800l+25
0x0301	0x3465 ;?ICS?lstr4_gsm800l+26
0x0302	0x3464 ;?ICS?lstr4_gsm800l+27
0x0303	0x342E ;?ICS?lstr4_gsm800l+28
0x0304	0x3400 ;?ICS?lstr4_gsm800l+29
; end of ?ICS?lstr4_gsm800l
;gsm800l.c,0 :: ?ICS_number
0x0305	0x3430 ;?ICS_number+0
0x0306	0x3431 ;?ICS_number+1
0x0307	0x3437 ;?ICS_number+2
0x0308	0x3436 ;?ICS_number+3
0x0309	0x3434 ;?ICS_number+4
0x030A	0x3431 ;?ICS_number+5
0x030B	0x3438 ;?ICS_number+6
0x030C	0x3430 ;?ICS_number+7
0x030D	0x3432 ;?ICS_number+8
0x030E	0x3438 ;?ICS_number+9
0x030F	0x3437 ;?ICS_number+10
0x0310	0x3400 ;?ICS_number+11
; end of ?ICS_number
Symbol List:
//** Routines locations **
//ADDRESS    SIZE    PROCEDURE
//----------------------------------------------
0x0003      [12]    _SETFUN32
0x000F      [10]    _UART1_Write
0x0019       [7]    _RES032
0x0020       [4]    _FIXSIGN32
0x0024      [12]    _SETFOV32
0x0030      [90]    _NRM4032
0x008A      [13]    _SETIOV3224
0x0097       [8]    _Delay_22us
0x009F      [23]    _UART1_Write_Text
0x00B6      [10]    _nl_cr
0x00C0      [82]    _send_sms
0x0112      [67]    _double2byte
0x0155      [97]    _Mul_32x32_FP
0x01B6       [7]    _____DoICP
0x01BD      [16]    _byte2double
0x01CD      [29]    _ADC_Read
0x01EA      [12]    _safe
0x01F6      [30]    _get_temp
0x0214       [8]    _both
0x021C      [16]    _UART1_Init
0x022C      [13]    ___CC2DW
0x0239     [102]    _main
//** Variables locations ** 
//ADDRESS    SIZE    VARIABLE
//----------------------------------------------
0x0000       [1]    INDF
0x0002       [1]    PCL
0x0003       [1]    STATUS
0x0004       [1]    FSR
0x0005       [1]    PORTA
0x0007       [1]    PORTC
0x000A       [1]    PCLATH
0x000C       [1]    PIR1
0x0018       [1]    RCSTA
0x0019       [1]    TXREG
0x001A       [1]    RCREG
0x001E       [1]    ADRES
0x001F       [1]    ADCON0
0x0020       [1]    __math_tempbD
0x0021      [10]    ?lstr2_gsm800l
0x002B      [10]    ?lstr1_gsm800l
0x0035      [15]    ?lstr5_gsm800l
0x0044      [16]    ?lstr6_gsm800l
0x0054      [15]    ?lstr3_gsm800l
0x0063      [12]    _number
0x006F       [1]    _adc
0x0070       [1]    R0
0x0071       [1]    R1
0x0072       [1]    R2
0x0073       [1]    R3
0x0074       [1]    R4
0x0075       [1]    R5
0x0076       [1]    R6
0x0077       [1]    R7
0x0078       [1]    R8
0x0079       [1]    R9
0x007A       [1]    R10
0x007B       [1]    R11
0x007C       [1]    R12
0x007D       [1]    R13
0x007E       [1]    R14
0x007F       [1]    R15
0x0085       [1]    TRISA
0x0087       [1]    TRISC
0x0087       [0]    TRISC7_bit
0x0087       [0]    TRISC6_bit
0x0098       [1]    TXSTA
0x0099       [1]    SPBRG
0x009F       [1]    ADCON1
0x00A0      [30]    ?lstr4_gsm800l
0x00BE       [2]    ___DoICPAddr
0x00C0       [1]    _temp
0x00C1       [1]    FARG_ADC_Read_channel
0x00C1       [1]    FARG_send_sms_num
0x00C2       [1]    FARG_send_sms_text
0x00C3       [1]    FARG_UART1_Write_Text_uart_text
0x00C4       [1]    UART1_Write_Text_data__L0
0x00C5       [1]    UART1_Write_Text_counter_L0
0x00C6       [1]    FARG_UART1_Write_data_
//** Constants locations ** 
//ADDRESS    SIZE    CONSTANT
//----------------------------------------------
0x02A5      [10]    ?ICS?lstr2_gsm800l
0x02AF      [10]    ?ICS?lstr1_gsm800l
0x02B9      [15]    ?ICS?lstr5_gsm800l
0x02C8      [16]    ?ICS?lstr6_gsm800l
0x02D8      [15]    ?ICS?lstr3_gsm800l
0x02E7      [30]    ?ICS?lstr4_gsm800l
0x0305      [12]    ?ICS_number
//** Label List: ** 
//----------------------------------------------
  L_send_sms0
  L_send_sms1
  L_send_sms2
  L_send_sms3
  L_main4
  L_main5
  L_main6
  L_main7
  L_main8
  L_main9
  L_main10
  L_main11
  L_main12
  L_main13
  L_main14
  L_main15
  L_main16
  L_main17
  L_main18
  L_end_nl_cr
  _nl_cr
  L_end_send_sms
  _send_sms
  L_end_get_temp
  _get_temp
  L_end_safe
  _safe
  L_end_both
  _both
  L_end_main
  _main
  L_ADC_Get_Sample0
  L_ADC_Get_Sample1
  L_ADC_Read2
  L_ADC_Read3
  L_end_ADC_Init
  _ADC_Init
  L_end_ADC_Get_Sample
  _ADC_Get_Sample
  L_end_ADC_Read
  _ADC_Read
  L_Delay_10us0
  L_Delay_22us1
  L_Delay_50us2
  L_Delay_80us3
  L_Delay_500us4
  L_Delay_5500us5
  L_Delay_1ms6
  L_Delay_5ms7
  L_Delay_8ms8
  L_Delay_10ms9
  L_Delay_100ms10
  L_Delay_1sec11
  L_boot16_Delay_5ms12
  L_Delay_Cyc13
  L_Delay_Cyc14
  L_VDelay_ms15
  L_VDelay_ms16
  L_VDelay_ms17
  L_VDelay_Advanced_ms18
  L_VDelay_Advanced_ms19
  L_VDelay_Advanced_ms20
  L_end_Get_Fosc_kHz
  _Get_Fosc_kHz
  L_end_Delay_1us
  _Delay_1us
  L_end_Delay_10us
  _Delay_10us
  L_end_Delay_22us
  _Delay_22us
  L_end_Delay_50us
  _Delay_50us
  L_end_Delay_80us
  _Delay_80us
  L_end_Delay_500us
  _Delay_500us
  L_end_Delay_5500us
  _Delay_5500us
  L_end_Delay_1ms
  _Delay_1ms
  L_end_Delay_5ms
  _Delay_5ms
  L_end_Delay_8ms
  _Delay_8ms
  L_end_Delay_10ms
  _Delay_10ms
  L_end_Delay_100ms
  _Delay_100ms
  L_end_Delay_1sec
  _Delay_1sec
  L_end_boot16_Delay_5ms
  _boot16_Delay_5ms
  L_end_Delay_Cyc
  _Delay_Cyc
  L_end_VDelay_ms
  _VDelay_ms
  L__VDelay_ms38
  L__VDelay_ms39
  L__VDelay_ms40
  L_end_VDelay_Advanced_ms
  _VDelay_Advanced_ms
  L__VDelay_Advanced_ms42
  L__VDelay_Advanced_ms43
  L__VDelay_Advanced_ms44
  SETFOV32EEE
  SETFUN32EEE
  NORM3232
  JPNRES032
  JPNSETFUN32
  NORM3232A
  JMPNFIXSIGN32
  NORM32EEE
  NRMRND4032
  NRM4032
  JMPSETFOV32
  NORM4032
  JMPRES032
  JMPSETFUN32
  NORM4032A
  JMPFIXSIGN32
  NRM4032EEE
  USEA32
  JMPEEE
  ALIGNED32
  ALIGNB32
  ALOOPB32
  AOK32
  ACOMP32
  JMPNRMRND4032
  ADD_JMPSETFOV32
  JMPNRM4032
  JMPNRM32
  ADD32EEE
  FPM32
  JPMRES032
  M32BNE0
  MTUN32
  JPMSETFOV32
  MOK32
  JPMSETFUN32
  MLOOP32
  MNOADD32
  MADD32
  MROUND32
  MUL32OK
  MUL32EEE
  L_Div_32x32_FP7
  L_Div_32x32_FP8
  L_Div_32x32_FP9
  L_Div_32x32_FP10
  FPD32
  JPDSETFDZ32
  JPDRES032
  D32BNE0
  TALIGN32
  TS1ALIGN32
  TS2ALIGN32
  DALIGN32OK
  ALTB32
  AGEB32
  JPDSETFOV32
  DARGOK32
  JPDSETFUN32
  DLOOP32
  DS132
  DS232
  DREST32
  DOK32
  DAREST32
  DROUND32
  DIV32OK
  DIV32EEE
  SETIOV3224EEE
  INT3232U
  INT3232UEOK
  SETEXP32U
  SETIOV32U
  TSHIFT3232U
  SHIFT3232UOK
  SHIFT3232U
  INT3232UOK
  JPLSETIOV3224
  IRES032U
  INT3232UEER
  INT3232UEEE
  L_Double2Longword_0
  INT3232
  INT3232EOK
  SETIOV32
  TSHIFT3232
  SHIFT3232OK
  SHIFT3232
  INT3232OK
  JPISETIOV3224
  IRES032
  INT3232EER
  INT3232EEE
  L_Double2Longint_0
  INT3216
  IRES016
  SETIOV16
  TSHIFT3216
  SHIFT3216OK
  SHIFT3216
  INT3216OK
  JPJSETIOV3224
  INT3216EOK
  INT3216EER
  INT3216EEE
  L_Double2Int_0
  INT3216U
  IRES016U
  SETEXP16U
  SETIOV16U
  TSHIFT3216U
  SHIFT3216UOK
  SHIFT3216U
  INT3216UOK
  JPKSETIOV3224
  INT3216UEOK
  INT3216UEER
  INT3216UEEE
  L_Double2Word_0
  INT32U08
  IRES008
  SETEXP08
  SETIOV08
  TSHIFT3208
  SHIFT3208OK
  SHIFT3208
  INT3208OK
  D2B_JPKSETIOV3224
  INT3208EOK
  INT3208EER
  INT3208EEE
  L_Double2Byte_0
  FLO08U32
  FLO1632
  FLO1632EEE
  FLO16U32
  FLO3232
  FLO3232EEE
  FLO32U32
  EQU_FALSE
  COMPARE_EQU
  COMPARE_NOTZERO
  COMPARE_XNOTZERO
  COMPARE_YNOTZERO
  COMPARE_LT
  COMPARE_GT
  COMPARE_TESTALL
  COMPARE_C1
  GT_FALSE
  GT_TRUE
  COMPARE_C2
  COMPARE_C3
  L_end_SETFOV32
  _SETFOV32
  L_end_SETFDZ32
  _SETFDZ32
  L_end_FIXSIGN32
  _FIXSIGN32
  L_end_RES032
  _RES032
  L_end_SETFUN32
  _SETFUN32
  L_end_NRM3232
  _NRM3232
  L_end_NRM4032
  _NRM4032
  L_end_Add_32x32_FP
  _Add_32x32_FP
  L_end_Sub_32x32_FP
  _Sub_32x32_FP
  L_end_Mul_32x32_FP
  _Mul_32x32_FP
  L_end_Div_32x32_FP
  _Div_32x32_FP
  L_end_SETIOV3224
  _SETIOV3224
  L_end_double2longword
  _double2longword
  L_end_double2longint
  _double2longint
  L_end_double2int
  _double2int
  L_end_double2word
  _double2word
  L_end_double2byte
  _double2byte
  L_end_byte2double
  _byte2double
  L_end_int2double
  _int2double
  L_end_word2double
  _word2double
  L_end_longint2double
  _longint2double
  L_end_longword2double
  _longword2double
  L_end_Equals_Double
  _Equals_Double
  L_end_Compare_Double
  _Compare_Double
  L_loopCA2AWs
  L_CA2AWend
  _CCA2AW_Loop1
  L_loopCS2Ss
  L_CS2Send
  _CCS2S_Loop1
  L_CCS2Send
  L_loopFZinSWs
  L_FZinSend
  _CC2D_Loop1
  L_end_____DoICP
  _____DoICP
  L_end_____DoIFC
  _____DoIFC
  L_end___CA2AW
  ___CA2AW
  L_end___CCA2AW
  ___CCA2AW
  L_end___CS2S
  ___CS2S
  L_end___CCS2S
  ___CCS2S
  L_end___FZinS
  ___FZinS
  L_end___CC2DW
  ___CC2DW
  L_end_Swap
  _Swap
  L_UART1_Init0
  L_UART1_Init1
  L_UART1_Read2
  L_UART1_Write3
  L_UART1_Write4
  L_UART1_Write_Text5
  L_UART1_Write_Text6
  L_UART1_Read_Text7
  L_UART1_Read_Text8
  L_UART1_Read_Text9
  L_UART1_Read_Text10
  L_UART1_Read_Text11
  L_UART1_Read_Text12
  L_UART1_Read_Text13
  L_UART1_Read_Text14
  L_UART1_Read_Text15
  L_end_UART1_Init
  _UART1_Init
  L_end_UART1_Data_Ready
  _UART1_Data_Ready
  L_end_UART1_Read
  _UART1_Read
  L_end_UART1_Tx_Idle
  _UART1_Tx_Idle
  L_end_UART1_Write
  _UART1_Write
  L_end_UART1_Write_Text
  _UART1_Write_Text
  L_end_UART1_Read_Text
  _UART1_Read_Text
