;  LST file generated by mikroListExporter - v.2.0 
; Date/Time: 06-Mar-17 8:07:01 PM
;----------------------------------------------

;Address Opcode 	ASM
0x0000	0x2991      	GOTO       401
_Delay_1us:
;__Lib_Delays.c,7 :: 		void Delay_1us() {
;__Lib_Delays.c,8 :: 		Delay_us(1);
0x0003	0x0000      	NOP
0x0004	0x0000      	NOP
0x0005	0x0000      	NOP
0x0006	0x0000      	NOP
0x0007	0x0000      	NOP
;__Lib_Delays.c,9 :: 		}
L_end_Delay_1us:
0x0008	0x0008      	RETURN
; end of _Delay_1us
_Delay_5500us:
;__Lib_Delays.c,31 :: 		void Delay_5500us() {
;__Lib_Delays.c,32 :: 		Delay_us(5500);
0x0009	0x3024      	MOVLW      36
0x000A	0x1283      	BCF        STATUS, 5
0x000B	0x1303      	BCF        STATUS, 6
0x000C	0x00FC      	MOVWF      R12
0x000D	0x30B5      	MOVLW      181
0x000E	0x00FD      	MOVWF      R13
L_Delay_5500us5:
0x000F	0x0BFD      	DECFSZ     R13, 1
0x0010	0x280F      	GOTO       L_Delay_5500us5
0x0011	0x0BFC      	DECFSZ     R12, 1
0x0012	0x280F      	GOTO       L_Delay_5500us5
0x0013	0x0000      	NOP
0x0014	0x0000      	NOP
;__Lib_Delays.c,33 :: 		}
L_end_Delay_5500us:
0x0015	0x0008      	RETURN
; end of _Delay_5500us
_Delay_50us:
;__Lib_Delays.c,19 :: 		void Delay_50us() {
;__Lib_Delays.c,20 :: 		Delay_us(50);
0x0016	0x3053      	MOVLW      83
0x0017	0x1283      	BCF        STATUS, 5
0x0018	0x1303      	BCF        STATUS, 6
0x0019	0x00FD      	MOVWF      R13
L_Delay_50us2:
0x001A	0x0BFD      	DECFSZ     R13, 1
0x001B	0x281A      	GOTO       L_Delay_50us2
;__Lib_Delays.c,21 :: 		}
L_end_Delay_50us:
0x001C	0x0008      	RETURN
; end of _Delay_50us
_Lcd_Cmd:
;__Lib_Lcd.c,18 :: 		
;__Lib_Lcd.c,20 :: 		
0x001D	0x1683      	BSF        STATUS, 5
0x001E	0x1303      	BCF        STATUS, 6
0x001F	0x1BD5      	BTFSC      FARG_Lcd_Cmd_out_char, 7
0x0020	0x2824      	GOTO       L__Lcd_Cmd21
0x0021	0x1283      	BCF        STATUS, 5
0x0022	0x1386      	BCF        LCD_D7, BitPos(LCD_D7+0)
0x0023	0x2826      	GOTO       L__Lcd_Cmd22
L__Lcd_Cmd21:
0x0024	0x1283      	BCF        STATUS, 5
0x0025	0x1786      	BSF        LCD_D7, BitPos(LCD_D7+0)
L__Lcd_Cmd22:
;__Lib_Lcd.c,21 :: 		
0x0026	0x1683      	BSF        STATUS, 5
0x0027	0x1B55      	BTFSC      FARG_Lcd_Cmd_out_char, 6
0x0028	0x282C      	GOTO       L__Lcd_Cmd23
0x0029	0x1283      	BCF        STATUS, 5
0x002A	0x1306      	BCF        LCD_D6, BitPos(LCD_D6+0)
0x002B	0x282E      	GOTO       L__Lcd_Cmd24
L__Lcd_Cmd23:
0x002C	0x1283      	BCF        STATUS, 5
0x002D	0x1706      	BSF        LCD_D6, BitPos(LCD_D6+0)
L__Lcd_Cmd24:
;__Lib_Lcd.c,22 :: 		
0x002E	0x1683      	BSF        STATUS, 5
0x002F	0x1AD5      	BTFSC      FARG_Lcd_Cmd_out_char, 5
0x0030	0x2834      	GOTO       L__Lcd_Cmd25
0x0031	0x1283      	BCF        STATUS, 5
0x0032	0x1286      	BCF        LCD_D5, BitPos(LCD_D5+0)
0x0033	0x2836      	GOTO       L__Lcd_Cmd26
L__Lcd_Cmd25:
0x0034	0x1283      	BCF        STATUS, 5
0x0035	0x1686      	BSF        LCD_D5, BitPos(LCD_D5+0)
L__Lcd_Cmd26:
;__Lib_Lcd.c,23 :: 		
0x0036	0x1683      	BSF        STATUS, 5
0x0037	0x1A55      	BTFSC      FARG_Lcd_Cmd_out_char, 4
0x0038	0x283C      	GOTO       L__Lcd_Cmd27
0x0039	0x1283      	BCF        STATUS, 5
0x003A	0x1206      	BCF        LCD_D4, BitPos(LCD_D4+0)
0x003B	0x283E      	GOTO       L__Lcd_Cmd28
L__Lcd_Cmd27:
0x003C	0x1283      	BCF        STATUS, 5
0x003D	0x1606      	BSF        LCD_D4, BitPos(LCD_D4+0)
L__Lcd_Cmd28:
;__Lib_Lcd.c,25 :: 		
0x003E	0x186D      	BTFSC      __Lib_Lcd_cmd_status, BitPos(__Lib_Lcd_cmd_status+0)
0x003F	0x2842      	GOTO       L__Lcd_Cmd29
0x0040	0x1506      	BSF        LCD_RS, BitPos(LCD_RS+0)
0x0041	0x2843      	GOTO       L__Lcd_Cmd30
L__Lcd_Cmd29:
0x0042	0x1106      	BCF        LCD_RS, BitPos(LCD_RS+0)
L__Lcd_Cmd30:
;__Lib_Lcd.c,28 :: 		
0x0043	0x1586      	BSF        LCD_EN, BitPos(LCD_EN+0)
;__Lib_Lcd.c,29 :: 		
0x0044	0x2003      	CALL       _Delay_1us
;__Lib_Lcd.c,30 :: 		
0x0045	0x1186      	BCF        LCD_EN, BitPos(LCD_EN+0)
;__Lib_Lcd.c,33 :: 		
0x0046	0x1683      	BSF        STATUS, 5
0x0047	0x19D5      	BTFSC      FARG_Lcd_Cmd_out_char, 3
0x0048	0x284C      	GOTO       L__Lcd_Cmd31
0x0049	0x1283      	BCF        STATUS, 5
0x004A	0x1386      	BCF        LCD_D7, BitPos(LCD_D7+0)
0x004B	0x284E      	GOTO       L__Lcd_Cmd32
L__Lcd_Cmd31:
0x004C	0x1283      	BCF        STATUS, 5
0x004D	0x1786      	BSF        LCD_D7, BitPos(LCD_D7+0)
L__Lcd_Cmd32:
;__Lib_Lcd.c,34 :: 		
0x004E	0x1683      	BSF        STATUS, 5
0x004F	0x1955      	BTFSC      FARG_Lcd_Cmd_out_char, 2
0x0050	0x2854      	GOTO       L__Lcd_Cmd33
0x0051	0x1283      	BCF        STATUS, 5
0x0052	0x1306      	BCF        LCD_D6, BitPos(LCD_D6+0)
0x0053	0x2856      	GOTO       L__Lcd_Cmd34
L__Lcd_Cmd33:
0x0054	0x1283      	BCF        STATUS, 5
0x0055	0x1706      	BSF        LCD_D6, BitPos(LCD_D6+0)
L__Lcd_Cmd34:
;__Lib_Lcd.c,35 :: 		
0x0056	0x1683      	BSF        STATUS, 5
0x0057	0x18D5      	BTFSC      FARG_Lcd_Cmd_out_char, 1
0x0058	0x285C      	GOTO       L__Lcd_Cmd35
0x0059	0x1283      	BCF        STATUS, 5
0x005A	0x1286      	BCF        LCD_D5, BitPos(LCD_D5+0)
0x005B	0x285E      	GOTO       L__Lcd_Cmd36
L__Lcd_Cmd35:
0x005C	0x1283      	BCF        STATUS, 5
0x005D	0x1686      	BSF        LCD_D5, BitPos(LCD_D5+0)
L__Lcd_Cmd36:
;__Lib_Lcd.c,36 :: 		
0x005E	0x1683      	BSF        STATUS, 5
0x005F	0x1855      	BTFSC      FARG_Lcd_Cmd_out_char, 0
0x0060	0x2864      	GOTO       L__Lcd_Cmd37
0x0061	0x1283      	BCF        STATUS, 5
0x0062	0x1206      	BCF        LCD_D4, BitPos(LCD_D4+0)
0x0063	0x2866      	GOTO       L__Lcd_Cmd38
L__Lcd_Cmd37:
0x0064	0x1283      	BCF        STATUS, 5
0x0065	0x1606      	BSF        LCD_D4, BitPos(LCD_D4+0)
L__Lcd_Cmd38:
;__Lib_Lcd.c,38 :: 		
0x0066	0x186D      	BTFSC      __Lib_Lcd_cmd_status, BitPos(__Lib_Lcd_cmd_status+0)
0x0067	0x286A      	GOTO       L__Lcd_Cmd39
0x0068	0x1506      	BSF        LCD_RS, BitPos(LCD_RS+0)
0x0069	0x286B      	GOTO       L__Lcd_Cmd40
L__Lcd_Cmd39:
0x006A	0x1106      	BCF        LCD_RS, BitPos(LCD_RS+0)
L__Lcd_Cmd40:
;__Lib_Lcd.c,40 :: 		
0x006B	0x1586      	BSF        LCD_EN, BitPos(LCD_EN+0)
;__Lib_Lcd.c,41 :: 		
0x006C	0x2003      	CALL       _Delay_1us
;__Lib_Lcd.c,42 :: 		
0x006D	0x1186      	BCF        LCD_EN, BitPos(LCD_EN+0)
;__Lib_Lcd.c,44 :: 		
0x006E	0x1C6D      	BTFSS      __Lib_Lcd_cmd_status, BitPos(__Lib_Lcd_cmd_status+0)
0x006F	0x2872      	GOTO       L_Lcd_Cmd0
;__Lib_Lcd.c,45 :: 		
0x0070	0x2009      	CALL       _Delay_5500us
0x0071	0x2873      	GOTO       L_Lcd_Cmd1
L_Lcd_Cmd0:
;__Lib_Lcd.c,47 :: 		
0x0072	0x2016      	CALL       _Delay_50us
L_Lcd_Cmd1:
;__Lib_Lcd.c,48 :: 		
L_end_Lcd_Cmd:
0x0073	0x0008      	RETURN
; end of _Lcd_Cmd
_UART1_Read:
;__Lib_UART_c67.c,21 :: 		
;__Lib_UART_c67.c,24 :: 		
0x0074	0x1283      	BCF        STATUS, 5
0x0075	0x1303      	BCF        STATUS, 6
0x0076	0x081A      	MOVF       RCREG, 0
0x0077	0x00F1      	MOVWF      R1
;__Lib_UART_c67.c,25 :: 		
0x0078	0x1C98      	BTFSS      RCSTA, 1
0x0079	0x287C      	GOTO       L_UART1_Read2
;__Lib_UART_c67.c,26 :: 		
0x007A	0x1218      	BCF        RCSTA, 4
;__Lib_UART_c67.c,27 :: 		
0x007B	0x1618      	BSF        RCSTA, 4
;__Lib_UART_c67.c,28 :: 		
L_UART1_Read2:
;__Lib_UART_c67.c,29 :: 		
0x007C	0x0871      	MOVF       R1, 0
0x007D	0x00F0      	MOVWF      R0
;__Lib_UART_c67.c,30 :: 		
L_end_UART1_Read:
0x007E	0x0008      	RETURN
; end of _UART1_Read
_Lcd_Chr_CP:
;__Lib_Lcd.c,50 :: 		
;__Lib_Lcd.c,52 :: 		
0x007F	0x1283      	BCF        STATUS, 5
0x0080	0x1303      	BCF        STATUS, 6
0x0081	0x106D      	BCF        __Lib_Lcd_cmd_status, BitPos(__Lib_Lcd_cmd_status+0)
;__Lib_Lcd.c,53 :: 		
0x0082	0x1683      	BSF        STATUS, 5
0x0083	0x0854      	MOVF       FARG_Lcd_Chr_CP_out_char, 0
0x0084	0x00D5      	MOVWF      FARG_Lcd_Cmd_out_char
0x0085	0x201D      	CALL       _Lcd_Cmd
;__Lib_Lcd.c,54 :: 		
0x0086	0x146D      	BSF        __Lib_Lcd_cmd_status, BitPos(__Lib_Lcd_cmd_status+0)
;__Lib_Lcd.c,55 :: 		
L_end_Lcd_Chr_CP:
0x0087	0x0008      	RETURN
; end of _Lcd_Chr_CP
_____DoICP:
;__Lib_System.c,6 :: 		
;__Lib_System.c,9 :: 		
0x0088	0x1283      	BCF        STATUS, 5
0x0089	0x1303      	BCF        STATUS, 6
0x008A	0x086F      	MOVF       ___DoICPAddr+1, 0
0x008B	0x008A      	MOVWF      PCLATH
;__Lib_System.c,10 :: 		
0x008C	0x086E      	MOVF       ___DoICPAddr, 0
0x008D	0x0082      	MOVWF      PCL
;__Lib_System.c,12 :: 		
L_end_____DoICP:
0x008E	0x0008      	RETURN
; end of _____DoICP
_UART1_Data_Ready:
;__Lib_UART_c67.c,16 :: 		
;__Lib_UART_c67.c,17 :: 		
0x008F	0x3000      	MOVLW      0
0x0090	0x1283      	BCF        STATUS, 5
0x0091	0x1303      	BCF        STATUS, 6
0x0092	0x1A8C      	BTFSC      PIR1, 5
0x0093	0x3001      	MOVLW      1
0x0094	0x00F0      	MOVWF      R0
;__Lib_UART_c67.c,18 :: 		
L_end_UART1_Data_Ready:
0x0095	0x0008      	RETURN
; end of _UART1_Data_Ready
_Lcd_Out:
;__Lib_Lcd.c,184 :: 		
;__Lib_Lcd.c,187 :: 		
0x0096	0x28A8      	GOTO       L_Lcd_Out11
;__Lib_Lcd.c,188 :: 		
L_Lcd_Out13:
0x0097	0x3080      	MOVLW      128
0x0098	0x1683      	BSF        STATUS, 5
0x0099	0x1303      	BCF        STATUS, 6
0x009A	0x00CE      	MOVWF      FARG_Lcd_Out_row
0x009B	0x28BB      	GOTO       L_Lcd_Out12
;__Lib_Lcd.c,189 :: 		
L_Lcd_Out14:
0x009C	0x30C0      	MOVLW      192
0x009D	0x00CE      	MOVWF      FARG_Lcd_Out_row
0x009E	0x28BB      	GOTO       L_Lcd_Out12
;__Lib_Lcd.c,190 :: 		
L_Lcd_Out15:
0x009F	0x3094      	MOVLW      148
0x00A0	0x00CE      	MOVWF      FARG_Lcd_Out_row
0x00A1	0x28BB      	GOTO       L_Lcd_Out12
;__Lib_Lcd.c,191 :: 		
L_Lcd_Out16:
0x00A2	0x30D4      	MOVLW      212
0x00A3	0x00CE      	MOVWF      FARG_Lcd_Out_row
0x00A4	0x28BB      	GOTO       L_Lcd_Out12
;__Lib_Lcd.c,192 :: 		
L_Lcd_Out17:
0x00A5	0x3080      	MOVLW      128
0x00A6	0x00CE      	MOVWF      FARG_Lcd_Out_row
;__Lib_Lcd.c,193 :: 		
0x00A7	0x28BB      	GOTO       L_Lcd_Out12
L_Lcd_Out11:
0x00A8	0x1683      	BSF        STATUS, 5
0x00A9	0x1303      	BCF        STATUS, 6
0x00AA	0x084E      	MOVF       FARG_Lcd_Out_row, 0
0x00AB	0x3A01      	XORLW      1
0x00AC	0x1903      	BTFSC      STATUS, 2
0x00AD	0x2897      	GOTO       L_Lcd_Out13
0x00AE	0x084E      	MOVF       FARG_Lcd_Out_row, 0
0x00AF	0x3A02      	XORLW      2
0x00B0	0x1903      	BTFSC      STATUS, 2
0x00B1	0x289C      	GOTO       L_Lcd_Out14
0x00B2	0x084E      	MOVF       FARG_Lcd_Out_row, 0
0x00B3	0x3A03      	XORLW      3
0x00B4	0x1903      	BTFSC      STATUS, 2
0x00B5	0x289F      	GOTO       L_Lcd_Out15
0x00B6	0x084E      	MOVF       FARG_Lcd_Out_row, 0
0x00B7	0x3A04      	XORLW      4
0x00B8	0x1903      	BTFSC      STATUS, 2
0x00B9	0x28A2      	GOTO       L_Lcd_Out16
0x00BA	0x28A5      	GOTO       L_Lcd_Out17
L_Lcd_Out12:
;__Lib_Lcd.c,194 :: 		
0x00BB	0x034F      	DECF       FARG_Lcd_Out_column, 0
0x00BC	0x1283      	BCF        STATUS, 5
0x00BD	0x00F0      	MOVWF      R0
0x00BE	0x1683      	BSF        STATUS, 5
0x00BF	0x084E      	MOVF       FARG_Lcd_Out_row, 0
0x00C0	0x1283      	BCF        STATUS, 5
0x00C1	0x07F0      	ADDWF      R0, 1
0x00C2	0x0870      	MOVF       R0, 0
0x00C3	0x1683      	BSF        STATUS, 5
0x00C4	0x00CE      	MOVWF      FARG_Lcd_Out_row
;__Lib_Lcd.c,196 :: 		
0x00C5	0x1283      	BCF        STATUS, 5
0x00C6	0x0870      	MOVF       R0, 0
0x00C7	0x1683      	BSF        STATUS, 5
0x00C8	0x00D5      	MOVWF      FARG_Lcd_Cmd_out_char
0x00C9	0x201D      	CALL       _Lcd_Cmd
;__Lib_Lcd.c,197 :: 		
0x00CA	0x106D      	BCF        __Lib_Lcd_cmd_status, BitPos(__Lib_Lcd_cmd_status+0)
;__Lib_Lcd.c,198 :: 		
0x00CB	0x1683      	BSF        STATUS, 5
0x00CC	0x01D1      	CLRF       Lcd_Out_i_L0
;__Lib_Lcd.c,199 :: 		
L_Lcd_Out18:
0x00CD	0x0851      	MOVF       Lcd_Out_i_L0, 0
0x00CE	0x0750      	ADDWF      FARG_Lcd_Out_text, 0
0x00CF	0x0084      	MOVWF      FSR
0x00D0	0x0800      	MOVF       INDF, 0
0x00D1	0x1903      	BTFSC      STATUS, 2
0x00D2	0x28DC      	GOTO       L_Lcd_Out19
;__Lib_Lcd.c,200 :: 		
0x00D3	0x0851      	MOVF       Lcd_Out_i_L0, 0
0x00D4	0x0750      	ADDWF      FARG_Lcd_Out_text, 0
0x00D5	0x0084      	MOVWF      FSR
0x00D6	0x0800      	MOVF       INDF, 0
0x00D7	0x00D4      	MOVWF      FARG_Lcd_Chr_CP_out_char
0x00D8	0x207F      	CALL       _Lcd_Chr_CP
0x00D9	0x1683      	BSF        STATUS, 5
0x00DA	0x0AD1      	INCF       Lcd_Out_i_L0, 1
0x00DB	0x28CD      	GOTO       L_Lcd_Out18
L_Lcd_Out19:
;__Lib_Lcd.c,201 :: 		
0x00DC	0x1283      	BCF        STATUS, 5
0x00DD	0x146D      	BSF        __Lib_Lcd_cmd_status, BitPos(__Lib_Lcd_cmd_status+0)
;__Lib_Lcd.c,202 :: 		
L_end_Lcd_Out:
0x00DE	0x0008      	RETURN
; end of _Lcd_Out
_UART1_Init:
;__Lib_UART_c67.c,2 :: 		
;__Lib_UART_c67.c,5 :: 		
0x00DF	0x1683      	BSF        STATUS, 5
0x00E0	0x1303      	BCF        STATUS, 6
0x00E1	0x1698      	BSF        TXSTA, 5
;__Lib_UART_c67.c,6 :: 		
0x00E2	0x3090      	MOVLW      144
0x00E3	0x1283      	BCF        STATUS, 5
0x00E4	0x0098      	MOVWF      RCSTA
;__Lib_UART_c67.c,7 :: 		
0x00E5	0x1683      	BSF        STATUS, 5
0x00E6	0x1787      	BSF        TRISC7_bit, BitPos(TRISC7_bit+0)
;__Lib_UART_c67.c,8 :: 		
0x00E7	0x1307      	BCF        TRISC6_bit, BitPos(TRISC6_bit+0)
;__Lib_UART_c67.c,10 :: 		
L_UART1_Init0:
0x00E8	0x1283      	BCF        STATUS, 5
0x00E9	0x1E8C      	BTFSS      PIR1, 5
0x00EA	0x28EE      	GOTO       L_UART1_Init1
;__Lib_UART_c67.c,11 :: 		
0x00EB	0x081A      	MOVF       RCREG, 0
0x00EC	0x00F0      	MOVWF      R0
0x00ED	0x28E8      	GOTO       L_UART1_Init0
L_UART1_Init1:
;__Lib_UART_c67.c,12 :: 		
L_end_UART1_Init:
0x00EE	0x0008      	RETURN
; end of _UART1_Init
_UART1_Read_Text:
;__Lib_UART_c67.c,59 :: 		
;__Lib_UART_c67.c,60 :: 		
0x00EF	0x1683      	BSF        STATUS, 5
0x00F0	0x1303      	BCF        STATUS, 6
0x00F1	0x01D2      	CLRF       UART1_Read_Text_out_idx_L0
0x00F2	0x01D3      	CLRF       UART1_Read_Text_delim_idx_L0
;__Lib_UART_c67.c,62 :: 		
L_UART1_Read_Text7:
0x00F3	0x0850      	MOVF       FARG_UART1_Read_Text_Attempts, 0
0x00F4	0x1903      	BTFSC      STATUS, 2
0x00F5	0x2933      	GOTO       L_UART1_Read_Text8
;__Lib_UART_c67.c,64 :: 		
0x00F6	0x0850      	MOVF       FARG_UART1_Read_Text_Attempts, 0
0x00F7	0x3AFF      	XORLW      255
0x00F8	0x1903      	BTFSC      STATUS, 2
0x00F9	0x28FB      	GOTO       L_UART1_Read_Text9
;__Lib_UART_c67.c,65 :: 		
0x00FA	0x03D0      	DECF       FARG_UART1_Read_Text_Attempts, 1
L_UART1_Read_Text9:
;__Lib_UART_c67.c,67 :: 		
L_UART1_Read_Text10:
0x00FB	0x208F      	CALL       _UART1_Data_Ready
0x00FC	0x0870      	MOVF       R0, 0
0x00FD	0x3A00      	XORLW      0
0x00FE	0x1D03      	BTFSS      STATUS, 2
0x00FF	0x2901      	GOTO       L_UART1_Read_Text11
;__Lib_UART_c67.c,68 :: 		
0x0100	0x28FB      	GOTO       L_UART1_Read_Text10
L_UART1_Read_Text11:
;__Lib_UART_c67.c,70 :: 		
0x0101	0x2074      	CALL       _UART1_Read
0x0102	0x0870      	MOVF       R0, 0
0x0103	0x1683      	BSF        STATUS, 5
0x0104	0x00D1      	MOVWF      UART1_Read_Text_r_data_L0
;__Lib_UART_c67.c,71 :: 		
0x0105	0x0852      	MOVF       UART1_Read_Text_out_idx_L0, 0
0x0106	0x074E      	ADDWF      FARG_UART1_Read_Text_Output, 0
0x0107	0x0084      	MOVWF      FSR
0x0108	0x1283      	BCF        STATUS, 5
0x0109	0x0870      	MOVF       R0, 0
0x010A	0x0080      	MOVWF      INDF
0x010B	0x1683      	BSF        STATUS, 5
0x010C	0x0AD2      	INCF       UART1_Read_Text_out_idx_L0, 1
;__Lib_UART_c67.c,72 :: 		
0x010D	0x0853      	MOVF       UART1_Read_Text_delim_idx_L0, 0
0x010E	0x074F      	ADDWF      FARG_UART1_Read_Text_Delimiter, 0
0x010F	0x0084      	MOVWF      FSR
0x0110	0x0800      	MOVF       INDF, 0
0x0111	0x0651      	XORWF      UART1_Read_Text_r_data_L0, 0
0x0112	0x1D03      	BTFSS      STATUS, 2
0x0113	0x2916      	GOTO       L_UART1_Read_Text12
;__Lib_UART_c67.c,73 :: 		
0x0114	0x0AD3      	INCF       UART1_Read_Text_delim_idx_L0, 1
;__Lib_UART_c67.c,74 :: 		
0x0115	0x291E      	GOTO       L_UART1_Read_Text13
L_UART1_Read_Text12:
;__Lib_UART_c67.c,76 :: 		
0x0116	0x01D3      	CLRF       UART1_Read_Text_delim_idx_L0
;__Lib_UART_c67.c,77 :: 		
0x0117	0x084F      	MOVF       FARG_UART1_Read_Text_Delimiter, 0
0x0118	0x0084      	MOVWF      FSR
0x0119	0x0800      	MOVF       INDF, 0
0x011A	0x0651      	XORWF      UART1_Read_Text_r_data_L0, 0
0x011B	0x1D03      	BTFSS      STATUS, 2
0x011C	0x291E      	GOTO       L_UART1_Read_Text14
;__Lib_UART_c67.c,78 :: 		
0x011D	0x0AD3      	INCF       UART1_Read_Text_delim_idx_L0, 1
;__Lib_UART_c67.c,79 :: 		
L_UART1_Read_Text14:
;__Lib_UART_c67.c,80 :: 		
L_UART1_Read_Text13:
;__Lib_UART_c67.c,82 :: 		
0x011E	0x0853      	MOVF       UART1_Read_Text_delim_idx_L0, 0
0x011F	0x074F      	ADDWF      FARG_UART1_Read_Text_Delimiter, 0
0x0120	0x0084      	MOVWF      FSR
0x0121	0x0800      	MOVF       INDF, 0
0x0122	0x3A00      	XORLW      0
0x0123	0x1D03      	BTFSS      STATUS, 2
0x0124	0x2932      	GOTO       L_UART1_Read_Text15
;__Lib_UART_c67.c,83 :: 		
0x0125	0x0853      	MOVF       UART1_Read_Text_delim_idx_L0, 0
0x0126	0x0252      	SUBWF      UART1_Read_Text_out_idx_L0, 0
0x0127	0x1283      	BCF        STATUS, 5
0x0128	0x00F0      	MOVWF      R0
0x0129	0x01F1      	CLRF       R0+1
0x012A	0x1C03      	BTFSS      STATUS, 0
0x012B	0x03F1      	DECF       R0+1, 1
0x012C	0x0870      	MOVF       R0, 0
0x012D	0x1683      	BSF        STATUS, 5
0x012E	0x074E      	ADDWF      FARG_UART1_Read_Text_Output, 0
0x012F	0x0084      	MOVWF      FSR
0x0130	0x0180      	CLRF       INDF
;__Lib_UART_c67.c,84 :: 		
0x0131	0x2936      	GOTO       L_end_UART1_Read_Text
;__Lib_UART_c67.c,85 :: 		
L_UART1_Read_Text15:
;__Lib_UART_c67.c,87 :: 		
0x0132	0x28F3      	GOTO       L_UART1_Read_Text7
L_UART1_Read_Text8:
;__Lib_UART_c67.c,88 :: 		
0x0133	0x084E      	MOVF       FARG_UART1_Read_Text_Output, 0
0x0134	0x0084      	MOVWF      FSR
0x0135	0x0180      	CLRF       INDF
;__Lib_UART_c67.c,89 :: 		
L_end_UART1_Read_Text:
0x0136	0x0008      	RETURN
; end of _UART1_Read_Text
_Lcd_Init:
;__Lib_Lcd.c,84 :: 		
;__Lib_Lcd.c,86 :: 		
0x0137	0x1683      	BSF        STATUS, 5
0x0138	0x1303      	BCF        STATUS, 6
0x0139	0x1186      	BCF        LCD_EN_Direction, BitPos(LCD_EN_Direction+0)
;__Lib_Lcd.c,87 :: 		
0x013A	0x1106      	BCF        LCD_RS_Direction, BitPos(LCD_RS_Direction+0)
;__Lib_Lcd.c,88 :: 		
0x013B	0x1206      	BCF        LCD_D4_Direction, BitPos(LCD_D4_Direction+0)
;__Lib_Lcd.c,89 :: 		
0x013C	0x1286      	BCF        LCD_D5_Direction, BitPos(LCD_D5_Direction+0)
;__Lib_Lcd.c,90 :: 		
0x013D	0x1306      	BCF        LCD_D6_Direction, BitPos(LCD_D6_Direction+0)
;__Lib_Lcd.c,91 :: 		
0x013E	0x1386      	BCF        LCD_D7_Direction, BitPos(LCD_D7_Direction+0)
;__Lib_Lcd.c,93 :: 		
0x013F	0x1283      	BCF        STATUS, 5
0x0140	0x1186      	BCF        LCD_EN, BitPos(LCD_EN+0)
;__Lib_Lcd.c,94 :: 		
0x0141	0x1106      	BCF        LCD_RS, BitPos(LCD_RS+0)
;__Lib_Lcd.c,95 :: 		
0x0142	0x1386      	BCF        LCD_D7, BitPos(LCD_D7+0)
;__Lib_Lcd.c,96 :: 		
0x0143	0x1306      	BCF        LCD_D6, BitPos(LCD_D6+0)
;__Lib_Lcd.c,97 :: 		
0x0144	0x1286      	BCF        LCD_D5, BitPos(LCD_D5+0)
;__Lib_Lcd.c,98 :: 		
0x0145	0x1206      	BCF        LCD_D4, BitPos(LCD_D4+0)
;__Lib_Lcd.c,100 :: 		
0x0146	0x2009      	CALL       _Delay_5500us
;__Lib_Lcd.c,101 :: 		
0x0147	0x2009      	CALL       _Delay_5500us
;__Lib_Lcd.c,102 :: 		
0x0148	0x2009      	CALL       _Delay_5500us
;__Lib_Lcd.c,105 :: 		
0x0149	0x1686      	BSF        LCD_D5, BitPos(LCD_D5+0)
;__Lib_Lcd.c,106 :: 		
0x014A	0x1606      	BSF        LCD_D4, BitPos(LCD_D4+0)
;__Lib_Lcd.c,107 :: 		
0x014B	0x1586      	BSF        LCD_EN, BitPos(LCD_EN+0)
;__Lib_Lcd.c,108 :: 		
0x014C	0x2003      	CALL       _Delay_1us
;__Lib_Lcd.c,109 :: 		
0x014D	0x1186      	BCF        LCD_EN, BitPos(LCD_EN+0)
;__Lib_Lcd.c,110 :: 		
0x014E	0x2009      	CALL       _Delay_5500us
;__Lib_Lcd.c,112 :: 		
0x014F	0x1586      	BSF        LCD_EN, BitPos(LCD_EN+0)
;__Lib_Lcd.c,113 :: 		
0x0150	0x2003      	CALL       _Delay_1us
;__Lib_Lcd.c,114 :: 		
0x0151	0x1186      	BCF        LCD_EN, BitPos(LCD_EN+0)
;__Lib_Lcd.c,115 :: 		
0x0152	0x2009      	CALL       _Delay_5500us
;__Lib_Lcd.c,117 :: 		
0x0153	0x1586      	BSF        LCD_EN, BitPos(LCD_EN+0)
;__Lib_Lcd.c,118 :: 		
0x0154	0x2003      	CALL       _Delay_1us
;__Lib_Lcd.c,119 :: 		
0x0155	0x1186      	BCF        LCD_EN, BitPos(LCD_EN+0)
;__Lib_Lcd.c,120 :: 		
0x0156	0x2009      	CALL       _Delay_5500us
;__Lib_Lcd.c,123 :: 		
0x0157	0x1206      	BCF        LCD_D4, BitPos(LCD_D4+0)
;__Lib_Lcd.c,124 :: 		
0x0158	0x1586      	BSF        LCD_EN, BitPos(LCD_EN+0)
;__Lib_Lcd.c,125 :: 		
0x0159	0x2003      	CALL       _Delay_1us
;__Lib_Lcd.c,126 :: 		
0x015A	0x1186      	BCF        LCD_EN, BitPos(LCD_EN+0)
;__Lib_Lcd.c,127 :: 		
0x015B	0x2009      	CALL       _Delay_5500us
;__Lib_Lcd.c,130 :: 		
0x015C	0x1586      	BSF        LCD_EN, BitPos(LCD_EN+0)
;__Lib_Lcd.c,131 :: 		
0x015D	0x2003      	CALL       _Delay_1us
;__Lib_Lcd.c,132 :: 		
0x015E	0x1186      	BCF        LCD_EN, BitPos(LCD_EN+0)
;__Lib_Lcd.c,134 :: 		
0x015F	0x1286      	BCF        LCD_D5, BitPos(LCD_D5+0)
;__Lib_Lcd.c,135 :: 		
0x0160	0x1786      	BSF        LCD_D7, BitPos(LCD_D7+0)
;__Lib_Lcd.c,136 :: 		
0x0161	0x1586      	BSF        LCD_EN, BitPos(LCD_EN+0)
;__Lib_Lcd.c,137 :: 		
0x0162	0x2003      	CALL       _Delay_1us
;__Lib_Lcd.c,138 :: 		
0x0163	0x1186      	BCF        LCD_EN, BitPos(LCD_EN+0)
;__Lib_Lcd.c,139 :: 		
0x0164	0x2009      	CALL       _Delay_5500us
;__Lib_Lcd.c,142 :: 		
0x0165	0x1386      	BCF        LCD_D7, BitPos(LCD_D7+0)
;__Lib_Lcd.c,143 :: 		
0x0166	0x1606      	BSF        LCD_D4, BitPos(LCD_D4+0)
;__Lib_Lcd.c,144 :: 		
0x0167	0x1586      	BSF        LCD_EN, BitPos(LCD_EN+0)
;__Lib_Lcd.c,145 :: 		
0x0168	0x2003      	CALL       _Delay_1us
;__Lib_Lcd.c,146 :: 		
0x0169	0x1186      	BCF        LCD_EN, BitPos(LCD_EN+0)
;__Lib_Lcd.c,148 :: 		
0x016A	0x1206      	BCF        LCD_D4, BitPos(LCD_D4+0)
;__Lib_Lcd.c,149 :: 		
0x016B	0x1586      	BSF        LCD_EN, BitPos(LCD_EN+0)
;__Lib_Lcd.c,150 :: 		
0x016C	0x2003      	CALL       _Delay_1us
;__Lib_Lcd.c,151 :: 		
0x016D	0x1186      	BCF        LCD_EN, BitPos(LCD_EN+0)
;__Lib_Lcd.c,152 :: 		
0x016E	0x2009      	CALL       _Delay_5500us
;__Lib_Lcd.c,155 :: 		
0x016F	0x1586      	BSF        LCD_EN, BitPos(LCD_EN+0)
;__Lib_Lcd.c,156 :: 		
0x0170	0x2003      	CALL       _Delay_1us
;__Lib_Lcd.c,157 :: 		
0x0171	0x1186      	BCF        LCD_EN, BitPos(LCD_EN+0)
;__Lib_Lcd.c,159 :: 		
0x0172	0x1606      	BSF        LCD_D4, BitPos(LCD_D4+0)
;__Lib_Lcd.c,160 :: 		
0x0173	0x1586      	BSF        LCD_EN, BitPos(LCD_EN+0)
;__Lib_Lcd.c,161 :: 		
0x0174	0x2003      	CALL       _Delay_1us
;__Lib_Lcd.c,162 :: 		
0x0175	0x1186      	BCF        LCD_EN, BitPos(LCD_EN+0)
;__Lib_Lcd.c,163 :: 		
0x0176	0x2009      	CALL       _Delay_5500us
;__Lib_Lcd.c,166 :: 		
0x0177	0x1206      	BCF        LCD_D4, BitPos(LCD_D4+0)
;__Lib_Lcd.c,167 :: 		
0x0178	0x1586      	BSF        LCD_EN, BitPos(LCD_EN+0)
;__Lib_Lcd.c,168 :: 		
0x0179	0x2003      	CALL       _Delay_1us
;__Lib_Lcd.c,169 :: 		
0x017A	0x1186      	BCF        LCD_EN, BitPos(LCD_EN+0)
;__Lib_Lcd.c,171 :: 		
0x017B	0x1786      	BSF        LCD_D7, BitPos(LCD_D7+0)
;__Lib_Lcd.c,172 :: 		
0x017C	0x1706      	BSF        LCD_D6, BitPos(LCD_D6+0)
;__Lib_Lcd.c,173 :: 		
0x017D	0x1686      	BSF        LCD_D5, BitPos(LCD_D5+0)
;__Lib_Lcd.c,174 :: 		
0x017E	0x1606      	BSF        LCD_D4, BitPos(LCD_D4+0)
;__Lib_Lcd.c,175 :: 		
0x017F	0x1586      	BSF        LCD_EN, BitPos(LCD_EN+0)
;__Lib_Lcd.c,176 :: 		
0x0180	0x2003      	CALL       _Delay_1us
;__Lib_Lcd.c,177 :: 		
0x0181	0x1186      	BCF        LCD_EN, BitPos(LCD_EN+0)
;__Lib_Lcd.c,179 :: 		
0x0182	0x2009      	CALL       _Delay_5500us
;__Lib_Lcd.c,181 :: 		
0x0183	0x146D      	BSF        __Lib_Lcd_cmd_status, BitPos(__Lib_Lcd_cmd_status+0)
;__Lib_Lcd.c,182 :: 		
L_end_Lcd_Init:
0x0184	0x0008      	RETURN
; end of _Lcd_Init
___CC2DW:
;__Lib_System.c,134 :: 		
;__Lib_System.c,137 :: 		
_CC2D_Loop1:
;__Lib_System.c,139 :: 		
0x0185	0x2088      	CALL       _____DoICP
0x0186	0x118A      	BCF        PCLATH, 3
0x0187	0x120A      	BCF        PCLATH, 4
;__Lib_System.c,141 :: 		
0x0188	0x0080      	MOVWF      INDF
;__Lib_System.c,142 :: 		
0x0189	0x0A84      	INCF       FSR, 1
;__Lib_System.c,143 :: 		
0x018A	0x0AEE      	INCF       ___DoICPAddr, 1
;__Lib_System.c,145 :: 		
0x018B	0x1903      	BTFSC      STATUS, 2
;__Lib_System.c,146 :: 		
0x018C	0x0AEF      	INCF       ___DoICPAddr+1, 1
;__Lib_System.c,147 :: 		
0x018D	0x03F0      	DECF       R0, 1
;__Lib_System.c,149 :: 		
0x018E	0x1D03      	BTFSS      STATUS, 2
;__Lib_System.c,150 :: 		
0x018F	0x2985      	GOTO       _CC2D_Loop1
;__Lib_System.c,152 :: 		
L_end___CC2DW:
0x0190	0x0008      	RETURN
; end of ___CC2DW
_main:
0x0191	0x22D0      	CALL       720
;BT Trigger.c,22 :: 		void main() {
;BT Trigger.c,23 :: 		adcon1 = 0x07; trisA = 0x00;
0x0192	0x3007      	MOVLW      7
0x0193	0x1683      	BSF        STATUS, 5
0x0194	0x1303      	BCF        STATUS, 6
0x0195	0x009F      	MOVWF      ADCON1
0x0196	0x0185      	CLRF       TRISA
;BT Trigger.c,24 :: 		trisC = 0x80;
0x0197	0x3080      	MOVLW      128
0x0198	0x0087      	MOVWF      TRISC
;BT Trigger.c,25 :: 		lcd_init();
0x0199	0x2137      	CALL       _Lcd_Init
;BT Trigger.c,26 :: 		uart1_init(9600);
0x019A	0x3081      	MOVLW      129
0x019B	0x1683      	BSF        STATUS, 5
0x019C	0x0099      	MOVWF      SPBRG
0x019D	0x1518      	BSF        TXSTA, 2
0x019E	0x20DF      	CALL       _UART1_Init
;BT Trigger.c,27 :: 		rly1 = 0; rly2 = 0;
0x019F	0x1185      	BCF        PORTA, 3
0x01A0	0x1187      	BCF        PORTC, 3
;BT Trigger.c,28 :: 		lcd_cmd(_lcd_clear);
0x01A1	0x3001      	MOVLW      1
0x01A2	0x1683      	BSF        STATUS, 5
0x01A3	0x00D5      	MOVWF      FARG_Lcd_Cmd_out_char
0x01A4	0x201D      	CALL       _Lcd_Cmd
;BT Trigger.c,29 :: 		lcd_cmd(_lcd_cursor_off);
0x01A5	0x300C      	MOVLW      12
0x01A6	0x1683      	BSF        STATUS, 5
0x01A7	0x00D5      	MOVWF      FARG_Lcd_Cmd_out_char
0x01A8	0x201D      	CALL       _Lcd_Cmd
;BT Trigger.c,31 :: 		while(1){
L_main0:
;BT Trigger.c,32 :: 		lcd_out(1,1, "BT Voice Control");
0x01A9	0x3001      	MOVLW      1
0x01AA	0x1683      	BSF        STATUS, 5
0x01AB	0x00CE      	MOVWF      FARG_Lcd_Out_row
0x01AC	0x3001      	MOVLW      1
0x01AD	0x00CF      	MOVWF      FARG_Lcd_Out_column
0x01AE	0x3020      	MOVLW      ?lstr1_BT_32Trigger
0x01AF	0x00D0      	MOVWF      FARG_Lcd_Out_text
0x01B0	0x2096      	CALL       _Lcd_Out
;BT Trigger.c,33 :: 		lcd_out(2,1, "Li8:");
0x01B1	0x3002      	MOVLW      2
0x01B2	0x1683      	BSF        STATUS, 5
0x01B3	0x00CE      	MOVWF      FARG_Lcd_Out_row
0x01B4	0x3001      	MOVLW      1
0x01B5	0x00CF      	MOVWF      FARG_Lcd_Out_column
0x01B6	0x30AE      	MOVLW      ?lstr2_BT_32Trigger
0x01B7	0x00D0      	MOVWF      FARG_Lcd_Out_text
0x01B8	0x2096      	CALL       _Lcd_Out
;BT Trigger.c,34 :: 		lcd_out(2,10, "Fan:");
0x01B9	0x3002      	MOVLW      2
0x01BA	0x1683      	BSF        STATUS, 5
0x01BB	0x00CE      	MOVWF      FARG_Lcd_Out_row
0x01BC	0x300A      	MOVLW      10
0x01BD	0x00CF      	MOVWF      FARG_Lcd_Out_column
0x01BE	0x30A9      	MOVLW      ?lstr3_BT_32Trigger
0x01BF	0x00D0      	MOVWF      FARG_Lcd_Out_text
0x01C0	0x2096      	CALL       _Lcd_Out
;BT Trigger.c,35 :: 		if(rly1 == 1){lcd_out(2,5, "ON ");}
0x01C1	0x1D85      	BTFSS      PORTA, 3
0x01C2	0x29CC      	GOTO       L_main2
0x01C3	0x3002      	MOVLW      2
0x01C4	0x1683      	BSF        STATUS, 5
0x01C5	0x00CE      	MOVWF      FARG_Lcd_Out_row
0x01C6	0x3005      	MOVLW      5
0x01C7	0x00CF      	MOVWF      FARG_Lcd_Out_column
0x01C8	0x3069      	MOVLW      ?lstr4_BT_32Trigger
0x01C9	0x00D0      	MOVWF      FARG_Lcd_Out_text
0x01CA	0x2096      	CALL       _Lcd_Out
0x01CB	0x29D4      	GOTO       L_main3
L_main2:
;BT Trigger.c,36 :: 		else{lcd_out(2,5, "OFF");}
0x01CC	0x3002      	MOVLW      2
0x01CD	0x1683      	BSF        STATUS, 5
0x01CE	0x00CE      	MOVWF      FARG_Lcd_Out_row
0x01CF	0x3005      	MOVLW      5
0x01D0	0x00CF      	MOVWF      FARG_Lcd_Out_column
0x01D1	0x30BB      	MOVLW      ?lstr5_BT_32Trigger
0x01D2	0x00D0      	MOVWF      FARG_Lcd_Out_text
0x01D3	0x2096      	CALL       _Lcd_Out
L_main3:
;BT Trigger.c,37 :: 		if(rly2 == 1){lcd_out(2,14, "ON ");}
0x01D4	0x1D87      	BTFSS      PORTC, 3
0x01D5	0x29DF      	GOTO       L_main4
0x01D6	0x3002      	MOVLW      2
0x01D7	0x1683      	BSF        STATUS, 5
0x01D8	0x00CE      	MOVWF      FARG_Lcd_Out_row
0x01D9	0x300E      	MOVLW      14
0x01DA	0x00CF      	MOVWF      FARG_Lcd_Out_column
0x01DB	0x30B7      	MOVLW      ?lstr6_BT_32Trigger
0x01DC	0x00D0      	MOVWF      FARG_Lcd_Out_text
0x01DD	0x2096      	CALL       _Lcd_Out
0x01DE	0x29E7      	GOTO       L_main5
L_main4:
;BT Trigger.c,38 :: 		else{lcd_out(2,14, "OFF");}
0x01DF	0x3002      	MOVLW      2
0x01E0	0x1683      	BSF        STATUS, 5
0x01E1	0x00CE      	MOVWF      FARG_Lcd_Out_row
0x01E2	0x300E      	MOVLW      14
0x01E3	0x00CF      	MOVWF      FARG_Lcd_Out_column
0x01E4	0x30B3      	MOVLW      ?lstr7_BT_32Trigger
0x01E5	0x00D0      	MOVWF      FARG_Lcd_Out_text
0x01E6	0x2096      	CALL       _Lcd_Out
L_main5:
;BT Trigger.c,39 :: 		uart1_read_text(msg, "#", 15);
0x01E7	0x30BF      	MOVLW      _msg
0x01E8	0x1683      	BSF        STATUS, 5
0x01E9	0x00CE      	MOVWF      FARG_UART1_Read_Text_Output
0x01EA	0x3056      	MOVLW      ?lstr8_BT_32Trigger
0x01EB	0x00CF      	MOVWF      FARG_UART1_Read_Text_Delimiter
0x01EC	0x300F      	MOVLW      15
0x01ED	0x00D0      	MOVWF      FARG_UART1_Read_Text_Attempts
0x01EE	0x20EF      	CALL       _UART1_Read_Text
;BT Trigger.c,40 :: 		lcd_cmd(_lcd_clear);
0x01EF	0x3001      	MOVLW      1
0x01F0	0x00D5      	MOVWF      FARG_Lcd_Cmd_out_char
0x01F1	0x201D      	CALL       _Lcd_Cmd
;BT Trigger.c,41 :: 		lcd_out(1,1, "Voice Command:");
0x01F2	0x3001      	MOVLW      1
0x01F3	0x1683      	BSF        STATUS, 5
0x01F4	0x00CE      	MOVWF      FARG_Lcd_Out_row
0x01F5	0x3001      	MOVLW      1
0x01F6	0x00CF      	MOVWF      FARG_Lcd_Out_column
0x01F7	0x3047      	MOVLW      ?lstr9_BT_32Trigger
0x01F8	0x00D0      	MOVWF      FARG_Lcd_Out_text
0x01F9	0x2096      	CALL       _Lcd_Out
;BT Trigger.c,42 :: 		if(msg[1] == 'l' && msg[8] == 'n'){  //*light on
0x01FA	0x1683      	BSF        STATUS, 5
0x01FB	0x0840      	MOVF       _msg+1, 0
0x01FC	0x3A6C      	XORLW      108
0x01FD	0x1D03      	BTFSS      STATUS, 2
0x01FE	0x2A0C      	GOTO       L_main8
0x01FF	0x0847      	MOVF       _msg+8, 0
0x0200	0x3A6E      	XORLW      110
0x0201	0x1D03      	BTFSS      STATUS, 2
0x0202	0x2A0C      	GOTO       L_main8
L__main26:
;BT Trigger.c,43 :: 		lcd_out(2,1, "Light On");
0x0203	0x3002      	MOVLW      2
0x0204	0x00CE      	MOVWF      FARG_Lcd_Out_row
0x0205	0x3001      	MOVLW      1
0x0206	0x00CF      	MOVWF      FARG_Lcd_Out_column
0x0207	0x30A0      	MOVLW      ?lstr10_BT_32Trigger
0x0208	0x00D0      	MOVWF      FARG_Lcd_Out_text
0x0209	0x2096      	CALL       _Lcd_Out
;BT Trigger.c,44 :: 		rly1 = 1;
0x020A	0x1585      	BSF        PORTA, 3
;BT Trigger.c,45 :: 		}
0x020B	0x2A4A      	GOTO       L_main9
L_main8:
;BT Trigger.c,46 :: 		else if(msg[1] == 'l' && msg[9] == 'f'){  //*light off
0x020C	0x1683      	BSF        STATUS, 5
0x020D	0x0840      	MOVF       _msg+1, 0
0x020E	0x3A6C      	XORLW      108
0x020F	0x1D03      	BTFSS      STATUS, 2
0x0210	0x2A1E      	GOTO       L_main12
0x0211	0x0848      	MOVF       _msg+9, 0
0x0212	0x3A66      	XORLW      102
0x0213	0x1D03      	BTFSS      STATUS, 2
0x0214	0x2A1E      	GOTO       L_main12
L__main25:
;BT Trigger.c,47 :: 		lcd_out(2,1, "Light Off");
0x0215	0x3002      	MOVLW      2
0x0216	0x00CE      	MOVWF      FARG_Lcd_Out_row
0x0217	0x3001      	MOVLW      1
0x0218	0x00CF      	MOVWF      FARG_Lcd_Out_column
0x0219	0x305F      	MOVLW      ?lstr11_BT_32Trigger
0x021A	0x00D0      	MOVWF      FARG_Lcd_Out_text
0x021B	0x2096      	CALL       _Lcd_Out
;BT Trigger.c,48 :: 		rly1 = 0;
0x021C	0x1185      	BCF        PORTA, 3
;BT Trigger.c,49 :: 		}
0x021D	0x2A4A      	GOTO       L_main13
L_main12:
;BT Trigger.c,50 :: 		else if(msg[1] == 'f' && msg[6] == 'n'){  //*fan on
0x021E	0x1683      	BSF        STATUS, 5
0x021F	0x0840      	MOVF       _msg+1, 0
0x0220	0x3A66      	XORLW      102
0x0221	0x1D03      	BTFSS      STATUS, 2
0x0222	0x2A30      	GOTO       L_main16
0x0223	0x0845      	MOVF       _msg+6, 0
0x0224	0x3A6E      	XORLW      110
0x0225	0x1D03      	BTFSS      STATUS, 2
0x0226	0x2A30      	GOTO       L_main16
L__main24:
;BT Trigger.c,51 :: 		lcd_out(2,1, "Fan On");
0x0227	0x3002      	MOVLW      2
0x0228	0x00CE      	MOVWF      FARG_Lcd_Out_row
0x0229	0x3001      	MOVLW      1
0x022A	0x00CF      	MOVWF      FARG_Lcd_Out_column
0x022B	0x3058      	MOVLW      ?lstr12_BT_32Trigger
0x022C	0x00D0      	MOVWF      FARG_Lcd_Out_text
0x022D	0x2096      	CALL       _Lcd_Out
;BT Trigger.c,52 :: 		rly2 = 1;
0x022E	0x1587      	BSF        PORTC, 3
;BT Trigger.c,53 :: 		}
0x022F	0x2A4A      	GOTO       L_main17
L_main16:
;BT Trigger.c,54 :: 		else if(msg[1] == 'f' && msg[6] == 'f'){  //*fan off
0x0230	0x1683      	BSF        STATUS, 5
0x0231	0x0840      	MOVF       _msg+1, 0
0x0232	0x3A66      	XORLW      102
0x0233	0x1D03      	BTFSS      STATUS, 2
0x0234	0x2A42      	GOTO       L_main20
0x0235	0x0845      	MOVF       _msg+6, 0
0x0236	0x3A66      	XORLW      102
0x0237	0x1D03      	BTFSS      STATUS, 2
0x0238	0x2A42      	GOTO       L_main20
L__main23:
;BT Trigger.c,55 :: 		lcd_out(2,1, "Fan Off");
0x0239	0x3002      	MOVLW      2
0x023A	0x00CE      	MOVWF      FARG_Lcd_Out_row
0x023B	0x3001      	MOVLW      1
0x023C	0x00CF      	MOVWF      FARG_Lcd_Out_column
0x023D	0x3031      	MOVLW      ?lstr13_BT_32Trigger
0x023E	0x00D0      	MOVWF      FARG_Lcd_Out_text
0x023F	0x2096      	CALL       _Lcd_Out
;BT Trigger.c,56 :: 		rly2 = 0;
0x0240	0x1187      	BCF        PORTC, 3
;BT Trigger.c,57 :: 		}
0x0241	0x2A4A      	GOTO       L_main21
L_main20:
;BT Trigger.c,59 :: 		lcd_out(2,1, "Unknown cmd..");
0x0242	0x3002      	MOVLW      2
0x0243	0x1683      	BSF        STATUS, 5
0x0244	0x00CE      	MOVWF      FARG_Lcd_Out_row
0x0245	0x3001      	MOVLW      1
0x0246	0x00CF      	MOVWF      FARG_Lcd_Out_column
0x0247	0x3039      	MOVLW      ?lstr14_BT_32Trigger
0x0248	0x00D0      	MOVWF      FARG_Lcd_Out_text
0x0249	0x2096      	CALL       _Lcd_Out
;BT Trigger.c,60 :: 		}
L_main21:
L_main17:
L_main13:
L_main9:
;BT Trigger.c,61 :: 		delay_ms(2000);
0x024A	0x3033      	MOVLW      51
0x024B	0x00FB      	MOVWF      R11
0x024C	0x30BB      	MOVLW      187
0x024D	0x00FC      	MOVWF      R12
0x024E	0x30DF      	MOVLW      223
0x024F	0x00FD      	MOVWF      R13
L_main22:
0x0250	0x0BFD      	DECFSZ     R13, 1
0x0251	0x2A50      	GOTO       L_main22
0x0252	0x0BFC      	DECFSZ     R12, 1
0x0253	0x2A50      	GOTO       L_main22
0x0254	0x0BFB      	DECFSZ     R11, 1
0x0255	0x2A50      	GOTO       L_main22
0x0256	0x0000      	NOP
0x0257	0x0000      	NOP
;BT Trigger.c,62 :: 		lcd_cmd(_lcd_clear);
0x0258	0x3001      	MOVLW      1
0x0259	0x1683      	BSF        STATUS, 5
0x025A	0x00D5      	MOVWF      FARG_Lcd_Cmd_out_char
0x025B	0x201D      	CALL       _Lcd_Cmd
;BT Trigger.c,63 :: 		}
0x025C	0x29A9      	GOTO       L_main0
;BT Trigger.c,64 :: 		}
L_end_main:
0x025D	0x2A5D      	GOTO       $+0
; end of _main
0x02D0	0x3020      	MOVLW      32
0x02D1	0x0084      	MOVWF      FSR
0x02D2	0x3049      	MOVLW      73
0x02D3	0x1283      	BCF        STATUS, 5
0x02D4	0x1303      	BCF        STATUS, 6
0x02D5	0x00F0      	MOVWF      R0
0x02D6	0x3063      	MOVLW      99
0x02D7	0x00EE      	MOVWF      ___DoICPAddr
0x02D8	0x3002      	MOVLW      2
0x02D9	0x00EF      	MOVWF      111
0x02DA	0x2185      	CALL       389
0x02DB	0x30A0      	MOVLW      160
0x02DC	0x0084      	MOVWF      FSR
0x02DD	0x3009      	MOVLW      9
0x02DE	0x1283      	BCF        STATUS, 5
0x02DF	0x00F0      	MOVWF      R0
0x02E0	0x30C2      	MOVLW      194
0x02E1	0x00EE      	MOVWF      ___DoICPAddr
0x02E2	0x3002      	MOVLW      2
0x02E3	0x00EF      	MOVWF      111
0x02E4	0x2185      	CALL       389
0x02E5	0x3069      	MOVLW      105
0x02E6	0x0084      	MOVWF      FSR
0x02E7	0x3004      	MOVLW      4
0x02E8	0x1283      	BCF        STATUS, 5
0x02E9	0x00F0      	MOVWF      R0
0x02EA	0x30CB      	MOVLW      203
0x02EB	0x00EE      	MOVWF      ___DoICPAddr
0x02EC	0x3002      	MOVLW      2
0x02ED	0x00EF      	MOVWF      111
0x02EE	0x2185      	CALL       389
0x02EF	0x30A9      	MOVLW      169
0x02F0	0x0084      	MOVWF      FSR
0x02F1	0x3016      	MOVLW      22
0x02F2	0x1283      	BCF        STATUS, 5
0x02F3	0x00F0      	MOVWF      R0
0x02F4	0x30AC      	MOVLW      172
0x02F5	0x00EE      	MOVWF      ___DoICPAddr
0x02F6	0x3002      	MOVLW      2
0x02F7	0x00EF      	MOVWF      111
0x02F8	0x2185      	CALL       389
0x02F9	0x0008      	RETURN
;BT Trigger.c,0 :: ?ICS?lstr1_BT_32Trigger
0x0263	0x3442 ;?ICS?lstr1_BT_32Trigger+0
0x0264	0x3454 ;?ICS?lstr1_BT_32Trigger+1
0x0265	0x3420 ;?ICS?lstr1_BT_32Trigger+2
0x0266	0x3456 ;?ICS?lstr1_BT_32Trigger+3
0x0267	0x346F ;?ICS?lstr1_BT_32Trigger+4
0x0268	0x3469 ;?ICS?lstr1_BT_32Trigger+5
0x0269	0x3463 ;?ICS?lstr1_BT_32Trigger+6
0x026A	0x3465 ;?ICS?lstr1_BT_32Trigger+7
0x026B	0x3420 ;?ICS?lstr1_BT_32Trigger+8
0x026C	0x3443 ;?ICS?lstr1_BT_32Trigger+9
0x026D	0x346F ;?ICS?lstr1_BT_32Trigger+10
0x026E	0x346E ;?ICS?lstr1_BT_32Trigger+11
0x026F	0x3474 ;?ICS?lstr1_BT_32Trigger+12
0x0270	0x3472 ;?ICS?lstr1_BT_32Trigger+13
0x0271	0x346F ;?ICS?lstr1_BT_32Trigger+14
0x0272	0x346C ;?ICS?lstr1_BT_32Trigger+15
0x0273	0x3400 ;?ICS?lstr1_BT_32Trigger+16
; end of ?ICS?lstr1_BT_32Trigger
;BT Trigger.c,0 :: ?ICS?lstr13_BT_32Trigger
0x0274	0x3446 ;?ICS?lstr13_BT_32Trigger+0
0x0275	0x3461 ;?ICS?lstr13_BT_32Trigger+1
0x0276	0x346E ;?ICS?lstr13_BT_32Trigger+2
0x0277	0x3420 ;?ICS?lstr13_BT_32Trigger+3
0x0278	0x344F ;?ICS?lstr13_BT_32Trigger+4
0x0279	0x3466 ;?ICS?lstr13_BT_32Trigger+5
0x027A	0x3466 ;?ICS?lstr13_BT_32Trigger+6
0x027B	0x3400 ;?ICS?lstr13_BT_32Trigger+7
; end of ?ICS?lstr13_BT_32Trigger
;BT Trigger.c,0 :: ?ICS?lstr14_BT_32Trigger
0x027C	0x3455 ;?ICS?lstr14_BT_32Trigger+0
0x027D	0x346E ;?ICS?lstr14_BT_32Trigger+1
0x027E	0x346B ;?ICS?lstr14_BT_32Trigger+2
0x027F	0x346E ;?ICS?lstr14_BT_32Trigger+3
0x0280	0x346F ;?ICS?lstr14_BT_32Trigger+4
0x0281	0x3477 ;?ICS?lstr14_BT_32Trigger+5
0x0282	0x346E ;?ICS?lstr14_BT_32Trigger+6
0x0283	0x3420 ;?ICS?lstr14_BT_32Trigger+7
0x0284	0x3463 ;?ICS?lstr14_BT_32Trigger+8
0x0285	0x346D ;?ICS?lstr14_BT_32Trigger+9
0x0286	0x3464 ;?ICS?lstr14_BT_32Trigger+10
0x0287	0x342E ;?ICS?lstr14_BT_32Trigger+11
0x0288	0x342E ;?ICS?lstr14_BT_32Trigger+12
0x0289	0x3400 ;?ICS?lstr14_BT_32Trigger+13
; end of ?ICS?lstr14_BT_32Trigger
;BT Trigger.c,0 :: ?ICS?lstr9_BT_32Trigger
0x028A	0x3456 ;?ICS?lstr9_BT_32Trigger+0
0x028B	0x346F ;?ICS?lstr9_BT_32Trigger+1
0x028C	0x3469 ;?ICS?lstr9_BT_32Trigger+2
0x028D	0x3463 ;?ICS?lstr9_BT_32Trigger+3
0x028E	0x3465 ;?ICS?lstr9_BT_32Trigger+4
0x028F	0x3420 ;?ICS?lstr9_BT_32Trigger+5
0x0290	0x3443 ;?ICS?lstr9_BT_32Trigger+6
0x0291	0x346F ;?ICS?lstr9_BT_32Trigger+7
0x0292	0x346D ;?ICS?lstr9_BT_32Trigger+8
0x0293	0x346D ;?ICS?lstr9_BT_32Trigger+9
0x0294	0x3461 ;?ICS?lstr9_BT_32Trigger+10
0x0295	0x346E ;?ICS?lstr9_BT_32Trigger+11
0x0296	0x3464 ;?ICS?lstr9_BT_32Trigger+12
0x0297	0x343A ;?ICS?lstr9_BT_32Trigger+13
0x0298	0x3400 ;?ICS?lstr9_BT_32Trigger+14
; end of ?ICS?lstr9_BT_32Trigger
;BT Trigger.c,0 :: ?ICS?lstr8_BT_32Trigger
0x0299	0x3423 ;?ICS?lstr8_BT_32Trigger+0
0x029A	0x3400 ;?ICS?lstr8_BT_32Trigger+1
; end of ?ICS?lstr8_BT_32Trigger
;BT Trigger.c,0 :: ?ICS?lstr12_BT_32Trigger
0x029B	0x3446 ;?ICS?lstr12_BT_32Trigger+0
0x029C	0x3461 ;?ICS?lstr12_BT_32Trigger+1
0x029D	0x346E ;?ICS?lstr12_BT_32Trigger+2
0x029E	0x3420 ;?ICS?lstr12_BT_32Trigger+3
0x029F	0x344F ;?ICS?lstr12_BT_32Trigger+4
0x02A0	0x346E ;?ICS?lstr12_BT_32Trigger+5
0x02A1	0x3400 ;?ICS?lstr12_BT_32Trigger+6
; end of ?ICS?lstr12_BT_32Trigger
;BT Trigger.c,0 :: ?ICS?lstr11_BT_32Trigger
0x02A2	0x344C ;?ICS?lstr11_BT_32Trigger+0
0x02A3	0x3469 ;?ICS?lstr11_BT_32Trigger+1
0x02A4	0x3467 ;?ICS?lstr11_BT_32Trigger+2
0x02A5	0x3468 ;?ICS?lstr11_BT_32Trigger+3
0x02A6	0x3474 ;?ICS?lstr11_BT_32Trigger+4
0x02A7	0x3420 ;?ICS?lstr11_BT_32Trigger+5
0x02A8	0x344F ;?ICS?lstr11_BT_32Trigger+6
0x02A9	0x3466 ;?ICS?lstr11_BT_32Trigger+7
0x02AA	0x3466 ;?ICS?lstr11_BT_32Trigger+8
0x02AB	0x3400 ;?ICS?lstr11_BT_32Trigger+9
; end of ?ICS?lstr11_BT_32Trigger
;BT Trigger.c,0 :: ?ICS?lstr3_BT_32Trigger
0x02AC	0x3446 ;?ICS?lstr3_BT_32Trigger+0
0x02AD	0x3461 ;?ICS?lstr3_BT_32Trigger+1
0x02AE	0x346E ;?ICS?lstr3_BT_32Trigger+2
0x02AF	0x343A ;?ICS?lstr3_BT_32Trigger+3
0x02B0	0x3400 ;?ICS?lstr3_BT_32Trigger+4
; end of ?ICS?lstr3_BT_32Trigger
;BT Trigger.c,0 :: ?ICS?lstr2_BT_32Trigger
0x02B1	0x344C ;?ICS?lstr2_BT_32Trigger+0
0x02B2	0x3469 ;?ICS?lstr2_BT_32Trigger+1
0x02B3	0x3438 ;?ICS?lstr2_BT_32Trigger+2
0x02B4	0x343A ;?ICS?lstr2_BT_32Trigger+3
0x02B5	0x3400 ;?ICS?lstr2_BT_32Trigger+4
; end of ?ICS?lstr2_BT_32Trigger
;BT Trigger.c,0 :: ?ICS?lstr7_BT_32Trigger
0x02B6	0x344F ;?ICS?lstr7_BT_32Trigger+0
0x02B7	0x3446 ;?ICS?lstr7_BT_32Trigger+1
0x02B8	0x3446 ;?ICS?lstr7_BT_32Trigger+2
0x02B9	0x3400 ;?ICS?lstr7_BT_32Trigger+3
; end of ?ICS?lstr7_BT_32Trigger
;BT Trigger.c,0 :: ?ICS?lstr6_BT_32Trigger
0x02BA	0x344F ;?ICS?lstr6_BT_32Trigger+0
0x02BB	0x344E ;?ICS?lstr6_BT_32Trigger+1
0x02BC	0x3420 ;?ICS?lstr6_BT_32Trigger+2
0x02BD	0x3400 ;?ICS?lstr6_BT_32Trigger+3
; end of ?ICS?lstr6_BT_32Trigger
;BT Trigger.c,0 :: ?ICS?lstr5_BT_32Trigger
0x02BE	0x344F ;?ICS?lstr5_BT_32Trigger+0
0x02BF	0x3446 ;?ICS?lstr5_BT_32Trigger+1
0x02C0	0x3446 ;?ICS?lstr5_BT_32Trigger+2
0x02C1	0x3400 ;?ICS?lstr5_BT_32Trigger+3
; end of ?ICS?lstr5_BT_32Trigger
;BT Trigger.c,0 :: ?ICS?lstr10_BT_32Trigger
0x02C2	0x344C ;?ICS?lstr10_BT_32Trigger+0
0x02C3	0x3469 ;?ICS?lstr10_BT_32Trigger+1
0x02C4	0x3467 ;?ICS?lstr10_BT_32Trigger+2
0x02C5	0x3468 ;?ICS?lstr10_BT_32Trigger+3
0x02C6	0x3474 ;?ICS?lstr10_BT_32Trigger+4
0x02C7	0x3420 ;?ICS?lstr10_BT_32Trigger+5
0x02C8	0x344F ;?ICS?lstr10_BT_32Trigger+6
0x02C9	0x346E ;?ICS?lstr10_BT_32Trigger+7
0x02CA	0x3400 ;?ICS?lstr10_BT_32Trigger+8
; end of ?ICS?lstr10_BT_32Trigger
;BT Trigger.c,0 :: ?ICS?lstr4_BT_32Trigger
0x02CB	0x344F ;?ICS?lstr4_BT_32Trigger+0
0x02CC	0x344E ;?ICS?lstr4_BT_32Trigger+1
0x02CD	0x3420 ;?ICS?lstr4_BT_32Trigger+2
0x02CE	0x3400 ;?ICS?lstr4_BT_32Trigger+3
; end of ?ICS?lstr4_BT_32Trigger
Symbol List:
//** Routines locations **
//ADDRESS    SIZE    PROCEDURE
//----------------------------------------------
0x0003       [6]    _Delay_1us
0x0009      [13]    _Delay_5500us
0x0016       [7]    _Delay_50us
0x001D      [87]    _Lcd_Cmd
0x0074      [11]    _UART1_Read
0x007F       [9]    _Lcd_Chr_CP
0x0088       [7]    _____DoICP
0x008F       [7]    _UART1_Data_Ready
0x0096      [73]    _Lcd_Out
0x00DF      [16]    _UART1_Init
0x00EF      [72]    _UART1_Read_Text
0x0137      [78]    _Lcd_Init
0x0185      [12]    ___CC2DW
0x0191     [204]    _main
//** Variables locations ** 
//ADDRESS    SIZE    VARIABLE
//----------------------------------------------
0x0000       [1]    INDF
0x0002       [1]    PCL
0x0003       [1]    STATUS
0x0004       [1]    FSR
0x0005       [1]    PORTA
0x0006       [0]    LCD_D7
0x0006       [0]    RB2_bit
0x0006       [0]    RB7_bit
0x0006       [0]    LCD_D6
0x0006       [0]    LCD_EN
0x0006       [0]    LCD_RS
0x0006       [0]    LCD_D4
0x0006       [0]    RB6_bit
0x0006       [0]    RB4_bit
0x0006       [0]    LCD_D5
0x0006       [0]    RB5_bit
0x0006       [0]    RB3_bit
0x0007       [1]    PORTC
0x000A       [1]    PCLATH
0x000C       [1]    PIR1
0x0018       [1]    RCSTA
0x001A       [1]    RCREG
0x0020      [17]    ?lstr1_BT_32Trigger
0x0031       [8]    ?lstr13_BT_32Trigger
0x0039      [14]    ?lstr14_BT_32Trigger
0x0047      [15]    ?lstr9_BT_32Trigger
0x0056       [2]    ?lstr8_BT_32Trigger
0x0058       [7]    ?lstr12_BT_32Trigger
0x005F      [10]    ?lstr11_BT_32Trigger
0x0069       [4]    ?lstr4_BT_32Trigger
0x006D       [0]    __Lib_Lcd_cmd_status
0x006E       [2]    ___DoICPAddr
0x0070       [1]    R0
0x0071       [1]    R1
0x0072       [1]    R2
0x0073       [1]    R3
0x0074       [1]    R4
0x0075       [1]    R5
0x0076       [1]    R6
0x0077       [1]    R7
0x0078       [1]    R8
0x0079       [1]    R9
0x007A       [1]    R10
0x007B       [1]    R11
0x007C       [1]    R12
0x007D       [1]    R13
0x007E       [1]    R14
0x007F       [1]    R15
0x0085       [1]    TRISA
0x0086       [0]    TRISB5_bit
0x0086       [0]    TRISB4_bit
0x0086       [0]    TRISB3_bit
0x0086       [0]    TRISB6_bit
0x0086       [0]    TRISB2_bit
0x0086       [0]    TRISB7_bit
0x0086       [0]    LCD_D5_Direction
0x0086       [0]    LCD_D6_Direction
0x0086       [0]    LCD_D7_Direction
0x0086       [0]    LCD_RS_Direction
0x0086       [0]    LCD_EN_Direction
0x0086       [0]    LCD_D4_Direction
0x0087       [0]    TRISC6_bit
0x0087       [0]    TRISC7_bit
0x0087       [1]    TRISC
0x0098       [1]    TXSTA
0x0099       [1]    SPBRG
0x009F       [1]    ADCON1
0x00A0       [9]    ?lstr10_BT_32Trigger
0x00A9       [5]    ?lstr3_BT_32Trigger
0x00AE       [5]    ?lstr2_BT_32Trigger
0x00B3       [4]    ?lstr7_BT_32Trigger
0x00B7       [4]    ?lstr6_BT_32Trigger
0x00BB       [4]    ?lstr5_BT_32Trigger
0x00BF      [15]    _msg
0x00CE       [1]    FARG_Lcd_Out_row
0x00CE       [1]    FARG_UART1_Read_Text_Output
0x00CF       [1]    FARG_UART1_Read_Text_Delimiter
0x00CF       [1]    FARG_Lcd_Out_column
0x00D0       [1]    FARG_Lcd_Out_text
0x00D0       [1]    FARG_UART1_Read_Text_Attempts
0x00D1       [1]    Lcd_Out_i_L0
0x00D1       [1]    UART1_Read_Text_r_data_L0
0x00D2       [1]    UART1_Read_Text_out_idx_L0
0x00D3       [1]    UART1_Read_Text_delim_idx_L0
0x00D4       [1]    FARG_Lcd_Chr_CP_out_char
0x00D5       [1]    FARG_Lcd_Cmd_out_char
//** Constants locations ** 
//ADDRESS    SIZE    CONSTANT
//----------------------------------------------
0x0263      [17]    ?ICS?lstr1_BT_32Trigger
0x0274       [8]    ?ICS?lstr13_BT_32Trigger
0x027C      [14]    ?ICS?lstr14_BT_32Trigger
0x028A      [15]    ?ICS?lstr9_BT_32Trigger
0x0299       [2]    ?ICS?lstr8_BT_32Trigger
0x029B       [7]    ?ICS?lstr12_BT_32Trigger
0x02A2      [10]    ?ICS?lstr11_BT_32Trigger
0x02AC       [5]    ?ICS?lstr3_BT_32Trigger
0x02B1       [5]    ?ICS?lstr2_BT_32Trigger
0x02B6       [4]    ?ICS?lstr7_BT_32Trigger
0x02BA       [4]    ?ICS?lstr6_BT_32Trigger
0x02BE       [4]    ?ICS?lstr5_BT_32Trigger
0x02C2       [9]    ?ICS?lstr10_BT_32Trigger
0x02CB       [4]    ?ICS?lstr4_BT_32Trigger
