;  LST file generated by mikroListExporter - v.2.0 
; Date/Time: 7/30/2016 1:46:55 PM
;----------------------------------------------

;Address Opcode 	ASM
0x0000	0x2839      	GOTO       57
_____DoICP:
;__Lib_System.c,6 :: 		
;__Lib_System.c,9 :: 		
0x0003	0x1283      	BCF        STATUS, 5
0x0004	0x0821      	MOVF       ___DoICPAddr+1, 0
0x0005	0x008A      	MOVWF      PCLATH
;__Lib_System.c,10 :: 		
0x0006	0x0820      	MOVF       ___DoICPAddr, 0
0x0007	0x0082      	MOVWF      PCL
;__Lib_System.c,12 :: 		
L_end_____DoICP:
0x0008	0x0008      	RETURN
; end of _____DoICP
_delay_10s:
;relaySw.c,11 :: 		void delay_10s(){
;relaySw.c,12 :: 		for(delay=0;delay<100;delay++){
0x0009	0x1283      	BCF        STATUS, 5
0x000A	0x01A2      	CLRF       _delay
0x000B	0x01A3      	CLRF       _delay+1
L_delay_10s0:
0x000C	0x3080      	MOVLW      128
0x000D	0x0623      	XORWF      _delay+1, 0
0x000E	0x00F0      	MOVWF      R0
0x000F	0x3080      	MOVLW      128
0x0010	0x0270      	SUBWF      R0, 0
0x0011	0x1D03      	BTFSS      STATUS, 2
0x0012	0x2815      	GOTO       L__delay_10s18
0x0013	0x3064      	MOVLW      100
0x0014	0x0222      	SUBWF      _delay, 0
L__delay_10s18:
0x0015	0x1803      	BTFSC      STATUS, 0
0x0016	0x282C      	GOTO       L_delay_10s1
;relaySw.c,13 :: 		if(!mode)break;
0x0017	0x1987      	BTFSC      PORTC, 3
0x0018	0x281A      	GOTO       L_delay_10s3
0x0019	0x282C      	GOTO       L_delay_10s1
L_delay_10s3:
;relaySw.c,14 :: 		delay_ms(100);
0x001A	0x3002      	MOVLW      2
0x001B	0x00FB      	MOVWF      R11
0x001C	0x3045      	MOVLW      69
0x001D	0x00FC      	MOVWF      R12
0x001E	0x30A9      	MOVLW      169
0x001F	0x00FD      	MOVWF      R13
L_delay_10s4:
0x0020	0x0BFD      	DECFSZ     R13, 1
0x0021	0x2820      	GOTO       L_delay_10s4
0x0022	0x0BFC      	DECFSZ     R12, 1
0x0023	0x2820      	GOTO       L_delay_10s4
0x0024	0x0BFB      	DECFSZ     R11, 1
0x0025	0x2820      	GOTO       L_delay_10s4
0x0026	0x0000      	NOP
0x0027	0x0000      	NOP
;relaySw.c,12 :: 		for(delay=0;delay<100;delay++){
0x0028	0x0AA2      	INCF       _delay, 1
0x0029	0x1903      	BTFSC      STATUS, 2
0x002A	0x0AA3      	INCF       _delay+1, 1
;relaySw.c,15 :: 		}
0x002B	0x280C      	GOTO       L_delay_10s0
L_delay_10s1:
;relaySw.c,16 :: 		}
L_end_delay_10s:
0x002C	0x0008      	RETURN
; end of _delay_10s
___CC2DW:
;__Lib_System.c,134 :: 		
;__Lib_System.c,137 :: 		
_CC2D_Loop1:
;__Lib_System.c,139 :: 		
0x002D	0x2003      	CALL       _____DoICP
0x002E	0x118A      	BCF        PCLATH, 3
0x002F	0x120A      	BCF        PCLATH, 4
;__Lib_System.c,141 :: 		
0x0030	0x0080      	MOVWF      INDF
;__Lib_System.c,142 :: 		
0x0031	0x0A84      	INCF       FSR, 1
;__Lib_System.c,143 :: 		
0x0032	0x0AA0      	INCF       ___DoICPAddr, 1
;__Lib_System.c,145 :: 		
0x0033	0x1903      	BTFSC      STATUS, 2
;__Lib_System.c,146 :: 		
0x0034	0x0AA1      	INCF       ___DoICPAddr+1, 1
;__Lib_System.c,147 :: 		
0x0035	0x03F0      	DECF       R0, 1
;__Lib_System.c,149 :: 		
0x0036	0x1D03      	BTFSS      STATUS, 2
;__Lib_System.c,150 :: 		
0x0037	0x282D      	GOTO       _CC2D_Loop1
;__Lib_System.c,152 :: 		
L_end___CC2DW:
0x0038	0x0008      	RETURN
; end of ___CC2DW
_main:
;relaySw.c,18 :: 		void main() {
;relaySw.c,19 :: 		trisb = 0x00; portb = 0x00;
0x0039	0x1683      	BSF        STATUS, 5
0x003A	0x0186      	CLRF       TRISB
0x003B	0x1283      	BCF        STATUS, 5
0x003C	0x0186      	CLRF       PORTB
;relaySw.c,20 :: 		trisc = 0x0F; portc = 0x00;
0x003D	0x300F      	MOVLW      15
0x003E	0x1683      	BSF        STATUS, 5
0x003F	0x0087      	MOVWF      TRISC
0x0040	0x1283      	BCF        STATUS, 5
0x0041	0x0187      	CLRF       PORTC
;relaySw.c,22 :: 		while(1){
L_main5:
;relaySw.c,23 :: 		while(!mode){
L_main7:
0x0042	0x1987      	BTFSC      PORTC, 3
0x0043	0x2854      	GOTO       L_main8
;relaySw.c,24 :: 		if(butt1){rly1 = 1;}
0x0044	0x1C07      	BTFSS      PORTC, 0
0x0045	0x2848      	GOTO       L_main9
0x0046	0x1406      	BSF        PORTB, 0
0x0047	0x2849      	GOTO       L_main10
L_main9:
;relaySw.c,25 :: 		else{rly1 = 0;}
0x0048	0x1006      	BCF        PORTB, 0
L_main10:
;relaySw.c,26 :: 		if(butt2){rly2 = 1;}
0x0049	0x1C87      	BTFSS      PORTC, 1
0x004A	0x284D      	GOTO       L_main11
0x004B	0x1486      	BSF        PORTB, 1
0x004C	0x284E      	GOTO       L_main12
L_main11:
;relaySw.c,27 :: 		else{rly2 = 0;}
0x004D	0x1086      	BCF        PORTB, 1
L_main12:
;relaySw.c,28 :: 		if(butt3){rly3 = 1;}
0x004E	0x1D07      	BTFSS      PORTC, 2
0x004F	0x2852      	GOTO       L_main13
0x0050	0x1506      	BSF        PORTB, 2
0x0051	0x2853      	GOTO       L_main14
L_main13:
;relaySw.c,29 :: 		else{rly3 = 0;}
0x0052	0x1106      	BCF        PORTB, 2
L_main14:
;relaySw.c,30 :: 		}
0x0053	0x2842      	GOTO       L_main7
L_main8:
;relaySw.c,31 :: 		while(mode){
L_main15:
0x0054	0x1D87      	BTFSS      PORTC, 3
0x0055	0x2863      	GOTO       L_main16
;relaySw.c,32 :: 		delay_10s();
0x0056	0x2009      	CALL       _delay_10s
;relaySw.c,33 :: 		rly1 = 1; rly2 = 0; rly3 = 0;
0x0057	0x1406      	BSF        PORTB, 0
0x0058	0x1086      	BCF        PORTB, 1
0x0059	0x1106      	BCF        PORTB, 2
;relaySw.c,34 :: 		delay_10s();
0x005A	0x2009      	CALL       _delay_10s
;relaySw.c,35 :: 		rly1 = 0; rly2 = 1; rly3 = 0;
0x005B	0x1006      	BCF        PORTB, 0
0x005C	0x1486      	BSF        PORTB, 1
0x005D	0x1106      	BCF        PORTB, 2
;relaySw.c,36 :: 		delay_10s();
0x005E	0x2009      	CALL       _delay_10s
;relaySw.c,37 :: 		rly1 = 0; rly2 = 0; rly3 = 1;
0x005F	0x1006      	BCF        PORTB, 0
0x0060	0x1086      	BCF        PORTB, 1
0x0061	0x1506      	BSF        PORTB, 2
;relaySw.c,38 :: 		}
0x0062	0x2854      	GOTO       L_main15
L_main16:
;relaySw.c,39 :: 		}
0x0063	0x2842      	GOTO       L_main5
;relaySw.c,40 :: 		}
L_end_main:
0x0064	0x2864      	GOTO       $+0
; end of _main
Symbol List:
//** Routines locations **
//ADDRESS    SIZE    PROCEDURE
//----------------------------------------------
0x0003       [6]    _____DoICP
0x0009      [36]    _delay_10s
0x002D      [12]    ___CC2DW
0x0039      [44]    _main
//** Variables locations ** 
//ADDRESS    SIZE    VARIABLE
//----------------------------------------------
0x0000       [1]    INDF
0x0002       [1]    PCL
0x0003       [1]    STATUS
0x0004       [1]    FSR
0x0006       [1]    PORTB
0x0007       [1]    PORTC
0x000A       [1]    PCLATH
0x0020       [2]    ___DoICPAddr
0x0022       [2]    _delay
0x0070       [1]    R0
0x0071       [1]    R1
0x0072       [1]    R2
0x0073       [1]    R3
0x0074       [1]    R4
0x0075       [1]    R5
0x0076       [1]    R6
0x0077       [1]    R7
0x0078       [1]    R8
0x0079       [1]    R9
0x007A       [1]    R10
0x007B       [1]    R11
0x007C       [1]    R12
0x007D       [1]    R13
0x007E       [1]    R14
0x007F       [1]    R15
0x0086       [1]    TRISB
0x0087       [1]    TRISC
//** Label List: ** 
//----------------------------------------------
  L_delay_10s0
  L_delay_10s1
  L_delay_10s2
  L_delay_10s3
  L_delay_10s4
  L_main5
  L_main6
  L_main7
  L_main8
  L_main9
  L_main10
  L_main11
  L_main12
  L_main13
  L_main14
  L_main15
  L_main16
  L_end_delay_10s
  _delay_10s
  L__delay_10s18
  L_end_main
  _main
  L_loopCA2AWs
  L_CA2AWend
  _CCA2AW_Loop1
  L_loopCS2Ss
  L_CS2Send
  _CCS2S_Loop1
  L_CCS2Send
  L_loopFZinSWs
  L_FZinSend
  _CC2D_Loop1
  L_end_____DoICP
  _____DoICP
  L_end_____DoIFC
  _____DoIFC
  L_end___CA2AW
  ___CA2AW
  L_end___CCA2AW
  ___CCA2AW
  L_end___CS2S
  ___CS2S
  L_end___CCS2S
  ___CCS2S
  L_end___FZinS
  ___FZinS
  L_end___CC2DW
  ___CC2DW
  L_end_Swap
  _Swap
