0	1	mikroCPIC1618.exe -MSF -DBG -pP16F73 -DL -O11111114 -fo20 -N"D:\1. Electronics\Abrar's corner\Tanvir Bhai\Projects\1. Water Tank Report\Firmware\watertank.mcppi" -SP"C:\Program Files (x86)\mikroC PRO for PIC\Defs\" -SP"C:\Program Files (x86)\mikroC PRO for PIC\Uses\P16\" -SP"D:\1. Electronics\Abrar's corner\Tanvir Bhai\Projects\1. Water Tank Report\Firmware\" -SP"D:\1. Electronics\Abrar's corner\Tanvir Bhai\Projects\Water Tank Report\Firmware\" -IP"D:\1. Electronics\Abrar's corner\Tanvir Bhai\Projects\Water Tank Report\Firmware\" -IP"D:\1. Electronics\Abrar's corner\Tanvir Bhai\Projects\1. Water Tank Report\Firmware\" "watertank.c" "__Lib_Math.mcl" "__Lib_MathDouble.mcl" "__Lib_System.mcl" "__Lib_Delays.mcl" "__Lib_CType.mcl" "__Lib_CString.mcl" "__Lib_CStdlib.mcl" "__Lib_CMath.mcl" "__Lib_MemManager.mcl" "__Lib_Conversions.mcl" "__Lib_Sprinti.mcl" "__Lib_Sprintl.mcl" "__Lib_Time.mcl" "__Lib_Trigonometry.mcl" "__Lib_Button.mcl" "__Lib_Keypad4x4.mcl" "__Lib_Manchester.mcl" "__Lib_OneWire.mcl" "__Lib_PS2.mcl" "__Lib_Sound.mcl" "__Lib_SoftI2C.mcl" "__Lib_SoftSPI.mcl" "__Lib_SoftUART.mcl" "__Lib_ADC_A_A.mcl" "__Lib_PWM_c21.mcl" "__Lib_SPI_c345.mcl" "__Lib_UART_c67.mcl" "__Lib_PortExpander.mcl" "__Lib_CANSPI.mcl" "__Lib_CF.mcl" "__Lib_GlcdFonts.mcl" "__Lib_Glcd.mcl" "__Lib_LcdConsts.mcl" "__Lib_Lcd.mcl" "__Lib_RS485.mcl" "__Lib_S1D13700.mcl" "__Lib_T6963C.mcl" "__Lib_SPIGlcd.mcl" "__Lib_SPILcd.mcl" "__Lib_SPILcd8.mcl" "__Lib_SPIT6963C.mcl" "__Lib_TouchPanel.mcl"	 
warning: 0	1501	Specified search path does not exist: 'D:\1. Electronics\Abrar's corner\Tanvir Bhai\Projects\Water Tank Report\Firmware'	 
warning: 0	1502	Specified include path does not exist: 'D:\1. Electronics\Abrar's corner\Tanvir Bhai\Projects\Water Tank Report\Firmware'	 
hint: 0	1139	Available RAM: 176 [bytes], Available ROM: 4096 [bytes]	 
diagnostics: 0	122	Compilation Started	P16F73.c
diagnostics: 499	123	Compiled Successfully	P16F73.c
diagnostics: 0	122	Compilation Started	__Lib_Delays.c
diagnostics: 123	123	Compiled Successfully	__Lib_Delays.c
diagnostics: 0	122	Compilation Started	__Lib_MemManager.c
warning: 34	1508	Implicit conversion of int to ptr	__Lib_MemManager.c
diagnostics: 231	123	Compiled Successfully	__Lib_MemManager.c
diagnostics: 0	122	Compilation Started	__Lib_GlcdFonts.c
diagnostics: 1207	123	Compiled Successfully	__Lib_GlcdFonts.c
diagnostics: 0	122	Compilation Started	gsm_sms.h
warning: 42	1509	Generated baud rate is 9615 bps (error = 0.16 percent)	watertank.c
diagnostics: 77	123	Compiled Successfully	watertank.c
diagnostics: 0	127	All files Compiled in 47 ms	 
hint: 0	1144	Used RAM (bytes): 162 (92%)  Free RAM (bytes): 14 (8%)	Used RAM (bytes): 162 (92%)  Free RAM (bytes): 14 (8%)
hint: 0	1144	Used ROM (program words): 812 (20%)  Free ROM (program words): 3284 (80%)	Used ROM (program words): 812 (20%)  Free ROM (program words): 3284 (80%)
diagnostics: 0	125	Project Linked Successfully	watertank.mcppi
diagnostics: 0	128	Linked in 94 ms	 
diagnostics: 0	129	Project 'watertank.mcppi' completed: 438 ms	 
diagnostics: 0	103	Finished successfully: 21 Sep 2016, 16:03:19	watertank.mcppi
