;  LST file generated by mikroListExporter - v.2.0 
; Date/Time: 21-Sep-16 4:03:19 PM
;----------------------------------------------

;Address Opcode 	ASM
0x0000	0x29DE      	GOTO       478
_Delay_50us:
;__Lib_Delays.c,19 :: 		void Delay_50us() {
;__Lib_Delays.c,20 :: 		Delay_us(50);
0x0003	0x3053      	MOVLW      83
0x0004	0x1283      	BCF        STATUS, 5
0x0005	0x1303      	BCF        STATUS, 6
0x0006	0x00FD      	MOVWF      R13
L_Delay_50us2:
0x0007	0x0BFD      	DECFSZ     R13, 1
0x0008	0x2807      	GOTO       L_Delay_50us2
;__Lib_Delays.c,21 :: 		}
L_end_Delay_50us:
0x0009	0x0008      	RETURN
; end of _Delay_50us
_Delay_5500us:
;__Lib_Delays.c,31 :: 		void Delay_5500us() {
;__Lib_Delays.c,32 :: 		Delay_us(5500);
0x000A	0x3024      	MOVLW      36
0x000B	0x1283      	BCF        STATUS, 5
0x000C	0x1303      	BCF        STATUS, 6
0x000D	0x00FC      	MOVWF      R12
0x000E	0x30B5      	MOVLW      181
0x000F	0x00FD      	MOVWF      R13
L_Delay_5500us5:
0x0010	0x0BFD      	DECFSZ     R13, 1
0x0011	0x2810      	GOTO       L_Delay_5500us5
0x0012	0x0BFC      	DECFSZ     R12, 1
0x0013	0x2810      	GOTO       L_Delay_5500us5
0x0014	0x0000      	NOP
0x0015	0x0000      	NOP
;__Lib_Delays.c,33 :: 		}
L_end_Delay_5500us:
0x0016	0x0008      	RETURN
; end of _Delay_5500us
_Delay_1us:
;__Lib_Delays.c,7 :: 		void Delay_1us() {
;__Lib_Delays.c,8 :: 		Delay_us(1);
0x0017	0x0000      	NOP
0x0018	0x0000      	NOP
0x0019	0x0000      	NOP
0x001A	0x0000      	NOP
0x001B	0x0000      	NOP
;__Lib_Delays.c,9 :: 		}
L_end_Delay_1us:
0x001C	0x0008      	RETURN
; end of _Delay_1us
_Lcd_Cmd:
;__Lib_Lcd.c,18 :: 		
;__Lib_Lcd.c,20 :: 		
0x001D	0x1683      	BSF        STATUS, 5
0x001E	0x1303      	BCF        STATUS, 6
0x001F	0x1BF2      	BTFSC      FARG_Lcd_Cmd_out_char, 7
0x0020	0x2824      	GOTO       L__Lcd_Cmd21
0x0021	0x1283      	BCF        STATUS, 5
0x0022	0x1386      	BCF        LCD_D7, BitPos(LCD_D7+0)
0x0023	0x2826      	GOTO       L__Lcd_Cmd22
L__Lcd_Cmd21:
0x0024	0x1283      	BCF        STATUS, 5
0x0025	0x1786      	BSF        LCD_D7, BitPos(LCD_D7+0)
L__Lcd_Cmd22:
;__Lib_Lcd.c,21 :: 		
0x0026	0x1683      	BSF        STATUS, 5
0x0027	0x1B72      	BTFSC      FARG_Lcd_Cmd_out_char, 6
0x0028	0x282C      	GOTO       L__Lcd_Cmd23
0x0029	0x1283      	BCF        STATUS, 5
0x002A	0x1306      	BCF        LCD_D6, BitPos(LCD_D6+0)
0x002B	0x282E      	GOTO       L__Lcd_Cmd24
L__Lcd_Cmd23:
0x002C	0x1283      	BCF        STATUS, 5
0x002D	0x1706      	BSF        LCD_D6, BitPos(LCD_D6+0)
L__Lcd_Cmd24:
;__Lib_Lcd.c,22 :: 		
0x002E	0x1683      	BSF        STATUS, 5
0x002F	0x1AF2      	BTFSC      FARG_Lcd_Cmd_out_char, 5
0x0030	0x2834      	GOTO       L__Lcd_Cmd25
0x0031	0x1283      	BCF        STATUS, 5
0x0032	0x1286      	BCF        LCD_D5, BitPos(LCD_D5+0)
0x0033	0x2836      	GOTO       L__Lcd_Cmd26
L__Lcd_Cmd25:
0x0034	0x1283      	BCF        STATUS, 5
0x0035	0x1686      	BSF        LCD_D5, BitPos(LCD_D5+0)
L__Lcd_Cmd26:
;__Lib_Lcd.c,23 :: 		
0x0036	0x1683      	BSF        STATUS, 5
0x0037	0x1A72      	BTFSC      FARG_Lcd_Cmd_out_char, 4
0x0038	0x283C      	GOTO       L__Lcd_Cmd27
0x0039	0x1283      	BCF        STATUS, 5
0x003A	0x1206      	BCF        LCD_D4, BitPos(LCD_D4+0)
0x003B	0x283E      	GOTO       L__Lcd_Cmd28
L__Lcd_Cmd27:
0x003C	0x1283      	BCF        STATUS, 5
0x003D	0x1606      	BSF        LCD_D4, BitPos(LCD_D4+0)
L__Lcd_Cmd28:
;__Lib_Lcd.c,25 :: 		
0x003E	0x186F      	BTFSC      __Lib_Lcd_cmd_status, BitPos(__Lib_Lcd_cmd_status+0)
0x003F	0x2842      	GOTO       L__Lcd_Cmd29
0x0040	0x1506      	BSF        LCD_RS, BitPos(LCD_RS+0)
0x0041	0x2843      	GOTO       L__Lcd_Cmd30
L__Lcd_Cmd29:
0x0042	0x1106      	BCF        LCD_RS, BitPos(LCD_RS+0)
L__Lcd_Cmd30:
;__Lib_Lcd.c,28 :: 		
0x0043	0x1586      	BSF        LCD_EN, BitPos(LCD_EN+0)
;__Lib_Lcd.c,29 :: 		
0x0044	0x2017      	CALL       _Delay_1us
;__Lib_Lcd.c,30 :: 		
0x0045	0x1186      	BCF        LCD_EN, BitPos(LCD_EN+0)
;__Lib_Lcd.c,33 :: 		
0x0046	0x1683      	BSF        STATUS, 5
0x0047	0x19F2      	BTFSC      FARG_Lcd_Cmd_out_char, 3
0x0048	0x284C      	GOTO       L__Lcd_Cmd31
0x0049	0x1283      	BCF        STATUS, 5
0x004A	0x1386      	BCF        LCD_D7, BitPos(LCD_D7+0)
0x004B	0x284E      	GOTO       L__Lcd_Cmd32
L__Lcd_Cmd31:
0x004C	0x1283      	BCF        STATUS, 5
0x004D	0x1786      	BSF        LCD_D7, BitPos(LCD_D7+0)
L__Lcd_Cmd32:
;__Lib_Lcd.c,34 :: 		
0x004E	0x1683      	BSF        STATUS, 5
0x004F	0x1972      	BTFSC      FARG_Lcd_Cmd_out_char, 2
0x0050	0x2854      	GOTO       L__Lcd_Cmd33
0x0051	0x1283      	BCF        STATUS, 5
0x0052	0x1306      	BCF        LCD_D6, BitPos(LCD_D6+0)
0x0053	0x2856      	GOTO       L__Lcd_Cmd34
L__Lcd_Cmd33:
0x0054	0x1283      	BCF        STATUS, 5
0x0055	0x1706      	BSF        LCD_D6, BitPos(LCD_D6+0)
L__Lcd_Cmd34:
;__Lib_Lcd.c,35 :: 		
0x0056	0x1683      	BSF        STATUS, 5
0x0057	0x18F2      	BTFSC      FARG_Lcd_Cmd_out_char, 1
0x0058	0x285C      	GOTO       L__Lcd_Cmd35
0x0059	0x1283      	BCF        STATUS, 5
0x005A	0x1286      	BCF        LCD_D5, BitPos(LCD_D5+0)
0x005B	0x285E      	GOTO       L__Lcd_Cmd36
L__Lcd_Cmd35:
0x005C	0x1283      	BCF        STATUS, 5
0x005D	0x1686      	BSF        LCD_D5, BitPos(LCD_D5+0)
L__Lcd_Cmd36:
;__Lib_Lcd.c,36 :: 		
0x005E	0x1683      	BSF        STATUS, 5
0x005F	0x1872      	BTFSC      FARG_Lcd_Cmd_out_char, 0
0x0060	0x2864      	GOTO       L__Lcd_Cmd37
0x0061	0x1283      	BCF        STATUS, 5
0x0062	0x1206      	BCF        LCD_D4, BitPos(LCD_D4+0)
0x0063	0x2866      	GOTO       L__Lcd_Cmd38
L__Lcd_Cmd37:
0x0064	0x1283      	BCF        STATUS, 5
0x0065	0x1606      	BSF        LCD_D4, BitPos(LCD_D4+0)
L__Lcd_Cmd38:
;__Lib_Lcd.c,38 :: 		
0x0066	0x186F      	BTFSC      __Lib_Lcd_cmd_status, BitPos(__Lib_Lcd_cmd_status+0)
0x0067	0x286A      	GOTO       L__Lcd_Cmd39
0x0068	0x1506      	BSF        LCD_RS, BitPos(LCD_RS+0)
0x0069	0x286B      	GOTO       L__Lcd_Cmd40
L__Lcd_Cmd39:
0x006A	0x1106      	BCF        LCD_RS, BitPos(LCD_RS+0)
L__Lcd_Cmd40:
;__Lib_Lcd.c,40 :: 		
0x006B	0x1586      	BSF        LCD_EN, BitPos(LCD_EN+0)
;__Lib_Lcd.c,41 :: 		
0x006C	0x2017      	CALL       _Delay_1us
;__Lib_Lcd.c,42 :: 		
0x006D	0x1186      	BCF        LCD_EN, BitPos(LCD_EN+0)
;__Lib_Lcd.c,44 :: 		
0x006E	0x1C6F      	BTFSS      __Lib_Lcd_cmd_status, BitPos(__Lib_Lcd_cmd_status+0)
0x006F	0x2872      	GOTO       L_Lcd_Cmd0
;__Lib_Lcd.c,45 :: 		
0x0070	0x200A      	CALL       _Delay_5500us
0x0071	0x2873      	GOTO       L_Lcd_Cmd1
L_Lcd_Cmd0:
;__Lib_Lcd.c,47 :: 		
0x0072	0x2003      	CALL       _Delay_50us
L_Lcd_Cmd1:
;__Lib_Lcd.c,48 :: 		
L_end_Lcd_Cmd:
0x0073	0x0008      	RETURN
; end of _Lcd_Cmd
_Lcd_Chr_CP:
;__Lib_Lcd.c,50 :: 		
;__Lib_Lcd.c,52 :: 		
0x0074	0x1283      	BCF        STATUS, 5
0x0075	0x1303      	BCF        STATUS, 6
0x0076	0x106F      	BCF        __Lib_Lcd_cmd_status, BitPos(__Lib_Lcd_cmd_status+0)
;__Lib_Lcd.c,53 :: 		
0x0077	0x1683      	BSF        STATUS, 5
0x0078	0x0871      	MOVF       FARG_Lcd_Chr_CP_out_char, 0
0x0079	0x00F2      	MOVWF      FARG_Lcd_Cmd_out_char
0x007A	0x201D      	CALL       _Lcd_Cmd
;__Lib_Lcd.c,54 :: 		
0x007B	0x146F      	BSF        __Lib_Lcd_cmd_status, BitPos(__Lib_Lcd_cmd_status+0)
;__Lib_Lcd.c,55 :: 		
L_end_Lcd_Chr_CP:
0x007C	0x0008      	RETURN
; end of _Lcd_Chr_CP
_Lcd_Out:
;__Lib_Lcd.c,184 :: 		
;__Lib_Lcd.c,187 :: 		
0x007D	0x288F      	GOTO       L_Lcd_Out11
;__Lib_Lcd.c,188 :: 		
L_Lcd_Out13:
0x007E	0x3080      	MOVLW      128
0x007F	0x1683      	BSF        STATUS, 5
0x0080	0x1303      	BCF        STATUS, 6
0x0081	0x00ED      	MOVWF      FARG_Lcd_Out_row
0x0082	0x28A2      	GOTO       L_Lcd_Out12
;__Lib_Lcd.c,189 :: 		
L_Lcd_Out14:
0x0083	0x30C0      	MOVLW      192
0x0084	0x00ED      	MOVWF      FARG_Lcd_Out_row
0x0085	0x28A2      	GOTO       L_Lcd_Out12
;__Lib_Lcd.c,190 :: 		
L_Lcd_Out15:
0x0086	0x3094      	MOVLW      148
0x0087	0x00ED      	MOVWF      FARG_Lcd_Out_row
0x0088	0x28A2      	GOTO       L_Lcd_Out12
;__Lib_Lcd.c,191 :: 		
L_Lcd_Out16:
0x0089	0x30D4      	MOVLW      212
0x008A	0x00ED      	MOVWF      FARG_Lcd_Out_row
0x008B	0x28A2      	GOTO       L_Lcd_Out12
;__Lib_Lcd.c,192 :: 		
L_Lcd_Out17:
0x008C	0x3080      	MOVLW      128
0x008D	0x00ED      	MOVWF      FARG_Lcd_Out_row
;__Lib_Lcd.c,193 :: 		
0x008E	0x28A2      	GOTO       L_Lcd_Out12
L_Lcd_Out11:
0x008F	0x1683      	BSF        STATUS, 5
0x0090	0x1303      	BCF        STATUS, 6
0x0091	0x086D      	MOVF       FARG_Lcd_Out_row, 0
0x0092	0x3A01      	XORLW      1
0x0093	0x1903      	BTFSC      STATUS, 2
0x0094	0x287E      	GOTO       L_Lcd_Out13
0x0095	0x086D      	MOVF       FARG_Lcd_Out_row, 0
0x0096	0x3A02      	XORLW      2
0x0097	0x1903      	BTFSC      STATUS, 2
0x0098	0x2883      	GOTO       L_Lcd_Out14
0x0099	0x086D      	MOVF       FARG_Lcd_Out_row, 0
0x009A	0x3A03      	XORLW      3
0x009B	0x1903      	BTFSC      STATUS, 2
0x009C	0x2886      	GOTO       L_Lcd_Out15
0x009D	0x086D      	MOVF       FARG_Lcd_Out_row, 0
0x009E	0x3A04      	XORLW      4
0x009F	0x1903      	BTFSC      STATUS, 2
0x00A0	0x2889      	GOTO       L_Lcd_Out16
0x00A1	0x288C      	GOTO       L_Lcd_Out17
L_Lcd_Out12:
;__Lib_Lcd.c,194 :: 		
0x00A2	0x036E      	DECF       FARG_Lcd_Out_column, 0
0x00A3	0x1283      	BCF        STATUS, 5
0x00A4	0x00F0      	MOVWF      R0
0x00A5	0x1683      	BSF        STATUS, 5
0x00A6	0x086D      	MOVF       FARG_Lcd_Out_row, 0
0x00A7	0x1283      	BCF        STATUS, 5
0x00A8	0x07F0      	ADDWF      R0, 1
0x00A9	0x0870      	MOVF       R0, 0
0x00AA	0x1683      	BSF        STATUS, 5
0x00AB	0x00ED      	MOVWF      FARG_Lcd_Out_row
;__Lib_Lcd.c,196 :: 		
0x00AC	0x1283      	BCF        STATUS, 5
0x00AD	0x0870      	MOVF       R0, 0
0x00AE	0x1683      	BSF        STATUS, 5
0x00AF	0x00F2      	MOVWF      FARG_Lcd_Cmd_out_char
0x00B0	0x201D      	CALL       _Lcd_Cmd
;__Lib_Lcd.c,197 :: 		
0x00B1	0x106F      	BCF        __Lib_Lcd_cmd_status, BitPos(__Lib_Lcd_cmd_status+0)
;__Lib_Lcd.c,198 :: 		
0x00B2	0x1683      	BSF        STATUS, 5
0x00B3	0x01F0      	CLRF       Lcd_Out_i_L0
;__Lib_Lcd.c,199 :: 		
L_Lcd_Out18:
0x00B4	0x0870      	MOVF       Lcd_Out_i_L0, 0
0x00B5	0x076F      	ADDWF      FARG_Lcd_Out_text, 0
0x00B6	0x0084      	MOVWF      FSR
0x00B7	0x0800      	MOVF       INDF, 0
0x00B8	0x1903      	BTFSC      STATUS, 2
0x00B9	0x28C3      	GOTO       L_Lcd_Out19
;__Lib_Lcd.c,200 :: 		
0x00BA	0x0870      	MOVF       Lcd_Out_i_L0, 0
0x00BB	0x076F      	ADDWF      FARG_Lcd_Out_text, 0
0x00BC	0x0084      	MOVWF      FSR
0x00BD	0x0800      	MOVF       INDF, 0
0x00BE	0x00F1      	MOVWF      FARG_Lcd_Chr_CP_out_char
0x00BF	0x2074      	CALL       _Lcd_Chr_CP
0x00C0	0x1683      	BSF        STATUS, 5
0x00C1	0x0AF0      	INCF       Lcd_Out_i_L0, 1
0x00C2	0x28B4      	GOTO       L_Lcd_Out18
L_Lcd_Out19:
;__Lib_Lcd.c,201 :: 		
0x00C3	0x1283      	BCF        STATUS, 5
0x00C4	0x146F      	BSF        __Lib_Lcd_cmd_status, BitPos(__Lib_Lcd_cmd_status+0)
;__Lib_Lcd.c,202 :: 		
L_end_Lcd_Out:
0x00C5	0x0008      	RETURN
; end of _Lcd_Out
_UART1_Write:
;__Lib_UART_c67.c,39 :: 		
;__Lib_UART_c67.c,40 :: 		
L_UART1_Write3:
0x00C6	0x1683      	BSF        STATUS, 5
0x00C7	0x1303      	BCF        STATUS, 6
0x00C8	0x1898      	BTFSC      TXSTA, 1
0x00C9	0x28CC      	GOTO       L_UART1_Write4
;__Lib_UART_c67.c,41 :: 		
0x00CA	0x0000      	NOP
0x00CB	0x28C6      	GOTO       L_UART1_Write3
L_UART1_Write4:
;__Lib_UART_c67.c,42 :: 		
0x00CC	0x086D      	MOVF       FARG_UART1_Write_data_, 0
0x00CD	0x1283      	BCF        STATUS, 5
0x00CE	0x0099      	MOVWF      TXREG
;__Lib_UART_c67.c,43 :: 		
L_end_UART1_Write:
0x00CF	0x0008      	RETURN
; end of _UART1_Write
_____DoICP:
;__Lib_System.c,6 :: 		
;__Lib_System.c,9 :: 		
0x00D0	0x1683      	BSF        STATUS, 5
0x00D1	0x1303      	BCF        STATUS, 6
0x00D2	0x0867      	MOVF       ___DoICPAddr+1, 0
0x00D3	0x008A      	MOVWF      PCLATH
;__Lib_System.c,10 :: 		
0x00D4	0x0866      	MOVF       ___DoICPAddr, 0
0x00D5	0x0082      	MOVWF      PCL
;__Lib_System.c,12 :: 		
L_end_____DoICP:
0x00D6	0x0008      	RETURN
; end of _____DoICP
_UART1_Write_Text:
;__Lib_UART_c67.c,47 :: 		
;__Lib_UART_c67.c,48 :: 		
0x00D7	0x1683      	BSF        STATUS, 5
0x00D8	0x1303      	BCF        STATUS, 6
0x00D9	0x01EC      	CLRF       UART1_Write_Text_counter_L0
;__Lib_UART_c67.c,50 :: 		
0x00DA	0x086A      	MOVF       FARG_UART1_Write_Text_uart_text, 0
0x00DB	0x0084      	MOVWF      FSR
0x00DC	0x0800      	MOVF       INDF, 0
0x00DD	0x00EB      	MOVWF      UART1_Write_Text_data__L0
;__Lib_UART_c67.c,51 :: 		
L_UART1_Write_Text5:
0x00DE	0x086B      	MOVF       UART1_Write_Text_data__L0, 0
0x00DF	0x3A00      	XORLW      0
0x00E0	0x1903      	BTFSC      STATUS, 2
0x00E1	0x28ED      	GOTO       L_UART1_Write_Text6
;__Lib_UART_c67.c,52 :: 		
0x00E2	0x086B      	MOVF       UART1_Write_Text_data__L0, 0
0x00E3	0x00ED      	MOVWF      FARG_UART1_Write_data_
0x00E4	0x20C6      	CALL       _UART1_Write
;__Lib_UART_c67.c,53 :: 		
0x00E5	0x1683      	BSF        STATUS, 5
0x00E6	0x0AEC      	INCF       UART1_Write_Text_counter_L0, 1
;__Lib_UART_c67.c,54 :: 		
0x00E7	0x086C      	MOVF       UART1_Write_Text_counter_L0, 0
0x00E8	0x076A      	ADDWF      FARG_UART1_Write_Text_uart_text, 0
0x00E9	0x0084      	MOVWF      FSR
0x00EA	0x0800      	MOVF       INDF, 0
0x00EB	0x00EB      	MOVWF      UART1_Write_Text_data__L0
;__Lib_UART_c67.c,55 :: 		
0x00EC	0x28DE      	GOTO       L_UART1_Write_Text5
L_UART1_Write_Text6:
;__Lib_UART_c67.c,56 :: 		
L_end_UART1_Write_Text:
0x00ED	0x0008      	RETURN
; end of _UART1_Write_Text
_nl_cr:
;gsm_sms.h,1 :: 		void nl_cr(){
;gsm_sms.h,2 :: 		uart1_write(13);
0x00EE	0x300D      	MOVLW      13
0x00EF	0x1683      	BSF        STATUS, 5
0x00F0	0x1303      	BCF        STATUS, 6
0x00F1	0x00ED      	MOVWF      FARG_UART1_Write_data_
0x00F2	0x20C6      	CALL       _UART1_Write
;gsm_sms.h,3 :: 		uart1_write(10);
0x00F3	0x300A      	MOVLW      10
0x00F4	0x1683      	BSF        STATUS, 5
0x00F5	0x00ED      	MOVWF      FARG_UART1_Write_data_
0x00F6	0x20C6      	CALL       _UART1_Write
;gsm_sms.h,4 :: 		}
L_end_nl_cr:
0x00F7	0x0008      	RETURN
; end of _nl_cr
_title:
;watertank.c,23 :: 		void title(){
;watertank.c,24 :: 		lcd_out(1,1,"Water report SYS");
0x00F8	0x3001      	MOVLW      1
0x00F9	0x1683      	BSF        STATUS, 5
0x00FA	0x1303      	BCF        STATUS, 6
0x00FB	0x00ED      	MOVWF      FARG_Lcd_Out_row
0x00FC	0x3001      	MOVLW      1
0x00FD	0x00EE      	MOVWF      FARG_Lcd_Out_column
0x00FE	0x30AC      	MOVLW      ?lstr3_watertank
0x00FF	0x00EF      	MOVWF      FARG_Lcd_Out_text
0x0100	0x207D      	CALL       _Lcd_Out
;watertank.c,25 :: 		}
L_end_title:
0x0101	0x0008      	RETURN
; end of _title
_show_level:
;watertank.c,31 :: 		void show_level(){
;watertank.c,32 :: 		lcd_cmd(_lcd_clear);
0x0102	0x3001      	MOVLW      1
0x0103	0x1683      	BSF        STATUS, 5
0x0104	0x1303      	BCF        STATUS, 6
0x0105	0x00F2      	MOVWF      FARG_Lcd_Cmd_out_char
0x0106	0x201D      	CALL       _Lcd_Cmd
;watertank.c,33 :: 		title();
0x0107	0x20F8      	CALL       _title
;watertank.c,34 :: 		lcd_out(2,1,"Level: ");
0x0108	0x3002      	MOVLW      2
0x0109	0x1683      	BSF        STATUS, 5
0x010A	0x00ED      	MOVWF      FARG_Lcd_Out_row
0x010B	0x3001      	MOVLW      1
0x010C	0x00EE      	MOVWF      FARG_Lcd_Out_column
0x010D	0x3061      	MOVLW      ?lstr5_watertank
0x010E	0x00EF      	MOVWF      FARG_Lcd_Out_text
0x010F	0x207D      	CALL       _Lcd_Out
;watertank.c,35 :: 		}
L_end_show_level:
0x0110	0x0008      	RETURN
; end of _show_level
_send_sms:
;gsm_sms.h,6 :: 		void send_sms(char num[11], char text[25]){
;gsm_sms.h,7 :: 		uart1_write_text("AT+CMGF=1");
0x0111	0x3020      	MOVLW      ?lstr1_watertank
0x0112	0x1683      	BSF        STATUS, 5
0x0113	0x1303      	BCF        STATUS, 6
0x0114	0x00EA      	MOVWF      FARG_UART1_Write_Text_uart_text
0x0115	0x20D7      	CALL       _UART1_Write_Text
;gsm_sms.h,8 :: 		nl_cr();
0x0116	0x20EE      	CALL       _nl_cr
;gsm_sms.h,9 :: 		delay_ms(200);
0x0117	0x3006      	MOVLW      6
0x0118	0x00FB      	MOVWF      R11
0x0119	0x3013      	MOVLW      19
0x011A	0x00FC      	MOVWF      R12
0x011B	0x30AD      	MOVLW      173
0x011C	0x00FD      	MOVWF      R13
L_send_sms0:
0x011D	0x0BFD      	DECFSZ     R13, 1
0x011E	0x291D      	GOTO       L_send_sms0
0x011F	0x0BFC      	DECFSZ     R12, 1
0x0120	0x291D      	GOTO       L_send_sms0
0x0121	0x0BFB      	DECFSZ     R11, 1
0x0122	0x291D      	GOTO       L_send_sms0
0x0123	0x0000      	NOP
0x0124	0x0000      	NOP
;gsm_sms.h,10 :: 		uart1_write_text("AT+CMGS= ");
0x0125	0x3038      	MOVLW      ?lstr2_watertank
0x0126	0x1683      	BSF        STATUS, 5
0x0127	0x00EA      	MOVWF      FARG_UART1_Write_Text_uart_text
0x0128	0x20D7      	CALL       _UART1_Write_Text
;gsm_sms.h,11 :: 		uart1_write(34);
0x0129	0x3022      	MOVLW      34
0x012A	0x00ED      	MOVWF      FARG_UART1_Write_data_
0x012B	0x20C6      	CALL       _UART1_Write
;gsm_sms.h,12 :: 		uart1_write_text(num);
0x012C	0x1683      	BSF        STATUS, 5
0x012D	0x0868      	MOVF       FARG_send_sms_num, 0
0x012E	0x00EA      	MOVWF      FARG_UART1_Write_Text_uart_text
0x012F	0x20D7      	CALL       _UART1_Write_Text
;gsm_sms.h,13 :: 		uart1_write(34);
0x0130	0x3022      	MOVLW      34
0x0131	0x00ED      	MOVWF      FARG_UART1_Write_data_
0x0132	0x20C6      	CALL       _UART1_Write
;gsm_sms.h,14 :: 		nl_cr();
0x0133	0x20EE      	CALL       _nl_cr
;gsm_sms.h,15 :: 		delay_ms(200);
0x0134	0x3006      	MOVLW      6
0x0135	0x00FB      	MOVWF      R11
0x0136	0x3013      	MOVLW      19
0x0137	0x00FC      	MOVWF      R12
0x0138	0x30AD      	MOVLW      173
0x0139	0x00FD      	MOVWF      R13
L_send_sms1:
0x013A	0x0BFD      	DECFSZ     R13, 1
0x013B	0x293A      	GOTO       L_send_sms1
0x013C	0x0BFC      	DECFSZ     R12, 1
0x013D	0x293A      	GOTO       L_send_sms1
0x013E	0x0BFB      	DECFSZ     R11, 1
0x013F	0x293A      	GOTO       L_send_sms1
0x0140	0x0000      	NOP
0x0141	0x0000      	NOP
;gsm_sms.h,16 :: 		uart1_write_text(text);
0x0142	0x1683      	BSF        STATUS, 5
0x0143	0x0869      	MOVF       FARG_send_sms_text, 0
0x0144	0x00EA      	MOVWF      FARG_UART1_Write_Text_uart_text
0x0145	0x20D7      	CALL       _UART1_Write_Text
;gsm_sms.h,17 :: 		delay_ms(200);
0x0146	0x3006      	MOVLW      6
0x0147	0x1283      	BCF        STATUS, 5
0x0148	0x00FB      	MOVWF      R11
0x0149	0x3013      	MOVLW      19
0x014A	0x00FC      	MOVWF      R12
0x014B	0x30AD      	MOVLW      173
0x014C	0x00FD      	MOVWF      R13
L_send_sms2:
0x014D	0x0BFD      	DECFSZ     R13, 1
0x014E	0x294D      	GOTO       L_send_sms2
0x014F	0x0BFC      	DECFSZ     R12, 1
0x0150	0x294D      	GOTO       L_send_sms2
0x0151	0x0BFB      	DECFSZ     R11, 1
0x0152	0x294D      	GOTO       L_send_sms2
0x0153	0x0000      	NOP
0x0154	0x0000      	NOP
;gsm_sms.h,18 :: 		uart1_write(0x1A); //ctrl + Z
0x0155	0x301A      	MOVLW      26
0x0156	0x1683      	BSF        STATUS, 5
0x0157	0x00ED      	MOVWF      FARG_UART1_Write_data_
0x0158	0x20C6      	CALL       _UART1_Write
;gsm_sms.h,19 :: 		delay_ms(5000);
0x0159	0x307F      	MOVLW      127
0x015A	0x00FB      	MOVWF      R11
0x015B	0x30D4      	MOVLW      212
0x015C	0x00FC      	MOVWF      R12
0x015D	0x3031      	MOVLW      49
0x015E	0x00FD      	MOVWF      R13
L_send_sms3:
0x015F	0x0BFD      	DECFSZ     R13, 1
0x0160	0x295F      	GOTO       L_send_sms3
0x0161	0x0BFC      	DECFSZ     R12, 1
0x0162	0x295F      	GOTO       L_send_sms3
0x0163	0x0BFB      	DECFSZ     R11, 1
0x0164	0x295F      	GOTO       L_send_sms3
0x0165	0x0000      	NOP
0x0166	0x0000      	NOP
;gsm_sms.h,20 :: 		nl_cr();
0x0167	0x20EE      	CALL       _nl_cr
;gsm_sms.h,21 :: 		}
L_end_send_sms:
0x0168	0x0008      	RETURN
; end of _send_sms
_show_sending:
;watertank.c,27 :: 		void show_sending(){
;watertank.c,28 :: 		lcd_out(2,1,"SMS Sending..");
0x0169	0x3002      	MOVLW      2
0x016A	0x1683      	BSF        STATUS, 5
0x016B	0x1303      	BCF        STATUS, 6
0x016C	0x00ED      	MOVWF      FARG_Lcd_Out_row
0x016D	0x3001      	MOVLW      1
0x016E	0x00EE      	MOVWF      FARG_Lcd_Out_column
0x016F	0x302A      	MOVLW      ?lstr4_watertank
0x0170	0x00EF      	MOVWF      FARG_Lcd_Out_text
0x0171	0x207D      	CALL       _Lcd_Out
;watertank.c,29 :: 		}
L_end_show_sending:
0x0172	0x0008      	RETURN
; end of _show_sending
_Lcd_Init:
;__Lib_Lcd.c,84 :: 		
;__Lib_Lcd.c,86 :: 		
0x0173	0x1683      	BSF        STATUS, 5
0x0174	0x1303      	BCF        STATUS, 6
0x0175	0x1186      	BCF        LCD_EN_Direction, BitPos(LCD_EN_Direction+0)
;__Lib_Lcd.c,87 :: 		
0x0176	0x1106      	BCF        LCD_RS_Direction, BitPos(LCD_RS_Direction+0)
;__Lib_Lcd.c,88 :: 		
0x0177	0x1206      	BCF        LCD_D4_Direction, BitPos(LCD_D4_Direction+0)
;__Lib_Lcd.c,89 :: 		
0x0178	0x1286      	BCF        LCD_D5_Direction, BitPos(LCD_D5_Direction+0)
;__Lib_Lcd.c,90 :: 		
0x0179	0x1306      	BCF        LCD_D6_Direction, BitPos(LCD_D6_Direction+0)
;__Lib_Lcd.c,91 :: 		
0x017A	0x1386      	BCF        LCD_D7_Direction, BitPos(LCD_D7_Direction+0)
;__Lib_Lcd.c,93 :: 		
0x017B	0x1283      	BCF        STATUS, 5
0x017C	0x1186      	BCF        LCD_EN, BitPos(LCD_EN+0)
;__Lib_Lcd.c,94 :: 		
0x017D	0x1106      	BCF        LCD_RS, BitPos(LCD_RS+0)
;__Lib_Lcd.c,95 :: 		
0x017E	0x1386      	BCF        LCD_D7, BitPos(LCD_D7+0)
;__Lib_Lcd.c,96 :: 		
0x017F	0x1306      	BCF        LCD_D6, BitPos(LCD_D6+0)
;__Lib_Lcd.c,97 :: 		
0x0180	0x1286      	BCF        LCD_D5, BitPos(LCD_D5+0)
;__Lib_Lcd.c,98 :: 		
0x0181	0x1206      	BCF        LCD_D4, BitPos(LCD_D4+0)
;__Lib_Lcd.c,100 :: 		
0x0182	0x200A      	CALL       _Delay_5500us
;__Lib_Lcd.c,101 :: 		
0x0183	0x200A      	CALL       _Delay_5500us
;__Lib_Lcd.c,102 :: 		
0x0184	0x200A      	CALL       _Delay_5500us
;__Lib_Lcd.c,105 :: 		
0x0185	0x1686      	BSF        LCD_D5, BitPos(LCD_D5+0)
;__Lib_Lcd.c,106 :: 		
0x0186	0x1606      	BSF        LCD_D4, BitPos(LCD_D4+0)
;__Lib_Lcd.c,107 :: 		
0x0187	0x1586      	BSF        LCD_EN, BitPos(LCD_EN+0)
;__Lib_Lcd.c,108 :: 		
0x0188	0x2017      	CALL       _Delay_1us
;__Lib_Lcd.c,109 :: 		
0x0189	0x1186      	BCF        LCD_EN, BitPos(LCD_EN+0)
;__Lib_Lcd.c,110 :: 		
0x018A	0x200A      	CALL       _Delay_5500us
;__Lib_Lcd.c,112 :: 		
0x018B	0x1586      	BSF        LCD_EN, BitPos(LCD_EN+0)
;__Lib_Lcd.c,113 :: 		
0x018C	0x2017      	CALL       _Delay_1us
;__Lib_Lcd.c,114 :: 		
0x018D	0x1186      	BCF        LCD_EN, BitPos(LCD_EN+0)
;__Lib_Lcd.c,115 :: 		
0x018E	0x200A      	CALL       _Delay_5500us
;__Lib_Lcd.c,117 :: 		
0x018F	0x1586      	BSF        LCD_EN, BitPos(LCD_EN+0)
;__Lib_Lcd.c,118 :: 		
0x0190	0x2017      	CALL       _Delay_1us
;__Lib_Lcd.c,119 :: 		
0x0191	0x1186      	BCF        LCD_EN, BitPos(LCD_EN+0)
;__Lib_Lcd.c,120 :: 		
0x0192	0x200A      	CALL       _Delay_5500us
;__Lib_Lcd.c,123 :: 		
0x0193	0x1206      	BCF        LCD_D4, BitPos(LCD_D4+0)
;__Lib_Lcd.c,124 :: 		
0x0194	0x1586      	BSF        LCD_EN, BitPos(LCD_EN+0)
;__Lib_Lcd.c,125 :: 		
0x0195	0x2017      	CALL       _Delay_1us
;__Lib_Lcd.c,126 :: 		
0x0196	0x1186      	BCF        LCD_EN, BitPos(LCD_EN+0)
;__Lib_Lcd.c,127 :: 		
0x0197	0x200A      	CALL       _Delay_5500us
;__Lib_Lcd.c,130 :: 		
0x0198	0x1586      	BSF        LCD_EN, BitPos(LCD_EN+0)
;__Lib_Lcd.c,131 :: 		
0x0199	0x2017      	CALL       _Delay_1us
;__Lib_Lcd.c,132 :: 		
0x019A	0x1186      	BCF        LCD_EN, BitPos(LCD_EN+0)
;__Lib_Lcd.c,134 :: 		
0x019B	0x1286      	BCF        LCD_D5, BitPos(LCD_D5+0)
;__Lib_Lcd.c,135 :: 		
0x019C	0x1786      	BSF        LCD_D7, BitPos(LCD_D7+0)
;__Lib_Lcd.c,136 :: 		
0x019D	0x1586      	BSF        LCD_EN, BitPos(LCD_EN+0)
;__Lib_Lcd.c,137 :: 		
0x019E	0x2017      	CALL       _Delay_1us
;__Lib_Lcd.c,138 :: 		
0x019F	0x1186      	BCF        LCD_EN, BitPos(LCD_EN+0)
;__Lib_Lcd.c,139 :: 		
0x01A0	0x200A      	CALL       _Delay_5500us
;__Lib_Lcd.c,142 :: 		
0x01A1	0x1386      	BCF        LCD_D7, BitPos(LCD_D7+0)
;__Lib_Lcd.c,143 :: 		
0x01A2	0x1606      	BSF        LCD_D4, BitPos(LCD_D4+0)
;__Lib_Lcd.c,144 :: 		
0x01A3	0x1586      	BSF        LCD_EN, BitPos(LCD_EN+0)
;__Lib_Lcd.c,145 :: 		
0x01A4	0x2017      	CALL       _Delay_1us
;__Lib_Lcd.c,146 :: 		
0x01A5	0x1186      	BCF        LCD_EN, BitPos(LCD_EN+0)
;__Lib_Lcd.c,148 :: 		
0x01A6	0x1206      	BCF        LCD_D4, BitPos(LCD_D4+0)
;__Lib_Lcd.c,149 :: 		
0x01A7	0x1586      	BSF        LCD_EN, BitPos(LCD_EN+0)
;__Lib_Lcd.c,150 :: 		
0x01A8	0x2017      	CALL       _Delay_1us
;__Lib_Lcd.c,151 :: 		
0x01A9	0x1186      	BCF        LCD_EN, BitPos(LCD_EN+0)
;__Lib_Lcd.c,152 :: 		
0x01AA	0x200A      	CALL       _Delay_5500us
;__Lib_Lcd.c,155 :: 		
0x01AB	0x1586      	BSF        LCD_EN, BitPos(LCD_EN+0)
;__Lib_Lcd.c,156 :: 		
0x01AC	0x2017      	CALL       _Delay_1us
;__Lib_Lcd.c,157 :: 		
0x01AD	0x1186      	BCF        LCD_EN, BitPos(LCD_EN+0)
;__Lib_Lcd.c,159 :: 		
0x01AE	0x1606      	BSF        LCD_D4, BitPos(LCD_D4+0)
;__Lib_Lcd.c,160 :: 		
0x01AF	0x1586      	BSF        LCD_EN, BitPos(LCD_EN+0)
;__Lib_Lcd.c,161 :: 		
0x01B0	0x2017      	CALL       _Delay_1us
;__Lib_Lcd.c,162 :: 		
0x01B1	0x1186      	BCF        LCD_EN, BitPos(LCD_EN+0)
;__Lib_Lcd.c,163 :: 		
0x01B2	0x200A      	CALL       _Delay_5500us
;__Lib_Lcd.c,166 :: 		
0x01B3	0x1206      	BCF        LCD_D4, BitPos(LCD_D4+0)
;__Lib_Lcd.c,167 :: 		
0x01B4	0x1586      	BSF        LCD_EN, BitPos(LCD_EN+0)
;__Lib_Lcd.c,168 :: 		
0x01B5	0x2017      	CALL       _Delay_1us
;__Lib_Lcd.c,169 :: 		
0x01B6	0x1186      	BCF        LCD_EN, BitPos(LCD_EN+0)
;__Lib_Lcd.c,171 :: 		
0x01B7	0x1786      	BSF        LCD_D7, BitPos(LCD_D7+0)
;__Lib_Lcd.c,172 :: 		
0x01B8	0x1706      	BSF        LCD_D6, BitPos(LCD_D6+0)
;__Lib_Lcd.c,173 :: 		
0x01B9	0x1686      	BSF        LCD_D5, BitPos(LCD_D5+0)
;__Lib_Lcd.c,174 :: 		
0x01BA	0x1606      	BSF        LCD_D4, BitPos(LCD_D4+0)
;__Lib_Lcd.c,175 :: 		
0x01BB	0x1586      	BSF        LCD_EN, BitPos(LCD_EN+0)
;__Lib_Lcd.c,176 :: 		
0x01BC	0x2017      	CALL       _Delay_1us
;__Lib_Lcd.c,177 :: 		
0x01BD	0x1186      	BCF        LCD_EN, BitPos(LCD_EN+0)
;__Lib_Lcd.c,179 :: 		
0x01BE	0x200A      	CALL       _Delay_5500us
;__Lib_Lcd.c,181 :: 		
0x01BF	0x146F      	BSF        __Lib_Lcd_cmd_status, BitPos(__Lib_Lcd_cmd_status+0)
;__Lib_Lcd.c,182 :: 		
L_end_Lcd_Init:
0x01C0	0x0008      	RETURN
; end of _Lcd_Init
___CC2DW:
;__Lib_System.c,134 :: 		
;__Lib_System.c,137 :: 		
_CC2D_Loop1:
;__Lib_System.c,139 :: 		
0x01C1	0x20D0      	CALL       _____DoICP
0x01C2	0x118A      	BCF        PCLATH, 3
0x01C3	0x120A      	BCF        PCLATH, 4
;__Lib_System.c,141 :: 		
0x01C4	0x0080      	MOVWF      INDF
;__Lib_System.c,142 :: 		
0x01C5	0x0A84      	INCF       FSR, 1
;__Lib_System.c,143 :: 		
0x01C6	0x0AE6      	INCF       ___DoICPAddr, 1
;__Lib_System.c,145 :: 		
0x01C7	0x1903      	BTFSC      STATUS, 2
;__Lib_System.c,146 :: 		
0x01C8	0x0AE7      	INCF       ___DoICPAddr+1, 1
;__Lib_System.c,147 :: 		
0x01C9	0x1283      	BCF        STATUS, 5
0x01CA	0x03F0      	DECF       R0, 1
;__Lib_System.c,149 :: 		
0x01CB	0x1D03      	BTFSS      STATUS, 2
;__Lib_System.c,150 :: 		
0x01CC	0x29C1      	GOTO       _CC2D_Loop1
;__Lib_System.c,152 :: 		
L_end___CC2DW:
0x01CD	0x0008      	RETURN
; end of ___CC2DW
_UART1_Init:
;__Lib_UART_c67.c,2 :: 		
;__Lib_UART_c67.c,5 :: 		
0x01CE	0x1683      	BSF        STATUS, 5
0x01CF	0x1303      	BCF        STATUS, 6
0x01D0	0x1698      	BSF        TXSTA, 5
;__Lib_UART_c67.c,6 :: 		
0x01D1	0x3090      	MOVLW      144
0x01D2	0x1283      	BCF        STATUS, 5
0x01D3	0x0098      	MOVWF      RCSTA
;__Lib_UART_c67.c,7 :: 		
0x01D4	0x1683      	BSF        STATUS, 5
0x01D5	0x1787      	BSF        TRISC7_bit, BitPos(TRISC7_bit+0)
;__Lib_UART_c67.c,8 :: 		
0x01D6	0x1307      	BCF        TRISC6_bit, BitPos(TRISC6_bit+0)
;__Lib_UART_c67.c,10 :: 		
L_UART1_Init0:
0x01D7	0x1283      	BCF        STATUS, 5
0x01D8	0x1E8C      	BTFSS      PIR1, 5
0x01D9	0x29DD      	GOTO       L_UART1_Init1
;__Lib_UART_c67.c,11 :: 		
0x01DA	0x081A      	MOVF       RCREG, 0
0x01DB	0x00F0      	MOVWF      R0
0x01DC	0x29D7      	GOTO       L_UART1_Init0
L_UART1_Init1:
;__Lib_UART_c67.c,12 :: 		
L_end_UART1_Init:
0x01DD	0x0008      	RETURN
; end of _UART1_Init
_main:
0x01DE	0x230E      	CALL       782
;watertank.c,37 :: 		void main() {
;watertank.c,38 :: 		lcd_init();
0x01DF	0x2173      	CALL       _Lcd_Init
;watertank.c,39 :: 		lcd_cmd(_lcd_clear);
0x01E0	0x3001      	MOVLW      1
0x01E1	0x1683      	BSF        STATUS, 5
0x01E2	0x00F2      	MOVWF      FARG_Lcd_Cmd_out_char
0x01E3	0x201D      	CALL       _Lcd_Cmd
;watertank.c,40 :: 		lcd_cmd(_lcd_cursor_off);
0x01E4	0x300C      	MOVLW      12
0x01E5	0x1683      	BSF        STATUS, 5
0x01E6	0x00F2      	MOVWF      FARG_Lcd_Cmd_out_char
0x01E7	0x201D      	CALL       _Lcd_Cmd
;watertank.c,41 :: 		trisc = 0x8E; portc = 0;
0x01E8	0x308E      	MOVLW      142
0x01E9	0x1683      	BSF        STATUS, 5
0x01EA	0x0087      	MOVWF      TRISC
0x01EB	0x1283      	BCF        STATUS, 5
0x01EC	0x0187      	CLRF       PORTC
;watertank.c,42 :: 		uart1_init(9600);
0x01ED	0x3081      	MOVLW      129
0x01EE	0x1683      	BSF        STATUS, 5
0x01EF	0x0099      	MOVWF      SPBRG
0x01F0	0x1518      	BSF        TXSTA, 2
0x01F1	0x21CE      	CALL       _UART1_Init
;watertank.c,43 :: 		delay_ms(10000);
0x01F2	0x30FE      	MOVLW      254
0x01F3	0x00FB      	MOVWF      R11
0x01F4	0x30A7      	MOVLW      167
0x01F5	0x00FC      	MOVWF      R12
0x01F6	0x3065      	MOVLW      101
0x01F7	0x00FD      	MOVWF      R13
L_main4:
0x01F8	0x0BFD      	DECFSZ     R13, 1
0x01F9	0x29F8      	GOTO       L_main4
0x01FA	0x0BFC      	DECFSZ     R12, 1
0x01FB	0x29F8      	GOTO       L_main4
0x01FC	0x0BFB      	DECFSZ     R11, 1
0x01FD	0x29F8      	GOTO       L_main4
0x01FE	0x0000      	NOP
0x01FF	0x0000      	NOP
;watertank.c,44 :: 		title();
0x0200	0x20F8      	CALL       _title
;watertank.c,46 :: 		while(1){
L_main5:
;watertank.c,47 :: 		if(!level1){
0x0201	0x1887      	BTFSC      PORTC, 1
0x0202	0x2A49      	GOTO       L_main7
;watertank.c,48 :: 		show_sending();
0x0203	0x2169      	CALL       _show_sending
;watertank.c,49 :: 		send_sms(number, "Water Level too LOW.");
0x0204	0x30A0      	MOVLW      _number
0x0205	0x1683      	BSF        STATUS, 5
0x0206	0x00E8      	MOVWF      FARG_send_sms_num
0x0207	0x30BD      	MOVLW      ?lstr6_watertank
0x0208	0x00E9      	MOVWF      FARG_send_sms_text
0x0209	0x2111      	CALL       _send_sms
;watertank.c,50 :: 		while(!level1){
L_main8:
0x020A	0x1887      	BTFSC      PORTC, 1
0x020B	0x2A49      	GOTO       L_main9
;watertank.c,51 :: 		show_level();
0x020C	0x2102      	CALL       _show_level
;watertank.c,52 :: 		lcd_out(2,8,"01");
0x020D	0x3002      	MOVLW      2
0x020E	0x1683      	BSF        STATUS, 5
0x020F	0x00ED      	MOVWF      FARG_Lcd_Out_row
0x0210	0x3008      	MOVLW      8
0x0211	0x00EE      	MOVWF      FARG_Lcd_Out_column
0x0212	0x306C      	MOVLW      ?lstr7_watertank
0x0213	0x00EF      	MOVWF      FARG_Lcd_Out_text
0x0214	0x207D      	CALL       _Lcd_Out
;watertank.c,53 :: 		if(level1)break;
0x0215	0x1C87      	BTFSS      PORTC, 1
0x0216	0x2A18      	GOTO       L_main10
0x0217	0x2A49      	GOTO       L_main9
L_main10:
;watertank.c,54 :: 		if(!level2){
0x0218	0x1907      	BTFSC      PORTC, 2
0x0219	0x2A48      	GOTO       L_main11
;watertank.c,55 :: 		show_sending();
0x021A	0x2169      	CALL       _show_sending
;watertank.c,56 :: 		send_sms(number, "Water Level Middle.");
0x021B	0x30A0      	MOVLW      _number
0x021C	0x1683      	BSF        STATUS, 5
0x021D	0x00E8      	MOVWF      FARG_send_sms_num
0x021E	0x30D2      	MOVLW      ?lstr8_watertank
0x021F	0x00E9      	MOVWF      FARG_send_sms_text
0x0220	0x2111      	CALL       _send_sms
;watertank.c,57 :: 		while(!level2){
L_main12:
0x0221	0x1907      	BTFSC      PORTC, 2
0x0222	0x2A48      	GOTO       L_main13
;watertank.c,58 :: 		show_level();
0x0223	0x2102      	CALL       _show_level
;watertank.c,59 :: 		lcd_out(2,8,"02");
0x0224	0x3002      	MOVLW      2
0x0225	0x1683      	BSF        STATUS, 5
0x0226	0x00ED      	MOVWF      FARG_Lcd_Out_row
0x0227	0x3008      	MOVLW      8
0x0228	0x00EE      	MOVWF      FARG_Lcd_Out_column
0x0229	0x3069      	MOVLW      ?lstr9_watertank
0x022A	0x00EF      	MOVWF      FARG_Lcd_Out_text
0x022B	0x207D      	CALL       _Lcd_Out
;watertank.c,60 :: 		if(level2)break;
0x022C	0x1D07      	BTFSS      PORTC, 2
0x022D	0x2A2F      	GOTO       L_main14
0x022E	0x2A48      	GOTO       L_main13
L_main14:
;watertank.c,61 :: 		if(!level3){
0x022F	0x1987      	BTFSC      PORTC, 3
0x0230	0x2A47      	GOTO       L_main15
;watertank.c,62 :: 		show_sending();
0x0231	0x2169      	CALL       _show_sending
;watertank.c,63 :: 		send_sms(number, "Water Level High.");
0x0232	0x30A0      	MOVLW      _number
0x0233	0x1683      	BSF        STATUS, 5
0x0234	0x00E8      	MOVWF      FARG_send_sms_num
0x0235	0x3045      	MOVLW      ?lstr10_watertank
0x0236	0x00E9      	MOVWF      FARG_send_sms_text
0x0237	0x2111      	CALL       _send_sms
;watertank.c,64 :: 		while(!level3){
L_main16:
0x0238	0x1987      	BTFSC      PORTC, 3
0x0239	0x2A47      	GOTO       L_main17
;watertank.c,65 :: 		show_level();
0x023A	0x2102      	CALL       _show_level
;watertank.c,66 :: 		lcd_out(2,8,"03");
0x023B	0x3002      	MOVLW      2
0x023C	0x1683      	BSF        STATUS, 5
0x023D	0x00ED      	MOVWF      FARG_Lcd_Out_row
0x023E	0x3008      	MOVLW      8
0x023F	0x00EE      	MOVWF      FARG_Lcd_Out_column
0x0240	0x3042      	MOVLW      ?lstr11_watertank
0x0241	0x00EF      	MOVWF      FARG_Lcd_Out_text
0x0242	0x207D      	CALL       _Lcd_Out
;watertank.c,67 :: 		if(level3)break;
0x0243	0x1D87      	BTFSS      PORTC, 3
0x0244	0x2A46      	GOTO       L_main18
0x0245	0x2A47      	GOTO       L_main17
L_main18:
;watertank.c,68 :: 		}
0x0246	0x2A38      	GOTO       L_main16
L_main17:
;watertank.c,69 :: 		}
L_main15:
;watertank.c,70 :: 		}
0x0247	0x2A21      	GOTO       L_main12
L_main13:
;watertank.c,71 :: 		}
L_main11:
;watertank.c,72 :: 		}
0x0248	0x2A0A      	GOTO       L_main8
L_main9:
;watertank.c,73 :: 		}
L_main7:
;watertank.c,74 :: 		title();
0x0249	0x20F8      	CALL       _title
;watertank.c,75 :: 		if(!level1 & !level2 & !level3)lcd_out(2,1,"None     ");
0x024A	0x1887      	BTFSC      PORTC, 1
0x024B	0x2A4E      	GOTO       L__main26
0x024C	0x1470      	BSF        R0, 0
0x024D	0x2A4F      	GOTO       L__main27
L__main26:
0x024E	0x1070      	BCF        R0, 0
L__main27:
0x024F	0x1907      	BTFSC      PORTC, 2
0x0250	0x2A53      	GOTO       L__main28
0x0251	0x1403      	BSF        STATUS, 0
0x0252	0x2A54      	GOTO       L__main29
L__main28:
0x0253	0x1003      	BCF        STATUS, 0
L__main29:
0x0254	0x1C70      	BTFSS      R0, 0
0x0255	0x2A5A      	GOTO       L__main30
0x0256	0x1C03      	BTFSS      STATUS, 0
0x0257	0x2A5A      	GOTO       L__main30
0x0258	0x1470      	BSF        R0, 0
0x0259	0x2A5B      	GOTO       L__main31
L__main30:
0x025A	0x1070      	BCF        R0, 0
L__main31:
0x025B	0x1987      	BTFSC      PORTC, 3
0x025C	0x2A5F      	GOTO       L__main32
0x025D	0x1403      	BSF        STATUS, 0
0x025E	0x2A60      	GOTO       L__main33
L__main32:
0x025F	0x1003      	BCF        STATUS, 0
L__main33:
0x0260	0x1C70      	BTFSS      R0, 0
0x0261	0x2A66      	GOTO       L__main34
0x0262	0x1C03      	BTFSS      STATUS, 0
0x0263	0x2A66      	GOTO       L__main34
0x0264	0x1470      	BSF        R0, 0
0x0265	0x2A67      	GOTO       L__main35
L__main34:
0x0266	0x1070      	BCF        R0, 0
L__main35:
0x0267	0x1C70      	BTFSS      R0, 0
0x0268	0x2A71      	GOTO       L_main19
0x0269	0x3002      	MOVLW      2
0x026A	0x1683      	BSF        STATUS, 5
0x026B	0x00ED      	MOVWF      FARG_Lcd_Out_row
0x026C	0x3001      	MOVLW      1
0x026D	0x00EE      	MOVWF      FARG_Lcd_Out_column
0x026E	0x3057      	MOVLW      ?lstr12_watertank
0x026F	0x00EF      	MOVWF      FARG_Lcd_Out_text
0x0270	0x207D      	CALL       _Lcd_Out
L_main19:
;watertank.c,76 :: 		}
0x0271	0x2A01      	GOTO       L_main5
;watertank.c,77 :: 		}
L_end_main:
0x0272	0x2A72      	GOTO       $+0
; end of _main
0x030E	0x3020      	MOVLW      32
0x030F	0x0084      	MOVWF      FSR
0x0310	0x304C      	MOVLW      76
0x0311	0x1283      	BCF        STATUS, 5
0x0312	0x1303      	BCF        STATUS, 6
0x0313	0x00F0      	MOVWF      R0
0x0314	0x3078      	MOVLW      120
0x0315	0x1683      	BSF        STATUS, 5
0x0316	0x00E6      	MOVWF      ___DoICPAddr
0x0317	0x3002      	MOVLW      2
0x0318	0x00E7      	MOVWF      231
0x0319	0x21C1      	CALL       449
0x031A	0x30A0      	MOVLW      160
0x031B	0x0084      	MOVWF      FSR
0x031C	0x3046      	MOVLW      70
0x031D	0x1283      	BCF        STATUS, 5
0x031E	0x00F0      	MOVWF      R0
0x031F	0x30C4      	MOVLW      196
0x0320	0x1683      	BSF        STATUS, 5
0x0321	0x00E6      	MOVWF      ___DoICPAddr
0x0322	0x3002      	MOVLW      2
0x0323	0x00E7      	MOVWF      231
0x0324	0x21C1      	CALL       449
0x0325	0x306C      	MOVLW      108
0x0326	0x0084      	MOVWF      FSR
0x0327	0x3003      	MOVLW      3
0x0328	0x1283      	BCF        STATUS, 5
0x0329	0x00F0      	MOVWF      R0
0x032A	0x300A      	MOVLW      10
0x032B	0x1683      	BSF        STATUS, 5
0x032C	0x00E6      	MOVWF      ___DoICPAddr
0x032D	0x3003      	MOVLW      3
0x032E	0x00E7      	MOVWF      231
0x032F	0x21C1      	CALL       449
0x0330	0x0008      	RETURN
;watertank.c,0 :: ?ICS?lstr1_watertank
0x0278	0x3441 ;?ICS?lstr1_watertank+0
0x0279	0x3454 ;?ICS?lstr1_watertank+1
0x027A	0x342B ;?ICS?lstr1_watertank+2
0x027B	0x3443 ;?ICS?lstr1_watertank+3
0x027C	0x344D ;?ICS?lstr1_watertank+4
0x027D	0x3447 ;?ICS?lstr1_watertank+5
0x027E	0x3446 ;?ICS?lstr1_watertank+6
0x027F	0x343D ;?ICS?lstr1_watertank+7
0x0280	0x3431 ;?ICS?lstr1_watertank+8
0x0281	0x3400 ;?ICS?lstr1_watertank+9
; end of ?ICS?lstr1_watertank
;watertank.c,0 :: ?ICS?lstr4_watertank
0x0282	0x3453 ;?ICS?lstr4_watertank+0
0x0283	0x344D ;?ICS?lstr4_watertank+1
0x0284	0x3453 ;?ICS?lstr4_watertank+2
0x0285	0x3420 ;?ICS?lstr4_watertank+3
0x0286	0x3453 ;?ICS?lstr4_watertank+4
0x0287	0x3465 ;?ICS?lstr4_watertank+5
0x0288	0x346E ;?ICS?lstr4_watertank+6
0x0289	0x3464 ;?ICS?lstr4_watertank+7
0x028A	0x3469 ;?ICS?lstr4_watertank+8
0x028B	0x346E ;?ICS?lstr4_watertank+9
0x028C	0x3467 ;?ICS?lstr4_watertank+10
0x028D	0x342E ;?ICS?lstr4_watertank+11
0x028E	0x342E ;?ICS?lstr4_watertank+12
0x028F	0x3400 ;?ICS?lstr4_watertank+13
; end of ?ICS?lstr4_watertank
;watertank.c,0 :: ?ICS?lstr2_watertank
0x0290	0x3441 ;?ICS?lstr2_watertank+0
0x0291	0x3454 ;?ICS?lstr2_watertank+1
0x0292	0x342B ;?ICS?lstr2_watertank+2
0x0293	0x3443 ;?ICS?lstr2_watertank+3
0x0294	0x344D ;?ICS?lstr2_watertank+4
0x0295	0x3447 ;?ICS?lstr2_watertank+5
0x0296	0x3453 ;?ICS?lstr2_watertank+6
0x0297	0x343D ;?ICS?lstr2_watertank+7
0x0298	0x3420 ;?ICS?lstr2_watertank+8
0x0299	0x3400 ;?ICS?lstr2_watertank+9
; end of ?ICS?lstr2_watertank
;watertank.c,0 :: ?ICS?lstr11_watertank
0x029A	0x3430 ;?ICS?lstr11_watertank+0
0x029B	0x3433 ;?ICS?lstr11_watertank+1
0x029C	0x3400 ;?ICS?lstr11_watertank+2
; end of ?ICS?lstr11_watertank
;watertank.c,0 :: ?ICS?lstr10_watertank
0x029D	0x3457 ;?ICS?lstr10_watertank+0
0x029E	0x3461 ;?ICS?lstr10_watertank+1
0x029F	0x3474 ;?ICS?lstr10_watertank+2
0x02A0	0x3465 ;?ICS?lstr10_watertank+3
0x02A1	0x3472 ;?ICS?lstr10_watertank+4
0x02A2	0x3420 ;?ICS?lstr10_watertank+5
0x02A3	0x344C ;?ICS?lstr10_watertank+6
0x02A4	0x3465 ;?ICS?lstr10_watertank+7
0x02A5	0x3476 ;?ICS?lstr10_watertank+8
0x02A6	0x3465 ;?ICS?lstr10_watertank+9
0x02A7	0x346C ;?ICS?lstr10_watertank+10
0x02A8	0x3420 ;?ICS?lstr10_watertank+11
0x02A9	0x3448 ;?ICS?lstr10_watertank+12
0x02AA	0x3469 ;?ICS?lstr10_watertank+13
0x02AB	0x3467 ;?ICS?lstr10_watertank+14
0x02AC	0x3468 ;?ICS?lstr10_watertank+15
0x02AD	0x342E ;?ICS?lstr10_watertank+16
0x02AE	0x3400 ;?ICS?lstr10_watertank+17
; end of ?ICS?lstr10_watertank
;watertank.c,0 :: ?ICS?lstr12_watertank
0x02AF	0x344E ;?ICS?lstr12_watertank+0
0x02B0	0x346F ;?ICS?lstr12_watertank+1
0x02B1	0x346E ;?ICS?lstr12_watertank+2
0x02B2	0x3465 ;?ICS?lstr12_watertank+3
0x02B3	0x3420 ;?ICS?lstr12_watertank+4
0x02B4	0x3420 ;?ICS?lstr12_watertank+5
0x02B5	0x3420 ;?ICS?lstr12_watertank+6
0x02B6	0x3420 ;?ICS?lstr12_watertank+7
0x02B7	0x3420 ;?ICS?lstr12_watertank+8
0x02B8	0x3400 ;?ICS?lstr12_watertank+9
; end of ?ICS?lstr12_watertank
;watertank.c,0 :: ?ICS?lstr5_watertank
0x02B9	0x344C ;?ICS?lstr5_watertank+0
0x02BA	0x3465 ;?ICS?lstr5_watertank+1
0x02BB	0x3476 ;?ICS?lstr5_watertank+2
0x02BC	0x3465 ;?ICS?lstr5_watertank+3
0x02BD	0x346C ;?ICS?lstr5_watertank+4
0x02BE	0x343A ;?ICS?lstr5_watertank+5
0x02BF	0x3420 ;?ICS?lstr5_watertank+6
0x02C0	0x3400 ;?ICS?lstr5_watertank+7
; end of ?ICS?lstr5_watertank
;watertank.c,0 :: ?ICS?lstr9_watertank
0x02C1	0x3430 ;?ICS?lstr9_watertank+0
0x02C2	0x3432 ;?ICS?lstr9_watertank+1
0x02C3	0x3400 ;?ICS?lstr9_watertank+2
; end of ?ICS?lstr9_watertank
;watertank.c,0 :: ?ICS_number
0x02C4	0x3430 ;?ICS_number+0
0x02C5	0x3431 ;?ICS_number+1
0x02C6	0x3437 ;?ICS_number+2
0x02C7	0x3432 ;?ICS_number+3
0x02C8	0x3430 ;?ICS_number+4
0x02C9	0x3430 ;?ICS_number+5
0x02CA	0x3435 ;?ICS_number+6
0x02CB	0x3434 ;?ICS_number+7
0x02CC	0x3435 ;?ICS_number+8
0x02CD	0x3438 ;?ICS_number+9
0x02CE	0x3434 ;?ICS_number+10
0x02CF	0x3400 ;?ICS_number+11
; end of ?ICS_number
;watertank.c,0 :: ?ICS?lstr3_watertank
0x02D0	0x3457 ;?ICS?lstr3_watertank+0
0x02D1	0x3461 ;?ICS?lstr3_watertank+1
0x02D2	0x3474 ;?ICS?lstr3_watertank+2
0x02D3	0x3465 ;?ICS?lstr3_watertank+3
0x02D4	0x3472 ;?ICS?lstr3_watertank+4
0x02D5	0x3420 ;?ICS?lstr3_watertank+5
0x02D6	0x3472 ;?ICS?lstr3_watertank+6
0x02D7	0x3465 ;?ICS?lstr3_watertank+7
0x02D8	0x3470 ;?ICS?lstr3_watertank+8
0x02D9	0x346F ;?ICS?lstr3_watertank+9
0x02DA	0x3472 ;?ICS?lstr3_watertank+10
0x02DB	0x3474 ;?ICS?lstr3_watertank+11
0x02DC	0x3420 ;?ICS?lstr3_watertank+12
0x02DD	0x3453 ;?ICS?lstr3_watertank+13
0x02DE	0x3459 ;?ICS?lstr3_watertank+14
0x02DF	0x3453 ;?ICS?lstr3_watertank+15
0x02E0	0x3400 ;?ICS?lstr3_watertank+16
; end of ?ICS?lstr3_watertank
;watertank.c,0 :: ?ICS?lstr6_watertank
0x02E1	0x3457 ;?ICS?lstr6_watertank+0
0x02E2	0x3461 ;?ICS?lstr6_watertank+1
0x02E3	0x3474 ;?ICS?lstr6_watertank+2
0x02E4	0x3465 ;?ICS?lstr6_watertank+3
0x02E5	0x3472 ;?ICS?lstr6_watertank+4
0x02E6	0x3420 ;?ICS?lstr6_watertank+5
0x02E7	0x344C ;?ICS?lstr6_watertank+6
0x02E8	0x3465 ;?ICS?lstr6_watertank+7
0x02E9	0x3476 ;?ICS?lstr6_watertank+8
0x02EA	0x3465 ;?ICS?lstr6_watertank+9
0x02EB	0x346C ;?ICS?lstr6_watertank+10
0x02EC	0x3420 ;?ICS?lstr6_watertank+11
0x02ED	0x3474 ;?ICS?lstr6_watertank+12
0x02EE	0x346F ;?ICS?lstr6_watertank+13
0x02EF	0x346F ;?ICS?lstr6_watertank+14
0x02F0	0x3420 ;?ICS?lstr6_watertank+15
0x02F1	0x344C ;?ICS?lstr6_watertank+16
0x02F2	0x344F ;?ICS?lstr6_watertank+17
0x02F3	0x3457 ;?ICS?lstr6_watertank+18
0x02F4	0x342E ;?ICS?lstr6_watertank+19
0x02F5	0x3400 ;?ICS?lstr6_watertank+20
; end of ?ICS?lstr6_watertank
;watertank.c,0 :: ?ICS?lstr8_watertank
0x02F6	0x3457 ;?ICS?lstr8_watertank+0
0x02F7	0x3461 ;?ICS?lstr8_watertank+1
0x02F8	0x3474 ;?ICS?lstr8_watertank+2
0x02F9	0x3465 ;?ICS?lstr8_watertank+3
0x02FA	0x3472 ;?ICS?lstr8_watertank+4
0x02FB	0x3420 ;?ICS?lstr8_watertank+5
0x02FC	0x344C ;?ICS?lstr8_watertank+6
0x02FD	0x3465 ;?ICS?lstr8_watertank+7
0x02FE	0x3476 ;?ICS?lstr8_watertank+8
0x02FF	0x3465 ;?ICS?lstr8_watertank+9
0x0300	0x346C ;?ICS?lstr8_watertank+10
0x0301	0x3420 ;?ICS?lstr8_watertank+11
0x0302	0x344D ;?ICS?lstr8_watertank+12
0x0303	0x3469 ;?ICS?lstr8_watertank+13
0x0304	0x3464 ;?ICS?lstr8_watertank+14
0x0305	0x3464 ;?ICS?lstr8_watertank+15
0x0306	0x346C ;?ICS?lstr8_watertank+16
0x0307	0x3465 ;?ICS?lstr8_watertank+17
0x0308	0x342E ;?ICS?lstr8_watertank+18
0x0309	0x3400 ;?ICS?lstr8_watertank+19
; end of ?ICS?lstr8_watertank
;watertank.c,0 :: ?ICS?lstr7_watertank
0x030A	0x3430 ;?ICS?lstr7_watertank+0
0x030B	0x3431 ;?ICS?lstr7_watertank+1
0x030C	0x3400 ;?ICS?lstr7_watertank+2
; end of ?ICS?lstr7_watertank
Symbol List:
//** Routines locations **
//ADDRESS    SIZE    PROCEDURE
//----------------------------------------------
0x0003       [7]    _Delay_50us
0x000A      [13]    _Delay_5500us
0x0017       [6]    _Delay_1us
0x001D      [87]    _Lcd_Cmd
0x0074       [9]    _Lcd_Chr_CP
0x007D      [73]    _Lcd_Out
0x00C6      [10]    _UART1_Write
0x00D0       [7]    _____DoICP
0x00D7      [23]    _UART1_Write_Text
0x00EE      [10]    _nl_cr
0x00F8      [10]    _title
0x0102      [15]    _show_level
0x0111      [88]    _send_sms
0x0169      [10]    _show_sending
0x0173      [78]    _Lcd_Init
0x01C1      [13]    ___CC2DW
0x01CE      [16]    _UART1_Init
0x01DE     [148]    _main
//** Variables locations ** 
//ADDRESS    SIZE    VARIABLE
//----------------------------------------------
0x0000       [1]    INDF
0x0002       [1]    PCL
0x0003       [1]    STATUS
0x0004       [1]    FSR
0x0006       [0]    RB6_bit
0x0006       [0]    RB7_bit
0x0006       [0]    LCD_D7
0x0006       [0]    LCD_RS
0x0006       [0]    LCD_EN
0x0006       [0]    LCD_D4
0x0006       [0]    RB2_bit
0x0006       [0]    LCD_D5
0x0006       [0]    RB4_bit
0x0006       [0]    LCD_D6
0x0006       [0]    RB3_bit
0x0006       [0]    RB5_bit
0x0007       [1]    PORTC
0x000A       [1]    PCLATH
0x000C       [1]    PIR1
0x0018       [1]    RCSTA
0x0019       [1]    TXREG
0x001A       [1]    RCREG
0x0020      [10]    ?lstr1_watertank
0x002A      [14]    ?lstr4_watertank
0x0038      [10]    ?lstr2_watertank
0x0042       [3]    ?lstr11_watertank
0x0045      [18]    ?lstr10_watertank
0x0057      [10]    ?lstr12_watertank
0x0061       [8]    ?lstr5_watertank
0x0069       [3]    ?lstr9_watertank
0x006C       [3]    ?lstr7_watertank
0x006F       [0]    __Lib_Lcd_cmd_status
0x0070       [1]    R0
0x0071       [1]    R1
0x0072       [1]    R2
0x0073       [1]    R3
0x0074       [1]    R4
0x0075       [1]    R5
0x0076       [1]    R6
0x0077       [1]    R7
0x0078       [1]    R8
0x0079       [1]    R9
0x007A       [1]    R10
0x007B       [1]    R11
0x007C       [1]    R12
0x007D       [1]    R13
0x007E       [1]    R14
0x007F       [1]    R15
0x0086       [0]    TRISB2_bit
0x0086       [0]    TRISB3_bit
0x0086       [0]    LCD_D4_Direction
0x0086       [0]    LCD_D5_Direction
0x0086       [0]    LCD_RS_Direction
0x0086       [0]    TRISB7_bit
0x0086       [0]    LCD_D7_Direction
0x0086       [0]    LCD_EN_Direction
0x0086       [0]    TRISB6_bit
0x0086       [0]    TRISB4_bit
0x0086       [0]    LCD_D6_Direction
0x0086       [0]    TRISB5_bit
0x0087       [0]    TRISC7_bit
0x0087       [0]    TRISC6_bit
0x0087       [1]    TRISC
0x0098       [1]    TXSTA
0x0099       [1]    SPBRG
0x00A0      [12]    _number
0x00AC      [17]    ?lstr3_watertank
0x00BD      [21]    ?lstr6_watertank
0x00D2      [20]    ?lstr8_watertank
0x00E6       [2]    ___DoICPAddr
0x00E8       [1]    FARG_send_sms_num
0x00E9       [1]    FARG_send_sms_text
0x00EA       [1]    FARG_UART1_Write_Text_uart_text
0x00EB       [1]    UART1_Write_Text_data__L0
0x00EC       [1]    UART1_Write_Text_counter_L0
0x00ED       [1]    FARG_UART1_Write_data_
0x00ED       [1]    FARG_Lcd_Out_row
0x00EE       [1]    FARG_Lcd_Out_column
0x00EF       [1]    FARG_Lcd_Out_text
0x00F0       [1]    Lcd_Out_i_L0
0x00F1       [1]    FARG_Lcd_Chr_CP_out_char
0x00F2       [1]    FARG_Lcd_Cmd_out_char
//** Constants locations ** 
//ADDRESS    SIZE    CONSTANT
//----------------------------------------------
0x0278      [10]    ?ICS?lstr1_watertank
0x0282      [14]    ?ICS?lstr4_watertank
0x0290      [10]    ?ICS?lstr2_watertank
0x029A       [3]    ?ICS?lstr11_watertank
0x029D      [18]    ?ICS?lstr10_watertank
0x02AF      [10]    ?ICS?lstr12_watertank
0x02B9       [8]    ?ICS?lstr5_watertank
0x02C1       [3]    ?ICS?lstr9_watertank
0x02C4      [12]    ?ICS_number
0x02D0      [17]    ?ICS?lstr3_watertank
0x02E1      [21]    ?ICS?lstr6_watertank
0x02F6      [20]    ?ICS?lstr8_watertank
0x030A       [3]    ?ICS?lstr7_watertank
//** Label List: ** 
//----------------------------------------------
  L_send_sms0
  L_send_sms1
  L_send_sms2
  L_send_sms3
  L_main4
  L_main5
  L_main6
  L_main7
  L_main8
  L_main9
  L_main10
  L_main11
  L_main12
  L_main13
  L_main14
  L_main15
  L_main16
  L_main17
  L_main18
  L_main19
  L_end_nl_cr
  _nl_cr
  L_end_send_sms
  _send_sms
  L_end_title
  _title
  L_end_show_sending
  _show_sending
  L_end_show_level
  _show_level
  L_end_main
  _main
  L__main26
  L__main27
  L__main28
  L__main29
  L__main30
  L__main31
  L__main32
  L__main33
  L__main34
  L__main35
  L_Delay_10us0
  L_Delay_22us1
  L_Delay_50us2
  L_Delay_80us3
  L_Delay_500us4
  L_Delay_5500us5
  L_Delay_1ms6
  L_Delay_5ms7
  L_Delay_8ms8
  L_Delay_10ms9
  L_Delay_100ms10
  L_Delay_1sec11
  L_boot16_Delay_5ms12
  L_Delay_Cyc13
  L_Delay_Cyc14
  L_VDelay_ms15
  L_VDelay_ms16
  L_VDelay_ms17
  L_VDelay_Advanced_ms18
  L_VDelay_Advanced_ms19
  L_VDelay_Advanced_ms20
  L_end_Get_Fosc_kHz
  _Get_Fosc_kHz
  L_end_Delay_1us
  _Delay_1us
  L_end_Delay_10us
  _Delay_10us
  L_end_Delay_22us
  _Delay_22us
  L_end_Delay_50us
  _Delay_50us
  L_end_Delay_80us
  _Delay_80us
  L_end_Delay_500us
  _Delay_500us
  L_end_Delay_5500us
  _Delay_5500us
  L_end_Delay_1ms
  _Delay_1ms
  L_end_Delay_5ms
  _Delay_5ms
  L_end_Delay_8ms
  _Delay_8ms
  L_end_Delay_10ms
  _Delay_10ms
  L_end_Delay_100ms
  _Delay_100ms
  L_end_Delay_1sec
  _Delay_1sec
  L_end_boot16_Delay_5ms
  _boot16_Delay_5ms
  L_end_Delay_Cyc
  _Delay_Cyc
  L_end_VDelay_ms
  _VDelay_ms
  L__VDelay_ms38
  L__VDelay_ms39
  L__VDelay_ms40
  L_end_VDelay_Advanced_ms
  _VDelay_Advanced_ms
  L__VDelay_Advanced_ms42
  L__VDelay_Advanced_ms43
  L__VDelay_Advanced_ms44
  L_Lcd_Cmd0
  L_Lcd_Cmd1
  L_Lcd_Out_CP2
  L_Lcd_Out_CP3
  L_Lcd_Chr4
  L_Lcd_Chr5
  L_Lcd_Chr6
  L_Lcd_Chr7
  L_Lcd_Chr8
  L_Lcd_Chr9
  L_Lcd_Chr10
  L_Lcd_Out11
  L_Lcd_Out12
  L_Lcd_Out13
  L_Lcd_Out14
  L_Lcd_Out15
  L_Lcd_Out16
  L_Lcd_Out17
  L_Lcd_Out18
  L_Lcd_Out19
  L_end_Lcd_Cmd
  _Lcd_Cmd
  L__Lcd_Cmd21
  L__Lcd_Cmd22
  L__Lcd_Cmd23
  L__Lcd_Cmd24
  L__Lcd_Cmd25
  L__Lcd_Cmd26
  L__Lcd_Cmd27
  L__Lcd_Cmd28
  L__Lcd_Cmd29
  L__Lcd_Cmd30
  L__Lcd_Cmd31
  L__Lcd_Cmd32
  L__Lcd_Cmd33
  L__Lcd_Cmd34
  L__Lcd_Cmd35
  L__Lcd_Cmd36
  L__Lcd_Cmd37
  L__Lcd_Cmd38
  L__Lcd_Cmd39
  L__Lcd_Cmd40
  L_end_Lcd_Chr_CP
  _Lcd_Chr_CP
  L_end_Lcd_Out_CP
  _Lcd_Out_CP
  L_end_Lcd_Chr
  _Lcd_Chr
  L_end_Lcd_Init
  _Lcd_Init
  L_end_Lcd_Out
  _Lcd_Out
  L_loopCA2AWs
  L_CA2AWend
  _CCA2AW_Loop1
  L_loopCS2Ss
  L_CS2Send
  _CCS2S_Loop1
  L_CCS2Send
  L_loopFZinSWs
  L_FZinSend
  _CC2D_Loop1
  L_end_____DoICP
  _____DoICP
  L_end_____DoIFC
  _____DoIFC
  L_end___CA2AW
  ___CA2AW
  L_end___CCA2AW
  ___CCA2AW
  L_end___CS2S
  ___CS2S
  L_end___CCS2S
  ___CCS2S
  L_end___FZinS
  ___FZinS
  L_end___CC2DW
  ___CC2DW
  L_end_Swap
  _Swap
  L_UART1_Init0
  L_UART1_Init1
  L_UART1_Read2
  L_UART1_Write3
  L_UART1_Write4
  L_UART1_Write_Text5
  L_UART1_Write_Text6
  L_UART1_Read_Text7
  L_UART1_Read_Text8
  L_UART1_Read_Text9
  L_UART1_Read_Text10
  L_UART1_Read_Text11
  L_UART1_Read_Text12
  L_UART1_Read_Text13
  L_UART1_Read_Text14
  L_UART1_Read_Text15
  L_end_UART1_Init
  _UART1_Init
  L_end_UART1_Data_Ready
  _UART1_Data_Ready
  L_end_UART1_Read
  _UART1_Read
  L_end_UART1_Tx_Idle
  _UART1_Tx_Idle
  L_end_UART1_Write
  _UART1_Write
  L_end_UART1_Write_Text
  _UART1_Write_Text
  L_end_UART1_Read_Text
  _UART1_Read_Text
