;  LST file generated by mikroListExporter - v.2.0 
; Date/Time: 21-Aug-17 7:34:16 PM
;----------------------------------------------

;Address Opcode 	ASM
0x0000	0x2A81      	GOTO       641
_Delay_50us:
;__Lib_Delays.c,19 :: 		void Delay_50us() {
;__Lib_Delays.c,20 :: 		Delay_us(50);
0x0003	0x3021      	MOVLW      33
0x0004	0x1283      	BCF        STATUS, 5
0x0005	0x1303      	BCF        STATUS, 6
0x0006	0x00FD      	MOVWF      R13
L_Delay_50us2:
0x0007	0x0BFD      	DECFSZ     R13, 1
0x0008	0x2807      	GOTO       L_Delay_50us2
;__Lib_Delays.c,21 :: 		}
L_end_Delay_50us:
0x0009	0x0008      	RETURN
; end of _Delay_50us
_Delay_1us:
;__Lib_Delays.c,7 :: 		void Delay_1us() {
;__Lib_Delays.c,8 :: 		Delay_us(1);
0x000A	0x0000      	NOP
0x000B	0x0000      	NOP
;__Lib_Delays.c,9 :: 		}
L_end_Delay_1us:
0x000C	0x0008      	RETURN
; end of _Delay_1us
_Delay_5500us:
;__Lib_Delays.c,31 :: 		void Delay_5500us() {
;__Lib_Delays.c,32 :: 		Delay_us(5500);
0x000D	0x300F      	MOVLW      15
0x000E	0x1283      	BCF        STATUS, 5
0x000F	0x1303      	BCF        STATUS, 6
0x0010	0x00FC      	MOVWF      R12
0x0011	0x3047      	MOVLW      71
0x0012	0x00FD      	MOVWF      R13
L_Delay_5500us5:
0x0013	0x0BFD      	DECFSZ     R13, 1
0x0014	0x2813      	GOTO       L_Delay_5500us5
0x0015	0x0BFC      	DECFSZ     R12, 1
0x0016	0x2813      	GOTO       L_Delay_5500us5
0x0017	0x0000      	NOP
0x0018	0x0000      	NOP
;__Lib_Delays.c,33 :: 		}
L_end_Delay_5500us:
0x0019	0x0008      	RETURN
; end of _Delay_5500us
_Lcd_Cmd:
;__Lib_Lcd.c,18 :: 		
;__Lib_Lcd.c,20 :: 		
0x001A	0x1283      	BCF        STATUS, 5
0x001B	0x1303      	BCF        STATUS, 6
0x001C	0x1BBA      	BTFSC      FARG_Lcd_Cmd_out_char, 7
0x001D	0x2820      	GOTO       L__Lcd_Cmd21
0x001E	0x1386      	BCF        LCD_D7, BitPos(LCD_D7+0)
0x001F	0x2821      	GOTO       L__Lcd_Cmd22
L__Lcd_Cmd21:
0x0020	0x1786      	BSF        LCD_D7, BitPos(LCD_D7+0)
L__Lcd_Cmd22:
;__Lib_Lcd.c,21 :: 		
0x0021	0x1B3A      	BTFSC      FARG_Lcd_Cmd_out_char, 6
0x0022	0x2825      	GOTO       L__Lcd_Cmd23
0x0023	0x1306      	BCF        LCD_D6, BitPos(LCD_D6+0)
0x0024	0x2826      	GOTO       L__Lcd_Cmd24
L__Lcd_Cmd23:
0x0025	0x1706      	BSF        LCD_D6, BitPos(LCD_D6+0)
L__Lcd_Cmd24:
;__Lib_Lcd.c,22 :: 		
0x0026	0x1ABA      	BTFSC      FARG_Lcd_Cmd_out_char, 5
0x0027	0x282A      	GOTO       L__Lcd_Cmd25
0x0028	0x1286      	BCF        LCD_D5, BitPos(LCD_D5+0)
0x0029	0x282B      	GOTO       L__Lcd_Cmd26
L__Lcd_Cmd25:
0x002A	0x1686      	BSF        LCD_D5, BitPos(LCD_D5+0)
L__Lcd_Cmd26:
;__Lib_Lcd.c,23 :: 		
0x002B	0x1A3A      	BTFSC      FARG_Lcd_Cmd_out_char, 4
0x002C	0x282F      	GOTO       L__Lcd_Cmd27
0x002D	0x1206      	BCF        LCD_D4, BitPos(LCD_D4+0)
0x002E	0x2830      	GOTO       L__Lcd_Cmd28
L__Lcd_Cmd27:
0x002F	0x1606      	BSF        LCD_D4, BitPos(LCD_D4+0)
L__Lcd_Cmd28:
;__Lib_Lcd.c,25 :: 		
0x0030	0x182C      	BTFSC      __Lib_Lcd_cmd_status, BitPos(__Lib_Lcd_cmd_status+0)
0x0031	0x2834      	GOTO       L__Lcd_Cmd29
0x0032	0x1506      	BSF        LCD_RS, BitPos(LCD_RS+0)
0x0033	0x2835      	GOTO       L__Lcd_Cmd30
L__Lcd_Cmd29:
0x0034	0x1106      	BCF        LCD_RS, BitPos(LCD_RS+0)
L__Lcd_Cmd30:
;__Lib_Lcd.c,28 :: 		
0x0035	0x1586      	BSF        LCD_EN, BitPos(LCD_EN+0)
;__Lib_Lcd.c,29 :: 		
0x0036	0x200A      	CALL       _Delay_1us
;__Lib_Lcd.c,30 :: 		
0x0037	0x1186      	BCF        LCD_EN, BitPos(LCD_EN+0)
;__Lib_Lcd.c,33 :: 		
0x0038	0x19BA      	BTFSC      FARG_Lcd_Cmd_out_char, 3
0x0039	0x283C      	GOTO       L__Lcd_Cmd31
0x003A	0x1386      	BCF        LCD_D7, BitPos(LCD_D7+0)
0x003B	0x283D      	GOTO       L__Lcd_Cmd32
L__Lcd_Cmd31:
0x003C	0x1786      	BSF        LCD_D7, BitPos(LCD_D7+0)
L__Lcd_Cmd32:
;__Lib_Lcd.c,34 :: 		
0x003D	0x193A      	BTFSC      FARG_Lcd_Cmd_out_char, 2
0x003E	0x2841      	GOTO       L__Lcd_Cmd33
0x003F	0x1306      	BCF        LCD_D6, BitPos(LCD_D6+0)
0x0040	0x2842      	GOTO       L__Lcd_Cmd34
L__Lcd_Cmd33:
0x0041	0x1706      	BSF        LCD_D6, BitPos(LCD_D6+0)
L__Lcd_Cmd34:
;__Lib_Lcd.c,35 :: 		
0x0042	0x18BA      	BTFSC      FARG_Lcd_Cmd_out_char, 1
0x0043	0x2846      	GOTO       L__Lcd_Cmd35
0x0044	0x1286      	BCF        LCD_D5, BitPos(LCD_D5+0)
0x0045	0x2847      	GOTO       L__Lcd_Cmd36
L__Lcd_Cmd35:
0x0046	0x1686      	BSF        LCD_D5, BitPos(LCD_D5+0)
L__Lcd_Cmd36:
;__Lib_Lcd.c,36 :: 		
0x0047	0x183A      	BTFSC      FARG_Lcd_Cmd_out_char, 0
0x0048	0x284B      	GOTO       L__Lcd_Cmd37
0x0049	0x1206      	BCF        LCD_D4, BitPos(LCD_D4+0)
0x004A	0x284C      	GOTO       L__Lcd_Cmd38
L__Lcd_Cmd37:
0x004B	0x1606      	BSF        LCD_D4, BitPos(LCD_D4+0)
L__Lcd_Cmd38:
;__Lib_Lcd.c,38 :: 		
0x004C	0x182C      	BTFSC      __Lib_Lcd_cmd_status, BitPos(__Lib_Lcd_cmd_status+0)
0x004D	0x2850      	GOTO       L__Lcd_Cmd39
0x004E	0x1506      	BSF        LCD_RS, BitPos(LCD_RS+0)
0x004F	0x2851      	GOTO       L__Lcd_Cmd40
L__Lcd_Cmd39:
0x0050	0x1106      	BCF        LCD_RS, BitPos(LCD_RS+0)
L__Lcd_Cmd40:
;__Lib_Lcd.c,40 :: 		
0x0051	0x1586      	BSF        LCD_EN, BitPos(LCD_EN+0)
;__Lib_Lcd.c,41 :: 		
0x0052	0x200A      	CALL       _Delay_1us
;__Lib_Lcd.c,42 :: 		
0x0053	0x1186      	BCF        LCD_EN, BitPos(LCD_EN+0)
;__Lib_Lcd.c,44 :: 		
0x0054	0x1C2C      	BTFSS      __Lib_Lcd_cmd_status, BitPos(__Lib_Lcd_cmd_status+0)
0x0055	0x2858      	GOTO       L_Lcd_Cmd0
;__Lib_Lcd.c,45 :: 		
0x0056	0x200D      	CALL       _Delay_5500us
0x0057	0x2859      	GOTO       L_Lcd_Cmd1
L_Lcd_Cmd0:
;__Lib_Lcd.c,47 :: 		
0x0058	0x2003      	CALL       _Delay_50us
L_Lcd_Cmd1:
;__Lib_Lcd.c,48 :: 		
L_end_Lcd_Cmd:
0x0059	0x0008      	RETURN
; end of _Lcd_Cmd
_Delay_10us:
;__Lib_Delays.c,11 :: 		void Delay_10us() {
;__Lib_Delays.c,12 :: 		Delay_us(10);
0x005A	0x3006      	MOVLW      6
0x005B	0x1283      	BCF        STATUS, 5
0x005C	0x1303      	BCF        STATUS, 6
0x005D	0x00FD      	MOVWF      R13
L_Delay_10us0:
0x005E	0x0BFD      	DECFSZ     R13, 1
0x005F	0x285E      	GOTO       L_Delay_10us0
0x0060	0x0000      	NOP
;__Lib_Delays.c,13 :: 		}
L_end_Delay_10us:
0x0061	0x0008      	RETURN
; end of _Delay_10us
_Man_Synchro:
;__Lib_Manchester.c,19 :: 		
;__Lib_Manchester.c,21 :: 		
0x0062	0x1283      	BCF        STATUS, 5
0x0063	0x1303      	BCF        STATUS, 6
0x0064	0x01B8      	CLRF       Man_Synchro_m1_L0
0x0065	0x01B9      	CLRF       Man_Synchro_m2_L0
;__Lib_Manchester.c,23 :: 		
0x0066	0x10AC      	BCF        __Lib_Manchester___StopWaiting, BitPos(__Lib_Manchester___StopWaiting+0)
;__Lib_Manchester.c,26 :: 		
L_Man_Synchro0:
0x0067	0x1C06      	BTFSS      MANRXPIN, BitPos(MANRXPIN+0)
0x0068	0x286F      	GOTO       L_Man_Synchro1
;__Lib_Manchester.c,27 :: 		
0x0069	0x1CAC      	BTFSS      __Lib_Manchester___StopWaiting, BitPos(__Lib_Manchester___StopWaiting+0)
0x006A	0x286E      	GOTO       L_Man_Synchro2
;__Lib_Manchester.c,28 :: 		
0x006B	0x30FF      	MOVLW      255
0x006C	0x00F0      	MOVWF      R0
0x006D	0x28D1      	GOTO       L_end_Man_Synchro
L_Man_Synchro2:
0x006E	0x2867      	GOTO       L_Man_Synchro0
L_Man_Synchro1:
;__Lib_Manchester.c,29 :: 		
L_Man_Synchro3:
0x006F	0x1806      	BTFSC      MANRXPIN, BitPos(MANRXPIN+0)
0x0070	0x2877      	GOTO       L_Man_Synchro4
;__Lib_Manchester.c,30 :: 		
0x0071	0x1CAC      	BTFSS      __Lib_Manchester___StopWaiting, BitPos(__Lib_Manchester___StopWaiting+0)
0x0072	0x2876      	GOTO       L_Man_Synchro5
;__Lib_Manchester.c,31 :: 		
0x0073	0x30FF      	MOVLW      255
0x0074	0x00F0      	MOVWF      R0
0x0075	0x28D1      	GOTO       L_end_Man_Synchro
L_Man_Synchro5:
0x0076	0x286F      	GOTO       L_Man_Synchro3
L_Man_Synchro4:
;__Lib_Manchester.c,36 :: 		
L_Man_Synchro6:
;__Lib_Manchester.c,38 :: 		
0x0077	0x0AB8      	INCF       Man_Synchro_m1_L0, 1
;__Lib_Manchester.c,39 :: 		
0x0078	0x205A      	CALL       _Delay_10us
;__Lib_Manchester.c,40 :: 		
0x0079	0x1CAC      	BTFSS      __Lib_Manchester___StopWaiting, BitPos(__Lib_Manchester___StopWaiting+0)
0x007A	0x287E      	GOTO       L_Man_Synchro9
;__Lib_Manchester.c,41 :: 		
0x007B	0x30FF      	MOVLW      255
0x007C	0x00F0      	MOVWF      R0
0x007D	0x28D1      	GOTO       L_end_Man_Synchro
L_Man_Synchro9:
;__Lib_Manchester.c,42 :: 		
0x007E	0x1806      	BTFSC      MANRXPIN, BitPos(MANRXPIN+0)
0x007F	0x2877      	GOTO       L_Man_Synchro6
;__Lib_Manchester.c,45 :: 		
L_Man_Synchro10:
0x0080	0x1806      	BTFSC      MANRXPIN, BitPos(MANRXPIN+0)
0x0081	0x2888      	GOTO       L_Man_Synchro11
;__Lib_Manchester.c,46 :: 		
0x0082	0x1CAC      	BTFSS      __Lib_Manchester___StopWaiting, BitPos(__Lib_Manchester___StopWaiting+0)
0x0083	0x2887      	GOTO       L_Man_Synchro12
;__Lib_Manchester.c,47 :: 		
0x0084	0x30FF      	MOVLW      255
0x0085	0x00F0      	MOVWF      R0
0x0086	0x28D1      	GOTO       L_end_Man_Synchro
L_Man_Synchro12:
0x0087	0x2880      	GOTO       L_Man_Synchro10
L_Man_Synchro11:
;__Lib_Manchester.c,50 :: 		
L_Man_Synchro13:
;__Lib_Manchester.c,52 :: 		
0x0088	0x0AB9      	INCF       Man_Synchro_m2_L0, 1
;__Lib_Manchester.c,53 :: 		
0x0089	0x205A      	CALL       _Delay_10us
;__Lib_Manchester.c,54 :: 		
0x008A	0x1CAC      	BTFSS      __Lib_Manchester___StopWaiting, BitPos(__Lib_Manchester___StopWaiting+0)
0x008B	0x288F      	GOTO       L_Man_Synchro16
;__Lib_Manchester.c,55 :: 		
0x008C	0x30FF      	MOVLW      255
0x008D	0x00F0      	MOVWF      R0
0x008E	0x28D1      	GOTO       L_end_Man_Synchro
L_Man_Synchro16:
;__Lib_Manchester.c,56 :: 		
0x008F	0x1806      	BTFSC      MANRXPIN, BitPos(MANRXPIN+0)
0x0090	0x2888      	GOTO       L_Man_Synchro13
;__Lib_Manchester.c,65 :: 		
0x0091	0x0838      	MOVF       Man_Synchro_m1_L0, 0
0x0092	0x00F1      	MOVWF      R1
0x0093	0x0CF1      	RRF        R1, 1
0x0094	0x13F1      	BCF        R1, 7
0x0095	0x0CF1      	RRF        R1, 1
0x0096	0x13F1      	BCF        R1, 7
;__Lib_Manchester.c,66 :: 		
0x0097	0x0839      	MOVF       Man_Synchro_m2_L0, 0
0x0098	0x00B7      	MOVWF      Man_Synchro_m4_L0
0x0099	0x0CB7      	RRF        Man_Synchro_m4_L0, 1
0x009A	0x13B7      	BCF        Man_Synchro_m4_L0, 7
0x009B	0x0CB7      	RRF        Man_Synchro_m4_L0, 1
0x009C	0x13B7      	BCF        Man_Synchro_m4_L0, 7
;__Lib_Manchester.c,67 :: 		
0x009D	0x0838      	MOVF       Man_Synchro_m1_L0, 0
0x009E	0x07F1      	ADDWF      R1, 1
0x009F	0x01F2      	CLRF       R1+1
0x00A0	0x1803      	BTFSC      STATUS, 0
0x00A1	0x0AF2      	INCF       R1+1, 1
0x00A2	0x3080      	MOVLW      128
0x00A3	0x0672      	XORWF      R1+1, 0
0x00A4	0x00F0      	MOVWF      R0
0x00A5	0x3080      	MOVLW      128
0x00A6	0x0270      	SUBWF      R0, 0
0x00A7	0x1D03      	BTFSS      STATUS, 2
0x00A8	0x28AB      	GOTO       L__Man_Synchro81
0x00A9	0x0839      	MOVF       Man_Synchro_m2_L0, 0
0x00AA	0x0271      	SUBWF      R1, 0
L__Man_Synchro81:
0x00AB	0x1803      	BTFSC      STATUS, 0
0x00AC	0x28B4      	GOTO       L_Man_Synchro17
;__Lib_Manchester.c,68 :: 		
0x00AD	0x0838      	MOVF       Man_Synchro_m1_L0, 0
0x00AE	0x3C00      	SUBLW      0
0x00AF	0x1803      	BTFSC      STATUS, 0
0x00B0	0x28B3      	GOTO       L_Man_Synchro18
;__Lib_Manchester.c,69 :: 		
0x00B1	0x0838      	MOVF       Man_Synchro_m1_L0, 0
0x00B2	0x00AF      	MOVWF      _HalfbitS
L_Man_Synchro18:
;__Lib_Manchester.c,70 :: 		
0x00B3	0x28CB      	GOTO       L_Man_Synchro19
L_Man_Synchro17:
;__Lib_Manchester.c,72 :: 		
0x00B4	0x0837      	MOVF       Man_Synchro_m4_L0, 0
0x00B5	0x0739      	ADDWF      Man_Synchro_m2_L0, 0
0x00B6	0x00F1      	MOVWF      R1
0x00B7	0x01F2      	CLRF       R1+1
0x00B8	0x1803      	BTFSC      STATUS, 0
0x00B9	0x0AF2      	INCF       R1+1, 1
0x00BA	0x3080      	MOVLW      128
0x00BB	0x0672      	XORWF      R1+1, 0
0x00BC	0x00F0      	MOVWF      R0
0x00BD	0x3080      	MOVLW      128
0x00BE	0x0270      	SUBWF      R0, 0
0x00BF	0x1D03      	BTFSS      STATUS, 2
0x00C0	0x28C3      	GOTO       L__Man_Synchro82
0x00C1	0x0838      	MOVF       Man_Synchro_m1_L0, 0
0x00C2	0x0271      	SUBWF      R1, 0
L__Man_Synchro82:
0x00C3	0x1803      	BTFSC      STATUS, 0
0x00C4	0x28CB      	GOTO       L_Man_Synchro20
;__Lib_Manchester.c,73 :: 		
0x00C5	0x0839      	MOVF       Man_Synchro_m2_L0, 0
0x00C6	0x3C00      	SUBLW      0
0x00C7	0x1803      	BTFSC      STATUS, 0
0x00C8	0x28CB      	GOTO       L_Man_Synchro21
;__Lib_Manchester.c,74 :: 		
0x00C9	0x0839      	MOVF       Man_Synchro_m2_L0, 0
0x00CA	0x00AF      	MOVWF      _HalfbitS
L_Man_Synchro21:
L_Man_Synchro20:
;__Lib_Manchester.c,75 :: 		
L_Man_Synchro19:
;__Lib_Manchester.c,83 :: 		
0x00CB	0x082F      	MOVF       _HalfbitS, 0
0x00CC	0x00AE      	MOVWF      _FullBits
0x00CD	0x0DAE      	RLF        _FullBits, 1
0x00CE	0x102E      	BCF        _FullBits, 0
;__Lib_Manchester.c,85 :: 		
0x00CF	0x082F      	MOVF       _HalfbitS, 0
0x00D0	0x00F0      	MOVWF      R0
;__Lib_Manchester.c,86 :: 		
L_end_Man_Synchro:
0x00D1	0x0008      	RETURN
; end of _Man_Synchro
_____DoICP:
;__Lib_System.c,6 :: 		
;__Lib_System.c,9 :: 		
0x00D2	0x1283      	BCF        STATUS, 5
0x00D3	0x1303      	BCF        STATUS, 6
0x00D4	0x0831      	MOVF       ___DoICPAddr+1, 0
0x00D5	0x008A      	MOVWF      PCLATH
;__Lib_System.c,10 :: 		
0x00D6	0x0830      	MOVF       ___DoICPAddr, 0
0x00D7	0x0082      	MOVWF      PCL
;__Lib_System.c,12 :: 		
L_end_____DoICP:
0x00D8	0x0008      	RETURN
; end of _____DoICP
_Lcd_Chr_CP:
;__Lib_Lcd.c,50 :: 		
;__Lib_Lcd.c,52 :: 		
0x00D9	0x1283      	BCF        STATUS, 5
0x00DA	0x1303      	BCF        STATUS, 6
0x00DB	0x102C      	BCF        __Lib_Lcd_cmd_status, BitPos(__Lib_Lcd_cmd_status+0)
;__Lib_Lcd.c,53 :: 		
0x00DC	0x0837      	MOVF       FARG_Lcd_Chr_CP_out_char, 0
0x00DD	0x00BA      	MOVWF      FARG_Lcd_Cmd_out_char
0x00DE	0x201A      	CALL       _Lcd_Cmd
;__Lib_Lcd.c,54 :: 		
0x00DF	0x142C      	BSF        __Lib_Lcd_cmd_status, BitPos(__Lib_Lcd_cmd_status+0)
;__Lib_Lcd.c,55 :: 		
L_end_Lcd_Chr_CP:
0x00E0	0x0008      	RETURN
; end of _Lcd_Chr_CP
_Lcd_Chr:
;__Lib_Lcd.c,65 :: 		
;__Lib_Lcd.c,66 :: 		
0x00E1	0x28F3      	GOTO       L_Lcd_Chr4
;__Lib_Lcd.c,67 :: 		
L_Lcd_Chr6:
0x00E2	0x3080      	MOVLW      128
0x00E3	0x1283      	BCF        STATUS, 5
0x00E4	0x1303      	BCF        STATUS, 6
0x00E5	0x00B3      	MOVWF      FARG_Lcd_Chr_row
0x00E6	0x2906      	GOTO       L_Lcd_Chr5
;__Lib_Lcd.c,68 :: 		
L_Lcd_Chr7:
0x00E7	0x30C0      	MOVLW      192
0x00E8	0x00B3      	MOVWF      FARG_Lcd_Chr_row
0x00E9	0x2906      	GOTO       L_Lcd_Chr5
;__Lib_Lcd.c,69 :: 		
L_Lcd_Chr8:
0x00EA	0x3094      	MOVLW      148
0x00EB	0x00B3      	MOVWF      FARG_Lcd_Chr_row
0x00EC	0x2906      	GOTO       L_Lcd_Chr5
;__Lib_Lcd.c,70 :: 		
L_Lcd_Chr9:
0x00ED	0x30D4      	MOVLW      212
0x00EE	0x00B3      	MOVWF      FARG_Lcd_Chr_row
0x00EF	0x2906      	GOTO       L_Lcd_Chr5
;__Lib_Lcd.c,71 :: 		
L_Lcd_Chr10:
0x00F0	0x3080      	MOVLW      128
0x00F1	0x00B3      	MOVWF      FARG_Lcd_Chr_row
;__Lib_Lcd.c,72 :: 		
0x00F2	0x2906      	GOTO       L_Lcd_Chr5
L_Lcd_Chr4:
0x00F3	0x1283      	BCF        STATUS, 5
0x00F4	0x1303      	BCF        STATUS, 6
0x00F5	0x0833      	MOVF       FARG_Lcd_Chr_row, 0
0x00F6	0x3A01      	XORLW      1
0x00F7	0x1903      	BTFSC      STATUS, 2
0x00F8	0x28E2      	GOTO       L_Lcd_Chr6
0x00F9	0x0833      	MOVF       FARG_Lcd_Chr_row, 0
0x00FA	0x3A02      	XORLW      2
0x00FB	0x1903      	BTFSC      STATUS, 2
0x00FC	0x28E7      	GOTO       L_Lcd_Chr7
0x00FD	0x0833      	MOVF       FARG_Lcd_Chr_row, 0
0x00FE	0x3A03      	XORLW      3
0x00FF	0x1903      	BTFSC      STATUS, 2
0x0100	0x28EA      	GOTO       L_Lcd_Chr8
0x0101	0x0833      	MOVF       FARG_Lcd_Chr_row, 0
0x0102	0x3A04      	XORLW      4
0x0103	0x1903      	BTFSC      STATUS, 2
0x0104	0x28ED      	GOTO       L_Lcd_Chr9
0x0105	0x28F0      	GOTO       L_Lcd_Chr10
L_Lcd_Chr5:
;__Lib_Lcd.c,74 :: 		
0x0106	0x0334      	DECF       FARG_Lcd_Chr_column, 0
0x0107	0x00F0      	MOVWF      R0
0x0108	0x0833      	MOVF       FARG_Lcd_Chr_row, 0
0x0109	0x07F0      	ADDWF      R0, 1
0x010A	0x0870      	MOVF       R0, 0
0x010B	0x00B3      	MOVWF      FARG_Lcd_Chr_row
;__Lib_Lcd.c,76 :: 		
0x010C	0x142C      	BSF        __Lib_Lcd_cmd_status, BitPos(__Lib_Lcd_cmd_status+0)
;__Lib_Lcd.c,77 :: 		
0x010D	0x0870      	MOVF       R0, 0
0x010E	0x00BA      	MOVWF      FARG_Lcd_Cmd_out_char
0x010F	0x201A      	CALL       _Lcd_Cmd
;__Lib_Lcd.c,79 :: 		
0x0110	0x102C      	BCF        __Lib_Lcd_cmd_status, BitPos(__Lib_Lcd_cmd_status+0)
;__Lib_Lcd.c,80 :: 		
0x0111	0x0835      	MOVF       FARG_Lcd_Chr_out_char, 0
0x0112	0x00BA      	MOVWF      FARG_Lcd_Cmd_out_char
0x0113	0x201A      	CALL       _Lcd_Cmd
;__Lib_Lcd.c,81 :: 		
0x0114	0x142C      	BSF        __Lib_Lcd_cmd_status, BitPos(__Lib_Lcd_cmd_status+0)
;__Lib_Lcd.c,82 :: 		
L_end_Lcd_Chr:
0x0115	0x0008      	RETURN
; end of _Lcd_Chr
_Man_Receive:
;__Lib_Manchester.c,89 :: 		
;__Lib_Manchester.c,93 :: 		
0x0116	0x1283      	BCF        STATUS, 5
0x0117	0x1303      	BCF        STATUS, 6
0x0118	0x10AC      	BCF        __Lib_Manchester___StopWaiting, BitPos(__Lib_Manchester___StopWaiting+0)
;__Lib_Manchester.c,94 :: 		
0x0119	0x0834      	MOVF       Man_Receive_cnt_L0, 0
0x011A	0x00B5      	MOVWF      Man_Receive_result_L0
;__Lib_Manchester.c,95 :: 		
0x011B	0x0833      	MOVF       FARG_Man_Receive_error, 0
0x011C	0x0084      	MOVWF      FSR
0x011D	0x3001      	MOVLW      1
0x011E	0x0080      	MOVWF      INDF
;__Lib_Manchester.c,98 :: 		
L_Man_Receive22:
0x011F	0x1C06      	BTFSS      MANRXPIN, BitPos(MANRXPIN+0)
0x0120	0x292A      	GOTO       L_Man_Receive23
;__Lib_Manchester.c,99 :: 		
0x0121	0x1CAC      	BTFSS      __Lib_Manchester___StopWaiting, BitPos(__Lib_Manchester___StopWaiting+0)
0x0122	0x2929      	GOTO       L_Man_Receive24
;__Lib_Manchester.c,100 :: 		
0x0123	0x0833      	MOVF       FARG_Man_Receive_error, 0
0x0124	0x0084      	MOVWF      FSR
0x0125	0x30FF      	MOVLW      255
0x0126	0x0080      	MOVWF      INDF
;__Lib_Manchester.c,101 :: 		
0x0127	0x01F0      	CLRF       R0
0x0128	0x29C4      	GOTO       L_end_Man_Receive
;__Lib_Manchester.c,102 :: 		
L_Man_Receive24:
0x0129	0x291F      	GOTO       L_Man_Receive22
L_Man_Receive23:
;__Lib_Manchester.c,103 :: 		
L_Man_Receive25:
0x012A	0x1806      	BTFSC      MANRXPIN, BitPos(MANRXPIN+0)
0x012B	0x2935      	GOTO       L_Man_Receive26
;__Lib_Manchester.c,104 :: 		
0x012C	0x1CAC      	BTFSS      __Lib_Manchester___StopWaiting, BitPos(__Lib_Manchester___StopWaiting+0)
0x012D	0x2934      	GOTO       L_Man_Receive27
;__Lib_Manchester.c,105 :: 		
0x012E	0x0833      	MOVF       FARG_Man_Receive_error, 0
0x012F	0x0084      	MOVWF      FSR
0x0130	0x30FF      	MOVLW      255
0x0131	0x0080      	MOVWF      INDF
;__Lib_Manchester.c,106 :: 		
0x0132	0x01F0      	CLRF       R0
0x0133	0x29C4      	GOTO       L_end_Man_Receive
;__Lib_Manchester.c,107 :: 		
L_Man_Receive27:
0x0134	0x292A      	GOTO       L_Man_Receive25
L_Man_Receive26:
;__Lib_Manchester.c,110 :: 		
0x0135	0x082F      	MOVF       _HalfbitS, 0
0x0136	0x00B4      	MOVWF      Man_Receive_cnt_L0
0x0137	0x0CB4      	RRF        Man_Receive_cnt_L0, 1
0x0138	0x13B4      	BCF        Man_Receive_cnt_L0, 7
;__Lib_Manchester.c,115 :: 		
L_Man_Receive28:
;__Lib_Manchester.c,117 :: 		
0x0139	0x0000      	NOP
;__Lib_Manchester.c,118 :: 		
0x013A	0x0000      	NOP
;__Lib_Manchester.c,120 :: 		
0x013B	0x205A      	CALL       _Delay_10us
;__Lib_Manchester.c,121 :: 		
0x013C	0x03B4      	DECF       Man_Receive_cnt_L0, 1
0x013D	0x0834      	MOVF       Man_Receive_cnt_L0, 0
0x013E	0x1D03      	BTFSS      STATUS, 2
0x013F	0x2939      	GOTO       L_Man_Receive28
;__Lib_Manchester.c,124 :: 		
0x0140	0x1806      	BTFSC      MANRXPIN, BitPos(MANRXPIN+0)
0x0141	0x2944      	GOTO       L_Man_Receive31
;__Lib_Manchester.c,125 :: 		
0x0142	0x01F0      	CLRF       R0
0x0143	0x29C4      	GOTO       L_end_Man_Receive
L_Man_Receive31:
;__Lib_Manchester.c,128 :: 		
0x0144	0x082E      	MOVF       _FullBits, 0
0x0145	0x00B4      	MOVWF      Man_Receive_cnt_L0
;__Lib_Manchester.c,129 :: 		
L_Man_Receive32:
;__Lib_Manchester.c,131 :: 		
0x0146	0x0000      	NOP
;__Lib_Manchester.c,132 :: 		
0x0147	0x0000      	NOP
;__Lib_Manchester.c,134 :: 		
0x0148	0x205A      	CALL       _Delay_10us
;__Lib_Manchester.c,135 :: 		
0x0149	0x03B4      	DECF       Man_Receive_cnt_L0, 1
0x014A	0x0834      	MOVF       Man_Receive_cnt_L0, 0
0x014B	0x1D03      	BTFSS      STATUS, 2
0x014C	0x2946      	GOTO       L_Man_Receive32
;__Lib_Manchester.c,137 :: 		
0x014D	0x1806      	BTFSC      MANRXPIN, BitPos(MANRXPIN+0)
0x014E	0x2951      	GOTO       L_Man_Receive35
;__Lib_Manchester.c,139 :: 		
0x014F	0x01F0      	CLRF       R0
0x0150	0x29C4      	GOTO       L_end_Man_Receive
L_Man_Receive35:
;__Lib_Manchester.c,142 :: 		
0x0151	0x082E      	MOVF       _FullBits, 0
0x0152	0x00B4      	MOVWF      Man_Receive_cnt_L0
;__Lib_Manchester.c,143 :: 		
L_Man_Receive36:
;__Lib_Manchester.c,145 :: 		
0x0153	0x0000      	NOP
;__Lib_Manchester.c,146 :: 		
0x0154	0x0000      	NOP
;__Lib_Manchester.c,148 :: 		
0x0155	0x205A      	CALL       _Delay_10us
;__Lib_Manchester.c,149 :: 		
0x0156	0x03B4      	DECF       Man_Receive_cnt_L0, 1
0x0157	0x0834      	MOVF       Man_Receive_cnt_L0, 0
0x0158	0x1D03      	BTFSS      STATUS, 2
0x0159	0x2953      	GOTO       L_Man_Receive36
;__Lib_Manchester.c,151 :: 		
0x015A	0x1C06      	BTFSS      MANRXPIN, BitPos(MANRXPIN+0)
0x015B	0x295E      	GOTO       L_Man_Receive39
;__Lib_Manchester.c,153 :: 		
0x015C	0x01F0      	CLRF       R0
0x015D	0x29C4      	GOTO       L_end_Man_Receive
L_Man_Receive39:
;__Lib_Manchester.c,155 :: 		
0x015E	0x01B5      	CLRF       Man_Receive_result_L0
;__Lib_Manchester.c,158 :: 		
0x015F	0x082E      	MOVF       _FullBits, 0
0x0160	0x00B4      	MOVWF      Man_Receive_cnt_L0
;__Lib_Manchester.c,159 :: 		
L_Man_Receive40:
;__Lib_Manchester.c,161 :: 		
0x0161	0x0000      	NOP
;__Lib_Manchester.c,162 :: 		
0x0162	0x0000      	NOP
;__Lib_Manchester.c,164 :: 		
0x0163	0x205A      	CALL       _Delay_10us
;__Lib_Manchester.c,165 :: 		
0x0164	0x03B4      	DECF       Man_Receive_cnt_L0, 1
0x0165	0x0834      	MOVF       Man_Receive_cnt_L0, 0
0x0166	0x1D03      	BTFSS      STATUS, 2
0x0167	0x2961      	GOTO       L_Man_Receive40
;__Lib_Manchester.c,167 :: 		
0x0168	0x1C06      	BTFSS      MANRXPIN, BitPos(MANRXPIN+0)
0x0169	0x296B      	GOTO       L_Man_Receive43
;__Lib_Manchester.c,168 :: 		
0x016A	0x17B5      	BSF        Man_Receive_result_L0, 7
L_Man_Receive43:
;__Lib_Manchester.c,171 :: 		
0x016B	0x082E      	MOVF       _FullBits, 0
0x016C	0x00B4      	MOVWF      Man_Receive_cnt_L0
;__Lib_Manchester.c,172 :: 		
L_Man_Receive44:
;__Lib_Manchester.c,174 :: 		
0x016D	0x0000      	NOP
;__Lib_Manchester.c,175 :: 		
0x016E	0x0000      	NOP
;__Lib_Manchester.c,177 :: 		
0x016F	0x205A      	CALL       _Delay_10us
;__Lib_Manchester.c,178 :: 		
0x0170	0x03B4      	DECF       Man_Receive_cnt_L0, 1
0x0171	0x0834      	MOVF       Man_Receive_cnt_L0, 0
0x0172	0x1D03      	BTFSS      STATUS, 2
0x0173	0x296D      	GOTO       L_Man_Receive44
;__Lib_Manchester.c,180 :: 		
0x0174	0x1C06      	BTFSS      MANRXPIN, BitPos(MANRXPIN+0)
0x0175	0x2977      	GOTO       L_Man_Receive47
;__Lib_Manchester.c,181 :: 		
0x0176	0x1735      	BSF        Man_Receive_result_L0, 6
L_Man_Receive47:
;__Lib_Manchester.c,183 :: 		
0x0177	0x082E      	MOVF       _FullBits, 0
0x0178	0x00B4      	MOVWF      Man_Receive_cnt_L0
;__Lib_Manchester.c,184 :: 		
L_Man_Receive48:
;__Lib_Manchester.c,186 :: 		
0x0179	0x0000      	NOP
;__Lib_Manchester.c,187 :: 		
0x017A	0x0000      	NOP
;__Lib_Manchester.c,189 :: 		
0x017B	0x205A      	CALL       _Delay_10us
;__Lib_Manchester.c,190 :: 		
0x017C	0x03B4      	DECF       Man_Receive_cnt_L0, 1
0x017D	0x0834      	MOVF       Man_Receive_cnt_L0, 0
0x017E	0x1D03      	BTFSS      STATUS, 2
0x017F	0x2979      	GOTO       L_Man_Receive48
;__Lib_Manchester.c,192 :: 		
0x0180	0x1C06      	BTFSS      MANRXPIN, BitPos(MANRXPIN+0)
0x0181	0x2983      	GOTO       L_Man_Receive51
;__Lib_Manchester.c,193 :: 		
0x0182	0x16B5      	BSF        Man_Receive_result_L0, 5
L_Man_Receive51:
;__Lib_Manchester.c,195 :: 		
0x0183	0x082E      	MOVF       _FullBits, 0
0x0184	0x00B4      	MOVWF      Man_Receive_cnt_L0
;__Lib_Manchester.c,196 :: 		
L_Man_Receive52:
;__Lib_Manchester.c,198 :: 		
0x0185	0x0000      	NOP
;__Lib_Manchester.c,199 :: 		
0x0186	0x0000      	NOP
;__Lib_Manchester.c,201 :: 		
0x0187	0x205A      	CALL       _Delay_10us
;__Lib_Manchester.c,202 :: 		
0x0188	0x03B4      	DECF       Man_Receive_cnt_L0, 1
0x0189	0x0834      	MOVF       Man_Receive_cnt_L0, 0
0x018A	0x1D03      	BTFSS      STATUS, 2
0x018B	0x2985      	GOTO       L_Man_Receive52
;__Lib_Manchester.c,204 :: 		
0x018C	0x1C06      	BTFSS      MANRXPIN, BitPos(MANRXPIN+0)
0x018D	0x298F      	GOTO       L_Man_Receive55
;__Lib_Manchester.c,205 :: 		
0x018E	0x1635      	BSF        Man_Receive_result_L0, 4
L_Man_Receive55:
;__Lib_Manchester.c,207 :: 		
0x018F	0x082E      	MOVF       _FullBits, 0
0x0190	0x00B4      	MOVWF      Man_Receive_cnt_L0
;__Lib_Manchester.c,208 :: 		
L_Man_Receive56:
;__Lib_Manchester.c,210 :: 		
0x0191	0x0000      	NOP
;__Lib_Manchester.c,211 :: 		
0x0192	0x0000      	NOP
;__Lib_Manchester.c,213 :: 		
0x0193	0x205A      	CALL       _Delay_10us
;__Lib_Manchester.c,214 :: 		
0x0194	0x03B4      	DECF       Man_Receive_cnt_L0, 1
0x0195	0x0834      	MOVF       Man_Receive_cnt_L0, 0
0x0196	0x1D03      	BTFSS      STATUS, 2
0x0197	0x2991      	GOTO       L_Man_Receive56
;__Lib_Manchester.c,216 :: 		
0x0198	0x1C06      	BTFSS      MANRXPIN, BitPos(MANRXPIN+0)
0x0199	0x299B      	GOTO       L_Man_Receive59
;__Lib_Manchester.c,217 :: 		
0x019A	0x15B5      	BSF        Man_Receive_result_L0, 3
L_Man_Receive59:
;__Lib_Manchester.c,219 :: 		
0x019B	0x082E      	MOVF       _FullBits, 0
0x019C	0x00B4      	MOVWF      Man_Receive_cnt_L0
;__Lib_Manchester.c,220 :: 		
L_Man_Receive60:
;__Lib_Manchester.c,222 :: 		
0x019D	0x0000      	NOP
;__Lib_Manchester.c,223 :: 		
0x019E	0x0000      	NOP
;__Lib_Manchester.c,225 :: 		
0x019F	0x205A      	CALL       _Delay_10us
;__Lib_Manchester.c,226 :: 		
0x01A0	0x03B4      	DECF       Man_Receive_cnt_L0, 1
0x01A1	0x0834      	MOVF       Man_Receive_cnt_L0, 0
0x01A2	0x1D03      	BTFSS      STATUS, 2
0x01A3	0x299D      	GOTO       L_Man_Receive60
;__Lib_Manchester.c,228 :: 		
0x01A4	0x1C06      	BTFSS      MANRXPIN, BitPos(MANRXPIN+0)
0x01A5	0x29A7      	GOTO       L_Man_Receive63
;__Lib_Manchester.c,229 :: 		
0x01A6	0x1535      	BSF        Man_Receive_result_L0, 2
L_Man_Receive63:
;__Lib_Manchester.c,231 :: 		
0x01A7	0x082E      	MOVF       _FullBits, 0
0x01A8	0x00B4      	MOVWF      Man_Receive_cnt_L0
;__Lib_Manchester.c,232 :: 		
L_Man_Receive64:
;__Lib_Manchester.c,234 :: 		
0x01A9	0x0000      	NOP
;__Lib_Manchester.c,235 :: 		
0x01AA	0x0000      	NOP
;__Lib_Manchester.c,237 :: 		
0x01AB	0x205A      	CALL       _Delay_10us
;__Lib_Manchester.c,238 :: 		
0x01AC	0x03B4      	DECF       Man_Receive_cnt_L0, 1
0x01AD	0x0834      	MOVF       Man_Receive_cnt_L0, 0
0x01AE	0x1D03      	BTFSS      STATUS, 2
0x01AF	0x29A9      	GOTO       L_Man_Receive64
;__Lib_Manchester.c,240 :: 		
0x01B0	0x1C06      	BTFSS      MANRXPIN, BitPos(MANRXPIN+0)
0x01B1	0x29B3      	GOTO       L_Man_Receive67
;__Lib_Manchester.c,241 :: 		
0x01B2	0x14B5      	BSF        Man_Receive_result_L0, 1
L_Man_Receive67:
;__Lib_Manchester.c,243 :: 		
0x01B3	0x082E      	MOVF       _FullBits, 0
0x01B4	0x00B4      	MOVWF      Man_Receive_cnt_L0
;__Lib_Manchester.c,244 :: 		
L_Man_Receive68:
;__Lib_Manchester.c,246 :: 		
0x01B5	0x0000      	NOP
;__Lib_Manchester.c,247 :: 		
0x01B6	0x0000      	NOP
;__Lib_Manchester.c,249 :: 		
0x01B7	0x205A      	CALL       _Delay_10us
;__Lib_Manchester.c,250 :: 		
0x01B8	0x03B4      	DECF       Man_Receive_cnt_L0, 1
0x01B9	0x0834      	MOVF       Man_Receive_cnt_L0, 0
0x01BA	0x1D03      	BTFSS      STATUS, 2
0x01BB	0x29B5      	GOTO       L_Man_Receive68
;__Lib_Manchester.c,252 :: 		
0x01BC	0x1C06      	BTFSS      MANRXPIN, BitPos(MANRXPIN+0)
0x01BD	0x29BF      	GOTO       L_Man_Receive71
;__Lib_Manchester.c,253 :: 		
0x01BE	0x1435      	BSF        Man_Receive_result_L0, 0
L_Man_Receive71:
;__Lib_Manchester.c,255 :: 		
0x01BF	0x0833      	MOVF       FARG_Man_Receive_error, 0
0x01C0	0x0084      	MOVWF      FSR
0x01C1	0x0180      	CLRF       INDF
;__Lib_Manchester.c,256 :: 		
0x01C2	0x0835      	MOVF       Man_Receive_result_L0, 0
0x01C3	0x00F0      	MOVWF      R0
;__Lib_Manchester.c,257 :: 		
L_end_Man_Receive:
0x01C4	0x0008      	RETURN
; end of _Man_Receive
_Lcd_Out:
;__Lib_Lcd.c,184 :: 		
;__Lib_Lcd.c,187 :: 		
0x01C5	0x29D7      	GOTO       L_Lcd_Out11
;__Lib_Lcd.c,188 :: 		
L_Lcd_Out13:
0x01C6	0x3080      	MOVLW      128
0x01C7	0x1283      	BCF        STATUS, 5
0x01C8	0x1303      	BCF        STATUS, 6
0x01C9	0x00B3      	MOVWF      FARG_Lcd_Out_row
0x01CA	0x29EA      	GOTO       L_Lcd_Out12
;__Lib_Lcd.c,189 :: 		
L_Lcd_Out14:
0x01CB	0x30C0      	MOVLW      192
0x01CC	0x00B3      	MOVWF      FARG_Lcd_Out_row
0x01CD	0x29EA      	GOTO       L_Lcd_Out12
;__Lib_Lcd.c,190 :: 		
L_Lcd_Out15:
0x01CE	0x3094      	MOVLW      148
0x01CF	0x00B3      	MOVWF      FARG_Lcd_Out_row
0x01D0	0x29EA      	GOTO       L_Lcd_Out12
;__Lib_Lcd.c,191 :: 		
L_Lcd_Out16:
0x01D1	0x30D4      	MOVLW      212
0x01D2	0x00B3      	MOVWF      FARG_Lcd_Out_row
0x01D3	0x29EA      	GOTO       L_Lcd_Out12
;__Lib_Lcd.c,192 :: 		
L_Lcd_Out17:
0x01D4	0x3080      	MOVLW      128
0x01D5	0x00B3      	MOVWF      FARG_Lcd_Out_row
;__Lib_Lcd.c,193 :: 		
0x01D6	0x29EA      	GOTO       L_Lcd_Out12
L_Lcd_Out11:
0x01D7	0x1283      	BCF        STATUS, 5
0x01D8	0x1303      	BCF        STATUS, 6
0x01D9	0x0833      	MOVF       FARG_Lcd_Out_row, 0
0x01DA	0x3A01      	XORLW      1
0x01DB	0x1903      	BTFSC      STATUS, 2
0x01DC	0x29C6      	GOTO       L_Lcd_Out13
0x01DD	0x0833      	MOVF       FARG_Lcd_Out_row, 0
0x01DE	0x3A02      	XORLW      2
0x01DF	0x1903      	BTFSC      STATUS, 2
0x01E0	0x29CB      	GOTO       L_Lcd_Out14
0x01E1	0x0833      	MOVF       FARG_Lcd_Out_row, 0
0x01E2	0x3A03      	XORLW      3
0x01E3	0x1903      	BTFSC      STATUS, 2
0x01E4	0x29CE      	GOTO       L_Lcd_Out15
0x01E5	0x0833      	MOVF       FARG_Lcd_Out_row, 0
0x01E6	0x3A04      	XORLW      4
0x01E7	0x1903      	BTFSC      STATUS, 2
0x01E8	0x29D1      	GOTO       L_Lcd_Out16
0x01E9	0x29D4      	GOTO       L_Lcd_Out17
L_Lcd_Out12:
;__Lib_Lcd.c,194 :: 		
0x01EA	0x0334      	DECF       FARG_Lcd_Out_column, 0
0x01EB	0x00F0      	MOVWF      R0
0x01EC	0x0833      	MOVF       FARG_Lcd_Out_row, 0
0x01ED	0x07F0      	ADDWF      R0, 1
0x01EE	0x0870      	MOVF       R0, 0
0x01EF	0x00B3      	MOVWF      FARG_Lcd_Out_row
;__Lib_Lcd.c,196 :: 		
0x01F0	0x0870      	MOVF       R0, 0
0x01F1	0x00BA      	MOVWF      FARG_Lcd_Cmd_out_char
0x01F2	0x201A      	CALL       _Lcd_Cmd
;__Lib_Lcd.c,197 :: 		
0x01F3	0x102C      	BCF        __Lib_Lcd_cmd_status, BitPos(__Lib_Lcd_cmd_status+0)
;__Lib_Lcd.c,198 :: 		
0x01F4	0x01B6      	CLRF       Lcd_Out_i_L0
;__Lib_Lcd.c,199 :: 		
L_Lcd_Out18:
0x01F5	0x0836      	MOVF       Lcd_Out_i_L0, 0
0x01F6	0x0735      	ADDWF      FARG_Lcd_Out_text, 0
0x01F7	0x0084      	MOVWF      FSR
0x01F8	0x0800      	MOVF       INDF, 0
0x01F9	0x1903      	BTFSC      STATUS, 2
0x01FA	0x2A03      	GOTO       L_Lcd_Out19
;__Lib_Lcd.c,200 :: 		
0x01FB	0x0836      	MOVF       Lcd_Out_i_L0, 0
0x01FC	0x0735      	ADDWF      FARG_Lcd_Out_text, 0
0x01FD	0x0084      	MOVWF      FSR
0x01FE	0x0800      	MOVF       INDF, 0
0x01FF	0x00B7      	MOVWF      FARG_Lcd_Chr_CP_out_char
0x0200	0x20D9      	CALL       _Lcd_Chr_CP
0x0201	0x0AB6      	INCF       Lcd_Out_i_L0, 1
0x0202	0x29F5      	GOTO       L_Lcd_Out18
L_Lcd_Out19:
;__Lib_Lcd.c,201 :: 		
0x0203	0x142C      	BSF        __Lib_Lcd_cmd_status, BitPos(__Lib_Lcd_cmd_status+0)
;__Lib_Lcd.c,202 :: 		
L_end_Lcd_Out:
0x0204	0x0008      	RETURN
; end of _Lcd_Out
___CC2DW:
;__Lib_System.c,134 :: 		
;__Lib_System.c,137 :: 		
_CC2D_Loop1:
;__Lib_System.c,139 :: 		
0x0205	0x20D2      	CALL       _____DoICP
0x0206	0x118A      	BCF        PCLATH, 3
0x0207	0x120A      	BCF        PCLATH, 4
;__Lib_System.c,141 :: 		
0x0208	0x0080      	MOVWF      INDF
;__Lib_System.c,142 :: 		
0x0209	0x0A84      	INCF       FSR, 1
;__Lib_System.c,143 :: 		
0x020A	0x0AB0      	INCF       ___DoICPAddr, 1
;__Lib_System.c,145 :: 		
0x020B	0x1903      	BTFSC      STATUS, 2
;__Lib_System.c,146 :: 		
0x020C	0x0AB1      	INCF       ___DoICPAddr+1, 1
;__Lib_System.c,147 :: 		
0x020D	0x03F0      	DECF       R0, 1
;__Lib_System.c,149 :: 		
0x020E	0x1D03      	BTFSS      STATUS, 2
;__Lib_System.c,150 :: 		
0x020F	0x2A05      	GOTO       _CC2D_Loop1
;__Lib_System.c,152 :: 		
L_end___CC2DW:
0x0210	0x0008      	RETURN
; end of ___CC2DW
_Lcd_Init:
;__Lib_Lcd.c,84 :: 		
;__Lib_Lcd.c,86 :: 		
0x0211	0x1683      	BSF        STATUS, 5
0x0212	0x1303      	BCF        STATUS, 6
0x0213	0x1186      	BCF        LCD_EN_Direction, BitPos(LCD_EN_Direction+0)
;__Lib_Lcd.c,87 :: 		
0x0214	0x1106      	BCF        LCD_RS_Direction, BitPos(LCD_RS_Direction+0)
;__Lib_Lcd.c,88 :: 		
0x0215	0x1206      	BCF        LCD_D4_Direction, BitPos(LCD_D4_Direction+0)
;__Lib_Lcd.c,89 :: 		
0x0216	0x1286      	BCF        LCD_D5_Direction, BitPos(LCD_D5_Direction+0)
;__Lib_Lcd.c,90 :: 		
0x0217	0x1306      	BCF        LCD_D6_Direction, BitPos(LCD_D6_Direction+0)
;__Lib_Lcd.c,91 :: 		
0x0218	0x1386      	BCF        LCD_D7_Direction, BitPos(LCD_D7_Direction+0)
;__Lib_Lcd.c,93 :: 		
0x0219	0x1283      	BCF        STATUS, 5
0x021A	0x1186      	BCF        LCD_EN, BitPos(LCD_EN+0)
;__Lib_Lcd.c,94 :: 		
0x021B	0x1106      	BCF        LCD_RS, BitPos(LCD_RS+0)
;__Lib_Lcd.c,95 :: 		
0x021C	0x1386      	BCF        LCD_D7, BitPos(LCD_D7+0)
;__Lib_Lcd.c,96 :: 		
0x021D	0x1306      	BCF        LCD_D6, BitPos(LCD_D6+0)
;__Lib_Lcd.c,97 :: 		
0x021E	0x1286      	BCF        LCD_D5, BitPos(LCD_D5+0)
;__Lib_Lcd.c,98 :: 		
0x021F	0x1206      	BCF        LCD_D4, BitPos(LCD_D4+0)
;__Lib_Lcd.c,100 :: 		
0x0220	0x200D      	CALL       _Delay_5500us
;__Lib_Lcd.c,101 :: 		
0x0221	0x200D      	CALL       _Delay_5500us
;__Lib_Lcd.c,102 :: 		
0x0222	0x200D      	CALL       _Delay_5500us
;__Lib_Lcd.c,105 :: 		
0x0223	0x1686      	BSF        LCD_D5, BitPos(LCD_D5+0)
;__Lib_Lcd.c,106 :: 		
0x0224	0x1606      	BSF        LCD_D4, BitPos(LCD_D4+0)
;__Lib_Lcd.c,107 :: 		
0x0225	0x1586      	BSF        LCD_EN, BitPos(LCD_EN+0)
;__Lib_Lcd.c,108 :: 		
0x0226	0x200A      	CALL       _Delay_1us
;__Lib_Lcd.c,109 :: 		
0x0227	0x1186      	BCF        LCD_EN, BitPos(LCD_EN+0)
;__Lib_Lcd.c,110 :: 		
0x0228	0x200D      	CALL       _Delay_5500us
;__Lib_Lcd.c,112 :: 		
0x0229	0x1586      	BSF        LCD_EN, BitPos(LCD_EN+0)
;__Lib_Lcd.c,113 :: 		
0x022A	0x200A      	CALL       _Delay_1us
;__Lib_Lcd.c,114 :: 		
0x022B	0x1186      	BCF        LCD_EN, BitPos(LCD_EN+0)
;__Lib_Lcd.c,115 :: 		
0x022C	0x200D      	CALL       _Delay_5500us
;__Lib_Lcd.c,117 :: 		
0x022D	0x1586      	BSF        LCD_EN, BitPos(LCD_EN+0)
;__Lib_Lcd.c,118 :: 		
0x022E	0x200A      	CALL       _Delay_1us
;__Lib_Lcd.c,119 :: 		
0x022F	0x1186      	BCF        LCD_EN, BitPos(LCD_EN+0)
;__Lib_Lcd.c,120 :: 		
0x0230	0x200D      	CALL       _Delay_5500us
;__Lib_Lcd.c,123 :: 		
0x0231	0x1206      	BCF        LCD_D4, BitPos(LCD_D4+0)
;__Lib_Lcd.c,124 :: 		
0x0232	0x1586      	BSF        LCD_EN, BitPos(LCD_EN+0)
;__Lib_Lcd.c,125 :: 		
0x0233	0x200A      	CALL       _Delay_1us
;__Lib_Lcd.c,126 :: 		
0x0234	0x1186      	BCF        LCD_EN, BitPos(LCD_EN+0)
;__Lib_Lcd.c,127 :: 		
0x0235	0x200D      	CALL       _Delay_5500us
;__Lib_Lcd.c,130 :: 		
0x0236	0x1586      	BSF        LCD_EN, BitPos(LCD_EN+0)
;__Lib_Lcd.c,131 :: 		
0x0237	0x200A      	CALL       _Delay_1us
;__Lib_Lcd.c,132 :: 		
0x0238	0x1186      	BCF        LCD_EN, BitPos(LCD_EN+0)
;__Lib_Lcd.c,134 :: 		
0x0239	0x1286      	BCF        LCD_D5, BitPos(LCD_D5+0)
;__Lib_Lcd.c,135 :: 		
0x023A	0x1786      	BSF        LCD_D7, BitPos(LCD_D7+0)
;__Lib_Lcd.c,136 :: 		
0x023B	0x1586      	BSF        LCD_EN, BitPos(LCD_EN+0)
;__Lib_Lcd.c,137 :: 		
0x023C	0x200A      	CALL       _Delay_1us
;__Lib_Lcd.c,138 :: 		
0x023D	0x1186      	BCF        LCD_EN, BitPos(LCD_EN+0)
;__Lib_Lcd.c,139 :: 		
0x023E	0x200D      	CALL       _Delay_5500us
;__Lib_Lcd.c,142 :: 		
0x023F	0x1386      	BCF        LCD_D7, BitPos(LCD_D7+0)
;__Lib_Lcd.c,143 :: 		
0x0240	0x1606      	BSF        LCD_D4, BitPos(LCD_D4+0)
;__Lib_Lcd.c,144 :: 		
0x0241	0x1586      	BSF        LCD_EN, BitPos(LCD_EN+0)
;__Lib_Lcd.c,145 :: 		
0x0242	0x200A      	CALL       _Delay_1us
;__Lib_Lcd.c,146 :: 		
0x0243	0x1186      	BCF        LCD_EN, BitPos(LCD_EN+0)
;__Lib_Lcd.c,148 :: 		
0x0244	0x1206      	BCF        LCD_D4, BitPos(LCD_D4+0)
;__Lib_Lcd.c,149 :: 		
0x0245	0x1586      	BSF        LCD_EN, BitPos(LCD_EN+0)
;__Lib_Lcd.c,150 :: 		
0x0246	0x200A      	CALL       _Delay_1us
;__Lib_Lcd.c,151 :: 		
0x0247	0x1186      	BCF        LCD_EN, BitPos(LCD_EN+0)
;__Lib_Lcd.c,152 :: 		
0x0248	0x200D      	CALL       _Delay_5500us
;__Lib_Lcd.c,155 :: 		
0x0249	0x1586      	BSF        LCD_EN, BitPos(LCD_EN+0)
;__Lib_Lcd.c,156 :: 		
0x024A	0x200A      	CALL       _Delay_1us
;__Lib_Lcd.c,157 :: 		
0x024B	0x1186      	BCF        LCD_EN, BitPos(LCD_EN+0)
;__Lib_Lcd.c,159 :: 		
0x024C	0x1606      	BSF        LCD_D4, BitPos(LCD_D4+0)
;__Lib_Lcd.c,160 :: 		
0x024D	0x1586      	BSF        LCD_EN, BitPos(LCD_EN+0)
;__Lib_Lcd.c,161 :: 		
0x024E	0x200A      	CALL       _Delay_1us
;__Lib_Lcd.c,162 :: 		
0x024F	0x1186      	BCF        LCD_EN, BitPos(LCD_EN+0)
;__Lib_Lcd.c,163 :: 		
0x0250	0x200D      	CALL       _Delay_5500us
;__Lib_Lcd.c,166 :: 		
0x0251	0x1206      	BCF        LCD_D4, BitPos(LCD_D4+0)
;__Lib_Lcd.c,167 :: 		
0x0252	0x1586      	BSF        LCD_EN, BitPos(LCD_EN+0)
;__Lib_Lcd.c,168 :: 		
0x0253	0x200A      	CALL       _Delay_1us
;__Lib_Lcd.c,169 :: 		
0x0254	0x1186      	BCF        LCD_EN, BitPos(LCD_EN+0)
;__Lib_Lcd.c,171 :: 		
0x0255	0x1786      	BSF        LCD_D7, BitPos(LCD_D7+0)
;__Lib_Lcd.c,172 :: 		
0x0256	0x1706      	BSF        LCD_D6, BitPos(LCD_D6+0)
;__Lib_Lcd.c,173 :: 		
0x0257	0x1686      	BSF        LCD_D5, BitPos(LCD_D5+0)
;__Lib_Lcd.c,174 :: 		
0x0258	0x1606      	BSF        LCD_D4, BitPos(LCD_D4+0)
;__Lib_Lcd.c,175 :: 		
0x0259	0x1586      	BSF        LCD_EN, BitPos(LCD_EN+0)
;__Lib_Lcd.c,176 :: 		
0x025A	0x200A      	CALL       _Delay_1us
;__Lib_Lcd.c,177 :: 		
0x025B	0x1186      	BCF        LCD_EN, BitPos(LCD_EN+0)
;__Lib_Lcd.c,179 :: 		
0x025C	0x200D      	CALL       _Delay_5500us
;__Lib_Lcd.c,181 :: 		
0x025D	0x142C      	BSF        __Lib_Lcd_cmd_status, BitPos(__Lib_Lcd_cmd_status+0)
;__Lib_Lcd.c,182 :: 		
L_end_Lcd_Init:
0x025E	0x0008      	RETURN
; end of _Lcd_Init
_Man_Receive_Init:
;__Lib_Manchester.c,260 :: 		
;__Lib_Manchester.c,261 :: 		
0x025F	0x1283      	BCF        STATUS, 5
0x0260	0x1303      	BCF        STATUS, 6
0x0261	0x01B3      	CLRF       Man_Receive_Init_t1_L0
0x0262	0x01B4      	CLRF       Man_Receive_Init_t2_L0
;__Lib_Manchester.c,263 :: 		
0x0263	0x1683      	BSF        STATUS, 5
0x0264	0x1406      	BSF        MANRXPIN_Direction, BitPos(MANRXPIN_Direction+0)
;__Lib_Manchester.c,265 :: 		
L_Man_Receive_Init72:
0x0265	0x2062      	CALL       _Man_Synchro
0x0266	0x0870      	MOVF       R0, 0
0x0267	0x00B4      	MOVWF      Man_Receive_Init_t2_L0
0x0268	0x0870      	MOVF       R0, 0
0x0269	0x1D03      	BTFSS      STATUS, 2
0x026A	0x2A76      	GOTO       L_Man_Receive_Init73
;__Lib_Manchester.c,266 :: 		
0x026B	0x0AB3      	INCF       Man_Receive_Init_t1_L0, 1
0x026C	0x0833      	MOVF       Man_Receive_Init_t1_L0, 0
0x026D	0x3C64      	SUBLW      100
0x026E	0x1803      	BTFSC      STATUS, 0
0x026F	0x2A75      	GOTO       L_Man_Receive_Init74
;__Lib_Manchester.c,267 :: 		
0x0270	0x3001      	MOVLW      1
0x0271	0x00F0      	MOVWF      R0
0x0272	0x3000      	MOVLW      0
0x0273	0x00F1      	MOVWF      R0+1
0x0274	0x2A80      	GOTO       L_end_Man_Receive_Init
L_Man_Receive_Init74:
;__Lib_Manchester.c,268 :: 		
0x0275	0x2A65      	GOTO       L_Man_Receive_Init72
L_Man_Receive_Init73:
;__Lib_Manchester.c,269 :: 		
0x0276	0x0834      	MOVF       Man_Receive_Init_t2_L0, 0
0x0277	0x3AFF      	XORLW      255
0x0278	0x1D03      	BTFSS      STATUS, 2
0x0279	0x2A7E      	GOTO       L_Man_Receive_Init75
;__Lib_Manchester.c,270 :: 		
0x027A	0x30FF      	MOVLW      255
0x027B	0x00F0      	MOVWF      R0
0x027C	0x01F1      	CLRF       R0+1
0x027D	0x2A80      	GOTO       L_end_Man_Receive_Init
L_Man_Receive_Init75:
;__Lib_Manchester.c,272 :: 		
0x027E	0x01F0      	CLRF       R0
0x027F	0x01F1      	CLRF       R0+1
;__Lib_Manchester.c,273 :: 		
L_end_Man_Receive_Init:
0x0280	0x0008      	RETURN
; end of _Man_Receive_Init
_main:
0x0281	0x3052      	MOVLW      82
0x0282	0x1283      	BCF        STATUS, 5
0x0283	0x1303      	BCF        STATUS, 6
0x0284	0x00A0      	MOVWF      ?lstr1_fire_32car
0x0285	0x3046      	MOVLW      70
0x0286	0x00A1      	MOVWF      33
0x0287	0x3020      	MOVLW      32
0x0288	0x00A2      	MOVWF      34
0x0289	0x3073      	MOVLW      115
0x028A	0x00A3      	MOVWF      35
0x028B	0x3069      	MOVLW      105
0x028C	0x00A4      	MOVWF      36
0x028D	0x3067      	MOVLW      103
0x028E	0x00A5      	MOVWF      37
0x028F	0x306E      	MOVLW      110
0x0290	0x00A6      	MOVWF      38
0x0291	0x3061      	MOVLW      97
0x0292	0x00A7      	MOVWF      39
0x0293	0x306C      	MOVLW      108
0x0294	0x00A8      	MOVWF      40
0x0295	0x303A      	MOVLW      58
0x0296	0x00A9      	MOVWF      41
0x0297	0x3020      	MOVLW      32
0x0298	0x00AA      	MOVWF      42
0x0299	0x01AB      	CLRF       43
;fire car.c,18 :: 		void main() {
;fire car.c,19 :: 		Lcd_Init();
0x029A	0x2211      	CALL       _Lcd_Init
;fire car.c,20 :: 		Lcd_Cmd(_LCD_CLEAR);
0x029B	0x3001      	MOVLW      1
0x029C	0x00BA      	MOVWF      FARG_Lcd_Cmd_out_char
0x029D	0x201A      	CALL       _Lcd_Cmd
;fire car.c,21 :: 		lcd_cmd(_lcd_cursor_off);
0x029E	0x300C      	MOVLW      12
0x029F	0x00BA      	MOVWF      FARG_Lcd_Cmd_out_char
0x02A0	0x201A      	CALL       _Lcd_Cmd
;fire car.c,22 :: 		Man_Receive_Init();
0x02A1	0x225F      	CALL       _Man_Receive_Init
;fire car.c,24 :: 		while(1){
L_main0:
;fire car.c,25 :: 		lcd_out(1,1,"RF signal: ");
0x02A2	0x3001      	MOVLW      1
0x02A3	0x00B3      	MOVWF      FARG_Lcd_Out_row
0x02A4	0x3001      	MOVLW      1
0x02A5	0x00B4      	MOVWF      FARG_Lcd_Out_column
0x02A6	0x3020      	MOVLW      ?lstr1_fire_32car
0x02A7	0x00B5      	MOVWF      FARG_Lcd_Out_text
0x02A8	0x21C5      	CALL       _Lcd_Out
;fire car.c,26 :: 		rf_rx = Man_Receive(&err);
0x02A9	0x302D      	MOVLW      _err
0x02AA	0x00B3      	MOVWF      FARG_Man_Receive_error
0x02AB	0x2116      	CALL       _Man_Receive
0x02AC	0x0870      	MOVF       R0, 0
0x02AD	0x00B2      	MOVWF      _rf_rx
;fire car.c,27 :: 		if(err);
0x02AE	0x082D      	MOVF       _err, 0
0x02AF	0x1903      	BTFSC      STATUS, 2
0x02B0	0x2AB2      	GOTO       L_main2
0x02B1	0x2AC2      	GOTO       L_main3
L_main2:
;fire car.c,29 :: 		if(rf_rx >= 0 && rf_rx < 10) lcd_chr(2,rf_rx, rf_rx + 48);
0x02B2	0x3000      	MOVLW      0
0x02B3	0x0232      	SUBWF      _rf_rx, 0
0x02B4	0x1C03      	BTFSS      STATUS, 0
0x02B5	0x2AC2      	GOTO       L_main6
0x02B6	0x300A      	MOVLW      10
0x02B7	0x0232      	SUBWF      _rf_rx, 0
0x02B8	0x1803      	BTFSC      STATUS, 0
0x02B9	0x2AC2      	GOTO       L_main6
L__main7:
0x02BA	0x3002      	MOVLW      2
0x02BB	0x00B3      	MOVWF      FARG_Lcd_Chr_row
0x02BC	0x0832      	MOVF       _rf_rx, 0
0x02BD	0x00B4      	MOVWF      FARG_Lcd_Chr_column
0x02BE	0x3030      	MOVLW      48
0x02BF	0x0732      	ADDWF      _rf_rx, 0
0x02C0	0x00B5      	MOVWF      FARG_Lcd_Chr_out_char
0x02C1	0x20E1      	CALL       _Lcd_Chr
L_main6:
;fire car.c,30 :: 		}
L_main3:
;fire car.c,31 :: 		}
0x02C2	0x2AA2      	GOTO       L_main0
;fire car.c,32 :: 		}
L_end_main:
0x02C3	0x2AC3      	GOTO       $+0
; end of _main
Symbol List:
//** Routines locations **
//ADDRESS    SIZE    PROCEDURE
//----------------------------------------------
0x0003       [7]    _Delay_50us
0x000A       [3]    _Delay_1us
0x000D      [13]    _Delay_5500us
0x001A      [64]    _Lcd_Cmd
0x005A       [8]    _Delay_10us
0x0062     [112]    _Man_Synchro
0x00D2       [7]    _____DoICP
0x00D9       [8]    _Lcd_Chr_CP
0x00E1      [53]    _Lcd_Chr
0x0116     [175]    _Man_Receive
0x01C5      [64]    _Lcd_Out
0x0205      [12]    ___CC2DW
0x0211      [78]    _Lcd_Init
0x025F      [34]    _Man_Receive_Init
0x0281      [67]    _main
//** Variables locations ** 
//ADDRESS    SIZE    VARIABLE
//----------------------------------------------
0x0000       [1]    INDF
0x0002       [1]    PCL
0x0003       [1]    STATUS
0x0004       [1]    FSR
0x0006       [0]    LCD_D5
0x0006       [0]    LCD_RS
0x0006       [0]    RB4_bit
0x0006       [0]    RB0_bit
0x0006       [0]    LCD_D7
0x0006       [0]    RB7_bit
0x0006       [0]    LCD_D6
0x0006       [0]    RB5_bit
0x0006       [0]    RB6_bit
0x0006       [0]    RB3_bit
0x0006       [0]    MANRXPIN
0x0006       [0]    LCD_D4
0x0006       [0]    RB2_bit
0x0006       [0]    LCD_EN
0x000A       [1]    PCLATH
0x0020      [12]    ?lstr1_fire_32car
0x002C       [0]    __Lib_Manchester___StopWaiting
0x002C       [0]    __Lib_Lcd_cmd_status
0x002D       [1]    _err
0x002E       [1]    _FullBits
0x002F       [1]    _HalfbitS
0x0030       [2]    ___DoICPAddr
0x0032       [1]    _rf_rx
0x0033       [1]    Man_Receive_Init_t1_L0
0x0033       [1]    FARG_Lcd_Chr_row
0x0033       [1]    FARG_Man_Receive_error
0x0033       [1]    FARG_Lcd_Out_row
0x0034       [1]    FARG_Lcd_Out_column
0x0034       [1]    Man_Receive_cnt_L0
0x0034       [1]    FARG_Lcd_Chr_column
0x0034       [1]    Man_Receive_Init_t2_L0
0x0035       [1]    FARG_Lcd_Chr_out_char
0x0035       [1]    Man_Receive_result_L0
0x0035       [1]    FARG_Lcd_Out_text
0x0036       [1]    Lcd_Out_i_L0
0x0037       [1]    FARG_Lcd_Chr_CP_out_char
0x0037       [1]    Man_Synchro_m4_L0
0x0038       [1]    Man_Synchro_m1_L0
0x0039       [1]    Man_Synchro_m2_L0
0x003A       [1]    FARG_Lcd_Cmd_out_char
0x0070       [1]    R0
0x0071       [1]    R1
0x0072       [1]    R2
0x0073       [1]    R3
0x0074       [1]    R4
0x0075       [1]    R5
0x0076       [1]    R6
0x0077       [1]    R7
0x0078       [1]    R8
0x0079       [1]    R9
0x007A       [1]    R10
0x007B       [1]    R11
0x007C       [1]    R12
0x007D       [1]    R13
0x007E       [1]    R14
0x007F       [1]    R15
0x0086       [0]    TRISB2_bit
0x0086       [0]    TRISB0_bit
0x0086       [0]    TRISB6_bit
0x0086       [0]    TRISB7_bit
0x0086       [0]    TRISB5_bit
0x0086       [0]    TRISB3_bit
0x0086       [0]    TRISB4_bit
0x0086       [0]    LCD_RS_Direction
0x0086       [0]    MANRXPIN_Direction
0x0086       [0]    LCD_EN_Direction
0x0086       [0]    LCD_D7_Direction
0x0086       [0]    LCD_D4_Direction
0x0086       [0]    LCD_D5_Direction
0x0086       [0]    LCD_D6_Direction
