MPASM  5.42                               A.S   11-29-2018  19:52:30         PAGE  1


LOC  OBJECT CODE     LINE SOURCE TEXT
  VALUE


                      00002         list
                      00003 ;{
                      00004 ;FILE F1 = C:\USERS\ANTOR\GOOGLE~1\EMBEDD~1\TANVIR~1\PROJECTS\641828~1.IOT\FIRMWARE\IOTHOME.BAS
                      00005 ;FILE F2 = C:\USERS\ANTOR\GOOGLE~1\EMBEDD~1\TANVIR~1\PROJECTS\641828~1.IOT\FIRMWARE\IOTHOME.PRP
                      00006 ;}
                      00007 ;[Variable Listing]
                      00008 ;rly1_status,0041,DT_BYTE,1
                      00009 ;rly2_status,0042,DT_BYTE,1
                      00010 ;rly3_status,0043,DT_BYTE,1
                      00011 ;msg,0044,DT_BYTE,4
                      00012 ;temp,0048,DT_BYTE,1
                      00013 ;X,0049,DT_WORD,2
                      00014 ;g_value,004B,DT_BYTE,1
                      00015 ;t_value,004C,DT_BYTE,1
                      00016 ;s_value,004D,DT_BYTE,1
                      00017 ;sound_sense,0007.0,DT_BIT
                      00018 ;relay_1,0007.1,DT_BIT
                      00019 ;relay_2,0007.2,DT_BIT
                      00020 ;relay_3,0007.3,DT_BIT
                      00021 ;[End Listing]
                      00022 ;[TOTAL VARS] 46

MESSAGE[308]: WARNING LEVEL SUPERSEDED BY COMMAND LINE VALUE. (2)
                      00024  LIST  P = 16F73, F = INHX8M, W = 2, X = ON, R = DEC, MM = ON, N = 0, C = 255
  00000000            00025 INDF equ 0X0000
  00000001            00026 TMR0 equ 0X0001
  00000002            00027 PCL equ 0X0002
  00000003            00028 STATUS equ 0X0003
  00000004            00029 FSR equ 0X0004
  00000005            00030 PORTA equ 0X0005
  00000006            00031 PORTB equ 0X0006
  00000007            00032 PORTC equ 0X0007
  0000000A            00033 PCLATH equ 0X000A
  0000000B            00034 INTCON equ 0X000B
  0000000C            00035 PIR1 equ 0X000C
  0000000D            00036 PIR2 equ 0X000D
  0000000E            00037 TMR1L equ 0X000E
  0000000F            00038 TMR1LH equ 0X000F
  0000000F            00039 TMR1H equ 0X000F
  00000010            00040 T1CON equ 0X0010
  00000011            00041 TMR2 equ 0X0011
  00000012            00042 T2CON equ 0X0012
  00000013            00043 SSPBUF equ 0X0013
  00000014            00044 SSPCON equ 0X0014
  00000015            00045 CCPR1L equ 0X0015
  00000016            00046 CCPR1LH equ 0X0016
  00000016            00047 CCPR1H equ 0X0016
  00000017            00048 CCP1CON equ 0X0017
  00000018            00049 RCSTA equ 0X0018
  00000019            00050 TXREG equ 0X0019
  0000001A            00051 RCREG equ 0X001A
  0000001B            00052 CCPR2L equ 0X001B
  0000001C            00053 CCPR2LH equ 0X001C
  0000001C            00054 CCPR2H equ 0X001C
  0000001D            00055 CCP2CON equ 0X001D
  0000001E            00056 ADRES equ 0X001E
  0000001F            00057 ADCON0 equ 0X001F
  00000081            00058 OPTION_REG equ 0X0081
  00000085            00059 TRISA equ 0X0085
  00000086            00060 TRISB equ 0X0086
  00000087            00061 TRISC equ 0X0087
  0000008C            00062 PIE1 equ 0X008C
  0000008D            00063 PIE2 equ 0X008D
  0000008E            00064 PCON equ 0X008E
  00000092            00065 PR2 equ 0X0092
  00000093            00066 SSPADD equ 0X0093
  00000094            00067 SSPSTAT equ 0X0094
  00000098            00068 TXSTA equ 0X0098
  00000099            00069 SPBRG equ 0X0099
  0000009F            00070 ADCON1 equ 0X009F
  0000010C            00071 EEDATL equ 0X010C
  0000010C            00072 PMDATL equ 0X010C
  0000010C            00073 EEDATA equ 0X010C
  0000010C            00074 EEDAT equ 0X010C
  0000010C            00075 PMDATA equ 0X010C
  0000010D            00076 EEADR equ 0X010D
  0000010D            00077 PMADR equ 0X010D
  0000010E            00078 EEDATLH equ 0X010E
  0000010E            00079 PMDATLH equ 0X010E
  0000010E            00080 EEDATH equ 0X010E
  0000010E            00081 PMDATH equ 0X010E
  0000010F            00082 EEADRH equ 0X010F
  0000010F            00083 PMADRH equ 0X010F
  0000018C            00084 EECON1 equ 0X018C
  0000018C            00085 PMCON1 equ 0X018C
  00000087            00086 _I2C_SCL_PORT=TRISC
  00000003            00087 _I2C_SCL_PIN=3
  00000087            00088 _I2C_SDA_PORT=TRISC
  00000004            00089 _I2C_SDA_PIN=4
  00000007            00090 IRP=7
  00000006            00091 RP1=6
  00000005            00092 RP0=5
  00000004            00093 NOT_TO=4
  00000003            00094 NOT_PD=3
  00000002            00095 Z=2
  00000001            00096 DC=1
  00000000            00097 C=0
  00000007            00098 GIE=7
  00000006            00099 PEIE=6
  00000005            00100 T0IE=5
  00000004            00101 INTE=4
  00000003            00102 RBIE=3
  00000002            00103 T0IF=2
  00000001            00104 INTF=1
  00000000            00105 RBIF=0
  00000006            00106 ADIF=6
  00000005            00107 RCIF=5
  00000005            00108 PP_RCIF=5
  00000004            00109 TXIF=4
  00000004            00110 PP_TXIF=4
  00000003            00111 SSPIF=3
  00000002            00112 CCP1IF=2
  00000001            00113 TMR2IF=1
  00000000            00114 TMR1IF=0
  00000000            00115 CCP2IF=0
  00000005            00116 T1CKPS1=5
  00000004            00117 T1CKPS0=4
  00000003            00118 T1OSCEN=3
  00000002            00119 NOT_T1SYNC=2
  00000002            00120 T1INSYNC=2
  00000001            00121 TMR1CS=1
  00000000            00122 TMR1ON=0
  00000006            00123 TOUTPS3=6
  00000005            00124 TOUTPS2=5
  00000004            00125 TOUTPS1=4
  00000003            00126 TOUTPS0=3
  00000002            00127 TMR2ON=2
  00000002            00128 PP_TMR2ON=2
  00000001            00129 T2CKPS1=1
  00000001            00130 PP_T2CKPS1=1
  00000000            00131 T2CKPS0=0
  00000000            00132 PP_T2CKPS0=0
  00000007            00133 WCOL=7
  00000006            00134 SSPOV=6
  00000005            00135 SSPEN=5
  00000004            00136 CKP=4
  00000003            00137 SSPM3=3
  00000002            00138 SSPM2=2
  00000001            00139 SSPM1=1
  00000000            00140 SSPM0=0
  00000005            00141 CCP1X=5
  00000004            00142 CCP1Y=4
  00000003            00143 CCP1M3=3
  00000002            00144 CCP1M2=2
  00000001            00145 CCP1M1=1
  00000000            00146 CCP1M0=0
  00000007            00147 SPEN=7
  00000006            00148 RX9=6
  00000006            00149 RC9=6
  00000006            00150 NOT_RC8=6
  00000006            00151 RC8_9=6
  00000005            00152 SREN=5
  00000004            00153 CREN=4
  00000004            00154 PP_CREN=4
  00000002            00155 FERR=2
  00000001            00156 OERR=1
  00000001            00157 PP_OERR=1
  00000000            00158 RX9D=0
  00000000            00159 RCD8=0
  00000005            00160 CCP2X=5
  00000004            00161 CCP2Y=4
  00000003            00162 CCP2M3=3
  00000002            00163 CCP2M2=2
  00000001            00164 CCP2M1=1
  00000000            00165 CCP2M0=0
  00000007            00166 ADCS1=7
  00000006            00167 ADCS0=6
  00000005            00168 CHS2=5
  00000004            00169 CHS1=4
  00000003            00170 CHS0=3
  00000002            00171 GO=2
  00000002            00172 NOT_DONE=2
  00000002            00173 GO_DONE=2
  00000002            00174 PP_GO_DONE=2
  00000000            00175 ADON=0
  00000007            00176 NOT_RBPU=7
  00000006            00177 INTEDG=6
  00000005            00178 T0CS=5
  00000004            00179 T0SE=4
  00000003            00180 PSA=3
  00000002            00181 PS2=2
  00000001            00182 PS1=1
  00000000            00183 PS0=0
  00000006            00184 ADIE=6
  00000005            00185 RCIE=5
  00000004            00186 TXIE=4
  00000003            00187 SSPIE=3
  00000002            00188 CCP1IE=2
  00000001            00189 TMR2IE=1
  00000000            00190 TMR1IE=0
  00000000            00191 CCP2IE=0
  00000001            00192 NOT_POR=1
  00000000            00193 NOT_BO=0
  00000000            00194 NOT_BOR=0
  00000007            00195 SMP=7
  00000006            00196 CKE=6
  00000005            00197 I2C_DATA=5
  00000005            00198 NOT_A=5
  00000005            00199 NOT_ADDRESS=5
  00000005            00200 D_A=5
  00000005            00201 DATA_ADDRESS=5
  00000004            00202 I2C_STOP=4
  00000003            00203 I2C_START=3
  00000002            00204 I2C_READ=2
  00000002            00205 NOT_W=2
  00000002            00206 NOT_WRITE=2
  00000002            00207 R_W=2
  00000002            00208 PP_R_W=2
  00000002            00209 READ_WRITE=2
  00000001            00210 UA=1
  00000000            00211 BF=0
  00000000            00212 PP_BF=0
  00000007            00213 CSRC=7
  00000006            00214 TX9=6
  00000006            00215 NOT_TX8=6
  00000006            00216 TX8_9=6
  00000005            00217 TXEN=5
  00000004            00218 SYNC=4
  00000002            00219 BRGH=2
  00000001            00220 TRMT=1
  00000000            00221 TX9D=0
  00000000            00222 TXD8=0
  00000002            00223 PCFG2=2
  00000001            00224 PCFG1=1
  00000000            00225 PCFG0=0
  00000000            00226 RD=0
  00000000            00227 PP_RD=0
  000001FF            00228   __MAXRAM 0X1FF
                      00229   __BADRAM 0X08-0X09
                      00230   __BADRAM 0X88-0X89, 0X8F-0X91, 0X95-0X97, 0X9A-0X9E
                      00231   __BADRAM 0X105, 0X107-0X109, 0X110-0X11F
                      00232   __BADRAM 0X185, 0X187-0X189, 0X18D-0X19F
  00003FFF            00233 BODEN_ON equ 0X3FFF
  00003FBF            00234 BODEN_OFF equ 0X3FBF
  00003FEF            00235 CP_ALL equ 0X3FEF
  00003FFF            00236 CP_OFF equ 0X3FFF
  00003FFF            00237 PWRTE_OFF equ 0X3FFF
  00003FF7            00238 PWRTE_ON equ 0X3FF7
  00003FFF            00239 WDT_ON equ 0X3FFF
  00003FFB            00240 WDT_OFF equ 0X3FFB
  00003FFC            00241 LP_OSC equ 0X3FFC
  00003FFD            00242 XT_OSC equ 0X3FFD
  00003FFE            00243 HS_OSC equ 0X3FFE
  00003FFF            00244 RC_OSC equ 0X3FFF
  00003FBF            00245 BOREN_OFF equ 0X3FBF
  00003FFF            00246 BOREN_ON equ 0X3FFF
  00003FEF            00247 CP_ON equ 0X3FEF
  00003FFE            00248 FOSC_HS equ 0X3FFE
  00003FFC            00249 FOSC_LP equ 0X3FFC
  00003FFF            00250 FOSC_RC equ 0X3FFF
  00003FFD            00251 FOSC_XT equ 0X3FFD
  00003FFB            00252 WDTE_OFF equ 0X3FFB
  00003FFF            00253 WDTE_ON equ 0X3FFF

                      00257 #define __16F73 1
                      00258 #define XTAL 10
                      00259 #define _CORE 14
                      00260 #define _MAXRAM 192
                      00261 #define _RAM_END 0X00C0
                      00262 #define _MAXMEM 4096
                      00263 #define _ADC 5
                      00264 #define _ADC_RES 8
                      00265 #define _EEPROM 0
                      00266 #define _PAGES 2
                      00267 #define _BANKS 3
                      00268 #define RAM_BANKS 2
                      00269 #define _USART 1
                      00270 #define _USB 0
                      00271 #define _FLASH 2
                      00272 #define _CWRITE_BLOCK 0
                      00273 #define BANK0_START 0X20
                      00274 #define BANK0_END 0X7F
                      00275 #define BANK1_START 0X00A0
                      00276 #define BANK1_END 0X00FF
                      00277 #define BANK2_START 0X0110
                      00278 #define BANK2_END 0X0120
                      00279 #define BANK3_START 0X0190
                      00280 #define BANK3_END 0X01A0
                      00281 #define _SYSTEM_VARIABLE_COUNT 33
  00000000            00282 ram_bank = 0
  00000000            00283 CURRENT@PAGE = 0
  00000000            00284 DEST@PAGE = 0
                      00285 #define LCD#DTPORT PORTB
                      00286 #define LCD#DTPIN 4
                      00287 #define LCD#RSPORT PORTB
                      00288 #define LCD#RSPIN 1
                      00289 #define LCD#ENPORT PORTB
                      00290 #define LCD#ENPIN 2
                      00291 #define LCD#INTERFACE 4
                      00292 #define LCD#TYPE 0
                      00294 f@call macro PDEST
                      00295 if(PDEST < 1)
                      00296 if((PDEST & 2048) == 0)
                      00297         bcf 10,3
                      00298 else
                      00299         bsf 10,3
                      00300 endif
                      00301 else
                      00302 if(PDEST > $)
                      00303 if((PDEST & 2048) == 0)
                      00304         bcf 10,3
                      00305 else
                      00306         bsf 10,3
                      00307 endif
                      00308 else
                      00309 if((PDEST & 6144) == 0)
                      00310         clrf 10
                      00311 else
                      00312 if((PDEST & 2048) == 0)
                      00313         bcf 10,3
                      00314 else
                      00315         bsf 10,3
                      00316 endif
                      00317 endif
                      00318 endif
                      00319 endif
                      00320         call PDEST
                      00321         endm
                      00322 F@JUMP macro PDEST
                      00323 if(PDEST < 1)
                      00324 if((PDEST & 2048) == 0)
                      00325         bcf 10,3
                      00326 else
                      00327         bsf 10,3
                      00328 endif
                      00329 else
                      00330 if(PDEST > $)
                      00331 if((PDEST & 2048) == 0)
                      00332         bcf 10,3
                      00333 else
                      00334         bsf 10,3
                      00335 endif
                      00336 else
                      00337 if((PDEST & 6144) == 0)
                      00338         clrf 10
                      00339 else
                      00340 if((PDEST & 2048) == 0)
                      00341         bcf 10,3
                      00342 else
                      00343         bsf 10,3
                      00344 endif
                      00345 endif
                      00346 endif
                      00347 endif
                      00348         goto PDEST
                      00349         endm
                      00350 set@page macro PDEST
                      00351 if((PDEST & 2048) == 0)
                      00352         bcf 10,3
                      00353 else
                      00354         bsf 10,3
                      00355 endif
                      00356         endm
                      00357 s@b     macro pVarin
                      00358 if((pVarin & 384) == 0)
                      00359 if(ram_bank == 1)
                      00360         bcf 3,5
                      00361 endif
                      00362 if(ram_bank == 2)
                      00363         bcf 3,6
                      00364 endif
                      00365 if(ram_bank == 3)
                      00366         bcf 3,5
                      00367         bcf 3,6
                      00368 endif
                      00369 ram_bank = 0
                      00370 endif
                      00371 if((pVarin & 384) == 128)
                      00372 if(ram_bank == 0)
                      00373         bsf 3,5
                      00374 endif
                      00375 if(ram_bank == 2)
                      00376         bsf 3,5
                      00377         bcf 3,6
                      00378 endif
                      00379 if(ram_bank == 3)
                      00380         bcf 3,6
                      00381 endif
                      00382 ram_bank = 1
                      00383 endif
                      00384 if((pVarin & 384) == 256)
                      00385 if(ram_bank == 0)
                      00386         bsf 3,6
                      00387 endif
                      00388 if(ram_bank == 1)
                      00389         bcf 3,5
                      00390         bsf 3,6
                      00391 endif
                      00392 if(ram_bank == 3)
                      00393         bcf 3,5
                      00394 endif
                      00395 ram_bank = 2
                      00396 endif
                      00397 if((pVarin & 384) == 384)
                      00398 if(ram_bank == 0)
                      00399         bsf 3,5
                      00400         bsf 3,6
                      00401 endif
                      00402 if(ram_bank == 1)
                      00403         bsf 3,6
                      00404 endif
                      00405 if(ram_bank == 2)
                      00406         bsf 3,5
                      00407 endif
                      00408 ram_bank = 3
                      00409 endif
                      00410         endm
                      00411 r@b     macro
                      00412 if((ram_bank & 1) != 0)
                      00413         bcf 3,5
                      00414 endif
                      00415 if((ram_bank & 2) != 0)
                      00416         bcf 3,6
                      00417 endif
                      00418 ram_bank = 0
                      00419         endm
                      00420 jump macro PLABEL
                      00421     goto PLABEL
                      00422     endm
                      00423 wreg_byte macro pByteOut
                      00424     s@b pByteOut
                      00425     movwf pByteOut
                      00426     r@b
                      00427     endm
                      00428 wreg_bit macro pVarOut,pBitout
                      00429     s@b pVarOut
                      00430     andlw 1
                      00431     btfsc STATUS,2
                      00432     bcf pVarOut,pBitout
                      00433     btfss STATUS,2
                      00434     bsf pVarOut,pBitout
                      00435     r@b
                      00436     endm
                      00437 wreg_word macro pWordOut
                      00438     s@b pWordOut
                      00439     movwf pWordOut
                      00440     s@b pWordOut+1
                      00441     clrf pWordOut+1
                      00442     r@b
                      00443     endm
                      00444 wreg_dword macro pDwordOut
                      00445     s@b pDwordOut+3
                      00446     clrf pDwordOut+3
                      00447     s@b pDwordOut+2
                      00448     clrf pDwordOut+2
                      00449     s@b pDwordOut+1
                      00450     clrf pDwordOut+1
                      00451     s@b pDwordOut
                      00452     movwf pDwordOut
                      00453     r@b
                      00454     endm
                      00455 byte_wreg macro pByteIn
                      00456     s@b pByteIn
                      00457     movf pByteIn,W
                      00458     r@b
                      00459     endm
                      00460 num_wreg macro pNumIn
                      00461     movlw (pNumIn & 255)
                      00462     endm
                      00463 num_byte macro pNumIn,pByteOut
                      00464     s@b pByteOut
                      00465 if(pNumIn == 0)
                      00466     clrf pByteOut
                      00467 else
                      00468     movlw (pNumIn & 255)
                      00469     movwf pByteOut
                      00470 endif
                      00471     r@b
                      00472     endm
                      00473 num_bit macro pNumIn,pVarOut,pBitout
                      00474     s@b pVarOut
                      00475 if((pNumIn & 1) == 1)
                      00476     bsf pVarOut,pBitout
                      00477 else
                      00478     bcf pVarOut,pBitout
                      00479 endif
                      00480     r@b
                      00481     endm
                      00482 num_word macro pNumIn,pWordOut
                      00483 if((pNumIn & 255) == 0)
                      00484     s@b pWordOut
                      00485     clrf pWordOut
                      00486 else
                      00487     s@b pWordOut
                      00488     movlw low (pNumIn)
                      00489     movwf pWordOut
                      00490 endif
                      00491 if(((pNumIn >> 8) & 255) == 0)
                      00492     s@b pWordOut+1
                      00493     clrf pWordOut+1
                      00494 else
                      00495     s@b pWordOut+1
                      00496     movlw high (pNumIn)
                      00497     movwf pWordOut+1
                      00498 endif
                      00499     r@b
                      00500     endm
                      00501 num_dword macro pNumIn,pDwordOut
                      00502 if ((pNumIn >> 24 & 255) == 0)
                      00503     s@b pDwordOut+3
                      00504     clrf pDwordOut+3
                      00505 else
                      00506     s@b pDwordOut+3
                      00507     movlw ((pNumIn >> 24) & 255)
                      00508     movwf pDwordOut+3
                      00509 endif
                      00510 if( ((pNumIn >> 16) & 255) == 0)
                      00511     s@b pDwordOut+2
                      00512     clrf pDwordOut+2
                      00513 else
                      00514     s@b pDwordOut+2
                      00515     movlw ((pNumIn >> 16) & 255)
                      00516     movwf pDwordOut+2
                      00517 endif
                      00518 if( ((pNumIn >> 8) & 255) == 0)
                      00519     s@b pDwordOut+1
                      00520     clrf pDwordOut+1
                      00521 else
                      00522     s@b pDwordOut+1
                      00523     movlw high (pNumIn)
                      00524     movwf pDwordOut+1
                      00525 endif
                      00526 if((pNumIn & 255) == 0)
                      00527     s@b pDwordOut
                      00528     clrf pDwordOut
                      00529 else
                      00530     s@b pDwordOut
                      00531     movlw low (pNumIn)
                      00532     movwf pDwordOut
                      00533 endif
                      00534     r@b
                      00535     endm
                      00536 bit_wreg macro pVarin,pBitIn
                      00537     s@b pVarin
                      00538     clrw
                      00539     btfsc pVarin,pBitIn
                      00540     movlw 1
                      00541     r@b
                      00542     endm
                      00543 bit_byte macro pVarin,pBitIn,pByteOut
                      00544     s@b pVarin
                      00545     clrw
                      00546     btfsc pVarin,pBitIn
                      00547     movlw 1
                      00548     s@b pByteOut
                      00549     movwf pByteOut
                      00550     r@b
                      00551     endm
                      00552 bit_bit macro pVarin,pBitIn,pVarOut,pBitout
                      00553 if((pVarin & 65408) == (pVarOut & 65408))
                      00554     s@b pVarOut
                      00555     btfsc pVarin,pBitIn
                      00556     bsf pVarOut,pBitout
                      00557     btfss pVarin,pBitIn
                      00558     bcf pVarOut,pBitout
                      00559 else
                      00560     s@b pVarin
                      00561     clrdc
                      00562     btfsc pVarin,pBitIn
                      00563     setdc
                      00564     s@b pVarOut
                      00565     skpndc
                      00566     bsf pVarOut,pBitout
                      00567     skpdc
                      00568     bcf pVarOut,pBitout
                      00569 endif
                      00570     endm
                      00571 bit_word macro pVarin,pBitIn,pWordOut
                      00572     s@b pWordOut+1
                      00573     clrf pWordOut+1
                      00574     bit_byte pVarin,pBitIn,pWordOut
                      00575     endm
                      00576 bit_dword macro pVarin,pBitIn,pDwordOut
                      00577     s@b pDwordOut+3
                      00578     clrf pDwordOut+3
                      00579     s@b pDwordOut+2
                      00580     clrf pDwordOut+2
                      00581     s@b pDwordOut+1
                      00582     clrf pDwordOut+1
                      00583     bit_byte pVarin,pBitIn,pDwordOut
                      00584     endm
                      00585 word_wreg macro pWordIn
                      00586     byte_wreg pWordIn
                      00587     endm
                      00588 word_byte macro pWordIn,pByteOut
                      00589     byte_byte pWordIn,pByteOut
                      00590     endm
                      00591 word_bit macro pWordIn,pVarOut,pBitout
                      00592     byte_bit pWordIn, pVarOut, pBitout
                      00593     endm
                      00594 word_word macro pWordIn,pWordOut
                      00595     s@b pWordIn+1
                      00596     movf pWordIn+1,W
                      00597     s@b pWordOut+1
                      00598     movwf pWordOut+1
                      00599     byte_byte pWordIn,pWordOut
                      00600     endm
                      00601 word_dword macro pWordIn,pDwordOut
                      00602     s@b pDwordOut+3
                      00603     clrf pDwordOut+3
                      00604     s@b pDwordOut+2
                      00605     clrf pDwordOut+2
                      00606     byte_byte pWordIn+1,pDwordOut+1
                      00607     byte_byte pWordIn,pDwordOut
                      00608     endm
                      00609 byte_byte macro pByteIn,pByteOut
                      00610     s@b pByteIn
                      00611     movf pByteIn,W
                      00612     s@b pByteOut
                      00613     movwf pByteOut
                      00614     r@b
                      00615     endm
                      00616 byte_word macro pByteIn,pWordOut
                      00617     s@b pWordOut+1
                      00618     clrf pWordOut+1
                      00619     byte_byte pByteIn,pWordOut
                      00620     endm
                      00621 byte_dword macro pByteIn,pDwordOut
                      00622     s@b pDwordOut+3
                      00623     clrf pDwordOut+3
                      00624     s@b pDwordOut+2
                      00625     clrf pDwordOut+2
                      00626     s@b pDwordOut+1
                      00627     clrf pDwordOut+1
                      00628     byte_byte pByteIn,pDwordOut
                      00629     endm
                      00630     byte_bit macro pByteIn,pVarOut,pBitout
                      00631 if((pByteIn & 65408) == (pVarOut & 65408))
                      00632     s@b pByteIn
                      00633     btfsc pByteIn,0
                      00634     bsf pVarOut,pBitout
                      00635     btfss pByteIn,0
                      00636     bcf pVarOut,pBitout
                      00637 else
                      00638     s@b pByteIn
                      00639     rrf pByteIn,W
                      00640     s@b pVarOut
                      00641     skpnc
                      00642     bsf pVarOut,pBitout
                      00643     skpc
                      00644     bcf pVarOut,pBitout
                      00645 endif
                      00646     r@b
                      00647     endm
                      00648 dword_wreg macro pDwordIn
                      00649     byte_wreg pDwordIn
                      00650     endm
                      00651 dword_byte macro pDwordIn,pByteOut
                      00652     byte_byte pDwordIn,pByteOut
                      00653     endm
                      00654 dword_word macro pDwordIn,pWordOut
                      00655     s@b pDwordIn+1
                      00656     movf pDwordIn+1,W
                      00657     s@b pWordOut+1
                      00658     movwf pWordOut+1
                      00659     byte_byte pDwordIn,pWordOut
                      00660     endm
                      00661 dword_dword macro pDwordIn,pDwordOut
                      00662     byte_byte pDwordIn+3,pDwordOut+3
                      00663     byte_byte pDwordIn+2,pDwordOut+2
                      00664     byte_byte pDwordIn+1,pDwordOut+1
                      00665     byte_byte pDwordIn,pDwordOut
                      00666     endm
                      00667 dword_bit macro pDwordIn,pVarOut,pBitout
                      00668     byte_bit pDwordIn,pVarOut,pBitout
                      00669     endm
  0000                00670 variable CURRENT@PAGE = 0
  0000                00671 variable PDESTINATION@PAGE = 0
                      00672 FIND@PAGE macro pLabelIn
                      00673 local CURRENT_ADDR = $
                      00674 local DEST_ADDR = pLabelIn
                      00675 if((CURRENT_ADDR >= 0X1800) && (CURRENT_ADDR <= 0X2000))
                      00676     CURRENT@PAGE = 3
                      00677 endif
                      00678 if((CURRENT_ADDR >= 0X1000) && (CURRENT_ADDR <= 0X1800))
                      00679     CURRENT@PAGE = 2
                      00680 endif
                      00681 if((CURRENT_ADDR >= 0X0800) && (CURRENT_ADDR <= 0X1000))
                      00682     CURRENT@PAGE = 1
                      00683 endif
                      00684 if((CURRENT_ADDR >= 0) && (CURRENT_ADDR <= 0X0800))
                      00685     CURRENT@PAGE = 0
                      00686 endif
                      00687 if((DEST_ADDR >= 0X1800) && (DEST_ADDR <= 0X2000))
                      00688     PDESTINATION@PAGE = 3
                      00689 endif
                      00690 if((DEST_ADDR >= 0X1000) && (DEST_ADDR <= 0X1800))
                      00691     PDESTINATION@PAGE = 2
                      00692 endif
                      00693 if((DEST_ADDR >= 0X0800) && (DEST_ADDR <= 0X1000))
                      00694     PDESTINATION@PAGE = 1
                      00695 endif
                      00696 if((DEST_ADDR >= 0) && (DEST_ADDR <= 0X0800))
                      00697     PDESTINATION@PAGE = 0
                      00698 endif
                      00699     endm
                      00700 NUM_FSR macro pNumIn
                      00701     num_byte pNumIn, FSR
                      00702 if (((pNumIn >> 8) & 255) == 1)
                      00703     bsf STATUS,7
                      00704 else
                      00705     bcf STATUS,7
                      00706 endif
                      00707     endm
                      00708 label_word macro pLabelIn,pWordOut
                      00709     movlw low (pLabelIn)
                      00710     s@b pWordOut
                      00711     movwf pWordOut
                      00712     movlw high (pLabelIn)
                      00713     s@b pWordOut
                      00714     movwf pWordOut+1
                      00715     r@b
                      00716     endm
  00000020            00719 BPF = 32
  00000021            00720 BPFH = 33
  00000022            00721 CSTR#CT = 34
  00000023            00722 GEN = 35
  00000024            00723 GEN4 = 36
  00000025            00724 GEN4H = 37
  00000026            00725 PP0 = 38
  00000027            00726 PP0H = 39
  00000028            00727 PP1 = 40
  00000029            00728 PP1H = 41
  0000002A            00729 PP2 = 42
  0000002B            00730 PP2H = 43
  0000002C            00731 PP3 = 44
  0000002D            00732 PP3H = 45
  0000002E            00733 PP4 = 46
  0000002F            00734 PP5 = 47
  00000030            00735 PP7 = 48
  00000031            00736 PP7H = 49
  00000032            00737 PPZ = 50
  00000033            00738 PPZH = 51
  00000034            00739 PPZHH = 52
  00000035            00740 PP_AARG = 53
  00000036            00741 PP_AARGH = 54
  00000037            00742 PP_AARGHH = 55
  00000038            00743 PP_AARGHHH = 56
  00000039            00744 PP_BARG = 57
  0000003A            00745 PP_BARGH = 58
  0000003B            00746 PP_BARGHH = 59
  0000003C            00747 PP_BARGHHH = 60
  0000003D            00748 _BEXP = 61
  0000003E            00749 _FP_FLAGS = 62
  0000003F            00750 _FP_TEMP = 63
  00000040            00751 _SIGN = 64
  00000041            00752 rly1_status = 65
  00000042            00753 rly2_status = 66
  00000043            00754 rly3_status = 67
  00000044            00755 msg = 68
  0044                00756 variable msg#0=68,msg#1=69,msg#2=70,msg#3=71
  00000048            00757 temp = 72
  00000049            00758 _X = 73
  0000004A            00759 _XH = 74
  0000004B            00760 g_value = 75
  0000004C            00761 t_value = 76
  0000004D            00762 s_value = 77
                      00763 #define __LCD_RSPORT PORTB
                      00764 #define __LCD_ENPORT PORTB
                      00765 #define __LCD_DTPORT PORTB
                      00766 #define sound_sense PORTC,0
                      00767 #define relay_1 PORTC,1
                      00768 #define relay_2 PORTC,2
                      00769 #define relay_3 PORTC,3
                      00770 #define __XTAL 10
                      00771 #define __LCD_RSPIN 1
                      00772 #define __LCD_ENPIN 2
                      00773 #define __LCD_DTPIN 4
                      00774 #define __LCD_INTERFACE 4
                      00775 #define __HSERIAL_BAUD 9600
                      00776 #define __HSERIAL_RCSTA 144
                      00777 #define __HSERIAL_TXSTA 36
  00000040            00778 HSERIAL_SPBRG = 64
  00000024            00779 HSERIAL_TXSTA = 36
  00000090            00780 HSERIAL_RCSTA = 144
  00002580            00781 HSERIAL_BAUD = 9600
0000                  00782 proton#code#start
0000                  00783         org 0
0000   2A29           00784         goto proton#main#start
0001                  00785 LCD@CLS
0001   3080           00786         movlw 128
0002   00A1           00787         movwf 33
0003                  00788 CLS
0003   30FE           00789         movlw 254
0004   2096           00790         call CH@SND
0005   3001           00791         movlw 1
0006   2096           00792         call CH@SND
0007   3075           00793         movlw 117
0008   00A7           00794         movwf 39
0009   3030           00795         movlw 48
000A   28DA           00796         goto DLUS@W
000B                  00797 LCD@CRS
000B   01A1           00798         clrf 33
000C   17A1           00799         bsf 33,7
000D                  00800 CURS@
000D   00AF           00801         movwf 47
000E   30FE           00802         movlw 254
000F   2096           00803         call CH@SND
0010   082F           00804         movf 47,W
0011   2896           00805         goto CH@SND
0012                  00806 OUT@DECB
0012   01A5           00807         clrf 37
0013                  00808 OUT@DECC
0013   00AA           00809         movwf 42
0014   01AB           00810         clrf 43
0015                  00811 OUT@DEC
0015   11A0           00812         bcf 32,3
0016   0825           00813         movf 37,W
0017   1903           00814         skpnz
0018   15A0           00815         bsf 32,3
0019   3005           00816         movlw 5
001A   00A4           00817         movwf 36
001B   3027           00818         movlw 39
001C   00A9           00819         movwf 41
001D   3010           00820         movlw 16
001E   202B           00821         call D@DIG
001F   3003           00822         movlw 3
0020   00A9           00823         movwf 41
0021   30E8           00824         movlw 232
0022   202B           00825         call D@DIG
0023   01A9           00826         clrf 41
0024   3064           00827         movlw 100
0025   202B           00828         call D@DIG
0026   01A9           00829         clrf 41
0027   300A           00830         movlw 10
0028   202B           00831         call D@DIG
0029   082A           00832         movf 42,W
002A   2832           00833         goto SEND@IT
002B                  00834 D@DIG
002B   00A8           00835         movwf 40
002C   082B           00836         movf 43,W
002D   00A7           00837         movwf 39
002E   082A           00838         movf 42,W
002F   00A6           00839         movwf 38
0030   20EE           00840         call D@VD
0031   0826           00841         movf 38,W
0032                  00842 SEND@IT
0032   00A6           00843         movwf 38
0033   03A4           00844         decf 36,F
0034   1903           00845         skpnz
0035   11A0           00846         bcf 32,3
0036   0825           00847         movf 37,W
0037   1903           00848         skpnz
0038   283C           00849         goto $ + 4
0039   0224           00850         subwf 36,W
003A   1803           00851         skpnc
003B   2843           00852         goto EX@SEND@IT
003C   0826           00853         movf 38,W
003D   1D03           00854         skpz
003E   11A0           00855         bcf 32,3
003F   19A0           00856         btfsc 32,3
0040   2843           00857         goto EX@SEND@IT
0041   3E30           00858         addlw 48
0042   2896           00859         goto CH@SND
0043                  00860 EX@SEND@IT
0043   0008           00861         return
0044                  00862 PRINT
0044   00AD           00863         movwf 45
0045   1106           00864         bcf PORTB,2
0046   1086           00865         bcf PORTB,1
0047   1683           00866         bsf 3,5
0048   1106           00867         bcf PORTB,2
0049   1086           00868         bcf PORTB,1
004A   300F           00869         movlw 15
004B   0586           00870         andwf PORTB,F
004C   1283           00871         bcf 3,5
004D   082D           00872         movf 45,W
004E   18A0           00873         btfsc 32,1
004F   286E           00874         goto PRT@1
0050   303E           00875         movlw 62
0051   00A7           00876         movwf 39
0052   3080           00877         movlw 128
0053   20DA           00878         call DLUS@W
0054   3033           00879         movlw 51
0055   00AC           00880         movwf 44
0056   2082           00881         call PR@LP
0057   3013           00882         movlw 19
0058   00A7           00883         movwf 39
0059   3088           00884         movlw 136
005A   20DA           00885         call DLUS@W
005B   2082           00886         call PR@LP
005C   3064           00887         movlw 100
005D   20D9           00888         call DL@US
005E   2082           00889         call PR@LP
005F   3064           00890         movlw 100
0060   20D9           00891         call DL@US
0061   3022           00892         movlw 34
0062   00AC           00893         movwf 44
0063   2082           00894         call PR@LP
0064   3028           00895         movlw 40
0065   206D           00896         call PRT@C
0066   300C           00897         movlw 12
0067   206D           00898         call PRT@C
0068   3006           00899         movlw 6
0069   206D           00900         call PRT@C
006A   14A0           00901         bsf 32,1
006B   082D           00902         movf 45,W
006C   286E           00903         goto PRT@1
006D                  00904 PRT@C
006D   1420           00905         bsf 32,0
006E                  00906 PRT@1
006E   00AC           00907         movwf 44
006F   1C20           00908         btfss 32,0
0070   287C           00909         goto PRIT@SKP
0071   1086           00910         bcf PORTB,1
0072   3C03           00911         sublw 3
0073   1C03           00912         skpc
0074   2881           00913         goto PRT@S
0075   2081           00914         call PRT@S
0076   3007           00915         movlw 7
0077   00A7           00916         movwf 39
0078   30D0           00917         movlw 208
0079   20DA           00918         call DLUS@W
007A   1403           00919         bsf 3,0
007B   0008           00920         return
007C                  00921 PRIT@SKP
007C   1420           00922         bsf 32,0
007D   3CFE           00923         sublw 254
007E   1903           00924         skpnz
007F   288F           00925         goto PR@EX
0080   1486           00926         bsf PORTB,1
0081                  00927 PRT@S
0081   1C20           00928         btfss 32,0
0082                  00929 PR@LP
0082   1020           00930         bcf 32,0
0083   1506           00931         bsf PORTB,2
0084   300F           00932         movlw 15
0085   0586           00933         andwf PORTB,F
0086   082C           00934         movf 44,W
0087   39F0           00935         andlw 240
0088   0486           00936         iorwf PORTB,F
0089   1106           00937         bcf PORTB,2
008A   0EAC           00938         swapf 44,F
008B   1820           00939         btfsc 32,0
008C   2882           00940         goto PR@LP
008D   3032           00941         movlw 50
008E   20D9           00942         call DL@US
008F                  00943 PR@EX
008F   082D           00944         movf 45,W
0090   290A           00945         goto I@NT
0091                  00946 HRSOUT
0091   1E0C           00947         btfss 12,PP_TXIF
0092   2891           00948         goto $ - 1
0093   0099           00949         movwf 25
0094   1403           00950         bsf 3,0
0095   290A           00951         goto I@NT
0096                  00952 CH@SND
0096   1BA1           00953         btfsc 33,7
0097   2844           00954         goto PRINT
0098   1921           00955         btfsc 33,2
0099   2891           00956         goto HRSOUT
009A   0008           00957         return
009B                  00958 C@STROUT
009B   00A4           00959         movwf 36
009C                  00960 C@STROUTW
009C   01A2           00961         clrf 34
009D                  00962 C@STROUTLP
009D   0824           00963         movf 36,W
009E   1703           00964         bsf 3,6
009F   008D           00965         movwf 269
00A0   1303           00966         bcf 3,6
00A1   0825           00967         movf 37,W
00A2   1703           00968         bsf 3,6
00A3   008F           00969         movwf 271
00A4   20AE           00970         call C@READ
00A5   1903           00971         skpnz
00A6   290A           00972         goto I@NT
00A7   2096           00973         call CH@SND
00A8   0AA4           00974         incf 36,F
00A9   1903           00975         skpnz
00AA   0AA5           00976         incf 37,F
00AB   0FA2           00977         incfsz 34,F
00AC   289D           00978         goto C@STROUTLP
00AD   290A           00979         goto I@NT
00AE                  00980 C@READ
00AE   1683           00981         bsf 3,5
00AF   1703           00982         bsf 3,6
00B0   140C           00983         bsf 396,PP_RD
00B1   0000           00984         nop
00B2   0000           00985         nop
00B3   1283           00986         bcf 3,5
00B4   080C           00987         movf 268,W
00B5   290A           00988         goto I@NT
  00000032            00989 ADIN_STIME = 50
  00000003            00990 ADIN_TAD = 3
  00000008            00991 ADIN_RES = 8
00B6                  00992 RD@AD
00B6   00AC           00993         movwf 44
00B7   0DAC           00994         rlf 44,F
00B8   0DAC           00995         rlf 44,F
00B9   0D2C           00996         rlf 44,W
00BA   3938           00997         andlw 56
00BB   38C1           00998         iorlw 193
00BC   009F           00999         movwf 31
00BD   3032           01000         movlw 50
00BE   20D9           01001         call DL@US
00BF   151F           01002         bsf 31,PP_GO_DONE
00C0   191F           01003         btfsc 31,PP_GO_DONE
00C1   28C0           01004         goto $ - 1
00C2   01B1           01005         clrf 49
00C3   081E           01006         movf 30,W
00C4   00B0           01007         movwf 48
00C5   290A           01008         goto I@NT
00C6                  01009 CL@R
00C6   0180           01010         clrf 0
00C7   0A84           01011         incf 4,F
00C8   3EFF           01012         addlw 255
00C9   1D03           01013         skpz
00CA   28C6           01014         goto $ - 4
00CB   290A           01015         goto I@NT
00CC                  01016 DL@MS
00CC   01A9           01017         clrf 41
00CD                  01018 DLY@W
00CD   00A8           01019         movwf 40
00CE                  01020 DLY@P
00CE   30FF           01021         movlw 255
00CF   07A8           01022         addwf 40,F
00D0   1C03           01023         skpc
00D1   07A9           01024         addwf 41,F
00D2   1C03           01025         skpc
00D3   290A           01026         goto I@NT
00D4   3003           01027         movlw 3
00D5   00A7           01028         movwf 39
00D6   30E4           01029         movlw 228
00D7   20DA           01030         call DLUS@W
00D8   28CE           01031         goto DLY@P
00D9                  01032 DL@US
00D9   01A7           01033         clrf 39
00DA                  01034 DLUS@W
00DA   3EF6           01035         addlw 246
00DB   00A6           01036         movwf 38
00DC   09A7           01037         comf 39,F
00DD   1C03           01038         skpc
00DE   28E5           01039         goto $ + 7
00DF   30FE           01040         movlw 254
00E0   0000           01041         nop
00E1   07A6           01042         addwf 38,F
00E2   1803           01043         skpnc
00E3   28E0           01044         goto $ - 3
00E4   07A6           01045         addwf 38,F
00E5   0000           01046         nop
00E6   0FA7           01047         incfsz 39,F
00E7   28DF           01048         goto $ - 8
00E8   0000           01049         nop
00E9   1826           01050         btfsc 38,0
00EA   28EB           01051         goto $ + 1
00EB   1826           01052         btfsc 38,0
00EC   28ED           01053         goto $ + 1
00ED   0008           01054         return
00EE                  01055 D@VD
00EE   01AB           01056         clrf 43
00EF   01AA           01057         clrf 42
00F0                  01058 D@VD2
00F0   3010           01059         movlw 16
00F1   00AC           01060         movwf 44
00F2   0D27           01061         rlf 39,W
00F3   0DAA           01062         rlf 42,F
00F4   0DAB           01063         rlf 43,F
00F5   0828           01064         movf 40,W
00F6   02AA           01065         subwf 42,F
00F7   0829           01066         movf 41,W
00F8   1C03           01067         skpc
00F9   0F29           01068         incfsz 41,W
00FA   02AB           01069         subwf 43,F
00FB   1803           01070         skpnc
00FC   2904           01071         goto $ + 8
00FD   0828           01072         movf 40,W
00FE   07AA           01073         addwf 42,F
00FF   0829           01074         movf 41,W
0100   1803           01075         skpnc
0101   0F29           01076         incfsz 41,W
0102   07AB           01077         addwf 43,F
0103   1003           01078         bcf 3,0
0104   0DA6           01079         rlf 38,F
0105   0DA7           01080         rlf 39,F
0106   0BAC           01081         decfsz 44,F
0107   28F2           01082         goto $ - 21
0108   0826           01083         movf 38,W
0109   0008           01084         return
010A                  01085 I@NT
010A   1383           01086         bcf 3,7
010B                  01087 I@NT2
010B   1283           01088         bcf 3,5
010C   1303           01089         bcf 3,6
010D   0008           01090         return
010E                  01091 FPM@32
010E   0836           01092         movf 54,W
010F   00B4           01093         movwf 52
0110   063A           01094         xorwf 58,W
0111   00C0           01095         movwf 64
0112   0835           01096         movf 53,W
0113   3A00           01097         xorlw 0
0114   1D03           01098         btfss 3,2
0115   0839           01099         movf 57,W
0116   3A00           01100         xorlw 0
0117   1903           01101         btfsc 3,2
0118   2960           01102         goto FPM@RES0
0119   07B5           01103         addwf 53,F
011A   307E           01104         movlw 126
011B   1C03           01105         btfss 3,0
011C   2921           01106         goto FPM@L3
011D   02B5           01107         subwf 53,F
011E   1803           01108         btfsc 3,0
011F   2962           01109         goto FPM@OVERFLOW
0120   2924           01110         goto FPM@L8
0121                  01111 FPM@L3
0121   02B5           01112         subwf 53,F
0122   1C03           01113         btfss 3,0
0123   295F           01114         goto FPM@UNDERFLOW
0124                  01115 FPM@L8
0124   0838           01116         movf 56,W
0125   00B2           01117         movwf 50
0126   0837           01118         movf 55,W
0127   00B3           01119         movwf 51
0128   17B4           01120         bsf 52,7
0129   17BA           01121         bsf 58,7
012A   01B8           01122         clrf 56
012B   01B7           01123         clrf 55
012C   01B6           01124         clrf 54
012D   3018           01125         movlw 24
012E   00BF           01126         movwf 63
012F                  01127 FPM@L9
012F   0CB4           01128         rrf 52,F
0130   0CB3           01129         rrf 51,F
0131   0CB2           01130         rrf 50,F
0132   1C03           01131         btfss 3,0
0133   293E           01132         goto FPM@L12
0134   083C           01133         movf 60,W
0135   07B8           01134         addwf 56,F
0136   083B           01135         movf 59,W
0137   1803           01136         btfsc 3,0
0138   0F3B           01137         incfsz 59,W
0139   07B7           01138         addwf 55,F
013A   083A           01139         movf 58,W
013B   1803           01140         btfsc 3,0
013C   0F3A           01141         incfsz 58,W
013D   07B6           01142         addwf 54,F
013E                  01143 FPM@L12
013E   0CB6           01144         rrf 54,F
013F   0CB7           01145         rrf 55,F
0140   0CB8           01146         rrf 56,F
0141   0BBF           01147         decfsz 63,F
0142   292F           01148         goto FPM@L9
0143   1BB6           01149         btfsc 54,7
0144   294D           01150         goto FPM@L14
0145   0DB8           01151         rlf 56,F
0146   0DB7           01152         rlf 55,F
0147   0DB6           01153         rlf 54,F
0148   08B5           01154         movf 53,F
0149   1903           01155         btfsc 3,2
014A   295F           01156         goto FPM@UNDERFLOW
014B   03B5           01157         decf 53,F
014C   0D34           01158         rlf 52,W
014D                  01159 FPM@L14
014D   1F3E           01160         btfss 62,6
014E   295E           01161         goto FPM@L28
014F   1C03           01162         btfss 3,0
0150   295E           01163         goto FPM@L28
0151   0FB8           01164         incfsz 56,F
0152   295E           01165         goto FPM@L28
0153   0FB7           01166         incfsz 55,F
0154   295E           01167         goto FPM@L28
0155   0FB6           01168         incfsz 54,F
0156   295E           01169         goto FPM@L28
0157   1403           01170         bsf 3,0
0158   0CB6           01171         rrf 54,F
0159   0CB7           01172         rrf 55,F
015A   0CB8           01173         rrf 56,F
015B   0AB5           01174         incf 53,F
015C   1903           01175         btfsc 3,2
015D   2962           01176         goto FPM@OVERFLOW
015E                  01177 FPM@L28
015E   2969           01178         goto FPM@SET_SIGN
015F                  01179 FPM@UNDERFLOW
015F   153E           01180         bsf 62,2
0160                  01181 FPM@RES0
0160   01B5           01182         clrf 53
0161   2965           01183         goto FPM@MANTISSA
0162                  01184 FPM@OVERFLOW
0162   14BE           01185         bsf 62,1
0163   30FF           01186         movlw 255
0164   00B5           01187         movwf 53
0165                  01188 FPM@MANTISSA
0165   01B8           01189         clrf 56
0166   01B7           01190         clrf 55
0167   3080           01191         movlw 128
0168   00B6           01192         movwf 54
0169                  01193 FPM@SET_SIGN
0169   1BC0           01194         btfsc 64,7
016A   296C           01195         goto FPM@L30
016B   13B6           01196         bcf 54,7
016C                  01197 FPM@L30
016C   290A           01198         goto I@NT
016D                  01199 FL32@TOINT32
016D   0836           01200         movf 54,W
016E   00C0           01201         movwf 64
016F   307F           01202         movlw 127
0170   0235           01203         subwf 53,W
0171   00BF           01204         movwf 63
0172   1803           01205         btfsc 3,0
0173   2976           01206         goto FI@L3
0174   3000           01207         movlw 0
0175   29CA           01208         goto FI@ASSIGNW
0176                  01209 FI@L3
0176   17B6           01210         bsf 54,7
0177   01B5           01211         clrf 53
0178   01B2           01212         clrf 50
0179   083F           01213         movf 63,W
017A   3C17           01214         sublw 23
017B   00BF           01215         movwf 63
017C   1803           01216         btfsc 3,0
017D   298A           01217         goto FI@L5
017E   3008           01218         movlw 8
017F   07BF           01219         addwf 63,F
0180   1C03           01220         btfss 3,0
0181   29C8           01221         goto FI@OVERFLOW
0182                  01222 FI@L7
0182   0836           01223         movf 54,W
0183   00B5           01224         movwf 53
0184   0837           01225         movf 55,W
0185   00B6           01226         movwf 54
0186   0838           01227         movf 56,W
0187   00B7           01228         movwf 55
0188   01B8           01229         clrf 56
0189   2997           01230         goto FI@L8
018A                  01231 FI@L5
018A   3008           01232         movlw 8
018B   02BF           01233         subwf 63,F
018C   1C03           01234         btfss 3,0
018D   2996           01235         goto FI@L10
018E   0838           01236         movf 56,W
018F   00B2           01237         movwf 50
0190   0837           01238         movf 55,W
0191   00B8           01239         movwf 56
0192   0836           01240         movf 54,W
0193   00B7           01241         movwf 55
0194   01B6           01242         clrf 54
0195   298A           01243         goto FI@L5
0196                  01244 FI@L10
0196   07BF           01245         addwf 63,F
0197                  01246 FI@L8
0197   08BF           01247         movf 63,F
0198   1903           01248         btfsc 3,2
0199   29A2           01249         goto FI@L16
019A                  01250 FI@L15
019A   1003           01251         bcf 3,0
019B   0CB5           01252         rrf 53,F
019C   0CB6           01253         rrf 54,F
019D   0CB7           01254         rrf 55,F
019E   0CB8           01255         rrf 56,F
019F   0CB2           01256         rrf 50,F
01A0   0BBF           01257         decfsz 63,F
01A1   299A           01258         goto FI@L15
01A2                  01259 FI@L16
01A2   1835           01260         btfsc 53,0
01A3   29C8           01261         goto FI@OVERFLOW
01A4   1F3E           01262         btfss 62,6
01A5   29AD           01263         goto FI@L30
01A6   1FB2           01264         btfss 50,7
01A7   29AD           01265         goto FI@L30
01A8   0FB8           01266         incfsz 56,F
01A9   29AD           01267         goto FI@L30
01AA   0FB7           01268         incfsz 55,F
01AB   29AD           01269         goto FI@L30
01AC   0AB6           01270         incf 54,F
01AD                  01271 FI@L30
01AD   0835           01272         movf 53,W
01AE   00B2           01273         movwf 50
01AF   0838           01274         movf 56,W
01B0   00B5           01275         movwf 53
01B1   0832           01276         movf 50,W
01B2   00B8           01277         movwf 56
01B3   0836           01278         movf 54,W
01B4   00B2           01279         movwf 50
01B5   0837           01280         movf 55,W
01B6   00B6           01281         movwf 54
01B7   0832           01282         movf 50,W
01B8   00B7           01283         movwf 55
01B9   1FC0           01284         btfss 64,7
01BA   29C6           01285         goto FI@L32
01BB   09B8           01286         comf 56,F
01BC   09B7           01287         comf 55,F
01BD   09B6           01288         comf 54,F
01BE   09B5           01289         comf 53,F
01BF   0FB5           01290         incfsz 53,F
01C0   29C6           01291         goto FI@L32
01C1   0FB6           01292         incfsz 54,F
01C2   29C6           01293         goto FI@L32
01C3   0AB7           01294         incf 55,F
01C4   1903           01295         btfsc 3,2
01C5   0AB8           01296         incf 56,F
01C6                  01297 FI@L32
01C6   0835           01298         movf 53,W
01C7   290A           01299         goto I@NT
01C8                  01300 FI@OVERFLOW
01C8   16BE           01301         bsf 62,5
01C9   30FF           01302         movlw 255
01CA                  01303 FI@ASSIGNW
01CA   00B8           01304         movwf 56
01CB   00B7           01305         movwf 55
01CC   00B6           01306         movwf 54
01CD   00B5           01307         movwf 53
01CE   290A           01308         goto I@NT
01CF                  01309 INT08@TOFL32
01CF   00B5           01310         movwf 53
01D0   01B6           01311         clrf 54
01D1                  01312 INT16@TOFL32
01D1   01B7           01313         clrf 55
01D2   01B8           01314         clrf 56
01D3                  01315 INT32@TOFL32
01D3   3096           01316         movlw 150
01D4   00BF           01317         movwf 63
01D5   13C0           01318         bcf 64,7
01D6   1FB8           01319         btfss 56,7
01D7   29E4           01320         goto IF@L5
01D8   09B8           01321         comf 56,F
01D9   09B7           01322         comf 55,F
01DA   09B6           01323         comf 54,F
01DB   09B5           01324         comf 53,F
01DC   0FB5           01325         incfsz 53,F
01DD   29E3           01326         goto IF@L4
01DE   0FB6           01327         incfsz 54,F
01DF   29E3           01328         goto IF@L4
01E0   0AB7           01329         incf 55,F
01E1   1903           01330         btfsc 3,2
01E2   0AB8           01331         incf 56,F
01E3                  01332 IF@L4
01E3   17C0           01333         bsf 64,7
01E4                  01334 IF@L5
01E4   08B8           01335         movf 56,F
01E5   1903           01336         btfsc 3,2
01E6   29FF           01337         goto IF@L7
01E7   1F3E           01338         btfss 62,6
01E8   29F6           01339         goto IF@L17
01E9   1FB8           01340         btfss 56,7
01EA   29F6           01341         goto IF@L17
01EB   0FB6           01342         incfsz 54,F
01EC   29F6           01343         goto IF@L17
01ED   0FB7           01344         incfsz 55,F
01EE   29F6           01345         goto IF@L17
01EF   0FB8           01346         incfsz 56,F
01F0   29F6           01347         goto IF@L17
01F1   1403           01348         bsf 3,0
01F2   0CB8           01349         rrf 56,F
01F3   0CB7           01350         rrf 55,F
01F4   0CB6           01351         rrf 54,F
01F5   0ABF           01352         incf 63,F
01F6                  01353 IF@L17
01F6   3008           01354         movlw 8
01F7   07BF           01355         addwf 63,F
01F8   0836           01356         movf 54,W
01F9   00B5           01357         movwf 53
01FA   0837           01358         movf 55,W
01FB   00B6           01359         movwf 54
01FC   0838           01360         movf 56,W
01FD   00B7           01361         movwf 55
01FE   2A14           01362         goto IF@L18
01FF                  01363 IF@L7
01FF   08B7           01364         movf 55,F
0200   1D03           01365         btfss 3,2
0201   2A14           01366         goto IF@L18
0202   3008           01367         movlw 8
0203   02BF           01368         subwf 63,F
0204   0836           01369         movf 54,W
0205   1D03           01370         btfss 3,2
0206   2A10           01371         goto IF@L20
0207   3008           01372         movlw 8
0208   02BF           01373         subwf 63,F
0209   0835           01374         movf 53,W
020A   1D03           01375         btfss 3,2
020B   2A0F           01376         goto IF@L22
020C   0838           01377         movf 56,W
020D   00BF           01378         movwf 63
020E   2A1E           01379         goto IF@EXIT
020F                  01380 IF@L22
020F   01B5           01381         clrf 53
0210                  01382 IF@L20
0210   00B7           01383         movwf 55
0211   0835           01384         movf 53,W
0212   00B6           01385         movwf 54
0213   01B5           01386         clrf 53
0214                  01387 IF@L18
0214   1BB7           01388         btfsc 55,7
0215   2A1C           01389         goto IF@L24
0216   1003           01390         bcf 3,0
0217   0DB5           01391         rlf 53,F
0218   0DB6           01392         rlf 54,F
0219   0DB7           01393         rlf 55,F
021A   03BF           01394         decf 63,F
021B   2A14           01395         goto IF@L18
021C                  01396 IF@L24
021C   1FC0           01397         btfss 64,7
021D   13B7           01398         bcf 55,7
021E                  01399 IF@EXIT
021E   0835           01400         movf 53,W
021F   00B8           01401         movwf 56
0220   083F           01402         movf 63,W
0221   00B5           01403         movwf 53
0222   0837           01404         movf 55,W
0223   00BF           01405         movwf 63
0224   0836           01406         movf 54,W
0225   00B7           01407         movwf 55
0226   083F           01408         movf 63,W
0227   00B6           01409         movwf 54
0228   290A           01410         goto I@NT
0229                  01411 proton#main#start
0229   0183           01412         clrf 3
022A   1683           01413         bsf 3,5
022B   3040           01414         movlw 64
022C   0099           01415         movwf 153
022D   3024           01416         movlw 36
022E   0098           01417         movwf 152
022F   1283           01418         bcf 3,5
0230   3090           01419         movlw 144
0231   0098           01420         movwf 24
0232   3040           01421         movlw 64
0233   00BE           01422         movwf 62
0234   01A0           01423         clrf 32

  00000235            01426 F2_SOF equ $ ; IOTHOME.PRP
  00000235            01427 F2_EOF equ $ ; IOTHOME.PRP
  00000235            01428 F1_SOF equ $ ; IOTHOME.BAS
  00000235            01429 F1_000026 equ $ ; IN [IOTHOME.BAS] INPUT sound_sense
0235   1683           01430         bsf STATUS,5
  00000001            01431 ram_bank = 1
0236   1407           01432         bsf TRISC,0
  00000237            01433 F1_000027 equ $ ; IN [IOTHOME.BAS] OUTPUT relay_1 : OUTPUT relay_2
0237   1087           01434         bcf TRISC,1
0238   1107           01435         bcf TRISC,2
  00000239            01436 F1_000028 equ $ ; IN [IOTHOME.BAS] OUTPUT relay_3
0239   1187           01437         bcf TRISC,3
  0000023A            01438 F1_000041 equ $ ; IN [IOTHOME.BAS] CLS
023A   1283           01439         bcf STATUS,5
  00000000            01440 ram_bank = 0
                      01441         f@call LCD@CLS
  0000023D            01442 F1_000042 equ $ ; IN [IOTHOME.BAS] PORTC = 0
023D   0187           01443         clrf PORTC
  0000023E            01444 F1_000044 equ $ ; IN [IOTHOME.BAS] CLEAR
023E   083E           01445         movf _FP_FLAGS,W
023F   00A0           01446         movwf 32
0240   3021           01447         movlw 33
0241   0084           01448         movwf FSR
0242   3061           01449         movlw 97
                      01450         f@call CL@R
0245   30A0           01451         movlw 160
0246   0084           01452         movwf FSR
0247   3060           01453         movlw 96
                      01454         f@call CL@R
024A   0820           01455         movf 32,W
024B   00BE           01456         movwf _FP_FLAGS
024C   01A0           01457         clrf 32
024D                  01458 main
  0000024D            01459 F1_000047 equ $ ; IN [IOTHOME.BAS] g_value = ADIN 0
024D   3000           01460         movlw 0
                      01461         f@call RD@AD
0250   00CB           01462         movwf g_value
  00000251            01463 F1_000048 equ $ ; IN [IOTHOME.BAS] t_value = ADIN 1
0251   3001           01464         movlw 1
                      01465         f@call RD@AD
0254   00CC           01466         movwf t_value
  00000255            01467 F1_000049 equ $ ; IN [IOTHOME.BAS] t_value = t_value * 1.96
0255   084C           01468         movf t_value,W
                      01469         f@call INT08@TOFL32
0258   3048           01470         movlw 72
0259   00BC           01471         movwf PP_BARGHHH
025A   30E1           01472         movlw 225
025B   00BB           01473         movwf PP_BARGHH
025C   307A           01474         movlw 122
025D   00BA           01475         movwf PP_BARGH
025E   307F           01476         movlw 127
025F   00B9           01477         movwf PP_BARG
                      01478         f@call FPM@32
                      01479         f@call FL32@TOINT32
0264   00CC           01480         movwf t_value
  00000265            01481 F1_000050 equ $ ; IN [IOTHOME.BAS] if sound_sense = 0 THEN
                      01482         set@page BC@LL2
0266   1807           01483         btfsc PORTC,0
0267   2A6C           01484         goto BC@LL2
  00000268            01485 F1_000051 equ $ ; IN [IOTHOME.BAS] s_value = 1
0268   3001           01486         movlw 1
0269   00CD           01487         movwf s_value
                      01488         F@JUMP BC@LL3
026C                  01489 BC@LL2
  0000026C            01490 F1_000052 equ $ ; IN [IOTHOME.BAS] else
  0000026C            01491 F1_000053 equ $ ; IN [IOTHOME.BAS] s_value = 0
026C   01CD           01492         clrf s_value
  0000026D            01493 F1_000054 equ $ ; IN [IOTHOME.BAS] endif
026D                  01494 BC@LL3
  0000026D            01495 F1_000055 equ $ ; IN [IOTHOME.BAS] PRINT AT 1,1, "SMOKE: ", DEC3 g_value, " PPM"
026D   3080           01496         movlw 128
026E   00A1           01497         movwf BPFH
                      01498         f@call LCD@CRS
0271   3003           01499         movlw high (STR@LB1)
0272   00A5           01500         movwf GEN4H
0273   3009           01501         movlw low (STR@LB1)
                      01502         f@call C@STROUT
0276   3003           01503         movlw 3
0277   00A5           01504         movwf GEN4H
0278   084B           01505         movf g_value,W
                      01506         f@call OUT@DECC
027B   3020           01507         movlw 32
                      01508         f@call PRINT
027E   3050           01509         movlw 80
                      01510         f@call PRINT
                      01511         f@call PRINT
0283   304D           01512         movlw 77
                      01513         f@call PRINT
  00000286            01514 F1_000056 equ $ ; IN [IOTHOME.BAS] PRINT AT 2,1, DEC3 t_value, 223,"C   ", "SOUND: ", DEC1 s_value
0286   3080           01515         movlw 128
0287   00A1           01516         movwf BPFH
0288   30C0           01517         movlw 192
                      01518         f@call LCD@CRS
028B   3003           01519         movlw 3
028C   00A5           01520         movwf GEN4H
028D   084C           01521         movf t_value,W
                      01522         f@call OUT@DECC
0290   30DF           01523         movlw 223
                      01524         f@call PRINT
0293   3043           01525         movlw 67
                      01526         f@call PRINT
0296   3020           01527         movlw 32
                      01528         f@call PRINT
                      01529         f@call PRINT
                      01530         f@call PRINT
029D   3003           01531         movlw high (STR@LB2)
029E   00A5           01532         movwf GEN4H
029F   3011           01533         movlw low (STR@LB2)
                      01534         f@call C@STROUT
02A2   3001           01535         movlw 1
02A3   00A5           01536         movwf GEN4H
02A4   084D           01537         movf s_value,W
                      01538         f@call OUT@DECC
  000002A7            01539 F1_000057 equ $ ; IN [IOTHOME.BAS] DELAYMS 200
02A7   30C8           01540         movlw 200
                      01541         f@call DL@MS
  000002AA            01542 F1_000059 equ $ ; IN [IOTHOME.BAS] if g_value > 50 THEN
02AA   3033           01543         movlw 51
02AB   024B           01544         subwf g_value,W
                      01545         set@page BC@LL5
02AD   1C03           01546         btfss STATUS,0
02AE   2AB2           01547         goto BC@LL5
  000002AF            01548 F1_000060 equ $ ; IN [IOTHOME.BAS] relay_1 = 1
02AF   1487           01549         bsf PORTC,1
                      01550         F@JUMP BC@LL6
02B2                  01551 BC@LL5
  000002B2            01552 F1_000061 equ $ ; IN [IOTHOME.BAS] else
  000002B2            01553 F1_000062 equ $ ; IN [IOTHOME.BAS] relay_1 = 0
02B2   1087           01554         bcf PORTC,1
  000002B3            01555 F1_000063 equ $ ; IN [IOTHOME.BAS] endif
02B3                  01556 BC@LL6
  000002B3            01557 F1_000065 equ $ ; IN [IOTHOME.BAS] if t_value > 27 THEN
02B3   301C           01558         movlw 28
02B4   024C           01559         subwf t_value,W
                      01560         set@page BC@LL8
02B6   1C03           01561         btfss STATUS,0
02B7   2ABB           01562         goto BC@LL8
  000002B8            01563 F1_000066 equ $ ; IN [IOTHOME.BAS] relay_2 = 1
02B8   1507           01564         bsf PORTC,2
                      01565         F@JUMP BC@LL9
02BB                  01566 BC@LL8
  000002BB            01567 F1_000067 equ $ ; IN [IOTHOME.BAS] else
  000002BB            01568 F1_000068 equ $ ; IN [IOTHOME.BAS] relay_2 = 0
02BB   1107           01569         bcf PORTC,2
  000002BC            01570 F1_000069 equ $ ; IN [IOTHOME.BAS] endif
02BC                  01571 BC@LL9
  000002BC            01572 F1_000071 equ $ ; IN [IOTHOME.BAS] if s_value = 1 THEN
02BC   3001           01573         movlw 1
02BD   024D           01574         subwf s_value,W
                      01575         set@page BC@LL11
02BF   1D03           01576         btfss STATUS,2
02C0   2AC4           01577         goto BC@LL11
  000002C1            01578 F1_000072 equ $ ; IN [IOTHOME.BAS] relay_3 = 1
02C1   1587           01579         bsf PORTC,3
                      01580         F@JUMP BC@LL12
02C4                  01581 BC@LL11
  000002C4            01582 F1_000073 equ $ ; IN [IOTHOME.BAS] else
  000002C4            01583 F1_000074 equ $ ; IN [IOTHOME.BAS] relay_3 = 0
02C4   1187           01584         bcf PORTC,3
  000002C5            01585 F1_000075 equ $ ; IN [IOTHOME.BAS] endif
02C5                  01586 BC@LL12
  000002C5            01587 F1_000077 equ $ ; IN [IOTHOME.BAS] HSEROUT[DEC3 g_value, ",", DEC3 t_value, ",", DEC1 s_value, ","]
02C5   3004           01588         movlw 4
02C6   00A1           01589         movwf BPFH
02C7   3003           01590         movlw 3
02C8   00A5           01591         movwf GEN4H
02C9   084B           01592         movf g_value,W
                      01593         f@call OUT@DECC
02CC   302C           01594         movlw 44
                      01595         f@call HRSOUT
02CF   3003           01596         movlw 3
02D0   00A5           01597         movwf GEN4H
02D1   084C           01598         movf t_value,W
                      01599         f@call OUT@DECC
02D4   302C           01600         movlw 44
                      01601         f@call HRSOUT
02D7   3001           01602         movlw 1
02D8   00A5           01603         movwf GEN4H
02D9   084D           01604         movf s_value,W
                      01605         f@call OUT@DECC
02DC   302C           01606         movlw 44
                      01607         f@call HRSOUT
  000002DF            01608 F1_000078 equ $ ; IN [IOTHOME.BAS] HSEROUT[DEC1 relay_1, ",", DEC1 relay_2, ",", DEC1 relay_3, ","]
02DF   3004           01609         movlw 4
02E0   00A1           01610         movwf BPFH
02E1   3001           01611         movlw 1
02E2   00A5           01612         movwf GEN4H
02E3   3000           01613         movlw 0
02E4   1887           01614         btfsc PORTC,1
02E5   3001           01615         movlw 1
                      01616         f@call OUT@DECC
02E8   302C           01617         movlw 44
                      01618         f@call HRSOUT
02EB   3001           01619         movlw 1
02EC   00A5           01620         movwf GEN4H
02ED   3000           01621         movlw 0
02EE   1907           01622         btfsc PORTC,2
02EF   3001           01623         movlw 1
                      01624         f@call OUT@DECC
02F2   302C           01625         movlw 44
                      01626         f@call HRSOUT
02F5   3001           01627         movlw 1
02F6   00A5           01628         movwf GEN4H
02F7   3000           01629         movlw 0
02F8   1987           01630         btfsc PORTC,3
02F9   3001           01631         movlw 1
                      01632         f@call OUT@DECC
02FC   302C           01633         movlw 44
                      01634         f@call HRSOUT
  000002FF            01635 F1_000079 equ $ ; IN [IOTHOME.BAS] HSEROUT[13, 10]
02FF   300D           01636         movlw 13
                      01637         f@call HRSOUT
0302   300A           01638         movlw 10
                      01639         f@call HRSOUT
  00000305            01640 F1_000080 equ $ ; IN [IOTHOME.BAS] goto main
                      01641         F@JUMP main
  00000307            01642 F1_EOF equ $ ; IOTHOME.BAS
0307                  01643 PB@LB14
                      01644         F@JUMP PB@LB14
0309                  01646 STR@LB1
0309   0053 006D 006F 01647         de 83,109,111,107,101,58,32,0
       006B 0065 003A 
       0020 0000 
0311                  01648 STR@LB2
0311   0053 006F 0075 01649         de 83,111,117,110,100,58,32,0
       006E 0064 003A 
       0020 0000 
0319                  01650 __EOF
2007   3FF1           01661 __config XT_OSC & WDT_OFF & PWRTE_ON & BODEN_ON & CP_OFF
                      01668         end
MPASM  5.42                               A.S   11-29-2018  19:52:30         PAGE  2


SYMBOL TABLE
  LABEL                             VALUE 

ADCON0                            0000001F
ADCON1                            0000009F
ADCS0                             00000006
ADCS1                             00000007
ADIE                              00000006
ADIF                              00000006
ADIN_RES                          00000008
ADIN_STIME                        00000032
ADIN_TAD                          00000003
ADON                              00000000
ADRES                             0000001E
BANK0_END                         0X7F
BANK0_START                       0X20
BANK1_END                         0X00FF
BANK1_START                       0X00A0
BANK2_END                         0X0120
BANK2_START                       0X0110
BANK3_END                         0X01A0
BANK3_START                       0X0190
BC@LL11                           000002C4
BC@LL12                           000002C5
BC@LL2                            0000026C
BC@LL3                            0000026D
BC@LL5                            000002B2
BC@LL6                            000002B3
BC@LL8                            000002BB
BC@LL9                            000002BC
BF                                00000000
BIT_BIT                           
BIT_BYTE                          
BIT_DWORD                         
BIT_WORD                          
BIT_WREG                          
BODEN_OFF                         00003FBF
BODEN_ON                          00003FFF
BOREN_OFF                         00003FBF
BOREN_ON                          00003FFF
BPF                               00000020
BPFH                              00000021
BRGH                              00000002
BYTE_BIT                          
BYTE_BYTE                         
BYTE_DWORD                        
BYTE_WORD                         
BYTE_WREG                         
C                                 00000000
C@READ                            000000AE
C@STROUT                          0000009B
C@STROUTLP                        0000009D
C@STROUTW                         0000009C
CCP1CON                           00000017
CCP1IE                            00000002
CCP1IF                            00000002
CCP1M0                            00000000
CCP1M1                            00000001
CCP1M2                            00000002
CCP1M3                            00000003
CCP1X                             00000005
CCP1Y                             00000004
CCP2CON                           0000001D
CCP2IE                            00000000
CCP2IF                            00000000
CCP2M0                            00000000
CCP2M1                            00000001
CCP2M2                            00000002
CCP2M3                            00000003
CCP2X                             00000005
CCP2Y                             00000004
CCPR1H                            00000016
CCPR1L                            00000015
CCPR1LH                           00000016
CCPR2H                            0000001C
CCPR2L                            0000001B
CCPR2LH                           0000001C
CH@SND                            00000096
CHS0                              00000003
CHS1                              00000004
CHS2                              00000005
CKE                               00000006
CKP                               00000004
CL@R                              000000C6
CLS                               00000003
CP_ALL                            00003FEF
CP_OFF                            00003FFF
CP_ON                             00003FEF
CREN                              00000004
CSRC                              00000007
CSTR#CT                           00000022
CURRENT@PAGE                      00000000
CURS@                             0000000D
D@DIG                             0000002B
D@VD                              000000EE
D@VD2                             000000F0
DATA_ADDRESS                      00000005
DC                                00000001
DEST@PAGE                         00000000
DL@MS                             000000CC
DL@US                             000000D9
DLUS@W                            000000DA
DLY@P                             000000CE
DLY@W                             000000CD
DWORD_BIT                         
DWORD_BYTE                        
DWORD_DWORD                       
DWORD_WORD                        
DWORD_WREG                        
D_A                               00000005
EEADR                             0000010D
EEADRH                            0000010F
EECON1                            0000018C
EEDAT                             0000010C
EEDATA                            0000010C
EEDATH                            0000010E
EEDATL                            0000010C
EEDATLH                           0000010E
EX@SEND@IT                        00000043
F1_000026                         00000235
F1_000027                         00000237
F1_000028                         00000239
F1_000041                         0000023A
F1_000042                         0000023D
F1_000044                         0000023E
F1_000047                         0000024D
F1_000048                         00000251
F1_000049                         00000255
F1_000050                         00000265
F1_000051                         00000268
F1_000052                         0000026C
F1_000053                         0000026C
F1_000054                         0000026D
F1_000055                         0000026D
F1_000056                         00000286
F1_000057                         000002A7
F1_000059                         000002AA
F1_000060                         000002AF
F1_000061                         000002B2
F1_000062                         000002B2
F1_000063                         000002B3
F1_000065                         000002B3
F1_000066                         000002B8
F1_000067                         000002BB
F1_000068                         000002BB
F1_000069                         000002BC
F1_000071                         000002BC
F1_000072                         000002C1
F1_000073                         000002C4
F1_000074                         000002C4
F1_000075                         000002C5
F1_000077                         000002C5
F1_000078                         000002DF
F1_000079                         000002FF
F1_000080                         00000305
F1_EOF                            00000307
F1_SOF                            00000235
F2_EOF                            00000235
F2_SOF                            00000235
F@CALL                            
F@JUMP                            
FERR                              00000002
FI@ASSIGNW                        000001CA
FI@L10                            00000196
FI@L15                            0000019A
FI@L16                            000001A2
FI@L3                             00000176
FI@L30                            000001AD
FI@L32                            000001C6
FI@L5                             0000018A
FI@L7                             00000182
FI@L8                             00000197
FI@OVERFLOW                       000001C8
FIND@PAGE                         
FL32@TOINT32                      0000016D
FOSC_HS                           00003FFE
FOSC_LP                           00003FFC
FOSC_RC                           00003FFF
FOSC_XT                           00003FFD
FPM@32                            0000010E
FPM@L12                           0000013E
FPM@L14                           0000014D
FPM@L28                           0000015E
FPM@L3                            00000121
FPM@L30                           0000016C
FPM@L8                            00000124
FPM@L9                            0000012F
FPM@MANTISSA                      00000165
FPM@OVERFLOW                      00000162
FPM@RES0                          00000160
FPM@SET_SIGN                      00000169
FPM@UNDERFLOW                     0000015F
FSR                               00000004
GEN                               00000023
GEN4                              00000024
GEN4H                             00000025
GIE                               00000007
GO                                00000002
GO_DONE                           00000002
G_VALUE                           0000004B
HRSOUT                            00000091
HSERIAL_BAUD                      00002580
HSERIAL_RCSTA                     00000090
HSERIAL_SPBRG                     00000040
HSERIAL_TXSTA                     00000024
HS_OSC                            00003FFE
I2C_DATA                          00000005
I2C_READ                          00000002
I2C_START                         00000003
I2C_STOP                          00000004
I@NT                              0000010A
I@NT2                             0000010B
IF@EXIT                           0000021E
IF@L17                            000001F6
IF@L18                            00000214
IF@L20                            00000210
IF@L22                            0000020F
IF@L24                            0000021C
IF@L4                             000001E3
IF@L5                             000001E4
IF@L7                             000001FF
INDF                              00000000
INT08@TOFL32                      000001CF
INT16@TOFL32                      000001D1
INT32@TOFL32                      000001D3
INTCON                            0000000B
INTE                              00000004
INTEDG                            00000006
INTF                              00000001
IRP                               00000007
JUMP                              
LABEL_WORD                        
LCD#DTPIN                         4
LCD#DTPORT                        PORTB
LCD#ENPIN                         2
LCD#ENPORT                        PORTB
LCD#INTERFACE                     4
LCD#RSPIN                         1
LCD#RSPORT                        PORTB
LCD#TYPE                          0
LCD@CLS                           00000001
LCD@CRS                           0000000B
LP_OSC                            00003FFC
MAIN                              0000024D
MSG                               00000044
MSG#0                             00000044
MSG#1                             00000045
MSG#2                             00000046
MSG#3                             00000047
NOT_A                             00000005
NOT_ADDRESS                       00000005
NOT_BO                            00000000
NOT_BOR                           00000000
NOT_DONE                          00000002
NOT_PD                            00000003
NOT_POR                           00000001
NOT_RBPU                          00000007
NOT_RC8                           00000006
NOT_T1SYNC                        00000002
NOT_TO                            00000004
NOT_TX8                           00000006
NOT_W                             00000002
NOT_WRITE                         00000002
NUM_BIT                           
NUM_BYTE                          
NUM_DWORD                         
NUM_FSR                           
NUM_WORD                          
NUM_WREG                          
OERR                              00000001
OPTION_REG                        00000081
OUT@DEC                           00000015
OUT@DECB                          00000012
OUT@DECC                          00000013
PB@LB14                           00000307
PCFG0                             00000000
PCFG1                             00000001
PCFG2                             00000002
PCL                               00000002
PCLATH                            0000000A
PCON                              0000008E
PDESTINATION@PAGE                 00000000
PEIE                              00000006
PIE1                              0000008C
PIE2                              0000008D
PIR1                              0000000C
PIR2                              0000000D
PMADR                             0000010D
PMADRH                            0000010F
PMCON1                            0000018C
PMDATA                            0000010C
PMDATH                            0000010E
PMDATL                            0000010C
PMDATLH                           0000010E
PORTA                             00000005
PORTB                             00000006
PORTC                             00000007
PP0                               00000026
PP0H                              00000027
PP1                               00000028
PP1H                              00000029
PP2                               0000002A
PP2H                              0000002B
PP3                               0000002C
PP3H                              0000002D
PP4                               0000002E
PP5                               0000002F
PP7                               00000030
PP7H                              00000031
PPZ                               00000032
PPZH                              00000033
PPZHH                             00000034
PP_AARG                           00000035
PP_AARGH                          00000036
PP_AARGHH                         00000037
PP_AARGHHH                        00000038
PP_BARG                           00000039
PP_BARGH                          0000003A
PP_BARGHH                         0000003B
PP_BARGHHH                        0000003C
PP_BF                             00000000
PP_CREN                           00000004
PP_GO_DONE                        00000002
PP_OERR                           00000001
PP_RCIF                           00000005
PP_RD                             00000000
PP_R_W                            00000002
PP_T2CKPS0                        00000000
PP_T2CKPS1                        00000001
PP_TMR2ON                         00000002
PP_TXIF                           00000004
PR2                               00000092
PR@EX                             0000008F
PR@LP                             00000082
PRINT                             00000044
PRIT@SKP                          0000007C
PROTON#CODE#START                 00000000
PROTON#MAIN#START                 00000229
PRT@1                             0000006E
PRT@C                             0000006D
PRT@S                             00000081
PS0                               00000000
PS1                               00000001
PS2                               00000002
PSA                               00000003
PWRTE_OFF                         00003FFF
PWRTE_ON                          00003FF7
R@B                               
RAM_BANK                          00000000
RAM_BANKS                         2
RBIE                              00000003
RBIF                              00000000
RC8_9                             00000006
RC9                               00000006
RCD8                              00000000
RCIE                              00000005
RCIF                              00000005
RCREG                             0000001A
RCSTA                             00000018
RC_OSC                            00003FFF
RD                                00000000
RD@AD                             000000B6
READ_WRITE                        00000002
RELAY_1                           PORTC,1
RELAY_2                           PORTC,2
RELAY_3                           PORTC,3
RLY1_STATUS                       00000041
RLY2_STATUS                       00000042
RLY3_STATUS                       00000043
RP0                               00000005
RP1                               00000006
RX9                               00000006
RX9D                              00000000
R_W                               00000002
S@B                               
SEND@IT                           00000032
SET@PAGE                          
SMP                               00000007
SOUND_SENSE                       PORTC,0
SPBRG                             00000099
SPEN                              00000007
SREN                              00000005
SSPADD                            00000093
SSPBUF                            00000013
SSPCON                            00000014
SSPEN                             00000005
SSPIE                             00000003
SSPIF                             00000003
SSPM0                             00000000
SSPM1                             00000001
SSPM2                             00000002
SSPM3                             00000003
SSPOV                             00000006
SSPSTAT                           00000094
STATUS                            00000003
STR@LB1                           00000309
STR@LB2                           00000311
SYNC                              00000004
S_VALUE                           0000004D
T0CS                              00000005
T0IE                              00000005
T0IF                              00000002
T0SE                              00000004
T1CKPS0                           00000004
T1CKPS1                           00000005
T1CON                             00000010
T1INSYNC                          00000002
T1OSCEN                           00000003
T2CKPS0                           00000000
T2CKPS1                           00000001
T2CON                             00000012
TEMP                              00000048
TMR0                              00000001
TMR1CS                            00000001
TMR1H                             0000000F
TMR1IE                            00000000
TMR1IF                            00000000
TMR1L                             0000000E
TMR1LH                            0000000F
TMR1ON                            00000000
TMR2                              00000011
TMR2IE                            00000001
TMR2IF                            00000001
TMR2ON                            00000002
TOUTPS0                           00000003
TOUTPS1                           00000004
TOUTPS2                           00000005
TOUTPS3                           00000006
TRISA                             00000085
TRISB                             00000086
TRISC                             00000087
TRMT                              00000001
TX8_9                             00000006
TX9                               00000006
TX9D                              00000000
TXD8                              00000000
TXEN                              00000005
TXIE                              00000004
TXIF                              00000004
TXREG                             00000019
TXSTA                             00000098
T_VALUE                           0000004C
UA                                00000001
WCOL                              00000007
WDTE_OFF                          00003FFB
WDTE_ON                           00003FFF
WDT_OFF                           00003FFB
WDT_ON                            00003FFF
WORD_BIT                          
WORD_BYTE                         
WORD_DWORD                        
WORD_WORD                         
WORD_WREG                         
WREG_BIT                          
WREG_BYTE                         
WREG_DWORD                        
WREG_WORD                         
XTAL                              10
XT_OSC                            00003FFD
Z                                 00000002
_ADC                              5
_ADC_RES                          8
_BANKS                            3
_BEXP                             0000003D
_CORE                             14
_CWRITE_BLOCK                     0
_EEPROM                           0
_FLASH                            2
_FP_FLAGS                         0000003E
_FP_TEMP                          0000003F
_I2C_SCL_PIN                      00000003
_I2C_SCL_PORT                     00000087
_I2C_SDA_PIN                      00000004
_I2C_SDA_PORT                     00000087
_MAXMEM                           4096
_MAXRAM                           192
_PAGES                            2
_RAM_END                          0X00C0
_SIGN                             00000040
_SYSTEM_VARIABLE_COUNT            33
_USART                            1
_USB                              0
_X                                00000049
_XH                               0000004A
__16F73                           1
__EOF                             00000319
__HSERIAL_BAUD                    9600
__HSERIAL_RCSTA                   144
__HSERIAL_TXSTA                   36
__LCD_DTPIN                       4
__LCD_DTPORT                      PORTB
__LCD_ENPIN                       2
__LCD_ENPORT                      PORTB
__LCD_INTERFACE                   4
__LCD_RSPIN                       1
__LCD_RSPORT                      PORTB
__XTAL                            10


MEMORY USAGE MAP ('X' = USED,  '-' = UNUSED)

0000 : XXXXXXXXXXXXXXXX XXXXXXXXXXXXXXXX XXXXXXXXXXXXXXXX XXXXXXXXXXXXXXXX
0040 : XXXXXXXXXXXXXXXX XXXXXXXXXXXXXXXX XXXXXXXXXXXXXXXX XXXXXXXXXXXXXXXX
0080 : XXXXXXXXXXXXXXXX XXXXXXXXXXXXXXXX XXXXXXXXXXXXXXXX XXXXXXXXXXXXXXXX
00C0 : XXXXXXXXXXXXXXXX XXXXXXXXXXXXXXXX XXXXXXXXXXXXXXXX XXXXXXXXXXXXXXXX
0100 : XXXXXXXXXXXXXXXX XXXXXXXXXXXXXXXX XXXXXXXXXXXXXXXX XXXXXXXXXXXXXXXX
0140 : XXXXXXXXXXXXXXXX XXXXXXXXXXXXXXXX XXXXXXXXXXXXXXXX XXXXXXXXXXXXXXXX
0180 : XXXXXXXXXXXXXXXX XXXXXXXXXXXXXXXX XXXXXXXXXXXXXXXX XXXXXXXXXXXXXXXX
01C0 : XXXXXXXXXXXXXXXX XXXXXXXXXXXXXXXX XXXXXXXXXXXXXXXX XXXXXXXXXXXXXXXX
0200 : XXXXXXXXXXXXXXXX XXXXXXXXXXXXXXXX XXXXXXXXXXXXXXXX XXXXXXXXXXXXXXXX
0240 : XXXXXXXXXXXXXXXX XXXXXXXXXXXXXXXX XXXXXXXXXXXXXXXX XXXXXXXXXXXXXXXX
0280 : XXXXXXXXXXXXXXXX XXXXXXXXXXXXXXXX XXXXXXXXXXXXXXXX XXXXXXXXXXXXXXXX
02C0 : XXXXXXXXXXXXXXXX XXXXXXXXXXXXXXXX XXXXXXXXXXXXXXXX XXXXXXXXXXXXXXXX
0300 : XXXXXXXXXXXXXXXX XXXXXXXXX------- ---------------- ----------------
2000 : -------X-------- ---------------- ---------------- ----------------

ALL OTHER MEMORY BLOCKS UNUSED.

PROGRAM MEMORY WORDS USED:   793
PROGRAM MEMORY WORDS FREE:  3303


ERRORS   :     0
WARNINGS :     0 REPORTED,   302 SUPPRESSED
MESSAGES :     1 REPORTED,    11 SUPPRESSED


