;  LST file generated by mikroListExporter - v.2.0 
; Date/Time: 08-May-17 4:43:10 PM
;----------------------------------------------

;Address Opcode 	ASM
0x0000	0x2AF6      	GOTO       758
_Delay_50us:
0x0003	0x3053      	MOVLW      83
0x0004	0x1283      	BCF        STATUS, 5
0x0005	0x1303      	BCF        STATUS, 6
0x0006	0x00FD      	MOVWF      R13
L_Delay_50us2:
0x0007	0x0BFD      	DECFSZ     R13, 1
0x0008	0x2807      	GOTO       L_Delay_50us2
L_end_Delay_50us:
0x0009	0x0008      	RETURN
; end of _Delay_50us
_Delay_1us:
0x000A	0x0000      	NOP
0x000B	0x0000      	NOP
0x000C	0x0000      	NOP
0x000D	0x0000      	NOP
0x000E	0x0000      	NOP
L_end_Delay_1us:
0x000F	0x0008      	RETURN
; end of _Delay_1us
_Delay_5500us:
0x0010	0x3024      	MOVLW      36
0x0011	0x1283      	BCF        STATUS, 5
0x0012	0x1303      	BCF        STATUS, 6
0x0013	0x00FC      	MOVWF      R12
0x0014	0x30B5      	MOVLW      181
0x0015	0x00FD      	MOVWF      R13
L_Delay_5500us5:
0x0016	0x0BFD      	DECFSZ     R13, 1
0x0017	0x2816      	GOTO       L_Delay_5500us5
0x0018	0x0BFC      	DECFSZ     R12, 1
0x0019	0x2816      	GOTO       L_Delay_5500us5
0x001A	0x0000      	NOP
0x001B	0x0000      	NOP
L_end_Delay_5500us:
0x001C	0x0008      	RETURN
; end of _Delay_5500us
_Lcd_Cmd:
0x001D	0x1283      	BCF        STATUS, 5
0x001E	0x1303      	BCF        STATUS, 6
0x001F	0x1BCB      	BTFSC      FARG_Lcd_Cmd_out_char, 7
0x0020	0x2823      	GOTO       L__Lcd_Cmd21
0x0021	0x1386      	BCF        LCD_D7, BitPos(LCD_D7+0)
0x0022	0x2824      	GOTO       L__Lcd_Cmd22
L__Lcd_Cmd21:
0x0023	0x1786      	BSF        LCD_D7, BitPos(LCD_D7+0)
L__Lcd_Cmd22:
0x0024	0x1B4B      	BTFSC      FARG_Lcd_Cmd_out_char, 6
0x0025	0x2828      	GOTO       L__Lcd_Cmd23
0x0026	0x1306      	BCF        LCD_D6, BitPos(LCD_D6+0)
0x0027	0x2829      	GOTO       L__Lcd_Cmd24
L__Lcd_Cmd23:
0x0028	0x1706      	BSF        LCD_D6, BitPos(LCD_D6+0)
L__Lcd_Cmd24:
0x0029	0x1ACB      	BTFSC      FARG_Lcd_Cmd_out_char, 5
0x002A	0x282D      	GOTO       L__Lcd_Cmd25
0x002B	0x1286      	BCF        LCD_D5, BitPos(LCD_D5+0)
0x002C	0x282E      	GOTO       L__Lcd_Cmd26
L__Lcd_Cmd25:
0x002D	0x1686      	BSF        LCD_D5, BitPos(LCD_D5+0)
L__Lcd_Cmd26:
0x002E	0x1A4B      	BTFSC      FARG_Lcd_Cmd_out_char, 4
0x002F	0x2832      	GOTO       L__Lcd_Cmd27
0x0030	0x1206      	BCF        LCD_D4, BitPos(LCD_D4+0)
0x0031	0x2833      	GOTO       L__Lcd_Cmd28
L__Lcd_Cmd27:
0x0032	0x1606      	BSF        LCD_D4, BitPos(LCD_D4+0)
L__Lcd_Cmd28:
0x0033	0x1832      	BTFSC      __Lib_Lcd_cmd_status, BitPos(__Lib_Lcd_cmd_status+0)
0x0034	0x2837      	GOTO       L__Lcd_Cmd29
0x0035	0x1506      	BSF        LCD_RS, BitPos(LCD_RS+0)
0x0036	0x2838      	GOTO       L__Lcd_Cmd30
L__Lcd_Cmd29:
0x0037	0x1106      	BCF        LCD_RS, BitPos(LCD_RS+0)
L__Lcd_Cmd30:
0x0038	0x1586      	BSF        LCD_EN, BitPos(LCD_EN+0)
0x0039	0x200A      	CALL       _Delay_1us
0x003A	0x1186      	BCF        LCD_EN, BitPos(LCD_EN+0)
0x003B	0x19CB      	BTFSC      FARG_Lcd_Cmd_out_char, 3
0x003C	0x283F      	GOTO       L__Lcd_Cmd31
0x003D	0x1386      	BCF        LCD_D7, BitPos(LCD_D7+0)
0x003E	0x2840      	GOTO       L__Lcd_Cmd32
L__Lcd_Cmd31:
0x003F	0x1786      	BSF        LCD_D7, BitPos(LCD_D7+0)
L__Lcd_Cmd32:
0x0040	0x194B      	BTFSC      FARG_Lcd_Cmd_out_char, 2
0x0041	0x2844      	GOTO       L__Lcd_Cmd33
0x0042	0x1306      	BCF        LCD_D6, BitPos(LCD_D6+0)
0x0043	0x2845      	GOTO       L__Lcd_Cmd34
L__Lcd_Cmd33:
0x0044	0x1706      	BSF        LCD_D6, BitPos(LCD_D6+0)
L__Lcd_Cmd34:
0x0045	0x18CB      	BTFSC      FARG_Lcd_Cmd_out_char, 1
0x0046	0x2849      	GOTO       L__Lcd_Cmd35
0x0047	0x1286      	BCF        LCD_D5, BitPos(LCD_D5+0)
0x0048	0x284A      	GOTO       L__Lcd_Cmd36
L__Lcd_Cmd35:
0x0049	0x1686      	BSF        LCD_D5, BitPos(LCD_D5+0)
L__Lcd_Cmd36:
0x004A	0x184B      	BTFSC      FARG_Lcd_Cmd_out_char, 0
0x004B	0x284E      	GOTO       L__Lcd_Cmd37
0x004C	0x1206      	BCF        LCD_D4, BitPos(LCD_D4+0)
0x004D	0x284F      	GOTO       L__Lcd_Cmd38
L__Lcd_Cmd37:
0x004E	0x1606      	BSF        LCD_D4, BitPos(LCD_D4+0)
L__Lcd_Cmd38:
0x004F	0x1832      	BTFSC      __Lib_Lcd_cmd_status, BitPos(__Lib_Lcd_cmd_status+0)
0x0050	0x2853      	GOTO       L__Lcd_Cmd39
0x0051	0x1506      	BSF        LCD_RS, BitPos(LCD_RS+0)
0x0052	0x2854      	GOTO       L__Lcd_Cmd40
L__Lcd_Cmd39:
0x0053	0x1106      	BCF        LCD_RS, BitPos(LCD_RS+0)
L__Lcd_Cmd40:
0x0054	0x1586      	BSF        LCD_EN, BitPos(LCD_EN+0)
0x0055	0x200A      	CALL       _Delay_1us
0x0056	0x1186      	BCF        LCD_EN, BitPos(LCD_EN+0)
0x0057	0x1C32      	BTFSS      __Lib_Lcd_cmd_status, BitPos(__Lib_Lcd_cmd_status+0)
0x0058	0x285B      	GOTO       L_Lcd_Cmd0
0x0059	0x2010      	CALL       _Delay_5500us
0x005A	0x285C      	GOTO       L_Lcd_Cmd1
L_Lcd_Cmd0:
0x005B	0x2003      	CALL       _Delay_50us
L_Lcd_Cmd1:
L_end_Lcd_Cmd:
0x005C	0x0008      	RETURN
; end of _Lcd_Cmd
_SPI1_Write:
0x005D	0x1283      	BCF        STATUS, 5
0x005E	0x1303      	BCF        STATUS, 6
0x005F	0x0822      	MOVF       FARG_SPI1_Write_data_, 0
0x0060	0x0093      	MOVWF      SSPBUF
L_SPI1_Write8:
0x0061	0x1683      	BSF        STATUS, 5
0x0062	0x1814      	BTFSC      SSPSTAT, 0
0x0063	0x2866      	GOTO       L_SPI1_Write9
0x0064	0x0000      	NOP
0x0065	0x2861      	GOTO       L_SPI1_Write8
L_SPI1_Write9:
0x0066	0x1283      	BCF        STATUS, 5
0x0067	0x0813      	MOVF       SSPBUF, 0
0x0068	0x00F0      	MOVWF      R0
L_end_SPI1_Write:
0x0069	0x0008      	RETURN
; end of _SPI1_Write
_____DoIFC:
0x006A	0x1283      	BCF        STATUS, 5
0x006B	0x1303      	BCF        STATUS, 6
0x006C	0x0828      	MOVF       ___DoICPAddr+1, 0
0x006D	0x008A      	MOVWF      PCLATH
0x006E	0x0827      	MOVF       ___DoICPAddr, 0
0x006F	0x0082      	MOVWF      PCL
L_end_____DoIFC:
0x0070	0x0008      	RETURN
; end of _____DoIFC
_I2C1_Is_Idle:
0x0071	0x1683      	BSF        STATUS, 5
0x0072	0x1303      	BCF        STATUS, 6
0x0073	0x1914      	BTFSC      SSPSTAT, 2
0x0074	0x287F      	GOTO       L_I2C1_Is_Idle0
0x0075	0x301F      	MOVLW      31
0x0076	0x0511      	ANDWF      SSPCON2, 0
0x0077	0x00F1      	MOVWF      R1
0x0078	0x0871      	MOVF       R1, 0
0x0079	0x3A00      	XORLW      0
0x007A	0x1D03      	BTFSS      STATUS, 2
0x007B	0x287F      	GOTO       L_I2C1_Is_Idle1
0x007C	0x3001      	MOVLW      1
0x007D	0x00F0      	MOVWF      R0
0x007E	0x2880      	GOTO       L_end_I2C1_Is_Idle
L_I2C1_Is_Idle1:
L_I2C1_Is_Idle0:
0x007F	0x01F0      	CLRF       R0
L_end_I2C1_Is_Idle:
0x0080	0x0008      	RETURN
; end of _I2C1_Is_Idle
_I2C1_Start:
0x0081	0x1283      	BCF        STATUS, 5
0x0082	0x1303      	BCF        STATUS, 6
0x0083	0x0823      	MOVF       __Lib_I2C_c34__I2C1_TIMEOUT, 0
0x0084	0x00C7      	MOVWF      I2C1_Start_timeout_L0
0x0085	0x0824      	MOVF       __Lib_I2C_c34__I2C1_TIMEOUT+1, 0
0x0086	0x00C8      	MOVWF      I2C1_Start_timeout_L0+1
0x0087	0x0825      	MOVF       __Lib_I2C_c34__I2C1_TIMEOUT+2, 0
0x0088	0x00C9      	MOVWF      I2C1_Start_timeout_L0+2
0x0089	0x0826      	MOVF       __Lib_I2C_c34__I2C1_TIMEOUT+3, 0
0x008A	0x00CA      	MOVWF      I2C1_Start_timeout_L0+3
0x008B	0x01C5      	CLRF       I2C1_Start_j_L0
0x008C	0x01C6      	CLRF       I2C1_Start_j_L0+1
L_I2C1_Start2:
0x008D	0x0846      	MOVF       I2C1_Start_j_L0+1, 0
0x008E	0x3C12      	SUBLW      18
0x008F	0x1D03      	BTFSS      STATUS, 2
0x0090	0x2893      	GOTO       L__I2C1_Start39
0x0091	0x0845      	MOVF       I2C1_Start_j_L0, 0
0x0092	0x3C8E      	SUBLW      142
L__I2C1_Start39:
0x0093	0x1C03      	BTFSS      STATUS, 0
0x0094	0x289F      	GOTO       L_I2C1_Start3
0x0095	0x2071      	CALL       _I2C1_Is_Idle
0x0096	0x0870      	MOVF       R0, 0
0x0097	0x1903      	BTFSC      STATUS, 2
0x0098	0x289A      	GOTO       L_I2C1_Start5
0x0099	0x289F      	GOTO       L_I2C1_Start3
L_I2C1_Start5:
0x009A	0x1283      	BCF        STATUS, 5
0x009B	0x0AC5      	INCF       I2C1_Start_j_L0, 1
0x009C	0x1903      	BTFSC      STATUS, 2
0x009D	0x0AC6      	INCF       I2C1_Start_j_L0+1, 1
0x009E	0x288D      	GOTO       L_I2C1_Start2
L_I2C1_Start3:
0x009F	0x1283      	BCF        STATUS, 5
0x00A0	0x3012      	MOVLW      18
0x00A1	0x0246      	SUBWF      I2C1_Start_j_L0+1, 0
0x00A2	0x1D03      	BTFSS      STATUS, 2
0x00A3	0x28A6      	GOTO       L__I2C1_Start40
0x00A4	0x308F      	MOVLW      143
0x00A5	0x0245      	SUBWF      I2C1_Start_j_L0, 0
L__I2C1_Start40:
0x00A6	0x1C03      	BTFSS      STATUS, 0
0x00A7	0x28AB      	GOTO       L_I2C1_Start6
0x00A8	0x307B      	MOVLW      123
0x00A9	0x00F0      	MOVWF      R0
0x00AA	0x28D8      	GOTO       L_end_I2C1_Start
L_I2C1_Start6:
0x00AB	0x1683      	BSF        STATUS, 5
0x00AC	0x1411      	BSF        SSPCON2, 0
L_I2C1_Start8:
0x00AD	0x1683      	BSF        STATUS, 5
0x00AE	0x1C11      	BTFSS      SSPCON2, 0
0x00AF	0x28D7      	GOTO       L_I2C1_Start9
0x00B0	0x1283      	BCF        STATUS, 5
0x00B1	0x0823      	MOVF       __Lib_I2C_c34__I2C1_TIMEOUT, 0
0x00B2	0x0424      	IORWF      __Lib_I2C_c34__I2C1_TIMEOUT+1, 0
0x00B3	0x0425      	IORWF      __Lib_I2C_c34__I2C1_TIMEOUT+2, 0
0x00B4	0x0426      	IORWF      __Lib_I2C_c34__I2C1_TIMEOUT+3, 0
0x00B5	0x1903      	BTFSC      STATUS, 2
0x00B6	0x28D6      	GOTO       L_I2C1_Start10
0x00B7	0x0847      	MOVF       I2C1_Start_timeout_L0, 0
0x00B8	0x0448      	IORWF      I2C1_Start_timeout_L0+1, 0
0x00B9	0x0449      	IORWF      I2C1_Start_timeout_L0+2, 0
0x00BA	0x044A      	IORWF      I2C1_Start_timeout_L0+3, 0
0x00BB	0x1D03      	BTFSS      STATUS, 2
0x00BC	0x28CE      	GOTO       L_I2C1_Start11
0x00BD	0x0838      	MOVF       _I2C1_Timeout_Ptr+2, 0
0x00BE	0x0084      	MOVWF      FSR
0x00BF	0x3005      	MOVLW      5
0x00C0	0x0080      	MOVWF      INDF
0x00C1	0x0A84      	INCF       FSR, 1
0x00C2	0x0836      	MOVF       _I2C1_Timeout_Ptr, 0
0x00C3	0x00A7      	MOVWF      ___DoICPAddr
0x00C4	0x0837      	MOVF       _I2C1_Timeout_Ptr+1, 0
0x00C5	0x00A8      	MOVWF      ___DoICPAddr+1
0x00C6	0x206A      	CALL       _____DoIFC
0x00C7	0x118A      	BCF        PCLATH, 3
0x00C8	0x120A      	BCF        PCLATH, 4
0x00C9	0x3001      	MOVLW      1
0x00CA	0x1283      	BCF        STATUS, 5
0x00CB	0x1303      	BCF        STATUS, 6
0x00CC	0x00F0      	MOVWF      R0
0x00CD	0x28D8      	GOTO       L_end_I2C1_Start
L_I2C1_Start11:
0x00CE	0x3001      	MOVLW      1
0x00CF	0x02C7      	SUBWF      I2C1_Start_timeout_L0, 1
0x00D0	0x1C03      	BTFSS      STATUS, 0
0x00D1	0x02C8      	SUBWF      I2C1_Start_timeout_L0+1, 1
0x00D2	0x1C03      	BTFSS      STATUS, 0
0x00D3	0x02C9      	SUBWF      I2C1_Start_timeout_L0+2, 1
0x00D4	0x1C03      	BTFSS      STATUS, 0
0x00D5	0x02CA      	SUBWF      I2C1_Start_timeout_L0+3, 1
L_I2C1_Start10:
0x00D6	0x28AD      	GOTO       L_I2C1_Start8
L_I2C1_Start9:
0x00D7	0x01F0      	CLRF       R0
L_end_I2C1_Start:
0x00D8	0x0008      	RETURN
; end of _I2C1_Start
_Lcd_Chr_CP:
0x00D9	0x1283      	BCF        STATUS, 5
0x00DA	0x1303      	BCF        STATUS, 6
0x00DB	0x1032      	BCF        __Lib_Lcd_cmd_status, BitPos(__Lib_Lcd_cmd_status+0)
0x00DC	0x0845      	MOVF       FARG_Lcd_Chr_CP_out_char, 0
0x00DD	0x00CB      	MOVWF      FARG_Lcd_Cmd_out_char
0x00DE	0x201D      	CALL       _Lcd_Cmd
0x00DF	0x1432      	BSF        __Lib_Lcd_cmd_status, BitPos(__Lib_Lcd_cmd_status+0)
L_end_Lcd_Chr_CP:
0x00E0	0x0008      	RETURN
; end of _Lcd_Chr_CP
_I2C1_Repeated_Start:
0x00E1	0x1283      	BCF        STATUS, 5
0x00E2	0x1303      	BCF        STATUS, 6
0x00E3	0x0823      	MOVF       __Lib_I2C_c34__I2C1_TIMEOUT, 0
0x00E4	0x00C5      	MOVWF      I2C1_Repeated_Start_timeout_L0
0x00E5	0x0824      	MOVF       __Lib_I2C_c34__I2C1_TIMEOUT+1, 0
0x00E6	0x00C6      	MOVWF      I2C1_Repeated_Start_timeout_L0+1
0x00E7	0x0825      	MOVF       __Lib_I2C_c34__I2C1_TIMEOUT+2, 0
0x00E8	0x00C7      	MOVWF      I2C1_Repeated_Start_timeout_L0+2
0x00E9	0x0826      	MOVF       __Lib_I2C_c34__I2C1_TIMEOUT+3, 0
0x00EA	0x00C8      	MOVWF      I2C1_Repeated_Start_timeout_L0+3
0x00EB	0x1683      	BSF        STATUS, 5
0x00EC	0x1491      	BSF        SSPCON2, 1
L_I2C1_Repeated_Start12:
0x00ED	0x1683      	BSF        STATUS, 5
0x00EE	0x1C91      	BTFSS      SSPCON2, 1
0x00EF	0x2915      	GOTO       L_I2C1_Repeated_Start13
0x00F0	0x1283      	BCF        STATUS, 5
0x00F1	0x0823      	MOVF       __Lib_I2C_c34__I2C1_TIMEOUT, 0
0x00F2	0x0424      	IORWF      __Lib_I2C_c34__I2C1_TIMEOUT+1, 0
0x00F3	0x0425      	IORWF      __Lib_I2C_c34__I2C1_TIMEOUT+2, 0
0x00F4	0x0426      	IORWF      __Lib_I2C_c34__I2C1_TIMEOUT+3, 0
0x00F5	0x1903      	BTFSC      STATUS, 2
0x00F6	0x2914      	GOTO       L_I2C1_Repeated_Start14
0x00F7	0x0845      	MOVF       I2C1_Repeated_Start_timeout_L0, 0
0x00F8	0x0446      	IORWF      I2C1_Repeated_Start_timeout_L0+1, 0
0x00F9	0x0447      	IORWF      I2C1_Repeated_Start_timeout_L0+2, 0
0x00FA	0x0448      	IORWF      I2C1_Repeated_Start_timeout_L0+3, 0
0x00FB	0x1D03      	BTFSS      STATUS, 2
0x00FC	0x290A      	GOTO       L_I2C1_Repeated_Start15
0x00FD	0x0838      	MOVF       _I2C1_Timeout_Ptr+2, 0
0x00FE	0x0084      	MOVWF      FSR
0x00FF	0x3006      	MOVLW      6
0x0100	0x0080      	MOVWF      INDF
0x0101	0x0A84      	INCF       FSR, 1
0x0102	0x0836      	MOVF       _I2C1_Timeout_Ptr, 0
0x0103	0x00A7      	MOVWF      ___DoICPAddr
0x0104	0x0837      	MOVF       _I2C1_Timeout_Ptr+1, 0
0x0105	0x00A8      	MOVWF      ___DoICPAddr+1
0x0106	0x206A      	CALL       _____DoIFC
0x0107	0x118A      	BCF        PCLATH, 3
0x0108	0x120A      	BCF        PCLATH, 4
0x0109	0x2915      	GOTO       L_I2C1_Repeated_Start13
L_I2C1_Repeated_Start15:
0x010A	0x3001      	MOVLW      1
0x010B	0x1283      	BCF        STATUS, 5
0x010C	0x1303      	BCF        STATUS, 6
0x010D	0x02C5      	SUBWF      I2C1_Repeated_Start_timeout_L0, 1
0x010E	0x1C03      	BTFSS      STATUS, 0
0x010F	0x02C6      	SUBWF      I2C1_Repeated_Start_timeout_L0+1, 1
0x0110	0x1C03      	BTFSS      STATUS, 0
0x0111	0x02C7      	SUBWF      I2C1_Repeated_Start_timeout_L0+2, 1
0x0112	0x1C03      	BTFSS      STATUS, 0
0x0113	0x02C8      	SUBWF      I2C1_Repeated_Start_timeout_L0+3, 1
L_I2C1_Repeated_Start14:
0x0114	0x28ED      	GOTO       L_I2C1_Repeated_Start12
L_I2C1_Repeated_Start13:
L_end_I2C1_Repeated_Start:
0x0115	0x0008      	RETURN
; end of _I2C1_Repeated_Start
_I2C1_Wr:
0x0116	0x1283      	BCF        STATUS, 5
0x0117	0x1303      	BCF        STATUS, 6
0x0118	0x118C      	BCF        PIR1, 3
0x0119	0x0820      	MOVF       FARG_I2C1_Wr_data_, 0
0x011A	0x0093      	MOVWF      SSPBUF
0x011B	0x0823      	MOVF       __Lib_I2C_c34__I2C1_TIMEOUT, 0
0x011C	0x00C5      	MOVWF      I2C1_Wr_timeout_L0
0x011D	0x0824      	MOVF       __Lib_I2C_c34__I2C1_TIMEOUT+1, 0
0x011E	0x00C6      	MOVWF      I2C1_Wr_timeout_L0+1
0x011F	0x0825      	MOVF       __Lib_I2C_c34__I2C1_TIMEOUT+2, 0
0x0120	0x00C7      	MOVWF      I2C1_Wr_timeout_L0+2
0x0121	0x0826      	MOVF       __Lib_I2C_c34__I2C1_TIMEOUT+3, 0
0x0122	0x00C8      	MOVWF      I2C1_Wr_timeout_L0+3
L_I2C1_Wr26:
0x0123	0x1683      	BSF        STATUS, 5
0x0124	0x1D14      	BTFSS      SSPSTAT, 2
0x0125	0x294D      	GOTO       L_I2C1_Wr27
0x0126	0x1283      	BCF        STATUS, 5
0x0127	0x0823      	MOVF       __Lib_I2C_c34__I2C1_TIMEOUT, 0
0x0128	0x0424      	IORWF      __Lib_I2C_c34__I2C1_TIMEOUT+1, 0
0x0129	0x0425      	IORWF      __Lib_I2C_c34__I2C1_TIMEOUT+2, 0
0x012A	0x0426      	IORWF      __Lib_I2C_c34__I2C1_TIMEOUT+3, 0
0x012B	0x1903      	BTFSC      STATUS, 2
0x012C	0x294C      	GOTO       L_I2C1_Wr28
0x012D	0x0845      	MOVF       I2C1_Wr_timeout_L0, 0
0x012E	0x0446      	IORWF      I2C1_Wr_timeout_L0+1, 0
0x012F	0x0447      	IORWF      I2C1_Wr_timeout_L0+2, 0
0x0130	0x0448      	IORWF      I2C1_Wr_timeout_L0+3, 0
0x0131	0x1D03      	BTFSS      STATUS, 2
0x0132	0x2944      	GOTO       L_I2C1_Wr29
0x0133	0x0838      	MOVF       _I2C1_Timeout_Ptr+2, 0
0x0134	0x0084      	MOVWF      FSR
0x0135	0x3004      	MOVLW      4
0x0136	0x0080      	MOVWF      INDF
0x0137	0x0A84      	INCF       FSR, 1
0x0138	0x0836      	MOVF       _I2C1_Timeout_Ptr, 0
0x0139	0x00A7      	MOVWF      ___DoICPAddr
0x013A	0x0837      	MOVF       _I2C1_Timeout_Ptr+1, 0
0x013B	0x00A8      	MOVWF      ___DoICPAddr+1
0x013C	0x206A      	CALL       _____DoIFC
0x013D	0x118A      	BCF        PCLATH, 3
0x013E	0x120A      	BCF        PCLATH, 4
0x013F	0x3001      	MOVLW      1
0x0140	0x1283      	BCF        STATUS, 5
0x0141	0x1303      	BCF        STATUS, 6
0x0142	0x00F0      	MOVWF      R0
0x0143	0x2986      	GOTO       L_end_I2C1_Wr
L_I2C1_Wr29:
0x0144	0x3001      	MOVLW      1
0x0145	0x02C5      	SUBWF      I2C1_Wr_timeout_L0, 1
0x0146	0x1C03      	BTFSS      STATUS, 0
0x0147	0x02C6      	SUBWF      I2C1_Wr_timeout_L0+1, 1
0x0148	0x1C03      	BTFSS      STATUS, 0
0x0149	0x02C7      	SUBWF      I2C1_Wr_timeout_L0+2, 1
0x014A	0x1C03      	BTFSS      STATUS, 0
0x014B	0x02C8      	SUBWF      I2C1_Wr_timeout_L0+3, 1
L_I2C1_Wr28:
0x014C	0x2923      	GOTO       L_I2C1_Wr26
L_I2C1_Wr27:
0x014D	0x1283      	BCF        STATUS, 5
0x014E	0x0823      	MOVF       __Lib_I2C_c34__I2C1_TIMEOUT, 0
0x014F	0x00C5      	MOVWF      I2C1_Wr_timeout_L0
0x0150	0x0824      	MOVF       __Lib_I2C_c34__I2C1_TIMEOUT+1, 0
0x0151	0x00C6      	MOVWF      I2C1_Wr_timeout_L0+1
0x0152	0x0825      	MOVF       __Lib_I2C_c34__I2C1_TIMEOUT+2, 0
0x0153	0x00C7      	MOVWF      I2C1_Wr_timeout_L0+2
0x0154	0x0826      	MOVF       __Lib_I2C_c34__I2C1_TIMEOUT+3, 0
0x0155	0x00C8      	MOVWF      I2C1_Wr_timeout_L0+3
L_I2C1_Wr30:
0x0156	0x198C      	BTFSC      PIR1, 3
0x0157	0x297E      	GOTO       L_I2C1_Wr31
0x0158	0x0823      	MOVF       __Lib_I2C_c34__I2C1_TIMEOUT, 0
0x0159	0x0424      	IORWF      __Lib_I2C_c34__I2C1_TIMEOUT+1, 0
0x015A	0x0425      	IORWF      __Lib_I2C_c34__I2C1_TIMEOUT+2, 0
0x015B	0x0426      	IORWF      __Lib_I2C_c34__I2C1_TIMEOUT+3, 0
0x015C	0x1903      	BTFSC      STATUS, 2
0x015D	0x297D      	GOTO       L_I2C1_Wr32
0x015E	0x0845      	MOVF       I2C1_Wr_timeout_L0, 0
0x015F	0x0446      	IORWF      I2C1_Wr_timeout_L0+1, 0
0x0160	0x0447      	IORWF      I2C1_Wr_timeout_L0+2, 0
0x0161	0x0448      	IORWF      I2C1_Wr_timeout_L0+3, 0
0x0162	0x1D03      	BTFSS      STATUS, 2
0x0163	0x2975      	GOTO       L_I2C1_Wr33
0x0164	0x0838      	MOVF       _I2C1_Timeout_Ptr+2, 0
0x0165	0x0084      	MOVWF      FSR
0x0166	0x3004      	MOVLW      4
0x0167	0x0080      	MOVWF      INDF
0x0168	0x0A84      	INCF       FSR, 1
0x0169	0x0836      	MOVF       _I2C1_Timeout_Ptr, 0
0x016A	0x00A7      	MOVWF      ___DoICPAddr
0x016B	0x0837      	MOVF       _I2C1_Timeout_Ptr+1, 0
0x016C	0x00A8      	MOVWF      ___DoICPAddr+1
0x016D	0x206A      	CALL       _____DoIFC
0x016E	0x118A      	BCF        PCLATH, 3
0x016F	0x120A      	BCF        PCLATH, 4
0x0170	0x3001      	MOVLW      1
0x0171	0x1283      	BCF        STATUS, 5
0x0172	0x1303      	BCF        STATUS, 6
0x0173	0x00F0      	MOVWF      R0
0x0174	0x2986      	GOTO       L_end_I2C1_Wr
L_I2C1_Wr33:
0x0175	0x3001      	MOVLW      1
0x0176	0x02C5      	SUBWF      I2C1_Wr_timeout_L0, 1
0x0177	0x1C03      	BTFSS      STATUS, 0
0x0178	0x02C6      	SUBWF      I2C1_Wr_timeout_L0+1, 1
0x0179	0x1C03      	BTFSS      STATUS, 0
0x017A	0x02C7      	SUBWF      I2C1_Wr_timeout_L0+2, 1
0x017B	0x1C03      	BTFSS      STATUS, 0
0x017C	0x02C8      	SUBWF      I2C1_Wr_timeout_L0+3, 1
L_I2C1_Wr32:
0x017D	0x2956      	GOTO       L_I2C1_Wr30
L_I2C1_Wr31:
0x017E	0x1683      	BSF        STATUS, 5
0x017F	0x1B11      	BTFSC      SSPCON2, 6
0x0180	0x2983      	GOTO       L_I2C1_Wr34
0x0181	0x01F0      	CLRF       R0
0x0182	0x2986      	GOTO       L_end_I2C1_Wr
L_I2C1_Wr34:
0x0183	0x1511      	BSF        SSPCON2, 2
0x0184	0x3002      	MOVLW      2
0x0185	0x00F0      	MOVWF      R0
L_end_I2C1_Wr:
0x0186	0x0008      	RETURN
; end of _I2C1_Wr
_I2C1_Rd:
0x0187	0x1283      	BCF        STATUS, 5
0x0188	0x1303      	BCF        STATUS, 6
0x0189	0x0823      	MOVF       __Lib_I2C_c34__I2C1_TIMEOUT, 0
0x018A	0x00C6      	MOVWF      I2C1_Rd_timeout_L0
0x018B	0x0824      	MOVF       __Lib_I2C_c34__I2C1_TIMEOUT+1, 0
0x018C	0x00C7      	MOVWF      I2C1_Rd_timeout_L0+1
0x018D	0x0825      	MOVF       __Lib_I2C_c34__I2C1_TIMEOUT+2, 0
0x018E	0x00C8      	MOVWF      I2C1_Rd_timeout_L0+2
0x018F	0x0826      	MOVF       __Lib_I2C_c34__I2C1_TIMEOUT+3, 0
0x0190	0x00C9      	MOVWF      I2C1_Rd_timeout_L0+3
0x0191	0x118C      	BCF        PIR1, 3
0x0192	0x1683      	BSF        STATUS, 5
0x0193	0x1591      	BSF        SSPCON2, 3
L_I2C1_Rd16:
0x0194	0x1283      	BCF        STATUS, 5
0x0195	0x198C      	BTFSC      PIR1, 3
0x0196	0x29BB      	GOTO       L_I2C1_Rd17
0x0197	0x0823      	MOVF       __Lib_I2C_c34__I2C1_TIMEOUT, 0
0x0198	0x0424      	IORWF      __Lib_I2C_c34__I2C1_TIMEOUT+1, 0
0x0199	0x0425      	IORWF      __Lib_I2C_c34__I2C1_TIMEOUT+2, 0
0x019A	0x0426      	IORWF      __Lib_I2C_c34__I2C1_TIMEOUT+3, 0
0x019B	0x1903      	BTFSC      STATUS, 2
0x019C	0x29BA      	GOTO       L_I2C1_Rd18
0x019D	0x0846      	MOVF       I2C1_Rd_timeout_L0, 0
0x019E	0x0447      	IORWF      I2C1_Rd_timeout_L0+1, 0
0x019F	0x0448      	IORWF      I2C1_Rd_timeout_L0+2, 0
0x01A0	0x0449      	IORWF      I2C1_Rd_timeout_L0+3, 0
0x01A1	0x1D03      	BTFSS      STATUS, 2
0x01A2	0x29B0      	GOTO       L_I2C1_Rd19
0x01A3	0x0838      	MOVF       _I2C1_Timeout_Ptr+2, 0
0x01A4	0x0084      	MOVWF      FSR
0x01A5	0x3003      	MOVLW      3
0x01A6	0x0080      	MOVWF      INDF
0x01A7	0x0A84      	INCF       FSR, 1
0x01A8	0x0836      	MOVF       _I2C1_Timeout_Ptr, 0
0x01A9	0x00A7      	MOVWF      ___DoICPAddr
0x01AA	0x0837      	MOVF       _I2C1_Timeout_Ptr+1, 0
0x01AB	0x00A8      	MOVWF      ___DoICPAddr+1
0x01AC	0x206A      	CALL       _____DoIFC
0x01AD	0x118A      	BCF        PCLATH, 3
0x01AE	0x120A      	BCF        PCLATH, 4
0x01AF	0x29BB      	GOTO       L_I2C1_Rd17
L_I2C1_Rd19:
0x01B0	0x3001      	MOVLW      1
0x01B1	0x1283      	BCF        STATUS, 5
0x01B2	0x1303      	BCF        STATUS, 6
0x01B3	0x02C6      	SUBWF      I2C1_Rd_timeout_L0, 1
0x01B4	0x1C03      	BTFSS      STATUS, 0
0x01B5	0x02C7      	SUBWF      I2C1_Rd_timeout_L0+1, 1
0x01B6	0x1C03      	BTFSS      STATUS, 0
0x01B7	0x02C8      	SUBWF      I2C1_Rd_timeout_L0+2, 1
0x01B8	0x1C03      	BTFSS      STATUS, 0
0x01B9	0x02C9      	SUBWF      I2C1_Rd_timeout_L0+3, 1
L_I2C1_Rd18:
0x01BA	0x2994      	GOTO       L_I2C1_Rd16
L_I2C1_Rd17:
0x01BB	0x1283      	BCF        STATUS, 5
0x01BC	0x1303      	BCF        STATUS, 6
0x01BD	0x0813      	MOVF       SSPBUF, 0
0x01BE	0x00C5      	MOVWF      I2C1_Rd_tmp_L0
0x01BF	0x0821      	MOVF       FARG_I2C1_Rd_ack, 0
0x01C0	0x3A00      	XORLW      0
0x01C1	0x1D03      	BTFSS      STATUS, 2
0x01C2	0x29C6      	GOTO       L_I2C1_Rd20
0x01C3	0x1683      	BSF        STATUS, 5
0x01C4	0x1691      	BSF        SSPCON2, 5
0x01C5	0x29C8      	GOTO       L_I2C1_Rd21
L_I2C1_Rd20:
0x01C6	0x1683      	BSF        STATUS, 5
0x01C7	0x1291      	BCF        SSPCON2, 5
L_I2C1_Rd21:
0x01C8	0x1283      	BCF        STATUS, 5
0x01C9	0x118C      	BCF        PIR1, 3
0x01CA	0x1683      	BSF        STATUS, 5
0x01CB	0x1611      	BSF        SSPCON2, 4
0x01CC	0x1283      	BCF        STATUS, 5
0x01CD	0x0823      	MOVF       __Lib_I2C_c34__I2C1_TIMEOUT, 0
0x01CE	0x00C6      	MOVWF      I2C1_Rd_timeout_L0
0x01CF	0x0824      	MOVF       __Lib_I2C_c34__I2C1_TIMEOUT+1, 0
0x01D0	0x00C7      	MOVWF      I2C1_Rd_timeout_L0+1
0x01D1	0x0825      	MOVF       __Lib_I2C_c34__I2C1_TIMEOUT+2, 0
0x01D2	0x00C8      	MOVWF      I2C1_Rd_timeout_L0+2
0x01D3	0x0826      	MOVF       __Lib_I2C_c34__I2C1_TIMEOUT+3, 0
0x01D4	0x00C9      	MOVWF      I2C1_Rd_timeout_L0+3
L_I2C1_Rd22:
0x01D5	0x198C      	BTFSC      PIR1, 3
0x01D6	0x29FB      	GOTO       L_I2C1_Rd23
0x01D7	0x0823      	MOVF       __Lib_I2C_c34__I2C1_TIMEOUT, 0
0x01D8	0x0424      	IORWF      __Lib_I2C_c34__I2C1_TIMEOUT+1, 0
0x01D9	0x0425      	IORWF      __Lib_I2C_c34__I2C1_TIMEOUT+2, 0
0x01DA	0x0426      	IORWF      __Lib_I2C_c34__I2C1_TIMEOUT+3, 0
0x01DB	0x1903      	BTFSC      STATUS, 2
0x01DC	0x29FA      	GOTO       L_I2C1_Rd24
0x01DD	0x0846      	MOVF       I2C1_Rd_timeout_L0, 0
0x01DE	0x0447      	IORWF      I2C1_Rd_timeout_L0+1, 0
0x01DF	0x0448      	IORWF      I2C1_Rd_timeout_L0+2, 0
0x01E0	0x0449      	IORWF      I2C1_Rd_timeout_L0+3, 0
0x01E1	0x1D03      	BTFSS      STATUS, 2
0x01E2	0x29F0      	GOTO       L_I2C1_Rd25
0x01E3	0x0838      	MOVF       _I2C1_Timeout_Ptr+2, 0
0x01E4	0x0084      	MOVWF      FSR
0x01E5	0x3003      	MOVLW      3
0x01E6	0x0080      	MOVWF      INDF
0x01E7	0x0A84      	INCF       FSR, 1
0x01E8	0x0836      	MOVF       _I2C1_Timeout_Ptr, 0
0x01E9	0x00A7      	MOVWF      ___DoICPAddr
0x01EA	0x0837      	MOVF       _I2C1_Timeout_Ptr+1, 0
0x01EB	0x00A8      	MOVWF      ___DoICPAddr+1
0x01EC	0x206A      	CALL       _____DoIFC
0x01ED	0x118A      	BCF        PCLATH, 3
0x01EE	0x120A      	BCF        PCLATH, 4
0x01EF	0x29FB      	GOTO       L_I2C1_Rd23
L_I2C1_Rd25:
0x01F0	0x3001      	MOVLW      1
0x01F1	0x1283      	BCF        STATUS, 5
0x01F2	0x1303      	BCF        STATUS, 6
0x01F3	0x02C6      	SUBWF      I2C1_Rd_timeout_L0, 1
0x01F4	0x1C03      	BTFSS      STATUS, 0
0x01F5	0x02C7      	SUBWF      I2C1_Rd_timeout_L0+1, 1
0x01F6	0x1C03      	BTFSS      STATUS, 0
0x01F7	0x02C8      	SUBWF      I2C1_Rd_timeout_L0+2, 1
0x01F8	0x1C03      	BTFSS      STATUS, 0
0x01F9	0x02C9      	SUBWF      I2C1_Rd_timeout_L0+3, 1
L_I2C1_Rd24:
0x01FA	0x29D5      	GOTO       L_I2C1_Rd22
L_I2C1_Rd23:
0x01FB	0x1283      	BCF        STATUS, 5
0x01FC	0x1303      	BCF        STATUS, 6
0x01FD	0x0845      	MOVF       I2C1_Rd_tmp_L0, 0
0x01FE	0x00F0      	MOVWF      R0
L_end_I2C1_Rd:
0x01FF	0x0008      	RETURN
; end of _I2C1_Rd
_I2C1_Stop:
0x0200	0x1683      	BSF        STATUS, 5
0x0201	0x1303      	BCF        STATUS, 6
0x0202	0x1511      	BSF        SSPCON2, 2
L_end_I2C1_Stop:
0x0203	0x0008      	RETURN
; end of _I2C1_Stop
_____DoICP:
0x0204	0x1283      	BCF        STATUS, 5
0x0205	0x1303      	BCF        STATUS, 6
0x0206	0x0828      	MOVF       ___DoICPAddr+1, 0
0x0207	0x008A      	MOVWF      PCLATH
0x0208	0x0827      	MOVF       ___DoICPAddr, 0
0x0209	0x0082      	MOVWF      PCL
L_end_____DoICP:
0x020A	0x0008      	RETURN
; end of _____DoICP
_Lcd_Out:
0x020B	0x2A1D      	GOTO       L_Lcd_Out11
L_Lcd_Out13:
0x020C	0x3080      	MOVLW      128
0x020D	0x1283      	BCF        STATUS, 5
0x020E	0x1303      	BCF        STATUS, 6
0x020F	0x00C1      	MOVWF      FARG_Lcd_Out_row
0x0210	0x2A30      	GOTO       L_Lcd_Out12
L_Lcd_Out14:
0x0211	0x30C0      	MOVLW      192
0x0212	0x00C1      	MOVWF      FARG_Lcd_Out_row
0x0213	0x2A30      	GOTO       L_Lcd_Out12
L_Lcd_Out15:
0x0214	0x3094      	MOVLW      148
0x0215	0x00C1      	MOVWF      FARG_Lcd_Out_row
0x0216	0x2A30      	GOTO       L_Lcd_Out12
L_Lcd_Out16:
0x0217	0x30D4      	MOVLW      212
0x0218	0x00C1      	MOVWF      FARG_Lcd_Out_row
0x0219	0x2A30      	GOTO       L_Lcd_Out12
L_Lcd_Out17:
0x021A	0x3080      	MOVLW      128
0x021B	0x00C1      	MOVWF      FARG_Lcd_Out_row
0x021C	0x2A30      	GOTO       L_Lcd_Out12
L_Lcd_Out11:
0x021D	0x1283      	BCF        STATUS, 5
0x021E	0x1303      	BCF        STATUS, 6
0x021F	0x0841      	MOVF       FARG_Lcd_Out_row, 0
0x0220	0x3A01      	XORLW      1
0x0221	0x1903      	BTFSC      STATUS, 2
0x0222	0x2A0C      	GOTO       L_Lcd_Out13
0x0223	0x0841      	MOVF       FARG_Lcd_Out_row, 0
0x0224	0x3A02      	XORLW      2
0x0225	0x1903      	BTFSC      STATUS, 2
0x0226	0x2A11      	GOTO       L_Lcd_Out14
0x0227	0x0841      	MOVF       FARG_Lcd_Out_row, 0
0x0228	0x3A03      	XORLW      3
0x0229	0x1903      	BTFSC      STATUS, 2
0x022A	0x2A14      	GOTO       L_Lcd_Out15
0x022B	0x0841      	MOVF       FARG_Lcd_Out_row, 0
0x022C	0x3A04      	XORLW      4
0x022D	0x1903      	BTFSC      STATUS, 2
0x022E	0x2A17      	GOTO       L_Lcd_Out16
0x022F	0x2A1A      	GOTO       L_Lcd_Out17
L_Lcd_Out12:
0x0230	0x0342      	DECF       FARG_Lcd_Out_column, 0
0x0231	0x00F0      	MOVWF      R0
0x0232	0x0841      	MOVF       FARG_Lcd_Out_row, 0
0x0233	0x07F0      	ADDWF      R0, 1
0x0234	0x0870      	MOVF       R0, 0
0x0235	0x00C1      	MOVWF      FARG_Lcd_Out_row
0x0236	0x0870      	MOVF       R0, 0
0x0237	0x00CB      	MOVWF      FARG_Lcd_Cmd_out_char
0x0238	0x201D      	CALL       _Lcd_Cmd
0x0239	0x1032      	BCF        __Lib_Lcd_cmd_status, BitPos(__Lib_Lcd_cmd_status+0)
0x023A	0x01C4      	CLRF       Lcd_Out_i_L0
L_Lcd_Out18:
0x023B	0x0844      	MOVF       Lcd_Out_i_L0, 0
0x023C	0x0743      	ADDWF      FARG_Lcd_Out_text, 0
0x023D	0x0084      	MOVWF      FSR
0x023E	0x0800      	MOVF       INDF, 0
0x023F	0x1903      	BTFSC      STATUS, 2
0x0240	0x2A49      	GOTO       L_Lcd_Out19
0x0241	0x0844      	MOVF       Lcd_Out_i_L0, 0
0x0242	0x0743      	ADDWF      FARG_Lcd_Out_text, 0
0x0243	0x0084      	MOVWF      FSR
0x0244	0x0800      	MOVF       INDF, 0
0x0245	0x00C5      	MOVWF      FARG_Lcd_Chr_CP_out_char
0x0246	0x20D9      	CALL       _Lcd_Chr_CP
0x0247	0x0AC4      	INCF       Lcd_Out_i_L0, 1
0x0248	0x2A3B      	GOTO       L_Lcd_Out18
L_Lcd_Out19:
0x0249	0x1432      	BSF        __Lib_Lcd_cmd_status, BitPos(__Lib_Lcd_cmd_status+0)
L_end_Lcd_Out:
0x024A	0x0008      	RETURN
; end of _Lcd_Out
___CC2DW:
_CC2D_Loop1:
0x024B	0x2204      	CALL       _____DoICP
0x024C	0x118A      	BCF        PCLATH, 3
0x024D	0x120A      	BCF        PCLATH, 4
0x024E	0x0080      	MOVWF      INDF
0x024F	0x0A84      	INCF       FSR, 1
0x0250	0x0AA7      	INCF       ___DoICPAddr, 1
0x0251	0x1903      	BTFSC      STATUS, 2
0x0252	0x0AA8      	INCF       ___DoICPAddr+1, 1
0x0253	0x03F0      	DECF       R0, 1
0x0254	0x1D03      	BTFSS      STATUS, 2
0x0255	0x2A4B      	GOTO       _CC2D_Loop1
L_end___CC2DW:
0x0256	0x0008      	RETURN
; end of ___CC2DW
_read_EEPROM:
0x0257	0x2081      	CALL       _I2C1_Start
0x0258	0x30A0      	MOVLW      160
0x0259	0x1283      	BCF        STATUS, 5
0x025A	0x1303      	BCF        STATUS, 6
0x025B	0x00A0      	MOVWF      FARG_I2C1_Wr_data_
0x025C	0x2116      	CALL       _I2C1_Wr
0x025D	0x1283      	BCF        STATUS, 5
0x025E	0x1303      	BCF        STATUS, 6
0x025F	0x0841      	MOVF       FARG_read_EEPROM_adres, 0
0x0260	0x00A0      	MOVWF      FARG_I2C1_Wr_data_
0x0261	0x2116      	CALL       _I2C1_Wr
0x0262	0x20E1      	CALL       _I2C1_Repeated_Start
0x0263	0x30A1      	MOVLW      161
0x0264	0x1283      	BCF        STATUS, 5
0x0265	0x1303      	BCF        STATUS, 6
0x0266	0x00A0      	MOVWF      FARG_I2C1_Wr_data_
0x0267	0x2116      	CALL       _I2C1_Wr
0x0268	0x1283      	BCF        STATUS, 5
0x0269	0x1303      	BCF        STATUS, 6
0x026A	0x01A1      	CLRF       FARG_I2C1_Rd_ack
0x026B	0x2187      	CALL       _I2C1_Rd
0x026C	0x0870      	MOVF       R0, 0
0x026D	0x00C2      	MOVWF      read_EEPROM_dta_L0
0x026E	0x2200      	CALL       _I2C1_Stop
0x026F	0x1283      	BCF        STATUS, 5
0x0270	0x0842      	MOVF       read_EEPROM_dta_L0, 0
0x0271	0x00F0      	MOVWF      R0
L_end_read_EEPROM:
0x0272	0x0008      	RETURN
; end of _read_EEPROM
_I2C1_Init:
0x0273	0x3071      	MOVLW      _I2C1_Is_Idle
0x0274	0x1283      	BCF        STATUS, 5
0x0275	0x1303      	BCF        STATUS, 6
0x0276	0x00BC      	MOVWF      _I2C_Is_Idle_Ptr
0x0277	0x3000      	MOVLW      hi_addr(_I2C1_Is_Idle)
0x0278	0x00BD      	MOVWF      _I2C_Is_Idle_Ptr+1
0x0279	0x3000      	MOVLW      0
0x027A	0x00BE      	MOVWF      _I2C_Is_Idle_Ptr+2
0x027B	0x3000      	MOVLW      0
0x027C	0x3081      	MOVLW      _I2C1_Start
0x027D	0x00B9      	MOVWF      _I2C_Start_Ptr
0x027E	0x3000      	MOVLW      hi_addr(_I2C1_Start)
0x027F	0x00BA      	MOVWF      _I2C_Start_Ptr+1
0x0280	0x3000      	MOVLW      0
0x0281	0x00BB      	MOVWF      _I2C_Start_Ptr+2
0x0282	0x3000      	MOVLW      0
0x0283	0x30E1      	MOVLW      _I2C1_Repeated_Start
0x0284	0x00AC      	MOVWF      _I2C_Restart_Ptr
0x0285	0x3000      	MOVLW      hi_addr(_I2C1_Repeated_Start)
0x0286	0x00AD      	MOVWF      _I2C_Restart_Ptr+1
0x0287	0x3000      	MOVLW      0
0x0288	0x00AE      	MOVWF      _I2C_Restart_Ptr+2
0x0289	0x3000      	MOVLW      0
0x028A	0x3087      	MOVLW      _I2C1_Rd
0x028B	0x00A9      	MOVWF      _I2C_Read_Ptr
0x028C	0x3001      	MOVLW      hi_addr(_I2C1_Rd)
0x028D	0x00AA      	MOVWF      _I2C_Read_Ptr+1
0x028E	0x3021      	MOVLW      FARG_I2C1_Rd_ack
0x028F	0x00AB      	MOVWF      _I2C_Read_Ptr+2
0x0290	0x3000      	MOVLW      hi_addr(FARG_I2C1_Rd_ack)
0x0291	0x3016      	MOVLW      _I2C1_Wr
0x0292	0x00AF      	MOVWF      _I2C_Write_Ptr
0x0293	0x3001      	MOVLW      hi_addr(_I2C1_Wr)
0x0294	0x00B0      	MOVWF      _I2C_Write_Ptr+1
0x0295	0x3020      	MOVLW      FARG_I2C1_Wr_data_
0x0296	0x00B1      	MOVWF      _I2C_Write_Ptr+2
0x0297	0x3000      	MOVLW      hi_addr(FARG_I2C1_Wr_data_)
0x0298	0x3000      	MOVLW      _I2C1_Stop
0x0299	0x00B3      	MOVWF      _I2C_Stop_Ptr
0x029A	0x3002      	MOVLW      hi_addr(_I2C1_Stop)
0x029B	0x00B4      	MOVWF      _I2C_Stop_Ptr+1
0x029C	0x3000      	MOVLW      0
0x029D	0x00B5      	MOVWF      _I2C_Stop_Ptr+2
0x029E	0x3000      	MOVLW      0
0x029F	0x1683      	BSF        STATUS, 5
0x02A0	0x1314      	BCF        SSPSTAT, 6
0x02A1	0x1394      	BCF        SSPSTAT, 7
0x02A2	0x1607      	BSF        TRISC4_bit, BitPos(TRISC4_bit+0)
0x02A3	0x1587      	BSF        TRISC3_bit, BitPos(TRISC3_bit+0)
0x02A4	0x3038      	MOVLW      56
0x02A5	0x1283      	BCF        STATUS, 5
0x02A6	0x0094      	MOVWF      SSPCON
L_end_I2C1_Init:
0x02A7	0x0008      	RETURN
; end of _I2C1_Init
_Lcd_Init:
0x02A8	0x1683      	BSF        STATUS, 5
0x02A9	0x1303      	BCF        STATUS, 6
0x02AA	0x1186      	BCF        LCD_EN_Direction, BitPos(LCD_EN_Direction+0)
0x02AB	0x1106      	BCF        LCD_RS_Direction, BitPos(LCD_RS_Direction+0)
0x02AC	0x1206      	BCF        LCD_D4_Direction, BitPos(LCD_D4_Direction+0)
0x02AD	0x1286      	BCF        LCD_D5_Direction, BitPos(LCD_D5_Direction+0)
0x02AE	0x1306      	BCF        LCD_D6_Direction, BitPos(LCD_D6_Direction+0)
0x02AF	0x1386      	BCF        LCD_D7_Direction, BitPos(LCD_D7_Direction+0)
0x02B0	0x1283      	BCF        STATUS, 5
0x02B1	0x1186      	BCF        LCD_EN, BitPos(LCD_EN+0)
0x02B2	0x1106      	BCF        LCD_RS, BitPos(LCD_RS+0)
0x02B3	0x1386      	BCF        LCD_D7, BitPos(LCD_D7+0)
0x02B4	0x1306      	BCF        LCD_D6, BitPos(LCD_D6+0)
0x02B5	0x1286      	BCF        LCD_D5, BitPos(LCD_D5+0)
0x02B6	0x1206      	BCF        LCD_D4, BitPos(LCD_D4+0)
0x02B7	0x2010      	CALL       _Delay_5500us
0x02B8	0x2010      	CALL       _Delay_5500us
0x02B9	0x2010      	CALL       _Delay_5500us
0x02BA	0x1686      	BSF        LCD_D5, BitPos(LCD_D5+0)
0x02BB	0x1606      	BSF        LCD_D4, BitPos(LCD_D4+0)
0x02BC	0x1586      	BSF        LCD_EN, BitPos(LCD_EN+0)
0x02BD	0x200A      	CALL       _Delay_1us
0x02BE	0x1186      	BCF        LCD_EN, BitPos(LCD_EN+0)
0x02BF	0x2010      	CALL       _Delay_5500us
0x02C0	0x1586      	BSF        LCD_EN, BitPos(LCD_EN+0)
0x02C1	0x200A      	CALL       _Delay_1us
0x02C2	0x1186      	BCF        LCD_EN, BitPos(LCD_EN+0)
0x02C3	0x2010      	CALL       _Delay_5500us
0x02C4	0x1586      	BSF        LCD_EN, BitPos(LCD_EN+0)
0x02C5	0x200A      	CALL       _Delay_1us
0x02C6	0x1186      	BCF        LCD_EN, BitPos(LCD_EN+0)
0x02C7	0x2010      	CALL       _Delay_5500us
0x02C8	0x1206      	BCF        LCD_D4, BitPos(LCD_D4+0)
0x02C9	0x1586      	BSF        LCD_EN, BitPos(LCD_EN+0)
0x02CA	0x200A      	CALL       _Delay_1us
0x02CB	0x1186      	BCF        LCD_EN, BitPos(LCD_EN+0)
0x02CC	0x2010      	CALL       _Delay_5500us
0x02CD	0x1586      	BSF        LCD_EN, BitPos(LCD_EN+0)
0x02CE	0x200A      	CALL       _Delay_1us
0x02CF	0x1186      	BCF        LCD_EN, BitPos(LCD_EN+0)
0x02D0	0x1286      	BCF        LCD_D5, BitPos(LCD_D5+0)
0x02D1	0x1786      	BSF        LCD_D7, BitPos(LCD_D7+0)
0x02D2	0x1586      	BSF        LCD_EN, BitPos(LCD_EN+0)
0x02D3	0x200A      	CALL       _Delay_1us
0x02D4	0x1186      	BCF        LCD_EN, BitPos(LCD_EN+0)
0x02D5	0x2010      	CALL       _Delay_5500us
0x02D6	0x1386      	BCF        LCD_D7, BitPos(LCD_D7+0)
0x02D7	0x1606      	BSF        LCD_D4, BitPos(LCD_D4+0)
0x02D8	0x1586      	BSF        LCD_EN, BitPos(LCD_EN+0)
0x02D9	0x200A      	CALL       _Delay_1us
0x02DA	0x1186      	BCF        LCD_EN, BitPos(LCD_EN+0)
0x02DB	0x1206      	BCF        LCD_D4, BitPos(LCD_D4+0)
0x02DC	0x1586      	BSF        LCD_EN, BitPos(LCD_EN+0)
0x02DD	0x200A      	CALL       _Delay_1us
0x02DE	0x1186      	BCF        LCD_EN, BitPos(LCD_EN+0)
0x02DF	0x2010      	CALL       _Delay_5500us
0x02E0	0x1586      	BSF        LCD_EN, BitPos(LCD_EN+0)
0x02E1	0x200A      	CALL       _Delay_1us
0x02E2	0x1186      	BCF        LCD_EN, BitPos(LCD_EN+0)
0x02E3	0x1606      	BSF        LCD_D4, BitPos(LCD_D4+0)
0x02E4	0x1586      	BSF        LCD_EN, BitPos(LCD_EN+0)
0x02E5	0x200A      	CALL       _Delay_1us
0x02E6	0x1186      	BCF        LCD_EN, BitPos(LCD_EN+0)
0x02E7	0x2010      	CALL       _Delay_5500us
0x02E8	0x1206      	BCF        LCD_D4, BitPos(LCD_D4+0)
0x02E9	0x1586      	BSF        LCD_EN, BitPos(LCD_EN+0)
0x02EA	0x200A      	CALL       _Delay_1us
0x02EB	0x1186      	BCF        LCD_EN, BitPos(LCD_EN+0)
0x02EC	0x1786      	BSF        LCD_D7, BitPos(LCD_D7+0)
0x02ED	0x1706      	BSF        LCD_D6, BitPos(LCD_D6+0)
0x02EE	0x1686      	BSF        LCD_D5, BitPos(LCD_D5+0)
0x02EF	0x1606      	BSF        LCD_D4, BitPos(LCD_D4+0)
0x02F0	0x1586      	BSF        LCD_EN, BitPos(LCD_EN+0)
0x02F1	0x200A      	CALL       _Delay_1us
0x02F2	0x1186      	BCF        LCD_EN, BitPos(LCD_EN+0)
0x02F3	0x2010      	CALL       _Delay_5500us
0x02F4	0x1432      	BSF        __Lib_Lcd_cmd_status, BitPos(__Lib_Lcd_cmd_status+0)
L_end_Lcd_Init:
0x02F5	0x0008      	RETURN
; end of _Lcd_Init
_main:
0x02F6	0x2354      	CALL       852
0x02F7	0x22A8      	CALL       _Lcd_Init
0x02F8	0x3001      	MOVLW      1
0x02F9	0x00CB      	MOVWF      FARG_Lcd_Cmd_out_char
0x02FA	0x201D      	CALL       _Lcd_Cmd
0x02FB	0x300C      	MOVLW      12
0x02FC	0x00CB      	MOVWF      FARG_Lcd_Cmd_out_char
0x02FD	0x201D      	CALL       _Lcd_Cmd
0x02FE	0x3032      	MOVLW      50
0x02FF	0x1683      	BSF        STATUS, 5
0x0300	0x0093      	MOVWF      SSPADD
0x0301	0x2273      	CALL       _I2C1_Init
0x0302	0x301A      	MOVLW      26
0x0303	0x00FB      	MOVWF      R11
0x0304	0x305E      	MOVLW      94
0x0305	0x00FC      	MOVWF      R12
0x0306	0x306E      	MOVLW      110
0x0307	0x00FD      	MOVWF      R13
L_main0:
0x0308	0x0BFD      	DECFSZ     R13, 1
0x0309	0x2B08      	GOTO       L_main0
0x030A	0x0BFC      	DECFSZ     R12, 1
0x030B	0x2B08      	GOTO       L_main0
0x030C	0x0BFB      	DECFSZ     R11, 1
0x030D	0x2B08      	GOTO       L_main0
0x030E	0x0000      	NOP
L_main1:
0x030F	0x01C0      	CLRF       main_x_L0
L_main3:
0x0310	0x3050      	MOVLW      80
0x0311	0x0240      	SUBWF      main_x_L0, 0
0x0312	0x1803      	BTFSC      STATUS, 0
0x0313	0x2B1A      	GOTO       L_main4
0x0314	0x0840      	MOVF       main_x_L0, 0
0x0315	0x3EA0      	ADDLW      _text
0x0316	0x0084      	MOVWF      FSR
0x0317	0x0180      	CLRF       INDF
0x0318	0x0AC0      	INCF       main_x_L0, 1
0x0319	0x2B10      	GOTO       L_main3
L_main4:
0x031A	0x01C0      	CLRF       main_x_L0
L_main6:
0x031B	0x3020      	MOVLW      32
0x031C	0x0240      	SUBWF      main_x_L0, 0
0x031D	0x1803      	BTFSC      STATUS, 0
0x031E	0x2B30      	GOTO       L_main7
0x031F	0x0840      	MOVF       main_x_L0, 0
0x0320	0x00C1      	MOVWF      FARG_read_EEPROM_adres
0x0321	0x2257      	CALL       _read_EEPROM
0x0322	0x0870      	MOVF       R0, 0
0x0323	0x00BF      	MOVWF      main_y_L2
0x0324	0x0870      	MOVF       R0, 0
0x0325	0x3A23      	XORLW      35
0x0326	0x1D03      	BTFSS      STATUS, 2
0x0327	0x2B29      	GOTO       L_main9
0x0328	0x2B30      	GOTO       L_main7
L_main9:
0x0329	0x0840      	MOVF       main_x_L0, 0
0x032A	0x3EA0      	ADDLW      _text
0x032B	0x0084      	MOVWF      FSR
0x032C	0x083F      	MOVF       main_y_L2, 0
0x032D	0x0080      	MOVWF      INDF
0x032E	0x0AC0      	INCF       main_x_L0, 1
0x032F	0x2B1B      	GOTO       L_main6
L_main7:
0x0330	0x3001      	MOVLW      1
0x0331	0x00C1      	MOVWF      FARG_Lcd_Out_row
0x0332	0x3001      	MOVLW      1
0x0333	0x00C2      	MOVWF      FARG_Lcd_Out_column
0x0334	0x30A0      	MOVLW      _text
0x0335	0x00C3      	MOVWF      FARG_Lcd_Out_text
0x0336	0x220B      	CALL       _Lcd_Out
0x0337	0x304D      	MOVLW      77
0x0338	0x00FB      	MOVWF      R11
0x0339	0x3019      	MOVLW      25
0x033A	0x00FC      	MOVWF      R12
0x033B	0x304F      	MOVLW      79
0x033C	0x00FD      	MOVWF      R13
L_main10:
0x033D	0x0BFD      	DECFSZ     R13, 1
0x033E	0x2B3D      	GOTO       L_main10
0x033F	0x0BFC      	DECFSZ     R12, 1
0x0340	0x2B3D      	GOTO       L_main10
0x0341	0x0BFB      	DECFSZ     R11, 1
0x0342	0x2B3D      	GOTO       L_main10
0x0343	0x0000      	NOP
0x0344	0x0000      	NOP
0x0345	0x3001      	MOVLW      1
0x0346	0x00CB      	MOVWF      FARG_Lcd_Cmd_out_char
0x0347	0x201D      	CALL       _Lcd_Cmd
0x0348	0x2B0F      	GOTO       L_main1
L_end_main:
0x0349	0x2B49      	GOTO       $+0
; end of _main
0x0354	0x3023      	MOVLW      35
0x0355	0x0084      	MOVWF      FSR
0x0356	0x3004      	MOVLW      4
0x0357	0x1283      	BCF        STATUS, 5
0x0358	0x1303      	BCF        STATUS, 6
0x0359	0x00F0      	MOVWF      R0
0x035A	0x304F      	MOVLW      79
0x035B	0x00A7      	MOVWF      ___DoICPAddr
0x035C	0x3003      	MOVLW      3
0x035D	0x00A8      	MOVWF      40
0x035E	0x224B      	CALL       587
0x035F	0x0008      	RETURN
;__Lib_I2C_c34.c,0 :: ?ICS__Lib_I2C_c34__I2C1_TIMEOUT
0x034F	0x3400 ;?ICS__Lib_I2C_c34__I2C1_TIMEOUT+0
0x0350	0x3400 ;?ICS__Lib_I2C_c34__I2C1_TIMEOUT+1
0x0351	0x3400 ;?ICS__Lib_I2C_c34__I2C1_TIMEOUT+2
0x0352	0x3400 ;?ICS__Lib_I2C_c34__I2C1_TIMEOUT+3
; end of ?ICS__Lib_I2C_c34__I2C1_TIMEOUT
Symbol List:
//** Routines locations **
//ADDRESS    SIZE    PROCEDURE
//----------------------------------------------
0x0003       [7]    _Delay_50us
0x000A       [6]    _Delay_1us
0x0010      [13]    _Delay_5500us
0x001D      [64]    _Lcd_Cmd
0x005D      [13]    _SPI1_Write
0x006A       [7]    _____DoIFC
0x0071      [16]    _I2C1_Is_Idle
0x0081      [88]    _I2C1_Start
0x00D9       [8]    _Lcd_Chr_CP
0x00E1      [53]    _I2C1_Repeated_Start
0x0116     [113]    _I2C1_Wr
0x0187     [121]    _I2C1_Rd
0x0200       [4]    _I2C1_Stop
0x0204       [7]    _____DoICP
0x020B      [64]    _Lcd_Out
0x024B      [12]    ___CC2DW
0x0257      [28]    _read_EEPROM
0x0273      [53]    _I2C1_Init
0x02A8      [78]    _Lcd_Init
0x02F6      [83]    _main
//** Variables locations ** 
//ADDRESS    SIZE    VARIABLE
//----------------------------------------------
0x0000       [1]    INDF
0x0002       [1]    PCL
0x0003       [1]    STATUS
0x0004       [1]    FSR
0x0006       [0]    RB4_bit
0x0006       [0]    RB3_bit
0x0006       [0]    RB2_bit
0x0006       [0]    LCD_D6
0x0006       [0]    LCD_D7
0x0006       [0]    LCD_D4
0x0006       [0]    LCD_D5
0x0006       [0]    LCD_EN
0x0006       [0]    LCD_RS
0x0006       [0]    RB5_bit
0x0006       [0]    RB7_bit
0x0006       [0]    RB6_bit
0x000A       [1]    PCLATH
0x000C       [1]    PIR1
0x0013       [1]    SSPBUF
0x0014       [1]    SSPCON
0x0020       [1]    FARG_I2C1_Wr_data_
0x0021       [1]    FARG_I2C1_Rd_ack
0x0022       [1]    FARG_SPI1_Write_data_
0x0023       [4]    __Lib_I2C_c34__I2C1_TIMEOUT
0x0027       [2]    ___DoICPAddr
0x0029       [3]    _I2C_Read_Ptr
0x002C       [3]    _I2C_Restart_Ptr
0x002F       [3]    _I2C_Write_Ptr
0x0032       [0]    __Lib_Lcd_cmd_status
0x0033       [3]    _I2C_Stop_Ptr
0x0036       [3]    _I2C1_Timeout_Ptr
0x0039       [3]    _I2C_Start_Ptr
0x003C       [3]    _I2C_Is_Idle_Ptr
0x003F       [1]    main_y_L2
0x0040       [1]    main_x_L0
0x0041       [4]    FARG_I2C1_Init_clock
0x0041       [1]    FARG_Lcd_Out_row
0x0041       [1]    FARG_read_EEPROM_adres
0x0042       [1]    FARG_Lcd_Out_column
0x0042       [1]    read_EEPROM_dta_L0
0x0043       [1]    FARG_Lcd_Out_text
0x0044       [1]    Lcd_Out_i_L0
0x0045       [2]    I2C1_Start_j_L0
0x0045       [1]    I2C1_Rd_tmp_L0
0x0045       [1]    FARG_Lcd_Chr_CP_out_char
0x0045       [4]    I2C1_Repeated_Start_timeout_L0
0x0045       [4]    I2C1_Wr_timeout_L0
0x0046       [4]    I2C1_Rd_timeout_L0
0x0047       [4]    I2C1_Start_timeout_L0
0x004B       [1]    FARG_Lcd_Cmd_out_char
0x0070       [1]    R0
0x0071       [1]    R1
0x0072       [1]    R2
0x0073       [1]    R3
0x0074       [1]    R4
0x0075       [1]    R5
0x0076       [1]    R6
0x0077       [1]    R7
0x0078       [1]    R8
0x0079       [1]    R9
0x007A       [1]    R10
0x007B       [1]    R11
0x007C       [1]    R12
0x007D       [1]    R13
0x007E       [1]    R14
0x007F       [1]    R15
0x0086       [0]    TRISB4_bit
0x0086       [0]    TRISB3_bit
0x0086       [0]    TRISB2_bit
0x0086       [0]    TRISB5_bit
0x0086       [0]    TRISB7_bit
0x0086       [0]    TRISB6_bit
0x0086       [0]    LCD_D5_Direction
0x0086       [0]    LCD_D6_Direction
0x0086       [0]    LCD_D7_Direction
0x0086       [0]    LCD_D4_Direction
0x0086       [0]    LCD_RS_Direction
0x0086       [0]    LCD_EN_Direction
0x0087       [0]    TRISC4_bit
0x0087       [0]    TRISC3_bit
0x0091       [1]    SSPCON2
0x0093       [1]    SSPADD
0x0094       [1]    SSPSTAT
0x00A0      [80]    _text
//** Constants locations ** 
//ADDRESS    SIZE    CONSTANT
//----------------------------------------------
0x034F       [4]    ?ICS__Lib_I2C_c34__I2C1_TIMEOUT
