;  LST file generated by mikroListExporter - v.2.0 
; Date/Time: 09-Jun-17 12:32:00 AM
;----------------------------------------------

;Address Opcode 	ASM
0x0000	0x2B72      	GOTO       882
_interrupt:
0x0004	0x00FF      	MOVWF      R15
0x0005	0x0E03      	SWAPF      STATUS, 0
0x0006	0x0183      	CLRF       STATUS
0x0007	0x00DB      	MOVWF      ___saveSTATUS
0x0008	0x080A      	MOVF       PCLATH, 0
0x0009	0x00DA      	MOVWF      ___savePCLATH
0x000A	0x018A      	CLRF       PCLATH
0x000B	0x0870      	MOVF       R0, 0
0x000C	0x00A2      	MOVWF      34
0x000D	0x0871      	MOVF       R1, 0
0x000E	0x00A1      	MOVWF      33
0x000F	0x0804      	MOVF       FSR, 0
0x0010	0x00A3      	MOVWF      35
;define.h,43 :: 		void interrupt (){
;define.h,44 :: 		if (PIR1.RCIF) {
0x0011	0x1E8C      	BTFSS      PIR1, 5
0x0012	0x2824      	GOTO       L_interrupt11
;define.h,45 :: 		PIR1.RCIF = 0;
0x0013	0x128C      	BCF        PIR1, 5
;define.h,46 :: 		rxd = 0;
0x0014	0x01CD      	CLRF       _rxd
;define.h,47 :: 		rxd = UART1_read();
0x0015	0x2333      	CALL       _UART1_Read
0x0016	0x0870      	MOVF       R0, 0
0x0017	0x00CD      	MOVWF      _rxd
;define.h,48 :: 		r_status[x] = rxd;
0x0018	0x083D      	MOVF       _x, 0
0x0019	0x3E51      	ADDLW      _r_status
0x001A	0x0084      	MOVWF      FSR
0x001B	0x0870      	MOVF       R0, 0
0x001C	0x0080      	MOVWF      INDF
;define.h,49 :: 		x++;
0x001D	0x0ABD      	INCF       _x, 1
;define.h,50 :: 		if(x == 7) x = 0;
0x001E	0x083D      	MOVF       _x, 0
0x001F	0x3A07      	XORLW      7
0x0020	0x1D03      	BTFSS      STATUS, 2
0x0021	0x2823      	GOTO       L_interrupt12
0x0022	0x01BD      	CLRF       _x
L_interrupt12:
;define.h,51 :: 		check_relay();
0x0023	0x233E      	CALL       _check_relay
;define.h,52 :: 		}
L_interrupt11:
;define.h,53 :: 		}
L_end_interrupt:
L__interrupt23:
0x0024	0x0822      	MOVF       34, 0
0x0025	0x00F0      	MOVWF      R0
0x0026	0x0821      	MOVF       33, 0
0x0027	0x00F1      	MOVWF      R1
0x0028	0x0823      	MOVF       35, 0
0x0029	0x0084      	MOVWF      FSR
0x002A	0x085A      	MOVF       ___savePCLATH, 0
0x002B	0x008A      	MOVWF      PCLATH
0x002C	0x0E5B      	SWAPF      ___saveSTATUS, 0
0x002D	0x0083      	MOVWF      STATUS
0x002E	0x0EFF      	SWAPF      R15, 1
0x002F	0x0E7F      	SWAPF      R15, 0
0x0030	0x0009      	RETFIE
; end of _interrupt
_Delay_50us:
;__Lib_Delays.c,19 :: 		void Delay_50us() {
;__Lib_Delays.c,20 :: 		Delay_us(50);
0x0031	0x3053      	MOVLW      83
0x0032	0x1283      	BCF        STATUS, 5
0x0033	0x1303      	BCF        STATUS, 6
0x0034	0x00FD      	MOVWF      R13
L_Delay_50us2:
0x0035	0x0BFD      	DECFSZ     R13, 1
0x0036	0x2835      	GOTO       L_Delay_50us2
;__Lib_Delays.c,21 :: 		}
L_end_Delay_50us:
0x0037	0x0008      	RETURN
; end of _Delay_50us
_Delay_1us:
;__Lib_Delays.c,7 :: 		void Delay_1us() {
;__Lib_Delays.c,8 :: 		Delay_us(1);
0x0038	0x0000      	NOP
0x0039	0x0000      	NOP
0x003A	0x0000      	NOP
0x003B	0x0000      	NOP
0x003C	0x0000      	NOP
;__Lib_Delays.c,9 :: 		}
L_end_Delay_1us:
0x003D	0x0008      	RETURN
; end of _Delay_1us
_Delay_5500us:
;__Lib_Delays.c,31 :: 		void Delay_5500us() {
;__Lib_Delays.c,32 :: 		Delay_us(5500);
0x003E	0x3024      	MOVLW      36
0x003F	0x1283      	BCF        STATUS, 5
0x0040	0x1303      	BCF        STATUS, 6
0x0041	0x00FC      	MOVWF      R12
0x0042	0x30B5      	MOVLW      181
0x0043	0x00FD      	MOVWF      R13
L_Delay_5500us5:
0x0044	0x0BFD      	DECFSZ     R13, 1
0x0045	0x2844      	GOTO       L_Delay_5500us5
0x0046	0x0BFC      	DECFSZ     R12, 1
0x0047	0x2844      	GOTO       L_Delay_5500us5
0x0048	0x0000      	NOP
0x0049	0x0000      	NOP
;__Lib_Delays.c,33 :: 		}
L_end_Delay_5500us:
0x004A	0x0008      	RETURN
; end of _Delay_5500us
_Lcd_Cmd:
;__Lib_Lcd.c,18 :: 		
;__Lib_Lcd.c,20 :: 		
0x004B	0x1283      	BCF        STATUS, 5
0x004C	0x1303      	BCF        STATUS, 6
0x004D	0x1BE8      	BTFSC      FARG_Lcd_Cmd_out_char, 7
0x004E	0x2851      	GOTO       L__Lcd_Cmd21
0x004F	0x1386      	BCF        LCD_D7, BitPos(LCD_D7+0)
0x0050	0x2852      	GOTO       L__Lcd_Cmd22
L__Lcd_Cmd21:
0x0051	0x1786      	BSF        LCD_D7, BitPos(LCD_D7+0)
L__Lcd_Cmd22:
;__Lib_Lcd.c,21 :: 		
0x0052	0x1B68      	BTFSC      FARG_Lcd_Cmd_out_char, 6
0x0053	0x2856      	GOTO       L__Lcd_Cmd23
0x0054	0x1306      	BCF        LCD_D6, BitPos(LCD_D6+0)
0x0055	0x2857      	GOTO       L__Lcd_Cmd24
L__Lcd_Cmd23:
0x0056	0x1706      	BSF        LCD_D6, BitPos(LCD_D6+0)
L__Lcd_Cmd24:
;__Lib_Lcd.c,22 :: 		
0x0057	0x1AE8      	BTFSC      FARG_Lcd_Cmd_out_char, 5
0x0058	0x285B      	GOTO       L__Lcd_Cmd25
0x0059	0x1286      	BCF        LCD_D5, BitPos(LCD_D5+0)
0x005A	0x285C      	GOTO       L__Lcd_Cmd26
L__Lcd_Cmd25:
0x005B	0x1686      	BSF        LCD_D5, BitPos(LCD_D5+0)
L__Lcd_Cmd26:
;__Lib_Lcd.c,23 :: 		
0x005C	0x1A68      	BTFSC      FARG_Lcd_Cmd_out_char, 4
0x005D	0x2860      	GOTO       L__Lcd_Cmd27
0x005E	0x1206      	BCF        LCD_D4, BitPos(LCD_D4+0)
0x005F	0x2861      	GOTO       L__Lcd_Cmd28
L__Lcd_Cmd27:
0x0060	0x1606      	BSF        LCD_D4, BitPos(LCD_D4+0)
L__Lcd_Cmd28:
;__Lib_Lcd.c,25 :: 		
0x0061	0x1850      	BTFSC      __Lib_Lcd_cmd_status, BitPos(__Lib_Lcd_cmd_status+0)
0x0062	0x2865      	GOTO       L__Lcd_Cmd29
0x0063	0x1506      	BSF        LCD_RS, BitPos(LCD_RS+0)
0x0064	0x2866      	GOTO       L__Lcd_Cmd30
L__Lcd_Cmd29:
0x0065	0x1106      	BCF        LCD_RS, BitPos(LCD_RS+0)
L__Lcd_Cmd30:
;__Lib_Lcd.c,28 :: 		
0x0066	0x1586      	BSF        LCD_EN, BitPos(LCD_EN+0)
;__Lib_Lcd.c,29 :: 		
0x0067	0x2038      	CALL       _Delay_1us
;__Lib_Lcd.c,30 :: 		
0x0068	0x1186      	BCF        LCD_EN, BitPos(LCD_EN+0)
;__Lib_Lcd.c,33 :: 		
0x0069	0x19E8      	BTFSC      FARG_Lcd_Cmd_out_char, 3
0x006A	0x286D      	GOTO       L__Lcd_Cmd31
0x006B	0x1386      	BCF        LCD_D7, BitPos(LCD_D7+0)
0x006C	0x286E      	GOTO       L__Lcd_Cmd32
L__Lcd_Cmd31:
0x006D	0x1786      	BSF        LCD_D7, BitPos(LCD_D7+0)
L__Lcd_Cmd32:
;__Lib_Lcd.c,34 :: 		
0x006E	0x1968      	BTFSC      FARG_Lcd_Cmd_out_char, 2
0x006F	0x2872      	GOTO       L__Lcd_Cmd33
0x0070	0x1306      	BCF        LCD_D6, BitPos(LCD_D6+0)
0x0071	0x2873      	GOTO       L__Lcd_Cmd34
L__Lcd_Cmd33:
0x0072	0x1706      	BSF        LCD_D6, BitPos(LCD_D6+0)
L__Lcd_Cmd34:
;__Lib_Lcd.c,35 :: 		
0x0073	0x18E8      	BTFSC      FARG_Lcd_Cmd_out_char, 1
0x0074	0x2877      	GOTO       L__Lcd_Cmd35
0x0075	0x1286      	BCF        LCD_D5, BitPos(LCD_D5+0)
0x0076	0x2878      	GOTO       L__Lcd_Cmd36
L__Lcd_Cmd35:
0x0077	0x1686      	BSF        LCD_D5, BitPos(LCD_D5+0)
L__Lcd_Cmd36:
;__Lib_Lcd.c,36 :: 		
0x0078	0x1868      	BTFSC      FARG_Lcd_Cmd_out_char, 0
0x0079	0x287C      	GOTO       L__Lcd_Cmd37
0x007A	0x1206      	BCF        LCD_D4, BitPos(LCD_D4+0)
0x007B	0x287D      	GOTO       L__Lcd_Cmd38
L__Lcd_Cmd37:
0x007C	0x1606      	BSF        LCD_D4, BitPos(LCD_D4+0)
L__Lcd_Cmd38:
;__Lib_Lcd.c,38 :: 		
0x007D	0x1850      	BTFSC      __Lib_Lcd_cmd_status, BitPos(__Lib_Lcd_cmd_status+0)
0x007E	0x2881      	GOTO       L__Lcd_Cmd39
0x007F	0x1506      	BSF        LCD_RS, BitPos(LCD_RS+0)
0x0080	0x2882      	GOTO       L__Lcd_Cmd40
L__Lcd_Cmd39:
0x0081	0x1106      	BCF        LCD_RS, BitPos(LCD_RS+0)
L__Lcd_Cmd40:
;__Lib_Lcd.c,40 :: 		
0x0082	0x1586      	BSF        LCD_EN, BitPos(LCD_EN+0)
;__Lib_Lcd.c,41 :: 		
0x0083	0x2038      	CALL       _Delay_1us
;__Lib_Lcd.c,42 :: 		
0x0084	0x1186      	BCF        LCD_EN, BitPos(LCD_EN+0)
;__Lib_Lcd.c,44 :: 		
0x0085	0x1C50      	BTFSS      __Lib_Lcd_cmd_status, BitPos(__Lib_Lcd_cmd_status+0)
0x0086	0x2889      	GOTO       L_Lcd_Cmd0
;__Lib_Lcd.c,45 :: 		
0x0087	0x203E      	CALL       _Delay_5500us
0x0088	0x288A      	GOTO       L_Lcd_Cmd1
L_Lcd_Cmd0:
;__Lib_Lcd.c,47 :: 		
0x0089	0x2031      	CALL       _Delay_50us
L_Lcd_Cmd1:
;__Lib_Lcd.c,48 :: 		
L_end_Lcd_Cmd:
0x008A	0x0008      	RETURN
; end of _Lcd_Cmd
_SETFUN32:
;__Lib_MathDouble.c,138 :: 		
;__Lib_MathDouble.c,145 :: 		
0x008B	0x157B      	BSF        R11, 2
;__Lib_MathDouble.c,146 :: 		
0x008C	0x1FFB      	BTFSS      R11, 7
;__Lib_MathDouble.c,147 :: 		
0x008D	0x2895      	GOTO       SETFUN32EEE
;__Lib_MathDouble.c,148 :: 		
0x008E	0x3001      	MOVLW      1
;__Lib_MathDouble.c,149 :: 		
0x008F	0x00F3      	MOVWF      R3
;__Lib_MathDouble.c,150 :: 		
0x0090	0x01F2      	CLRF       R2
;__Lib_MathDouble.c,151 :: 		
0x0091	0x01F1      	CLRF       R1
;__Lib_MathDouble.c,152 :: 		
0x0092	0x01F0      	CLRF       R0
;__Lib_MathDouble.c,153 :: 		
0x0093	0x0DFA      	RLF        R10, 1
;__Lib_MathDouble.c,154 :: 		
0x0094	0x0CF2      	RRF        R2, 1
;__Lib_MathDouble.c,155 :: 		
SETFUN32EEE:
;__Lib_MathDouble.c,156 :: 		
0x0095	0x30FF      	MOVLW      255
;__Lib_MathDouble.c,158 :: 		
L_end_SETFUN32:
0x0096	0x0008      	RETURN
; end of _SETFUN32
_UART1_Write:
;__Lib_UART_c67.c,39 :: 		
;__Lib_UART_c67.c,40 :: 		
L_UART1_Write3:
0x0097	0x1683      	BSF        STATUS, 5
0x0098	0x1303      	BCF        STATUS, 6
0x0099	0x1898      	BTFSC      TXSTA, 1
0x009A	0x289D      	GOTO       L_UART1_Write4
;__Lib_UART_c67.c,41 :: 		
0x009B	0x0000      	NOP
0x009C	0x2897      	GOTO       L_UART1_Write3
L_UART1_Write4:
;__Lib_UART_c67.c,42 :: 		
0x009D	0x1283      	BCF        STATUS, 5
0x009E	0x0867      	MOVF       FARG_UART1_Write_data_, 0
0x009F	0x0099      	MOVWF      TXREG
;__Lib_UART_c67.c,43 :: 		
L_end_UART1_Write:
0x00A0	0x0008      	RETURN
; end of _UART1_Write
_Lcd_Chr_CP:
;__Lib_Lcd.c,50 :: 		
;__Lib_Lcd.c,52 :: 		
0x00A1	0x1283      	BCF        STATUS, 5
0x00A2	0x1303      	BCF        STATUS, 6
0x00A3	0x1050      	BCF        __Lib_Lcd_cmd_status, BitPos(__Lib_Lcd_cmd_status+0)
;__Lib_Lcd.c,53 :: 		
0x00A4	0x0867      	MOVF       FARG_Lcd_Chr_CP_out_char, 0
0x00A5	0x00E8      	MOVWF      FARG_Lcd_Cmd_out_char
0x00A6	0x204B      	CALL       _Lcd_Cmd
;__Lib_Lcd.c,54 :: 		
0x00A7	0x1450      	BSF        __Lib_Lcd_cmd_status, BitPos(__Lib_Lcd_cmd_status+0)
;__Lib_Lcd.c,55 :: 		
L_end_Lcd_Chr_CP:
0x00A8	0x0008      	RETURN
; end of _Lcd_Chr_CP
_FIXSIGN32:
;__Lib_MathDouble.c,112 :: 		
;__Lib_MathDouble.c,116 :: 		
0x00A9	0x1FFA      	BTFSS      R10, 7
;__Lib_MathDouble.c,117 :: 		
0x00AA	0x13F2      	BCF        R2, 7
;__Lib_MathDouble.c,118 :: 		
0x00AB	0x3000      	MOVLW      0
;__Lib_MathDouble.c,120 :: 		
L_end_FIXSIGN32:
0x00AC	0x0008      	RETURN
; end of _FIXSIGN32
_SETFOV32:
;__Lib_MathDouble.c,79 :: 		
;__Lib_MathDouble.c,86 :: 		
0x00AD	0x14FB      	BSF        R11, 1
;__Lib_MathDouble.c,87 :: 		
0x00AE	0x1FFB      	BTFSS      R11, 7
;__Lib_MathDouble.c,88 :: 		
0x00AF	0x28B7      	GOTO       SETFOV32EEE
;__Lib_MathDouble.c,89 :: 		
0x00B0	0x30FF      	MOVLW      255
;__Lib_MathDouble.c,90 :: 		
0x00B1	0x00F3      	MOVWF      R3
;__Lib_MathDouble.c,91 :: 		
0x00B2	0x00F2      	MOVWF      R2
;__Lib_MathDouble.c,92 :: 		
0x00B3	0x00F1      	MOVWF      R1
;__Lib_MathDouble.c,93 :: 		
0x00B4	0x00F0      	MOVWF      R0
;__Lib_MathDouble.c,94 :: 		
0x00B5	0x0DFA      	RLF        R10, 1
;__Lib_MathDouble.c,95 :: 		
0x00B6	0x0CF2      	RRF        R2, 1
;__Lib_MathDouble.c,96 :: 		
SETFOV32EEE:
;__Lib_MathDouble.c,97 :: 		
0x00B7	0x30FF      	MOVLW      255
;__Lib_MathDouble.c,99 :: 		
L_end_SETFOV32:
0x00B8	0x0008      	RETURN
; end of _SETFOV32
_RES032:
;__Lib_MathDouble.c,123 :: 		
;__Lib_MathDouble.c,128 :: 		
0x00B9	0x01F2      	CLRF       R2
;__Lib_MathDouble.c,129 :: 		
0x00BA	0x01F1      	CLRF       R1
;__Lib_MathDouble.c,130 :: 		
0x00BB	0x01F0      	CLRF       R0
;__Lib_MathDouble.c,131 :: 		
0x00BC	0x01F8      	CLRF       R8
;__Lib_MathDouble.c,132 :: 		
0x00BD	0x01F3      	CLRF       R3
;__Lib_MathDouble.c,133 :: 		
0x00BE	0x3000      	MOVLW      0
;__Lib_MathDouble.c,135 :: 		
L_end_RES032:
0x00BF	0x0008      	RETURN
; end of _RES032
_NRM4032:
;__Lib_MathDouble.c,245 :: 		
;__Lib_MathDouble.c,252 :: 		
;__Lib_MathDouble.c,254 :: 		
0x00C0	0x187C      	BTFSC      R12, 0
;__Lib_MathDouble.c,255 :: 		
0x00C1	0x28F6      	GOTO       NRMRND4032
;__Lib_MathDouble.c,256 :: 		
0x00C2	0x18FC      	BTFSC      R12, 1
;__Lib_MathDouble.c,257 :: 		
0x00C3	0x28C7      	GOTO       NRM4032
;__Lib_MathDouble.c,258 :: 		
0x00C4	0x197C      	BTFSC      R12, 2
;__Lib_MathDouble.c,259 :: 		
0x00C5	0x2915      	GOTO       JMPSETFOV32
;__Lib_MathDouble.c,260 :: 		
0x00C6	0x28C0      	GOTO       $-6
;__Lib_MathDouble.c,261 :: 		
NRM4032:
;__Lib_MathDouble.c,262 :: 		
0x00C7	0x01A0      	CLRF       __math_tempbD
;__Lib_MathDouble.c,263 :: 		
0x00C8	0x0872      	MOVF       R2, 0
;__Lib_MathDouble.c,264 :: 		
0x00C9	0x1D03      	BTFSS      STATUS, 2
;__Lib_MathDouble.c,265 :: 		
0x00CA	0x28E7      	GOTO       NORM4032
;__Lib_MathDouble.c,266 :: 		
0x00CB	0x0871      	MOVF       R1, 0
;__Lib_MathDouble.c,267 :: 		
0x00CC	0x00F2      	MOVWF      R2
;__Lib_MathDouble.c,268 :: 		
0x00CD	0x0870      	MOVF       R0, 0
;__Lib_MathDouble.c,269 :: 		
0x00CE	0x00F1      	MOVWF      R1
;__Lib_MathDouble.c,270 :: 		
0x00CF	0x0878      	MOVF       R8, 0
;__Lib_MathDouble.c,271 :: 		
0x00D0	0x00F0      	MOVWF      R0
;__Lib_MathDouble.c,272 :: 		
0x00D1	0x01F8      	CLRF       R8
;__Lib_MathDouble.c,273 :: 		
0x00D2	0x15A0      	BSF        __math_tempbD, 3
;__Lib_MathDouble.c,275 :: 		
0x00D3	0x0872      	MOVF       R2, 0
;__Lib_MathDouble.c,276 :: 		
0x00D4	0x1D03      	BTFSS      STATUS, 2
;__Lib_MathDouble.c,277 :: 		
0x00D5	0x28E7      	GOTO       NORM4032
;__Lib_MathDouble.c,278 :: 		
0x00D6	0x0871      	MOVF       R1, 0
;__Lib_MathDouble.c,279 :: 		
0x00D7	0x00F2      	MOVWF      R2
;__Lib_MathDouble.c,280 :: 		
0x00D8	0x0870      	MOVF       R0, 0
;__Lib_MathDouble.c,281 :: 		
0x00D9	0x00F1      	MOVWF      R1
;__Lib_MathDouble.c,282 :: 		
0x00DA	0x01F0      	CLRF       R0
;__Lib_MathDouble.c,283 :: 		
0x00DB	0x11A0      	BCF        __math_tempbD, 3
;__Lib_MathDouble.c,284 :: 		
0x00DC	0x1620      	BSF        __math_tempbD, 4
;__Lib_MathDouble.c,286 :: 		
0x00DD	0x0872      	MOVF       R2, 0
;__Lib_MathDouble.c,287 :: 		
0x00DE	0x1D03      	BTFSS      STATUS, 2
;__Lib_MathDouble.c,288 :: 		
0x00DF	0x28E7      	GOTO       NORM4032
;__Lib_MathDouble.c,289 :: 		
0x00E0	0x0871      	MOVF       R1, 0
;__Lib_MathDouble.c,290 :: 		
0x00E1	0x00F2      	MOVWF      R2
;__Lib_MathDouble.c,291 :: 		
0x00E2	0x01F1      	CLRF       R1
;__Lib_MathDouble.c,292 :: 		
0x00E3	0x15A0      	BSF        __math_tempbD, 3
;__Lib_MathDouble.c,294 :: 		
0x00E4	0x0872      	MOVF       R2, 0
;__Lib_MathDouble.c,295 :: 		
0x00E5	0x1903      	BTFSC      STATUS, 2
;__Lib_MathDouble.c,296 :: 		
0x00E6	0x2909      	GOTO       JMPRES032
;__Lib_MathDouble.c,297 :: 		
NORM4032:
;__Lib_MathDouble.c,298 :: 		
0x00E7	0x0820      	MOVF       __math_tempbD, 0
;__Lib_MathDouble.c,299 :: 		
0x00E8	0x02F3      	SUBWF      R3, 1
;__Lib_MathDouble.c,300 :: 		
0x00E9	0x1D03      	BTFSS      STATUS, 2
;__Lib_MathDouble.c,301 :: 		
0x00EA	0x1C03      	BTFSS      STATUS, 0
;__Lib_MathDouble.c,302 :: 		
0x00EB	0x290D      	GOTO       JMPSETFUN32
;__Lib_MathDouble.c,303 :: 		
0x00EC	0x1003      	BCF        STATUS, 0
;__Lib_MathDouble.c,304 :: 		
NORM4032A:
;__Lib_MathDouble.c,305 :: 		
0x00ED	0x1BF2      	BTFSC      R2, 7
;__Lib_MathDouble.c,306 :: 		
0x00EE	0x28F6      	GOTO       NRMRND4032
;__Lib_MathDouble.c,307 :: 		
0x00EF	0x0DF8      	RLF        R8, 1
;__Lib_MathDouble.c,308 :: 		
0x00F0	0x0DF0      	RLF        R0, 1
;__Lib_MathDouble.c,309 :: 		
0x00F1	0x0DF1      	RLF        R1, 1
;__Lib_MathDouble.c,310 :: 		
0x00F2	0x0DF2      	RLF        R2, 1
;__Lib_MathDouble.c,311 :: 		
0x00F3	0x0BF3      	DECFSZ     R3, 1
;__Lib_MathDouble.c,312 :: 		
0x00F4	0x28ED      	GOTO       NORM4032A
;__Lib_MathDouble.c,313 :: 		
0x00F5	0x290D      	GOTO       JMPSETFUN32
;__Lib_MathDouble.c,314 :: 		
NRMRND4032:
;__Lib_MathDouble.c,315 :: 		
0x00F6	0x1B7B      	BTFSC      R11, 6
;__Lib_MathDouble.c,316 :: 		
0x00F7	0x1C70      	BTFSS      R0, 0
;__Lib_MathDouble.c,317 :: 		
0x00F8	0x2911      	GOTO       JMPFIXSIGN32
;__Lib_MathDouble.c,318 :: 		
0x00F9	0x1FF8      	BTFSS      R8, 7
;__Lib_MathDouble.c,319 :: 		
0x00FA	0x2911      	GOTO       JMPFIXSIGN32
;__Lib_MathDouble.c,320 :: 		
0x00FB	0x0AF0      	INCF       R0, 1
;__Lib_MathDouble.c,321 :: 		
0x00FC	0x1903      	BTFSC      STATUS, 2
;__Lib_MathDouble.c,322 :: 		
0x00FD	0x0AF1      	INCF       R1, 1
;__Lib_MathDouble.c,323 :: 		
0x00FE	0x1903      	BTFSC      STATUS, 2
;__Lib_MathDouble.c,324 :: 		
0x00FF	0x0AF2      	INCF       R2, 1
;__Lib_MathDouble.c,325 :: 		
0x0100	0x1D03      	BTFSS      STATUS, 2
;__Lib_MathDouble.c,326 :: 		
0x0101	0x2911      	GOTO       JMPFIXSIGN32
;__Lib_MathDouble.c,327 :: 		
0x0102	0x0CF2      	RRF        R2, 1
;__Lib_MathDouble.c,328 :: 		
0x0103	0x0CF1      	RRF        R1, 1
;__Lib_MathDouble.c,329 :: 		
0x0104	0x0CF0      	RRF        R0, 1
;__Lib_MathDouble.c,330 :: 		
0x0105	0x0AF3      	INCF       R3, 1
;__Lib_MathDouble.c,331 :: 		
0x0106	0x1903      	BTFSC      STATUS, 2
;__Lib_MathDouble.c,332 :: 		
0x0107	0x2915      	GOTO       JMPSETFOV32
;__Lib_MathDouble.c,333 :: 		
0x0108	0x2911      	GOTO       JMPFIXSIGN32
;__Lib_MathDouble.c,334 :: 		
JMPRES032:
;__Lib_MathDouble.c,335 :: 		
0x0109	0x3001      	MOVLW      1
;__Lib_MathDouble.c,336 :: 		
0x010A	0x00FC      	MOVWF      R12
;__Lib_MathDouble.c,338 :: 		
0x010B	0x20B9      	CALL       _RES032
;__Lib_MathDouble.c,340 :: 		
0x010C	0x2918      	GOTO       NRM4032EEE
;__Lib_MathDouble.c,341 :: 		
JMPSETFUN32:
;__Lib_MathDouble.c,342 :: 		
0x010D	0x3002      	MOVLW      2
;__Lib_MathDouble.c,343 :: 		
0x010E	0x00FC      	MOVWF      R12
;__Lib_MathDouble.c,345 :: 		
0x010F	0x208B      	CALL       _SETFUN32
;__Lib_MathDouble.c,347 :: 		
0x0110	0x2918      	GOTO       NRM4032EEE
;__Lib_MathDouble.c,348 :: 		
JMPFIXSIGN32:
;__Lib_MathDouble.c,349 :: 		
0x0111	0x3004      	MOVLW      4
;__Lib_MathDouble.c,350 :: 		
0x0112	0x00FC      	MOVWF      R12
;__Lib_MathDouble.c,352 :: 		
0x0113	0x20A9      	CALL       _FIXSIGN32
;__Lib_MathDouble.c,354 :: 		
0x0114	0x2918      	GOTO       NRM4032EEE
;__Lib_MathDouble.c,355 :: 		
JMPSETFOV32:
;__Lib_MathDouble.c,356 :: 		
0x0115	0x3008      	MOVLW      8
;__Lib_MathDouble.c,357 :: 		
0x0116	0x00FC      	MOVWF      R12
;__Lib_MathDouble.c,359 :: 		
0x0117	0x20AD      	CALL       _SETFOV32
;__Lib_MathDouble.c,361 :: 		
NRM4032EEE:
;__Lib_MathDouble.c,362 :: 		
0x0118	0x0000      	NOP
;__Lib_MathDouble.c,370 :: 		
L_end_NRM4032:
0x0119	0x0008      	RETURN
; end of _NRM4032
_____DoICP:
;__Lib_System.c,6 :: 		
;__Lib_System.c,9 :: 		
0x011A	0x1283      	BCF        STATUS, 5
0x011B	0x1303      	BCF        STATUS, 6
0x011C	0x084F      	MOVF       ___DoICPAddr+1, 0
0x011D	0x008A      	MOVWF      PCLATH
;__Lib_System.c,10 :: 		
0x011E	0x084E      	MOVF       ___DoICPAddr, 0
0x011F	0x0082      	MOVWF      PCL
;__Lib_System.c,12 :: 		
L_end_____DoICP:
0x0120	0x0008      	RETURN
; end of _____DoICP
_newline:
;define.h,24 :: 		void newline(){
;define.h,25 :: 		uart1_write(13);
0x0121	0x300D      	MOVLW      13
0x0122	0x1283      	BCF        STATUS, 5
0x0123	0x1303      	BCF        STATUS, 6
0x0124	0x00E7      	MOVWF      FARG_UART1_Write_data_
0x0125	0x2097      	CALL       _UART1_Write
;define.h,26 :: 		uart1_write(10);
0x0126	0x300A      	MOVLW      10
0x0127	0x00E7      	MOVWF      FARG_UART1_Write_data_
0x0128	0x2097      	CALL       _UART1_Write
;define.h,27 :: 		}
L_end_newline:
0x0129	0x0008      	RETURN
; end of _newline
_Delay_22us:
;__Lib_Delays.c,15 :: 		void Delay_22us() {
;__Lib_Delays.c,16 :: 		Delay_us(22);
0x012A	0x3024      	MOVLW      36
0x012B	0x1283      	BCF        STATUS, 5
0x012C	0x1303      	BCF        STATUS, 6
0x012D	0x00FD      	MOVWF      R13
L_Delay_22us1:
0x012E	0x0BFD      	DECFSZ     R13, 1
0x012F	0x292E      	GOTO       L_Delay_22us1
0x0130	0x0000      	NOP
;__Lib_Delays.c,17 :: 		}
L_end_Delay_22us:
0x0131	0x0008      	RETURN
; end of _Delay_22us
_Lcd_Out:
;__Lib_Lcd.c,184 :: 		
;__Lib_Lcd.c,187 :: 		
0x0132	0x2944      	GOTO       L_Lcd_Out11
;__Lib_Lcd.c,188 :: 		
L_Lcd_Out13:
0x0133	0x3080      	MOVLW      128
0x0134	0x1283      	BCF        STATUS, 5
0x0135	0x1303      	BCF        STATUS, 6
0x0136	0x00E3      	MOVWF      FARG_Lcd_Out_row
0x0137	0x2957      	GOTO       L_Lcd_Out12
;__Lib_Lcd.c,189 :: 		
L_Lcd_Out14:
0x0138	0x30C0      	MOVLW      192
0x0139	0x00E3      	MOVWF      FARG_Lcd_Out_row
0x013A	0x2957      	GOTO       L_Lcd_Out12
;__Lib_Lcd.c,190 :: 		
L_Lcd_Out15:
0x013B	0x3094      	MOVLW      148
0x013C	0x00E3      	MOVWF      FARG_Lcd_Out_row
0x013D	0x2957      	GOTO       L_Lcd_Out12
;__Lib_Lcd.c,191 :: 		
L_Lcd_Out16:
0x013E	0x30D4      	MOVLW      212
0x013F	0x00E3      	MOVWF      FARG_Lcd_Out_row
0x0140	0x2957      	GOTO       L_Lcd_Out12
;__Lib_Lcd.c,192 :: 		
L_Lcd_Out17:
0x0141	0x3080      	MOVLW      128
0x0142	0x00E3      	MOVWF      FARG_Lcd_Out_row
;__Lib_Lcd.c,193 :: 		
0x0143	0x2957      	GOTO       L_Lcd_Out12
L_Lcd_Out11:
0x0144	0x1283      	BCF        STATUS, 5
0x0145	0x1303      	BCF        STATUS, 6
0x0146	0x0863      	MOVF       FARG_Lcd_Out_row, 0
0x0147	0x3A01      	XORLW      1
0x0148	0x1903      	BTFSC      STATUS, 2
0x0149	0x2933      	GOTO       L_Lcd_Out13
0x014A	0x0863      	MOVF       FARG_Lcd_Out_row, 0
0x014B	0x3A02      	XORLW      2
0x014C	0x1903      	BTFSC      STATUS, 2
0x014D	0x2938      	GOTO       L_Lcd_Out14
0x014E	0x0863      	MOVF       FARG_Lcd_Out_row, 0
0x014F	0x3A03      	XORLW      3
0x0150	0x1903      	BTFSC      STATUS, 2
0x0151	0x293B      	GOTO       L_Lcd_Out15
0x0152	0x0863      	MOVF       FARG_Lcd_Out_row, 0
0x0153	0x3A04      	XORLW      4
0x0154	0x1903      	BTFSC      STATUS, 2
0x0155	0x293E      	GOTO       L_Lcd_Out16
0x0156	0x2941      	GOTO       L_Lcd_Out17
L_Lcd_Out12:
;__Lib_Lcd.c,194 :: 		
0x0157	0x0364      	DECF       FARG_Lcd_Out_column, 0
0x0158	0x00F0      	MOVWF      R0
0x0159	0x0863      	MOVF       FARG_Lcd_Out_row, 0
0x015A	0x07F0      	ADDWF      R0, 1
0x015B	0x0870      	MOVF       R0, 0
0x015C	0x00E3      	MOVWF      FARG_Lcd_Out_row
;__Lib_Lcd.c,196 :: 		
0x015D	0x0870      	MOVF       R0, 0
0x015E	0x00E8      	MOVWF      FARG_Lcd_Cmd_out_char
0x015F	0x204B      	CALL       _Lcd_Cmd
;__Lib_Lcd.c,197 :: 		
0x0160	0x1050      	BCF        __Lib_Lcd_cmd_status, BitPos(__Lib_Lcd_cmd_status+0)
;__Lib_Lcd.c,198 :: 		
0x0161	0x01E6      	CLRF       Lcd_Out_i_L0
;__Lib_Lcd.c,199 :: 		
L_Lcd_Out18:
0x0162	0x0866      	MOVF       Lcd_Out_i_L0, 0
0x0163	0x0765      	ADDWF      FARG_Lcd_Out_text, 0
0x0164	0x0084      	MOVWF      FSR
0x0165	0x0800      	MOVF       INDF, 0
0x0166	0x1903      	BTFSC      STATUS, 2
0x0167	0x2970      	GOTO       L_Lcd_Out19
;__Lib_Lcd.c,200 :: 		
0x0168	0x0866      	MOVF       Lcd_Out_i_L0, 0
0x0169	0x0765      	ADDWF      FARG_Lcd_Out_text, 0
0x016A	0x0084      	MOVWF      FSR
0x016B	0x0800      	MOVF       INDF, 0
0x016C	0x00E7      	MOVWF      FARG_Lcd_Chr_CP_out_char
0x016D	0x20A1      	CALL       _Lcd_Chr_CP
0x016E	0x0AE6      	INCF       Lcd_Out_i_L0, 1
0x016F	0x2962      	GOTO       L_Lcd_Out18
L_Lcd_Out19:
;__Lib_Lcd.c,201 :: 		
0x0170	0x1450      	BSF        __Lib_Lcd_cmd_status, BitPos(__Lib_Lcd_cmd_status+0)
;__Lib_Lcd.c,202 :: 		
L_end_Lcd_Out:
0x0171	0x0008      	RETURN
; end of _Lcd_Out
_SETIOV3224:
;__Lib_MathDouble.c,1000 :: 		
;__Lib_MathDouble.c,1006 :: 		
0x0172	0x147B      	BSF        R11, 0
;__Lib_MathDouble.c,1007 :: 		
0x0173	0x1FFB      	BTFSS      R11, 7
;__Lib_MathDouble.c,1008 :: 		
0x0174	0x297D      	GOTO       SETIOV3224EEE
;__Lib_MathDouble.c,1010 :: 		
0x0175	0x01F2      	CLRF       R2
;__Lib_MathDouble.c,1011 :: 		
0x0176	0x1FFA      	BTFSS      R10, 7
;__Lib_MathDouble.c,1012 :: 		
0x0177	0x30FF      	MOVLW      255
;__Lib_MathDouble.c,1013 :: 		
0x0178	0x00F2      	MOVWF      R2
;__Lib_MathDouble.c,1014 :: 		
0x0179	0x00F1      	MOVWF      R1
;__Lib_MathDouble.c,1015 :: 		
0x017A	0x00F0      	MOVWF      R0
;__Lib_MathDouble.c,1016 :: 		
0x017B	0x0DFA      	RLF        R10, 1
;__Lib_MathDouble.c,1017 :: 		
0x017C	0x0CF2      	RRF        R2, 1
;__Lib_MathDouble.c,1018 :: 		
SETIOV3224EEE:
;__Lib_MathDouble.c,1019 :: 		
0x017D	0x30FF      	MOVLW      255
;__Lib_MathDouble.c,1021 :: 		
L_end_SETIOV3224:
0x017E	0x0008      	RETURN
; end of _SETIOV3224
_Div_8X8_U:
;__Lib_Math.c,189 :: 		
;__Lib_Math.c,196 :: 		
0x017F	0x1283      	BCF        STATUS, 5
;__Lib_Math.c,197 :: 		
0x0180	0x1303      	BCF        STATUS, 6
;__Lib_Math.c,198 :: 		
0x0181	0x01F8      	CLRF       R8
;__Lib_Math.c,199 :: 		
0x0182	0x3008      	MOVLW      8
;__Lib_Math.c,200 :: 		
0x0183	0x00FC      	MOVWF      R12
;__Lib_Math.c,201 :: 		
0x0184	0x0D70      	RLF        R0, 0
;__Lib_Math.c,202 :: 		
0x0185	0x0DF8      	RLF        R8, 1
;__Lib_Math.c,203 :: 		
0x0186	0x0874      	MOVF       R4, 0
;__Lib_Math.c,204 :: 		
0x0187	0x02F8      	SUBWF      R8, 1
;__Lib_Math.c,205 :: 		
0x0188	0x1803      	BTFSC      STATUS, 0
;__Lib_Math.c,206 :: 		
0x0189	0x298C      	GOTO       $+3
;__Lib_Math.c,207 :: 		
0x018A	0x07F8      	ADDWF      R8, 1
;__Lib_Math.c,208 :: 		
0x018B	0x1003      	BCF        STATUS, 0
;__Lib_Math.c,209 :: 		
0x018C	0x0DF0      	RLF        R0, 1
;__Lib_Math.c,210 :: 		
0x018D	0x0BFC      	DECFSZ     R12, 1
;__Lib_Math.c,211 :: 		
0x018E	0x2984      	GOTO       $-10
;__Lib_Math.c,213 :: 		
L_end_Div_8X8_U:
0x018F	0x0008      	RETURN
; end of _Div_8X8_U
_byte2double:
;__Lib_MathDouble.c,1778 :: 		
;__Lib_MathDouble.c,1785 :: 		
0x0190	0x1283      	BCF        STATUS, 5
;__Lib_MathDouble.c,1786 :: 		
0x0191	0x1303      	BCF        STATUS, 6
;__Lib_MathDouble.c,1788 :: 		
0x0192	0x0870      	MOVF       R0, 0
;__Lib_MathDouble.c,1789 :: 		
0x0193	0x00F8      	MOVWF      R8
;__Lib_MathDouble.c,1791 :: 		
0x0194	0x01FB      	CLRF       R11
;__Lib_MathDouble.c,1792 :: 		
0x0195	0x01FC      	CLRF       R12
;__Lib_MathDouble.c,1794 :: 		
0x0196	0x309E      	MOVLW      158
;__Lib_MathDouble.c,1795 :: 		
0x0197	0x00F3      	MOVWF      R3
;__Lib_MathDouble.c,1796 :: 		
0x0198	0x01FA      	CLRF       R10
;__Lib_MathDouble.c,1797 :: 		
0x0199	0x01F2      	CLRF       R2
;__Lib_MathDouble.c,1798 :: 		
0x019A	0x01F1      	CLRF       R1
;__Lib_MathDouble.c,1799 :: 		
0x019B	0x01F0      	CLRF       R0
;__Lib_MathDouble.c,1800 :: 		
0x019C	0x3002      	MOVLW      2
;__Lib_MathDouble.c,1801 :: 		
0x019D	0x00FC      	MOVWF      R12
;__Lib_MathDouble.c,1803 :: 		
0x019E	0x20C0      	CALL       _NRM4032
;__Lib_MathDouble.c,1804 :: 		
L_end_byte2double:
0x019F	0x0008      	RETURN
; end of _byte2double
_Mul_32x32_FP:
;__Lib_MathDouble.c,610 :: 		
;__Lib_MathDouble.c,622 :: 		
;__Lib_MathDouble.c,624 :: 		
0x01A0	0x1283      	BCF        STATUS, 5
;__Lib_MathDouble.c,625 :: 		
0x01A1	0x1303      	BCF        STATUS, 6
;__Lib_MathDouble.c,627 :: 		
0x01A2	0x01FB      	CLRF       R11
;__Lib_MathDouble.c,628 :: 		
0x01A3	0x0873      	MOVF       R3, 0
;__Lib_MathDouble.c,629 :: 		
0x01A4	0x1D03      	BTFSS      STATUS, 2
;__Lib_MathDouble.c,630 :: 		
0x01A5	0x0877      	MOVF       R7, 0
;__Lib_MathDouble.c,631 :: 		
0x01A6	0x1903      	BTFSC      STATUS, 2
;__Lib_MathDouble.c,632 :: 		
0x01A7	0x29F7      	GOTO       JPMRES032
;__Lib_MathDouble.c,634 :: 		
0x01A8	0x0872      	MOVF       R2, 0
;__Lib_MathDouble.c,635 :: 		
0x01A9	0x0676      	XORWF      R6, 0
;__Lib_MathDouble.c,636 :: 		
0x01AA	0x00FA      	MOVWF      R10
;__Lib_MathDouble.c,637 :: 		
0x01AB	0x0877      	MOVF       R7, 0
;__Lib_MathDouble.c,638 :: 		
0x01AC	0x07F3      	ADDWF      R3, 1
;__Lib_MathDouble.c,639 :: 		
0x01AD	0x307E      	MOVLW      126
;__Lib_MathDouble.c,640 :: 		
0x01AE	0x1C03      	BTFSS      STATUS, 0
;__Lib_MathDouble.c,641 :: 		
0x01AF	0x29B4      	GOTO       MTUN32
;__Lib_MathDouble.c,642 :: 		
0x01B0	0x02F3      	SUBWF      R3, 1
;__Lib_MathDouble.c,643 :: 		
0x01B1	0x1803      	BTFSC      STATUS, 0
;__Lib_MathDouble.c,644 :: 		
0x01B2	0x29FA      	GOTO       JPMSETFOV32
;__Lib_MathDouble.c,645 :: 		
0x01B3	0x29B7      	GOTO       MOK32
;__Lib_MathDouble.c,646 :: 		
MTUN32:
;__Lib_MathDouble.c,647 :: 		
0x01B4	0x02F3      	SUBWF      R3, 1
;__Lib_MathDouble.c,648 :: 		
0x01B5	0x1C03      	BTFSS      STATUS, 0
;__Lib_MathDouble.c,649 :: 		
0x01B6	0x29FD      	GOTO       JPMSETFUN32
;__Lib_MathDouble.c,650 :: 		
MOK32:
;__Lib_MathDouble.c,651 :: 		
0x01B7	0x0872      	MOVF       R2, 0
;__Lib_MathDouble.c,652 :: 		
0x01B8	0x00F8      	MOVWF      R8
;__Lib_MathDouble.c,653 :: 		
0x01B9	0x0871      	MOVF       R1, 0
;__Lib_MathDouble.c,654 :: 		
0x01BA	0x00FC      	MOVWF      R12
;__Lib_MathDouble.c,655 :: 		
0x01BB	0x0870      	MOVF       R0, 0
;__Lib_MathDouble.c,656 :: 		
0x01BC	0x00FD      	MOVWF      R13
;__Lib_MathDouble.c,657 :: 		
0x01BD	0x17F8      	BSF        R8, 7
;__Lib_MathDouble.c,658 :: 		
0x01BE	0x17F6      	BSF        R6, 7
;__Lib_MathDouble.c,659 :: 		
0x01BF	0x1003      	BCF        STATUS, 0
;__Lib_MathDouble.c,660 :: 		
0x01C0	0x01F2      	CLRF       R2
;__Lib_MathDouble.c,661 :: 		
0x01C1	0x01F1      	CLRF       R1
;__Lib_MathDouble.c,662 :: 		
0x01C2	0x01F0      	CLRF       R0
;__Lib_MathDouble.c,663 :: 		
0x01C3	0x3018      	MOVLW      24
;__Lib_MathDouble.c,664 :: 		
0x01C4	0x00A0      	MOVWF      __math_tempbD
;__Lib_MathDouble.c,665 :: 		
MLOOP32:
;__Lib_MathDouble.c,666 :: 		
0x01C5	0x1C7D      	BTFSS      R13, 0
;__Lib_MathDouble.c,667 :: 		
0x01C6	0x29D1      	GOTO       MNOADD32
;__Lib_MathDouble.c,669 :: 		
0x01C7	0x0874      	MOVF       R4, 0
;__Lib_MathDouble.c,670 :: 		
0x01C8	0x07F0      	ADDWF      R0, 1
;__Lib_MathDouble.c,671 :: 		
0x01C9	0x0875      	MOVF       R5, 0
;__Lib_MathDouble.c,672 :: 		
0x01CA	0x1803      	BTFSC      STATUS, 0
;__Lib_MathDouble.c,673 :: 		
0x01CB	0x0F75      	INCFSZ     R5, 0
;__Lib_MathDouble.c,674 :: 		
0x01CC	0x07F1      	ADDWF      R1, 1
;__Lib_MathDouble.c,675 :: 		
0x01CD	0x0876      	MOVF       R6, 0
;__Lib_MathDouble.c,676 :: 		
0x01CE	0x1803      	BTFSC      STATUS, 0
;__Lib_MathDouble.c,677 :: 		
0x01CF	0x0F76      	INCFSZ     R6, 0
;__Lib_MathDouble.c,678 :: 		
0x01D0	0x07F2      	ADDWF      R2, 1
;__Lib_MathDouble.c,679 :: 		
MNOADD32:
;__Lib_MathDouble.c,680 :: 		
0x01D1	0x0CF2      	RRF        R2, 1
;__Lib_MathDouble.c,681 :: 		
0x01D2	0x0CF1      	RRF        R1, 1
;__Lib_MathDouble.c,682 :: 		
0x01D3	0x0CF0      	RRF        R0, 1
;__Lib_MathDouble.c,683 :: 		
0x01D4	0x0CF8      	RRF        R8, 1
;__Lib_MathDouble.c,684 :: 		
0x01D5	0x0CFC      	RRF        R12, 1
;__Lib_MathDouble.c,685 :: 		
0x01D6	0x0CFD      	RRF        R13, 1
;__Lib_MathDouble.c,686 :: 		
0x01D7	0x1003      	BCF        STATUS, 0
;__Lib_MathDouble.c,687 :: 		
0x01D8	0x0BA0      	DECFSZ     __math_tempbD, 1
;__Lib_MathDouble.c,688 :: 		
0x01D9	0x29C5      	GOTO       MLOOP32
;__Lib_MathDouble.c,689 :: 		
0x01DA	0x1BF2      	BTFSC      R2, 7
;__Lib_MathDouble.c,690 :: 		
0x01DB	0x29E1      	GOTO       MROUND32
;__Lib_MathDouble.c,691 :: 		
0x01DC	0x0DF8      	RLF        R8, 1
;__Lib_MathDouble.c,692 :: 		
0x01DD	0x0DF0      	RLF        R0, 1
;__Lib_MathDouble.c,693 :: 		
0x01DE	0x0DF1      	RLF        R1, 1
;__Lib_MathDouble.c,694 :: 		
0x01DF	0x0DF2      	RLF        R2, 1
;__Lib_MathDouble.c,695 :: 		
0x01E0	0x03F3      	DECF       R3, 1
;__Lib_MathDouble.c,696 :: 		
MROUND32:
;__Lib_MathDouble.c,697 :: 		
0x01E1	0x1B7B      	BTFSC      R11, 6
;__Lib_MathDouble.c,698 :: 		
0x01E2	0x1C70      	BTFSS      R0, 0
;__Lib_MathDouble.c,699 :: 		
0x01E3	0x29F3      	GOTO       MUL32OK
;__Lib_MathDouble.c,700 :: 		
0x01E4	0x1FF8      	BTFSS      R8, 7
;__Lib_MathDouble.c,701 :: 		
0x01E5	0x29F3      	GOTO       MUL32OK
;__Lib_MathDouble.c,702 :: 		
0x01E6	0x0AF0      	INCF       R0, 1
;__Lib_MathDouble.c,703 :: 		
0x01E7	0x1903      	BTFSC      STATUS, 2
;__Lib_MathDouble.c,704 :: 		
0x01E8	0x0AF1      	INCF       R1, 1
;__Lib_MathDouble.c,705 :: 		
0x01E9	0x1903      	BTFSC      STATUS, 2
;__Lib_MathDouble.c,706 :: 		
0x01EA	0x0AF2      	INCF       R2, 1
;__Lib_MathDouble.c,707 :: 		
0x01EB	0x1D03      	BTFSS      STATUS, 2
;__Lib_MathDouble.c,708 :: 		
0x01EC	0x29F3      	GOTO       MUL32OK
;__Lib_MathDouble.c,709 :: 		
0x01ED	0x0CF2      	RRF        R2, 1
;__Lib_MathDouble.c,710 :: 		
0x01EE	0x0CF1      	RRF        R1, 1
;__Lib_MathDouble.c,711 :: 		
0x01EF	0x0CF0      	RRF        R0, 1
;__Lib_MathDouble.c,712 :: 		
0x01F0	0x0AF3      	INCF       R3, 1
;__Lib_MathDouble.c,713 :: 		
0x01F1	0x1903      	BTFSC      STATUS, 2
;__Lib_MathDouble.c,714 :: 		
0x01F2	0x29FA      	GOTO       JPMSETFOV32
;__Lib_MathDouble.c,715 :: 		
MUL32OK:
;__Lib_MathDouble.c,716 :: 		
0x01F3	0x1FFA      	BTFSS      R10, 7
;__Lib_MathDouble.c,717 :: 		
0x01F4	0x13F2      	BCF        R2, 7
;__Lib_MathDouble.c,718 :: 		
0x01F5	0x3000      	MOVLW      0
;__Lib_MathDouble.c,720 :: 		
0x01F6	0x29FF      	GOTO       MUL32EEE
;__Lib_MathDouble.c,721 :: 		
JPMRES032:
;__Lib_MathDouble.c,722 :: 		
0x01F7	0x3001      	MOVLW      1
;__Lib_MathDouble.c,725 :: 		
0x01F8	0x20B9      	CALL       _RES032
;__Lib_MathDouble.c,727 :: 		
0x01F9	0x29FF      	GOTO       MUL32EEE
;__Lib_MathDouble.c,728 :: 		
JPMSETFOV32:
;__Lib_MathDouble.c,729 :: 		
0x01FA	0x3002      	MOVLW      2
;__Lib_MathDouble.c,732 :: 		
0x01FB	0x20AD      	CALL       _SETFOV32
;__Lib_MathDouble.c,734 :: 		
0x01FC	0x29FF      	GOTO       MUL32EEE
;__Lib_MathDouble.c,735 :: 		
JPMSETFUN32:
;__Lib_MathDouble.c,736 :: 		
0x01FD	0x3004      	MOVLW      4
;__Lib_MathDouble.c,739 :: 		
0x01FE	0x208B      	CALL       _SETFUN32
;__Lib_MathDouble.c,741 :: 		
MUL32EEE:
;__Lib_MathDouble.c,742 :: 		
0x01FF	0x0000      	NOP
;__Lib_MathDouble.c,749 :: 		
L_end_Mul_32x32_FP:
0x0200	0x0008      	RETURN
; end of _Mul_32x32_FP
_print_dec:
;define.h,55 :: 		void print_dec(char x, char y, char value){
;define.h,57 :: 		digit[0] = value / 100 + 48;
0x0201	0x3064      	MOVLW      100
0x0202	0x1283      	BCF        STATUS, 5
0x0203	0x1303      	BCF        STATUS, 6
0x0204	0x00F4      	MOVWF      R4
0x0205	0x085E      	MOVF       FARG_print_dec_value, 0
0x0206	0x00F0      	MOVWF      R0
0x0207	0x217F      	CALL       _Div_8X8_U
0x0208	0x3030      	MOVLW      48
0x0209	0x07F0      	ADDWF      R0, 1
0x020A	0x0870      	MOVF       R0, 0
0x020B	0x00DF      	MOVWF      print_dec_digit_L0
;define.h,58 :: 		digit[1] = (value % 100) / 10 + 48;
0x020C	0x3064      	MOVLW      100
0x020D	0x00F4      	MOVWF      R4
0x020E	0x085E      	MOVF       FARG_print_dec_value, 0
0x020F	0x00F0      	MOVWF      R0
0x0210	0x217F      	CALL       _Div_8X8_U
0x0211	0x0878      	MOVF       R8, 0
0x0212	0x00F0      	MOVWF      R0
0x0213	0x300A      	MOVLW      10
0x0214	0x00F4      	MOVWF      R4
0x0215	0x217F      	CALL       _Div_8X8_U
0x0216	0x3030      	MOVLW      48
0x0217	0x0770      	ADDWF      R0, 0
0x0218	0x00E0      	MOVWF      print_dec_digit_L0+1
;define.h,59 :: 		digit[2] = value % 10 + 48;
0x0219	0x300A      	MOVLW      10
0x021A	0x00F4      	MOVWF      R4
0x021B	0x085E      	MOVF       FARG_print_dec_value, 0
0x021C	0x00F0      	MOVWF      R0
0x021D	0x217F      	CALL       _Div_8X8_U
0x021E	0x0878      	MOVF       R8, 0
0x021F	0x00F0      	MOVWF      R0
0x0220	0x3030      	MOVLW      48
0x0221	0x0770      	ADDWF      R0, 0
0x0222	0x00E1      	MOVWF      print_dec_digit_L0+2
;define.h,60 :: 		digit[3] = 0;
0x0223	0x01E2      	CLRF       print_dec_digit_L0+3
;define.h,61 :: 		lcd_out(x,y, digit);
0x0224	0x085C      	MOVF       FARG_print_dec_x, 0
0x0225	0x00E3      	MOVWF      FARG_Lcd_Out_row
0x0226	0x085D      	MOVF       FARG_print_dec_y, 0
0x0227	0x00E4      	MOVWF      FARG_Lcd_Out_column
0x0228	0x305F      	MOVLW      print_dec_digit_L0
0x0229	0x00E5      	MOVWF      FARG_Lcd_Out_text
0x022A	0x2132      	CALL       _Lcd_Out
;define.h,62 :: 		uart1_write(digit[0]);
0x022B	0x085F      	MOVF       print_dec_digit_L0, 0
0x022C	0x00E7      	MOVWF      FARG_UART1_Write_data_
0x022D	0x2097      	CALL       _UART1_Write
;define.h,63 :: 		uart1_write(digit[1]);
0x022E	0x0860      	MOVF       print_dec_digit_L0+1, 0
0x022F	0x00E7      	MOVWF      FARG_UART1_Write_data_
0x0230	0x2097      	CALL       _UART1_Write
;define.h,64 :: 		uart1_write(digit[2]);
0x0231	0x0861      	MOVF       print_dec_digit_L0+2, 0
0x0232	0x00E7      	MOVWF      FARG_UART1_Write_data_
0x0233	0x2097      	CALL       _UART1_Write
;define.h,65 :: 		newline();
0x0234	0x2121      	CALL       _newline
;define.h,66 :: 		}
L_end_print_dec:
0x0235	0x0008      	RETURN
; end of _print_dec
_ADC_Read:
;__Lib_ADC_A_A.c,39 :: 		
;__Lib_ADC_A_A.c,41 :: 		
0x0236	0x1283      	BCF        STATUS, 5
0x0237	0x1303      	BCF        STATUS, 6
0x0238	0x019F      	CLRF       ADCON0
;__Lib_ADC_A_A.c,42 :: 		
0x0239	0x30C0      	MOVLW      192
0x023A	0x049F      	IORWF      ADCON0, 1
;__Lib_ADC_A_A.c,43 :: 		
0x023B	0x085C      	MOVF       FARG_ADC_Read_channel, 0
0x023C	0x00F0      	MOVWF      R0
0x023D	0x0DF0      	RLF        R0, 1
0x023E	0x1070      	BCF        R0, 0
0x023F	0x0DF0      	RLF        R0, 1
0x0240	0x1070      	BCF        R0, 0
0x0241	0x0DF0      	RLF        R0, 1
0x0242	0x1070      	BCF        R0, 0
0x0243	0x0870      	MOVF       R0, 0
0x0244	0x049F      	IORWF      ADCON0, 1
;__Lib_ADC_A_A.c,44 :: 		
0x0245	0x141F      	BSF        ADCON0, 0
;__Lib_ADC_A_A.c,47 :: 		
0x0246	0x212A      	CALL       _Delay_22us
;__Lib_ADC_A_A.c,50 :: 		
0x0247	0x151F      	BSF        ADCON0, 2
;__Lib_ADC_A_A.c,53 :: 		
L_ADC_Read2:
0x0248	0x1D1F      	BTFSS      ADCON0, 2
0x0249	0x2A4C      	GOTO       L_ADC_Read3
;__Lib_ADC_A_A.c,54 :: 		
0x024A	0x0000      	NOP
0x024B	0x2A48      	GOTO       L_ADC_Read2
L_ADC_Read3:
;__Lib_ADC_A_A.c,57 :: 		
0x024C	0x101F      	BCF        ADCON0, 0
;__Lib_ADC_A_A.c,58 :: 		
0x024D	0x081E      	MOVF       ADRES, 0
0x024E	0x00F0      	MOVWF      R0
0x024F	0x01F1      	CLRF       R0+1
;__Lib_ADC_A_A.c,60 :: 		
L_end_ADC_Read:
0x0250	0x0008      	RETURN
; end of _ADC_Read
_double2byte:
;__Lib_MathDouble.c,1670 :: 		
;__Lib_MathDouble.c,1677 :: 		
0x0251	0x1283      	BCF        STATUS, 5
;__Lib_MathDouble.c,1678 :: 		
0x0252	0x1303      	BCF        STATUS, 6
;__Lib_MathDouble.c,1680 :: 		
0x0253	0x01FB      	CLRF       R11
;__Lib_MathDouble.c,1681 :: 		
0x0254	0x01FC      	CLRF       R12
;__Lib_MathDouble.c,1682 :: 		
0x0255	0x01FA      	CLRF       R10
;__Lib_MathDouble.c,1684 :: 		
0x0256	0x0873      	MOVF       R3, 0
;__Lib_MathDouble.c,1685 :: 		
0x0257	0x1903      	BTFSC      STATUS, 2
;__Lib_MathDouble.c,1686 :: 		
0x0258	0x2A7E      	GOTO       IRES008
;__Lib_MathDouble.c,1688 :: 		
0x0259	0x13FA      	BCF        R10, 7
;__Lib_MathDouble.c,1689 :: 		
0x025A	0x17F2      	BSF        R2, 7
;__Lib_MathDouble.c,1691 :: 		
0x025B	0x3086      	MOVLW      134
;__Lib_MathDouble.c,1692 :: 		
0x025C	0x02F3      	SUBWF      R3, 1
;__Lib_MathDouble.c,1693 :: 		
0x025D	0x1BF3      	BTFSC      R3, 7
;__Lib_MathDouble.c,1694 :: 		
0x025E	0x2A62      	GOTO       SETEXP08
;__Lib_MathDouble.c,1695 :: 		
0x025F	0x1903      	BTFSC      STATUS, 2
;__Lib_MathDouble.c,1696 :: 		
0x0260	0x2A62      	GOTO       SETEXP08
;__Lib_MathDouble.c,1697 :: 		
0x0261	0x2A80      	GOTO       SETIOV08
;__Lib_MathDouble.c,1698 :: 		
SETEXP08:
;__Lib_MathDouble.c,1699 :: 		
0x0262	0x09F3      	COMF       R3, 1
;__Lib_MathDouble.c,1700 :: 		
0x0263	0x0AF3      	INCF       R3, 1
;__Lib_MathDouble.c,1702 :: 		
0x0264	0x3008      	MOVLW      8
;__Lib_MathDouble.c,1703 :: 		
0x0265	0x0273      	SUBWF      R3, 0
;__Lib_MathDouble.c,1704 :: 		
0x0266	0x1C03      	BTFSS      STATUS, 0
;__Lib_MathDouble.c,1705 :: 		
0x0267	0x2A6F      	GOTO       TSHIFT3208
;__Lib_MathDouble.c,1706 :: 		
0x0268	0x00F3      	MOVWF      R3
;__Lib_MathDouble.c,1707 :: 		
0x0269	0x0DF2      	RLF        R2, 1
;__Lib_MathDouble.c,1708 :: 		
0x026A	0x01F2      	CLRF       R2
;__Lib_MathDouble.c,1710 :: 		
0x026B	0x0873      	MOVF       R3, 0
;__Lib_MathDouble.c,1711 :: 		
0x026C	0x1D03      	BTFSS      STATUS, 2
;__Lib_MathDouble.c,1712 :: 		
0x026D	0x1003      	BCF        STATUS, 0
;__Lib_MathDouble.c,1713 :: 		
0x026E	0x2A76      	GOTO       SHIFT3208OK
;__Lib_MathDouble.c,1714 :: 		
TSHIFT3208:
;__Lib_MathDouble.c,1715 :: 		
0x026F	0x0873      	MOVF       R3, 0
;__Lib_MathDouble.c,1716 :: 		
0x0270	0x1903      	BTFSC      STATUS, 2
;__Lib_MathDouble.c,1717 :: 		
0x0271	0x2A76      	GOTO       SHIFT3208OK
;__Lib_MathDouble.c,1718 :: 		
SHIFT3208:
;__Lib_MathDouble.c,1719 :: 		
0x0272	0x1003      	BCF        STATUS, 0
;__Lib_MathDouble.c,1720 :: 		
0x0273	0x0CF2      	RRF        R2, 1
;__Lib_MathDouble.c,1721 :: 		
0x0274	0x0BF3      	DECFSZ     R3, 1
;__Lib_MathDouble.c,1722 :: 		
0x0275	0x2A72      	GOTO       SHIFT3208
;__Lib_MathDouble.c,1723 :: 		
SHIFT3208OK:
;__Lib_MathDouble.c,1724 :: 		
0x0276	0x1B7B      	BTFSC      R11, 6
;__Lib_MathDouble.c,1725 :: 		
0x0277	0x1C72      	BTFSS      R2, 0
;__Lib_MathDouble.c,1726 :: 		
0x0278	0x2A7E      	GOTO       INT3208OK
;__Lib_MathDouble.c,1727 :: 		
0x0279	0x1C03      	BTFSS      STATUS, 0
;__Lib_MathDouble.c,1728 :: 		
0x027A	0x2A7E      	GOTO       INT3208OK
;__Lib_MathDouble.c,1729 :: 		
0x027B	0x0AF2      	INCF       R2, 1
;__Lib_MathDouble.c,1730 :: 		
0x027C	0x1903      	BTFSC      STATUS, 2
;__Lib_MathDouble.c,1731 :: 		
0x027D	0x2A85      	GOTO       D2B_JPKSETIOV3224
;__Lib_MathDouble.c,1732 :: 		
INT3208OK:
;__Lib_MathDouble.c,1733 :: 		
IRES008:
;__Lib_MathDouble.c,1734 :: 		
0x027E	0x01F1      	CLRF       R1
;__Lib_MathDouble.c,1735 :: 		
0x027F	0x2A88      	GOTO       INT3208EOK
;__Lib_MathDouble.c,1736 :: 		
SETIOV08:
;__Lib_MathDouble.c,1737 :: 		
0x0280	0x147B      	BSF        R11, 0
;__Lib_MathDouble.c,1738 :: 		
0x0281	0x1FFB      	BTFSS      R11, 7
;__Lib_MathDouble.c,1739 :: 		
0x0282	0x2A8B      	GOTO       INT3208EER
;__Lib_MathDouble.c,1741 :: 		
0x0283	0x01F1      	CLRF       R1
;__Lib_MathDouble.c,1742 :: 		
0x0284	0x2A8B      	GOTO       INT3208EER
;__Lib_MathDouble.c,1743 :: 		
D2B_JPKSETIOV3224:
;__Lib_MathDouble.c,1744 :: 		
0x0285	0x3001      	MOVLW      1
;__Lib_MathDouble.c,1745 :: 		
0x0286	0x00FC      	MOVWF      R12
;__Lib_MathDouble.c,1746 :: 		
0x0287	0x2A8D      	GOTO       INT3208EEE
;__Lib_MathDouble.c,1747 :: 		
INT3208EOK:
;__Lib_MathDouble.c,1748 :: 		
0x0288	0x3000      	MOVLW      0
;__Lib_MathDouble.c,1749 :: 		
0x0289	0x00FC      	MOVWF      R12
;__Lib_MathDouble.c,1750 :: 		
0x028A	0x2A8D      	GOTO       INT3208EEE
;__Lib_MathDouble.c,1751 :: 		
INT3208EER:
;__Lib_MathDouble.c,1752 :: 		
0x028B	0x30FF      	MOVLW      255
;__Lib_MathDouble.c,1753 :: 		
0x028C	0x00FC      	MOVWF      R12
;__Lib_MathDouble.c,1754 :: 		
INT3208EEE:
;__Lib_MathDouble.c,1757 :: 		
0x028D	0x08FC      	MOVF       R12, 1
;__Lib_MathDouble.c,1759 :: 		
0x028E	0x1903      	BTFSC      STATUS, 2
;__Lib_MathDouble.c,1760 :: 		
0x028F	0x2A91      	GOTO       L_Double2Byte_0
;__Lib_MathDouble.c,1762 :: 		
0x0290	0x2172      	CALL       _SETIOV3224
;__Lib_MathDouble.c,1764 :: 		
L_Double2Byte_0:
;__Lib_MathDouble.c,1765 :: 		
0x0291	0x0872      	MOVF       R2, 0
;__Lib_MathDouble.c,1766 :: 		
0x0292	0x00F0      	MOVWF      R0
;__Lib_MathDouble.c,1770 :: 		
L_end_double2byte:
0x0293	0x0008      	RETURN
; end of _double2byte
_Lcd_Chr:
;__Lib_Lcd.c,65 :: 		
;__Lib_Lcd.c,66 :: 		
0x0294	0x2AA6      	GOTO       L_Lcd_Chr4
;__Lib_Lcd.c,67 :: 		
L_Lcd_Chr6:
0x0295	0x3080      	MOVLW      128
0x0296	0x1283      	BCF        STATUS, 5
0x0297	0x1303      	BCF        STATUS, 6
0x0298	0x00DC      	MOVWF      FARG_Lcd_Chr_row
0x0299	0x2AB9      	GOTO       L_Lcd_Chr5
;__Lib_Lcd.c,68 :: 		
L_Lcd_Chr7:
0x029A	0x30C0      	MOVLW      192
0x029B	0x00DC      	MOVWF      FARG_Lcd_Chr_row
0x029C	0x2AB9      	GOTO       L_Lcd_Chr5
;__Lib_Lcd.c,69 :: 		
L_Lcd_Chr8:
0x029D	0x3094      	MOVLW      148
0x029E	0x00DC      	MOVWF      FARG_Lcd_Chr_row
0x029F	0x2AB9      	GOTO       L_Lcd_Chr5
;__Lib_Lcd.c,70 :: 		
L_Lcd_Chr9:
0x02A0	0x30D4      	MOVLW      212
0x02A1	0x00DC      	MOVWF      FARG_Lcd_Chr_row
0x02A2	0x2AB9      	GOTO       L_Lcd_Chr5
;__Lib_Lcd.c,71 :: 		
L_Lcd_Chr10:
0x02A3	0x3080      	MOVLW      128
0x02A4	0x00DC      	MOVWF      FARG_Lcd_Chr_row
;__Lib_Lcd.c,72 :: 		
0x02A5	0x2AB9      	GOTO       L_Lcd_Chr5
L_Lcd_Chr4:
0x02A6	0x1283      	BCF        STATUS, 5
0x02A7	0x1303      	BCF        STATUS, 6
0x02A8	0x085C      	MOVF       FARG_Lcd_Chr_row, 0
0x02A9	0x3A01      	XORLW      1
0x02AA	0x1903      	BTFSC      STATUS, 2
0x02AB	0x2A95      	GOTO       L_Lcd_Chr6
0x02AC	0x085C      	MOVF       FARG_Lcd_Chr_row, 0
0x02AD	0x3A02      	XORLW      2
0x02AE	0x1903      	BTFSC      STATUS, 2
0x02AF	0x2A9A      	GOTO       L_Lcd_Chr7
0x02B0	0x085C      	MOVF       FARG_Lcd_Chr_row, 0
0x02B1	0x3A03      	XORLW      3
0x02B2	0x1903      	BTFSC      STATUS, 2
0x02B3	0x2A9D      	GOTO       L_Lcd_Chr8
0x02B4	0x085C      	MOVF       FARG_Lcd_Chr_row, 0
0x02B5	0x3A04      	XORLW      4
0x02B6	0x1903      	BTFSC      STATUS, 2
0x02B7	0x2AA0      	GOTO       L_Lcd_Chr9
0x02B8	0x2AA3      	GOTO       L_Lcd_Chr10
L_Lcd_Chr5:
;__Lib_Lcd.c,74 :: 		
0x02B9	0x035D      	DECF       FARG_Lcd_Chr_column, 0
0x02BA	0x00F0      	MOVWF      R0
0x02BB	0x085C      	MOVF       FARG_Lcd_Chr_row, 0
0x02BC	0x07F0      	ADDWF      R0, 1
0x02BD	0x0870      	MOVF       R0, 0
0x02BE	0x00DC      	MOVWF      FARG_Lcd_Chr_row
;__Lib_Lcd.c,76 :: 		
0x02BF	0x1450      	BSF        __Lib_Lcd_cmd_status, BitPos(__Lib_Lcd_cmd_status+0)
;__Lib_Lcd.c,77 :: 		
0x02C0	0x0870      	MOVF       R0, 0
0x02C1	0x00E8      	MOVWF      FARG_Lcd_Cmd_out_char
0x02C2	0x204B      	CALL       _Lcd_Cmd
;__Lib_Lcd.c,79 :: 		
0x02C3	0x1050      	BCF        __Lib_Lcd_cmd_status, BitPos(__Lib_Lcd_cmd_status+0)
;__Lib_Lcd.c,80 :: 		
0x02C4	0x085E      	MOVF       FARG_Lcd_Chr_out_char, 0
0x02C5	0x00E8      	MOVWF      FARG_Lcd_Cmd_out_char
0x02C6	0x204B      	CALL       _Lcd_Cmd
;__Lib_Lcd.c,81 :: 		
0x02C7	0x1450      	BSF        __Lib_Lcd_cmd_status, BitPos(__Lib_Lcd_cmd_status+0)
;__Lib_Lcd.c,82 :: 		
L_end_Lcd_Chr:
0x02C8	0x0008      	RETURN
; end of _Lcd_Chr
_UART1_Init:
;__Lib_UART_c67.c,2 :: 		
;__Lib_UART_c67.c,5 :: 		
0x02C9	0x1683      	BSF        STATUS, 5
0x02CA	0x1303      	BCF        STATUS, 6
0x02CB	0x1698      	BSF        TXSTA, 5
;__Lib_UART_c67.c,6 :: 		
0x02CC	0x3090      	MOVLW      144
0x02CD	0x1283      	BCF        STATUS, 5
0x02CE	0x0098      	MOVWF      RCSTA
;__Lib_UART_c67.c,7 :: 		
0x02CF	0x1683      	BSF        STATUS, 5
0x02D0	0x1787      	BSF        TRISC7_bit, BitPos(TRISC7_bit+0)
;__Lib_UART_c67.c,8 :: 		
0x02D1	0x1307      	BCF        TRISC6_bit, BitPos(TRISC6_bit+0)
;__Lib_UART_c67.c,10 :: 		
L_UART1_Init0:
0x02D2	0x1283      	BCF        STATUS, 5
0x02D3	0x1E8C      	BTFSS      PIR1, 5
0x02D4	0x2AD8      	GOTO       L_UART1_Init1
;__Lib_UART_c67.c,11 :: 		
0x02D5	0x081A      	MOVF       RCREG, 0
0x02D6	0x00F0      	MOVWF      R0
0x02D7	0x2AD2      	GOTO       L_UART1_Init0
L_UART1_Init1:
;__Lib_UART_c67.c,12 :: 		
L_end_UART1_Init:
0x02D8	0x0008      	RETURN
; end of _UART1_Init
_Lcd_Init:
;__Lib_Lcd.c,84 :: 		
;__Lib_Lcd.c,86 :: 		
0x02D9	0x1683      	BSF        STATUS, 5
0x02DA	0x1303      	BCF        STATUS, 6
0x02DB	0x1186      	BCF        LCD_EN_Direction, BitPos(LCD_EN_Direction+0)
;__Lib_Lcd.c,87 :: 		
0x02DC	0x1106      	BCF        LCD_RS_Direction, BitPos(LCD_RS_Direction+0)
;__Lib_Lcd.c,88 :: 		
0x02DD	0x1206      	BCF        LCD_D4_Direction, BitPos(LCD_D4_Direction+0)
;__Lib_Lcd.c,89 :: 		
0x02DE	0x1286      	BCF        LCD_D5_Direction, BitPos(LCD_D5_Direction+0)
;__Lib_Lcd.c,90 :: 		
0x02DF	0x1306      	BCF        LCD_D6_Direction, BitPos(LCD_D6_Direction+0)
;__Lib_Lcd.c,91 :: 		
0x02E0	0x1386      	BCF        LCD_D7_Direction, BitPos(LCD_D7_Direction+0)
;__Lib_Lcd.c,93 :: 		
0x02E1	0x1283      	BCF        STATUS, 5
0x02E2	0x1186      	BCF        LCD_EN, BitPos(LCD_EN+0)
;__Lib_Lcd.c,94 :: 		
0x02E3	0x1106      	BCF        LCD_RS, BitPos(LCD_RS+0)
;__Lib_Lcd.c,95 :: 		
0x02E4	0x1386      	BCF        LCD_D7, BitPos(LCD_D7+0)
;__Lib_Lcd.c,96 :: 		
0x02E5	0x1306      	BCF        LCD_D6, BitPos(LCD_D6+0)
;__Lib_Lcd.c,97 :: 		
0x02E6	0x1286      	BCF        LCD_D5, BitPos(LCD_D5+0)
;__Lib_Lcd.c,98 :: 		
0x02E7	0x1206      	BCF        LCD_D4, BitPos(LCD_D4+0)
;__Lib_Lcd.c,100 :: 		
0x02E8	0x203E      	CALL       _Delay_5500us
;__Lib_Lcd.c,101 :: 		
0x02E9	0x203E      	CALL       _Delay_5500us
;__Lib_Lcd.c,102 :: 		
0x02EA	0x203E      	CALL       _Delay_5500us
;__Lib_Lcd.c,105 :: 		
0x02EB	0x1686      	BSF        LCD_D5, BitPos(LCD_D5+0)
;__Lib_Lcd.c,106 :: 		
0x02EC	0x1606      	BSF        LCD_D4, BitPos(LCD_D4+0)
;__Lib_Lcd.c,107 :: 		
0x02ED	0x1586      	BSF        LCD_EN, BitPos(LCD_EN+0)
;__Lib_Lcd.c,108 :: 		
0x02EE	0x2038      	CALL       _Delay_1us
;__Lib_Lcd.c,109 :: 		
0x02EF	0x1186      	BCF        LCD_EN, BitPos(LCD_EN+0)
;__Lib_Lcd.c,110 :: 		
0x02F0	0x203E      	CALL       _Delay_5500us
;__Lib_Lcd.c,112 :: 		
0x02F1	0x1586      	BSF        LCD_EN, BitPos(LCD_EN+0)
;__Lib_Lcd.c,113 :: 		
0x02F2	0x2038      	CALL       _Delay_1us
;__Lib_Lcd.c,114 :: 		
0x02F3	0x1186      	BCF        LCD_EN, BitPos(LCD_EN+0)
;__Lib_Lcd.c,115 :: 		
0x02F4	0x203E      	CALL       _Delay_5500us
;__Lib_Lcd.c,117 :: 		
0x02F5	0x1586      	BSF        LCD_EN, BitPos(LCD_EN+0)
;__Lib_Lcd.c,118 :: 		
0x02F6	0x2038      	CALL       _Delay_1us
;__Lib_Lcd.c,119 :: 		
0x02F7	0x1186      	BCF        LCD_EN, BitPos(LCD_EN+0)
;__Lib_Lcd.c,120 :: 		
0x02F8	0x203E      	CALL       _Delay_5500us
;__Lib_Lcd.c,123 :: 		
0x02F9	0x1206      	BCF        LCD_D4, BitPos(LCD_D4+0)
;__Lib_Lcd.c,124 :: 		
0x02FA	0x1586      	BSF        LCD_EN, BitPos(LCD_EN+0)
;__Lib_Lcd.c,125 :: 		
0x02FB	0x2038      	CALL       _Delay_1us
;__Lib_Lcd.c,126 :: 		
0x02FC	0x1186      	BCF        LCD_EN, BitPos(LCD_EN+0)
;__Lib_Lcd.c,127 :: 		
0x02FD	0x203E      	CALL       _Delay_5500us
;__Lib_Lcd.c,130 :: 		
0x02FE	0x1586      	BSF        LCD_EN, BitPos(LCD_EN+0)
;__Lib_Lcd.c,131 :: 		
0x02FF	0x2038      	CALL       _Delay_1us
;__Lib_Lcd.c,132 :: 		
0x0300	0x1186      	BCF        LCD_EN, BitPos(LCD_EN+0)
;__Lib_Lcd.c,134 :: 		
0x0301	0x1286      	BCF        LCD_D5, BitPos(LCD_D5+0)
;__Lib_Lcd.c,135 :: 		
0x0302	0x1786      	BSF        LCD_D7, BitPos(LCD_D7+0)
;__Lib_Lcd.c,136 :: 		
0x0303	0x1586      	BSF        LCD_EN, BitPos(LCD_EN+0)
;__Lib_Lcd.c,137 :: 		
0x0304	0x2038      	CALL       _Delay_1us
;__Lib_Lcd.c,138 :: 		
0x0305	0x1186      	BCF        LCD_EN, BitPos(LCD_EN+0)
;__Lib_Lcd.c,139 :: 		
0x0306	0x203E      	CALL       _Delay_5500us
;__Lib_Lcd.c,142 :: 		
0x0307	0x1386      	BCF        LCD_D7, BitPos(LCD_D7+0)
;__Lib_Lcd.c,143 :: 		
0x0308	0x1606      	BSF        LCD_D4, BitPos(LCD_D4+0)
;__Lib_Lcd.c,144 :: 		
0x0309	0x1586      	BSF        LCD_EN, BitPos(LCD_EN+0)
;__Lib_Lcd.c,145 :: 		
0x030A	0x2038      	CALL       _Delay_1us
;__Lib_Lcd.c,146 :: 		
0x030B	0x1186      	BCF        LCD_EN, BitPos(LCD_EN+0)
;__Lib_Lcd.c,148 :: 		
0x030C	0x1206      	BCF        LCD_D4, BitPos(LCD_D4+0)
;__Lib_Lcd.c,149 :: 		
0x030D	0x1586      	BSF        LCD_EN, BitPos(LCD_EN+0)
;__Lib_Lcd.c,150 :: 		
0x030E	0x2038      	CALL       _Delay_1us
;__Lib_Lcd.c,151 :: 		
0x030F	0x1186      	BCF        LCD_EN, BitPos(LCD_EN+0)
;__Lib_Lcd.c,152 :: 		
0x0310	0x203E      	CALL       _Delay_5500us
;__Lib_Lcd.c,155 :: 		
0x0311	0x1586      	BSF        LCD_EN, BitPos(LCD_EN+0)
;__Lib_Lcd.c,156 :: 		
0x0312	0x2038      	CALL       _Delay_1us
;__Lib_Lcd.c,157 :: 		
0x0313	0x1186      	BCF        LCD_EN, BitPos(LCD_EN+0)
;__Lib_Lcd.c,159 :: 		
0x0314	0x1606      	BSF        LCD_D4, BitPos(LCD_D4+0)
;__Lib_Lcd.c,160 :: 		
0x0315	0x1586      	BSF        LCD_EN, BitPos(LCD_EN+0)
;__Lib_Lcd.c,161 :: 		
0x0316	0x2038      	CALL       _Delay_1us
;__Lib_Lcd.c,162 :: 		
0x0317	0x1186      	BCF        LCD_EN, BitPos(LCD_EN+0)
;__Lib_Lcd.c,163 :: 		
0x0318	0x203E      	CALL       _Delay_5500us
;__Lib_Lcd.c,166 :: 		
0x0319	0x1206      	BCF        LCD_D4, BitPos(LCD_D4+0)
;__Lib_Lcd.c,167 :: 		
0x031A	0x1586      	BSF        LCD_EN, BitPos(LCD_EN+0)
;__Lib_Lcd.c,168 :: 		
0x031B	0x2038      	CALL       _Delay_1us
;__Lib_Lcd.c,169 :: 		
0x031C	0x1186      	BCF        LCD_EN, BitPos(LCD_EN+0)
;__Lib_Lcd.c,171 :: 		
0x031D	0x1786      	BSF        LCD_D7, BitPos(LCD_D7+0)
;__Lib_Lcd.c,172 :: 		
0x031E	0x1706      	BSF        LCD_D6, BitPos(LCD_D6+0)
;__Lib_Lcd.c,173 :: 		
0x031F	0x1686      	BSF        LCD_D5, BitPos(LCD_D5+0)
;__Lib_Lcd.c,174 :: 		
0x0320	0x1606      	BSF        LCD_D4, BitPos(LCD_D4+0)
;__Lib_Lcd.c,175 :: 		
0x0321	0x1586      	BSF        LCD_EN, BitPos(LCD_EN+0)
;__Lib_Lcd.c,176 :: 		
0x0322	0x2038      	CALL       _Delay_1us
;__Lib_Lcd.c,177 :: 		
0x0323	0x1186      	BCF        LCD_EN, BitPos(LCD_EN+0)
;__Lib_Lcd.c,179 :: 		
0x0324	0x203E      	CALL       _Delay_5500us
;__Lib_Lcd.c,181 :: 		
0x0325	0x1450      	BSF        __Lib_Lcd_cmd_status, BitPos(__Lib_Lcd_cmd_status+0)
;__Lib_Lcd.c,182 :: 		
L_end_Lcd_Init:
0x0326	0x0008      	RETURN
; end of _Lcd_Init
___CC2DW:
;__Lib_System.c,134 :: 		
;__Lib_System.c,137 :: 		
_CC2D_Loop1:
;__Lib_System.c,139 :: 		
0x0327	0x211A      	CALL       _____DoICP
0x0328	0x118A      	BCF        PCLATH, 3
0x0329	0x120A      	BCF        PCLATH, 4
;__Lib_System.c,141 :: 		
0x032A	0x0080      	MOVWF      INDF
;__Lib_System.c,142 :: 		
0x032B	0x0A84      	INCF       FSR, 1
;__Lib_System.c,143 :: 		
0x032C	0x0ACE      	INCF       ___DoICPAddr, 1
;__Lib_System.c,145 :: 		
0x032D	0x1903      	BTFSC      STATUS, 2
;__Lib_System.c,146 :: 		
0x032E	0x0ACF      	INCF       ___DoICPAddr+1, 1
;__Lib_System.c,147 :: 		
0x032F	0x03F0      	DECF       R0, 1
;__Lib_System.c,149 :: 		
0x0330	0x1D03      	BTFSS      STATUS, 2
;__Lib_System.c,150 :: 		
0x0331	0x2B27      	GOTO       _CC2D_Loop1
;__Lib_System.c,152 :: 		
L_end___CC2DW:
0x0332	0x0008      	RETURN
; end of ___CC2DW
_UART1_Read:
;__Lib_UART_c67.c,21 :: 		
;__Lib_UART_c67.c,24 :: 		
0x0333	0x1283      	BCF        STATUS, 5
0x0334	0x1303      	BCF        STATUS, 6
0x0335	0x081A      	MOVF       RCREG, 0
0x0336	0x00F1      	MOVWF      R1
;__Lib_UART_c67.c,25 :: 		
0x0337	0x1C98      	BTFSS      RCSTA, 1
0x0338	0x2B3B      	GOTO       L_UART1_Read2
;__Lib_UART_c67.c,26 :: 		
0x0339	0x1218      	BCF        RCSTA, 4
;__Lib_UART_c67.c,27 :: 		
0x033A	0x1618      	BSF        RCSTA, 4
;__Lib_UART_c67.c,28 :: 		
L_UART1_Read2:
;__Lib_UART_c67.c,29 :: 		
0x033B	0x0871      	MOVF       R1, 0
0x033C	0x00F0      	MOVWF      R0
;__Lib_UART_c67.c,30 :: 		
L_end_UART1_Read:
0x033D	0x0008      	RETURN
; end of _UART1_Read
_check_relay:
;define.h,29 :: 		void check_relay(){
;define.h,30 :: 		if(x == 5 && r_status[0] == 'R'){
0x033E	0x1283      	BCF        STATUS, 5
0x033F	0x1303      	BCF        STATUS, 6
0x0340	0x083D      	MOVF       _x, 0
0x0341	0x3A05      	XORLW      5
0x0342	0x1D03      	BTFSS      STATUS, 2
0x0343	0x2B71      	GOTO       L_check_relay2
0x0344	0x0851      	MOVF       _r_status, 0
0x0345	0x3A52      	XORLW      82
0x0346	0x1D03      	BTFSS      STATUS, 2
0x0347	0x2B71      	GOTO       L_check_relay2
L__check_relay19:
;define.h,31 :: 		r_status[0] = 0;
0x0348	0x01D1      	CLRF       _r_status
;define.h,32 :: 		if(r_status[1] == '1') rly_1 = 0;
0x0349	0x0852      	MOVF       _r_status+1, 0
0x034A	0x3A31      	XORLW      49
0x034B	0x1D03      	BTFSS      STATUS, 2
0x034C	0x2B4E      	GOTO       L_check_relay3
0x034D	0x1007      	BCF        RC0_bit, BitPos(RC0_bit+0)
L_check_relay3:
;define.h,33 :: 		if(r_status[2] == '1') rly_2 = 0;
0x034E	0x0853      	MOVF       _r_status+2, 0
0x034F	0x3A31      	XORLW      49
0x0350	0x1D03      	BTFSS      STATUS, 2
0x0351	0x2B53      	GOTO       L_check_relay4
0x0352	0x1087      	BCF        RC1_bit, BitPos(RC1_bit+0)
L_check_relay4:
;define.h,34 :: 		if(r_status[3] == '1') rly_3 = 0;
0x0353	0x0854      	MOVF       _r_status+3, 0
0x0354	0x3A31      	XORLW      49
0x0355	0x1D03      	BTFSS      STATUS, 2
0x0356	0x2B58      	GOTO       L_check_relay5
0x0357	0x1107      	BCF        RC2_bit, BitPos(RC2_bit+0)
L_check_relay5:
;define.h,35 :: 		if(r_status[4] == '1') rly_4 = 0;
0x0358	0x0855      	MOVF       _r_status+4, 0
0x0359	0x3A31      	XORLW      49
0x035A	0x1D03      	BTFSS      STATUS, 2
0x035B	0x2B5D      	GOTO       L_check_relay6
0x035C	0x1187      	BCF        RC3_bit, BitPos(RC3_bit+0)
L_check_relay6:
;define.h,36 :: 		if(r_status[1] == '0') rly_1 = 1;
0x035D	0x0852      	MOVF       _r_status+1, 0
0x035E	0x3A30      	XORLW      48
0x035F	0x1D03      	BTFSS      STATUS, 2
0x0360	0x2B62      	GOTO       L_check_relay7
0x0361	0x1407      	BSF        RC0_bit, BitPos(RC0_bit+0)
L_check_relay7:
;define.h,37 :: 		if(r_status[2] == '0') rly_2 = 1;
0x0362	0x0853      	MOVF       _r_status+2, 0
0x0363	0x3A30      	XORLW      48
0x0364	0x1D03      	BTFSS      STATUS, 2
0x0365	0x2B67      	GOTO       L_check_relay8
0x0366	0x1487      	BSF        RC1_bit, BitPos(RC1_bit+0)
L_check_relay8:
;define.h,38 :: 		if(r_status[3] == '0') rly_3 = 1;
0x0367	0x0854      	MOVF       _r_status+3, 0
0x0368	0x3A30      	XORLW      48
0x0369	0x1D03      	BTFSS      STATUS, 2
0x036A	0x2B6C      	GOTO       L_check_relay9
0x036B	0x1507      	BSF        RC2_bit, BitPos(RC2_bit+0)
L_check_relay9:
;define.h,39 :: 		if(r_status[4] == '0') rly_4 = 1;
0x036C	0x0855      	MOVF       _r_status+4, 0
0x036D	0x3A30      	XORLW      48
0x036E	0x1D03      	BTFSS      STATUS, 2
0x036F	0x2B71      	GOTO       L_check_relay10
0x0370	0x1587      	BSF        RC3_bit, BitPos(RC3_bit+0)
L_check_relay10:
;define.h,40 :: 		}
L_check_relay2:
;define.h,41 :: 		}
L_end_check_relay:
0x0371	0x0008      	RETURN
; end of _check_relay
_main:
0x0372	0x2428      	CALL       1064
;homeWeb.c,3 :: 		void main() {
;homeWeb.c,4 :: 		lcd_init();
0x0373	0x22D9      	CALL       _Lcd_Init
;homeWeb.c,5 :: 		lcd_cmd(_lcd_clear);
0x0374	0x3001      	MOVLW      1
0x0375	0x00E8      	MOVWF      FARG_Lcd_Cmd_out_char
0x0376	0x204B      	CALL       _Lcd_Cmd
;homeWeb.c,6 :: 		lcd_cmd(_lcd_cursor_off);
0x0377	0x300C      	MOVLW      12
0x0378	0x00E8      	MOVWF      FARG_Lcd_Cmd_out_char
0x0379	0x204B      	CALL       _Lcd_Cmd
;homeWeb.c,7 :: 		TRISC = 0x00;
0x037A	0x1683      	BSF        STATUS, 5
0x037B	0x0187      	CLRF       TRISC
;homeWeb.c,8 :: 		TRISC4_bit = 1;
0x037C	0x1607      	BSF        TRISC4_bit, BitPos(TRISC4_bit+0)
;homeWeb.c,9 :: 		PORTC = 0xFF;
0x037D	0x30FF      	MOVLW      255
0x037E	0x1283      	BCF        STATUS, 5
0x037F	0x0087      	MOVWF      PORTC
;homeWeb.c,10 :: 		INTCON = 0xC0;
0x0380	0x30C0      	MOVLW      192
0x0381	0x008B      	MOVWF      INTCON
;homeWeb.c,11 :: 		PIE1.RCIE = 1;
0x0382	0x1683      	BSF        STATUS, 5
0x0383	0x168C      	BSF        PIE1, 5
;homeWeb.c,12 :: 		uart1_init(9600);
0x0384	0x3081      	MOVLW      129
0x0385	0x0099      	MOVWF      SPBRG
0x0386	0x1518      	BSF        TXSTA, 2
0x0387	0x22C9      	CALL       _UART1_Init
;homeWeb.c,14 :: 		lcd_chr(1,4,(char)223);
0x0388	0x3001      	MOVLW      1
0x0389	0x00DC      	MOVWF      FARG_Lcd_Chr_row
0x038A	0x3004      	MOVLW      4
0x038B	0x00DD      	MOVWF      FARG_Lcd_Chr_column
0x038C	0x30DF      	MOVLW      223
0x038D	0x00DE      	MOVWF      FARG_Lcd_Chr_out_char
0x038E	0x2294      	CALL       _Lcd_Chr
;homeWeb.c,15 :: 		lcd_out(1,5,"C Smoke: ");
0x038F	0x3001      	MOVLW      1
0x0390	0x00E3      	MOVWF      FARG_Lcd_Out_row
0x0391	0x3005      	MOVLW      5
0x0392	0x00E4      	MOVWF      FARG_Lcd_Out_column
0x0393	0x3024      	MOVLW      ?lstr1_homeWeb
0x0394	0x00E5      	MOVWF      FARG_Lcd_Out_text
0x0395	0x2132      	CALL       _Lcd_Out
;homeWeb.c,17 :: 		while(1){
L_main13:
;homeWeb.c,18 :: 		tmp = adc_read(0);
0x0396	0x01DC      	CLRF       FARG_ADC_Read_channel
0x0397	0x2236      	CALL       _ADC_Read
0x0398	0x0870      	MOVF       R0, 0
0x0399	0x00D9      	MOVWF      _tmp
;homeWeb.c,19 :: 		smoke = adc_read(1);
0x039A	0x3001      	MOVLW      1
0x039B	0x00DC      	MOVWF      FARG_ADC_Read_channel
0x039C	0x2236      	CALL       _ADC_Read
0x039D	0x0870      	MOVF       R0, 0
0x039E	0x00D8      	MOVWF      _smoke
;homeWeb.c,20 :: 		print_dec(1,1, temp);
0x039F	0x3001      	MOVLW      1
0x03A0	0x00DC      	MOVWF      FARG_print_dec_x
0x03A1	0x3001      	MOVLW      1
0x03A2	0x00DD      	MOVWF      FARG_print_dec_y
0x03A3	0x0859      	MOVF       _tmp, 0
0x03A4	0x00F0      	MOVWF      R0
0x03A5	0x2190      	CALL       _byte2double
0x03A6	0x302E      	MOVLW      46
0x03A7	0x00F4      	MOVWF      R4
0x03A8	0x3090      	MOVLW      144
0x03A9	0x00F5      	MOVWF      R4+1
0x03AA	0x3020      	MOVLW      32
0x03AB	0x00F6      	MOVWF      R4+2
0x03AC	0x3079      	MOVLW      121
0x03AD	0x00F7      	MOVWF      R4+3
0x03AE	0x21A0      	CALL       _Mul_32x32_FP
0x03AF	0x3000      	MOVLW      0
0x03B0	0x00F4      	MOVWF      R4
0x03B1	0x3000      	MOVLW      0
0x03B2	0x00F5      	MOVWF      R4+1
0x03B3	0x3048      	MOVLW      72
0x03B4	0x00F6      	MOVWF      R4+2
0x03B5	0x3085      	MOVLW      133
0x03B6	0x00F7      	MOVWF      R4+3
0x03B7	0x21A0      	CALL       _Mul_32x32_FP
0x03B8	0x2251      	CALL       _double2byte
0x03B9	0x0870      	MOVF       R0, 0
0x03BA	0x00DE      	MOVWF      FARG_print_dec_value
0x03BB	0x2201      	CALL       _print_dec
;homeWeb.c,21 :: 		print_dec(1,14, smoke);
0x03BC	0x3001      	MOVLW      1
0x03BD	0x00DC      	MOVWF      FARG_print_dec_x
0x03BE	0x300E      	MOVLW      14
0x03BF	0x00DD      	MOVWF      FARG_print_dec_y
0x03C0	0x0858      	MOVF       _smoke, 0
0x03C1	0x00DE      	MOVWF      FARG_print_dec_value
0x03C2	0x2201      	CALL       _print_dec
;homeWeb.c,22 :: 		if(sound){
0x03C3	0x1E07      	BTFSS      RC4_bit, BitPos(RC4_bit+0)
0x03C4	0x2BDF      	GOTO       L_main15
;homeWeb.c,23 :: 		lcd_out(2,2,"    -NONE-    ");
0x03C5	0x3002      	MOVLW      2
0x03C6	0x00E3      	MOVWF      FARG_Lcd_Out_row
0x03C7	0x3002      	MOVLW      2
0x03C8	0x00E4      	MOVWF      FARG_Lcd_Out_column
0x03C9	0x303E      	MOVLW      ?lstr2_homeWeb
0x03CA	0x00E5      	MOVWF      FARG_Lcd_Out_text
0x03CB	0x2132      	CALL       _Lcd_Out
;homeWeb.c,24 :: 		uart1_write('0');
0x03CC	0x3030      	MOVLW      48
0x03CD	0x00E7      	MOVWF      FARG_UART1_Write_data_
0x03CE	0x2097      	CALL       _UART1_Write
;homeWeb.c,25 :: 		newline();
0x03CF	0x2121      	CALL       _newline
;homeWeb.c,26 :: 		delay_ms(200);
0x03D0	0x3006      	MOVLW      6
0x03D1	0x00FB      	MOVWF      R11
0x03D2	0x3013      	MOVLW      19
0x03D3	0x00FC      	MOVWF      R12
0x03D4	0x30AD      	MOVLW      173
0x03D5	0x00FD      	MOVWF      R13
L_main16:
0x03D6	0x0BFD      	DECFSZ     R13, 1
0x03D7	0x2BD6      	GOTO       L_main16
0x03D8	0x0BFC      	DECFSZ     R12, 1
0x03D9	0x2BD6      	GOTO       L_main16
0x03DA	0x0BFB      	DECFSZ     R11, 1
0x03DB	0x2BD6      	GOTO       L_main16
0x03DC	0x0000      	NOP
0x03DD	0x0000      	NOP
;homeWeb.c,27 :: 		}
0x03DE	0x2BF8      	GOTO       L_main17
L_main15:
;homeWeb.c,29 :: 		lcd_out(2,2,"-NOISE DETECT-");
0x03DF	0x3002      	MOVLW      2
0x03E0	0x00E3      	MOVWF      FARG_Lcd_Out_row
0x03E1	0x3002      	MOVLW      2
0x03E2	0x00E4      	MOVWF      FARG_Lcd_Out_column
0x03E3	0x302E      	MOVLW      ?lstr3_homeWeb
0x03E4	0x00E5      	MOVWF      FARG_Lcd_Out_text
0x03E5	0x2132      	CALL       _Lcd_Out
;homeWeb.c,30 :: 		uart1_write('1');
0x03E6	0x3031      	MOVLW      49
0x03E7	0x00E7      	MOVWF      FARG_UART1_Write_data_
0x03E8	0x2097      	CALL       _UART1_Write
;homeWeb.c,31 :: 		newline();
0x03E9	0x2121      	CALL       _newline
;homeWeb.c,32 :: 		delay_ms(200);
0x03EA	0x3006      	MOVLW      6
0x03EB	0x00FB      	MOVWF      R11
0x03EC	0x3013      	MOVLW      19
0x03ED	0x00FC      	MOVWF      R12
0x03EE	0x30AD      	MOVLW      173
0x03EF	0x00FD      	MOVWF      R13
L_main18:
0x03F0	0x0BFD      	DECFSZ     R13, 1
0x03F1	0x2BF0      	GOTO       L_main18
0x03F2	0x0BFC      	DECFSZ     R12, 1
0x03F3	0x2BF0      	GOTO       L_main18
0x03F4	0x0BFB      	DECFSZ     R11, 1
0x03F5	0x2BF0      	GOTO       L_main18
0x03F6	0x0000      	NOP
0x03F7	0x0000      	NOP
;homeWeb.c,33 :: 		}
L_main17:
;homeWeb.c,34 :: 		}
0x03F8	0x2B96      	GOTO       L_main13
;homeWeb.c,35 :: 		}
L_end_main:
0x03F9	0x2BF9      	GOTO       $+0
; end of _main
0x0428	0x3024      	MOVLW      36
0x0429	0x0084      	MOVWF      FSR
0x042A	0x3029      	MOVLW      41
0x042B	0x1283      	BCF        STATUS, 5
0x042C	0x1303      	BCF        STATUS, 6
0x042D	0x00F0      	MOVWF      R0
0x042E	0x30FF      	MOVLW      255
0x042F	0x00CE      	MOVWF      ___DoICPAddr
0x0430	0x3003      	MOVLW      3
0x0431	0x00CF      	MOVWF      79
0x0432	0x2327      	CALL       807
0x0433	0x0008      	RETURN
;homeWeb.c,0 :: ?ICS?lstr1_homeWeb
0x03FF	0x3443 ;?ICS?lstr1_homeWeb+0
0x0400	0x3420 ;?ICS?lstr1_homeWeb+1
0x0401	0x3453 ;?ICS?lstr1_homeWeb+2
0x0402	0x346D ;?ICS?lstr1_homeWeb+3
0x0403	0x346F ;?ICS?lstr1_homeWeb+4
0x0404	0x346B ;?ICS?lstr1_homeWeb+5
0x0405	0x3465 ;?ICS?lstr1_homeWeb+6
0x0406	0x343A ;?ICS?lstr1_homeWeb+7
0x0407	0x3420 ;?ICS?lstr1_homeWeb+8
0x0408	0x3400 ;?ICS?lstr1_homeWeb+9
; end of ?ICS?lstr1_homeWeb
;homeWeb.c,0 :: ?ICS?lstr3_homeWeb
0x0409	0x342D ;?ICS?lstr3_homeWeb+0
0x040A	0x344E ;?ICS?lstr3_homeWeb+1
0x040B	0x344F ;?ICS?lstr3_homeWeb+2
0x040C	0x3449 ;?ICS?lstr3_homeWeb+3
0x040D	0x3453 ;?ICS?lstr3_homeWeb+4
0x040E	0x3445 ;?ICS?lstr3_homeWeb+5
0x040F	0x3420 ;?ICS?lstr3_homeWeb+6
0x0410	0x3444 ;?ICS?lstr3_homeWeb+7
0x0411	0x3445 ;?ICS?lstr3_homeWeb+8
0x0412	0x3454 ;?ICS?lstr3_homeWeb+9
0x0413	0x3445 ;?ICS?lstr3_homeWeb+10
0x0414	0x3443 ;?ICS?lstr3_homeWeb+11
0x0415	0x3454 ;?ICS?lstr3_homeWeb+12
0x0416	0x342D ;?ICS?lstr3_homeWeb+13
0x0417	0x3400 ;?ICS?lstr3_homeWeb+14
; end of ?ICS?lstr3_homeWeb
;homeWeb.c,0 :: ?ICS_x
0x0418	0x3400 ;?ICS_x+0
; end of ?ICS_x
;homeWeb.c,0 :: ?ICS?lstr2_homeWeb
0x0419	0x3420 ;?ICS?lstr2_homeWeb+0
0x041A	0x3420 ;?ICS?lstr2_homeWeb+1
0x041B	0x3420 ;?ICS?lstr2_homeWeb+2
0x041C	0x3420 ;?ICS?lstr2_homeWeb+3
0x041D	0x342D ;?ICS?lstr2_homeWeb+4
0x041E	0x344E ;?ICS?lstr2_homeWeb+5
0x041F	0x344F ;?ICS?lstr2_homeWeb+6
0x0420	0x344E ;?ICS?lstr2_homeWeb+7
0x0421	0x3445 ;?ICS?lstr2_homeWeb+8
0x0422	0x342D ;?ICS?lstr2_homeWeb+9
0x0423	0x3420 ;?ICS?lstr2_homeWeb+10
0x0424	0x3420 ;?ICS?lstr2_homeWeb+11
0x0425	0x3420 ;?ICS?lstr2_homeWeb+12
0x0426	0x3420 ;?ICS?lstr2_homeWeb+13
0x0427	0x3400 ;?ICS?lstr2_homeWeb+14
; end of ?ICS?lstr2_homeWeb
Symbol List:
//** Routines locations **
//ADDRESS    SIZE    PROCEDURE
//----------------------------------------------
0x0004      [45]    _interrupt
0x0031       [7]    _Delay_50us
0x0038       [6]    _Delay_1us
0x003E      [13]    _Delay_5500us
0x004B      [64]    _Lcd_Cmd
0x008B      [12]    _SETFUN32
0x0097      [10]    _UART1_Write
0x00A1       [8]    _Lcd_Chr_CP
0x00A9       [4]    _FIXSIGN32
0x00AD      [12]    _SETFOV32
0x00B9       [7]    _RES032
0x00C0      [90]    _NRM4032
0x011A       [7]    _____DoICP
0x0121       [9]    _newline
0x012A       [8]    _Delay_22us
0x0132      [64]    _Lcd_Out
0x0172      [13]    _SETIOV3224
0x017F      [17]    _Div_8X8_U
0x0190      [16]    _byte2double
0x01A0      [97]    _Mul_32x32_FP
0x0201      [53]    _print_dec
0x0236      [27]    _ADC_Read
0x0251      [67]    _double2byte
0x0294      [53]    _Lcd_Chr
0x02C9      [16]    _UART1_Init
0x02D9      [78]    _Lcd_Init
0x0327      [12]    ___CC2DW
0x0333      [11]    _UART1_Read
0x033E      [52]    _check_relay
0x0372     [135]    _main
//** Variables locations ** 
//ADDRESS    SIZE    VARIABLE
//----------------------------------------------
0x0000       [1]    INDF
0x0002       [1]    PCL
0x0003       [1]    STATUS
0x0004       [1]    FSR
0x0006       [0]    RB5_bit
0x0006       [0]    RB6_bit
0x0006       [0]    LCD_D7
0x0006       [0]    LCD_RS
0x0006       [0]    RB4_bit
0x0006       [0]    RB3_bit
0x0006       [0]    LCD_D4
0x0006       [0]    LCD_D5
0x0006       [0]    RB7_bit
0x0006       [0]    LCD_EN
0x0006       [0]    RB2_bit
0x0006       [0]    LCD_D6
0x0007       [0]    RC3_bit
0x0007       [0]    RC2_bit
0x0007       [0]    RC1_bit
0x0007       [0]    RC0_bit
0x0007       [1]    PORTC
0x0007       [0]    RC4_bit
0x000A       [1]    PCLATH
0x000B       [1]    INTCON
0x000C       [1]    PIR1
0x0018       [1]    RCSTA
0x0019       [1]    TXREG
0x001A       [1]    RCREG
0x001E       [1]    ADRES
0x001F       [1]    ADCON0
0x0020       [1]    __math_tempbD
0x0024      [10]    ?lstr1_homeWeb
0x002E      [15]    ?lstr3_homeWeb
0x003D       [1]    _x
0x003E      [15]    ?lstr2_homeWeb
0x004D       [1]    _rxd
0x004E       [2]    ___DoICPAddr
0x0050       [0]    __Lib_Lcd_cmd_status
0x0051       [7]    _r_status
0x0058       [1]    _smoke
0x0059       [1]    _tmp
0x005A       [1]    ___savePCLATH
0x005B       [1]    ___saveSTATUS
0x005C       [1]    FARG_Lcd_Chr_row
0x005C       [1]    FARG_ADC_Read_channel
0x005C       [1]    FARG_print_dec_x
0x005D       [1]    FARG_print_dec_y
0x005D       [1]    FARG_Lcd_Chr_column
0x005E       [1]    FARG_Lcd_Chr_out_char
0x005E       [1]    FARG_print_dec_value
0x005F       [4]    print_dec_digit_L0
0x0063       [1]    FARG_Lcd_Out_row
0x0064       [1]    FARG_Lcd_Out_column
0x0065       [1]    FARG_Lcd_Out_text
0x0066       [1]    Lcd_Out_i_L0
0x0067       [1]    FARG_UART1_Write_data_
0x0067       [1]    FARG_Lcd_Chr_CP_out_char
0x0068       [1]    FARG_Lcd_Cmd_out_char
0x0070       [1]    R0
0x0071       [1]    R1
0x0072       [1]    R2
0x0073       [1]    R3
0x0074       [1]    R4
0x0075       [1]    R5
0x0076       [1]    R6
0x0077       [1]    R7
0x0078       [1]    R8
0x0079       [1]    R9
0x007A       [1]    R10
0x007B       [1]    R11
0x007C       [1]    R12
0x007D       [1]    R13
0x007E       [1]    R14
0x007F       [1]    R15
0x0086       [0]    TRISB2_bit
0x0086       [0]    TRISB4_bit
0x0086       [0]    TRISB3_bit
0x0086       [0]    LCD_D4_Direction
0x0086       [0]    TRISB5_bit
0x0086       [0]    LCD_D7_Direction
0x0086       [0]    LCD_D6_Direction
0x0086       [0]    LCD_RS_Direction
0x0086       [0]    LCD_D5_Direction
0x0086       [0]    TRISB6_bit
0x0086       [0]    TRISB7_bit
0x0086       [0]    LCD_EN_Direction
0x0087       [1]    TRISC
0x0087       [0]    TRISC7_bit
0x0087       [0]    TRISC6_bit
0x0087       [0]    TRISC4_bit
0x008C       [1]    PIE1
0x0098       [1]    TXSTA
0x0099       [1]    SPBRG
//** Constants locations ** 
//ADDRESS    SIZE    CONSTANT
//----------------------------------------------
0x03FF      [10]    ?ICS?lstr1_homeWeb
0x0409      [15]    ?ICS?lstr3_homeWeb
0x0418       [1]    ?ICS_x
0x0419      [15]    ?ICS?lstr2_homeWeb
