MPASM  5.42                               A.S   5-25-2017  2:25:09         PAGE  1


LOC  OBJECT CODE     LINE SOURCE TEXT
  VALUE


                      00002         list
                      00003 ;{
                      00004 ;FILE F1 = C:\USERS\ANTOR\GOOGLE~1\EMBEDD~1\TANVIR~1\PROJECTS\12F6E3~1.IOT\FIRMWARE\IOTAIR.BAS
                      00005 ;FILE F2 = C:\USERS\ANTOR\GOOGLE~1\EMBEDD~1\TANVIR~1\PROJECTS\12F6E3~1.IOT\FIRMWARE\IOTAIR.PRP
                      00006 ;}
                      00007 ;[Variable Listing]
                      00008 ;MQ2,0032,DT_BYTE,1
                      00009 ;MQ6,0033,DT_BYTE,1
                      00010 ;MQ135,0034,DT_BYTE,1
                      00011 ;DUST,0035,DT_BYTE,1
                      00012 ;sound_in,0007.3,DT_BIT
                      00013 ;MQ2_in,0007.0,DT_BIT
                      00014 ;dust_in,0007.2,DT_BIT
                      00015 ;[End Listing]
                      00016 ;[TOTAL VARS] 22

                      00018 #define CONFIG_REQ 1
MESSAGE[308]: WARNING LEVEL SUPERSEDED BY COMMAND LINE VALUE. (2)
                      00019  LIST  P = 16F73, F = INHX8M, W = 2, X = ON, R = DEC, MM = ON, N = 0, C = 255
  00000000            00020 INDF equ 0X0000
  00000001            00021 TMR0 equ 0X0001
  00000002            00022 PCL equ 0X0002
  00000003            00023 STATUS equ 0X0003
  00000004            00024 FSR equ 0X0004
  00000005            00025 PORTA equ 0X0005
  00000006            00026 PORTB equ 0X0006
  00000007            00027 PORTC equ 0X0007
  0000000A            00028 PCLATH equ 0X000A
  0000000B            00029 INTCON equ 0X000B
  0000000C            00030 PIR1 equ 0X000C
  0000000D            00031 PIR2 equ 0X000D
  0000000E            00032 TMR1L equ 0X000E
  0000000F            00033 TMR1LH equ 0X000F
  0000000F            00034 TMR1H equ 0X000F
  00000010            00035 T1CON equ 0X0010
  00000011            00036 TMR2 equ 0X0011
  00000012            00037 T2CON equ 0X0012
  00000013            00038 SSPBUF equ 0X0013
  00000014            00039 SSPCON equ 0X0014
  00000015            00040 CCPR1L equ 0X0015
  00000016            00041 CCPR1LH equ 0X0016
  00000016            00042 CCPR1H equ 0X0016
  00000017            00043 CCP1CON equ 0X0017
  00000018            00044 RCSTA equ 0X0018
  00000019            00045 TXREG equ 0X0019
  0000001A            00046 RCREG equ 0X001A
  0000001B            00047 CCPR2L equ 0X001B
  0000001C            00048 CCPR2LH equ 0X001C
  0000001C            00049 CCPR2H equ 0X001C
  0000001D            00050 CCP2CON equ 0X001D
  0000001E            00051 ADRES equ 0X001E
  0000001F            00052 ADCON0 equ 0X001F
  00000081            00053 OPTION_REG equ 0X0081
  00000085            00054 TRISA equ 0X0085
  00000086            00055 TRISB equ 0X0086
  00000087            00056 TRISC equ 0X0087
  0000008C            00057 PIE1 equ 0X008C
  0000008D            00058 PIE2 equ 0X008D
  0000008E            00059 PCON equ 0X008E
  00000092            00060 PR2 equ 0X0092
  00000093            00061 SSPADD equ 0X0093
  00000094            00062 SSPSTAT equ 0X0094
  00000098            00063 TXSTA equ 0X0098
  00000099            00064 SPBRG equ 0X0099
  0000009F            00065 ADCON1 equ 0X009F
  0000010C            00066 EEDATL equ 0X010C
  0000010C            00067 PMDATL equ 0X010C
  0000010C            00068 EEDATA equ 0X010C
  0000010C            00069 EEDAT equ 0X010C
  0000010C            00070 PMDATA equ 0X010C
  0000010D            00071 EEADR equ 0X010D
  0000010D            00072 PMADR equ 0X010D
  0000010E            00073 EEDATLH equ 0X010E
  0000010E            00074 PMDATLH equ 0X010E
  0000010E            00075 EEDATH equ 0X010E
  0000010E            00076 PMDATH equ 0X010E
  0000010F            00077 EEADRH equ 0X010F
  0000010F            00078 PMADRH equ 0X010F
  0000018C            00079 EECON1 equ 0X018C
  0000018C            00080 PMCON1 equ 0X018C
  00000087            00081 _I2C_SCL_PORT=TRISC
  00000003            00082 _I2C_SCL_PIN=3
  00000087            00083 _I2C_SDA_PORT=TRISC
  00000004            00084 _I2C_SDA_PIN=4
  00000007            00085 IRP=7
  00000006            00086 RP1=6
  00000005            00087 RP0=5
  00000004            00088 NOT_TO=4
  00000003            00089 NOT_PD=3
  00000002            00090 Z=2
  00000001            00091 DC=1
  00000000            00092 C=0
  00000007            00093 GIE=7
  00000006            00094 PEIE=6
  00000005            00095 T0IE=5
  00000004            00096 INTE=4
  00000003            00097 RBIE=3
  00000002            00098 T0IF=2
  00000001            00099 INTF=1
  00000000            00100 RBIF=0
  00000006            00101 ADIF=6
  00000005            00102 RCIF=5
  00000005            00103 PP_RCIF=5
  00000004            00104 TXIF=4
  00000004            00105 PP_TXIF=4
  00000003            00106 SSPIF=3
  00000002            00107 CCP1IF=2
  00000001            00108 TMR2IF=1
  00000000            00109 TMR1IF=0
  00000000            00110 CCP2IF=0
  00000005            00111 T1CKPS1=5
  00000004            00112 T1CKPS0=4
  00000003            00113 T1OSCEN=3
  00000002            00114 NOT_T1SYNC=2
  00000002            00115 T1INSYNC=2
  00000001            00116 TMR1CS=1
  00000000            00117 TMR1ON=0
  00000006            00118 TOUTPS3=6
  00000005            00119 TOUTPS2=5
  00000004            00120 TOUTPS1=4
  00000003            00121 TOUTPS0=3
  00000002            00122 TMR2ON=2
  00000002            00123 PP_TMR2ON=2
  00000001            00124 T2CKPS1=1
  00000001            00125 PP_T2CKPS1=1
  00000000            00126 T2CKPS0=0
  00000000            00127 PP_T2CKPS0=0
  00000007            00128 WCOL=7
  00000006            00129 SSPOV=6
  00000005            00130 SSPEN=5
  00000004            00131 CKP=4
  00000003            00132 SSPM3=3
  00000002            00133 SSPM2=2
  00000001            00134 SSPM1=1
  00000000            00135 SSPM0=0
  00000005            00136 CCP1X=5
  00000004            00137 CCP1Y=4
  00000003            00138 CCP1M3=3
  00000002            00139 CCP1M2=2
  00000001            00140 CCP1M1=1
  00000000            00141 CCP1M0=0
  00000007            00142 SPEN=7
  00000006            00143 RX9=6
  00000006            00144 RC9=6
  00000006            00145 NOT_RC8=6
  00000006            00146 RC8_9=6
  00000005            00147 SREN=5
  00000004            00148 CREN=4
  00000004            00149 PP_CREN=4
  00000002            00150 FERR=2
  00000001            00151 OERR=1
  00000001            00152 PP_OERR=1
  00000000            00153 RX9D=0
  00000000            00154 RCD8=0
  00000005            00155 CCP2X=5
  00000004            00156 CCP2Y=4
  00000003            00157 CCP2M3=3
  00000002            00158 CCP2M2=2
  00000001            00159 CCP2M1=1
  00000000            00160 CCP2M0=0
  00000007            00161 ADCS1=7
  00000006            00162 ADCS0=6
  00000005            00163 CHS2=5
  00000004            00164 CHS1=4
  00000003            00165 CHS0=3
  00000002            00166 GO=2
  00000002            00167 NOT_DONE=2
  00000002            00168 GO_DONE=2
  00000002            00169 PP_GO_DONE=2
  00000000            00170 ADON=0
  00000007            00171 NOT_RBPU=7
  00000006            00172 INTEDG=6
  00000005            00173 T0CS=5
  00000004            00174 T0SE=4
  00000003            00175 PSA=3
  00000002            00176 PS2=2
  00000001            00177 PS1=1
  00000000            00178 PS0=0
  00000006            00179 ADIE=6
  00000005            00180 RCIE=5
  00000004            00181 TXIE=4
  00000003            00182 SSPIE=3
  00000002            00183 CCP1IE=2
  00000001            00184 TMR2IE=1
  00000000            00185 TMR1IE=0
  00000000            00186 CCP2IE=0
  00000001            00187 NOT_POR=1
  00000000            00188 NOT_BO=0
  00000000            00189 NOT_BOR=0
  00000007            00190 SMP=7
  00000006            00191 CKE=6
  00000005            00192 I2C_DATA=5
  00000005            00193 NOT_A=5
  00000005            00194 NOT_ADDRESS=5
  00000005            00195 D_A=5
  00000005            00196 DATA_ADDRESS=5
  00000004            00197 I2C_STOP=4
  00000003            00198 I2C_START=3
  00000002            00199 I2C_READ=2
  00000002            00200 NOT_W=2
  00000002            00201 NOT_WRITE=2
  00000002            00202 R_W=2
  00000002            00203 PP_R_W=2
  00000002            00204 READ_WRITE=2
  00000001            00205 UA=1
  00000000            00206 BF=0
  00000000            00207 PP_BF=0
  00000007            00208 CSRC=7
  00000006            00209 TX9=6
  00000006            00210 NOT_TX8=6
  00000006            00211 TX8_9=6
  00000005            00212 TXEN=5
  00000004            00213 SYNC=4
  00000002            00214 BRGH=2
  00000001            00215 TRMT=1
  00000000            00216 TX9D=0
  00000000            00217 TXD8=0
  00000002            00218 PCFG2=2
  00000001            00219 PCFG1=1
  00000000            00220 PCFG0=0
  00000000            00221 RD=0
  00000000            00222 PP_RD=0
  000001FF            00223   __MAXRAM 0X1FF
                      00224   __BADRAM 0X08-0X09
                      00225   __BADRAM 0X88-0X89, 0X8F-0X91, 0X95-0X97, 0X9A-0X9E
                      00226   __BADRAM 0X105, 0X107-0X109, 0X110-0X11F
                      00227   __BADRAM 0X185, 0X187-0X189, 0X18D-0X19F
  00003FFF            00228 BODEN_ON equ 0X3FFF
  00003FBF            00229 BODEN_OFF equ 0X3FBF
  00003FEF            00230 CP_ALL equ 0X3FEF
  00003FFF            00231 CP_OFF equ 0X3FFF
  00003FFF            00232 PWRTE_OFF equ 0X3FFF
  00003FF7            00233 PWRTE_ON equ 0X3FF7
  00003FFF            00234 WDT_ON equ 0X3FFF
  00003FFB            00235 WDT_OFF equ 0X3FFB
  00003FFC            00236 LP_OSC equ 0X3FFC
  00003FFD            00237 XT_OSC equ 0X3FFD
  00003FFE            00238 HS_OSC equ 0X3FFE
  00003FFF            00239 RC_OSC equ 0X3FFF
  00003FBF            00240 BOREN_OFF equ 0X3FBF
  00003FFF            00241 BOREN_ON equ 0X3FFF
  00003FEF            00242 CP_ON equ 0X3FEF
  00003FFE            00243 FOSC_HS equ 0X3FFE
  00003FFC            00244 FOSC_LP equ 0X3FFC
  00003FFF            00245 FOSC_RC equ 0X3FFF
  00003FFD            00246 FOSC_XT equ 0X3FFD
  00003FFB            00247 WDTE_OFF equ 0X3FFB
  00003FFF            00248 WDTE_ON equ 0X3FFF

                      00252 #define __16F73 1
                      00253 #define XTAL 20
                      00254 #define _CORE 14
                      00255 #define _MAXRAM 192
                      00256 #define _RAM_END 0X00C0
                      00257 #define _MAXMEM 4096
                      00258 #define _ADC 5
                      00259 #define _ADC_RES 8
                      00260 #define _EEPROM 0
                      00261 #define _PAGES 2
                      00262 #define _BANKS 3
                      00263 #define RAM_BANKS 2
                      00264 #define _USART 1
                      00265 #define _USB 0
                      00266 #define _FLASH 2
                      00267 #define _CWRITE_BLOCK 0
                      00268 #define BANK0_START 0X20
                      00269 #define BANK0_END 0X7F
                      00270 #define BANK1_START 0X00A0
                      00271 #define BANK1_END 0X00FF
                      00272 #define BANK2_START 0X0110
                      00273 #define BANK2_END 0X0120
                      00274 #define BANK3_START 0X0190
                      00275 #define BANK3_END 0X01A0
                      00276 #define _SYSTEM_VARIABLE_COUNT 18
  00000000            00277 ram_bank = 0
  00000000            00278 CURRENT@PAGE = 0
  00000000            00279 DEST@PAGE = 0
                      00280 #define LCD#DTPORT PORTB
                      00281 #define LCD#DTPIN 4
                      00282 #define LCD#RSPORT PORTB
                      00283 #define LCD#RSPIN 2
                      00284 #define LCD#ENPORT PORTB
                      00285 #define LCD#ENPIN 3
                      00286 #define LCD#INTERFACE 4
                      00287 #define LCD#TYPE 0
                      00289 f@call macro PDEST
                      00290 if(PDEST < 1)
                      00291 if((PDEST & 2048) == 0)
                      00292         bcf 10,3
                      00293 else
                      00294         bsf 10,3
                      00295 endif
                      00296 else
                      00297 if(PDEST > $)
                      00298 if((PDEST & 2048) == 0)
                      00299         bcf 10,3
                      00300 else
                      00301         bsf 10,3
                      00302 endif
                      00303 else
                      00304 if((PDEST & 6144) == 0)
                      00305         clrf 10
                      00306 else
                      00307 if((PDEST & 2048) == 0)
                      00308         bcf 10,3
                      00309 else
                      00310         bsf 10,3
                      00311 endif
                      00312 endif
                      00313 endif
                      00314 endif
                      00315         call PDEST
                      00316         endm
                      00317 F@JUMP macro PDEST
                      00318 if(PDEST < 1)
                      00319 if((PDEST & 2048) == 0)
                      00320         bcf 10,3
                      00321 else
                      00322         bsf 10,3
                      00323 endif
                      00324 else
                      00325 if(PDEST > $)
                      00326 if((PDEST & 2048) == 0)
                      00327         bcf 10,3
                      00328 else
                      00329         bsf 10,3
                      00330 endif
                      00331 else
                      00332 if((PDEST & 6144) == 0)
                      00333         clrf 10
                      00334 else
                      00335 if((PDEST & 2048) == 0)
                      00336         bcf 10,3
                      00337 else
                      00338         bsf 10,3
                      00339 endif
                      00340 endif
                      00341 endif
                      00342 endif
                      00343         goto PDEST
                      00344         endm
                      00345 set@page macro PDEST
                      00346 if((PDEST & 2048) == 0)
                      00347         bcf 10,3
                      00348 else
                      00349         bsf 10,3
                      00350 endif
                      00351         endm
                      00352 s@b     macro pVarin
                      00353 if((pVarin & 384) == 0)
                      00354 if(ram_bank == 1)
                      00355         bcf 3,5
                      00356 endif
                      00357 if(ram_bank == 2)
                      00358         bcf 3,6
                      00359 endif
                      00360 if(ram_bank == 3)
                      00361         bcf 3,5
                      00362         bcf 3,6
                      00363 endif
                      00364 ram_bank = 0
                      00365 endif
                      00366 if((pVarin & 384) == 128)
                      00367 if(ram_bank == 0)
                      00368         bsf 3,5
                      00369 endif
                      00370 if(ram_bank == 2)
                      00371         bsf 3,5
                      00372         bcf 3,6
                      00373 endif
                      00374 if(ram_bank == 3)
                      00375         bcf 3,6
                      00376 endif
                      00377 ram_bank = 1
                      00378 endif
                      00379 if((pVarin & 384) == 256)
                      00380 if(ram_bank == 0)
                      00381         bsf 3,6
                      00382 endif
                      00383 if(ram_bank == 1)
                      00384         bcf 3,5
                      00385         bsf 3,6
                      00386 endif
                      00387 if(ram_bank == 3)
                      00388         bcf 3,5
                      00389 endif
                      00390 ram_bank = 2
                      00391 endif
                      00392 if((pVarin & 384) == 384)
                      00393 if(ram_bank == 0)
                      00394         bsf 3,5
                      00395         bsf 3,6
                      00396 endif
                      00397 if(ram_bank == 1)
                      00398         bsf 3,6
                      00399 endif
                      00400 if(ram_bank == 2)
                      00401         bsf 3,5
                      00402 endif
                      00403 ram_bank = 3
                      00404 endif
                      00405         endm
                      00406 r@b     macro
                      00407 if((ram_bank & 1) != 0)
                      00408         bcf 3,5
                      00409 endif
                      00410 if((ram_bank & 2) != 0)
                      00411         bcf 3,6
                      00412 endif
                      00413 ram_bank = 0
                      00414         endm
                      00415 jump macro PLABEL
                      00416     goto PLABEL
                      00417     endm
                      00418 wreg_byte macro pByteOut
                      00419     s@b pByteOut
                      00420     movwf pByteOut
                      00421     r@b
                      00422     endm
                      00423 wreg_bit macro pVarOut,pBitout
                      00424     s@b pVarOut
                      00425     andlw 1
                      00426     btfsc STATUS,2
                      00427     bcf pVarOut,pBitout
                      00428     btfss STATUS,2
                      00429     bsf pVarOut,pBitout
                      00430     r@b
                      00431     endm
                      00432 wreg_word macro pWordOut
                      00433     s@b pWordOut
                      00434     movwf pWordOut
                      00435     s@b pWordOut+1
                      00436     clrf pWordOut+1
                      00437     r@b
                      00438     endm
                      00439 wreg_dword macro pDwordOut
                      00440     s@b pDwordOut+3
                      00441     clrf pDwordOut+3
                      00442     s@b pDwordOut+2
                      00443     clrf pDwordOut+2
                      00444     s@b pDwordOut+1
                      00445     clrf pDwordOut+1
                      00446     s@b pDwordOut
                      00447     movwf pDwordOut
                      00448     r@b
                      00449     endm
                      00450 byte_wreg macro pByteIn
                      00451     s@b pByteIn
                      00452     movf pByteIn,W
                      00453     r@b
                      00454     endm
                      00455 num_wreg macro pNumIn
                      00456     movlw (pNumIn & 255)
                      00457     endm
                      00458 num_byte macro pNumIn,pByteOut
                      00459     s@b pByteOut
                      00460 if(pNumIn == 0)
                      00461     clrf pByteOut
                      00462 else
                      00463     movlw (pNumIn & 255)
                      00464     movwf pByteOut
                      00465 endif
                      00466     r@b
                      00467     endm
                      00468 num_bit macro pNumIn,pVarOut,pBitout
                      00469     s@b pVarOut
                      00470 if((pNumIn & 1) == 1)
                      00471     bsf pVarOut,pBitout
                      00472 else
                      00473     bcf pVarOut,pBitout
                      00474 endif
                      00475     r@b
                      00476     endm
                      00477 num_word macro pNumIn,pWordOut
                      00478 if((pNumIn & 255) == 0)
                      00479     s@b pWordOut
                      00480     clrf pWordOut
                      00481 else
                      00482     s@b pWordOut
                      00483     movlw low (pNumIn)
                      00484     movwf pWordOut
                      00485 endif
                      00486 if(((pNumIn >> 8) & 255) == 0)
                      00487     s@b pWordOut+1
                      00488     clrf pWordOut+1
                      00489 else
                      00490     s@b pWordOut+1
                      00491     movlw high (pNumIn)
                      00492     movwf pWordOut+1
                      00493 endif
                      00494     r@b
                      00495     endm
                      00496 num_dword macro pNumIn,pDwordOut
                      00497 if ((pNumIn >> 24 & 255) == 0)
                      00498     s@b pDwordOut+3
                      00499     clrf pDwordOut+3
                      00500 else
                      00501     s@b pDwordOut+3
                      00502     movlw ((pNumIn >> 24) & 255)
                      00503     movwf pDwordOut+3
                      00504 endif
                      00505 if( ((pNumIn >> 16) & 255) == 0)
                      00506     s@b pDwordOut+2
                      00507     clrf pDwordOut+2
                      00508 else
                      00509     s@b pDwordOut+2
                      00510     movlw ((pNumIn >> 16) & 255)
                      00511     movwf pDwordOut+2
                      00512 endif
                      00513 if( ((pNumIn >> 8) & 255) == 0)
                      00514     s@b pDwordOut+1
                      00515     clrf pDwordOut+1
                      00516 else
                      00517     s@b pDwordOut+1
                      00518     movlw high (pNumIn)
                      00519     movwf pDwordOut+1
                      00520 endif
                      00521 if((pNumIn & 255) == 0)
                      00522     s@b pDwordOut
                      00523     clrf pDwordOut
                      00524 else
                      00525     s@b pDwordOut
                      00526     movlw low (pNumIn)
                      00527     movwf pDwordOut
                      00528 endif
                      00529     r@b
                      00530     endm
                      00531 bit_wreg macro pVarin,pBitIn
                      00532     s@b pVarin
                      00533     clrw
                      00534     btfsc pVarin,pBitIn
                      00535     movlw 1
                      00536     r@b
                      00537     endm
                      00538 bit_byte macro pVarin,pBitIn,pByteOut
                      00539     s@b pVarin
                      00540     clrw
                      00541     btfsc pVarin,pBitIn
                      00542     movlw 1
                      00543     s@b pByteOut
                      00544     movwf pByteOut
                      00545     r@b
                      00546     endm
                      00547 bit_bit macro pVarin,pBitIn,pVarOut,pBitout
                      00548 if((pVarin & 65408) == (pVarOut & 65408))
                      00549     s@b pVarOut
                      00550     btfsc pVarin,pBitIn
                      00551     bsf pVarOut,pBitout
                      00552     btfss pVarin,pBitIn
                      00553     bcf pVarOut,pBitout
                      00554 else
                      00555     s@b pVarin
                      00556     clrdc
                      00557     btfsc pVarin,pBitIn
                      00558     setdc
                      00559     s@b pVarOut
                      00560     skpndc
                      00561     bsf pVarOut,pBitout
                      00562     skpdc
                      00563     bcf pVarOut,pBitout
                      00564 endif
                      00565     endm
                      00566 bit_word macro pVarin,pBitIn,pWordOut
                      00567     s@b pWordOut+1
                      00568     clrf pWordOut+1
                      00569     bit_byte pVarin,pBitIn,pWordOut
                      00570     endm
                      00571 bit_dword macro pVarin,pBitIn,pDwordOut
                      00572     s@b pDwordOut+3
                      00573     clrf pDwordOut+3
                      00574     s@b pDwordOut+2
                      00575     clrf pDwordOut+2
                      00576     s@b pDwordOut+1
                      00577     clrf pDwordOut+1
                      00578     bit_byte pVarin,pBitIn,pDwordOut
                      00579     endm
                      00580 word_wreg macro pWordIn
                      00581     byte_wreg pWordIn
                      00582     endm
                      00583 word_byte macro pWordIn,pByteOut
                      00584     byte_byte pWordIn,pByteOut
                      00585     endm
                      00586 word_bit macro pWordIn,pVarOut,pBitout
                      00587     byte_bit pWordIn, pVarOut, pBitout
                      00588     endm
                      00589 word_word macro pWordIn,pWordOut
                      00590     s@b pWordIn+1
                      00591     movf pWordIn+1,W
                      00592     s@b pWordOut+1
                      00593     movwf pWordOut+1
                      00594     byte_byte pWordIn,pWordOut
                      00595     endm
                      00596 word_dword macro pWordIn,pDwordOut
                      00597     s@b pDwordOut+3
                      00598     clrf pDwordOut+3
                      00599     s@b pDwordOut+2
                      00600     clrf pDwordOut+2
                      00601     byte_byte pWordIn+1,pDwordOut+1
                      00602     byte_byte pWordIn,pDwordOut
                      00603     endm
                      00604 byte_byte macro pByteIn,pByteOut
                      00605     s@b pByteIn
                      00606     movf pByteIn,W
                      00607     s@b pByteOut
                      00608     movwf pByteOut
                      00609     r@b
                      00610     endm
                      00611 byte_word macro pByteIn,pWordOut
                      00612     s@b pWordOut+1
                      00613     clrf pWordOut+1
                      00614     byte_byte pByteIn,pWordOut
                      00615     endm
                      00616 byte_dword macro pByteIn,pDwordOut
                      00617     s@b pDwordOut+3
                      00618     clrf pDwordOut+3
                      00619     s@b pDwordOut+2
                      00620     clrf pDwordOut+2
                      00621     s@b pDwordOut+1
                      00622     clrf pDwordOut+1
                      00623     byte_byte pByteIn,pDwordOut
                      00624     endm
                      00625     byte_bit macro pByteIn,pVarOut,pBitout
                      00626 if((pByteIn & 65408) == (pVarOut & 65408))
                      00627     s@b pByteIn
                      00628     btfsc pByteIn,0
                      00629     bsf pVarOut,pBitout
                      00630     btfss pByteIn,0
                      00631     bcf pVarOut,pBitout
                      00632 else
                      00633     s@b pByteIn
                      00634     rrf pByteIn,W
                      00635     s@b pVarOut
                      00636     skpnc
                      00637     bsf pVarOut,pBitout
                      00638     skpc
                      00639     bcf pVarOut,pBitout
                      00640 endif
                      00641     r@b
                      00642     endm
                      00643 dword_wreg macro pDwordIn
                      00644     byte_wreg pDwordIn
                      00645     endm
                      00646 dword_byte macro pDwordIn,pByteOut
                      00647     byte_byte pDwordIn,pByteOut
                      00648     endm
                      00649 dword_word macro pDwordIn,pWordOut
                      00650     s@b pDwordIn+1
                      00651     movf pDwordIn+1,W
                      00652     s@b pWordOut+1
                      00653     movwf pWordOut+1
                      00654     byte_byte pDwordIn,pWordOut
                      00655     endm
                      00656 dword_dword macro pDwordIn,pDwordOut
                      00657     byte_byte pDwordIn+3,pDwordOut+3
                      00658     byte_byte pDwordIn+2,pDwordOut+2
                      00659     byte_byte pDwordIn+1,pDwordOut+1
                      00660     byte_byte pDwordIn,pDwordOut
                      00661     endm
                      00662 dword_bit macro pDwordIn,pVarOut,pBitout
                      00663     byte_bit pDwordIn,pVarOut,pBitout
                      00664     endm
  0000                00665 variable CURRENT@PAGE = 0
  0000                00666 variable PDESTINATION@PAGE = 0
                      00667 FIND@PAGE macro pLabelIn
                      00668 local CURRENT_ADDR = $
                      00669 local DEST_ADDR = pLabelIn
                      00670 if((CURRENT_ADDR >= 0X1800) && (CURRENT_ADDR <= 0X2000))
                      00671     CURRENT@PAGE = 3
                      00672 endif
                      00673 if((CURRENT_ADDR >= 0X1000) && (CURRENT_ADDR <= 0X1800))
                      00674     CURRENT@PAGE = 2
                      00675 endif
                      00676 if((CURRENT_ADDR >= 0X0800) && (CURRENT_ADDR <= 0X1000))
                      00677     CURRENT@PAGE = 1
                      00678 endif
                      00679 if((CURRENT_ADDR >= 0) && (CURRENT_ADDR <= 0X0800))
                      00680     CURRENT@PAGE = 0
                      00681 endif
                      00682 if((DEST_ADDR >= 0X1800) && (DEST_ADDR <= 0X2000))
                      00683     PDESTINATION@PAGE = 3
                      00684 endif
                      00685 if((DEST_ADDR >= 0X1000) && (DEST_ADDR <= 0X1800))
                      00686     PDESTINATION@PAGE = 2
                      00687 endif
                      00688 if((DEST_ADDR >= 0X0800) && (DEST_ADDR <= 0X1000))
                      00689     PDESTINATION@PAGE = 1
                      00690 endif
                      00691 if((DEST_ADDR >= 0) && (DEST_ADDR <= 0X0800))
                      00692     PDESTINATION@PAGE = 0
                      00693 endif
                      00694     endm
                      00695 NUM_FSR macro pNumIn
                      00696     num_byte pNumIn, FSR
                      00697 if (((pNumIn >> 8) & 255) == 1)
                      00698     bsf STATUS,7
                      00699 else
                      00700     bcf STATUS,7
                      00701 endif
                      00702     endm
                      00703 label_word macro pLabelIn,pWordOut
                      00704     movlw low (pLabelIn)
                      00705     s@b pWordOut
                      00706     movwf pWordOut
                      00707     movlw high (pLabelIn)
                      00708     s@b pWordOut
                      00709     movwf pWordOut+1
                      00710     r@b
                      00711     endm
  00000020            00714 BPF = 32
  00000021            00715 BPFH = 33
  00000022            00716 CSTR#CT = 34
  00000023            00717 GEN = 35
  00000024            00718 GEN4 = 36
  00000025            00719 GEN4H = 37
  00000026            00720 PP0 = 38
  00000027            00721 PP0H = 39
  00000028            00722 PP1 = 40
  00000029            00723 PP1H = 41
  0000002A            00724 PP2 = 42
  0000002B            00725 PP2H = 43
  0000002C            00726 PP3 = 44
  0000002D            00727 PP3H = 45
  0000002E            00728 PP4 = 46
  0000002F            00729 PP5 = 47
  00000030            00730 PP7 = 48
  00000031            00731 PP7H = 49
  00000032            00732 MQ2 = 50
  00000033            00733 MQ6 = 51
  00000034            00734 MQ135 = 52
  00000035            00735 DUST = 53
                      00736 #define __LCD_RSPORT PORTB
                      00737 #define __LCD_ENPORT PORTB
                      00738 #define __LCD_DTPORT PORTB
                      00739 #define sound_in PORTC,3
                      00740 #define MQ2_in PORTC,0
                      00741 #define dust_in PORTC,2
                      00742 #define __XTAL 20
                      00743 #define __LCD_RSPIN 2
                      00744 #define __LCD_ENPIN 3
                      00745 #define __LCD_DTPIN 4
                      00746 #define __LCD_INTERFACE 4
                      00747 #define __HSERIAL_BAUD 9600
                      00748 #define __HSERIAL_RCSTA 144
                      00749 #define __HSERIAL_TXSTA 32
  00000020            00750 HSERIAL_SPBRG = 32
  00000020            00751 HSERIAL_TXSTA = 32
  00000090            00752 HSERIAL_RCSTA = 144
  00002580            00753 HSERIAL_BAUD = 9600
0000                  00754 proton#code#start
0000                  00755         org 0
0000   2905           00756         goto proton#main#start
0001                  00757 LCD@CLS
0001   3080           00758         movlw 128
0002   00A1           00759         movwf 33
0003                  00760 CLS
0003   30FE           00761         movlw 254
0004   2098           00762         call CH@SND
0005   3001           00763         movlw 1
0006   2098           00764         call CH@SND
0007   3075           00765         movlw 117
0008   00A7           00766         movwf 39
0009   3030           00767         movlw 48
000A   28D6           00768         goto DLUS@W
000B                  00769 LCD@CRS
000B   01A1           00770         clrf 33
000C   17A1           00771         bsf 33,7
000D                  00772 CURS@
000D   00AF           00773         movwf 47
000E   30FE           00774         movlw 254
000F   2098           00775         call CH@SND
0010   082F           00776         movf 47,W
0011   2898           00777         goto CH@SND
0012                  00778 OUT@DECB
0012   01A5           00779         clrf 37
0013                  00780 OUT@DECC
0013   00AA           00781         movwf 42
0014   01AB           00782         clrf 43
0015                  00783 OUT@DEC
0015   11A0           00784         bcf 32,3
0016   0825           00785         movf 37,W
0017   1903           00786         skpnz
0018   15A0           00787         bsf 32,3
0019   3005           00788         movlw 5
001A   00A4           00789         movwf 36
001B   3027           00790         movlw 39
001C   00A9           00791         movwf 41
001D   3010           00792         movlw 16
001E   202B           00793         call D@DIG
001F   3003           00794         movlw 3
0020   00A9           00795         movwf 41
0021   30E8           00796         movlw 232
0022   202B           00797         call D@DIG
0023   01A9           00798         clrf 41
0024   3064           00799         movlw 100
0025   202B           00800         call D@DIG
0026   01A9           00801         clrf 41
0027   300A           00802         movlw 10
0028   202B           00803         call D@DIG
0029   082A           00804         movf 42,W
002A   2832           00805         goto SEND@IT
002B                  00806 D@DIG
002B   00A8           00807         movwf 40
002C   082B           00808         movf 43,W
002D   00A7           00809         movwf 39
002E   082A           00810         movf 42,W
002F   00A6           00811         movwf 38
0030   20E5           00812         call D@VD
0031   0826           00813         movf 38,W
0032                  00814 SEND@IT
0032   00A6           00815         movwf 38
0033   03A4           00816         decf 36,F
0034   1903           00817         skpnz
0035   11A0           00818         bcf 32,3
0036   0825           00819         movf 37,W
0037   1903           00820         skpnz
0038   283C           00821         goto $ + 4
0039   0224           00822         subwf 36,W
003A   1803           00823         skpnc
003B   2843           00824         goto EX@SEND@IT
003C   0826           00825         movf 38,W
003D   1D03           00826         skpz
003E   11A0           00827         bcf 32,3
003F   19A0           00828         btfsc 32,3
0040   2843           00829         goto EX@SEND@IT
0041   3E30           00830         addlw 48
0042   2898           00831         goto CH@SND
0043                  00832 EX@SEND@IT
0043   0008           00833         return
0044                  00834 PRINT
0044   00AD           00835         movwf 45
0045   1186           00836         bcf PORTB,3
0046   1106           00837         bcf PORTB,2
0047   1683           00838         bsf 3,5
0048   1186           00839         bcf PORTB,3
0049   1106           00840         bcf PORTB,2
004A   300F           00841         movlw 15
004B   0586           00842         andwf PORTB,F
004C   1283           00843         bcf 3,5
004D   082D           00844         movf 45,W
004E   18A0           00845         btfsc 32,1
004F   286E           00846         goto PRT@1
0050   303E           00847         movlw 62
0051   00A7           00848         movwf 39
0052   3080           00849         movlw 128
0053   20D6           00850         call DLUS@W
0054   3033           00851         movlw 51
0055   00AC           00852         movwf 44
0056   2082           00853         call PR@LP
0057   3013           00854         movlw 19
0058   00A7           00855         movwf 39
0059   3088           00856         movlw 136
005A   20D6           00857         call DLUS@W
005B   2082           00858         call PR@LP
005C   3064           00859         movlw 100
005D   20D5           00860         call DL@US
005E   2082           00861         call PR@LP
005F   3064           00862         movlw 100
0060   20D5           00863         call DL@US
0061   3022           00864         movlw 34
0062   00AC           00865         movwf 44
0063   2082           00866         call PR@LP
0064   3028           00867         movlw 40
0065   206D           00868         call PRT@C
0066   300C           00869         movlw 12
0067   206D           00870         call PRT@C
0068   3006           00871         movlw 6
0069   206D           00872         call PRT@C
006A   14A0           00873         bsf 32,1
006B   082D           00874         movf 45,W
006C   286E           00875         goto PRT@1
006D                  00876 PRT@C
006D   1420           00877         bsf 32,0
006E                  00878 PRT@1
006E   00AC           00879         movwf 44
006F   1C20           00880         btfss 32,0
0070   287C           00881         goto PRIT@SKP
0071   1106           00882         bcf PORTB,2
0072   3C03           00883         sublw 3
0073   1C03           00884         skpc
0074   2881           00885         goto PRT@S
0075   2081           00886         call PRT@S
0076   3007           00887         movlw 7
0077   00A7           00888         movwf 39
0078   30D0           00889         movlw 208
0079   20D6           00890         call DLUS@W
007A   1403           00891         bsf 3,0
007B   0008           00892         return
007C                  00893 PRIT@SKP
007C   1420           00894         bsf 32,0
007D   3CFE           00895         sublw 254
007E   1903           00896         skpnz
007F   2891           00897         goto PR@EX
0080   1506           00898         bsf PORTB,2
0081                  00899 PRT@S
0081   1C20           00900         btfss 32,0
0082                  00901 PR@LP
0082   1020           00902         bcf 32,0
0083   1586           00903         bsf PORTB,3
0084   300F           00904         movlw 15
0085   0586           00905         andwf PORTB,F
0086   082C           00906         movf 44,W
0087   39F0           00907         andlw 240
0088   0486           00908         iorwf PORTB,F
0089   0000           00909         nop
008A   1186           00910         bcf PORTB,3
008B   0EAC           00911         swapf 44,F
008C   0000           00912         nop
008D   1820           00913         btfsc 32,0
008E   2882           00914         goto PR@LP
008F   3032           00915         movlw 50
0090   20D5           00916         call DL@US
0091                  00917 PR@EX
0091   082D           00918         movf 45,W
0092   2901           00919         goto I@NT
0093                  00920 HRSOUT
0093   1E0C           00921         btfss 12,PP_TXIF
0094   2893           00922         goto $ - 1
0095   0099           00923         movwf 25
0096   1403           00924         bsf 3,0
0097   2901           00925         goto I@NT
0098                  00926 CH@SND
0098   1BA1           00927         btfsc 33,7
0099   2844           00928         goto PRINT
009A   1921           00929         btfsc 33,2
009B   2893           00930         goto HRSOUT
009C   0008           00931         return
009D                  00932 C@STROUT
009D   00A4           00933         movwf 36
009E                  00934 C@STROUTW
009E   01A2           00935         clrf 34
009F                  00936 C@STROUTLP
009F   0824           00937         movf 36,W
00A0   1703           00938         bsf 3,6
00A1   008D           00939         movwf 269
00A2   1303           00940         bcf 3,6
00A3   0825           00941         movf 37,W
00A4   1703           00942         bsf 3,6
00A5   008F           00943         movwf 271
00A6   20B0           00944         call C@READ
00A7   1903           00945         skpnz
00A8   2901           00946         goto I@NT
00A9   2098           00947         call CH@SND
00AA   0AA4           00948         incf 36,F
00AB   1903           00949         skpnz
00AC   0AA5           00950         incf 37,F
00AD   0FA2           00951         incfsz 34,F
00AE   289F           00952         goto C@STROUTLP
00AF   2901           00953         goto I@NT
00B0                  00954 C@READ
00B0   1683           00955         bsf 3,5
00B1   1703           00956         bsf 3,6
00B2   140C           00957         bsf 396,PP_RD
00B3   0000           00958         nop
00B4   0000           00959         nop
00B5   1283           00960         bcf 3,5
00B6   080C           00961         movf 268,W
00B7   2901           00962         goto I@NT
  00000032            00963 ADIN_STIME = 50
  00000003            00964 ADIN_TAD = 3
  00000008            00965 ADIN_RES = 8
00B8                  00966 RD@AD
00B8   00AC           00967         movwf 44
00B9   0DAC           00968         rlf 44,F
00BA   0DAC           00969         rlf 44,F
00BB   0D2C           00970         rlf 44,W
00BC   3938           00971         andlw 56
00BD   38C1           00972         iorlw 193
00BE   009F           00973         movwf 31
00BF   3032           00974         movlw 50
00C0   20D5           00975         call DL@US
00C1   151F           00976         bsf 31,PP_GO_DONE
00C2   191F           00977         btfsc 31,PP_GO_DONE
00C3   28C2           00978         goto $ - 1
00C4   01B1           00979         clrf 49
00C5   081E           00980         movf 30,W
00C6   00B0           00981         movwf 48
00C7   2901           00982         goto I@NT
00C8                  00983 DL@MS
00C8   01A9           00984         clrf 41
00C9                  00985 DLY@W
00C9   00A8           00986         movwf 40
00CA                  00987 DLY@P
00CA   30FF           00988         movlw 255
00CB   07A8           00989         addwf 40,F
00CC   1C03           00990         skpc
00CD   07A9           00991         addwf 41,F
00CE   1C03           00992         skpc
00CF   2901           00993         goto I@NT
00D0   3003           00994         movlw 3
00D1   00A7           00995         movwf 39
00D2   30E6           00996         movlw 230
00D3   20D6           00997         call DLUS@W
00D4   28CA           00998         goto DLY@P
00D5                  00999 DL@US
00D5   01A7           01000         clrf 39
00D6                  01001 DLUS@W
00D6   3EFC           01002         addlw 252
00D7   00A6           01003         movwf 38
00D8   09A7           01004         comf 39,F
00D9   1C03           01005         skpc
00DA   28E1           01006         goto $ + 7
00DB   30FF           01007         movlw 255
00DC   0000           01008         nop
00DD   07A6           01009         addwf 38,F
00DE   1803           01010         skpnc
00DF   28DC           01011         goto $ - 3
00E0   07A6           01012         addwf 38,F
00E1   0000           01013         nop
00E2   0FA7           01014         incfsz 39,F
00E3   28DB           01015         goto $ - 8
00E4   0008           01016         return
00E5                  01017 D@VD
00E5   01AB           01018         clrf 43
00E6   01AA           01019         clrf 42
00E7                  01020 D@VD2
00E7   3010           01021         movlw 16
00E8   00AC           01022         movwf 44
00E9   0D27           01023         rlf 39,W
00EA   0DAA           01024         rlf 42,F
00EB   0DAB           01025         rlf 43,F
00EC   0828           01026         movf 40,W
00ED   02AA           01027         subwf 42,F
00EE   0829           01028         movf 41,W
00EF   1C03           01029         skpc
00F0   0F29           01030         incfsz 41,W
00F1   02AB           01031         subwf 43,F
00F2   1803           01032         skpnc
00F3   28FB           01033         goto $ + 8
00F4   0828           01034         movf 40,W
00F5   07AA           01035         addwf 42,F
00F6   0829           01036         movf 41,W
00F7   1803           01037         skpnc
00F8   0F29           01038         incfsz 41,W
00F9   07AB           01039         addwf 43,F
00FA   1003           01040         bcf 3,0
00FB   0DA6           01041         rlf 38,F
00FC   0DA7           01042         rlf 39,F
00FD   0BAC           01043         decfsz 44,F
00FE   28E9           01044         goto $ - 21
00FF   0826           01045         movf 38,W
0100   0008           01046         return
0101                  01047 I@NT
0101   1383           01048         bcf 3,7
0102                  01049 I@NT2
0102   1283           01050         bcf 3,5
0103   1303           01051         bcf 3,6
0104   0008           01052         return
0105                  01053 proton#main#start
0105   0183           01054         clrf 3
0106   1683           01055         bsf 3,5
0107   3020           01056         movlw 32
0108   0099           01057         movwf 153
0109   3020           01058         movlw 32
010A   0098           01059         movwf 152
010B   1283           01060         bcf 3,5
010C   3090           01061         movlw 144
010D   0098           01062         movwf 24
010E   01A0           01063         clrf 32

  0000010F            01066 F2_SOF equ $ ; IOTAIR.PRP
  0000010F            01067 F2_EOF equ $ ; IOTAIR.PRP
  0000010F            01068 F1_SOF equ $ ; IOTAIR.BAS
  0000010F            01069 F1_000020 equ $ ; IN [IOTAIR.BAS] CLS
                      01070         f@call LCD@CLS
  00000111            01071 F1_000031 equ $ ; IN [IOTAIR.BAS] INPUT sound_in : INPUT MQ2_in : INPUT dust_in
0111   1683           01072         bsf STATUS,5
  00000001            01073 ram_bank = 1
0112   1587           01074         bsf TRISC,3
0113   1407           01075         bsf TRISC,0
0114   1507           01076         bsf TRISC,2
0115                  01077 main
0115   1283           01078         bcf STATUS,5
  00000000            01079 ram_bank = 0
  00000116            01080 F1_000040 equ $ ; IN [IOTAIR.BAS] MQ2 = ADIN 0
0116   3000           01081         movlw 0
                      01082         f@call RD@AD
0119   00B2           01083         movwf MQ2
  0000011A            01084 F1_000041 equ $ ; IN [IOTAIR.BAS] DUST = ADIN 1
011A   3001           01085         movlw 1
                      01086         f@call RD@AD
011D   00B5           01087         movwf DUST
  0000011E            01088 F1_000042 equ $ ; IN [IOTAIR.BAS] MQ6 = ADIN 3
011E   3003           01089         movlw 3
                      01090         f@call RD@AD
0121   00B3           01091         movwf MQ6
  00000122            01092 F1_000043 equ $ ; IN [IOTAIR.BAS] MQ135 = ADIN 4
0122   3004           01093         movlw 4
                      01094         f@call RD@AD
0125   00B4           01095         movwf MQ135
  00000126            01096 F1_000045 equ $ ; IN [IOTAIR.BAS] PRINT AT 1,1,"SMOKE: ", DEC MQ2,"   "
0126   3080           01097         movlw 128
0127   00A1           01098         movwf BPFH
                      01099         f@call LCD@CRS
012A   3001           01100         movlw high (STR@LB1)
012B   00A5           01101         movwf GEN4H
012C   30A1           01102         movlw low (STR@LB1)
                      01103         f@call C@STROUT
012F   0832           01104         movf MQ2,W
                      01105         f@call OUT@DECB
0132   3020           01106         movlw 32
                      01107         f@call PRINT
                      01108         f@call PRINT
                      01109         f@call PRINT
  00000139            01110 F1_000046 equ $ ; IN [IOTAIR.BAS] PRINT AT 2,1,"DUST: ", DEC DUST, "   "
0139   3080           01111         movlw 128
013A   00A1           01112         movwf BPFH
013B   30C0           01113         movlw 192
                      01114         f@call LCD@CRS
013E   3001           01115         movlw high (STR@LB2)
013F   00A5           01116         movwf GEN4H
0140   30A9           01117         movlw low (STR@LB2)
                      01118         f@call C@STROUT
0143   0835           01119         movf DUST,W
                      01120         f@call OUT@DECB
0146   3020           01121         movlw 32
                      01122         f@call PRINT
                      01123         f@call PRINT
                      01124         f@call PRINT
  0000014D            01125 F1_000047 equ $ ; IN [IOTAIR.BAS] if sound_in = 0 THEN
                      01126         set@page BC@LL2
014E   1987           01127         btfsc PORTC,3
014F   295F           01128         goto BC@LL2
  00000150            01129 F1_000048 equ $ ; IN [IOTAIR.BAS] PRINT AT 2,1, " NOISE DETECTED "
0150   3080           01130         movlw 128
0151   00A1           01131         movwf BPFH
0152   30C0           01132         movlw 192
                      01133         f@call LCD@CRS
0155   3001           01134         movlw high (STR@LB3)
0156   00A5           01135         movwf GEN4H
0157   30B0           01136         movlw low (STR@LB3)
                      01137         f@call C@STROUT
  0000015A            01138 F1_000049 equ $ ; IN [IOTAIR.BAS] DELAYMS 1000
015A   3003           01139         movlw 3
015B   00A9           01140         movwf PP1H
015C   30E8           01141         movlw 232
                      01142         f@call DLY@W
  0000015F            01143 F1_000050 equ $ ; IN [IOTAIR.BAS] endif
015F                  01144 BC@LL2
  0000015F            01145 F1_000051 equ $ ; IN [IOTAIR.BAS] HSEROUT[DEC sound_in, 13, 10]
015F   3004           01146         movlw 4
0160   00A1           01147         movwf BPFH
0161   3000           01148         movlw 0
0162   1987           01149         btfsc PORTC,3
0163   3001           01150         movlw 1
                      01151         f@call OUT@DECB
0166   300D           01152         movlw 13
                      01153         f@call HRSOUT
0169   300A           01154         movlw 10
                      01155         f@call HRSOUT
  0000016C            01156 F1_000052 equ $ ; IN [IOTAIR.BAS] HSEROUT[DEC DUST, 13, 10]
016C   3004           01157         movlw 4
016D   00A1           01158         movwf BPFH
016E   0835           01159         movf DUST,W
                      01160         f@call OUT@DECB
0171   300D           01161         movlw 13
                      01162         f@call HRSOUT
0174   300A           01163         movlw 10
                      01164         f@call HRSOUT
  00000177            01165 F1_000053 equ $ ; IN [IOTAIR.BAS] HSEROUT[DEC MQ2, 13, 10]
0177   3004           01166         movlw 4
0178   00A1           01167         movwf BPFH
0179   0832           01168         movf MQ2,W
                      01169         f@call OUT@DECB
017C   300D           01170         movlw 13
                      01171         f@call HRSOUT
017F   300A           01172         movlw 10
                      01173         f@call HRSOUT
  00000182            01174 F1_000054 equ $ ; IN [IOTAIR.BAS] HSEROUT[DEC MQ6, 13, 10]
0182   3004           01175         movlw 4
0183   00A1           01176         movwf BPFH
0184   0833           01177         movf MQ6,W
                      01178         f@call OUT@DECB
0187   300D           01179         movlw 13
                      01180         f@call HRSOUT
018A   300A           01181         movlw 10
                      01182         f@call HRSOUT
  0000018D            01183 F1_000055 equ $ ; IN [IOTAIR.BAS] HSEROUT[DEC MQ135, 13, 10]
018D   3004           01184         movlw 4
018E   00A1           01185         movwf BPFH
018F   0834           01186         movf MQ135,W
                      01187         f@call OUT@DECB
0192   300D           01188         movlw 13
                      01189         f@call HRSOUT
0195   300A           01190         movlw 10
                      01191         f@call HRSOUT
  00000198            01192 F1_000056 equ $ ; IN [IOTAIR.BAS] DELAYMS 500
0198   3001           01193         movlw 1
0199   00A9           01194         movwf PP1H
019A   30F4           01195         movlw 244
                      01196         f@call DLY@W
  0000019D            01197 F1_000057 equ $ ; IN [IOTAIR.BAS] goto main
                      01198         F@JUMP main
  0000019F            01199 F1_EOF equ $ ; IOTAIR.BAS
019F                  01200 PB@LB4
                      01201         F@JUMP PB@LB4
01A1                  01203 STR@LB1
01A1   0053 006D 006F 01204         de 83,109,111,107,101,58,32,0
       006B 0065 003A 
       0020 0000 
01A9                  01205 STR@LB2
01A9   0044 0075 0073 01206         de 68,117,115,116,58,32,0
       0074 003A 0020 
       0000 
01B0                  01207 STR@LB3
01B0   0020 004E 006F 01208         de 32,78,111,105,115,101,32,68,101,116,101,99,116,101,100,32,0
       0069 0073 0065 
       0020 0044 0065 
       0074 0065 0063 
       0074 0065 0064 
       0020 0000 
01C1                  01209 __EOF
2007   3FAA           01210 __config FOSC_HS&WDTE_OFF&PWRTE_OFF&CP_ON&BOREN_OFF
                      01211         end
MPASM  5.42                               A.S   5-25-2017  2:25:09         PAGE  2


SYMBOL TABLE
  LABEL                             VALUE 

ADCON0                            0000001F
ADCON1                            0000009F
ADCS0                             00000006
ADCS1                             00000007
ADIE                              00000006
ADIF                              00000006
ADIN_RES                          00000008
ADIN_STIME                        00000032
ADIN_TAD                          00000003
ADON                              00000000
ADRES                             0000001E
BANK0_END                         0X7F
BANK0_START                       0X20
BANK1_END                         0X00FF
BANK1_START                       0X00A0
BANK2_END                         0X0120
BANK2_START                       0X0110
BANK3_END                         0X01A0
BANK3_START                       0X0190
BC@LL2                            0000015F
BF                                00000000
BIT_BIT                           
BIT_BYTE                          
BIT_DWORD                         
BIT_WORD                          
BIT_WREG                          
BODEN_OFF                         00003FBF
BODEN_ON                          00003FFF
BOREN_OFF                         00003FBF
BOREN_ON                          00003FFF
BPF                               00000020
BPFH                              00000021
BRGH                              00000002
BYTE_BIT                          
BYTE_BYTE                         
BYTE_DWORD                        
BYTE_WORD                         
BYTE_WREG                         
C                                 00000000
C@READ                            000000B0
C@STROUT                          0000009D
C@STROUTLP                        0000009F
C@STROUTW                         0000009E
CCP1CON                           00000017
CCP1IE                            00000002
CCP1IF                            00000002
CCP1M0                            00000000
CCP1M1                            00000001
CCP1M2                            00000002
CCP1M3                            00000003
CCP1X                             00000005
CCP1Y                             00000004
CCP2CON                           0000001D
CCP2IE                            00000000
CCP2IF                            00000000
CCP2M0                            00000000
CCP2M1                            00000001
CCP2M2                            00000002
CCP2M3                            00000003
CCP2X                             00000005
CCP2Y                             00000004
CCPR1H                            00000016
CCPR1L                            00000015
CCPR1LH                           00000016
CCPR2H                            0000001C
CCPR2L                            0000001B
CCPR2LH                           0000001C
CH@SND                            00000098
CHS0                              00000003
CHS1                              00000004
CHS2                              00000005
CKE                               00000006
CKP                               00000004
CLS                               00000003
CONFIG_REQ                        1
CP_ALL                            00003FEF
CP_OFF                            00003FFF
CP_ON                             00003FEF
CREN                              00000004
CSRC                              00000007
CSTR#CT                           00000022
CURRENT@PAGE                      00000000
CURS@                             0000000D
D@DIG                             0000002B
D@VD                              000000E5
D@VD2                             000000E7
DATA_ADDRESS                      00000005
DC                                00000001
DEST@PAGE                         00000000
DL@MS                             000000C8
DL@US                             000000D5
DLUS@W                            000000D6
DLY@P                             000000CA
DLY@W                             000000C9
DUST                              00000035
DUST_IN                           PORTC,2
DWORD_BIT                         
DWORD_BYTE                        
DWORD_DWORD                       
DWORD_WORD                        
DWORD_WREG                        
D_A                               00000005
EEADR                             0000010D
EEADRH                            0000010F
EECON1                            0000018C
EEDAT                             0000010C
EEDATA                            0000010C
EEDATH                            0000010E
EEDATL                            0000010C
EEDATLH                           0000010E
EX@SEND@IT                        00000043
F1_000020                         0000010F
F1_000031                         00000111
F1_000040                         00000116
F1_000041                         0000011A
F1_000042                         0000011E
F1_000043                         00000122
F1_000045                         00000126
F1_000046                         00000139
F1_000047                         0000014D
F1_000048                         00000150
F1_000049                         0000015A
F1_000050                         0000015F
F1_000051                         0000015F
F1_000052                         0000016C
F1_000053                         00000177
F1_000054                         00000182
F1_000055                         0000018D
F1_000056                         00000198
F1_000057                         0000019D
F1_EOF                            0000019F
F1_SOF                            0000010F
F2_EOF                            0000010F
F2_SOF                            0000010F
F@CALL                            
F@JUMP                            
FERR                              00000002
FIND@PAGE                         
FOSC_HS                           00003FFE
FOSC_LP                           00003FFC
FOSC_RC                           00003FFF
FOSC_XT                           00003FFD
FSR                               00000004
GEN                               00000023
GEN4                              00000024
GEN4H                             00000025
GIE                               00000007
GO                                00000002
GO_DONE                           00000002
HRSOUT                            00000093
HSERIAL_BAUD                      00002580
HSERIAL_RCSTA                     00000090
HSERIAL_SPBRG                     00000020
HSERIAL_TXSTA                     00000020
HS_OSC                            00003FFE
I2C_DATA                          00000005
I2C_READ                          00000002
I2C_START                         00000003
I2C_STOP                          00000004
I@NT                              00000101
I@NT2                             00000102
INDF                              00000000
INTCON                            0000000B
INTE                              00000004
INTEDG                            00000006
INTF                              00000001
IRP                               00000007
JUMP                              
LABEL_WORD                        
LCD#DTPIN                         4
LCD#DTPORT                        PORTB
LCD#ENPIN                         3
LCD#ENPORT                        PORTB
LCD#INTERFACE                     4
LCD#RSPIN                         2
LCD#RSPORT                        PORTB
LCD#TYPE                          0
LCD@CLS                           00000001
LCD@CRS                           0000000B
LP_OSC                            00003FFC
MAIN                              00000115
MQ135                             00000034
MQ2                               00000032
MQ2_IN                            PORTC,0
MQ6                               00000033
NOT_A                             00000005
NOT_ADDRESS                       00000005
NOT_BO                            00000000
NOT_BOR                           00000000
NOT_DONE                          00000002
NOT_PD                            00000003
NOT_POR                           00000001
NOT_RBPU                          00000007
NOT_RC8                           00000006
NOT_T1SYNC                        00000002
NOT_TO                            00000004
NOT_TX8                           00000006
NOT_W                             00000002
NOT_WRITE                         00000002
NUM_BIT                           
NUM_BYTE                          
NUM_DWORD                         
NUM_FSR                           
NUM_WORD                          
NUM_WREG                          
OERR                              00000001
OPTION_REG                        00000081
OUT@DEC                           00000015
OUT@DECB                          00000012
OUT@DECC                          00000013
PB@LB4                            0000019F
PCFG0                             00000000
PCFG1                             00000001
PCFG2                             00000002
PCL                               00000002
PCLATH                            0000000A
PCON                              0000008E
PDESTINATION@PAGE                 00000000
PEIE                              00000006
PIE1                              0000008C
PIE2                              0000008D
PIR1                              0000000C
PIR2                              0000000D
PMADR                             0000010D
PMADRH                            0000010F
PMCON1                            0000018C
PMDATA                            0000010C
PMDATH                            0000010E
PMDATL                            0000010C
PMDATLH                           0000010E
PORTA                             00000005
PORTB                             00000006
PORTC                             00000007
PP0                               00000026
PP0H                              00000027
PP1                               00000028
PP1H                              00000029
PP2                               0000002A
PP2H                              0000002B
PP3                               0000002C
PP3H                              0000002D
PP4                               0000002E
PP5                               0000002F
PP7                               00000030
PP7H                              00000031
PP_BF                             00000000
PP_CREN                           00000004
PP_GO_DONE                        00000002
PP_OERR                           00000001
PP_RCIF                           00000005
PP_RD                             00000000
PP_R_W                            00000002
PP_T2CKPS0                        00000000
PP_T2CKPS1                        00000001
PP_TMR2ON                         00000002
PP_TXIF                           00000004
PR2                               00000092
PR@EX                             00000091
PR@LP                             00000082
PRINT                             00000044
PRIT@SKP                          0000007C
PROTON#CODE#START                 00000000
PROTON#MAIN#START                 00000105
PRT@1                             0000006E
PRT@C                             0000006D
PRT@S                             00000081
PS0                               00000000
PS1                               00000001
PS2                               00000002
PSA                               00000003
PWRTE_OFF                         00003FFF
PWRTE_ON                          00003FF7
R@B                               
RAM_BANK                          00000000
RAM_BANKS                         2
RBIE                              00000003
RBIF                              00000000
RC8_9                             00000006
RC9                               00000006
RCD8                              00000000
RCIE                              00000005
RCIF                              00000005
RCREG                             0000001A
RCSTA                             00000018
RC_OSC                            00003FFF
RD                                00000000
RD@AD                             000000B8
READ_WRITE                        00000002
RP0                               00000005
RP1                               00000006
RX9                               00000006
RX9D                              00000000
R_W                               00000002
S@B                               
SEND@IT                           00000032
SET@PAGE                          
SMP                               00000007
SOUND_IN                          PORTC,3
SPBRG                             00000099
SPEN                              00000007
SREN                              00000005
SSPADD                            00000093
SSPBUF                            00000013
SSPCON                            00000014
SSPEN                             00000005
SSPIE                             00000003
SSPIF                             00000003
SSPM0                             00000000
SSPM1                             00000001
SSPM2                             00000002
SSPM3                             00000003
SSPOV                             00000006
SSPSTAT                           00000094
STATUS                            00000003
STR@LB1                           000001A1
STR@LB2                           000001A9
STR@LB3                           000001B0
SYNC                              00000004
T0CS                              00000005
T0IE                              00000005
T0IF                              00000002
T0SE                              00000004
T1CKPS0                           00000004
T1CKPS1                           00000005
T1CON                             00000010
T1INSYNC                          00000002
T1OSCEN                           00000003
T2CKPS0                           00000000
T2CKPS1                           00000001
T2CON                             00000012
TMR0                              00000001
TMR1CS                            00000001
TMR1H                             0000000F
TMR1IE                            00000000
TMR1IF                            00000000
TMR1L                             0000000E
TMR1LH                            0000000F
TMR1ON                            00000000
TMR2                              00000011
TMR2IE                            00000001
TMR2IF                            00000001
TMR2ON                            00000002
TOUTPS0                           00000003
TOUTPS1                           00000004
TOUTPS2                           00000005
TOUTPS3                           00000006
TRISA                             00000085
TRISB                             00000086
TRISC                             00000087
TRMT                              00000001
TX8_9                             00000006
TX9                               00000006
TX9D                              00000000
TXD8                              00000000
TXEN                              00000005
TXIE                              00000004
TXIF                              00000004
TXREG                             00000019
TXSTA                             00000098
UA                                00000001
WCOL                              00000007
WDTE_OFF                          00003FFB
WDTE_ON                           00003FFF
WDT_OFF                           00003FFB
WDT_ON                            00003FFF
WORD_BIT                          
WORD_BYTE                         
WORD_DWORD                        
WORD_WORD                         
WORD_WREG                         
WREG_BIT                          
WREG_BYTE                         
WREG_DWORD                        
WREG_WORD                         
XTAL                              20
XT_OSC                            00003FFD
Z                                 00000002
_ADC                              5
_ADC_RES                          8
_BANKS                            3
_CORE                             14
_CWRITE_BLOCK                     0
_EEPROM                           0
_FLASH                            2
_I2C_SCL_PIN                      00000003
_I2C_SCL_PORT                     00000087
_I2C_SDA_PIN                      00000004
_I2C_SDA_PORT                     00000087
_MAXMEM                           4096
_MAXRAM                           192
_PAGES                            2
_RAM_END                          0X00C0
_SYSTEM_VARIABLE_COUNT            18
_USART                            1
_USB                              0
__16F73                           1
__EOF                             000001C1
__HSERIAL_BAUD                    9600
__HSERIAL_RCSTA                   144
__HSERIAL_TXSTA                   32
__LCD_DTPIN                       4
__LCD_DTPORT                      PORTB
__LCD_ENPIN                       3
__LCD_ENPORT                      PORTB
__LCD_INTERFACE                   4
__LCD_RSPIN                       2
__LCD_RSPORT                      PORTB
__XTAL                            20


MEMORY USAGE MAP ('X' = USED,  '-' = UNUSED)

0000 : XXXXXXXXXXXXXXXX XXXXXXXXXXXXXXXX XXXXXXXXXXXXXXXX XXXXXXXXXXXXXXXX
0040 : XXXXXXXXXXXXXXXX XXXXXXXXXXXXXXXX XXXXXXXXXXXXXXXX XXXXXXXXXXXXXXXX
0080 : XXXXXXXXXXXXXXXX XXXXXXXXXXXXXXXX XXXXXXXXXXXXXXXX XXXXXXXXXXXXXXXX
00C0 : XXXXXXXXXXXXXXXX XXXXXXXXXXXXXXXX XXXXXXXXXXXXXXXX XXXXXXXXXXXXXXXX
0100 : XXXXXXXXXXXXXXXX XXXXXXXXXXXXXXXX XXXXXXXXXXXXXXXX XXXXXXXXXXXXXXXX
0140 : XXXXXXXXXXXXXXXX XXXXXXXXXXXXXXXX XXXXXXXXXXXXXXXX XXXXXXXXXXXXXXXX
0180 : XXXXXXXXXXXXXXXX XXXXXXXXXXXXXXXX XXXXXXXXXXXXXXXX XXXXXXXXXXXXXXXX
01C0 : X--------------- ---------------- ---------------- ----------------
2000 : -------X-------- ---------------- ---------------- ----------------

ALL OTHER MEMORY BLOCKS UNUSED.

PROGRAM MEMORY WORDS USED:   449
PROGRAM MEMORY WORDS FREE:  3647


ERRORS   :     0
WARNINGS :     0 REPORTED,   241 SUPPRESSED
MESSAGES :     1 REPORTED,    10 SUPPRESSED


