;  LST file generated by mikroListExporter - v.2.0 
; Date/Time: 18-Aug-18 2:17:50 AM
;----------------------------------------------

;Address Opcode 	ASM
0x0000	0x2C0B      	GOTO       1035
_Interrupt:
0x0004	0x00FF      	MOVWF      R15
0x0005	0x0E03      	SWAPF      STATUS, 0
0x0006	0x0183      	CLRF       STATUS
0x0007	0x00B1      	MOVWF      ___saveSTATUS
0x0008	0x080A      	MOVF       PCLATH, 0
0x0009	0x00B0      	MOVWF      ___savePCLATH
0x000A	0x018A      	CLRF       PCLATH
0x000B	0x0870      	MOVF       R0, 0
0x000C	0x00A0      	MOVWF      32
;pumpMotor.c,33 :: 		void Interrupt(){
;pumpMotor.c,34 :: 		if (TMR1IF_bit){
0x000D	0x1C0C      	BTFSS      TMR1IF_bit, BitPos(TMR1IF_bit+0)
0x000E	0x2821      	GOTO       L_Interrupt0
;pumpMotor.c,35 :: 		TMR1IF_bit = 0;
0x000F	0x100C      	BCF        TMR1IF_bit, BitPos(TMR1IF_bit+0)
;pumpMotor.c,36 :: 		TMR1H = 0x3C;
0x0010	0x303C      	MOVLW      60
0x0011	0x008F      	MOVWF      TMR1H
;pumpMotor.c,37 :: 		TMR1L = 0xB0;
0x0012	0x30B0      	MOVLW      176
0x0013	0x008E      	MOVWF      TMR1L
;pumpMotor.c,38 :: 		anime++;
0x0014	0x0AA1      	INCF       _anime, 1
;pumpMotor.c,39 :: 		counter++;
0x0015	0x0AA4      	INCF       _counter, 1
;pumpMotor.c,40 :: 		if(anime > 5) anime = 0;
0x0016	0x0821      	MOVF       _anime, 0
0x0017	0x3C05      	SUBLW      5
0x0018	0x1803      	BTFSC      STATUS, 0
0x0019	0x281B      	GOTO       L_Interrupt1
0x001A	0x01A1      	CLRF       _anime
L_Interrupt1:
;pumpMotor.c,41 :: 		if(counter == 10){
0x001B	0x0824      	MOVF       _counter, 0
0x001C	0x3A0A      	XORLW      10
0x001D	0x1D03      	BTFSS      STATUS, 2
0x001E	0x2821      	GOTO       L_Interrupt2
;pumpMotor.c,42 :: 		counter = 0;
0x001F	0x01A4      	CLRF       _counter
;pumpMotor.c,43 :: 		secFlag = 1;
0x0020	0x14A5      	BSF        _secFlag, BitPos(_secFlag+0)
;pumpMotor.c,44 :: 		}
L_Interrupt2:
;pumpMotor.c,45 :: 		}
L_Interrupt0:
;pumpMotor.c,46 :: 		}
L_end_Interrupt:
L__Interrupt117:
0x0021	0x0820      	MOVF       32, 0
0x0022	0x00F0      	MOVWF      R0
0x0023	0x0830      	MOVF       ___savePCLATH, 0
0x0024	0x008A      	MOVWF      PCLATH
0x0025	0x0E31      	SWAPF      ___saveSTATUS, 0
0x0026	0x0083      	MOVWF      STATUS
0x0027	0x0EFF      	SWAPF      R15, 1
0x0028	0x0E7F      	SWAPF      R15, 0
0x0029	0x0009      	RETFIE
; end of _Interrupt
__Lib_SoftI2C_PutZerosToLATSda:
;__Lib_SoftI2C.c,28 :: 		
;__Lib_SoftI2C.c,36 :: 		
0x002A	0x3007      	MOVLW      Soft_I2C_Sda
;__Lib_SoftI2C.c,37 :: 		
0x002B	0x0084      	MOVWF      FSR
;__Lib_SoftI2C.c,38 :: 		
0x002C	0x0800      	MOVF       INDF, 0
;__Lib_SoftI2C.c,39 :: 		
0x002D	0x0800      	MOVF       INDF, 0
0x002E	0x1283      	BCF        STATUS, 5
0x002F	0x1303      	BCF        STATUS, 6
0x0030	0x00F0      	MOVWF      R0
;__Lib_SoftI2C.c,41 :: 		
0x0031	0x1270      	BCF        R0, BitPos(Soft_I2C_Sda+0)
;__Lib_SoftI2C.c,43 :: 		
0x0032	0x0870      	MOVF       R0, 0
0x0033	0x0080      	MOVWF      INDF
;__Lib_SoftI2C.c,44 :: 		
L_end_PutZerosToLATSda:
0x0034	0x0008      	RETURN
; end of __Lib_SoftI2C_PutZerosToLATSda
__Lib_SoftI2C_PutZerosToLATScl:
;__Lib_SoftI2C.c,45 :: 		
;__Lib_SoftI2C.c,53 :: 		
0x0035	0x3007      	MOVLW      Soft_I2C_Scl
;__Lib_SoftI2C.c,54 :: 		
0x0036	0x0084      	MOVWF      FSR
;__Lib_SoftI2C.c,55 :: 		
0x0037	0x0800      	MOVF       INDF, 0
;__Lib_SoftI2C.c,56 :: 		
0x0038	0x0800      	MOVF       INDF, 0
0x0039	0x1283      	BCF        STATUS, 5
0x003A	0x1303      	BCF        STATUS, 6
0x003B	0x00F0      	MOVWF      R0
;__Lib_SoftI2C.c,59 :: 		
0x003C	0x11F0      	BCF        R0, BitPos(Soft_I2C_Scl+0)
;__Lib_SoftI2C.c,61 :: 		
0x003D	0x0870      	MOVF       R0, 0
0x003E	0x0080      	MOVWF      INDF
;__Lib_SoftI2C.c,62 :: 		
L_end_PutZerosToLATScl:
0x003F	0x0008      	RETURN
; end of __Lib_SoftI2C_PutZerosToLATScl
_clearDigit:
;pumpMotor.c,48 :: 		void clearDigit(){
;pumpMotor.c,49 :: 		digit1 = 1; digit2 = 1; digit3 = 1;
0x0040	0x1283      	BCF        STATUS, 5
0x0041	0x1303      	BCF        STATUS, 6
0x0042	0x1687      	BSF        RC5_bit, BitPos(RC5_bit+0)
0x0043	0x1487      	BSF        RC1_bit, BitPos(RC1_bit+0)
0x0044	0x1507      	BSF        RC2_bit, BitPos(RC2_bit+0)
;pumpMotor.c,50 :: 		digit4 = 1; digit5 = 1;
0x0045	0x1707      	BSF        RC6_bit, BitPos(RC6_bit+0)
0x0046	0x1787      	BSF        RC7_bit, BitPos(RC7_bit+0)
;pumpMotor.c,51 :: 		}
L_end_clearDigit:
0x0047	0x0008      	RETURN
; end of _clearDigit
_Delay_1us:
;__Lib_Delays.c,7 :: 		void Delay_1us() {
;__Lib_Delays.c,8 :: 		Delay_us(1);
0x0048	0x0000      	NOP
0x0049	0x0000      	NOP
;__Lib_Delays.c,9 :: 		}
L_end_Delay_1us:
0x004A	0x0008      	RETURN
; end of _Delay_1us
_mask:
;pumpMotor.c,53 :: 		void mask(char val){
;pumpMotor.c,54 :: 		RB0_bit = val.b6;
0x004B	0x1283      	BCF        STATUS, 5
0x004C	0x1303      	BCF        STATUS, 6
0x004D	0x1B3F      	BTFSC      FARG_mask_val, 6
0x004E	0x2851      	GOTO       L__mask120
0x004F	0x1006      	BCF        RB0_bit, BitPos(RB0_bit+0)
0x0050	0x2852      	GOTO       L__mask121
L__mask120:
0x0051	0x1406      	BSF        RB0_bit, BitPos(RB0_bit+0)
L__mask121:
;pumpMotor.c,55 :: 		RB1_bit = val.b5;
0x0052	0x1ABF      	BTFSC      FARG_mask_val, 5
0x0053	0x2856      	GOTO       L__mask122
0x0054	0x1086      	BCF        RB1_bit, BitPos(RB1_bit+0)
0x0055	0x2857      	GOTO       L__mask123
L__mask122:
0x0056	0x1486      	BSF        RB1_bit, BitPos(RB1_bit+0)
L__mask123:
;pumpMotor.c,56 :: 		RB2_bit = val.b0;
0x0057	0x183F      	BTFSC      FARG_mask_val, 0
0x0058	0x285B      	GOTO       L__mask124
0x0059	0x1106      	BCF        RB2_bit, BitPos(RB2_bit+0)
0x005A	0x285C      	GOTO       L__mask125
L__mask124:
0x005B	0x1506      	BSF        RB2_bit, BitPos(RB2_bit+0)
L__mask125:
;pumpMotor.c,57 :: 		RB3_bit = val.b1;
0x005C	0x18BF      	BTFSC      FARG_mask_val, 1
0x005D	0x2860      	GOTO       L__mask126
0x005E	0x1186      	BCF        RB3_bit, BitPos(RB3_bit+0)
0x005F	0x2861      	GOTO       L__mask127
L__mask126:
0x0060	0x1586      	BSF        RB3_bit, BitPos(RB3_bit+0)
L__mask127:
;pumpMotor.c,58 :: 		RB4_bit = val.b2;
0x0061	0x193F      	BTFSC      FARG_mask_val, 2
0x0062	0x2865      	GOTO       L__mask128
0x0063	0x1206      	BCF        RB4_bit, BitPos(RB4_bit+0)
0x0064	0x2866      	GOTO       L__mask129
L__mask128:
0x0065	0x1606      	BSF        RB4_bit, BitPos(RB4_bit+0)
L__mask129:
;pumpMotor.c,59 :: 		RB5_bit = val.b3;
0x0066	0x19BF      	BTFSC      FARG_mask_val, 3
0x0067	0x286A      	GOTO       L__mask130
0x0068	0x1286      	BCF        RB5_bit, BitPos(RB5_bit+0)
0x0069	0x286B      	GOTO       L__mask131
L__mask130:
0x006A	0x1686      	BSF        RB5_bit, BitPos(RB5_bit+0)
L__mask131:
;pumpMotor.c,60 :: 		RB6_bit = val.b4;
0x006B	0x1A3F      	BTFSC      FARG_mask_val, 4
0x006C	0x286F      	GOTO       L__mask132
0x006D	0x1306      	BCF        RB6_bit, BitPos(RB6_bit+0)
0x006E	0x2870      	GOTO       L__mask133
L__mask132:
0x006F	0x1706      	BSF        RB6_bit, BitPos(RB6_bit+0)
L__mask133:
;pumpMotor.c,61 :: 		}
L_end_mask:
0x0070	0x0008      	RETURN
; end of _mask
_Soft_I2C_Start:
;__Lib_SoftI2C.c,147 :: 		
;__Lib_SoftI2C.c,148 :: 		
0x0071	0x1683      	BSF        STATUS, 5
0x0072	0x1303      	BCF        STATUS, 6
0x0073	0x1607      	BSF        Soft_I2C_Sda_Direction, BitPos(Soft_I2C_Sda_Direction+0)
;__Lib_SoftI2C.c,150 :: 		
0x0074	0x2048      	CALL       _Delay_1us
0x0075	0x2048      	CALL       _Delay_1us
;__Lib_SoftI2C.c,152 :: 		
0x0076	0x1587      	BSF        Soft_I2C_Scl_Direction, BitPos(Soft_I2C_Scl_Direction+0)
;__Lib_SoftI2C.c,154 :: 		
0x0077	0x2048      	CALL       _Delay_1us
0x0078	0x2048      	CALL       _Delay_1us
;__Lib_SoftI2C.c,156 :: 		
0x0079	0x202A      	CALL       __Lib_SoftI2C_PutZerosToLATSda
;__Lib_SoftI2C.c,157 :: 		
0x007A	0x1683      	BSF        STATUS, 5
0x007B	0x1207      	BCF        Soft_I2C_Sda_Direction, BitPos(Soft_I2C_Sda_Direction+0)
;__Lib_SoftI2C.c,159 :: 		
0x007C	0x2048      	CALL       _Delay_1us
0x007D	0x2048      	CALL       _Delay_1us
;__Lib_SoftI2C.c,161 :: 		
0x007E	0x2035      	CALL       __Lib_SoftI2C_PutZerosToLATScl
;__Lib_SoftI2C.c,162 :: 		
0x007F	0x1683      	BSF        STATUS, 5
0x0080	0x1187      	BCF        Soft_I2C_Scl_Direction, BitPos(Soft_I2C_Scl_Direction+0)
;__Lib_SoftI2C.c,165 :: 		
L_end_Soft_I2C_Start:
0x0081	0x0008      	RETURN
; end of _Soft_I2C_Start
_Soft_I2C_Write:
;__Lib_SoftI2C.c,194 :: 		
;__Lib_SoftI2C.c,195 :: 		
0x0082	0x3001      	MOVLW      1
0x0083	0x1283      	BCF        STATUS, 5
0x0084	0x1303      	BCF        STATUS, 6
0x0085	0x00BD      	MOVWF      Soft_I2C_Write_result_L0
0x0086	0x3000      	MOVLW      0
0x0087	0x00BE      	MOVWF      Soft_I2C_Write_result_L0+1
;__Lib_SoftI2C.c,197 :: 		
0x0088	0x3080      	MOVLW      128
0x0089	0x00BB      	MOVWF      Soft_I2C_Write_temp_L0
0x008A	0x01BC      	CLRF       Soft_I2C_Write_temp_L0+1
;__Lib_SoftI2C.c,199 :: 		
L_Soft_I2C_Write16:
0x008B	0x083B      	MOVF       Soft_I2C_Write_temp_L0, 0
0x008C	0x043C      	IORWF      Soft_I2C_Write_temp_L0+1, 0
0x008D	0x1903      	BTFSC      STATUS, 2
0x008E	0x28B8      	GOTO       L_Soft_I2C_Write17
;__Lib_SoftI2C.c,200 :: 		
0x008F	0x2048      	CALL       _Delay_1us
0x0090	0x2048      	CALL       _Delay_1us
;__Lib_SoftI2C.c,201 :: 		
0x0091	0x2048      	CALL       _Delay_1us
0x0092	0x2048      	CALL       _Delay_1us
;__Lib_SoftI2C.c,203 :: 		
0x0093	0x2035      	CALL       __Lib_SoftI2C_PutZerosToLATScl
;__Lib_SoftI2C.c,204 :: 		
0x0094	0x1683      	BSF        STATUS, 5
0x0095	0x1187      	BCF        Soft_I2C_Scl_Direction, BitPos(Soft_I2C_Scl_Direction+0)
;__Lib_SoftI2C.c,206 :: 		
0x0096	0x2048      	CALL       _Delay_1us
0x0097	0x2048      	CALL       _Delay_1us
;__Lib_SoftI2C.c,208 :: 		
0x0098	0x1283      	BCF        STATUS, 5
0x0099	0x083B      	MOVF       Soft_I2C_Write_temp_L0, 0
0x009A	0x053A      	ANDWF      FARG_Soft_I2C_Write_data_, 0
0x009B	0x00F0      	MOVWF      R0
0x009C	0x3000      	MOVLW      0
0x009D	0x053C      	ANDWF      Soft_I2C_Write_temp_L0+1, 0
0x009E	0x00F1      	MOVWF      R0+1
0x009F	0x0870      	MOVF       R0, 0
0x00A0	0x0471      	IORWF      R0+1, 0
0x00A1	0x1903      	BTFSC      STATUS, 2
0x00A2	0x28A6      	GOTO       L_Soft_I2C_Write18
;__Lib_SoftI2C.c,209 :: 		
0x00A3	0x1683      	BSF        STATUS, 5
0x00A4	0x1607      	BSF        Soft_I2C_Sda_Direction, BitPos(Soft_I2C_Sda_Direction+0)
;__Lib_SoftI2C.c,210 :: 		
0x00A5	0x28A9      	GOTO       L_Soft_I2C_Write19
L_Soft_I2C_Write18:
;__Lib_SoftI2C.c,212 :: 		
0x00A6	0x202A      	CALL       __Lib_SoftI2C_PutZerosToLATSda
;__Lib_SoftI2C.c,213 :: 		
0x00A7	0x1683      	BSF        STATUS, 5
0x00A8	0x1207      	BCF        Soft_I2C_Sda_Direction, BitPos(Soft_I2C_Sda_Direction+0)
;__Lib_SoftI2C.c,214 :: 		
L_Soft_I2C_Write19:
;__Lib_SoftI2C.c,216 :: 		
0x00A9	0x2048      	CALL       _Delay_1us
0x00AA	0x2048      	CALL       _Delay_1us
;__Lib_SoftI2C.c,218 :: 		
0x00AB	0x1587      	BSF        Soft_I2C_Scl_Direction, BitPos(Soft_I2C_Scl_Direction+0)
;__Lib_SoftI2C.c,220 :: 		
0x00AC	0x1283      	BCF        STATUS, 5
0x00AD	0x1025      	BCF        __Lib_SoftI2C___StopWaiting, BitPos(__Lib_SoftI2C___StopWaiting+0)
;__Lib_SoftI2C.c,221 :: 		
L_Soft_I2C_Write20:
0x00AE	0x1987      	BTFSC      Soft_I2C_Scl, BitPos(Soft_I2C_Scl+0)
0x00AF	0x28B4      	GOTO       L_Soft_I2C_Write21
;__Lib_SoftI2C.c,222 :: 		
0x00B0	0x1C25      	BTFSS      __Lib_SoftI2C___StopWaiting, BitPos(__Lib_SoftI2C___StopWaiting+0)
0x00B1	0x28B3      	GOTO       L_Soft_I2C_Write22
;__Lib_SoftI2C.c,223 :: 		
0x00B2	0x28B4      	GOTO       L_Soft_I2C_Write21
L_Soft_I2C_Write22:
0x00B3	0x28AE      	GOTO       L_Soft_I2C_Write20
L_Soft_I2C_Write21:
;__Lib_SoftI2C.c,225 :: 		
0x00B4	0x0CBC      	RRF        Soft_I2C_Write_temp_L0+1, 1
0x00B5	0x0CBB      	RRF        Soft_I2C_Write_temp_L0, 1
0x00B6	0x13BC      	BCF        Soft_I2C_Write_temp_L0+1, 7
;__Lib_SoftI2C.c,226 :: 		
0x00B7	0x288B      	GOTO       L_Soft_I2C_Write16
L_Soft_I2C_Write17:
;__Lib_SoftI2C.c,228 :: 		
0x00B8	0x01BD      	CLRF       Soft_I2C_Write_result_L0
0x00B9	0x01BE      	CLRF       Soft_I2C_Write_result_L0+1
;__Lib_SoftI2C.c,230 :: 		
0x00BA	0x2048      	CALL       _Delay_1us
0x00BB	0x2048      	CALL       _Delay_1us
;__Lib_SoftI2C.c,232 :: 		
0x00BC	0x2035      	CALL       __Lib_SoftI2C_PutZerosToLATScl
;__Lib_SoftI2C.c,233 :: 		
0x00BD	0x1683      	BSF        STATUS, 5
0x00BE	0x1187      	BCF        Soft_I2C_Scl_Direction, BitPos(Soft_I2C_Scl_Direction+0)
;__Lib_SoftI2C.c,235 :: 		
0x00BF	0x2048      	CALL       _Delay_1us
0x00C0	0x2048      	CALL       _Delay_1us
;__Lib_SoftI2C.c,237 :: 		
0x00C1	0x1607      	BSF        Soft_I2C_Sda_Direction, BitPos(Soft_I2C_Sda_Direction+0)
;__Lib_SoftI2C.c,239 :: 		
0x00C2	0x2048      	CALL       _Delay_1us
0x00C3	0x2048      	CALL       _Delay_1us
;__Lib_SoftI2C.c,240 :: 		
0x00C4	0x2048      	CALL       _Delay_1us
0x00C5	0x2048      	CALL       _Delay_1us
;__Lib_SoftI2C.c,242 :: 		
0x00C6	0x1587      	BSF        Soft_I2C_Scl_Direction, BitPos(Soft_I2C_Scl_Direction+0)
;__Lib_SoftI2C.c,244 :: 		
0x00C7	0x1283      	BCF        STATUS, 5
0x00C8	0x1025      	BCF        __Lib_SoftI2C___StopWaiting, BitPos(__Lib_SoftI2C___StopWaiting+0)
;__Lib_SoftI2C.c,245 :: 		
L_Soft_I2C_Write23:
0x00C9	0x1987      	BTFSC      Soft_I2C_Scl, BitPos(Soft_I2C_Scl+0)
0x00CA	0x28CF      	GOTO       L_Soft_I2C_Write24
;__Lib_SoftI2C.c,246 :: 		
0x00CB	0x1C25      	BTFSS      __Lib_SoftI2C___StopWaiting, BitPos(__Lib_SoftI2C___StopWaiting+0)
0x00CC	0x28CE      	GOTO       L_Soft_I2C_Write25
;__Lib_SoftI2C.c,247 :: 		
0x00CD	0x28CF      	GOTO       L_Soft_I2C_Write24
L_Soft_I2C_Write25:
0x00CE	0x28C9      	GOTO       L_Soft_I2C_Write23
L_Soft_I2C_Write24:
;__Lib_SoftI2C.c,249 :: 		
0x00CF	0x01BD      	CLRF       Soft_I2C_Write_result_L0
0x00D0	0x01BE      	CLRF       Soft_I2C_Write_result_L0+1
;__Lib_SoftI2C.c,251 :: 		
0x00D1	0x2048      	CALL       _Delay_1us
0x00D2	0x2048      	CALL       _Delay_1us
;__Lib_SoftI2C.c,253 :: 		
0x00D3	0x1E07      	BTFSS      Soft_I2C_Sda, BitPos(Soft_I2C_Sda+0)
0x00D4	0x28D6      	GOTO       L_Soft_I2C_Write26
;__Lib_SoftI2C.c,254 :: 		
0x00D5	0x143D      	BSF        Soft_I2C_Write_result_L0, 0
L_Soft_I2C_Write26:
;__Lib_SoftI2C.c,256 :: 		
0x00D6	0x2048      	CALL       _Delay_1us
0x00D7	0x2048      	CALL       _Delay_1us
;__Lib_SoftI2C.c,257 :: 		
0x00D8	0x2048      	CALL       _Delay_1us
0x00D9	0x2048      	CALL       _Delay_1us
;__Lib_SoftI2C.c,258 :: 		
0x00DA	0x2048      	CALL       _Delay_1us
0x00DB	0x2048      	CALL       _Delay_1us
;__Lib_SoftI2C.c,259 :: 		
0x00DC	0x2048      	CALL       _Delay_1us
0x00DD	0x2048      	CALL       _Delay_1us
;__Lib_SoftI2C.c,260 :: 		
0x00DE	0x2048      	CALL       _Delay_1us
0x00DF	0x2048      	CALL       _Delay_1us
;__Lib_SoftI2C.c,261 :: 		
0x00E0	0x2048      	CALL       _Delay_1us
0x00E1	0x2048      	CALL       _Delay_1us
;__Lib_SoftI2C.c,262 :: 		
0x00E2	0x2048      	CALL       _Delay_1us
0x00E3	0x2048      	CALL       _Delay_1us
;__Lib_SoftI2C.c,263 :: 		
0x00E4	0x2048      	CALL       _Delay_1us
0x00E5	0x2048      	CALL       _Delay_1us
;__Lib_SoftI2C.c,265 :: 		
0x00E6	0x2035      	CALL       __Lib_SoftI2C_PutZerosToLATScl
;__Lib_SoftI2C.c,266 :: 		
0x00E7	0x1683      	BSF        STATUS, 5
0x00E8	0x1187      	BCF        Soft_I2C_Scl_Direction, BitPos(Soft_I2C_Scl_Direction+0)
;__Lib_SoftI2C.c,267 :: 		
0x00E9	0x202A      	CALL       __Lib_SoftI2C_PutZerosToLATSda
;__Lib_SoftI2C.c,268 :: 		
0x00EA	0x1683      	BSF        STATUS, 5
0x00EB	0x1207      	BCF        Soft_I2C_Sda_Direction, BitPos(Soft_I2C_Sda_Direction+0)
;__Lib_SoftI2C.c,270 :: 		
0x00EC	0x1283      	BCF        STATUS, 5
0x00ED	0x083D      	MOVF       Soft_I2C_Write_result_L0, 0
0x00EE	0x00F0      	MOVWF      R0
;__Lib_SoftI2C.c,271 :: 		
L_end_Soft_I2C_Write:
0x00EF	0x0008      	RETURN
; end of _Soft_I2C_Write
_Soft_I2C_Stop:
;__Lib_SoftI2C.c,168 :: 		
;__Lib_SoftI2C.c,170 :: 		
0x00F0	0x202A      	CALL       __Lib_SoftI2C_PutZerosToLATSda
;__Lib_SoftI2C.c,171 :: 		
0x00F1	0x1683      	BSF        STATUS, 5
0x00F2	0x1207      	BCF        Soft_I2C_Sda_Direction, BitPos(Soft_I2C_Sda_Direction+0)
;__Lib_SoftI2C.c,173 :: 		
0x00F3	0x2048      	CALL       _Delay_1us
0x00F4	0x2048      	CALL       _Delay_1us
;__Lib_SoftI2C.c,175 :: 		
0x00F5	0x1587      	BSF        Soft_I2C_Scl_Direction, BitPos(Soft_I2C_Scl_Direction+0)
;__Lib_SoftI2C.c,177 :: 		
0x00F6	0x1283      	BCF        STATUS, 5
0x00F7	0x1025      	BCF        __Lib_SoftI2C___StopWaiting, BitPos(__Lib_SoftI2C___StopWaiting+0)
;__Lib_SoftI2C.c,178 :: 		
L_Soft_I2C_Stop13:
0x00F8	0x1987      	BTFSC      Soft_I2C_Scl, BitPos(Soft_I2C_Scl+0)
0x00F9	0x28FE      	GOTO       L_Soft_I2C_Stop14
;__Lib_SoftI2C.c,179 :: 		
0x00FA	0x1C25      	BTFSS      __Lib_SoftI2C___StopWaiting, BitPos(__Lib_SoftI2C___StopWaiting+0)
0x00FB	0x28FD      	GOTO       L_Soft_I2C_Stop15
;__Lib_SoftI2C.c,180 :: 		
0x00FC	0x28FE      	GOTO       L_Soft_I2C_Stop14
L_Soft_I2C_Stop15:
0x00FD	0x28F8      	GOTO       L_Soft_I2C_Stop13
L_Soft_I2C_Stop14:
;__Lib_SoftI2C.c,182 :: 		
0x00FE	0x2048      	CALL       _Delay_1us
0x00FF	0x2048      	CALL       _Delay_1us
;__Lib_SoftI2C.c,183 :: 		
0x0100	0x2048      	CALL       _Delay_1us
0x0101	0x2048      	CALL       _Delay_1us
;__Lib_SoftI2C.c,184 :: 		
0x0102	0x2048      	CALL       _Delay_1us
0x0103	0x2048      	CALL       _Delay_1us
;__Lib_SoftI2C.c,185 :: 		
0x0104	0x2048      	CALL       _Delay_1us
0x0105	0x2048      	CALL       _Delay_1us
;__Lib_SoftI2C.c,187 :: 		
0x0106	0x1683      	BSF        STATUS, 5
0x0107	0x1607      	BSF        Soft_I2C_Sda_Direction, BitPos(Soft_I2C_Sda_Direction+0)
;__Lib_SoftI2C.c,189 :: 		
0x0108	0x2048      	CALL       _Delay_1us
0x0109	0x2048      	CALL       _Delay_1us
;__Lib_SoftI2C.c,190 :: 		
L_end_Soft_I2C_Stop:
0x010A	0x0008      	RETURN
; end of _Soft_I2C_Stop
_Div_8X8_U:
;__Lib_Math.c,189 :: 		
;__Lib_Math.c,196 :: 		
0x010B	0x1283      	BCF        STATUS, 5
;__Lib_Math.c,197 :: 		
0x010C	0x1303      	BCF        STATUS, 6
;__Lib_Math.c,198 :: 		
0x010D	0x01F8      	CLRF       R8
;__Lib_Math.c,199 :: 		
0x010E	0x3008      	MOVLW      8
;__Lib_Math.c,200 :: 		
0x010F	0x00FC      	MOVWF      R12
;__Lib_Math.c,201 :: 		
0x0110	0x0D70      	RLF        R0, 0
;__Lib_Math.c,202 :: 		
0x0111	0x0DF8      	RLF        R8, 1
;__Lib_Math.c,203 :: 		
0x0112	0x0874      	MOVF       R4, 0
;__Lib_Math.c,204 :: 		
0x0113	0x02F8      	SUBWF      R8, 1
;__Lib_Math.c,205 :: 		
0x0114	0x1803      	BTFSC      STATUS, 0
;__Lib_Math.c,206 :: 		
0x0115	0x2918      	GOTO       $+3
;__Lib_Math.c,207 :: 		
0x0116	0x07F8      	ADDWF      R8, 1
;__Lib_Math.c,208 :: 		
0x0117	0x1003      	BCF        STATUS, 0
;__Lib_Math.c,209 :: 		
0x0118	0x0DF0      	RLF        R0, 1
;__Lib_Math.c,210 :: 		
0x0119	0x0BFC      	DECFSZ     R12, 1
;__Lib_Math.c,211 :: 		
0x011A	0x2910      	GOTO       $-10
;__Lib_Math.c,213 :: 		
L_end_Div_8X8_U:
0x011B	0x0008      	RETURN
; end of _Div_8X8_U
_____DoICP:
;__Lib_System.c,6 :: 		
;__Lib_System.c,9 :: 		
0x011C	0x1283      	BCF        STATUS, 5
0x011D	0x1303      	BCF        STATUS, 6
0x011E	0x0827      	MOVF       ___DoICPAddr+1, 0
0x011F	0x008A      	MOVWF      PCLATH
;__Lib_System.c,10 :: 		
0x0120	0x0826      	MOVF       ___DoICPAddr, 0
0x0121	0x0082      	MOVWF      PCL
;__Lib_System.c,12 :: 		
L_end_____DoICP:
0x0122	0x0008      	RETURN
; end of _____DoICP
_segmentOut:
;pumpMotor.c,63 :: 		void segmentOut(char d, char val){
;pumpMotor.c,64 :: 		mask(val);
0x0123	0x1283      	BCF        STATUS, 5
0x0124	0x1303      	BCF        STATUS, 6
0x0125	0x083B      	MOVF       FARG_segmentOut_val, 0
0x0126	0x00BF      	MOVWF      FARG_mask_val
0x0127	0x204B      	CALL       _mask
;pumpMotor.c,65 :: 		switch(d){
0x0128	0x2933      	GOTO       L_segmentOut3
;pumpMotor.c,66 :: 		case 1: digit1 = 0; break;
L_segmentOut5:
0x0129	0x1287      	BCF        RC5_bit, BitPos(RC5_bit+0)
0x012A	0x2947      	GOTO       L_segmentOut4
;pumpMotor.c,67 :: 		case 2: digit2 = 0; break;
L_segmentOut6:
0x012B	0x1087      	BCF        RC1_bit, BitPos(RC1_bit+0)
0x012C	0x2947      	GOTO       L_segmentOut4
;pumpMotor.c,68 :: 		case 3: digit3 = 0; break;
L_segmentOut7:
0x012D	0x1107      	BCF        RC2_bit, BitPos(RC2_bit+0)
0x012E	0x2947      	GOTO       L_segmentOut4
;pumpMotor.c,69 :: 		case 4: digit4 = 0; break;
L_segmentOut8:
0x012F	0x1307      	BCF        RC6_bit, BitPos(RC6_bit+0)
0x0130	0x2947      	GOTO       L_segmentOut4
;pumpMotor.c,70 :: 		case 5: digit5 = 0; break;
L_segmentOut9:
0x0131	0x1387      	BCF        RC7_bit, BitPos(RC7_bit+0)
0x0132	0x2947      	GOTO       L_segmentOut4
;pumpMotor.c,71 :: 		}
L_segmentOut3:
0x0133	0x083A      	MOVF       FARG_segmentOut_d, 0
0x0134	0x3A01      	XORLW      1
0x0135	0x1903      	BTFSC      STATUS, 2
0x0136	0x2929      	GOTO       L_segmentOut5
0x0137	0x083A      	MOVF       FARG_segmentOut_d, 0
0x0138	0x3A02      	XORLW      2
0x0139	0x1903      	BTFSC      STATUS, 2
0x013A	0x292B      	GOTO       L_segmentOut6
0x013B	0x083A      	MOVF       FARG_segmentOut_d, 0
0x013C	0x3A03      	XORLW      3
0x013D	0x1903      	BTFSC      STATUS, 2
0x013E	0x292D      	GOTO       L_segmentOut7
0x013F	0x083A      	MOVF       FARG_segmentOut_d, 0
0x0140	0x3A04      	XORLW      4
0x0141	0x1903      	BTFSC      STATUS, 2
0x0142	0x292F      	GOTO       L_segmentOut8
0x0143	0x083A      	MOVF       FARG_segmentOut_d, 0
0x0144	0x3A05      	XORLW      5
0x0145	0x1903      	BTFSC      STATUS, 2
0x0146	0x2931      	GOTO       L_segmentOut9
L_segmentOut4:
;pumpMotor.c,72 :: 		delay_ms(1);
0x0147	0x3003      	MOVLW      3
0x0148	0x00FC      	MOVWF      R12
0x0149	0x3097      	MOVLW      151
0x014A	0x00FD      	MOVWF      R13
L_segmentOut10:
0x014B	0x0BFD      	DECFSZ     R13, 1
0x014C	0x294B      	GOTO       L_segmentOut10
0x014D	0x0BFC      	DECFSZ     R12, 1
0x014E	0x294B      	GOTO       L_segmentOut10
0x014F	0x0000      	NOP
0x0150	0x0000      	NOP
;pumpMotor.c,73 :: 		clearDigit();
0x0151	0x2040      	CALL       _clearDigit
;pumpMotor.c,74 :: 		}
L_end_segmentOut:
0x0152	0x0008      	RETURN
; end of _segmentOut
_checkDOWN:
;pumpMotor.c,134 :: 		char checkDOWN(char val){
;pumpMotor.c,136 :: 		if(downKey && !bFlag) {
0x0153	0x1283      	BCF        STATUS, 5
0x0154	0x1303      	BCF        STATUS, 6
0x0155	0x1D05      	BTFSS      RA2_bit, BitPos(RA2_bit+0)
0x0156	0x2961      	GOTO       L_checkDOWN28
0x0157	0x0823      	MOVF       checkDOWN_bFlag_L0, 0
0x0158	0x1D03      	BTFSS      STATUS, 2
0x0159	0x2961      	GOTO       L_checkDOWN28
L__checkDOWN108:
;pumpMotor.c,137 :: 		if(val != 0) val--;
0x015A	0x0834      	MOVF       FARG_checkDOWN_val, 0
0x015B	0x3A00      	XORLW      0
0x015C	0x1903      	BTFSC      STATUS, 2
0x015D	0x295F      	GOTO       L_checkDOWN29
0x015E	0x03B4      	DECF       FARG_checkDOWN_val, 1
L_checkDOWN29:
;pumpMotor.c,138 :: 		bFlag = 1;
0x015F	0x3001      	MOVLW      1
0x0160	0x00A3      	MOVWF      checkDOWN_bFlag_L0
;pumpMotor.c,139 :: 		}
L_checkDOWN28:
;pumpMotor.c,140 :: 		if(!downKey) bFlag = 0;
0x0161	0x1905      	BTFSC      RA2_bit, BitPos(RA2_bit+0)
0x0162	0x2964      	GOTO       L_checkDOWN30
0x0163	0x01A3      	CLRF       checkDOWN_bFlag_L0
L_checkDOWN30:
;pumpMotor.c,141 :: 		return val;
0x0164	0x0834      	MOVF       FARG_checkDOWN_val, 0
0x0165	0x00F0      	MOVWF      R0
;pumpMotor.c,142 :: 		}
L_end_checkDOWN:
0x0166	0x0008      	RETURN
; end of _checkDOWN
_checkUP:
;pumpMotor.c,123 :: 		char checkUP(char val){
;pumpMotor.c,125 :: 		if(upKey && !bFlag) {
0x0167	0x1283      	BCF        STATUS, 5
0x0168	0x1303      	BCF        STATUS, 6
0x0169	0x1C85      	BTFSS      RA1_bit, BitPos(RA1_bit+0)
0x016A	0x2976      	GOTO       L_checkUP23
0x016B	0x0822      	MOVF       checkUP_bFlag_L0, 0
0x016C	0x1D03      	BTFSS      STATUS, 2
0x016D	0x2976      	GOTO       L_checkUP23
L__checkUP107:
;pumpMotor.c,126 :: 		val++;
0x016E	0x0AB4      	INCF       FARG_checkUP_val, 1
;pumpMotor.c,127 :: 		if(val > 99) val = 0;
0x016F	0x0834      	MOVF       FARG_checkUP_val, 0
0x0170	0x3C63      	SUBLW      99
0x0171	0x1803      	BTFSC      STATUS, 0
0x0172	0x2974      	GOTO       L_checkUP24
0x0173	0x01B4      	CLRF       FARG_checkUP_val
L_checkUP24:
;pumpMotor.c,128 :: 		bFlag = 1;
0x0174	0x3001      	MOVLW      1
0x0175	0x00A2      	MOVWF      checkUP_bFlag_L0
;pumpMotor.c,129 :: 		}
L_checkUP23:
;pumpMotor.c,130 :: 		if(!upKey) bFlag = 0;
0x0176	0x1885      	BTFSC      RA1_bit, BitPos(RA1_bit+0)
0x0177	0x2979      	GOTO       L_checkUP25
0x0178	0x01A2      	CLRF       checkUP_bFlag_L0
L_checkUP25:
;pumpMotor.c,131 :: 		return val;
0x0179	0x0834      	MOVF       FARG_checkUP_val, 0
0x017A	0x00F0      	MOVWF      R0
;pumpMotor.c,132 :: 		}
L_end_checkUP:
0x017B	0x0008      	RETURN
; end of _checkUP
_Soft_I2C_Read:
;__Lib_SoftI2C.c,86 :: 		
;__Lib_SoftI2C.c,87 :: 		
0x017C	0x1283      	BCF        STATUS, 5
0x017D	0x1303      	BCF        STATUS, 6
0x017E	0x01B6      	CLRF       Soft_I2C_Read_result_L0
0x017F	0x01B7      	CLRF       Soft_I2C_Read_result_L0+1
0x0180	0x3080      	MOVLW      128
0x0181	0x00B8      	MOVWF      Soft_I2C_Read_temp_L0
0x0182	0x3000      	MOVLW      0
0x0183	0x00B9      	MOVWF      Soft_I2C_Read_temp_L0+1
;__Lib_SoftI2C.c,89 :: 		
L_Soft_I2C_Read3:
0x0184	0x0838      	MOVF       Soft_I2C_Read_temp_L0, 0
0x0185	0x0439      	IORWF      Soft_I2C_Read_temp_L0+1, 0
0x0186	0x1903      	BTFSC      STATUS, 2
0x0187	0x29A7      	GOTO       L_Soft_I2C_Read4
;__Lib_SoftI2C.c,90 :: 		
0x0188	0x2048      	CALL       _Delay_1us
0x0189	0x2048      	CALL       _Delay_1us
;__Lib_SoftI2C.c,92 :: 		
0x018A	0x1683      	BSF        STATUS, 5
0x018B	0x1607      	BSF        Soft_I2C_Sda_Direction, BitPos(Soft_I2C_Sda_Direction+0)
;__Lib_SoftI2C.c,94 :: 		
0x018C	0x2048      	CALL       _Delay_1us
0x018D	0x2048      	CALL       _Delay_1us
;__Lib_SoftI2C.c,96 :: 		
0x018E	0x1587      	BSF        Soft_I2C_Scl_Direction, BitPos(Soft_I2C_Scl_Direction+0)
;__Lib_SoftI2C.c,98 :: 		
0x018F	0x1283      	BCF        STATUS, 5
0x0190	0x1025      	BCF        __Lib_SoftI2C___StopWaiting, BitPos(__Lib_SoftI2C___StopWaiting+0)
;__Lib_SoftI2C.c,99 :: 		
L_Soft_I2C_Read5:
0x0191	0x1987      	BTFSC      Soft_I2C_Scl, BitPos(Soft_I2C_Scl+0)
0x0192	0x2997      	GOTO       L_Soft_I2C_Read6
;__Lib_SoftI2C.c,100 :: 		
0x0193	0x1C25      	BTFSS      __Lib_SoftI2C___StopWaiting, BitPos(__Lib_SoftI2C___StopWaiting+0)
0x0194	0x2996      	GOTO       L_Soft_I2C_Read7
;__Lib_SoftI2C.c,101 :: 		
0x0195	0x2997      	GOTO       L_Soft_I2C_Read6
L_Soft_I2C_Read7:
0x0196	0x2991      	GOTO       L_Soft_I2C_Read5
L_Soft_I2C_Read6:
;__Lib_SoftI2C.c,103 :: 		
0x0197	0x1E07      	BTFSS      Soft_I2C_Sda, BitPos(Soft_I2C_Sda+0)
0x0198	0x299D      	GOTO       L_Soft_I2C_Read8
;__Lib_SoftI2C.c,104 :: 		
0x0199	0x0838      	MOVF       Soft_I2C_Read_temp_L0, 0
0x019A	0x04B6      	IORWF      Soft_I2C_Read_result_L0, 1
0x019B	0x0839      	MOVF       Soft_I2C_Read_temp_L0+1, 0
0x019C	0x04B7      	IORWF      Soft_I2C_Read_result_L0+1, 1
L_Soft_I2C_Read8:
;__Lib_SoftI2C.c,106 :: 		
0x019D	0x2048      	CALL       _Delay_1us
0x019E	0x2048      	CALL       _Delay_1us
;__Lib_SoftI2C.c,108 :: 		
0x019F	0x2035      	CALL       __Lib_SoftI2C_PutZerosToLATScl
;__Lib_SoftI2C.c,109 :: 		
0x01A0	0x1683      	BSF        STATUS, 5
0x01A1	0x1187      	BCF        Soft_I2C_Scl_Direction, BitPos(Soft_I2C_Scl_Direction+0)
;__Lib_SoftI2C.c,111 :: 		
0x01A2	0x1283      	BCF        STATUS, 5
0x01A3	0x0CB9      	RRF        Soft_I2C_Read_temp_L0+1, 1
0x01A4	0x0CB8      	RRF        Soft_I2C_Read_temp_L0, 1
0x01A5	0x13B9      	BCF        Soft_I2C_Read_temp_L0+1, 7
;__Lib_SoftI2C.c,112 :: 		
0x01A6	0x2984      	GOTO       L_Soft_I2C_Read3
L_Soft_I2C_Read4:
;__Lib_SoftI2C.c,114 :: 		
0x01A7	0x1683      	BSF        STATUS, 5
0x01A8	0x1607      	BSF        Soft_I2C_Sda_Direction, BitPos(Soft_I2C_Sda_Direction+0)
;__Lib_SoftI2C.c,116 :: 		
0x01A9	0x2048      	CALL       _Delay_1us
0x01AA	0x2048      	CALL       _Delay_1us
;__Lib_SoftI2C.c,118 :: 		
0x01AB	0x1283      	BCF        STATUS, 5
0x01AC	0x0834      	MOVF       FARG_Soft_I2C_Read_ack, 0
0x01AD	0x0435      	IORWF      FARG_Soft_I2C_Read_ack+1, 0
0x01AE	0x1903      	BTFSC      STATUS, 2
0x01AF	0x29B3      	GOTO       L_Soft_I2C_Read9
;__Lib_SoftI2C.c,119 :: 		
0x01B0	0x202A      	CALL       __Lib_SoftI2C_PutZerosToLATSda
;__Lib_SoftI2C.c,120 :: 		
0x01B1	0x1683      	BSF        STATUS, 5
0x01B2	0x1207      	BCF        Soft_I2C_Sda_Direction, BitPos(Soft_I2C_Sda_Direction+0)
;__Lib_SoftI2C.c,121 :: 		
L_Soft_I2C_Read9:
0x01B3	0x1683      	BSF        STATUS, 5
;__Lib_SoftI2C.c,123 :: 		
0x01B4	0x2048      	CALL       _Delay_1us
0x01B5	0x2048      	CALL       _Delay_1us
;__Lib_SoftI2C.c,125 :: 		
0x01B6	0x1587      	BSF        Soft_I2C_Scl_Direction, BitPos(Soft_I2C_Scl_Direction+0)
;__Lib_SoftI2C.c,127 :: 		
0x01B7	0x1283      	BCF        STATUS, 5
0x01B8	0x1025      	BCF        __Lib_SoftI2C___StopWaiting, BitPos(__Lib_SoftI2C___StopWaiting+0)
;__Lib_SoftI2C.c,128 :: 		
L_Soft_I2C_Read10:
0x01B9	0x1987      	BTFSC      Soft_I2C_Scl, BitPos(Soft_I2C_Scl+0)
0x01BA	0x29BF      	GOTO       L_Soft_I2C_Read11
;__Lib_SoftI2C.c,129 :: 		
0x01BB	0x1C25      	BTFSS      __Lib_SoftI2C___StopWaiting, BitPos(__Lib_SoftI2C___StopWaiting+0)
0x01BC	0x29BE      	GOTO       L_Soft_I2C_Read12
;__Lib_SoftI2C.c,130 :: 		
0x01BD	0x29BF      	GOTO       L_Soft_I2C_Read11
L_Soft_I2C_Read12:
0x01BE	0x29B9      	GOTO       L_Soft_I2C_Read10
L_Soft_I2C_Read11:
;__Lib_SoftI2C.c,132 :: 		
0x01BF	0x2048      	CALL       _Delay_1us
0x01C0	0x2048      	CALL       _Delay_1us
;__Lib_SoftI2C.c,134 :: 		
0x01C1	0x2035      	CALL       __Lib_SoftI2C_PutZerosToLATScl
;__Lib_SoftI2C.c,135 :: 		
0x01C2	0x1683      	BSF        STATUS, 5
0x01C3	0x1187      	BCF        Soft_I2C_Scl_Direction, BitPos(Soft_I2C_Scl_Direction+0)
;__Lib_SoftI2C.c,137 :: 		
0x01C4	0x2048      	CALL       _Delay_1us
0x01C5	0x2048      	CALL       _Delay_1us
;__Lib_SoftI2C.c,139 :: 		
0x01C6	0x202A      	CALL       __Lib_SoftI2C_PutZerosToLATSda
;__Lib_SoftI2C.c,140 :: 		
0x01C7	0x1683      	BSF        STATUS, 5
0x01C8	0x1207      	BCF        Soft_I2C_Sda_Direction, BitPos(Soft_I2C_Sda_Direction+0)
;__Lib_SoftI2C.c,142 :: 		
0x01C9	0x1283      	BCF        STATUS, 5
0x01CA	0x0836      	MOVF       Soft_I2C_Read_result_L0, 0
0x01CB	0x00F0      	MOVWF      R0
;__Lib_SoftI2C.c,143 :: 		
L_end_Soft_I2C_Read:
0x01CC	0x0008      	RETURN
; end of _Soft_I2C_Read
_EEPROMWrite:
;pumpMotor.c,96 :: 		void EEPROMWrite(char addrs, char val){
;pumpMotor.c,97 :: 		soft_I2C_Start();
0x01CD	0x2071      	CALL       _Soft_I2C_Start
;pumpMotor.c,98 :: 		soft_I2C_Write(0xA2);
0x01CE	0x30A2      	MOVLW      162
0x01CF	0x1283      	BCF        STATUS, 5
0x01D0	0x00BA      	MOVWF      FARG_Soft_I2C_Write_data_
0x01D1	0x2082      	CALL       _Soft_I2C_Write
;pumpMotor.c,99 :: 		soft_I2C_Write(addrs);
0x01D2	0x0834      	MOVF       FARG_EEPROMWrite_addrs, 0
0x01D3	0x00BA      	MOVWF      FARG_Soft_I2C_Write_data_
0x01D4	0x2082      	CALL       _Soft_I2C_Write
;pumpMotor.c,100 :: 		soft_I2C_Write(val);
0x01D5	0x0835      	MOVF       FARG_EEPROMWrite_val, 0
0x01D6	0x00BA      	MOVWF      FARG_Soft_I2C_Write_data_
0x01D7	0x2082      	CALL       _Soft_I2C_Write
;pumpMotor.c,101 :: 		soft_I2C_Stop();
0x01D8	0x20F0      	CALL       _Soft_I2C_Stop
;pumpMotor.c,102 :: 		delay_ms(1);
0x01D9	0x3003      	MOVLW      3
0x01DA	0x00FC      	MOVWF      R12
0x01DB	0x3097      	MOVLW      151
0x01DC	0x00FD      	MOVWF      R13
L_EEPROMWrite19:
0x01DD	0x0BFD      	DECFSZ     R13, 1
0x01DE	0x29DD      	GOTO       L_EEPROMWrite19
0x01DF	0x0BFC      	DECFSZ     R12, 1
0x01E0	0x29DD      	GOTO       L_EEPROMWrite19
0x01E1	0x0000      	NOP
0x01E2	0x0000      	NOP
;pumpMotor.c,103 :: 		}
L_end_EEPROMWrite:
0x01E3	0x0008      	RETURN
; end of _EEPROMWrite
_segmentByte:
;pumpMotor.c,76 :: 		void segmentByte(char d, char val){
;pumpMotor.c,78 :: 		digit[0] = cathode[val / 10];
0x01E4	0x300A      	MOVLW      10
0x01E5	0x1283      	BCF        STATUS, 5
0x01E6	0x1303      	BCF        STATUS, 6
0x01E7	0x00F4      	MOVWF      R4
0x01E8	0x0835      	MOVF       FARG_segmentByte_val, 0
0x01E9	0x00F0      	MOVWF      R0
0x01EA	0x210B      	CALL       _Div_8X8_U
0x01EB	0x3000      	MOVLW      0
0x01EC	0x00F1      	MOVWF      R0+1
0x01ED	0x3005      	MOVLW      _cathode
0x01EE	0x07F0      	ADDWF      R0, 1
0x01EF	0x3005      	MOVLW      hi_addr(_cathode)
0x01F0	0x1803      	BTFSC      STATUS, 0
0x01F1	0x3E01      	ADDLW      1
0x01F2	0x07F1      	ADDWF      R0+1, 1
0x01F3	0x0870      	MOVF       R0, 0
0x01F4	0x00A6      	MOVWF      ___DoICPAddr
0x01F5	0x0871      	MOVF       R0+1, 0
0x01F6	0x00A7      	MOVWF      ___DoICPAddr+1
0x01F7	0x211C      	CALL       _____DoICP
0x01F8	0x118A      	BCF        PCLATH, 3
0x01F9	0x120A      	BCF        PCLATH, 4
0x01FA	0x00B6      	MOVWF      segmentByte_digit_L0
;pumpMotor.c,79 :: 		digit[1] = cathode[val % 10];
0x01FB	0x300A      	MOVLW      10
0x01FC	0x00F4      	MOVWF      R4
0x01FD	0x0835      	MOVF       FARG_segmentByte_val, 0
0x01FE	0x00F0      	MOVWF      R0
0x01FF	0x210B      	CALL       _Div_8X8_U
0x0200	0x0878      	MOVF       R8, 0
0x0201	0x00F0      	MOVWF      R0
0x0202	0x3000      	MOVLW      0
0x0203	0x00F1      	MOVWF      R0+1
0x0204	0x3005      	MOVLW      _cathode
0x0205	0x07F0      	ADDWF      R0, 1
0x0206	0x3005      	MOVLW      hi_addr(_cathode)
0x0207	0x1803      	BTFSC      STATUS, 0
0x0208	0x3E01      	ADDLW      1
0x0209	0x07F1      	ADDWF      R0+1, 1
0x020A	0x0870      	MOVF       R0, 0
0x020B	0x00A6      	MOVWF      ___DoICPAddr
0x020C	0x0871      	MOVF       R0+1, 0
0x020D	0x00A7      	MOVWF      ___DoICPAddr+1
0x020E	0x211C      	CALL       _____DoICP
0x020F	0x118A      	BCF        PCLATH, 3
0x0210	0x120A      	BCF        PCLATH, 4
0x0211	0x00B7      	MOVWF      segmentByte_digit_L0+1
;pumpMotor.c,81 :: 		segmentOut(d, digit[0]);
0x0212	0x0834      	MOVF       FARG_segmentByte_d, 0
0x0213	0x00BA      	MOVWF      FARG_segmentOut_d
0x0214	0x0836      	MOVF       segmentByte_digit_L0, 0
0x0215	0x00BB      	MOVWF      FARG_segmentOut_val
0x0216	0x2123      	CALL       _segmentOut
;pumpMotor.c,82 :: 		segmentOut(d + 1, digit[1]);
0x0217	0x0A34      	INCF       FARG_segmentByte_d, 0
0x0218	0x00BA      	MOVWF      FARG_segmentOut_d
0x0219	0x0837      	MOVF       segmentByte_digit_L0+1, 0
0x021A	0x00BB      	MOVWF      FARG_segmentOut_val
0x021B	0x2123      	CALL       _segmentOut
;pumpMotor.c,83 :: 		}
L_end_segmentByte:
0x021C	0x0008      	RETURN
; end of _segmentByte
_setupTime:
;pumpMotor.c,144 :: 		void setupTime(){
;pumpMotor.c,146 :: 		delay_ms(400);
0x021D	0x3005      	MOVLW      5
0x021E	0x1283      	BCF        STATUS, 5
0x021F	0x1303      	BCF        STATUS, 6
0x0220	0x00FB      	MOVWF      R11
0x0221	0x300F      	MOVLW      15
0x0222	0x00FC      	MOVWF      R12
0x0223	0x30F1      	MOVLW      241
0x0224	0x00FD      	MOVWF      R13
L_setupTime31:
0x0225	0x0BFD      	DECFSZ     R13, 1
0x0226	0x2A25      	GOTO       L_setupTime31
0x0227	0x0BFC      	DECFSZ     R12, 1
0x0228	0x2A25      	GOTO       L_setupTime31
0x0229	0x0BFB      	DECFSZ     R11, 1
0x022A	0x2A25      	GOTO       L_setupTime31
;pumpMotor.c,147 :: 		while(!setKey){
L_setupTime32:
0x022B	0x1805      	BTFSC      RA0_bit, BitPos(RA0_bit+0)
0x022C	0x2A6F      	GOTO       L_setupTime33
;pumpMotor.c,148 :: 		for(d = 0; d < 100; d++){
0x022D	0x01B2      	CLRF       setupTime_d_L0
L_setupTime34:
0x022E	0x3064      	MOVLW      100
0x022F	0x0232      	SUBWF      setupTime_d_L0, 0
0x0230	0x1803      	BTFSC      STATUS, 0
0x0231	0x2A50      	GOTO       L_setupTime35
;pumpMotor.c,149 :: 		segmentOut(1, 16);  // 1
0x0232	0x3001      	MOVLW      1
0x0233	0x00BA      	MOVWF      FARG_segmentOut_d
0x0234	0x3010      	MOVLW      16
0x0235	0x00BB      	MOVWF      FARG_segmentOut_val
0x0236	0x2123      	CALL       _segmentOut
;pumpMotor.c,150 :: 		segmentByte(2, targetMM);
0x0237	0x3002      	MOVLW      2
0x0238	0x00B4      	MOVWF      FARG_segmentByte_d
0x0239	0x082D      	MOVF       _targetMM, 0
0x023A	0x00B5      	MOVWF      FARG_segmentByte_val
0x023B	0x21E4      	CALL       _segmentByte
;pumpMotor.c,151 :: 		segmentByte(4, targetSS);
0x023C	0x3004      	MOVLW      4
0x023D	0x00B4      	MOVWF      FARG_segmentByte_d
0x023E	0x082F      	MOVF       _targetSS, 0
0x023F	0x00B5      	MOVWF      FARG_segmentByte_val
0x0240	0x21E4      	CALL       _segmentByte
;pumpMotor.c,152 :: 		targetMM = checkUP(targetMM);
0x0241	0x082D      	MOVF       _targetMM, 0
0x0242	0x00B4      	MOVWF      FARG_checkUP_val
0x0243	0x2167      	CALL       _checkUP
0x0244	0x0870      	MOVF       R0, 0
0x0245	0x00AD      	MOVWF      _targetMM
;pumpMotor.c,153 :: 		targetMM = checkDOWN(targetMM);
0x0246	0x0870      	MOVF       R0, 0
0x0247	0x00B4      	MOVWF      FARG_checkDOWN_val
0x0248	0x2153      	CALL       _checkDOWN
0x0249	0x0870      	MOVF       R0, 0
0x024A	0x00AD      	MOVWF      _targetMM
;pumpMotor.c,154 :: 		if(setKey) break;
0x024B	0x1C05      	BTFSS      RA0_bit, BitPos(RA0_bit+0)
0x024C	0x2A4E      	GOTO       L_setupTime37
0x024D	0x2A50      	GOTO       L_setupTime35
L_setupTime37:
;pumpMotor.c,148 :: 		for(d = 0; d < 100; d++){
0x024E	0x0AB2      	INCF       setupTime_d_L0, 1
;pumpMotor.c,155 :: 		}
0x024F	0x2A2E      	GOTO       L_setupTime34
L_setupTime35:
;pumpMotor.c,156 :: 		for(d = 0; d < 100; d++){
0x0250	0x01B2      	CLRF       setupTime_d_L0
L_setupTime38:
0x0251	0x3064      	MOVLW      100
0x0252	0x0232      	SUBWF      setupTime_d_L0, 0
0x0253	0x1803      	BTFSC      STATUS, 0
0x0254	0x2A6E      	GOTO       L_setupTime39
;pumpMotor.c,157 :: 		segmentOut(1, 16);  // 1
0x0255	0x3001      	MOVLW      1
0x0256	0x00BA      	MOVWF      FARG_segmentOut_d
0x0257	0x3010      	MOVLW      16
0x0258	0x00BB      	MOVWF      FARG_segmentOut_val
0x0259	0x2123      	CALL       _segmentOut
;pumpMotor.c,158 :: 		segmentByte(4, currentSS);
0x025A	0x3004      	MOVLW      4
0x025B	0x00B4      	MOVWF      FARG_segmentByte_d
0x025C	0x082E      	MOVF       _currentSS, 0
0x025D	0x00B5      	MOVWF      FARG_segmentByte_val
0x025E	0x21E4      	CALL       _segmentByte
;pumpMotor.c,159 :: 		targetMM = checkUP(targetMM);
0x025F	0x082D      	MOVF       _targetMM, 0
0x0260	0x00B4      	MOVWF      FARG_checkUP_val
0x0261	0x2167      	CALL       _checkUP
0x0262	0x0870      	MOVF       R0, 0
0x0263	0x00AD      	MOVWF      _targetMM
;pumpMotor.c,160 :: 		targetMM = checkDOWN(targetMM);
0x0264	0x0870      	MOVF       R0, 0
0x0265	0x00B4      	MOVWF      FARG_checkDOWN_val
0x0266	0x2153      	CALL       _checkDOWN
0x0267	0x0870      	MOVF       R0, 0
0x0268	0x00AD      	MOVWF      _targetMM
;pumpMotor.c,161 :: 		if(setKey) break;
0x0269	0x1C05      	BTFSS      RA0_bit, BitPos(RA0_bit+0)
0x026A	0x2A6C      	GOTO       L_setupTime41
0x026B	0x2A6E      	GOTO       L_setupTime39
L_setupTime41:
;pumpMotor.c,156 :: 		for(d = 0; d < 100; d++){
0x026C	0x0AB2      	INCF       setupTime_d_L0, 1
;pumpMotor.c,162 :: 		}
0x026D	0x2A51      	GOTO       L_setupTime38
L_setupTime39:
;pumpMotor.c,163 :: 		}
0x026E	0x2A2B      	GOTO       L_setupTime32
L_setupTime33:
;pumpMotor.c,164 :: 		delay_ms(400);
0x026F	0x3005      	MOVLW      5
0x0270	0x00FB      	MOVWF      R11
0x0271	0x300F      	MOVLW      15
0x0272	0x00FC      	MOVWF      R12
0x0273	0x30F1      	MOVLW      241
0x0274	0x00FD      	MOVWF      R13
L_setupTime42:
0x0275	0x0BFD      	DECFSZ     R13, 1
0x0276	0x2A75      	GOTO       L_setupTime42
0x0277	0x0BFC      	DECFSZ     R12, 1
0x0278	0x2A75      	GOTO       L_setupTime42
0x0279	0x0BFB      	DECFSZ     R11, 1
0x027A	0x2A75      	GOTO       L_setupTime42
;pumpMotor.c,165 :: 		EEPROMWrite(0, targetMM);
0x027B	0x01B4      	CLRF       FARG_EEPROMWrite_addrs
0x027C	0x082D      	MOVF       _targetMM, 0
0x027D	0x00B5      	MOVWF      FARG_EEPROMWrite_val
0x027E	0x21CD      	CALL       _EEPROMWrite
;pumpMotor.c,167 :: 		while(!setKey){
L_setupTime43:
0x027F	0x1283      	BCF        STATUS, 5
0x0280	0x1805      	BTFSC      RA0_bit, BitPos(RA0_bit+0)
0x0281	0x2AC4      	GOTO       L_setupTime44
;pumpMotor.c,168 :: 		for(d = 0; d < 100; d++){
0x0282	0x01B2      	CLRF       setupTime_d_L0
L_setupTime45:
0x0283	0x3064      	MOVLW      100
0x0284	0x0232      	SUBWF      setupTime_d_L0, 0
0x0285	0x1803      	BTFSC      STATUS, 0
0x0286	0x2AA5      	GOTO       L_setupTime46
;pumpMotor.c,169 :: 		segmentOut(1, 16);  // 1
0x0287	0x3001      	MOVLW      1
0x0288	0x00BA      	MOVWF      FARG_segmentOut_d
0x0289	0x3010      	MOVLW      16
0x028A	0x00BB      	MOVWF      FARG_segmentOut_val
0x028B	0x2123      	CALL       _segmentOut
;pumpMotor.c,170 :: 		segmentByte(2, targetMM);
0x028C	0x3002      	MOVLW      2
0x028D	0x00B4      	MOVWF      FARG_segmentByte_d
0x028E	0x082D      	MOVF       _targetMM, 0
0x028F	0x00B5      	MOVWF      FARG_segmentByte_val
0x0290	0x21E4      	CALL       _segmentByte
;pumpMotor.c,171 :: 		segmentByte(4, targetSS);
0x0291	0x3004      	MOVLW      4
0x0292	0x00B4      	MOVWF      FARG_segmentByte_d
0x0293	0x082F      	MOVF       _targetSS, 0
0x0294	0x00B5      	MOVWF      FARG_segmentByte_val
0x0295	0x21E4      	CALL       _segmentByte
;pumpMotor.c,172 :: 		targetSS = checkUP(targetSS);
0x0296	0x082F      	MOVF       _targetSS, 0
0x0297	0x00B4      	MOVWF      FARG_checkUP_val
0x0298	0x2167      	CALL       _checkUP
0x0299	0x0870      	MOVF       R0, 0
0x029A	0x00AF      	MOVWF      _targetSS
;pumpMotor.c,173 :: 		targetSS = checkDOWN(targetSS);
0x029B	0x0870      	MOVF       R0, 0
0x029C	0x00B4      	MOVWF      FARG_checkDOWN_val
0x029D	0x2153      	CALL       _checkDOWN
0x029E	0x0870      	MOVF       R0, 0
0x029F	0x00AF      	MOVWF      _targetSS
;pumpMotor.c,174 :: 		if(setKey) break;
0x02A0	0x1C05      	BTFSS      RA0_bit, BitPos(RA0_bit+0)
0x02A1	0x2AA3      	GOTO       L_setupTime48
0x02A2	0x2AA5      	GOTO       L_setupTime46
L_setupTime48:
;pumpMotor.c,168 :: 		for(d = 0; d < 100; d++){
0x02A3	0x0AB2      	INCF       setupTime_d_L0, 1
;pumpMotor.c,175 :: 		}
0x02A4	0x2A83      	GOTO       L_setupTime45
L_setupTime46:
;pumpMotor.c,176 :: 		for(d = 0; d < 100; d++){
0x02A5	0x01B2      	CLRF       setupTime_d_L0
L_setupTime49:
0x02A6	0x3064      	MOVLW      100
0x02A7	0x0232      	SUBWF      setupTime_d_L0, 0
0x02A8	0x1803      	BTFSC      STATUS, 0
0x02A9	0x2AC3      	GOTO       L_setupTime50
;pumpMotor.c,177 :: 		segmentOut(1, 16);  // 1
0x02AA	0x3001      	MOVLW      1
0x02AB	0x00BA      	MOVWF      FARG_segmentOut_d
0x02AC	0x3010      	MOVLW      16
0x02AD	0x00BB      	MOVWF      FARG_segmentOut_val
0x02AE	0x2123      	CALL       _segmentOut
;pumpMotor.c,178 :: 		segmentByte(2, targetMM);
0x02AF	0x3002      	MOVLW      2
0x02B0	0x00B4      	MOVWF      FARG_segmentByte_d
0x02B1	0x082D      	MOVF       _targetMM, 0
0x02B2	0x00B5      	MOVWF      FARG_segmentByte_val
0x02B3	0x21E4      	CALL       _segmentByte
;pumpMotor.c,179 :: 		targetSS = checkUP(targetSS);
0x02B4	0x082F      	MOVF       _targetSS, 0
0x02B5	0x00B4      	MOVWF      FARG_checkUP_val
0x02B6	0x2167      	CALL       _checkUP
0x02B7	0x0870      	MOVF       R0, 0
0x02B8	0x00AF      	MOVWF      _targetSS
;pumpMotor.c,180 :: 		targetSS = checkDOWN(targetSS);
0x02B9	0x0870      	MOVF       R0, 0
0x02BA	0x00B4      	MOVWF      FARG_checkDOWN_val
0x02BB	0x2153      	CALL       _checkDOWN
0x02BC	0x0870      	MOVF       R0, 0
0x02BD	0x00AF      	MOVWF      _targetSS
;pumpMotor.c,181 :: 		if(setKey) break;
0x02BE	0x1C05      	BTFSS      RA0_bit, BitPos(RA0_bit+0)
0x02BF	0x2AC1      	GOTO       L_setupTime52
0x02C0	0x2AC3      	GOTO       L_setupTime50
L_setupTime52:
;pumpMotor.c,176 :: 		for(d = 0; d < 100; d++){
0x02C1	0x0AB2      	INCF       setupTime_d_L0, 1
;pumpMotor.c,182 :: 		}
0x02C2	0x2AA6      	GOTO       L_setupTime49
L_setupTime50:
;pumpMotor.c,183 :: 		}
0x02C3	0x2A7F      	GOTO       L_setupTime43
L_setupTime44:
;pumpMotor.c,184 :: 		delay_ms(400);
0x02C4	0x3005      	MOVLW      5
0x02C5	0x00FB      	MOVWF      R11
0x02C6	0x300F      	MOVLW      15
0x02C7	0x00FC      	MOVWF      R12
0x02C8	0x30F1      	MOVLW      241
0x02C9	0x00FD      	MOVWF      R13
L_setupTime53:
0x02CA	0x0BFD      	DECFSZ     R13, 1
0x02CB	0x2ACA      	GOTO       L_setupTime53
0x02CC	0x0BFC      	DECFSZ     R12, 1
0x02CD	0x2ACA      	GOTO       L_setupTime53
0x02CE	0x0BFB      	DECFSZ     R11, 1
0x02CF	0x2ACA      	GOTO       L_setupTime53
;pumpMotor.c,185 :: 		EEPROMWrite(1, targetSS);
0x02D0	0x3001      	MOVLW      1
0x02D1	0x00B4      	MOVWF      FARG_EEPROMWrite_addrs
0x02D2	0x082F      	MOVF       _targetSS, 0
0x02D3	0x00B5      	MOVWF      FARG_EEPROMWrite_val
0x02D4	0x21CD      	CALL       _EEPROMWrite
;pumpMotor.c,187 :: 		while(!setKey){
L_setupTime54:
0x02D5	0x1283      	BCF        STATUS, 5
0x02D6	0x1805      	BTFSC      RA0_bit, BitPos(RA0_bit+0)
0x02D7	0x2B1A      	GOTO       L_setupTime55
;pumpMotor.c,188 :: 		for(d = 0; d < 100; d++){
0x02D8	0x01B2      	CLRF       setupTime_d_L0
L_setupTime56:
0x02D9	0x3064      	MOVLW      100
0x02DA	0x0232      	SUBWF      setupTime_d_L0, 0
0x02DB	0x1803      	BTFSC      STATUS, 0
0x02DC	0x2AFB      	GOTO       L_setupTime57
;pumpMotor.c,189 :: 		segmentOut(1, 92);  // 0
0x02DD	0x3001      	MOVLW      1
0x02DE	0x00BA      	MOVWF      FARG_segmentOut_d
0x02DF	0x305C      	MOVLW      92
0x02E0	0x00BB      	MOVWF      FARG_segmentOut_val
0x02E1	0x2123      	CALL       _segmentOut
;pumpMotor.c,190 :: 		segmentByte(2, repeatHH);
0x02E2	0x3002      	MOVLW      2
0x02E3	0x00B4      	MOVWF      FARG_segmentByte_d
0x02E4	0x082C      	MOVF       _repeatHH, 0
0x02E5	0x00B5      	MOVWF      FARG_segmentByte_val
0x02E6	0x21E4      	CALL       _segmentByte
;pumpMotor.c,191 :: 		segmentByte(4, repeatMM);
0x02E7	0x3004      	MOVLW      4
0x02E8	0x00B4      	MOVWF      FARG_segmentByte_d
0x02E9	0x0829      	MOVF       _repeatMM, 0
0x02EA	0x00B5      	MOVWF      FARG_segmentByte_val
0x02EB	0x21E4      	CALL       _segmentByte
;pumpMotor.c,192 :: 		repeatHH = checkUP(repeatHH);
0x02EC	0x082C      	MOVF       _repeatHH, 0
0x02ED	0x00B4      	MOVWF      FARG_checkUP_val
0x02EE	0x2167      	CALL       _checkUP
0x02EF	0x0870      	MOVF       R0, 0
0x02F0	0x00AC      	MOVWF      _repeatHH
;pumpMotor.c,193 :: 		repeatHH = checkDOWN(repeatHH);
0x02F1	0x0870      	MOVF       R0, 0
0x02F2	0x00B4      	MOVWF      FARG_checkDOWN_val
0x02F3	0x2153      	CALL       _checkDOWN
0x02F4	0x0870      	MOVF       R0, 0
0x02F5	0x00AC      	MOVWF      _repeatHH
;pumpMotor.c,194 :: 		if(setKey) break;
0x02F6	0x1C05      	BTFSS      RA0_bit, BitPos(RA0_bit+0)
0x02F7	0x2AF9      	GOTO       L_setupTime59
0x02F8	0x2AFB      	GOTO       L_setupTime57
L_setupTime59:
;pumpMotor.c,188 :: 		for(d = 0; d < 100; d++){
0x02F9	0x0AB2      	INCF       setupTime_d_L0, 1
;pumpMotor.c,195 :: 		}
0x02FA	0x2AD9      	GOTO       L_setupTime56
L_setupTime57:
;pumpMotor.c,196 :: 		for(d = 0; d < 100; d++){
0x02FB	0x01B2      	CLRF       setupTime_d_L0
L_setupTime60:
0x02FC	0x3064      	MOVLW      100
0x02FD	0x0232      	SUBWF      setupTime_d_L0, 0
0x02FE	0x1803      	BTFSC      STATUS, 0
0x02FF	0x2B19      	GOTO       L_setupTime61
;pumpMotor.c,197 :: 		segmentOut(1, 92);  // 0
0x0300	0x3001      	MOVLW      1
0x0301	0x00BA      	MOVWF      FARG_segmentOut_d
0x0302	0x305C      	MOVLW      92
0x0303	0x00BB      	MOVWF      FARG_segmentOut_val
0x0304	0x2123      	CALL       _segmentOut
;pumpMotor.c,198 :: 		segmentByte(4, repeatMM);
0x0305	0x3004      	MOVLW      4
0x0306	0x00B4      	MOVWF      FARG_segmentByte_d
0x0307	0x0829      	MOVF       _repeatMM, 0
0x0308	0x00B5      	MOVWF      FARG_segmentByte_val
0x0309	0x21E4      	CALL       _segmentByte
;pumpMotor.c,199 :: 		repeatHH = checkUP(repeatHH);
0x030A	0x082C      	MOVF       _repeatHH, 0
0x030B	0x00B4      	MOVWF      FARG_checkUP_val
0x030C	0x2167      	CALL       _checkUP
0x030D	0x0870      	MOVF       R0, 0
0x030E	0x00AC      	MOVWF      _repeatHH
;pumpMotor.c,200 :: 		repeatHH = checkDOWN(repeatHH);
0x030F	0x0870      	MOVF       R0, 0
0x0310	0x00B4      	MOVWF      FARG_checkDOWN_val
0x0311	0x2153      	CALL       _checkDOWN
0x0312	0x0870      	MOVF       R0, 0
0x0313	0x00AC      	MOVWF      _repeatHH
;pumpMotor.c,201 :: 		if(setKey) break;
0x0314	0x1C05      	BTFSS      RA0_bit, BitPos(RA0_bit+0)
0x0315	0x2B17      	GOTO       L_setupTime63
0x0316	0x2B19      	GOTO       L_setupTime61
L_setupTime63:
;pumpMotor.c,196 :: 		for(d = 0; d < 100; d++){
0x0317	0x0AB2      	INCF       setupTime_d_L0, 1
;pumpMotor.c,202 :: 		}
0x0318	0x2AFC      	GOTO       L_setupTime60
L_setupTime61:
;pumpMotor.c,203 :: 		}
0x0319	0x2AD5      	GOTO       L_setupTime54
L_setupTime55:
;pumpMotor.c,204 :: 		delay_ms(400);
0x031A	0x3005      	MOVLW      5
0x031B	0x00FB      	MOVWF      R11
0x031C	0x300F      	MOVLW      15
0x031D	0x00FC      	MOVWF      R12
0x031E	0x30F1      	MOVLW      241
0x031F	0x00FD      	MOVWF      R13
L_setupTime64:
0x0320	0x0BFD      	DECFSZ     R13, 1
0x0321	0x2B20      	GOTO       L_setupTime64
0x0322	0x0BFC      	DECFSZ     R12, 1
0x0323	0x2B20      	GOTO       L_setupTime64
0x0324	0x0BFB      	DECFSZ     R11, 1
0x0325	0x2B20      	GOTO       L_setupTime64
;pumpMotor.c,205 :: 		EEPROMWrite(5, repeatHH);
0x0326	0x3005      	MOVLW      5
0x0327	0x00B4      	MOVWF      FARG_EEPROMWrite_addrs
0x0328	0x082C      	MOVF       _repeatHH, 0
0x0329	0x00B5      	MOVWF      FARG_EEPROMWrite_val
0x032A	0x21CD      	CALL       _EEPROMWrite
;pumpMotor.c,207 :: 		while(!setKey){
L_setupTime65:
0x032B	0x1283      	BCF        STATUS, 5
0x032C	0x1805      	BTFSC      RA0_bit, BitPos(RA0_bit+0)
0x032D	0x2B70      	GOTO       L_setupTime66
;pumpMotor.c,208 :: 		for(d = 0; d < 100; d++){
0x032E	0x01B2      	CLRF       setupTime_d_L0
L_setupTime67:
0x032F	0x3064      	MOVLW      100
0x0330	0x0232      	SUBWF      setupTime_d_L0, 0
0x0331	0x1803      	BTFSC      STATUS, 0
0x0332	0x2B51      	GOTO       L_setupTime68
;pumpMotor.c,209 :: 		segmentOut(1, 92);  // 0
0x0333	0x3001      	MOVLW      1
0x0334	0x00BA      	MOVWF      FARG_segmentOut_d
0x0335	0x305C      	MOVLW      92
0x0336	0x00BB      	MOVWF      FARG_segmentOut_val
0x0337	0x2123      	CALL       _segmentOut
;pumpMotor.c,210 :: 		segmentByte(2, repeatHH);
0x0338	0x3002      	MOVLW      2
0x0339	0x00B4      	MOVWF      FARG_segmentByte_d
0x033A	0x082C      	MOVF       _repeatHH, 0
0x033B	0x00B5      	MOVWF      FARG_segmentByte_val
0x033C	0x21E4      	CALL       _segmentByte
;pumpMotor.c,211 :: 		segmentByte(4, repeatMM);
0x033D	0x3004      	MOVLW      4
0x033E	0x00B4      	MOVWF      FARG_segmentByte_d
0x033F	0x0829      	MOVF       _repeatMM, 0
0x0340	0x00B5      	MOVWF      FARG_segmentByte_val
0x0341	0x21E4      	CALL       _segmentByte
;pumpMotor.c,212 :: 		repeatMM = checkUP(repeatMM);
0x0342	0x0829      	MOVF       _repeatMM, 0
0x0343	0x00B4      	MOVWF      FARG_checkUP_val
0x0344	0x2167      	CALL       _checkUP
0x0345	0x0870      	MOVF       R0, 0
0x0346	0x00A9      	MOVWF      _repeatMM
;pumpMotor.c,213 :: 		repeatMM = checkDOWN(repeatMM);
0x0347	0x0870      	MOVF       R0, 0
0x0348	0x00B4      	MOVWF      FARG_checkDOWN_val
0x0349	0x2153      	CALL       _checkDOWN
0x034A	0x0870      	MOVF       R0, 0
0x034B	0x00A9      	MOVWF      _repeatMM
;pumpMotor.c,214 :: 		if(setKey) break;
0x034C	0x1C05      	BTFSS      RA0_bit, BitPos(RA0_bit+0)
0x034D	0x2B4F      	GOTO       L_setupTime70
0x034E	0x2B51      	GOTO       L_setupTime68
L_setupTime70:
;pumpMotor.c,208 :: 		for(d = 0; d < 100; d++){
0x034F	0x0AB2      	INCF       setupTime_d_L0, 1
;pumpMotor.c,215 :: 		}
0x0350	0x2B2F      	GOTO       L_setupTime67
L_setupTime68:
;pumpMotor.c,216 :: 		for(d = 0; d < 100; d++){
0x0351	0x01B2      	CLRF       setupTime_d_L0
L_setupTime71:
0x0352	0x3064      	MOVLW      100
0x0353	0x0232      	SUBWF      setupTime_d_L0, 0
0x0354	0x1803      	BTFSC      STATUS, 0
0x0355	0x2B6F      	GOTO       L_setupTime72
;pumpMotor.c,217 :: 		segmentOut(1, 92);  // 0
0x0356	0x3001      	MOVLW      1
0x0357	0x00BA      	MOVWF      FARG_segmentOut_d
0x0358	0x305C      	MOVLW      92
0x0359	0x00BB      	MOVWF      FARG_segmentOut_val
0x035A	0x2123      	CALL       _segmentOut
;pumpMotor.c,218 :: 		segmentByte(2, repeatHH);
0x035B	0x3002      	MOVLW      2
0x035C	0x00B4      	MOVWF      FARG_segmentByte_d
0x035D	0x082C      	MOVF       _repeatHH, 0
0x035E	0x00B5      	MOVWF      FARG_segmentByte_val
0x035F	0x21E4      	CALL       _segmentByte
;pumpMotor.c,219 :: 		repeatMM = checkUP(repeatMM);
0x0360	0x0829      	MOVF       _repeatMM, 0
0x0361	0x00B4      	MOVWF      FARG_checkUP_val
0x0362	0x2167      	CALL       _checkUP
0x0363	0x0870      	MOVF       R0, 0
0x0364	0x00A9      	MOVWF      _repeatMM
;pumpMotor.c,220 :: 		repeatMM = checkDOWN(repeatMM);
0x0365	0x0870      	MOVF       R0, 0
0x0366	0x00B4      	MOVWF      FARG_checkDOWN_val
0x0367	0x2153      	CALL       _checkDOWN
0x0368	0x0870      	MOVF       R0, 0
0x0369	0x00A9      	MOVWF      _repeatMM
;pumpMotor.c,221 :: 		if(setKey) break;
0x036A	0x1C05      	BTFSS      RA0_bit, BitPos(RA0_bit+0)
0x036B	0x2B6D      	GOTO       L_setupTime74
0x036C	0x2B6F      	GOTO       L_setupTime72
L_setupTime74:
;pumpMotor.c,216 :: 		for(d = 0; d < 100; d++){
0x036D	0x0AB2      	INCF       setupTime_d_L0, 1
;pumpMotor.c,222 :: 		}
0x036E	0x2B52      	GOTO       L_setupTime71
L_setupTime72:
;pumpMotor.c,223 :: 		}
0x036F	0x2B2B      	GOTO       L_setupTime65
L_setupTime66:
;pumpMotor.c,224 :: 		delay_ms(400);
0x0370	0x3005      	MOVLW      5
0x0371	0x00FB      	MOVWF      R11
0x0372	0x300F      	MOVLW      15
0x0373	0x00FC      	MOVWF      R12
0x0374	0x30F1      	MOVLW      241
0x0375	0x00FD      	MOVWF      R13
L_setupTime75:
0x0376	0x0BFD      	DECFSZ     R13, 1
0x0377	0x2B76      	GOTO       L_setupTime75
0x0378	0x0BFC      	DECFSZ     R12, 1
0x0379	0x2B76      	GOTO       L_setupTime75
0x037A	0x0BFB      	DECFSZ     R11, 1
0x037B	0x2B76      	GOTO       L_setupTime75
;pumpMotor.c,225 :: 		EEPROMWrite(6, repeatMM);
0x037C	0x3006      	MOVLW      6
0x037D	0x00B4      	MOVWF      FARG_EEPROMWrite_addrs
0x037E	0x0829      	MOVF       _repeatMM, 0
0x037F	0x00B5      	MOVWF      FARG_EEPROMWrite_val
0x0380	0x21CD      	CALL       _EEPROMWrite
;pumpMotor.c,226 :: 		}
L_end_setupTime:
0x0381	0x0008      	RETURN
; end of _setupTime
_animation:
;pumpMotor.c,85 :: 		void animation(){
;pumpMotor.c,86 :: 		switch(anime){
0x0382	0x2BA9      	GOTO       L_animation11
;pumpMotor.c,87 :: 		case 0: segmentOut(1, 1); break;
L_animation13:
0x0383	0x3001      	MOVLW      1
0x0384	0x1283      	BCF        STATUS, 5
0x0385	0x1303      	BCF        STATUS, 6
0x0386	0x00BA      	MOVWF      FARG_segmentOut_d
0x0387	0x3001      	MOVLW      1
0x0388	0x00BB      	MOVWF      FARG_segmentOut_val
0x0389	0x2123      	CALL       _segmentOut
0x038A	0x2BC3      	GOTO       L_animation12
;pumpMotor.c,88 :: 		case 1: segmentOut(1, 2); break;
L_animation14:
0x038B	0x3001      	MOVLW      1
0x038C	0x00BA      	MOVWF      FARG_segmentOut_d
0x038D	0x3002      	MOVLW      2
0x038E	0x00BB      	MOVWF      FARG_segmentOut_val
0x038F	0x2123      	CALL       _segmentOut
0x0390	0x2BC3      	GOTO       L_animation12
;pumpMotor.c,89 :: 		case 2: segmentOut(1, 4); break;
L_animation15:
0x0391	0x3001      	MOVLW      1
0x0392	0x00BA      	MOVWF      FARG_segmentOut_d
0x0393	0x3004      	MOVLW      4
0x0394	0x00BB      	MOVWF      FARG_segmentOut_val
0x0395	0x2123      	CALL       _segmentOut
0x0396	0x2BC3      	GOTO       L_animation12
;pumpMotor.c,90 :: 		case 3: segmentOut(1, 8); break;
L_animation16:
0x0397	0x3001      	MOVLW      1
0x0398	0x00BA      	MOVWF      FARG_segmentOut_d
0x0399	0x3008      	MOVLW      8
0x039A	0x00BB      	MOVWF      FARG_segmentOut_val
0x039B	0x2123      	CALL       _segmentOut
0x039C	0x2BC3      	GOTO       L_animation12
;pumpMotor.c,91 :: 		case 4: segmentOut(1, 16); break;
L_animation17:
0x039D	0x3001      	MOVLW      1
0x039E	0x00BA      	MOVWF      FARG_segmentOut_d
0x039F	0x3010      	MOVLW      16
0x03A0	0x00BB      	MOVWF      FARG_segmentOut_val
0x03A1	0x2123      	CALL       _segmentOut
0x03A2	0x2BC3      	GOTO       L_animation12
;pumpMotor.c,92 :: 		case 5: segmentOut(1, 32); break;
L_animation18:
0x03A3	0x3001      	MOVLW      1
0x03A4	0x00BA      	MOVWF      FARG_segmentOut_d
0x03A5	0x3020      	MOVLW      32
0x03A6	0x00BB      	MOVWF      FARG_segmentOut_val
0x03A7	0x2123      	CALL       _segmentOut
0x03A8	0x2BC3      	GOTO       L_animation12
;pumpMotor.c,93 :: 		}
L_animation11:
0x03A9	0x1283      	BCF        STATUS, 5
0x03AA	0x1303      	BCF        STATUS, 6
0x03AB	0x0821      	MOVF       _anime, 0
0x03AC	0x3A00      	XORLW      0
0x03AD	0x1903      	BTFSC      STATUS, 2
0x03AE	0x2B83      	GOTO       L_animation13
0x03AF	0x0821      	MOVF       _anime, 0
0x03B0	0x3A01      	XORLW      1
0x03B1	0x1903      	BTFSC      STATUS, 2
0x03B2	0x2B8B      	GOTO       L_animation14
0x03B3	0x0821      	MOVF       _anime, 0
0x03B4	0x3A02      	XORLW      2
0x03B5	0x1903      	BTFSC      STATUS, 2
0x03B6	0x2B91      	GOTO       L_animation15
0x03B7	0x0821      	MOVF       _anime, 0
0x03B8	0x3A03      	XORLW      3
0x03B9	0x1903      	BTFSC      STATUS, 2
0x03BA	0x2B97      	GOTO       L_animation16
0x03BB	0x0821      	MOVF       _anime, 0
0x03BC	0x3A04      	XORLW      4
0x03BD	0x1903      	BTFSC      STATUS, 2
0x03BE	0x2B9D      	GOTO       L_animation17
0x03BF	0x0821      	MOVF       _anime, 0
0x03C0	0x3A05      	XORLW      5
0x03C1	0x1903      	BTFSC      STATUS, 2
0x03C2	0x2BA3      	GOTO       L_animation18
L_animation12:
;pumpMotor.c,94 :: 		}
L_end_animation:
0x03C3	0x0008      	RETURN
; end of _animation
_EEPROMRead:
;pumpMotor.c,105 :: 		char EEPROMRead(char addrs){
;pumpMotor.c,107 :: 		soft_I2C_Start();
0x03C4	0x2071      	CALL       _Soft_I2C_Start
;pumpMotor.c,108 :: 		soft_I2C_Write(0xA2);
0x03C5	0x30A2      	MOVLW      162
0x03C6	0x1283      	BCF        STATUS, 5
0x03C7	0x00BA      	MOVWF      FARG_Soft_I2C_Write_data_
0x03C8	0x2082      	CALL       _Soft_I2C_Write
;pumpMotor.c,109 :: 		soft_I2C_Write(addrs);
0x03C9	0x0832      	MOVF       FARG_EEPROMRead_addrs, 0
0x03CA	0x00BA      	MOVWF      FARG_Soft_I2C_Write_data_
0x03CB	0x2082      	CALL       _Soft_I2C_Write
;pumpMotor.c,110 :: 		soft_I2C_Start();
0x03CC	0x2071      	CALL       _Soft_I2C_Start
;pumpMotor.c,111 :: 		soft_I2C_Write(0xA3);
0x03CD	0x30A3      	MOVLW      163
0x03CE	0x1283      	BCF        STATUS, 5
0x03CF	0x00BA      	MOVWF      FARG_Soft_I2C_Write_data_
0x03D0	0x2082      	CALL       _Soft_I2C_Write
;pumpMotor.c,112 :: 		dta = soft_I2C_Read(0u);
0x03D1	0x01B4      	CLRF       FARG_Soft_I2C_Read_ack
0x03D2	0x01B5      	CLRF       FARG_Soft_I2C_Read_ack+1
0x03D3	0x217C      	CALL       _Soft_I2C_Read
0x03D4	0x0870      	MOVF       R0, 0
0x03D5	0x00B3      	MOVWF      EEPROMRead_dta_L0
;pumpMotor.c,113 :: 		soft_I2C_Stop();
0x03D6	0x20F0      	CALL       _Soft_I2C_Stop
;pumpMotor.c,114 :: 		delay_ms(25);
0x03D7	0x3041      	MOVLW      65
0x03D8	0x00FC      	MOVWF      R12
0x03D9	0x30EE      	MOVLW      238
0x03DA	0x00FD      	MOVWF      R13
L_EEPROMRead20:
0x03DB	0x0BFD      	DECFSZ     R13, 1
0x03DC	0x2BDB      	GOTO       L_EEPROMRead20
0x03DD	0x0BFC      	DECFSZ     R12, 1
0x03DE	0x2BDB      	GOTO       L_EEPROMRead20
0x03DF	0x0000      	NOP
;pumpMotor.c,115 :: 		return dta;
0x03E0	0x1283      	BCF        STATUS, 5
0x03E1	0x0833      	MOVF       EEPROMRead_dta_L0, 0
0x03E2	0x00F0      	MOVWF      R0
;pumpMotor.c,116 :: 		}
L_end_EEPROMRead:
0x03E3	0x0008      	RETURN
; end of _EEPROMRead
_InitTimer1:
;pumpMotor.c,24 :: 		void InitTimer1(){
;pumpMotor.c,25 :: 		T1CON = 0x21;
0x03E4	0x3021      	MOVLW      33
0x03E5	0x1283      	BCF        STATUS, 5
0x03E6	0x1303      	BCF        STATUS, 6
0x03E7	0x0090      	MOVWF      T1CON
;pumpMotor.c,26 :: 		TMR1IF_bit = 0;
0x03E8	0x100C      	BCF        TMR1IF_bit, BitPos(TMR1IF_bit+0)
;pumpMotor.c,27 :: 		TMR1H = 0x3C;
0x03E9	0x303C      	MOVLW      60
0x03EA	0x008F      	MOVWF      TMR1H
;pumpMotor.c,28 :: 		TMR1L = 0xB0;
0x03EB	0x30B0      	MOVLW      176
0x03EC	0x008E      	MOVWF      TMR1L
;pumpMotor.c,29 :: 		TMR1IE_bit = 1;
0x03ED	0x1683      	BSF        STATUS, 5
0x03EE	0x140C      	BSF        TMR1IE_bit, BitPos(TMR1IE_bit+0)
;pumpMotor.c,30 :: 		INTCON = 0xC0;
0x03EF	0x30C0      	MOVLW      192
0x03F0	0x008B      	MOVWF      INTCON
;pumpMotor.c,31 :: 		}
L_end_InitTimer1:
0x03F1	0x0008      	RETURN
; end of _InitTimer1
___CC2DW:
;__Lib_System.c,134 :: 		
;__Lib_System.c,137 :: 		
_CC2D_Loop1:
;__Lib_System.c,139 :: 		
0x03F2	0x211C      	CALL       _____DoICP
0x03F3	0x118A      	BCF        PCLATH, 3
0x03F4	0x120A      	BCF        PCLATH, 4
;__Lib_System.c,141 :: 		
0x03F5	0x0080      	MOVWF      INDF
;__Lib_System.c,142 :: 		
0x03F6	0x0A84      	INCF       FSR, 1
;__Lib_System.c,143 :: 		
0x03F7	0x0AA6      	INCF       ___DoICPAddr, 1
;__Lib_System.c,145 :: 		
0x03F8	0x1903      	BTFSC      STATUS, 2
;__Lib_System.c,146 :: 		
0x03F9	0x0AA7      	INCF       ___DoICPAddr+1, 1
;__Lib_System.c,147 :: 		
0x03FA	0x03F0      	DECF       R0, 1
;__Lib_System.c,149 :: 		
0x03FB	0x1D03      	BTFSS      STATUS, 2
;__Lib_System.c,150 :: 		
0x03FC	0x2BF2      	GOTO       _CC2D_Loop1
;__Lib_System.c,152 :: 		
L_end___CC2DW:
0x03FD	0x0008      	RETURN
; end of ___CC2DW
_Soft_I2C_Init:
;__Lib_SoftI2C.c,69 :: 		
;__Lib_SoftI2C.c,75 :: 		
0x03FE	0x1683      	BSF        STATUS, 5
0x03FF	0x1303      	BCF        STATUS, 6
0x0400	0x1587      	BSF        Soft_I2C_Scl_Direction, BitPos(Soft_I2C_Scl_Direction+0)
;__Lib_SoftI2C.c,76 :: 		
0x0401	0x1607      	BSF        Soft_I2C_Sda_Direction, BitPos(Soft_I2C_Sda_Direction+0)
;__Lib_SoftI2C.c,78 :: 		
0x0402	0x1283      	BCF        STATUS, 5
0x0403	0x1025      	BCF        __Lib_SoftI2C___StopWaiting, BitPos(__Lib_SoftI2C___StopWaiting+0)
;__Lib_SoftI2C.c,79 :: 		
L_Soft_I2C_Init0:
0x0404	0x1987      	BTFSC      Soft_I2C_Scl, BitPos(Soft_I2C_Scl+0)
0x0405	0x2C0A      	GOTO       L_Soft_I2C_Init1
;__Lib_SoftI2C.c,80 :: 		
0x0406	0x1C25      	BTFSS      __Lib_SoftI2C___StopWaiting, BitPos(__Lib_SoftI2C___StopWaiting+0)
0x0407	0x2C09      	GOTO       L_Soft_I2C_Init2
;__Lib_SoftI2C.c,81 :: 		
0x0408	0x2C0A      	GOTO       L_Soft_I2C_Init1
L_Soft_I2C_Init2:
0x0409	0x2C04      	GOTO       L_Soft_I2C_Init0
L_Soft_I2C_Init1:
;__Lib_SoftI2C.c,83 :: 		
L_end_Soft_I2C_Init:
0x040A	0x0008      	RETURN
; end of _Soft_I2C_Init
_main:
0x040B	0x1283      	BCF        STATUS, 5
0x040C	0x1303      	BCF        STATUS, 6
0x040D	0x01A1      	CLRF       _anime
0x040E	0x01A2      	CLRF       checkUP_bFlag_L0
0x040F	0x01A3      	CLRF       checkDOWN_bFlag_L0
0x0410	0x01A4      	CLRF       _counter
;pumpMotor.c,228 :: 		void main() {
;pumpMotor.c,229 :: 		ADCON1 = 0x07; TRISA = 0x0F;
0x0411	0x3007      	MOVLW      7
0x0412	0x1683      	BSF        STATUS, 5
0x0413	0x009F      	MOVWF      ADCON1
0x0414	0x300F      	MOVLW      15
0x0415	0x0085      	MOVWF      TRISA
;pumpMotor.c,230 :: 		TRISB = 0x00; PORTB = 0x00;
0x0416	0x0186      	CLRF       TRISB
0x0417	0x1283      	BCF        STATUS, 5
0x0418	0x0186      	CLRF       PORTB
;pumpMotor.c,231 :: 		TRISC = 0x00; PORTC = 0x00;
0x0419	0x1683      	BSF        STATUS, 5
0x041A	0x0187      	CLRF       TRISC
0x041B	0x1283      	BCF        STATUS, 5
0x041C	0x0187      	CLRF       PORTC
;pumpMotor.c,232 :: 		soft_I2C_init();
0x041D	0x23FE      	CALL       _Soft_I2C_Init
;pumpMotor.c,233 :: 		InitTimer1();
0x041E	0x23E4      	CALL       _InitTimer1
;pumpMotor.c,244 :: 		targetMM = EEPROMRead(0);
0x041F	0x1283      	BCF        STATUS, 5
0x0420	0x01B2      	CLRF       FARG_EEPROMRead_addrs
0x0421	0x23C4      	CALL       _EEPROMRead
0x0422	0x0870      	MOVF       R0, 0
0x0423	0x00AD      	MOVWF      _targetMM
;pumpMotor.c,245 :: 		targetSS = EEPROMRead(1);
0x0424	0x3001      	MOVLW      1
0x0425	0x00B2      	MOVWF      FARG_EEPROMRead_addrs
0x0426	0x23C4      	CALL       _EEPROMRead
0x0427	0x0870      	MOVF       R0, 0
0x0428	0x00AF      	MOVWF      _targetSS
;pumpMotor.c,246 :: 		currentMM = EEPROMRead(2);
0x0429	0x3002      	MOVLW      2
0x042A	0x00B2      	MOVWF      FARG_EEPROMRead_addrs
0x042B	0x23C4      	CALL       _EEPROMRead
0x042C	0x0870      	MOVF       R0, 0
0x042D	0x00AA      	MOVWF      _currentMM
;pumpMotor.c,247 :: 		currentSS = EEPROMRead(3);
0x042E	0x3003      	MOVLW      3
0x042F	0x00B2      	MOVWF      FARG_EEPROMRead_addrs
0x0430	0x23C4      	CALL       _EEPROMRead
0x0431	0x0870      	MOVF       R0, 0
0x0432	0x00AE      	MOVWF      _currentSS
;pumpMotor.c,248 :: 		motorFlag = EEPROMRead(4);
0x0433	0x3004      	MOVLW      4
0x0434	0x00B2      	MOVWF      FARG_EEPROMRead_addrs
0x0435	0x23C4      	CALL       _EEPROMRead
0x0436	0x0870      	MOVF       R0, 0
0x0437	0x00AB      	MOVWF      _motorFlag
;pumpMotor.c,249 :: 		repeatHH = EEPROMRead(5);
0x0438	0x3005      	MOVLW      5
0x0439	0x00B2      	MOVWF      FARG_EEPROMRead_addrs
0x043A	0x23C4      	CALL       _EEPROMRead
0x043B	0x0870      	MOVF       R0, 0
0x043C	0x00AC      	MOVWF      _repeatHH
;pumpMotor.c,250 :: 		repeatMM = EEPROMRead(6);
0x043D	0x3006      	MOVLW      6
0x043E	0x00B2      	MOVWF      FARG_EEPROMRead_addrs
0x043F	0x23C4      	CALL       _EEPROMRead
0x0440	0x0870      	MOVF       R0, 0
0x0441	0x00A9      	MOVWF      _repeatMM
;pumpMotor.c,251 :: 		currentHH = EEPROMRead(7);
0x0442	0x3007      	MOVLW      7
0x0443	0x00B2      	MOVWF      FARG_EEPROMRead_addrs
0x0444	0x23C4      	CALL       _EEPROMRead
0x0445	0x0870      	MOVF       R0, 0
0x0446	0x00A8      	MOVWF      _currentHH
;pumpMotor.c,253 :: 		while(1){
L_main76:
;pumpMotor.c,254 :: 		if(motorFlag == 0 && motorKey){
0x0447	0x082B      	MOVF       _motorFlag, 0
0x0448	0x3A00      	XORLW      0
0x0449	0x1D03      	BTFSS      STATUS, 2
0x044A	0x2C9E      	GOTO       L_main80
0x044B	0x1D85      	BTFSS      RA3_bit, BitPos(RA3_bit+0)
0x044C	0x2C9E      	GOTO       L_main80
L__main114:
;pumpMotor.c,255 :: 		relay = 0;
0x044D	0x1007      	BCF        RC0_bit, BitPos(RC0_bit+0)
;pumpMotor.c,256 :: 		led = 0;
0x044E	0x1285      	BCF        RA5_bit, BitPos(RA5_bit+0)
;pumpMotor.c,258 :: 		EEPROMWrite(7, currentHH);
0x044F	0x3007      	MOVLW      7
0x0450	0x00B4      	MOVWF      FARG_EEPROMWrite_addrs
0x0451	0x0828      	MOVF       _currentHH, 0
0x0452	0x00B5      	MOVWF      FARG_EEPROMWrite_val
0x0453	0x21CD      	CALL       _EEPROMWrite
;pumpMotor.c,259 :: 		segmentByte(2, currentHH);
0x0454	0x3002      	MOVLW      2
0x0455	0x1283      	BCF        STATUS, 5
0x0456	0x00B4      	MOVWF      FARG_segmentByte_d
0x0457	0x0828      	MOVF       _currentHH, 0
0x0458	0x00B5      	MOVWF      FARG_segmentByte_val
0x0459	0x21E4      	CALL       _segmentByte
;pumpMotor.c,260 :: 		EEPROMWrite(2, currentMM);
0x045A	0x3002      	MOVLW      2
0x045B	0x00B4      	MOVWF      FARG_EEPROMWrite_addrs
0x045C	0x082A      	MOVF       _currentMM, 0
0x045D	0x00B5      	MOVWF      FARG_EEPROMWrite_val
0x045E	0x21CD      	CALL       _EEPROMWrite
;pumpMotor.c,261 :: 		segmentByte(4, currentMM);
0x045F	0x3004      	MOVLW      4
0x0460	0x1283      	BCF        STATUS, 5
0x0461	0x00B4      	MOVWF      FARG_segmentByte_d
0x0462	0x082A      	MOVF       _currentMM, 0
0x0463	0x00B5      	MOVWF      FARG_segmentByte_val
0x0464	0x21E4      	CALL       _segmentByte
;pumpMotor.c,262 :: 		EEPROMWrite(3, currentSS);
0x0465	0x3003      	MOVLW      3
0x0466	0x00B4      	MOVWF      FARG_EEPROMWrite_addrs
0x0467	0x082E      	MOVF       _currentSS, 0
0x0468	0x00B5      	MOVWF      FARG_EEPROMWrite_val
0x0469	0x21CD      	CALL       _EEPROMWrite
;pumpMotor.c,263 :: 		animation();
0x046A	0x2382      	CALL       _animation
;pumpMotor.c,265 :: 		if(secFlag) {
0x046B	0x1CA5      	BTFSS      _secFlag, BitPos(_secFlag+0)
0x046C	0x2C9D      	GOTO       L_main81
;pumpMotor.c,266 :: 		if(currentSS == 0 && currentMM == 0 && currentHH == 0) {
0x046D	0x082E      	MOVF       _currentSS, 0
0x046E	0x3A00      	XORLW      0
0x046F	0x1D03      	BTFSS      STATUS, 2
0x0470	0x2C84      	GOTO       L_main84
0x0471	0x082A      	MOVF       _currentMM, 0
0x0472	0x3A00      	XORLW      0
0x0473	0x1D03      	BTFSS      STATUS, 2
0x0474	0x2C84      	GOTO       L_main84
0x0475	0x0828      	MOVF       _currentHH, 0
0x0476	0x3A00      	XORLW      0
0x0477	0x1D03      	BTFSS      STATUS, 2
0x0478	0x2C84      	GOTO       L_main84
L__main113:
;pumpMotor.c,267 :: 		currentMM = targetMM;
0x0479	0x082D      	MOVF       _targetMM, 0
0x047A	0x00AA      	MOVWF      _currentMM
;pumpMotor.c,268 :: 		currentSS = targetSS;
0x047B	0x082F      	MOVF       _targetSS, 0
0x047C	0x00AE      	MOVWF      _currentSS
;pumpMotor.c,269 :: 		motorFlag = 1;
0x047D	0x3001      	MOVLW      1
0x047E	0x00AB      	MOVWF      _motorFlag
;pumpMotor.c,270 :: 		EEPROMWrite(4, motorFlag);
0x047F	0x3004      	MOVLW      4
0x0480	0x00B4      	MOVWF      FARG_EEPROMWrite_addrs
0x0481	0x3001      	MOVLW      1
0x0482	0x00B5      	MOVWF      FARG_EEPROMWrite_val
0x0483	0x21CD      	CALL       _EEPROMWrite
;pumpMotor.c,271 :: 		}
L_main84:
;pumpMotor.c,273 :: 		if(currentSS == 0) {
0x0484	0x1283      	BCF        STATUS, 5
0x0485	0x082E      	MOVF       _currentSS, 0
0x0486	0x3A00      	XORLW      0
0x0487	0x1D03      	BTFSS      STATUS, 2
0x0488	0x2C9B      	GOTO       L_main85
;pumpMotor.c,274 :: 		currentSS = 60;
0x0489	0x303C      	MOVLW      60
0x048A	0x00AE      	MOVWF      _currentSS
;pumpMotor.c,275 :: 		if(currentMM != 0) currentMM--;
0x048B	0x082A      	MOVF       _currentMM, 0
0x048C	0x3A00      	XORLW      0
0x048D	0x1903      	BTFSC      STATUS, 2
0x048E	0x2C90      	GOTO       L_main86
0x048F	0x03AA      	DECF       _currentMM, 1
L_main86:
;pumpMotor.c,276 :: 		if(currentMM == 0 && currentHH != 0){
0x0490	0x082A      	MOVF       _currentMM, 0
0x0491	0x3A00      	XORLW      0
0x0492	0x1D03      	BTFSS      STATUS, 2
0x0493	0x2C9B      	GOTO       L_main89
0x0494	0x0828      	MOVF       _currentHH, 0
0x0495	0x3A00      	XORLW      0
0x0496	0x1903      	BTFSC      STATUS, 2
0x0497	0x2C9B      	GOTO       L_main89
L__main112:
;pumpMotor.c,277 :: 		currentMM = 59;
0x0498	0x303B      	MOVLW      59
0x0499	0x00AA      	MOVWF      _currentMM
;pumpMotor.c,278 :: 		currentHH--;
0x049A	0x03A8      	DECF       _currentHH, 1
;pumpMotor.c,279 :: 		}
L_main89:
;pumpMotor.c,280 :: 		}
L_main85:
;pumpMotor.c,282 :: 		currentSS--;
0x049B	0x03AE      	DECF       _currentSS, 1
;pumpMotor.c,283 :: 		secFlag = 0;
0x049C	0x10A5      	BCF        _secFlag, BitPos(_secFlag+0)
;pumpMotor.c,284 :: 		}
L_main81:
;pumpMotor.c,285 :: 		}
0x049D	0x2D03      	GOTO       L_main90
L_main80:
;pumpMotor.c,286 :: 		else if(motorFlag == 1 && motorKey){
0x049E	0x082B      	MOVF       _motorFlag, 0
0x049F	0x3A01      	XORLW      1
0x04A0	0x1D03      	BTFSS      STATUS, 2
0x04A1	0x2CE1      	GOTO       L_main93
0x04A2	0x1D85      	BTFSS      RA3_bit, BitPos(RA3_bit+0)
0x04A3	0x2CE1      	GOTO       L_main93
L__main111:
;pumpMotor.c,287 :: 		relay = 1;
0x04A4	0x1407      	BSF        RC0_bit, BitPos(RC0_bit+0)
;pumpMotor.c,288 :: 		led = 1;
0x04A5	0x1685      	BSF        RA5_bit, BitPos(RA5_bit+0)
;pumpMotor.c,290 :: 		segmentByte(2, currentMM);
0x04A6	0x3002      	MOVLW      2
0x04A7	0x00B4      	MOVWF      FARG_segmentByte_d
0x04A8	0x082A      	MOVF       _currentMM, 0
0x04A9	0x00B5      	MOVWF      FARG_segmentByte_val
0x04AA	0x21E4      	CALL       _segmentByte
;pumpMotor.c,291 :: 		segmentByte(4, currentSS);
0x04AB	0x3004      	MOVLW      4
0x04AC	0x00B4      	MOVWF      FARG_segmentByte_d
0x04AD	0x082E      	MOVF       _currentSS, 0
0x04AE	0x00B5      	MOVWF      FARG_segmentByte_val
0x04AF	0x21E4      	CALL       _segmentByte
;pumpMotor.c,292 :: 		animation();
0x04B0	0x2382      	CALL       _animation
;pumpMotor.c,294 :: 		if(secFlag) {
0x04B1	0x1CA5      	BTFSS      _secFlag, BitPos(_secFlag+0)
0x04B2	0x2CE0      	GOTO       L_main94
;pumpMotor.c,295 :: 		if(currentSS == 0 && currentMM != 0) {
0x04B3	0x082E      	MOVF       _currentSS, 0
0x04B4	0x3A00      	XORLW      0
0x04B5	0x1D03      	BTFSS      STATUS, 2
0x04B6	0x2CBE      	GOTO       L_main97
0x04B7	0x082A      	MOVF       _currentMM, 0
0x04B8	0x3A00      	XORLW      0
0x04B9	0x1903      	BTFSC      STATUS, 2
0x04BA	0x2CBE      	GOTO       L_main97
L__main110:
;pumpMotor.c,296 :: 		currentSS = 60;
0x04BB	0x303C      	MOVLW      60
0x04BC	0x00AE      	MOVWF      _currentSS
;pumpMotor.c,297 :: 		currentMM--;
0x04BD	0x03AA      	DECF       _currentMM, 1
;pumpMotor.c,298 :: 		}
L_main97:
;pumpMotor.c,300 :: 		if(currentSS == 0 && currentMM == 0) {
0x04BE	0x082E      	MOVF       _currentSS, 0
0x04BF	0x3A00      	XORLW      0
0x04C0	0x1D03      	BTFSS      STATUS, 2
0x04C1	0x2CD1      	GOTO       L_main100
0x04C2	0x082A      	MOVF       _currentMM, 0
0x04C3	0x3A00      	XORLW      0
0x04C4	0x1D03      	BTFSS      STATUS, 2
0x04C5	0x2CD1      	GOTO       L_main100
L__main109:
;pumpMotor.c,301 :: 		currentHH = repeatHH;
0x04C6	0x082C      	MOVF       _repeatHH, 0
0x04C7	0x00A8      	MOVWF      _currentHH
;pumpMotor.c,302 :: 		currentMM = repeatMM;
0x04C8	0x0829      	MOVF       _repeatMM, 0
0x04C9	0x00AA      	MOVWF      _currentMM
;pumpMotor.c,303 :: 		currentSS = 1;
0x04CA	0x3001      	MOVLW      1
0x04CB	0x00AE      	MOVWF      _currentSS
;pumpMotor.c,304 :: 		motorFlag = 0;
0x04CC	0x01AB      	CLRF       _motorFlag
;pumpMotor.c,305 :: 		EEPROMWrite(4, motorFlag);
0x04CD	0x3004      	MOVLW      4
0x04CE	0x00B4      	MOVWF      FARG_EEPROMWrite_addrs
0x04CF	0x01B5      	CLRF       FARG_EEPROMWrite_val
0x04D0	0x21CD      	CALL       _EEPROMWrite
;pumpMotor.c,306 :: 		}
L_main100:
;pumpMotor.c,308 :: 		currentSS--;
0x04D1	0x1283      	BCF        STATUS, 5
0x04D2	0x03AE      	DECF       _currentSS, 1
;pumpMotor.c,310 :: 		EEPROMWrite(2, currentMM);
0x04D3	0x3002      	MOVLW      2
0x04D4	0x00B4      	MOVWF      FARG_EEPROMWrite_addrs
0x04D5	0x082A      	MOVF       _currentMM, 0
0x04D6	0x00B5      	MOVWF      FARG_EEPROMWrite_val
0x04D7	0x21CD      	CALL       _EEPROMWrite
;pumpMotor.c,311 :: 		EEPROMWrite(3, currentSS);
0x04D8	0x3003      	MOVLW      3
0x04D9	0x1283      	BCF        STATUS, 5
0x04DA	0x00B4      	MOVWF      FARG_EEPROMWrite_addrs
0x04DB	0x082E      	MOVF       _currentSS, 0
0x04DC	0x00B5      	MOVWF      FARG_EEPROMWrite_val
0x04DD	0x21CD      	CALL       _EEPROMWrite
;pumpMotor.c,312 :: 		secFlag = 0;
0x04DE	0x1283      	BCF        STATUS, 5
0x04DF	0x10A5      	BCF        _secFlag, BitPos(_secFlag+0)
;pumpMotor.c,313 :: 		}
L_main94:
;pumpMotor.c,314 :: 		}
0x04E0	0x2D03      	GOTO       L_main101
L_main93:
;pumpMotor.c,315 :: 		else if(!motorKey){
0x04E1	0x1985      	BTFSC      RA3_bit, BitPos(RA3_bit+0)
0x04E2	0x2D03      	GOTO       L_main102
;pumpMotor.c,316 :: 		relay = 0;
0x04E3	0x1007      	BCF        RC0_bit, BitPos(RC0_bit+0)
;pumpMotor.c,317 :: 		led = 0;
0x04E4	0x1285      	BCF        RA5_bit, BitPos(RA5_bit+0)
;pumpMotor.c,318 :: 		segmentOut(1, 63);     // O
0x04E5	0x3001      	MOVLW      1
0x04E6	0x00BA      	MOVWF      FARG_segmentOut_d
0x04E7	0x303F      	MOVLW      63
0x04E8	0x00BB      	MOVWF      FARG_segmentOut_val
0x04E9	0x2123      	CALL       _segmentOut
;pumpMotor.c,319 :: 		segmentOut(2, 113);    // F
0x04EA	0x3002      	MOVLW      2
0x04EB	0x00BA      	MOVWF      FARG_segmentOut_d
0x04EC	0x3071      	MOVLW      113
0x04ED	0x00BB      	MOVWF      FARG_segmentOut_val
0x04EE	0x2123      	CALL       _segmentOut
;pumpMotor.c,320 :: 		segmentOut(3, 113);    // F
0x04EF	0x3003      	MOVLW      3
0x04F0	0x00BA      	MOVWF      FARG_segmentOut_d
0x04F1	0x3071      	MOVLW      113
0x04F2	0x00BB      	MOVWF      FARG_segmentOut_val
0x04F3	0x2123      	CALL       _segmentOut
;pumpMotor.c,322 :: 		if(setKey) {while(setKey); setupTime();}
0x04F4	0x1C05      	BTFSS      RA0_bit, BitPos(RA0_bit+0)
0x04F5	0x2CFA      	GOTO       L_main103
L_main104:
0x04F6	0x1C05      	BTFSS      RA0_bit, BitPos(RA0_bit+0)
0x04F7	0x2CF9      	GOTO       L_main105
0x04F8	0x2CF6      	GOTO       L_main104
L_main105:
0x04F9	0x221D      	CALL       _setupTime
L_main103:
;pumpMotor.c,323 :: 		if(motorKey) motorFlag = 1;
0x04FA	0x1283      	BCF        STATUS, 5
0x04FB	0x1D85      	BTFSS      RA3_bit, BitPos(RA3_bit+0)
0x04FC	0x2CFF      	GOTO       L_main106
0x04FD	0x3001      	MOVLW      1
0x04FE	0x00AB      	MOVWF      _motorFlag
L_main106:
;pumpMotor.c,324 :: 		currentMM = targetMM;
0x04FF	0x082D      	MOVF       _targetMM, 0
0x0500	0x00AA      	MOVWF      _currentMM
;pumpMotor.c,325 :: 		currentSS = targetSS;
0x0501	0x082F      	MOVF       _targetSS, 0
0x0502	0x00AE      	MOVWF      _currentSS
;pumpMotor.c,326 :: 		}
L_main102:
L_main101:
L_main90:
;pumpMotor.c,327 :: 		}
0x0503	0x2C47      	GOTO       L_main76
;pumpMotor.c,328 :: 		}
L_end_main:
0x0504	0x2D04      	GOTO       $+0
; end of _main
;pumpMotor.c,19 :: _cathode
0x0505	0x343F ;_cathode+0
0x0506	0x3406 ;_cathode+1
0x0507	0x345B ;_cathode+2
0x0508	0x344F ;_cathode+3
0x0509	0x3466 ;_cathode+4
0x050A	0x346D ;_cathode+5
0x050B	0x347D ;_cathode+6
0x050C	0x3407 ;_cathode+7
0x050D	0x347F ;_cathode+8
0x050E	0x346F ;_cathode+9
; end of _cathode
Symbol List:
//** Routines locations **
//ADDRESS    SIZE    PROCEDURE
//----------------------------------------------
0x0004      [38]    _Interrupt
0x002A      [11]    __Lib_SoftI2C_PutZerosToLATSda
0x0035      [11]    __Lib_SoftI2C_PutZerosToLATScl
0x0040       [8]    _clearDigit
0x0048       [3]    _Delay_1us
0x004B      [38]    _mask
0x0071      [17]    _Soft_I2C_Start
0x0082     [110]    _Soft_I2C_Write
0x00F0      [27]    _Soft_I2C_Stop
0x010B      [17]    _Div_8X8_U
0x011C       [7]    _____DoICP
0x0123      [48]    _segmentOut
0x0153      [20]    _checkDOWN
0x0167      [21]    _checkUP
0x017C      [81]    _Soft_I2C_Read
0x01CD      [23]    _EEPROMWrite
0x01E4      [57]    _segmentByte
0x021D     [357]    _setupTime
0x0382      [66]    _animation
0x03C4      [32]    _EEPROMRead
0x03E4      [14]    _InitTimer1
0x03F2      [12]    ___CC2DW
0x03FE      [13]    _Soft_I2C_Init
0x040B     [250]    _main
//** Variables locations ** 
//ADDRESS    SIZE    VARIABLE
//----------------------------------------------
0x0000       [1]    INDF
0x0002       [1]    PCL
0x0003       [1]    STATUS
0x0004       [1]    FSR
0x0005       [0]    RA3_bit
0x0005       [0]    RA5_bit
0x0005       [0]    RA0_bit
0x0005       [0]    RA1_bit
0x0005       [0]    RA2_bit
0x0006       [0]    RB6_bit
0x0006       [0]    RB5_bit
0x0006       [0]    RB2_bit
0x0006       [0]    RB3_bit
0x0006       [0]    RB1_bit
0x0006       [0]    RB4_bit
0x0006       [0]    RB0_bit
0x0006       [1]    PORTB
0x0007       [1]    PORTC
0x0007       [0]    RC0_bit
0x0007       [0]    RC7_bit
0x0007       [0]    Soft_I2C_Sda
0x0007       [0]    RC3_bit
0x0007       [0]    RC4_bit
0x0007       [0]    RC2_bit
0x0007       [0]    RC6_bit
0x0007       [0]    RC5_bit
0x0007       [0]    RC1_bit
0x0007       [0]    Soft_I2C_Scl
0x000A       [1]    PCLATH
0x000B       [1]    INTCON
0x000C       [0]    TMR1IF_bit
0x000E       [1]    TMR1L
0x000F       [1]    TMR1H
0x0010       [1]    T1CON
0x0021       [1]    _anime
0x0022       [1]    checkUP_bFlag_L0
0x0023       [1]    checkDOWN_bFlag_L0
0x0024       [1]    _counter
0x0025       [0]    _secFlag
0x0025       [0]    __Lib_SoftI2C___StopWaiting
0x0026       [2]    ___DoICPAddr
0x0028       [1]    _currentHH
0x0029       [1]    _repeatMM
0x002A       [1]    _currentMM
0x002B       [1]    _motorFlag
0x002C       [1]    _repeatHH
0x002D       [1]    _targetMM
0x002E       [1]    _currentSS
0x002F       [1]    _targetSS
0x0030       [1]    ___savePCLATH
0x0031       [1]    ___saveSTATUS
0x0032       [1]    FARG_EEPROMRead_addrs
0x0032       [1]    setupTime_d_L0
0x0033       [1]    EEPROMRead_dta_L0
0x0034       [1]    FARG_segmentByte_d
0x0034       [1]    FARG_EEPROMWrite_addrs
0x0034       [1]    FARG_checkDOWN_val
0x0034       [2]    FARG_Soft_I2C_Read_ack
0x0034       [1]    FARG_checkUP_val
0x0035       [1]    FARG_segmentByte_val
0x0035       [1]    FARG_EEPROMWrite_val
0x0036       [2]    segmentByte_digit_L0
0x0036       [2]    Soft_I2C_Read_result_L0
0x0038       [2]    Soft_I2C_Read_temp_L0
0x003A       [1]    FARG_Soft_I2C_Write_data_
0x003A       [1]    FARG_segmentOut_d
0x003B       [2]    Soft_I2C_Write_temp_L0
0x003B       [1]    FARG_segmentOut_val
0x003D       [2]    Soft_I2C_Write_result_L0
0x003F       [1]    FARG_mask_val
0x0070       [1]    R0
0x0071       [1]    R1
0x0072       [1]    R2
0x0073       [1]    R3
0x0074       [1]    R4
0x0075       [1]    R5
0x0076       [1]    R6
0x0077       [1]    R7
0x0078       [1]    R8
0x0079       [1]    R9
0x007A       [1]    R10
0x007B       [1]    R11
0x007C       [1]    R12
0x007D       [1]    R13
0x007E       [1]    R14
0x007F       [1]    R15
0x0085       [1]    TRISA
0x0086       [1]    TRISB
0x0087       [1]    TRISC
0x0087       [0]    TRISC4_bit
0x0087       [0]    Soft_I2C_Scl_Direction
0x0087       [0]    Soft_I2C_Sda_Direction
0x0087       [0]    TRISC3_bit
0x008C       [0]    TMR1IE_bit
0x009F       [1]    ADCON1
//** Constants locations ** 
//ADDRESS    SIZE    CONSTANT
//----------------------------------------------
0x0505      [10]    _cathode
