;  LST file generated by mikroListExporter - v.2.0 
; Date/Time: 21-Jul-17 4:28:39 PM
;----------------------------------------------

;Address Opcode 	ASM
0x0000	0xF000EF90  	GOTO        288
0x0004	0x0000      	NOP
0x0006	0x0000      	NOP
0x0008	0xF000EF00  	GOTO        0
0x000C	0x0000      	NOP
0x000E	0x0000      	NOP
0x0010	0x0000      	NOP
0x0012	0x0000      	NOP
0x0014	0x0000      	NOP
0x0016	0x0000      	NOP
0x0018	0xD7F3      	BRA         0
_EEPROM_Read:
;__Lib_EEPROM_256.c,7 :: 		
;__Lib_EEPROM_256.c,9 :: 		
0x001C	0x9CA6      	BCF         EECON1, 6 
;__Lib_EEPROM_256.c,10 :: 		
0x001E	0xFFA9C084  	MOVFF       FARG_EEPROM_Read_address, EEADR
;__Lib_EEPROM_256.c,11 :: 		
0x0022	0x9EA6      	BCF         EECON1, 7 
;__Lib_EEPROM_256.c,12 :: 		
0x0024	0x80A6      	BSF         EECON1, 0 
;__Lib_EEPROM_256.c,14 :: 		
0x0026	0xF000CFA8  	MOVFF       EEDATA, R0
;__Lib_EEPROM_256.c,16 :: 		
L_end_EEPROM_Read:
0x002A	0x0012      	RETURN      0
; end of _EEPROM_Read
_strlen:
;__Lib_CString.c,143 :: 		
;__Lib_CString.c,146 :: 		
0x002C	0xF002C080  	MOVFF       FARG_strlen_s, R2
0x0030	0xF003C081  	MOVFF       FARG_strlen_s+1, R3
;__Lib_CString.c,147 :: 		
L_strlen36:
0x0034	0xF000C002  	MOVFF       R2, R0
0x0038	0xF001C003  	MOVFF       R3, R1
0x003C	0x4A02      	INFSNZ      R2, 1 
0x003E	0x2A03      	INCF        R3, 1 
0x0040	0xFFE9C000  	MOVFF       R0, FSR0L
0x0044	0xFFEAC001  	MOVFF       R1, FSR0H
0x0048	0x52EE      	MOVF        POSTINC0, 1 
0x004A	0xE001      	BZ          L_strlen37
;__Lib_CString.c,148 :: 		
0x004C	0xD7F3      	BRA         L_strlen36
L_strlen37:
;__Lib_CString.c,149 :: 		
0x004E	0x0100      	MOVLB       0
0x0050	0x5180      	MOVF        FARG_strlen_s, 0, 1
0x0052	0x5C02      	SUBWF       R2, 0 
0x0054	0x6E00      	MOVWF       R0 
0x0056	0x5181      	MOVF        FARG_strlen_s+1, 0, 1
0x0058	0x5803      	SUBWFB      R3, 0 
0x005A	0x6E01      	MOVWF       R1 
0x005C	0x0E01      	MOVLW       1
0x005E	0x5E00      	SUBWF       R0, 1 
0x0060	0x0E00      	MOVLW       0
0x0062	0x5A01      	SUBWFB      R1, 1 
;__Lib_CString.c,150 :: 		
L_end_strlen:
0x0064	0x0012      	RETURN      0
; end of _strlen
_masking:
;8x48 PC.c,28 :: 		void masking(unsigned short row_temp){
;8x48 PC.c,29 :: 		portb.f0 = row_temp.f5; portb.f1 = row_temp.f2;
0x0066	0x0100      	MOVLB       0
0x0068	0xBB80      	BTFSC       FARG_masking_row_temp, 5, 1
0x006A	0xD002      	BRA         L__masking28
0x006C	0x9081      	BCF         PORTB, 0 
0x006E	0xD001      	BRA         L__masking29
L__masking28:
0x0070	0x8081      	BSF         PORTB, 0 
L__masking29:
0x0072	0xB580      	BTFSC       FARG_masking_row_temp, 2, 1
0x0074	0xD002      	BRA         L__masking30
0x0076	0x9281      	BCF         PORTB, 1 
0x0078	0xD001      	BRA         L__masking31
L__masking30:
0x007A	0x8281      	BSF         PORTB, 1 
L__masking31:
;8x48 PC.c,30 :: 		portb.f2 = row_temp.f0; portb.f3 = row_temp.f1;
0x007C	0xB180      	BTFSC       FARG_masking_row_temp, 0, 1
0x007E	0xD002      	BRA         L__masking32
0x0080	0x9481      	BCF         PORTB, 2 
0x0082	0xD001      	BRA         L__masking33
L__masking32:
0x0084	0x8481      	BSF         PORTB, 2 
L__masking33:
0x0086	0xB380      	BTFSC       FARG_masking_row_temp, 1, 1
0x0088	0xD002      	BRA         L__masking34
0x008A	0x9681      	BCF         PORTB, 3 
0x008C	0xD001      	BRA         L__masking35
L__masking34:
0x008E	0x8681      	BSF         PORTB, 3 
L__masking35:
;8x48 PC.c,31 :: 		portb.f4 = row_temp.f3; portb.f5 = row_temp.f6;
0x0090	0xB780      	BTFSC       FARG_masking_row_temp, 3, 1
0x0092	0xD002      	BRA         L__masking36
0x0094	0x9881      	BCF         PORTB, 4 
0x0096	0xD001      	BRA         L__masking37
L__masking36:
0x0098	0x8881      	BSF         PORTB, 4 
L__masking37:
0x009A	0xBD80      	BTFSC       FARG_masking_row_temp, 6, 1
0x009C	0xD002      	BRA         L__masking38
0x009E	0x9A81      	BCF         PORTB, 5 
0x00A0	0xD001      	BRA         L__masking39
L__masking38:
0x00A2	0x8A81      	BSF         PORTB, 5 
L__masking39:
;8x48 PC.c,32 :: 		portb.f6 = row_temp.f4; portb.f7 = row_temp.f7;
0x00A4	0xB980      	BTFSC       FARG_masking_row_temp, 4, 1
0x00A6	0xD002      	BRA         L__masking40
0x00A8	0x9C81      	BCF         PORTB, 6 
0x00AA	0xD001      	BRA         L__masking41
L__masking40:
0x00AC	0x8C81      	BSF         PORTB, 6 
L__masking41:
0x00AE	0xBF80      	BTFSC       FARG_masking_row_temp, 7, 1
0x00B0	0xD002      	BRA         L__masking42
0x00B2	0x9E81      	BCF         PORTB, 7 
0x00B4	0xD001      	BRA         L__masking43
L__masking42:
0x00B6	0x8E81      	BSF         PORTB, 7 
L__masking43:
;8x48 PC.c,33 :: 		}
L_end_masking:
0x00B8	0x0012      	RETURN      0
; end of _masking
___CC2DW:
;__Lib_System.c,21 :: 		
;__Lib_System.c,23 :: 		
_CC2DL_Loop1:
;__Lib_System.c,24 :: 		
0x00BA	0x0009      	TBLRD*+
;__Lib_System.c,25 :: 		
0x00BC	0xFFE6CFF5  	MOVFF       TABLAT, POSTINC1
;__Lib_System.c,26 :: 		
0x00C0	0x0600      	DECF        R0, 1, 0
;__Lib_System.c,27 :: 		
0x00C2	0xE1FB      	BNZ         _CC2DL_Loop1
;__Lib_System.c,28 :: 		
0x00C4	0x0601      	DECF        R1, 1, 0
;__Lib_System.c,29 :: 		
0x00C6	0xE1F9      	BNZ         _CC2DL_Loop1
;__Lib_System.c,31 :: 		
L_end___CC2DW:
0x00C8	0x0012      	RETURN      0
; end of ___CC2DW
_I2C1_Init:
;__Lib_I2C_b10.c,4 :: 		
;__Lib_I2C_b10.c,11 :: 		
0x00CA	0x9093      	BCF         TRISB0_bit, BitPos(TRISB0_bit+0) 
;__Lib_I2C_b10.c,12 :: 		
0x00CC	0x9293      	BCF         TRISB1_bit, BitPos(TRISB1_bit+0) 
;__Lib_I2C_b10.c,15 :: 		
0x00CE	0x908A      	BCF         LATB0_bit, BitPos(LATB0_bit+0) 
;__Lib_I2C_b10.c,16 :: 		
0x00D0	0x928A      	BCF         LATB1_bit, BitPos(LATB1_bit+0) 
;__Lib_I2C_b10.c,19 :: 		
0x00D2	0x8093      	BSF         TRISB0_bit, BitPos(TRISB0_bit+0) 
;__Lib_I2C_b10.c,20 :: 		
0x00D4	0x8293      	BSF         TRISB1_bit, BitPos(TRISB1_bit+0) 
;__Lib_I2C_b10.c,22 :: 		
0x00D6	0x9EC7      	BCF         SSPSTAT, 7 
;__Lib_I2C_b10.c,23 :: 		
0x00D8	0x9CC7      	BCF         SSPSTAT, 6 
;__Lib_I2C_b10.c,24 :: 		
0x00DA	0x0E38      	MOVLW       56
0x00DC	0x6EC6      	MOVWF       SSPCON1 
;__Lib_I2C_b10.c,27 :: 		
L_end_I2C1_Init:
0x00DE	0x0012      	RETURN      0
; end of _I2C1_Init
_load_text:
;8x48 PC.c,47 :: 		void load_text(){
;8x48 PC.c,49 :: 		for(count = 0; count < 70; count++){
0x00E0	0x6A18      	CLRF        _count 
0x00E2	0x6A19      	CLRF        _count+1 
L_load_text0:
0x00E4	0x0E80      	MOVLW       128
0x00E6	0x1819      	XORWF       _count+1, 0 
0x00E8	0x6E00      	MOVWF       R0 
0x00EA	0x0E80      	MOVLW       128
0x00EC	0x5C00      	SUBWF       R0, 0 
0x00EE	0xE102      	BNZ         L__load_text46
0x00F0	0x0E46      	MOVLW       70
0x00F2	0x5C18      	SUBWF       _count, 0 
L__load_text46:
0x00F4	0xE214      	BC          L_load_text1
;8x48 PC.c,50 :: 		read = EEPROM_read(count);
0x00F6	0xF084C018  	MOVFF       _count, FARG_EEPROM_Read_address
0x00FA	0xDF90      	RCALL       _EEPROM_Read
0x00FC	0xF080C000  	MOVFF       R0, load_text_read_L0
;8x48 PC.c,51 :: 		if(read == 0xFF) break;
0x0100	0x5000      	MOVF        R0, 0 
0x0102	0x0AFF      	XORLW       255
0x0104	0xE101      	BNZ         L_load_text3
0x0106	0xD00B      	BRA         L_load_text1
L_load_text3:
;8x48 PC.c,52 :: 		else text[count] = read;
0x0108	0x0E20      	MOVLW       _Text
0x010A	0x2418      	ADDWF       _count, 0 
0x010C	0x6EE1      	MOVWF       FSR1L 
0x010E	0x0E00      	MOVLW       hi_addr(_Text)
0x0110	0x2019      	ADDWFC      _count+1, 0 
0x0112	0x6EE2      	MOVWF       FSR1H 
0x0114	0xFFE6C080  	MOVFF       load_text_read_L0, POSTINC1
;8x48 PC.c,49 :: 		for(count = 0; count < 70; count++){
0x0118	0x4A18      	INFSNZ      _count, 1 
0x011A	0x2A19      	INCF        _count+1, 1 
;8x48 PC.c,53 :: 		}
0x011C	0xD7E3      	BRA         L_load_text0
L_load_text1:
;8x48 PC.c,54 :: 		}
L_end_load_text:
0x011E	0x0012      	RETURN      0
; end of _load_text
_main:
;8x48 PC.c,69 :: 		void main() {
;8x48 PC.c,70 :: 		ADCON1 = 0x07;
0x0120	0x0E07      	MOVLW       7
0x0122	0x6EC1      	MOVWF       ADCON1 
;8x48 PC.c,71 :: 		TRISC = 0x00; PORTC = 0x00;
0x0124	0x6A94      	CLRF        TRISC 
0x0126	0x6A82      	CLRF        PORTC 
;8x48 PC.c,72 :: 		TRISB = 0x00; PORTB = 0x00;
0x0128	0x6A93      	CLRF        TRISB 
0x012A	0x6A81      	CLRF        PORTB 
;8x48 PC.c,73 :: 		I2C1_Init(100000);
0x012C	0x0E32      	MOVLW       50
0x012E	0x6EC8      	MOVWF       SSPADD 
0x0130	0xDFCC      	RCALL       _I2C1_Init
;8x48 PC.c,74 :: 		delay_ms(1000);
0x0132	0x0E1A      	MOVLW       26
0x0134	0x6E0B      	MOVWF       R11, 0
0x0136	0x0E5E      	MOVLW       94
0x0138	0x6E0C      	MOVWF       R12, 0
0x013A	0x0E6E      	MOVLW       110
0x013C	0x6E0D      	MOVWF       R13, 0
L_main5:
0x013E	0x2E0D      	DECFSZ      R13, 1, 0
0x0140	0xD7FE      	BRA         L_main5
0x0142	0x2E0C      	DECFSZ      R12, 1, 0
0x0144	0xD7FC      	BRA         L_main5
0x0146	0x2E0B      	DECFSZ      R11, 1, 0
0x0148	0xD7FA      	BRA         L_main5
0x014A	0x0000      	NOP
;8x48 PC.c,75 :: 		for(count = 0; count < Matrix_col; count++) buffer[count] = 0;
0x014C	0x6A18      	CLRF        _count 
0x014E	0x6A19      	CLRF        _count+1 
L_main6:
0x0150	0x0E80      	MOVLW       128
0x0152	0x1819      	XORWF       _count+1, 0 
0x0154	0x6E00      	MOVWF       R0 
0x0156	0x0E80      	MOVLW       128
0x0158	0x5C00      	SUBWF       R0, 0 
0x015A	0xE102      	BNZ         L__main48
0x015C	0x0E60      	MOVLW       96
0x015E	0x5C18      	SUBWF       _count, 0 
L__main48:
0x0160	0xE20A      	BC          L_main7
0x0162	0x0E20      	MOVLW       _buffer
0x0164	0x2418      	ADDWF       _count, 0 
0x0166	0x6EE1      	MOVWF       FSR1L 
0x0168	0x0E00      	MOVLW       hi_addr(_buffer)
0x016A	0x2019      	ADDWFC      _count+1, 0 
0x016C	0x6EE2      	MOVWF       FSR1H 
0x016E	0x6AE6      	CLRF        POSTINC1 
0x0170	0x4A18      	INFSNZ      _count, 1 
0x0172	0x2A19      	INCF        _count+1, 1 
0x0174	0xD7ED      	BRA         L_main6
L_main7:
;8x48 PC.c,77 :: 		while(1){
L_main9:
;8x48 PC.c,78 :: 		load_text();
0x0176	0xDFB4      	RCALL       _load_text
;8x48 PC.c,79 :: 		index = strlen(text);
0x0178	0x0E20      	MOVLW       _Text
0x017A	0x0100      	MOVLB       0
0x017C	0x6F80      	MOVWF       FARG_strlen_s, 1
0x017E	0x0E00      	MOVLW       hi_addr(_Text)
0x0180	0x6F81      	MOVWF       FARG_strlen_s+1, 1
0x0182	0xDF54      	RCALL       _strlen
0x0184	0xF017C000  	MOVFF       R0, _index
;8x48 PC.c,80 :: 		for(scroll = 0; scroll < index; scroll++){
0x0188	0x6A15      	CLRF        _scroll 
0x018A	0x6A16      	CLRF        _scroll+1 
L_main11:
0x018C	0x0E80      	MOVLW       128
0x018E	0x1816      	XORWF       _scroll+1, 0 
0x0190	0x6E00      	MOVWF       R0 
0x0192	0x0E80      	MOVLW       128
0x0194	0x5C00      	SUBWF       R0, 0 
0x0196	0xE102      	BNZ         L__main49
0x0198	0x5017      	MOVF        _index, 0 
0x019A	0x5C15      	SUBWF       _scroll, 0 
L__main49:
0x019C	0xB0D8      	BTFSC       STATUS, 0 
0x019E	0xD093      	BRA         L_main12
;8x48 PC.c,81 :: 		adress = text[scroll] - 32;
0x01A0	0x0E20      	MOVLW       _Text
0x01A2	0x2415      	ADDWF       _scroll, 0 
0x01A4	0x6EE9      	MOVWF       FSR0L 
0x01A6	0x0E00      	MOVLW       hi_addr(_Text)
0x01A8	0x2016      	ADDWFC      _scroll+1, 0 
0x01AA	0x6EEA      	MOVWF       FSR0H 
0x01AC	0x0E20      	MOVLW       32
0x01AE	0x5CEE      	SUBWF       POSTINC0, 0 
0x01B0	0x6E03      	MOVWF       R3 
0x01B2	0x6A04      	CLRF        R4 
0x01B4	0x0E00      	MOVLW       0
0x01B6	0x5A04      	SUBWFB      R4, 1 
0x01B8	0xF01AC003  	MOVFF       R3, _adress
0x01BC	0xF01BC004  	MOVFF       R4, _adress+1
;8x48 PC.c,82 :: 		adress *= 8;
0x01C0	0x0E03      	MOVLW       3
0x01C2	0x6E02      	MOVWF       R2 
0x01C4	0xF000C003  	MOVFF       R3, R0
0x01C8	0xF001C004  	MOVFF       R4, R1
0x01CC	0x5002      	MOVF        R2, 0 
L__main50:
0x01CE	0xE005      	BZ          L__main51
0x01D0	0x3600      	RLCF        R0, 1 
0x01D2	0x9000      	BCF         R0, 0 
0x01D4	0x3601      	RLCF        R1, 1 
0x01D6	0x0FFF      	ADDLW       255
0x01D8	0xD7FA      	BRA         L__main50
L__main51:
0x01DA	0xF01AC000  	MOVFF       R0, _adress
0x01DE	0xF01BC001  	MOVFF       R1, _adress+1
;8x48 PC.c,83 :: 		for(count = adress; count < adress + 8; count++){
0x01E2	0xF018C000  	MOVFF       R0, _count
0x01E6	0xF019C001  	MOVFF       R1, _count+1
L_main14:
0x01EA	0x0E08      	MOVLW       8
0x01EC	0x241A      	ADDWF       _adress, 0 
0x01EE	0x6E01      	MOVWF       R1 
0x01F0	0x0E00      	MOVLW       0
0x01F2	0x201B      	ADDWFC      _adress+1, 0 
0x01F4	0x6E02      	MOVWF       R2 
0x01F6	0x0E80      	MOVLW       128
0x01F8	0x1819      	XORWF       _count+1, 0 
0x01FA	0x6E00      	MOVWF       R0 
0x01FC	0x0E80      	MOVLW       128
0x01FE	0x1802      	XORWF       R2, 0 
0x0200	0x5C00      	SUBWF       R0, 0 
0x0202	0xE102      	BNZ         L__main52
0x0204	0x5001      	MOVF        R1, 0 
0x0206	0x5C18      	SUBWF       _count, 0 
L__main52:
0x0208	0xE25B      	BC          L_main15
;8x48 PC.c,84 :: 		for(update = 0; update < Matrix_col; update++){buffer[update] = buffer[update + 1];}
0x020A	0x6A1E      	CLRF        _update 
0x020C	0x6A1F      	CLRF        _update+1 
L_main17:
0x020E	0x0E80      	MOVLW       128
0x0210	0x181F      	XORWF       _update+1, 0 
0x0212	0x6E00      	MOVWF       R0 
0x0214	0x0E80      	MOVLW       128
0x0216	0x5C00      	SUBWF       R0, 0 
0x0218	0xE102      	BNZ         L__main53
0x021A	0x0E60      	MOVLW       96
0x021C	0x5C1E      	SUBWF       _update, 0 
L__main53:
0x021E	0xE217      	BC          L_main18
0x0220	0x0E20      	MOVLW       _buffer
0x0222	0x241E      	ADDWF       _update, 0 
0x0224	0x6EE1      	MOVWF       FSR1L 
0x0226	0x0E00      	MOVLW       hi_addr(_buffer)
0x0228	0x201F      	ADDWFC      _update+1, 0 
0x022A	0x6EE2      	MOVWF       FSR1H 
0x022C	0x0E01      	MOVLW       1
0x022E	0x241E      	ADDWF       _update, 0 
0x0230	0x6E00      	MOVWF       R0 
0x0232	0x0E00      	MOVLW       0
0x0234	0x201F      	ADDWFC      _update+1, 0 
0x0236	0x6E01      	MOVWF       R1 
0x0238	0x0E20      	MOVLW       _buffer
0x023A	0x2400      	ADDWF       R0, 0 
0x023C	0x6EE9      	MOVWF       FSR0L 
0x023E	0x0E00      	MOVLW       hi_addr(_buffer)
0x0240	0x2001      	ADDWFC      R1, 0 
0x0242	0x6EEA      	MOVWF       FSR0H 
0x0244	0xFFE6CFEE  	MOVFF       POSTINC0, POSTINC1
0x0248	0x4A1E      	INFSNZ      _update, 1 
0x024A	0x2A1F      	INCF        _update+1, 1 
0x024C	0xD7E0      	BRA         L_main17
L_main18:
;8x48 PC.c,85 :: 		buffer[Matrix_col - 1] = Character[count];
0x024E	0x0ECA      	MOVLW       _Character
0x0250	0x2418      	ADDWF       _count, 0 
0x0252	0x6EF6      	MOVWF       4086 
0x0254	0x0E02      	MOVLW       hi_addr(_Character)
0x0256	0x2019      	ADDWFC      _count+1, 0 
0x0258	0x6EF7      	MOVWF       TBLPTRH 
0x025A	0x0E00      	MOVLW       higher_addr(_Character)
0x025C	0x6EF8      	MOVWF       TBLPTRU 
0x025E	0x0E00      	MOVLW       0
0x0260	0xBE19      	BTFSC       _count+1, 7 
0x0262	0x0EFF      	MOVLW       255
0x0264	0x22F8      	ADDWFC      TBLPTRU, 1 
0x0266	0x0009      	TBLRD*+
0x0268	0xF07FCFF5  	MOVFF       TABLAT, 127
;8x48 PC.c,86 :: 		for(speed = 0; speed < Scrolling_speed; speed++){
0x026C	0x6A1D      	CLRF        _speed 
L_main20:
0x026E	0x0E1E      	MOVLW       30
0x0270	0x5C1D      	SUBWF       _speed, 0 
0x0272	0xE223      	BC          L_main21
;8x48 PC.c,87 :: 		DS = 0; SH = 1; SH = 0; ST = 1; ST = 0;
0x0274	0x9082      	BCF         PORTC, 0 
0x0276	0x8482      	BSF         PORTC, 2 
0x0278	0x9482      	BCF         PORTC, 2 
0x027A	0x8282      	BSF         PORTC, 1 
0x027C	0x9282      	BCF         PORTC, 1 
;8x48 PC.c,88 :: 		for(col = 0; col < Matrix_col; col++){
0x027E	0x6A1C      	CLRF        _col 
L_main23:
0x0280	0x0E60      	MOVLW       96
0x0282	0x5C1C      	SUBWF       _col, 0 
0x0284	0xE218      	BC          L_main24
;8x48 PC.c,89 :: 		masking(buffer[col]);
0x0286	0x0E20      	MOVLW       _buffer
0x0288	0x6EE9      	MOVWF       FSR0L 
0x028A	0x0E00      	MOVLW       hi_addr(_buffer)
0x028C	0x6EEA      	MOVWF       FSR0H 
0x028E	0x501C      	MOVF        _col, 0 
0x0290	0x26E9      	ADDWF       FSR0L, 1 
0x0292	0xB0D8      	BTFSC       STATUS, 0 
0x0294	0x2AEA      	INCF        FSR0H, 1 
0x0296	0xF080CFEE  	MOVFF       POSTINC0, FARG_masking_row_temp
0x029A	0xDEE5      	RCALL       _masking
;8x48 PC.c,90 :: 		delay_us(20);
0x029C	0x0E21      	MOVLW       33
0x029E	0x6E0D      	MOVWF       R13, 0
L_main26:
0x02A0	0x2E0D      	DECFSZ      R13, 1, 0
0x02A2	0xD7FE      	BRA         L_main26
;8x48 PC.c,91 :: 		masking(0);
0x02A4	0x6B80      	CLRF        FARG_masking_row_temp, 1
0x02A6	0xDEDF      	RCALL       _masking
;8x48 PC.c,92 :: 		DS = 1; SH = 1; SH = 0; ST = 1; ST = 0;
0x02A8	0x8082      	BSF         PORTC, 0 
0x02AA	0x8482      	BSF         PORTC, 2 
0x02AC	0x9482      	BCF         PORTC, 2 
0x02AE	0x8282      	BSF         PORTC, 1 
0x02B0	0x9282      	BCF         PORTC, 1 
;8x48 PC.c,88 :: 		for(col = 0; col < Matrix_col; col++){
0x02B2	0x2A1C      	INCF        _col, 1 
;8x48 PC.c,93 :: 		}
0x02B4	0xD7E5      	BRA         L_main23
L_main24:
;8x48 PC.c,86 :: 		for(speed = 0; speed < Scrolling_speed; speed++){
0x02B6	0x2A1D      	INCF        _speed, 1 
;8x48 PC.c,94 :: 		}
0x02B8	0xD7DA      	BRA         L_main20
L_main21:
;8x48 PC.c,83 :: 		for(count = adress; count < adress + 8; count++){
0x02BA	0x4A18      	INFSNZ      _count, 1 
0x02BC	0x2A19      	INCF        _count+1, 1 
;8x48 PC.c,95 :: 		}
0x02BE	0xD795      	BRA         L_main14
L_main15:
;8x48 PC.c,80 :: 		for(scroll = 0; scroll < index; scroll++){
0x02C0	0x4A15      	INFSNZ      _scroll, 1 
0x02C2	0x2A16      	INCF        _scroll+1, 1 
;8x48 PC.c,96 :: 		}
0x02C4	0xD763      	BRA         L_main11
L_main12:
;8x48 PC.c,97 :: 		}
0x02C6	0xD757      	BRA         L_main9
;8x48 PC.c,98 :: 		}
L_end_main:
0x02C8	0xD7FF      	BRA         $+0
; end of _main
;8x48 PC.c,4 :: _Character
0x02CA	0x0000 ;_Character+0
0x02CC	0x0000 ;_Character+2
0x02CE	0x0000 ;_Character+4
0x02D0	0x0000 ;_Character+6
0x02D2	0x0600 ;_Character+8
0x02D4	0x5F5F ;_Character+10
0x02D6	0x0006 ;_Character+12
0x02D8	0x0000 ;_Character+14
0x02DA	0x0700 ;_Character+16
0x02DC	0x0007 ;_Character+18
0x02DE	0x0707 ;_Character+20
0x02E0	0x0000 ;_Character+22
0x02E2	0x7F14 ;_Character+24
0x02E4	0x147F ;_Character+26
0x02E6	0x7F7F ;_Character+28
0x02E8	0x0014 ;_Character+30
0x02EA	0x2E24 ;_Character+32
0x02EC	0x6B6B ;_Character+34
0x02EE	0x123A ;_Character+36
0x02F0	0x0000 ;_Character+38
0x02F2	0x6646 ;_Character+40
0x02F4	0x1830 ;_Character+42
0x02F6	0x660C ;_Character+44
0x02F8	0x0062 ;_Character+46
0x02FA	0x7A30 ;_Character+48
0x02FC	0x5D4F ;_Character+50
0x02FE	0x7A37 ;_Character+52
0x0300	0x0048 ;_Character+54
0x0302	0x0704 ;_Character+56
0x0304	0x0003 ;_Character+58
0x0306	0x0000 ;_Character+60
0x0308	0x0000 ;_Character+62
0x030A	0x1C00 ;_Character+64
0x030C	0x633E ;_Character+66
0x030E	0x0041 ;_Character+68
0x0310	0x0000 ;_Character+70
0x0312	0x4100 ;_Character+72
0x0314	0x3E63 ;_Character+74
0x0316	0x001C ;_Character+76
0x0318	0x0000 ;_Character+78
0x031A	0x2A08 ;_Character+80
0x031C	0x1C3E ;_Character+82
0x031E	0x3E1C ;_Character+84
0x0320	0x082A ;_Character+86
0x0322	0x0808 ;_Character+88
0x0324	0x3E3E ;_Character+90
0x0326	0x0808 ;_Character+92
0x0328	0x0000 ;_Character+94
0x032A	0x8000 ;_Character+96
0x032C	0x60E0 ;_Character+98
0x032E	0x0000 ;_Character+100
0x0330	0x0000 ;_Character+102
0x0332	0x0808 ;_Character+104
0x0334	0x0808 ;_Character+106
0x0336	0x0808 ;_Character+108
0x0338	0x0000 ;_Character+110
0x033A	0x0000 ;_Character+112
0x033C	0x6060 ;_Character+114
0x033E	0x0000 ;_Character+116
0x0340	0x0000 ;_Character+118
0x0342	0x3060 ;_Character+120
0x0344	0x0C18 ;_Character+122
0x0346	0x0306 ;_Character+124
0x0348	0x0001 ;_Character+126
0x034A	0x7F3E ;_Character+128
0x034C	0x5971 ;_Character+130
0x034E	0x7F4D ;_Character+132
0x0350	0x003E ;_Character+134
0x0352	0x4240 ;_Character+136
0x0354	0x7F7F ;_Character+138
0x0356	0x4040 ;_Character+140
0x0358	0x0000 ;_Character+142
0x035A	0x7362 ;_Character+144
0x035C	0x4959 ;_Character+146
0x035E	0x666F ;_Character+148
0x0360	0x0000 ;_Character+150
0x0362	0x6322 ;_Character+152
0x0364	0x4949 ;_Character+154
0x0366	0x367F ;_Character+156
0x0368	0x0000 ;_Character+158
0x036A	0x1C18 ;_Character+160
0x036C	0x5316 ;_Character+162
0x036E	0x7F7F ;_Character+164
0x0370	0x0050 ;_Character+166
0x0372	0x6727 ;_Character+168
0x0374	0x4545 ;_Character+170
0x0376	0x397D ;_Character+172
0x0378	0x0000 ;_Character+174
0x037A	0x7E3C ;_Character+176
0x037C	0x494B ;_Character+178
0x037E	0x3079 ;_Character+180
0x0380	0x0000 ;_Character+182
0x0382	0x0303 ;_Character+184
0x0384	0x7971 ;_Character+186
0x0386	0x070F ;_Character+188
0x0388	0x0000 ;_Character+190
0x038A	0x7F36 ;_Character+192
0x038C	0x4949 ;_Character+194
0x038E	0x367F ;_Character+196
0x0390	0x0000 ;_Character+198
0x0392	0x4F06 ;_Character+200
0x0394	0x6949 ;_Character+202
0x0396	0x1E3F ;_Character+204
0x0398	0x0000 ;_Character+206
0x039A	0x0000 ;_Character+208
0x039C	0x6666 ;_Character+210
0x039E	0x0000 ;_Character+212
0x03A0	0x0000 ;_Character+214
0x03A2	0x8000 ;_Character+216
0x03A4	0x66E6 ;_Character+218
0x03A6	0x0000 ;_Character+220
0x03A8	0x0000 ;_Character+222
0x03AA	0x1C08 ;_Character+224
0x03AC	0x6336 ;_Character+226
0x03AE	0x0041 ;_Character+228
0x03B0	0x0000 ;_Character+230
0x03B2	0x2424 ;_Character+232
0x03B4	0x2424 ;_Character+234
0x03B6	0x2424 ;_Character+236
0x03B8	0x0000 ;_Character+238
0x03BA	0x4100 ;_Character+240
0x03BC	0x3663 ;_Character+242
0x03BE	0x081C ;_Character+244
0x03C0	0x0000 ;_Character+246
0x03C2	0x0302 ;_Character+248
0x03C4	0x5951 ;_Character+250
0x03C6	0x060F ;_Character+252
0x03C8	0x0000 ;_Character+254
0x03CA	0x7F3E ;_Character+256
0x03CC	0x5D41 ;_Character+258
0x03CE	0x1F5D ;_Character+260
0x03D0	0x001E ;_Character+262
0x03D2	0x7E7C ;_Character+264
0x03D4	0x1313 ;_Character+266
0x03D6	0x7C7E ;_Character+268
0x03D8	0x0000 ;_Character+270
0x03DA	0x7F41 ;_Character+272
0x03DC	0x497F ;_Character+274
0x03DE	0x7F49 ;_Character+276
0x03E0	0x0036 ;_Character+278
0x03E2	0x3E1C ;_Character+280
0x03E4	0x4163 ;_Character+282
0x03E6	0x6341 ;_Character+284
0x03E8	0x0022 ;_Character+286
0x03EA	0x7F41 ;_Character+288
0x03EC	0x417F ;_Character+290
0x03EE	0x3E63 ;_Character+292
0x03F0	0x001C ;_Character+294
0x03F2	0x7F41 ;_Character+296
0x03F4	0x497F ;_Character+298
0x03F6	0x415D ;_Character+300
0x03F8	0x0063 ;_Character+302
0x03FA	0x7F41 ;_Character+304
0x03FC	0x497F ;_Character+306
0x03FE	0x011D ;_Character+308
0x0400	0x0003 ;_Character+310
0x0402	0x3E1C ;_Character+312
0x0404	0x4163 ;_Character+314
0x0406	0x7351 ;_Character+316
0x0408	0x0072 ;_Character+318
0x040A	0x7F7F ;_Character+320
0x040C	0x0808 ;_Character+322
0x040E	0x7F7F ;_Character+324
0x0410	0x0000 ;_Character+326
0x0412	0x4100 ;_Character+328
0x0414	0x7F7F ;_Character+330
0x0416	0x0041 ;_Character+332
0x0418	0x0000 ;_Character+334
0x041A	0x7030 ;_Character+336
0x041C	0x4140 ;_Character+338
0x041E	0x3F7F ;_Character+340
0x0420	0x0001 ;_Character+342
0x0422	0x7F41 ;_Character+344
0x0424	0x087F ;_Character+346
0x0426	0x771C ;_Character+348
0x0428	0x0063 ;_Character+350
0x042A	0x7F41 ;_Character+352
0x042C	0x417F ;_Character+354
0x042E	0x6040 ;_Character+356
0x0430	0x0070 ;_Character+358
0x0432	0x7F7F ;_Character+360
0x0434	0x1C0E ;_Character+362
0x0436	0x7F0E ;_Character+364
0x0438	0x007F ;_Character+366
0x043A	0x7F7F ;_Character+368
0x043C	0x0C06 ;_Character+370
0x043E	0x7F18 ;_Character+372
0x0440	0x007F ;_Character+374
0x0442	0x3E1C ;_Character+376
0x0444	0x4163 ;_Character+378
0x0446	0x3E63 ;_Character+380
0x0448	0x001C ;_Character+382
0x044A	0x7F41 ;_Character+384
0x044C	0x497F ;_Character+386
0x044E	0x0F09 ;_Character+388
0x0450	0x0006 ;_Character+390
0x0452	0x3F1E ;_Character+392
0x0454	0x7121 ;_Character+394
0x0456	0x5E7F ;_Character+396
0x0458	0x0000 ;_Character+398
0x045A	0x7F41 ;_Character+400
0x045C	0x097F ;_Character+402
0x045E	0x7F19 ;_Character+404
0x0460	0x0066 ;_Character+406
0x0462	0x6F26 ;_Character+408
0x0464	0x594D ;_Character+410
0x0466	0x3273 ;_Character+412
0x0468	0x0000 ;_Character+414
0x046A	0x4103 ;_Character+416
0x046C	0x7F7F ;_Character+418
0x046E	0x0341 ;_Character+420
0x0470	0x0000 ;_Character+422
0x0472	0x7F7F ;_Character+424
0x0474	0x4040 ;_Character+426
0x0476	0x7F7F ;_Character+428
0x0478	0x0000 ;_Character+430
0x047A	0x3F1F ;_Character+432
0x047C	0x6060 ;_Character+434
0x047E	0x1F3F ;_Character+436
0x0480	0x0000 ;_Character+438
0x0482	0x7F7F ;_Character+440
0x0484	0x1830 ;_Character+442
0x0486	0x7F30 ;_Character+444
0x0488	0x007F ;_Character+446
0x048A	0x6743 ;_Character+448
0x048C	0x183C ;_Character+450
0x048E	0x673C ;_Character+452
0x0490	0x0043 ;_Character+454
0x0492	0x4F07 ;_Character+456
0x0494	0x7878 ;_Character+458
0x0496	0x074F ;_Character+460
0x0498	0x0000 ;_Character+462
0x049A	0x6347 ;_Character+464
0x049C	0x5971 ;_Character+466
0x049E	0x674D ;_Character+468
0x04A0	0x0073 ;_Character+470
0x04A2	0x7F00 ;_Character+472
0x04A4	0x417F ;_Character+474
0x04A6	0x0041 ;_Character+476
0x04A8	0x0000 ;_Character+478
0x04AA	0x0301 ;_Character+480
0x04AC	0x0C06 ;_Character+482
0x04AE	0x3018 ;_Character+484
0x04B0	0x0060 ;_Character+486
0x04B2	0x4100 ;_Character+488
0x04B4	0x7F41 ;_Character+490
0x04B6	0x007F ;_Character+492
0x04B8	0x0000 ;_Character+494
0x04BA	0x0C08 ;_Character+496
0x04BC	0x0306 ;_Character+498
0x04BE	0x0C06 ;_Character+500
0x04C0	0x0008 ;_Character+502
0x04C2	0x8080 ;_Character+504
0x04C4	0x8080 ;_Character+506
0x04C6	0x8080 ;_Character+508
0x04C8	0x8080 ;_Character+510
0x04CA	0x0000 ;_Character+512
0x04CC	0x0703 ;_Character+514
0x04CE	0x0004 ;_Character+516
0x04D0	0x0000 ;_Character+518
0x04D2	0x7420 ;_Character+520
0x04D4	0x5454 ;_Character+522
0x04D6	0x783C ;_Character+524
0x04D8	0x0040 ;_Character+526
0x04DA	0x7F41 ;_Character+528
0x04DC	0x483F ;_Character+530
0x04DE	0x7848 ;_Character+532
0x04E0	0x0030 ;_Character+534
0x04E2	0x7C38 ;_Character+536
0x04E4	0x4444 ;_Character+538
0x04E6	0x286C ;_Character+540
0x04E8	0x0000 ;_Character+542
0x04EA	0x7830 ;_Character+544
0x04EC	0x4948 ;_Character+546
0x04EE	0x7F3F ;_Character+548
0x04F0	0x0040 ;_Character+550
0x04F2	0x7C38 ;_Character+552
0x04F4	0x5454 ;_Character+554
0x04F6	0x185C ;_Character+556
0x04F8	0x0000 ;_Character+558
0x04FA	0x7E48 ;_Character+560
0x04FC	0x497F ;_Character+562
0x04FE	0x0203 ;_Character+564
0x0500	0x0000 ;_Character+566
0x0502	0xBC98 ;_Character+568
0x0504	0xA4A4 ;_Character+570
0x0506	0x7CF8 ;_Character+572
0x0508	0x0004 ;_Character+574
0x050A	0x7F41 ;_Character+576
0x050C	0x087F ;_Character+578
0x050E	0x7C04 ;_Character+580
0x0510	0x0078 ;_Character+582
0x0512	0x4400 ;_Character+584
0x0514	0x7D7D ;_Character+586
0x0516	0x0040 ;_Character+588
0x0518	0x0000 ;_Character+590
0x051A	0xE060 ;_Character+592
0x051C	0x8080 ;_Character+594
0x051E	0x7DFD ;_Character+596
0x0520	0x0000 ;_Character+598
0x0522	0x7F41 ;_Character+600
0x0524	0x107F ;_Character+602
0x0526	0x6C38 ;_Character+604
0x0528	0x0044 ;_Character+606
0x052A	0x4100 ;_Character+608
0x052C	0x7F7F ;_Character+610
0x052E	0x0040 ;_Character+612
0x0530	0x0000 ;_Character+614
0x0532	0x7C7C ;_Character+616
0x0534	0x3818 ;_Character+618
0x0536	0x7C1C ;_Character+620
0x0538	0x0078 ;_Character+622
0x053A	0x7C7C ;_Character+624
0x053C	0x0404 ;_Character+626
0x053E	0x787C ;_Character+628
0x0540	0x0000 ;_Character+630
0x0542	0x7C38 ;_Character+632
0x0544	0x4444 ;_Character+634
0x0546	0x387C ;_Character+636
0x0548	0x0000 ;_Character+638
0x054A	0xFC84 ;_Character+640
0x054C	0xA4F8 ;_Character+642
0x054E	0x3C24 ;_Character+644
0x0550	0x0018 ;_Character+646
0x0552	0x3C18 ;_Character+648
0x0554	0xA424 ;_Character+650
0x0556	0xFCF8 ;_Character+652
0x0558	0x0084 ;_Character+654
0x055A	0x7C44 ;_Character+656
0x055C	0x4C78 ;_Character+658
0x055E	0x1C04 ;_Character+660
0x0560	0x0018 ;_Character+662
0x0562	0x5C48 ;_Character+664
0x0564	0x5454 ;_Character+666
0x0566	0x2474 ;_Character+668
0x0568	0x0000 ;_Character+670
0x056A	0x0400 ;_Character+672
0x056C	0x7F3E ;_Character+674
0x056E	0x2444 ;_Character+676
0x0570	0x0000 ;_Character+678
0x0572	0x7C3C ;_Character+680
0x0574	0x4040 ;_Character+682
0x0576	0x7C3C ;_Character+684
0x0578	0x0040 ;_Character+686
0x057A	0x3C1C ;_Character+688
0x057C	0x6060 ;_Character+690
0x057E	0x1C3C ;_Character+692
0x0580	0x0000 ;_Character+694
0x0582	0x7C3C ;_Character+696
0x0584	0x3870 ;_Character+698
0x0586	0x7C70 ;_Character+700
0x0588	0x003C ;_Character+702
0x058A	0x6C44 ;_Character+704
0x058C	0x1038 ;_Character+706
0x058E	0x6C38 ;_Character+708
0x0590	0x0044 ;_Character+710
0x0592	0xBC9C ;_Character+712
0x0594	0xA0A0 ;_Character+714
0x0596	0x7CFC ;_Character+716
0x0598	0x0000 ;_Character+718
0x059A	0x644C ;_Character+720
0x059C	0x5C74 ;_Character+722
0x059E	0x644C ;_Character+724
0x05A0	0x0000 ;_Character+726
; end of _Character
Symbol List:
//** Routines locations **
//ADDRESS    SIZE    PROCEDURE
//----------------------------------------------
0x001C      [16]    _EEPROM_Read
0x002C      [58]    _strlen
0x0066      [84]    _masking
0x00BA      [16]    ___CC2DW
0x00CA      [22]    _I2C1_Init
0x00E0      [64]    _load_text
0x0120     [426]    _main
//** Variables locations ** 
//ADDRESS    SIZE    VARIABLE
//----------------------------------------------
0x0000       [1]    UART1_Init_tmp_L0
0x0000       [1]    R0
0x0000       [1]    EEPROM_Write_SaveINTCON_L0
0x0000       [1]    __Lib_SoftI2C_PutZerosToLATScl_temp_scl_L0
0x0000       [1]    FLASH_Erase_64_SaveINTCON_L0
0x0000       [1]    SPI1_Write_tmp_L0
0x0000       [1]    __Lib_SoftI2C_PutZerosToLATSda_temp_sda_L0
0x0001       [1]    UART1_Read___tmp_UART1_Read_L0
0x0001       [1]    I2C1_Rd_tmp_L0
0x0001       [1]    __Lib_TFT_16bit_JPEG_FileReadBytes_Result_L0
0x0001       [1]    __Lib_TFT_16bit_JPEG_FileRead_i_L0
0x0001       [2]    FLASH_Read_N_Bytes_i_L0
0x0001       [1]    R1
0x0001       [1]    FLASH_Write_32_i_L0
0x0001       [1]    FLASH_Erase_Write_64_i_L0
0x0001       [1]    ispunct_rslt_L0
0x0001       [1]    __Lib_PS2_Wait_Falling_nsample_L0
0x0001       [1]    __Lib_USB_genHID_?FLOC____Lib_USB_genHID_USB_Handle_BusyT1
0x0001       [1]    __Lib_TFT_JPEG_FileRead_i_L0
0x0001       [1]    __Lib_TFT_JPEG_FileReadBytes_Result_L0
0x0002       [1]    FLASH_Write_32_SaveINTCON_L0
0x0002       [2]    strlen_cp_L0
0x0002       [2]    memcpy_dd_L0
0x0002       [1]    __Lib_USB_genHID_USB_CtrlTrf_Rx_Service_byteToRead_L0
0x0002       [2]    memchr_s_L0
0x0002       [1]    R2
0x0002       [1]    FLASH_Erase_Write_64_j_L0
0x0002       [2]    memset_pp_L0
0x0003       [2]    MM_TotalFreeMemSize_Tot_L0
0x0003       [2]    __Lib_USB_genHID_USB_CtrlTrf_Tx_Service_byteToSend_L0
0x0003       [1]    FLASH_Erase_Write_64_SaveINTCON_L0
0x0003       [1]    MM_Init_i_L0
0x0003       [2]    memmove_tt_L0
0x0003       [1]    __Lib_USB_genHID_USB_CtrlTrf_Rx_Service_i_L0
0x0003       [2]    __Lib_MmcFat16_f16_toInt_l_L0
0x0003       [1]    __Lib_Sprinti_?FLOC____Lib_Sprinti_Do_FillT29
0x0003       [1]    R3
0x0003       [2]    Ltrim_original_L0
0x0004       [2]    __Lib_USB_genHID_USB_Get_Status_Handler_p_L2
0x0004       [2]    strcpy_cp_L0
0x0004       [2]    strncat_cp_L0
0x0004       [2]    memcpy_ss_L0
0x0004       [2]    __Lib_USB_genHID_USB_Std_Feature_Req_Handler_p_L0
0x0004       [1]    R4
0x0004       [2]    strcat_cp_L0
0x0004       [2]    frexp_pom_L0
0x0004       [1]    __Lib_USB_genHID_GetMaxIndexInDevDsc_index_L0
0x0004       [1]    __Lib_Sprinti_?FLOC____Lib_Sprinti_Do_FillT40
0x0004       [2]    __Lib_USB_genHID_USB_Transfer_Packet_handle_L0
0x0004       [2]    __Lib_MemManager_MM_GetMemAlign_P_L0
0x0004       [2]    strncpy_cp_L0
0x0005       [2]    LongIntToHex_input_half_L0
0x0005       [1]    __Lib_Sprinti_?FLOC____Lib_Sprinti_Do_FillT54
0x0005       [2]    memmove_ff_L0
0x0005       [1]    MM_TotalFreeMemSize_i_L0
0x0005       [1]    R5
0x0005       [2]    LongWordToHex_input_half_L0
0x0005       [2]    Ltrim_p_L0
0x0005       [2]    __Lib_USB_genHID_USB_Configure_Endpoint_handle_L0
0x0006       [1]    __Lib_MemManager_MM_GetMemAlign_i_L0
0x0006       [1]    R6
0x0006       [1]    __Lib_Sprinti_?FLOC____Lib_Sprinti_Do_FillT69
0x0006       [2]    __Lib_USB_genHID_GetMaxIndexInConfigDsc_totalLen_L0
0x0007       [1]    R7
0x0007       [1]    __Lib_TFT_16bit_JPEG_GenerateHuffmanTables_bLength_L0
0x0007       [1]    __Lib_TFT_JPEG_GenerateHuffmanTables_bLength_L0
0x0008       [3]    __Lib_USB_genHID_GetMaxIndexInConfigDsc_ptr_L0
0x0008       [1]    R8
0x0008       [1]    __Lib_TFT_JPEG_GenerateHuffmanTables_bTable_L0
0x0008       [1]    __Lib_TFT_16bit_JPEG_GenerateHuffmanTables_bTable_L0
0x0009       [4]    __Lib_MmcFat16_f16_toLong_l_L0
0x0009       [1]    R9
0x000A       [1]    R10
0x000B       [1]    R11
0x000C       [1]    R12
0x000D       [1]    R13
0x000E       [1]    R14
0x000F       [1]    R15
0x0010       [1]    R16
0x0011       [1]    R17
0x0012       [1]    R18
0x0013       [1]    R19
0x0014       [1]    R20
0x0015       [2]    _scroll
0x0017       [1]    _index
0x0018       [2]    _count
0x001A       [2]    _adress
0x001C       [1]    _col
0x001D       [1]    _speed
0x001E       [2]    _update
0x0020      [96]    _buffer
0x0020      [80]    _Text
0x0080       [4]    FARG_I2C1_Init_clock
0x0080       [1]    FARG_masking_row_temp
0x0080       [1]    load_text_read_L0
0x0080       [2]    FARG_strlen_s
0x0084       [1]    FARG_EEPROM_Read_address
0x0F81       [1]    PORTB
0x0F82       [1]    PORTC
0x0F8A       [0]    LATB0_bit
0x0F8A       [0]    LATB1_bit
0x0F93       [0]    TRISB0_bit
0x0F93       [1]    TRISB
0x0F93       [0]    TRISB1_bit
0x0F94       [1]    TRISC
0x0FA6       [1]    EECON1
0x0FA8       [1]    EEDATA
0x0FA9       [1]    EEADR
0x0FC1       [1]    ADCON1
0x0FC6       [1]    SSPCON1
0x0FC7       [1]    SSPSTAT
0x0FC8       [1]    SSPADD
0x0FD8       [1]    STATUS
0x0FD9       [1]    FSR2L
0x0FDA       [1]    FSR2H
0x0FDE       [1]    POSTINC2
0x0FE0       [1]    BSR
0x0FE1       [1]    FSR1L
0x0FE2       [1]    FSR1H
0x0FE4       [1]    PREINC1
0x0FE6       [1]    POSTINC1
0x0FE7       [1]    INDF1
0x0FE8       [1]    WREG
0x0FE9       [1]    FSR0L
0x0FEA       [1]    FSR0H
0x0FEE       [1]    POSTINC0
0x0FF3       [1]    PRODL
0x0FF4       [1]    PRODH
0x0FF5       [1]    TABLAT
0x0FF6       [1]    TBLPTRL
0x0FF7       [1]    TBLPTRH
0x0FF8       [1]    TBLPTRU
//** Constants locations ** 
//ADDRESS    SIZE    CONSTANT
//----------------------------------------------
0x02CA     [728]    _Character
