;  LST file generated by mikroListExporter - v.2.0 
; Date/Time: 1/29/2017 10:51:01 AM
;----------------------------------------------

;Address Opcode 	ASM
0x0000	0x2860      	GOTO       96
_interrupt:
0x0004	0x00FF      	MOVWF      R15
0x0005	0x0E03      	SWAPF      STATUS, 0
0x0006	0x0183      	CLRF       STATUS
0x0007	0x00A7      	MOVWF      ___saveSTATUS
0x0008	0x080A      	MOVF       PCLATH, 0
0x0009	0x00A8      	MOVWF      ___savePCLATH
0x000A	0x018A      	CLRF       PCLATH
;FSC001.c,12 :: 		void interrupt(){
;FSC001.c,13 :: 		if (INTCON.INTF){          //INTF flag raised, so external interrupt occured
0x000B	0x1C8B      	BTFSS      INTCON, 1
0x000C	0x280F      	GOTO       L_interrupt0
;FSC001.c,14 :: 		ZC = 1;
0x000D	0x1426      	BSF        _FlagReg, 0
;FSC001.c,15 :: 		INTCON.INTF = 0;
0x000E	0x108B      	BCF        INTCON, 1
;FSC001.c,16 :: 		}
L_interrupt0:
;FSC001.c,17 :: 		}
L_end_interrupt:
L__interrupt16:
0x000F	0x0828      	MOVF       ___savePCLATH, 0
0x0010	0x008A      	MOVWF      PCLATH
0x0011	0x0E27      	SWAPF      ___saveSTATUS, 0
0x0012	0x0083      	MOVWF      STATUS
0x0013	0x0EFF      	SWAPF      R15, 1
0x0014	0x0E7F      	SWAPF      R15, 0
0x0015	0x0009      	RETFIE
; end of _interrupt
_____DoICP:
;__Lib_System.c,6 :: 		
;__Lib_System.c,9 :: 		
0x0016	0x1283      	BCF        STATUS, 5
0x0017	0x1303      	BCF        STATUS, 6
0x0018	0x0825      	MOVF       ___DoICPAddr+1, 0
0x0019	0x008A      	MOVWF      PCLATH
;__Lib_System.c,10 :: 		
0x001A	0x0824      	MOVF       ___DoICPAddr, 0
0x001B	0x0082      	MOVWF      PCL
;__Lib_System.c,12 :: 		
L_end_____DoICP:
0x001C	0x0008      	RETURN
; end of _____DoICP
_system:
;FSC001.c,19 :: 		void system(){
;FSC001.c,20 :: 		if (ZC){
0x001D	0x1283      	BCF        STATUS, 5
0x001E	0x1303      	BCF        STATUS, 6
0x001F	0x1C26      	BTFSS      _FlagReg, 0
0x0020	0x2837      	GOTO       L_system1
;FSC001.c,21 :: 		if (nCount > 0){
0x0021	0x0823      	MOVF       _nCount, 0
0x0022	0x3C00      	SUBLW      0
0x0023	0x1803      	BTFSC      STATUS, 0
0x0024	0x282D      	GOTO       L_system2
;FSC001.c,22 :: 		out = 1;
0x0025	0x1607      	BSF        PORTC, 4
;FSC001.c,23 :: 		delay_us(250);
0x0026	0x30A6      	MOVLW      166
0x0027	0x00FD      	MOVWF      R13
L_system3:
0x0028	0x0BFD      	DECFSZ     R13, 1
0x0029	0x2828      	GOTO       L_system3
0x002A	0x0000      	NOP
;FSC001.c,24 :: 		out = 0;
0x002B	0x1207      	BCF        PORTC, 4
;FSC001.c,25 :: 		nCount--;
0x002C	0x03A3      	DECF       _nCount, 1
;FSC001.c,26 :: 		}
L_system2:
;FSC001.c,28 :: 		nTotalCount--;
0x002D	0x03A0      	DECF       _nTotalCount, 1
;FSC001.c,29 :: 		if (nTotalCount == 0){
0x002E	0x0820      	MOVF       _nTotalCount, 0
0x002F	0x3A00      	XORLW      0
0x0030	0x1D03      	BTFSS      STATUS, 2
0x0031	0x2836      	GOTO       L_system4
;FSC001.c,30 :: 		nTotalCount = TotalCount;
0x0032	0x0821      	MOVF       _TotalCount, 0
0x0033	0x00A0      	MOVWF      _nTotalCount
;FSC001.c,31 :: 		nCount = Count;
0x0034	0x0822      	MOVF       _Count, 0
0x0035	0x00A3      	MOVWF      _nCount
;FSC001.c,32 :: 		}
L_system4:
;FSC001.c,33 :: 		ZC = 0;
0x0036	0x1026      	BCF        _FlagReg, 0
;FSC001.c,34 :: 		}
L_system1:
;FSC001.c,35 :: 		}
L_end_system:
0x0037	0x0008      	RETURN
; end of _system
___CC2DW:
;__Lib_System.c,134 :: 		
;__Lib_System.c,137 :: 		
_CC2D_Loop1:
;__Lib_System.c,139 :: 		
0x0038	0x2016      	CALL       _____DoICP
0x0039	0x118A      	BCF        PCLATH, 3
0x003A	0x120A      	BCF        PCLATH, 4
;__Lib_System.c,141 :: 		
0x003B	0x0080      	MOVWF      INDF
;__Lib_System.c,142 :: 		
0x003C	0x0A84      	INCF       FSR, 1
;__Lib_System.c,143 :: 		
0x003D	0x0AA4      	INCF       ___DoICPAddr, 1
;__Lib_System.c,145 :: 		
0x003E	0x1903      	BTFSC      STATUS, 2
;__Lib_System.c,146 :: 		
0x003F	0x0AA5      	INCF       ___DoICPAddr+1, 1
;__Lib_System.c,147 :: 		
0x0040	0x03F0      	DECF       R0, 1
;__Lib_System.c,149 :: 		
0x0041	0x1D03      	BTFSS      STATUS, 2
;__Lib_System.c,150 :: 		
0x0042	0x2838      	GOTO       _CC2D_Loop1
;__Lib_System.c,152 :: 		
L_end___CC2DW:
0x0043	0x0008      	RETURN
; end of ___CC2DW
_speedup:
;FSC001.c,37 :: 		void speedup(){
;FSC001.c,38 :: 		Count++;
0x0044	0x1283      	BCF        STATUS, 5
0x0045	0x1303      	BCF        STATUS, 6
0x0046	0x0AA2      	INCF       _Count, 1
;FSC001.c,39 :: 		if(Count==10)Count = 9;
0x0047	0x0822      	MOVF       _Count, 0
0x0048	0x3A0A      	XORLW      10
0x0049	0x1D03      	BTFSS      STATUS, 2
0x004A	0x284D      	GOTO       L_speedup5
0x004B	0x3009      	MOVLW      9
0x004C	0x00A2      	MOVWF      _Count
L_speedup5:
;FSC001.c,40 :: 		while(up==1){
L_speedup6:
0x004D	0x1C07      	BTFSS      PORTC, 0
0x004E	0x2851      	GOTO       L_speedup7
;FSC001.c,41 :: 		system();
0x004F	0x201D      	CALL       _system
;FSC001.c,42 :: 		}
0x0050	0x284D      	GOTO       L_speedup6
L_speedup7:
;FSC001.c,43 :: 		}
L_end_speedup:
0x0051	0x0008      	RETURN
; end of _speedup
_speeddown:
;FSC001.c,45 :: 		void speeddown(){
;FSC001.c,46 :: 		Count--;
0x0052	0x1283      	BCF        STATUS, 5
0x0053	0x1303      	BCF        STATUS, 6
0x0054	0x03A2      	DECF       _Count, 1
;FSC001.c,47 :: 		if(Count==0)Count = 1;
0x0055	0x0822      	MOVF       _Count, 0
0x0056	0x3A00      	XORLW      0
0x0057	0x1D03      	BTFSS      STATUS, 2
0x0058	0x285B      	GOTO       L_speeddown8
0x0059	0x3001      	MOVLW      1
0x005A	0x00A2      	MOVWF      _Count
L_speeddown8:
;FSC001.c,48 :: 		while(down==1){
L_speeddown9:
0x005B	0x1D87      	BTFSS      PORTC, 3
0x005C	0x285F      	GOTO       L_speeddown10
;FSC001.c,49 :: 		system();
0x005D	0x201D      	CALL       _system
;FSC001.c,50 :: 		}
0x005E	0x285B      	GOTO       L_speeddown9
L_speeddown10:
;FSC001.c,51 :: 		}
L_end_speeddown:
0x005F	0x0008      	RETURN
; end of _speeddown
_main:
;FSC001.c,53 :: 		void main() {
;FSC001.c,54 :: 		PORTB = 0; TRISB = 0x01;
0x0060	0x1283      	BCF        STATUS, 5
0x0061	0x1303      	BCF        STATUS, 6
0x0062	0x0186      	CLRF       PORTB
0x0063	0x3001      	MOVLW      1
0x0064	0x1683      	BSF        STATUS, 5
0x0065	0x0086      	MOVWF      TRISB
;FSC001.c,55 :: 		TRISC = 0x09; PORTC = 0;
0x0066	0x3009      	MOVLW      9
0x0067	0x0087      	MOVWF      TRISC
0x0068	0x1283      	BCF        STATUS, 5
0x0069	0x0187      	CLRF       PORTC
;FSC001.c,56 :: 		OPTION_REG.INTEDG = 0;
0x006A	0x1683      	BSF        STATUS, 5
0x006B	0x1301      	BCF        OPTION_REG, 6
;FSC001.c,57 :: 		INTCON.INTF = 0; INTCON.INTE = 1;
0x006C	0x108B      	BCF        INTCON, 1
0x006D	0x160B      	BSF        INTCON, 4
;FSC001.c,58 :: 		INTCON.GIE = 1;
0x006E	0x178B      	BSF        INTCON, 7
;FSC001.c,60 :: 		Count = 9;
0x006F	0x3009      	MOVLW      9
0x0070	0x1283      	BCF        STATUS, 5
0x0071	0x00A2      	MOVWF      _Count
;FSC001.c,61 :: 		TotalCount = 10;
0x0072	0x300A      	MOVLW      10
0x0073	0x00A1      	MOVWF      _TotalCount
;FSC001.c,62 :: 		nCount = Count;
0x0074	0x3009      	MOVLW      9
0x0075	0x00A3      	MOVWF      _nCount
;FSC001.c,63 :: 		nTotalCount = TotalCount;
0x0076	0x300A      	MOVLW      10
0x0077	0x00A0      	MOVWF      _nTotalCount
;FSC001.c,65 :: 		while (1){
L_main11:
;FSC001.c,66 :: 		if(up==1)speedup();
0x0078	0x1C07      	BTFSS      PORTC, 0
0x0079	0x287B      	GOTO       L_main13
0x007A	0x2044      	CALL       _speedup
L_main13:
;FSC001.c,67 :: 		if(down==1)speeddown();
0x007B	0x1D87      	BTFSS      PORTC, 3
0x007C	0x287E      	GOTO       L_main14
0x007D	0x2052      	CALL       _speeddown
L_main14:
;FSC001.c,68 :: 		system();
0x007E	0x201D      	CALL       _system
;FSC001.c,69 :: 		}
0x007F	0x2878      	GOTO       L_main11
;FSC001.c,70 :: 		}
L_end_main:
0x0080	0x2880      	GOTO       $+0
; end of _main
Symbol List:
//** Routines locations **
//ADDRESS    SIZE    PROCEDURE
//----------------------------------------------
0x0004      [18]    _interrupt
0x0016       [7]    _____DoICP
0x001D      [27]    _system
0x0038      [12]    ___CC2DW
0x0044      [14]    _speedup
0x0052      [14]    _speeddown
0x0060      [33]    _main
//** Variables locations ** 
//ADDRESS    SIZE    VARIABLE
//----------------------------------------------
0x0000       [1]    INDF
0x0002       [1]    PCL
0x0003       [1]    STATUS
0x0004       [1]    FSR
0x0006       [1]    PORTB
0x0007       [1]    PORTC
0x000A       [1]    PCLATH
0x000B       [1]    INTCON
0x0020       [1]    _nTotalCount
0x0021       [1]    _TotalCount
0x0022       [1]    _Count
0x0023       [1]    _nCount
0x0024       [2]    ___DoICPAddr
0x0026       [0]    _ZC
0x0026       [1]    _FlagReg
0x0027       [1]    ___saveSTATUS
0x0028       [1]    ___savePCLATH
0x0070       [1]    R0
0x0071       [1]    R1
0x0072       [1]    R2
0x0073       [1]    R3
0x0074       [1]    R4
0x0075       [1]    R5
0x0076       [1]    R6
0x0077       [1]    R7
0x0078       [1]    R8
0x0079       [1]    R9
0x007A       [1]    R10
0x007B       [1]    R11
0x007C       [1]    R12
0x007D       [1]    R13
0x007E       [1]    R14
0x007F       [1]    R15
0x0081       [1]    OPTION_REG
0x0086       [1]    TRISB
0x0087       [1]    TRISC
