;  LST file generated by mikroListExporter - v.2.0 
; Date/Time: 08-Sep-17 5:18:00 PM
;----------------------------------------------

;Address Opcode 	ASM
0x0000	0x29F9      	GOTO       505
_Delay_50us:
;__Lib_Delays.c,19 :: 		void Delay_50us() {
;__Lib_Delays.c,20 :: 		Delay_us(50);
0x0003	0x3021      	MOVLW      33
0x0004	0x1283      	BCF        STATUS, 5
0x0005	0x00FD      	MOVWF      R13
L_Delay_50us2:
0x0006	0x0BFD      	DECFSZ     R13, 1
0x0007	0x2806      	GOTO       L_Delay_50us2
;__Lib_Delays.c,21 :: 		}
L_end_Delay_50us:
0x0008	0x0008      	RETURN
; end of _Delay_50us
_Delay_5500us:
;__Lib_Delays.c,31 :: 		void Delay_5500us() {
;__Lib_Delays.c,32 :: 		Delay_us(5500);
0x0009	0x300F      	MOVLW      15
0x000A	0x1283      	BCF        STATUS, 5
0x000B	0x00FC      	MOVWF      R12
0x000C	0x3047      	MOVLW      71
0x000D	0x00FD      	MOVWF      R13
L_Delay_5500us5:
0x000E	0x0BFD      	DECFSZ     R13, 1
0x000F	0x280E      	GOTO       L_Delay_5500us5
0x0010	0x0BFC      	DECFSZ     R12, 1
0x0011	0x280E      	GOTO       L_Delay_5500us5
0x0012	0x0000      	NOP
0x0013	0x0000      	NOP
;__Lib_Delays.c,33 :: 		}
L_end_Delay_5500us:
0x0014	0x0008      	RETURN
; end of _Delay_5500us
_Delay_1us:
;__Lib_Delays.c,7 :: 		void Delay_1us() {
;__Lib_Delays.c,8 :: 		Delay_us(1);
0x0015	0x0000      	NOP
0x0016	0x0000      	NOP
;__Lib_Delays.c,9 :: 		}
L_end_Delay_1us:
0x0017	0x0008      	RETURN
; end of _Delay_1us
_Lcd_Cmd:
;__Lib_Lcd.c,18 :: 		
;__Lib_Lcd.c,20 :: 		
0x0018	0x1283      	BCF        STATUS, 5
0x0019	0x1BCF      	BTFSC      FARG_Lcd_Cmd_out_char, 7
0x001A	0x281D      	GOTO       L__Lcd_Cmd21
0x001B	0x1386      	BCF        LCD_D7, BitPos(LCD_D7+0)
0x001C	0x281E      	GOTO       L__Lcd_Cmd22
L__Lcd_Cmd21:
0x001D	0x1786      	BSF        LCD_D7, BitPos(LCD_D7+0)
L__Lcd_Cmd22:
;__Lib_Lcd.c,21 :: 		
0x001E	0x1B4F      	BTFSC      FARG_Lcd_Cmd_out_char, 6
0x001F	0x2822      	GOTO       L__Lcd_Cmd23
0x0020	0x1306      	BCF        LCD_D6, BitPos(LCD_D6+0)
0x0021	0x2823      	GOTO       L__Lcd_Cmd24
L__Lcd_Cmd23:
0x0022	0x1706      	BSF        LCD_D6, BitPos(LCD_D6+0)
L__Lcd_Cmd24:
;__Lib_Lcd.c,22 :: 		
0x0023	0x1ACF      	BTFSC      FARG_Lcd_Cmd_out_char, 5
0x0024	0x2827      	GOTO       L__Lcd_Cmd25
0x0025	0x1286      	BCF        LCD_D5, BitPos(LCD_D5+0)
0x0026	0x2828      	GOTO       L__Lcd_Cmd26
L__Lcd_Cmd25:
0x0027	0x1686      	BSF        LCD_D5, BitPos(LCD_D5+0)
L__Lcd_Cmd26:
;__Lib_Lcd.c,23 :: 		
0x0028	0x1A4F      	BTFSC      FARG_Lcd_Cmd_out_char, 4
0x0029	0x282C      	GOTO       L__Lcd_Cmd27
0x002A	0x1206      	BCF        LCD_D4, BitPos(LCD_D4+0)
0x002B	0x282D      	GOTO       L__Lcd_Cmd28
L__Lcd_Cmd27:
0x002C	0x1606      	BSF        LCD_D4, BitPos(LCD_D4+0)
L__Lcd_Cmd28:
;__Lib_Lcd.c,25 :: 		
0x002D	0x183F      	BTFSC      __Lib_Lcd_cmd_status, BitPos(__Lib_Lcd_cmd_status+0)
0x002E	0x2831      	GOTO       L__Lcd_Cmd29
0x002F	0x1506      	BSF        LCD_RS, BitPos(LCD_RS+0)
0x0030	0x2832      	GOTO       L__Lcd_Cmd30
L__Lcd_Cmd29:
0x0031	0x1106      	BCF        LCD_RS, BitPos(LCD_RS+0)
L__Lcd_Cmd30:
;__Lib_Lcd.c,28 :: 		
0x0032	0x1586      	BSF        LCD_EN, BitPos(LCD_EN+0)
;__Lib_Lcd.c,29 :: 		
0x0033	0x2015      	CALL       _Delay_1us
;__Lib_Lcd.c,30 :: 		
0x0034	0x1186      	BCF        LCD_EN, BitPos(LCD_EN+0)
;__Lib_Lcd.c,33 :: 		
0x0035	0x19CF      	BTFSC      FARG_Lcd_Cmd_out_char, 3
0x0036	0x2839      	GOTO       L__Lcd_Cmd31
0x0037	0x1386      	BCF        LCD_D7, BitPos(LCD_D7+0)
0x0038	0x283A      	GOTO       L__Lcd_Cmd32
L__Lcd_Cmd31:
0x0039	0x1786      	BSF        LCD_D7, BitPos(LCD_D7+0)
L__Lcd_Cmd32:
;__Lib_Lcd.c,34 :: 		
0x003A	0x194F      	BTFSC      FARG_Lcd_Cmd_out_char, 2
0x003B	0x283E      	GOTO       L__Lcd_Cmd33
0x003C	0x1306      	BCF        LCD_D6, BitPos(LCD_D6+0)
0x003D	0x283F      	GOTO       L__Lcd_Cmd34
L__Lcd_Cmd33:
0x003E	0x1706      	BSF        LCD_D6, BitPos(LCD_D6+0)
L__Lcd_Cmd34:
;__Lib_Lcd.c,35 :: 		
0x003F	0x18CF      	BTFSC      FARG_Lcd_Cmd_out_char, 1
0x0040	0x2843      	GOTO       L__Lcd_Cmd35
0x0041	0x1286      	BCF        LCD_D5, BitPos(LCD_D5+0)
0x0042	0x2844      	GOTO       L__Lcd_Cmd36
L__Lcd_Cmd35:
0x0043	0x1686      	BSF        LCD_D5, BitPos(LCD_D5+0)
L__Lcd_Cmd36:
;__Lib_Lcd.c,36 :: 		
0x0044	0x184F      	BTFSC      FARG_Lcd_Cmd_out_char, 0
0x0045	0x2848      	GOTO       L__Lcd_Cmd37
0x0046	0x1206      	BCF        LCD_D4, BitPos(LCD_D4+0)
0x0047	0x2849      	GOTO       L__Lcd_Cmd38
L__Lcd_Cmd37:
0x0048	0x1606      	BSF        LCD_D4, BitPos(LCD_D4+0)
L__Lcd_Cmd38:
;__Lib_Lcd.c,38 :: 		
0x0049	0x183F      	BTFSC      __Lib_Lcd_cmd_status, BitPos(__Lib_Lcd_cmd_status+0)
0x004A	0x284D      	GOTO       L__Lcd_Cmd39
0x004B	0x1506      	BSF        LCD_RS, BitPos(LCD_RS+0)
0x004C	0x284E      	GOTO       L__Lcd_Cmd40
L__Lcd_Cmd39:
0x004D	0x1106      	BCF        LCD_RS, BitPos(LCD_RS+0)
L__Lcd_Cmd40:
;__Lib_Lcd.c,40 :: 		
0x004E	0x1586      	BSF        LCD_EN, BitPos(LCD_EN+0)
;__Lib_Lcd.c,41 :: 		
0x004F	0x2015      	CALL       _Delay_1us
;__Lib_Lcd.c,42 :: 		
0x0050	0x1186      	BCF        LCD_EN, BitPos(LCD_EN+0)
;__Lib_Lcd.c,44 :: 		
0x0051	0x1C3F      	BTFSS      __Lib_Lcd_cmd_status, BitPos(__Lib_Lcd_cmd_status+0)
0x0052	0x2855      	GOTO       L_Lcd_Cmd0
;__Lib_Lcd.c,45 :: 		
0x0053	0x2009      	CALL       _Delay_5500us
0x0054	0x2856      	GOTO       L_Lcd_Cmd1
L_Lcd_Cmd0:
;__Lib_Lcd.c,47 :: 		
0x0055	0x2003      	CALL       _Delay_50us
L_Lcd_Cmd1:
;__Lib_Lcd.c,48 :: 		
L_end_Lcd_Cmd:
0x0056	0x0008      	RETURN
; end of _Lcd_Cmd
_Lcd_Chr_CP:
;__Lib_Lcd.c,50 :: 		
;__Lib_Lcd.c,52 :: 		
0x0057	0x1283      	BCF        STATUS, 5
0x0058	0x103F      	BCF        __Lib_Lcd_cmd_status, BitPos(__Lib_Lcd_cmd_status+0)
;__Lib_Lcd.c,53 :: 		
0x0059	0x084E      	MOVF       FARG_Lcd_Chr_CP_out_char, 0
0x005A	0x00CF      	MOVWF      FARG_Lcd_Cmd_out_char
0x005B	0x2018      	CALL       _Lcd_Cmd
;__Lib_Lcd.c,54 :: 		
0x005C	0x143F      	BSF        __Lib_Lcd_cmd_status, BitPos(__Lib_Lcd_cmd_status+0)
;__Lib_Lcd.c,55 :: 		
L_end_Lcd_Chr_CP:
0x005D	0x0008      	RETURN
; end of _Lcd_Chr_CP
_CheckResponse:
;dht11.h,13 :: 		void CheckResponse(){
;dht11.h,14 :: 		_Check = 0;
0x005E	0x1283      	BCF        STATUS, 5
0x005F	0x01BB      	CLRF       __Check
;dht11.h,15 :: 		delay_us(40);
0x0060	0x301A      	MOVLW      26
0x0061	0x00FD      	MOVWF      R13
L_CheckResponse2:
0x0062	0x0BFD      	DECFSZ     R13, 1
0x0063	0x2862      	GOTO       L_CheckResponse2
0x0064	0x0000      	NOP
;dht11.h,16 :: 		if(DHT11 == 0){
0x0065	0x1807      	BTFSC      RC0_bit, BitPos(RC0_bit+0)
0x0066	0x2874      	GOTO       L_CheckResponse3
;dht11.h,17 :: 		delay_us(80);
0x0067	0x3035      	MOVLW      53
0x0068	0x00FD      	MOVWF      R13
L_CheckResponse4:
0x0069	0x0BFD      	DECFSZ     R13, 1
0x006A	0x2869      	GOTO       L_CheckResponse4
;dht11.h,18 :: 		if(DHT11 == 1) _Check = 1;
0x006B	0x1C07      	BTFSS      RC0_bit, BitPos(RC0_bit+0)
0x006C	0x286F      	GOTO       L_CheckResponse5
0x006D	0x3001      	MOVLW      1
0x006E	0x00BB      	MOVWF      __Check
L_CheckResponse5:
;dht11.h,19 :: 		delay_us(40);
0x006F	0x301A      	MOVLW      26
0x0070	0x00FD      	MOVWF      R13
L_CheckResponse6:
0x0071	0x0BFD      	DECFSZ     R13, 1
0x0072	0x2871      	GOTO       L_CheckResponse6
0x0073	0x0000      	NOP
;dht11.h,20 :: 		}
L_CheckResponse3:
;dht11.h,21 :: 		}
L_end_CheckResponse:
0x0074	0x0008      	RETURN
; end of _CheckResponse
_____DoICP:
;__Lib_System.c,6 :: 		
;__Lib_System.c,9 :: 		
0x0075	0x1283      	BCF        STATUS, 5
0x0076	0x0842      	MOVF       ___DoICPAddr+1, 0
0x0077	0x008A      	MOVWF      PCLATH
;__Lib_System.c,10 :: 		
0x0078	0x0841      	MOVF       ___DoICPAddr, 0
0x0079	0x0082      	MOVWF      PCL
;__Lib_System.c,12 :: 		
L_end_____DoICP:
0x007A	0x0008      	RETURN
; end of _____DoICP
_StartSignal:
;dht11.h,4 :: 		void StartSignal(){
;dht11.h,5 :: 		DHT11_dir = 0;
0x007B	0x1683      	BSF        STATUS, 5
0x007C	0x1007      	BCF        TRISC0_bit, BitPos(TRISC0_bit+0)
;dht11.h,6 :: 		DHT11 = 0;
0x007D	0x1283      	BCF        STATUS, 5
0x007E	0x1007      	BCF        RC0_bit, BitPos(RC0_bit+0)
;dht11.h,7 :: 		delay_ms(18);
0x007F	0x302F      	MOVLW      47
0x0080	0x00FC      	MOVWF      R12
0x0081	0x30BF      	MOVLW      191
0x0082	0x00FD      	MOVWF      R13
L_StartSignal0:
0x0083	0x0BFD      	DECFSZ     R13, 1
0x0084	0x2883      	GOTO       L_StartSignal0
0x0085	0x0BFC      	DECFSZ     R12, 1
0x0086	0x2883      	GOTO       L_StartSignal0
0x0087	0x0000      	NOP
0x0088	0x0000      	NOP
;dht11.h,8 :: 		DHT11 = 1;
0x0089	0x1407      	BSF        RC0_bit, BitPos(RC0_bit+0)
;dht11.h,9 :: 		delay_us(30);
0x008A	0x3013      	MOVLW      19
0x008B	0x00FD      	MOVWF      R13
L_StartSignal1:
0x008C	0x0BFD      	DECFSZ     R13, 1
0x008D	0x288C      	GOTO       L_StartSignal1
0x008E	0x0000      	NOP
0x008F	0x0000      	NOP
;dht11.h,10 :: 		DHT11_dir = 1;
0x0090	0x1683      	BSF        STATUS, 5
0x0091	0x1407      	BSF        TRISC0_bit, BitPos(TRISC0_bit+0)
;dht11.h,11 :: 		}
L_end_StartSignal:
0x0092	0x0008      	RETURN
; end of _StartSignal
_Div_8X8_U:
;__Lib_Math.c,189 :: 		
;__Lib_Math.c,196 :: 		
0x0093	0x1283      	BCF        STATUS, 5
;__Lib_Math.c,197 :: 		
0x0094	0x1303      	BCF        STATUS, 6
;__Lib_Math.c,198 :: 		
0x0095	0x01F8      	CLRF       R8
;__Lib_Math.c,199 :: 		
0x0096	0x3008      	MOVLW      8
;__Lib_Math.c,200 :: 		
0x0097	0x00FC      	MOVWF      R12
;__Lib_Math.c,201 :: 		
0x0098	0x0D70      	RLF        R0, 0
;__Lib_Math.c,202 :: 		
0x0099	0x0DF8      	RLF        R8, 1
;__Lib_Math.c,203 :: 		
0x009A	0x0874      	MOVF       R4, 0
;__Lib_Math.c,204 :: 		
0x009B	0x02F8      	SUBWF      R8, 1
;__Lib_Math.c,205 :: 		
0x009C	0x1803      	BTFSC      STATUS, 0
;__Lib_Math.c,206 :: 		
0x009D	0x28A0      	GOTO       $+3
;__Lib_Math.c,207 :: 		
0x009E	0x07F8      	ADDWF      R8, 1
;__Lib_Math.c,208 :: 		
0x009F	0x1003      	BCF        STATUS, 0
;__Lib_Math.c,209 :: 		
0x00A0	0x0DF0      	RLF        R0, 1
;__Lib_Math.c,210 :: 		
0x00A1	0x0BFC      	DECFSZ     R12, 1
;__Lib_Math.c,211 :: 		
0x00A2	0x2898      	GOTO       $-10
;__Lib_Math.c,213 :: 		
L_end_Div_8X8_U:
0x00A3	0x0008      	RETURN
; end of _Div_8X8_U
_Lcd_Out:
;__Lib_Lcd.c,184 :: 		
;__Lib_Lcd.c,187 :: 		
0x00A4	0x28B5      	GOTO       L_Lcd_Out11
;__Lib_Lcd.c,188 :: 		
L_Lcd_Out13:
0x00A5	0x3080      	MOVLW      128
0x00A6	0x1283      	BCF        STATUS, 5
0x00A7	0x00CA      	MOVWF      FARG_Lcd_Out_row
0x00A8	0x28C7      	GOTO       L_Lcd_Out12
;__Lib_Lcd.c,189 :: 		
L_Lcd_Out14:
0x00A9	0x30C0      	MOVLW      192
0x00AA	0x00CA      	MOVWF      FARG_Lcd_Out_row
0x00AB	0x28C7      	GOTO       L_Lcd_Out12
;__Lib_Lcd.c,190 :: 		
L_Lcd_Out15:
0x00AC	0x3094      	MOVLW      148
0x00AD	0x00CA      	MOVWF      FARG_Lcd_Out_row
0x00AE	0x28C7      	GOTO       L_Lcd_Out12
;__Lib_Lcd.c,191 :: 		
L_Lcd_Out16:
0x00AF	0x30D4      	MOVLW      212
0x00B0	0x00CA      	MOVWF      FARG_Lcd_Out_row
0x00B1	0x28C7      	GOTO       L_Lcd_Out12
;__Lib_Lcd.c,192 :: 		
L_Lcd_Out17:
0x00B2	0x3080      	MOVLW      128
0x00B3	0x00CA      	MOVWF      FARG_Lcd_Out_row
;__Lib_Lcd.c,193 :: 		
0x00B4	0x28C7      	GOTO       L_Lcd_Out12
L_Lcd_Out11:
0x00B5	0x1283      	BCF        STATUS, 5
0x00B6	0x084A      	MOVF       FARG_Lcd_Out_row, 0
0x00B7	0x3A01      	XORLW      1
0x00B8	0x1903      	BTFSC      STATUS, 2
0x00B9	0x28A5      	GOTO       L_Lcd_Out13
0x00BA	0x084A      	MOVF       FARG_Lcd_Out_row, 0
0x00BB	0x3A02      	XORLW      2
0x00BC	0x1903      	BTFSC      STATUS, 2
0x00BD	0x28A9      	GOTO       L_Lcd_Out14
0x00BE	0x084A      	MOVF       FARG_Lcd_Out_row, 0
0x00BF	0x3A03      	XORLW      3
0x00C0	0x1903      	BTFSC      STATUS, 2
0x00C1	0x28AC      	GOTO       L_Lcd_Out15
0x00C2	0x084A      	MOVF       FARG_Lcd_Out_row, 0
0x00C3	0x3A04      	XORLW      4
0x00C4	0x1903      	BTFSC      STATUS, 2
0x00C5	0x28AF      	GOTO       L_Lcd_Out16
0x00C6	0x28B2      	GOTO       L_Lcd_Out17
L_Lcd_Out12:
;__Lib_Lcd.c,194 :: 		
0x00C7	0x034B      	DECF       FARG_Lcd_Out_column, 0
0x00C8	0x00F0      	MOVWF      R0
0x00C9	0x084A      	MOVF       FARG_Lcd_Out_row, 0
0x00CA	0x07F0      	ADDWF      R0, 1
0x00CB	0x0870      	MOVF       R0, 0
0x00CC	0x00CA      	MOVWF      FARG_Lcd_Out_row
;__Lib_Lcd.c,196 :: 		
0x00CD	0x0870      	MOVF       R0, 0
0x00CE	0x00CF      	MOVWF      FARG_Lcd_Cmd_out_char
0x00CF	0x2018      	CALL       _Lcd_Cmd
;__Lib_Lcd.c,197 :: 		
0x00D0	0x103F      	BCF        __Lib_Lcd_cmd_status, BitPos(__Lib_Lcd_cmd_status+0)
;__Lib_Lcd.c,198 :: 		
0x00D1	0x01CD      	CLRF       Lcd_Out_i_L0
;__Lib_Lcd.c,199 :: 		
L_Lcd_Out18:
0x00D2	0x084D      	MOVF       Lcd_Out_i_L0, 0
0x00D3	0x074C      	ADDWF      FARG_Lcd_Out_text, 0
0x00D4	0x0084      	MOVWF      FSR
0x00D5	0x0800      	MOVF       INDF, 0
0x00D6	0x1903      	BTFSC      STATUS, 2
0x00D7	0x28E0      	GOTO       L_Lcd_Out19
;__Lib_Lcd.c,200 :: 		
0x00D8	0x084D      	MOVF       Lcd_Out_i_L0, 0
0x00D9	0x074C      	ADDWF      FARG_Lcd_Out_text, 0
0x00DA	0x0084      	MOVWF      FSR
0x00DB	0x0800      	MOVF       INDF, 0
0x00DC	0x00CE      	MOVWF      FARG_Lcd_Chr_CP_out_char
0x00DD	0x2057      	CALL       _Lcd_Chr_CP
0x00DE	0x0ACD      	INCF       Lcd_Out_i_L0, 1
0x00DF	0x28D2      	GOTO       L_Lcd_Out18
L_Lcd_Out19:
;__Lib_Lcd.c,201 :: 		
0x00E0	0x143F      	BSF        __Lib_Lcd_cmd_status, BitPos(__Lib_Lcd_cmd_status+0)
;__Lib_Lcd.c,202 :: 		
L_end_Lcd_Out:
0x00E1	0x0008      	RETURN
; end of _Lcd_Out
_ReadData:
;dht11.h,23 :: 		char ReadData(){
;dht11.h,25 :: 		for(j = 0; j < 8; j++){
0x00E2	0x1283      	BCF        STATUS, 5
0x00E3	0x01F3      	CLRF       R3
L_ReadData7:
0x00E4	0x3008      	MOVLW      8
0x00E5	0x0273      	SUBWF      R3, 0
0x00E6	0x1803      	BTFSC      STATUS, 0
0x00E7	0x291A      	GOTO       L_ReadData8
;dht11.h,26 :: 		while(!DHT11);
L_ReadData10:
0x00E8	0x1807      	BTFSC      RC0_bit, BitPos(RC0_bit+0)
0x00E9	0x28EB      	GOTO       L_ReadData11
0x00EA	0x28E8      	GOTO       L_ReadData10
L_ReadData11:
;dht11.h,27 :: 		delay_us(30);
0x00EB	0x3013      	MOVLW      19
0x00EC	0x00FD      	MOVWF      R13
L_ReadData12:
0x00ED	0x0BFD      	DECFSZ     R13, 1
0x00EE	0x28ED      	GOTO       L_ReadData12
0x00EF	0x0000      	NOP
0x00F0	0x0000      	NOP
;dht11.h,28 :: 		if(DHT11 == 0)
0x00F1	0x1807      	BTFSC      RC0_bit, BitPos(RC0_bit+0)
0x00F2	0x2905      	GOTO       L_ReadData13
;dht11.h,29 :: 		i&= ~(1 << (7 - j));
0x00F3	0x0873      	MOVF       R3, 0
0x00F4	0x3C07      	SUBLW      7
0x00F5	0x00F0      	MOVWF      R0
0x00F6	0x0870      	MOVF       R0, 0
0x00F7	0x00F1      	MOVWF      R1
0x00F8	0x3001      	MOVLW      1
0x00F9	0x00F0      	MOVWF      R0
0x00FA	0x0871      	MOVF       R1, 0
L__ReadData24:
0x00FB	0x1903      	BTFSC      STATUS, 2
0x00FC	0x2901      	GOTO       L__ReadData25
0x00FD	0x0DF0      	RLF        R0, 1
0x00FE	0x1070      	BCF        R0, 0
0x00FF	0x3EFF      	ADDLW      255
0x0100	0x28FB      	GOTO       L__ReadData24
L__ReadData25:
0x0101	0x09F0      	COMF       R0, 1
0x0102	0x0870      	MOVF       R0, 0
0x0103	0x05F2      	ANDWF      R2, 1
0x0104	0x2918      	GOTO       L_ReadData14
L_ReadData13:
;dht11.h,31 :: 		i|= (1 << (7 - j));
0x0105	0x0873      	MOVF       R3, 0
0x0106	0x3C07      	SUBLW      7
0x0107	0x00F0      	MOVWF      R0
0x0108	0x0870      	MOVF       R0, 0
0x0109	0x00F1      	MOVWF      R1
0x010A	0x3001      	MOVLW      1
0x010B	0x00F0      	MOVWF      R0
0x010C	0x0871      	MOVF       R1, 0
L__ReadData26:
0x010D	0x1903      	BTFSC      STATUS, 2
0x010E	0x2913      	GOTO       L__ReadData27
0x010F	0x0DF0      	RLF        R0, 1
0x0110	0x1070      	BCF        R0, 0
0x0111	0x3EFF      	ADDLW      255
0x0112	0x290D      	GOTO       L__ReadData26
L__ReadData27:
0x0113	0x0870      	MOVF       R0, 0
0x0114	0x04F2      	IORWF      R2, 1
;dht11.h,32 :: 		while(DHT11);
L_ReadData15:
0x0115	0x1C07      	BTFSS      RC0_bit, BitPos(RC0_bit+0)
0x0116	0x2918      	GOTO       L_ReadData16
0x0117	0x2915      	GOTO       L_ReadData15
L_ReadData16:
;dht11.h,33 :: 		}
L_ReadData14:
;dht11.h,25 :: 		for(j = 0; j < 8; j++){
0x0118	0x0AF3      	INCF       R3, 1
;dht11.h,34 :: 		}
0x0119	0x28E4      	GOTO       L_ReadData7
L_ReadData8:
;dht11.h,35 :: 		return i;
0x011A	0x0872      	MOVF       R2, 0
0x011B	0x00F0      	MOVWF      R0
;dht11.h,36 :: 		}
L_end_ReadData:
0x011C	0x0008      	RETURN
; end of _ReadData
_DHT11_read:
;dht11.h,38 :: 		int DHT11_read(){
;dht11.h,40 :: 		StartSignal();
0x011D	0x207B      	CALL       _StartSignal
;dht11.h,41 :: 		CheckResponse();
0x011E	0x205E      	CALL       _CheckResponse
;dht11.h,42 :: 		if(_Check == 1){
0x011F	0x083B      	MOVF       __Check, 0
0x0120	0x3A01      	XORLW      1
0x0121	0x1D03      	BTFSS      STATUS, 2
0x0122	0x2942      	GOTO       L_DHT11_read17
;dht11.h,43 :: 		RH = ReadData();
0x0123	0x20E2      	CALL       _ReadData
0x0124	0x0870      	MOVF       R0, 0
0x0125	0x00C4      	MOVWF      DHT11_read_RH_L0
;dht11.h,44 :: 		ReadData();
0x0126	0x20E2      	CALL       _ReadData
;dht11.h,45 :: 		Temp = ReadData();
0x0127	0x20E2      	CALL       _ReadData
0x0128	0x0870      	MOVF       R0, 0
0x0129	0x00C3      	MOVWF      DHT11_read_Temp_L0
;dht11.h,46 :: 		ReadData();
0x012A	0x20E2      	CALL       _ReadData
;dht11.h,47 :: 		Sum = ReadData();
0x012B	0x20E2      	CALL       _ReadData
;dht11.h,48 :: 		if(Sum == (RH + Temp)){
0x012C	0x0843      	MOVF       DHT11_read_Temp_L0, 0
0x012D	0x0744      	ADDWF      DHT11_read_RH_L0, 0
0x012E	0x00F2      	MOVWF      R2
0x012F	0x01F3      	CLRF       R2+1
0x0130	0x1803      	BTFSC      STATUS, 0
0x0131	0x0AF3      	INCF       R2+1, 1
0x0132	0x3000      	MOVLW      0
0x0133	0x0673      	XORWF      R2+1, 0
0x0134	0x1D03      	BTFSS      STATUS, 2
0x0135	0x2938      	GOTO       L__DHT11_read29
0x0136	0x0872      	MOVF       R2, 0
0x0137	0x0670      	XORWF      R0, 0
L__DHT11_read29:
0x0138	0x1D03      	BTFSS      STATUS, 2
0x0139	0x2942      	GOTO       L_DHT11_read18
;dht11.h,49 :: 		return (RH << 8) + Temp;
0x013A	0x0844      	MOVF       DHT11_read_RH_L0, 0
0x013B	0x00F1      	MOVWF      R0+1
0x013C	0x01F0      	CLRF       R0
0x013D	0x0843      	MOVF       DHT11_read_Temp_L0, 0
0x013E	0x07F0      	ADDWF      R0, 1
0x013F	0x1803      	BTFSC      STATUS, 0
0x0140	0x0AF1      	INCF       R0+1, 1
0x0141	0x2942      	GOTO       L_end_DHT11_read
;dht11.h,50 :: 		}
L_DHT11_read18:
;dht11.h,51 :: 		}
L_DHT11_read17:
;dht11.h,52 :: 		}
L_end_DHT11_read:
0x0142	0x0008      	RETURN
; end of _DHT11_read
_Lcd_Chr:
;__Lib_Lcd.c,65 :: 		
;__Lib_Lcd.c,66 :: 		
0x0143	0x2954      	GOTO       L_Lcd_Chr4
;__Lib_Lcd.c,67 :: 		
L_Lcd_Chr6:
0x0144	0x3080      	MOVLW      128
0x0145	0x1283      	BCF        STATUS, 5
0x0146	0x00C3      	MOVWF      FARG_Lcd_Chr_row
0x0147	0x2966      	GOTO       L_Lcd_Chr5
;__Lib_Lcd.c,68 :: 		
L_Lcd_Chr7:
0x0148	0x30C0      	MOVLW      192
0x0149	0x00C3      	MOVWF      FARG_Lcd_Chr_row
0x014A	0x2966      	GOTO       L_Lcd_Chr5
;__Lib_Lcd.c,69 :: 		
L_Lcd_Chr8:
0x014B	0x3094      	MOVLW      148
0x014C	0x00C3      	MOVWF      FARG_Lcd_Chr_row
0x014D	0x2966      	GOTO       L_Lcd_Chr5
;__Lib_Lcd.c,70 :: 		
L_Lcd_Chr9:
0x014E	0x30D4      	MOVLW      212
0x014F	0x00C3      	MOVWF      FARG_Lcd_Chr_row
0x0150	0x2966      	GOTO       L_Lcd_Chr5
;__Lib_Lcd.c,71 :: 		
L_Lcd_Chr10:
0x0151	0x3080      	MOVLW      128
0x0152	0x00C3      	MOVWF      FARG_Lcd_Chr_row
;__Lib_Lcd.c,72 :: 		
0x0153	0x2966      	GOTO       L_Lcd_Chr5
L_Lcd_Chr4:
0x0154	0x1283      	BCF        STATUS, 5
0x0155	0x0843      	MOVF       FARG_Lcd_Chr_row, 0
0x0156	0x3A01      	XORLW      1
0x0157	0x1903      	BTFSC      STATUS, 2
0x0158	0x2944      	GOTO       L_Lcd_Chr6
0x0159	0x0843      	MOVF       FARG_Lcd_Chr_row, 0
0x015A	0x3A02      	XORLW      2
0x015B	0x1903      	BTFSC      STATUS, 2
0x015C	0x2948      	GOTO       L_Lcd_Chr7
0x015D	0x0843      	MOVF       FARG_Lcd_Chr_row, 0
0x015E	0x3A03      	XORLW      3
0x015F	0x1903      	BTFSC      STATUS, 2
0x0160	0x294B      	GOTO       L_Lcd_Chr8
0x0161	0x0843      	MOVF       FARG_Lcd_Chr_row, 0
0x0162	0x3A04      	XORLW      4
0x0163	0x1903      	BTFSC      STATUS, 2
0x0164	0x294E      	GOTO       L_Lcd_Chr9
0x0165	0x2951      	GOTO       L_Lcd_Chr10
L_Lcd_Chr5:
;__Lib_Lcd.c,74 :: 		
0x0166	0x0344      	DECF       FARG_Lcd_Chr_column, 0
0x0167	0x00F0      	MOVWF      R0
0x0168	0x0843      	MOVF       FARG_Lcd_Chr_row, 0
0x0169	0x07F0      	ADDWF      R0, 1
0x016A	0x0870      	MOVF       R0, 0
0x016B	0x00C3      	MOVWF      FARG_Lcd_Chr_row
;__Lib_Lcd.c,76 :: 		
0x016C	0x143F      	BSF        __Lib_Lcd_cmd_status, BitPos(__Lib_Lcd_cmd_status+0)
;__Lib_Lcd.c,77 :: 		
0x016D	0x0870      	MOVF       R0, 0
0x016E	0x00CF      	MOVWF      FARG_Lcd_Cmd_out_char
0x016F	0x2018      	CALL       _Lcd_Cmd
;__Lib_Lcd.c,79 :: 		
0x0170	0x103F      	BCF        __Lib_Lcd_cmd_status, BitPos(__Lib_Lcd_cmd_status+0)
;__Lib_Lcd.c,80 :: 		
0x0171	0x0845      	MOVF       FARG_Lcd_Chr_out_char, 0
0x0172	0x00CF      	MOVWF      FARG_Lcd_Cmd_out_char
0x0173	0x2018      	CALL       _Lcd_Cmd
;__Lib_Lcd.c,81 :: 		
0x0174	0x143F      	BSF        __Lib_Lcd_cmd_status, BitPos(__Lib_Lcd_cmd_status+0)
;__Lib_Lcd.c,82 :: 		
L_end_Lcd_Chr:
0x0175	0x0008      	RETURN
; end of _Lcd_Chr
_lcd_out_byte:
;DHT11.c,21 :: 		void lcd_out_byte(char x, char y, char byte){
;DHT11.c,23 :: 		digit[0] = byte / 100 + 48;
0x0176	0x3064      	MOVLW      100
0x0177	0x1283      	BCF        STATUS, 5
0x0178	0x00F4      	MOVWF      R4
0x0179	0x0845      	MOVF       FARG_lcd_out_byte_byte, 0
0x017A	0x00F0      	MOVWF      R0
0x017B	0x2093      	CALL       _Div_8X8_U
0x017C	0x3030      	MOVLW      48
0x017D	0x07F0      	ADDWF      R0, 1
0x017E	0x0870      	MOVF       R0, 0
0x017F	0x00C6      	MOVWF      lcd_out_byte_digit_L0
;DHT11.c,24 :: 		digit[1] = (byte % 100) / 10 + 48;
0x0180	0x3064      	MOVLW      100
0x0181	0x00F4      	MOVWF      R4
0x0182	0x0845      	MOVF       FARG_lcd_out_byte_byte, 0
0x0183	0x00F0      	MOVWF      R0
0x0184	0x2093      	CALL       _Div_8X8_U
0x0185	0x0878      	MOVF       R8, 0
0x0186	0x00F0      	MOVWF      R0
0x0187	0x300A      	MOVLW      10
0x0188	0x00F4      	MOVWF      R4
0x0189	0x2093      	CALL       _Div_8X8_U
0x018A	0x3030      	MOVLW      48
0x018B	0x0770      	ADDWF      R0, 0
0x018C	0x00C7      	MOVWF      lcd_out_byte_digit_L0+1
;DHT11.c,25 :: 		digit[2] = byte % 10 + 48;
0x018D	0x300A      	MOVLW      10
0x018E	0x00F4      	MOVWF      R4
0x018F	0x0845      	MOVF       FARG_lcd_out_byte_byte, 0
0x0190	0x00F0      	MOVWF      R0
0x0191	0x2093      	CALL       _Div_8X8_U
0x0192	0x0878      	MOVF       R8, 0
0x0193	0x00F0      	MOVWF      R0
0x0194	0x3030      	MOVLW      48
0x0195	0x0770      	ADDWF      R0, 0
0x0196	0x00C8      	MOVWF      lcd_out_byte_digit_L0+2
;DHT11.c,26 :: 		digit[3] = 0;
0x0197	0x01C9      	CLRF       lcd_out_byte_digit_L0+3
;DHT11.c,27 :: 		lcd_out(x,y,digit);
0x0198	0x0843      	MOVF       FARG_lcd_out_byte_x, 0
0x0199	0x00CA      	MOVWF      FARG_Lcd_Out_row
0x019A	0x0844      	MOVF       FARG_lcd_out_byte_y, 0
0x019B	0x00CB      	MOVWF      FARG_Lcd_Out_column
0x019C	0x3046      	MOVLW      lcd_out_byte_digit_L0
0x019D	0x00CC      	MOVWF      FARG_Lcd_Out_text
0x019E	0x20A4      	CALL       _Lcd_Out
;DHT11.c,28 :: 		}
L_end_lcd_out_byte:
0x019F	0x0008      	RETURN
; end of _lcd_out_byte
_Lcd_Init:
;__Lib_Lcd.c,84 :: 		
;__Lib_Lcd.c,86 :: 		
0x01A0	0x1683      	BSF        STATUS, 5
0x01A1	0x1186      	BCF        LCD_EN_Direction, BitPos(LCD_EN_Direction+0)
;__Lib_Lcd.c,87 :: 		
0x01A2	0x1106      	BCF        LCD_RS_Direction, BitPos(LCD_RS_Direction+0)
;__Lib_Lcd.c,88 :: 		
0x01A3	0x1206      	BCF        LCD_D4_Direction, BitPos(LCD_D4_Direction+0)
;__Lib_Lcd.c,89 :: 		
0x01A4	0x1286      	BCF        LCD_D5_Direction, BitPos(LCD_D5_Direction+0)
;__Lib_Lcd.c,90 :: 		
0x01A5	0x1306      	BCF        LCD_D6_Direction, BitPos(LCD_D6_Direction+0)
;__Lib_Lcd.c,91 :: 		
0x01A6	0x1386      	BCF        LCD_D7_Direction, BitPos(LCD_D7_Direction+0)
;__Lib_Lcd.c,93 :: 		
0x01A7	0x1283      	BCF        STATUS, 5
0x01A8	0x1186      	BCF        LCD_EN, BitPos(LCD_EN+0)
;__Lib_Lcd.c,94 :: 		
0x01A9	0x1106      	BCF        LCD_RS, BitPos(LCD_RS+0)
;__Lib_Lcd.c,95 :: 		
0x01AA	0x1386      	BCF        LCD_D7, BitPos(LCD_D7+0)
;__Lib_Lcd.c,96 :: 		
0x01AB	0x1306      	BCF        LCD_D6, BitPos(LCD_D6+0)
;__Lib_Lcd.c,97 :: 		
0x01AC	0x1286      	BCF        LCD_D5, BitPos(LCD_D5+0)
;__Lib_Lcd.c,98 :: 		
0x01AD	0x1206      	BCF        LCD_D4, BitPos(LCD_D4+0)
;__Lib_Lcd.c,100 :: 		
0x01AE	0x2009      	CALL       _Delay_5500us
;__Lib_Lcd.c,101 :: 		
0x01AF	0x2009      	CALL       _Delay_5500us
;__Lib_Lcd.c,102 :: 		
0x01B0	0x2009      	CALL       _Delay_5500us
;__Lib_Lcd.c,105 :: 		
0x01B1	0x1686      	BSF        LCD_D5, BitPos(LCD_D5+0)
;__Lib_Lcd.c,106 :: 		
0x01B2	0x1606      	BSF        LCD_D4, BitPos(LCD_D4+0)
;__Lib_Lcd.c,107 :: 		
0x01B3	0x1586      	BSF        LCD_EN, BitPos(LCD_EN+0)
;__Lib_Lcd.c,108 :: 		
0x01B4	0x2015      	CALL       _Delay_1us
;__Lib_Lcd.c,109 :: 		
0x01B5	0x1186      	BCF        LCD_EN, BitPos(LCD_EN+0)
;__Lib_Lcd.c,110 :: 		
0x01B6	0x2009      	CALL       _Delay_5500us
;__Lib_Lcd.c,112 :: 		
0x01B7	0x1586      	BSF        LCD_EN, BitPos(LCD_EN+0)
;__Lib_Lcd.c,113 :: 		
0x01B8	0x2015      	CALL       _Delay_1us
;__Lib_Lcd.c,114 :: 		
0x01B9	0x1186      	BCF        LCD_EN, BitPos(LCD_EN+0)
;__Lib_Lcd.c,115 :: 		
0x01BA	0x2009      	CALL       _Delay_5500us
;__Lib_Lcd.c,117 :: 		
0x01BB	0x1586      	BSF        LCD_EN, BitPos(LCD_EN+0)
;__Lib_Lcd.c,118 :: 		
0x01BC	0x2015      	CALL       _Delay_1us
;__Lib_Lcd.c,119 :: 		
0x01BD	0x1186      	BCF        LCD_EN, BitPos(LCD_EN+0)
;__Lib_Lcd.c,120 :: 		
0x01BE	0x2009      	CALL       _Delay_5500us
;__Lib_Lcd.c,123 :: 		
0x01BF	0x1206      	BCF        LCD_D4, BitPos(LCD_D4+0)
;__Lib_Lcd.c,124 :: 		
0x01C0	0x1586      	BSF        LCD_EN, BitPos(LCD_EN+0)
;__Lib_Lcd.c,125 :: 		
0x01C1	0x2015      	CALL       _Delay_1us
;__Lib_Lcd.c,126 :: 		
0x01C2	0x1186      	BCF        LCD_EN, BitPos(LCD_EN+0)
;__Lib_Lcd.c,127 :: 		
0x01C3	0x2009      	CALL       _Delay_5500us
;__Lib_Lcd.c,130 :: 		
0x01C4	0x1586      	BSF        LCD_EN, BitPos(LCD_EN+0)
;__Lib_Lcd.c,131 :: 		
0x01C5	0x2015      	CALL       _Delay_1us
;__Lib_Lcd.c,132 :: 		
0x01C6	0x1186      	BCF        LCD_EN, BitPos(LCD_EN+0)
;__Lib_Lcd.c,134 :: 		
0x01C7	0x1286      	BCF        LCD_D5, BitPos(LCD_D5+0)
;__Lib_Lcd.c,135 :: 		
0x01C8	0x1786      	BSF        LCD_D7, BitPos(LCD_D7+0)
;__Lib_Lcd.c,136 :: 		
0x01C9	0x1586      	BSF        LCD_EN, BitPos(LCD_EN+0)
;__Lib_Lcd.c,137 :: 		
0x01CA	0x2015      	CALL       _Delay_1us
;__Lib_Lcd.c,138 :: 		
0x01CB	0x1186      	BCF        LCD_EN, BitPos(LCD_EN+0)
;__Lib_Lcd.c,139 :: 		
0x01CC	0x2009      	CALL       _Delay_5500us
;__Lib_Lcd.c,142 :: 		
0x01CD	0x1386      	BCF        LCD_D7, BitPos(LCD_D7+0)
;__Lib_Lcd.c,143 :: 		
0x01CE	0x1606      	BSF        LCD_D4, BitPos(LCD_D4+0)
;__Lib_Lcd.c,144 :: 		
0x01CF	0x1586      	BSF        LCD_EN, BitPos(LCD_EN+0)
;__Lib_Lcd.c,145 :: 		
0x01D0	0x2015      	CALL       _Delay_1us
;__Lib_Lcd.c,146 :: 		
0x01D1	0x1186      	BCF        LCD_EN, BitPos(LCD_EN+0)
;__Lib_Lcd.c,148 :: 		
0x01D2	0x1206      	BCF        LCD_D4, BitPos(LCD_D4+0)
;__Lib_Lcd.c,149 :: 		
0x01D3	0x1586      	BSF        LCD_EN, BitPos(LCD_EN+0)
;__Lib_Lcd.c,150 :: 		
0x01D4	0x2015      	CALL       _Delay_1us
;__Lib_Lcd.c,151 :: 		
0x01D5	0x1186      	BCF        LCD_EN, BitPos(LCD_EN+0)
;__Lib_Lcd.c,152 :: 		
0x01D6	0x2009      	CALL       _Delay_5500us
;__Lib_Lcd.c,155 :: 		
0x01D7	0x1586      	BSF        LCD_EN, BitPos(LCD_EN+0)
;__Lib_Lcd.c,156 :: 		
0x01D8	0x2015      	CALL       _Delay_1us
;__Lib_Lcd.c,157 :: 		
0x01D9	0x1186      	BCF        LCD_EN, BitPos(LCD_EN+0)
;__Lib_Lcd.c,159 :: 		
0x01DA	0x1606      	BSF        LCD_D4, BitPos(LCD_D4+0)
;__Lib_Lcd.c,160 :: 		
0x01DB	0x1586      	BSF        LCD_EN, BitPos(LCD_EN+0)
;__Lib_Lcd.c,161 :: 		
0x01DC	0x2015      	CALL       _Delay_1us
;__Lib_Lcd.c,162 :: 		
0x01DD	0x1186      	BCF        LCD_EN, BitPos(LCD_EN+0)
;__Lib_Lcd.c,163 :: 		
0x01DE	0x2009      	CALL       _Delay_5500us
;__Lib_Lcd.c,166 :: 		
0x01DF	0x1206      	BCF        LCD_D4, BitPos(LCD_D4+0)
;__Lib_Lcd.c,167 :: 		
0x01E0	0x1586      	BSF        LCD_EN, BitPos(LCD_EN+0)
;__Lib_Lcd.c,168 :: 		
0x01E1	0x2015      	CALL       _Delay_1us
;__Lib_Lcd.c,169 :: 		
0x01E2	0x1186      	BCF        LCD_EN, BitPos(LCD_EN+0)
;__Lib_Lcd.c,171 :: 		
0x01E3	0x1786      	BSF        LCD_D7, BitPos(LCD_D7+0)
;__Lib_Lcd.c,172 :: 		
0x01E4	0x1706      	BSF        LCD_D6, BitPos(LCD_D6+0)
;__Lib_Lcd.c,173 :: 		
0x01E5	0x1686      	BSF        LCD_D5, BitPos(LCD_D5+0)
;__Lib_Lcd.c,174 :: 		
0x01E6	0x1606      	BSF        LCD_D4, BitPos(LCD_D4+0)
;__Lib_Lcd.c,175 :: 		
0x01E7	0x1586      	BSF        LCD_EN, BitPos(LCD_EN+0)
;__Lib_Lcd.c,176 :: 		
0x01E8	0x2015      	CALL       _Delay_1us
;__Lib_Lcd.c,177 :: 		
0x01E9	0x1186      	BCF        LCD_EN, BitPos(LCD_EN+0)
;__Lib_Lcd.c,179 :: 		
0x01EA	0x2009      	CALL       _Delay_5500us
;__Lib_Lcd.c,181 :: 		
0x01EB	0x143F      	BSF        __Lib_Lcd_cmd_status, BitPos(__Lib_Lcd_cmd_status+0)
;__Lib_Lcd.c,182 :: 		
L_end_Lcd_Init:
0x01EC	0x0008      	RETURN
; end of _Lcd_Init
___CC2DW:
;__Lib_System.c,134 :: 		
;__Lib_System.c,137 :: 		
_CC2D_Loop1:
;__Lib_System.c,139 :: 		
0x01ED	0x2075      	CALL       _____DoICP
0x01EE	0x118A      	BCF        PCLATH, 3
0x01EF	0x120A      	BCF        PCLATH, 4
;__Lib_System.c,141 :: 		
0x01F0	0x0080      	MOVWF      INDF
;__Lib_System.c,142 :: 		
0x01F1	0x0A84      	INCF       FSR, 1
;__Lib_System.c,143 :: 		
0x01F2	0x0AC1      	INCF       ___DoICPAddr, 1
;__Lib_System.c,145 :: 		
0x01F3	0x1903      	BTFSC      STATUS, 2
;__Lib_System.c,146 :: 		
0x01F4	0x0AC2      	INCF       ___DoICPAddr+1, 1
;__Lib_System.c,147 :: 		
0x01F5	0x03F0      	DECF       R0, 1
;__Lib_System.c,149 :: 		
0x01F6	0x1D03      	BTFSS      STATUS, 2
;__Lib_System.c,150 :: 		
0x01F7	0x29ED      	GOTO       _CC2D_Loop1
;__Lib_System.c,152 :: 		
L_end___CC2DW:
0x01F8	0x0008      	RETURN
; end of ___CC2DW
_main:
0x01F9	0x3054      	MOVLW      84
0x01FA	0x1283      	BCF        STATUS, 5
0x01FB	0x00A0      	MOVWF      ?lstr2_DHT11
0x01FC	0x3065      	MOVLW      101
0x01FD	0x00A1      	MOVWF      33
0x01FE	0x306D      	MOVLW      109
0x01FF	0x00A2      	MOVWF      34
0x0200	0x3070      	MOVLW      112
0x0201	0x00A3      	MOVWF      35
0x0202	0x303A      	MOVLW      58
0x0203	0x00A4      	MOVWF      36
0x0204	0x3020      	MOVLW      32
0x0205	0x00A5      	MOVWF      37
0x0206	0x3020      	MOVLW      32
0x0207	0x00A6      	MOVWF      38
0x0208	0x3020      	MOVLW      32
0x0209	0x00A7      	MOVWF      39
0x020A	0x3020      	MOVLW      32
0x020B	0x00A8      	MOVWF      40
0x020C	0x3020      	MOVLW      32
0x020D	0x00A9      	MOVWF      41
0x020E	0x3043      	MOVLW      67
0x020F	0x00AA      	MOVWF      42
0x0210	0x01AB      	CLRF       43
0x0211	0x3048      	MOVLW      72
0x0212	0x00AC      	MOVWF      ?lstr1_DHT11
0x0213	0x3075      	MOVLW      117
0x0214	0x00AD      	MOVWF      45
0x0215	0x306D      	MOVLW      109
0x0216	0x00AE      	MOVWF      46
0x0217	0x3069      	MOVLW      105
0x0218	0x00AF      	MOVWF      47
0x0219	0x3064      	MOVLW      100
0x021A	0x00B0      	MOVWF      48
0x021B	0x3069      	MOVLW      105
0x021C	0x00B1      	MOVWF      49
0x021D	0x3074      	MOVLW      116
0x021E	0x00B2      	MOVWF      50
0x021F	0x3079      	MOVLW      121
0x0220	0x00B3      	MOVWF      51
0x0221	0x303A      	MOVLW      58
0x0222	0x00B4      	MOVWF      52
0x0223	0x3020      	MOVLW      32
0x0224	0x00B5      	MOVWF      53
0x0225	0x3020      	MOVLW      32
0x0226	0x00B6      	MOVWF      54
0x0227	0x3020      	MOVLW      32
0x0228	0x00B7      	MOVWF      55
0x0229	0x3020      	MOVLW      32
0x022A	0x00B8      	MOVWF      56
0x022B	0x3025      	MOVLW      37
0x022C	0x00B9      	MOVWF      57
0x022D	0x01BA      	CLRF       58
0x022E	0x01BB      	CLRF       __Check
;DHT11.c,30 :: 		void main() {
;DHT11.c,31 :: 		Lcd_Init();
0x022F	0x21A0      	CALL       _Lcd_Init
;DHT11.c,32 :: 		Lcd_Cmd(_LCD_CLEAR);
0x0230	0x3001      	MOVLW      1
0x0231	0x00CF      	MOVWF      FARG_Lcd_Cmd_out_char
0x0232	0x2018      	CALL       _Lcd_Cmd
;DHT11.c,33 :: 		Lcd_Cmd(_LCD_CURSOR_OFF);
0x0233	0x300C      	MOVLW      12
0x0234	0x00CF      	MOVWF      FARG_Lcd_Cmd_out_char
0x0235	0x2018      	CALL       _Lcd_Cmd
;DHT11.c,34 :: 		lcd_out(1,1,"Humidity:    %");
0x0236	0x3001      	MOVLW      1
0x0237	0x00CA      	MOVWF      FARG_Lcd_Out_row
0x0238	0x3001      	MOVLW      1
0x0239	0x00CB      	MOVWF      FARG_Lcd_Out_column
0x023A	0x302C      	MOVLW      ?lstr1_DHT11
0x023B	0x00CC      	MOVWF      FARG_Lcd_Out_text
0x023C	0x20A4      	CALL       _Lcd_Out
;DHT11.c,35 :: 		lcd_out(2,1,"Temp:     C");
0x023D	0x3002      	MOVLW      2
0x023E	0x00CA      	MOVWF      FARG_Lcd_Out_row
0x023F	0x3001      	MOVLW      1
0x0240	0x00CB      	MOVWF      FARG_Lcd_Out_column
0x0241	0x3020      	MOVLW      ?lstr2_DHT11
0x0242	0x00CC      	MOVWF      FARG_Lcd_Out_text
0x0243	0x20A4      	CALL       _Lcd_Out
;DHT11.c,36 :: 		lcd_chr(2,10, 223);
0x0244	0x3002      	MOVLW      2
0x0245	0x00C3      	MOVWF      FARG_Lcd_Chr_row
0x0246	0x300A      	MOVLW      10
0x0247	0x00C4      	MOVWF      FARG_Lcd_Chr_column
0x0248	0x30DF      	MOVLW      223
0x0249	0x00C5      	MOVWF      FARG_Lcd_Chr_out_char
0x024A	0x2143      	CALL       _Lcd_Chr
;DHT11.c,38 :: 		while (1){
L_main19:
;DHT11.c,39 :: 		sensor = DHT11_read();
0x024B	0x211D      	CALL       _DHT11_read
0x024C	0x0870      	MOVF       R0, 0
0x024D	0x00BC      	MOVWF      _sensor
0x024E	0x0871      	MOVF       R0+1, 0
0x024F	0x00BD      	MOVWF      _sensor+1
;DHT11.c,40 :: 		hum = sensor >> 8;
0x0250	0x0871      	MOVF       R0+1, 0
0x0251	0x00F2      	MOVWF      R2
0x0252	0x01F3      	CLRF       R2+1
0x0253	0x0872      	MOVF       R2, 0
0x0254	0x00BE      	MOVWF      _hum
;DHT11.c,41 :: 		temp = sensor;
0x0255	0x0870      	MOVF       R0, 0
0x0256	0x00C0      	MOVWF      _temp
;DHT11.c,42 :: 		lcd_out_byte(1,11,hum);
0x0257	0x3001      	MOVLW      1
0x0258	0x00C3      	MOVWF      FARG_lcd_out_byte_x
0x0259	0x300B      	MOVLW      11
0x025A	0x00C4      	MOVWF      FARG_lcd_out_byte_y
0x025B	0x0872      	MOVF       R2, 0
0x025C	0x00C5      	MOVWF      FARG_lcd_out_byte_byte
0x025D	0x2176      	CALL       _lcd_out_byte
;DHT11.c,43 :: 		lcd_out_byte(2,7,temp);
0x025E	0x3002      	MOVLW      2
0x025F	0x00C3      	MOVWF      FARG_lcd_out_byte_x
0x0260	0x3007      	MOVLW      7
0x0261	0x00C4      	MOVWF      FARG_lcd_out_byte_y
0x0262	0x0840      	MOVF       _temp, 0
0x0263	0x00C5      	MOVWF      FARG_lcd_out_byte_byte
0x0264	0x2176      	CALL       _lcd_out_byte
;DHT11.c,44 :: 		}
0x0265	0x2A4B      	GOTO       L_main19
;DHT11.c,45 :: 		}
L_end_main:
0x0266	0x2A66      	GOTO       $+0
; end of _main
Symbol List:
//** Routines locations **
//ADDRESS    SIZE    PROCEDURE
//----------------------------------------------
0x0003       [6]    _Delay_50us
0x0009      [12]    _Delay_5500us
0x0015       [3]    _Delay_1us
0x0018      [63]    _Lcd_Cmd
0x0057       [7]    _Lcd_Chr_CP
0x005E      [23]    _CheckResponse
0x0075       [6]    _____DoICP
0x007B      [24]    _StartSignal
0x0093      [17]    _Div_8X8_U
0x00A4      [62]    _Lcd_Out
0x00E2      [59]    _ReadData
0x011D      [38]    _DHT11_read
0x0143      [51]    _Lcd_Chr
0x0176      [42]    _lcd_out_byte
0x01A0      [77]    _Lcd_Init
0x01ED      [12]    ___CC2DW
0x01F9     [110]    _main
//** Variables locations ** 
//ADDRESS    SIZE    VARIABLE
//----------------------------------------------
0x0000       [1]    INDF
0x0002       [1]    PCL
0x0003       [1]    STATUS
0x0004       [1]    FSR
0x0006       [0]    RB5_bit
0x0006       [0]    LCD_D7
0x0006       [0]    RB4_bit
0x0006       [0]    RB2_bit
0x0006       [0]    RB3_bit
0x0006       [0]    LCD_EN
0x0006       [0]    RB6_bit
0x0006       [0]    LCD_D5
0x0006       [0]    LCD_RS
0x0006       [0]    RB7_bit
0x0006       [0]    LCD_D6
0x0006       [0]    LCD_D4
0x0007       [0]    DHT11
0x0007       [0]    RC0_bit
0x000A       [1]    PCLATH
0x0020      [12]    ?lstr2_DHT11
0x002C      [15]    ?lstr1_DHT11
0x003B       [1]    __Check
0x003C       [2]    _sensor
0x003E       [1]    _hum
0x003F       [0]    __Lib_Lcd_cmd_status
0x0040       [1]    _temp
0x0041       [2]    ___DoICPAddr
0x0043       [1]    FARG_Lcd_Chr_row
0x0043       [1]    FARG_lcd_out_byte_x
0x0043       [1]    DHT11_read_Temp_L0
0x0044       [1]    FARG_lcd_out_byte_y
0x0044       [1]    FARG_Lcd_Chr_column
0x0044       [1]    DHT11_read_RH_L0
0x0045       [1]    FARG_Lcd_Chr_out_char
0x0045       [1]    FARG_lcd_out_byte_byte
0x0046       [4]    lcd_out_byte_digit_L0
0x004A       [1]    FARG_Lcd_Out_row
0x004B       [1]    FARG_Lcd_Out_column
0x004C       [1]    FARG_Lcd_Out_text
0x004D       [1]    Lcd_Out_i_L0
0x004E       [1]    FARG_Lcd_Chr_CP_out_char
0x004F       [1]    FARG_Lcd_Cmd_out_char
0x0070       [1]    R0
0x0071       [1]    R1
0x0072       [1]    R2
0x0073       [1]    R3
0x0074       [1]    R4
0x0075       [1]    R5
0x0076       [1]    R6
0x0077       [1]    R7
0x0078       [1]    R8
0x0079       [1]    R9
0x007A       [1]    R10
0x007B       [1]    R11
0x007C       [1]    R12
0x007D       [1]    R13
0x007E       [1]    R14
0x007F       [1]    R15
0x0086       [0]    LCD_EN_Direction
0x0086       [0]    LCD_RS_Direction
0x0086       [0]    LCD_D4_Direction
0x0086       [0]    TRISB7_bit
0x0086       [0]    TRISB6_bit
0x0086       [0]    LCD_D7_Direction
0x0086       [0]    LCD_D6_Direction
0x0086       [0]    LCD_D5_Direction
0x0086       [0]    TRISB2_bit
0x0086       [0]    TRISB5_bit
0x0086       [0]    TRISB4_bit
0x0086       [0]    TRISB3_bit
0x0087       [0]    DHT11_dir
0x0087       [0]    TRISC0_bit
