;  LST file generated by mikroListExporter - v.2.0 
; Date/Time: 20/01/2016 11:48:32 AM
;----------------------------------------------

;Address Opcode 	ASM
0x0000	0xF000EF65  	GOTO        202
0x0004	0x0000      	NOP
0x0006	0x0000      	NOP
0x0008	0xF000EF00  	GOTO        0
0x000C	0x0000      	NOP
0x000E	0x0000      	NOP
0x0010	0x0000      	NOP
0x0012	0x0000      	NOP
0x0014	0x0000      	NOP
0x0016	0x0000      	NOP
0x0018	0xD7F3      	BRA         0
_matrixSHOW:
;16x kpad.c,12 :: 		matrixSHOW(){
;16x kpad.c,13 :: 		for(speed=0;speed<10;speed++){
0x001C	0x6A5F      	CLRF        _speed 
L_matrixSHOW0:
0x001E	0x0E0A      	MOVLW       10
0x0020	0x5C5F      	SUBWF       _speed, 0 
0x0022	0xE222      	BC          L_matrixSHOW1
;16x kpad.c,14 :: 		SH = 1; SH = 0; DS = 1; ST = 1; ST = 0;
0x0024	0x8080      	BSF         PORTA, 0 
0x0026	0x9080      	BCF         PORTA, 0 
0x0028	0x8280      	BSF         PORTA, 1 
0x002A	0x8480      	BSF         PORTA, 2 
0x002C	0x9480      	BCF         PORTA, 2 
;16x kpad.c,15 :: 		for(col=0;col<32;col++){
0x002E	0x6A60      	CLRF        _col 
L_matrixSHOW3:
0x0030	0x0E20      	MOVLW       32
0x0032	0x5C60      	SUBWF       _col, 0 
0x0034	0xE217      	BC          L_matrixSHOW4
;16x kpad.c,16 :: 		portb =~ temp[col];
0x0036	0x0E1F      	MOVLW       _temp
0x0038	0x6EE9      	MOVWF       FSR0L 
0x003A	0x0E00      	MOVLW       hi_addr(_temp)
0x003C	0x6EEA      	MOVWF       FSR0H 
0x003E	0x5060      	MOVF        _col, 0 
0x0040	0x26E9      	ADDWF       FSR0L, 1 
0x0042	0xB0D8      	BTFSC       STATUS, 0 
0x0044	0x2AEA      	INCF        FSR0H, 1 
0x0046	0x1CEE      	COMF        POSTINC0, 0 
0x0048	0x6E81      	MOVWF       PORTB 
;16x kpad.c,17 :: 		delay_us(300);
0x004A	0x0EF9      	MOVLW       249
0x004C	0x6E0D      	MOVWF       R13, 0
L_matrixSHOW6:
0x004E	0x2E0D      	DECFSZ      R13, 1, 0
0x0050	0xD7FE      	BRA         L_matrixSHOW6
0x0052	0x0000      	NOP
0x0054	0x0000      	NOP
;16x kpad.c,18 :: 		SH = 1; SH = 0; DS = 0; ST = 1; ST = 0;
0x0056	0x8080      	BSF         PORTA, 0 
0x0058	0x9080      	BCF         PORTA, 0 
0x005A	0x9280      	BCF         PORTA, 1 
0x005C	0x8480      	BSF         PORTA, 2 
0x005E	0x9480      	BCF         PORTA, 2 
;16x kpad.c,15 :: 		for(col=0;col<32;col++){
0x0060	0x2A60      	INCF        _col, 1 
;16x kpad.c,19 :: 		}
0x0062	0xD7E6      	BRA         L_matrixSHOW3
L_matrixSHOW4:
;16x kpad.c,13 :: 		for(speed=0;speed<10;speed++){
0x0064	0x2A5F      	INCF        _speed, 1 
;16x kpad.c,20 :: 		}
0x0066	0xD7DB      	BRA         L_matrixSHOW0
L_matrixSHOW1:
;16x kpad.c,21 :: 		}
L_end_matrixSHOW:
0x0068	0x0012      	RETURN      0
; end of _matrixSHOW
___CC2DW:
;__Lib_System.c,21 :: 		
;__Lib_System.c,23 :: 		
_CC2DL_Loop1:
;__Lib_System.c,24 :: 		
0x006A	0x0009      	TBLRD*+
;__Lib_System.c,25 :: 		
0x006C	0xFFE6CFF5  	MOVFF       TABLAT, POSTINC1
;__Lib_System.c,26 :: 		
0x0070	0x0600      	DECF        R0, 1, 0
;__Lib_System.c,27 :: 		
0x0072	0xE1FB      	BNZ         _CC2DL_Loop1
;__Lib_System.c,28 :: 		
0x0074	0x0601      	DECF        R1, 1, 0
;__Lib_System.c,29 :: 		
0x0076	0xE1F9      	BNZ         _CC2DL_Loop1
;__Lib_System.c,31 :: 		
L_end___CC2DW:
0x0078	0x0012      	RETURN      0
; end of ___CC2DW
_Mul_16X16_U:
;__Lib_Math.c,440 :: 		
;__Lib_Math.c,447 :: 		
0x007A	0x6A0B      	CLRF        R11, 0
;__Lib_Math.c,448 :: 		
0x007C	0x6A0A      	CLRF        R10, 0
;__Lib_Math.c,449 :: 		
0x007E	0x6A09      	CLRF        R9, 0
;__Lib_Math.c,450 :: 		
0x0080	0x5000      	MOVF        R0, 0, 0
;__Lib_Math.c,451 :: 		
0x0082	0x0204      	MULWF       R4, 0
;__Lib_Math.c,453 :: 		
0x0084	0xF009CFF4  	MOVFF       PRODH, R9
;__Lib_Math.c,454 :: 		
0x0088	0xF008CFF3  	MOVFF       PRODL, R8
;__Lib_Math.c,455 :: 		
0x008C	0x5001      	MOVF        R1, 0, 0
;__Lib_Math.c,456 :: 		
0x008E	0x0205      	MULWF       R5, 0
;__Lib_Math.c,458 :: 		
0x0090	0xF00BCFF4  	MOVFF       PRODH, R11
;__Lib_Math.c,459 :: 		
0x0094	0xF00ACFF3  	MOVFF       PRODL, R10
;__Lib_Math.c,460 :: 		
0x0098	0x5000      	MOVF        R0, 0, 0
;__Lib_Math.c,461 :: 		
0x009A	0x0205      	MULWF       R5, 0
;__Lib_Math.c,463 :: 		
0x009C	0x50F3      	MOVF        PRODL, 0, 0
;__Lib_Math.c,464 :: 		
0x009E	0x2609      	ADDWF       R9, 1, 0
;__Lib_Math.c,465 :: 		
0x00A0	0x50F4      	MOVF        PRODH, 0, 0
;__Lib_Math.c,466 :: 		
0x00A2	0x220A      	ADDWFC      R10, 1, 0
;__Lib_Math.c,467 :: 		
0x00A4	0x6AE8      	CLRF        WREG, 0
;__Lib_Math.c,468 :: 		
0x00A6	0x220B      	ADDWFC      R11, 1, 0
;__Lib_Math.c,469 :: 		
0x00A8	0x5001      	MOVF        R1, 0, 0
;__Lib_Math.c,470 :: 		
0x00AA	0x0204      	MULWF       R4, 0
;__Lib_Math.c,472 :: 		
0x00AC	0x50F3      	MOVF        PRODL, 0, 0
;__Lib_Math.c,473 :: 		
0x00AE	0x2609      	ADDWF       R9, 1, 0
;__Lib_Math.c,474 :: 		
0x00B0	0x50F4      	MOVF        PRODH, 0, 0
;__Lib_Math.c,475 :: 		
0x00B2	0x220A      	ADDWFC      R10, 1, 0
;__Lib_Math.c,476 :: 		
0x00B4	0x6AE8      	CLRF        WREG, 0
;__Lib_Math.c,477 :: 		
0x00B6	0x220B      	ADDWFC      R11, 1, 0
;__Lib_Math.c,479 :: 		
0x00B8	0xF000C008  	MOVFF       R8, R0
;__Lib_Math.c,480 :: 		
0x00BC	0xF001C009  	MOVFF       R9, R1
;__Lib_Math.c,481 :: 		
0x00C0	0xF002C00A  	MOVFF       R10, R2
;__Lib_Math.c,482 :: 		
0x00C4	0xF003C00B  	MOVFF       R11, R3
;__Lib_Math.c,485 :: 		
L_end_Mul_16X16_U:
0x00C8	0x0012      	RETURN      0
; end of _Mul_16X16_U
_main:
;16x kpad.c,23 :: 		void main() {
;16x kpad.c,24 :: 		ADCON1 = 0x07;
0x00CA	0x0E07      	MOVLW       7
0x00CC	0x6EC1      	MOVWF       ADCON1 
;16x kpad.c,25 :: 		trisA = 0;trisB = 0;trisC = 0;trisD = 0xFF;
0x00CE	0x6A92      	CLRF        TRISA 
0x00D0	0x6A93      	CLRF        TRISB 
0x00D2	0x6A94      	CLRF        TRISC 
0x00D4	0x0EFF      	MOVLW       255
0x00D6	0x6E95      	MOVWF       TRISD 
;16x kpad.c,26 :: 		portA = 0;portB = 0;portC = 0;portD = 0;
0x00D8	0x6A80      	CLRF        PORTA 
0x00DA	0x6A81      	CLRF        PORTB 
0x00DC	0x6A82      	CLRF        PORTC 
0x00DE	0x6A83      	CLRF        PORTD 
;16x kpad.c,28 :: 		while(1){
L_main7:
;16x kpad.c,29 :: 		total = sizeof(string) - 1;
0x00E0	0x0E2B      	MOVLW       43
0x00E2	0x6E17      	MOVWF       _total 
0x00E4	0x0E00      	MOVLW       0
0x00E6	0x6E18      	MOVWF       _total+1 
;16x kpad.c,30 :: 		for(scroll=0;scroll<total;scroll++){
0x00E8	0x6A1B      	CLRF        _scroll 
0x00EA	0x6A1C      	CLRF        _scroll+1 
L_main9:
0x00EC	0x5018      	MOVF        _total+1, 0 
0x00EE	0x5C1C      	SUBWF       _scroll+1, 0 
0x00F0	0xE102      	BNZ         L__main17
0x00F2	0x5017      	MOVF        _total, 0 
0x00F4	0x5C1B      	SUBWF       _scroll, 0 
L__main17:
0x00F6	0xE24C      	BC          L_main10
;16x kpad.c,31 :: 		adrs = string[scroll] - 32;
0x00F8	0x0E56      	MOVLW       _string
0x00FA	0x241B      	ADDWF       _scroll, 0 
0x00FC	0x6EF6      	MOVWF       4086 
0x00FE	0x0E0B      	MOVLW       hi_addr(_string)
0x0100	0x201C      	ADDWFC      _scroll+1, 0 
0x0102	0x6EF7      	MOVWF       TBLPTRH 
0x0104	0x0E00      	MOVLW       higher_addr(_string)
0x0106	0x6EF8      	MOVWF       TBLPTRU 
0x0108	0x0E00      	MOVLW       0
0x010A	0x22F8      	ADDWFC      TBLPTRU, 1 
0x010C	0x0009      	TBLRD*+
0x010E	0xF000CFF5  	MOVFF       TABLAT, R0
0x0112	0x0E20      	MOVLW       32
0x0114	0x5E00      	SUBWF       R0, 1 
0x0116	0x6A01      	CLRF        R1 
0x0118	0x0E00      	MOVLW       0
0x011A	0x5A01      	SUBWFB      R1, 1 
0x011C	0xF01DC000  	MOVFF       R0, _adrs
0x0120	0xF01EC001  	MOVFF       R1, _adrs+1
;16x kpad.c,32 :: 		adrs = adrs * 26;
0x0124	0x0E1A      	MOVLW       26
0x0126	0x6E04      	MOVWF       R4 
0x0128	0x0E00      	MOVLW       0
0x012A	0x6E05      	MOVWF       R5 
0x012C	0xDFA6      	RCALL       _Mul_16X16_U
0x012E	0xF01DC000  	MOVFF       R0, _adrs
0x0132	0xF01EC001  	MOVFF       R1, _adrs+1
;16x kpad.c,33 :: 		for(count=adrs;count<adrs+26;count++){
0x0136	0xF019C000  	MOVFF       R0, _count
0x013A	0xF01AC001  	MOVFF       R1, _count+1
L_main12:
0x013E	0x0E1A      	MOVLW       26
0x0140	0x241D      	ADDWF       _adrs, 0 
0x0142	0x6E01      	MOVWF       R1 
0x0144	0x0E00      	MOVLW       0
0x0146	0x201E      	ADDWFC      _adrs+1, 0 
0x0148	0x6E02      	MOVWF       R2 
0x014A	0x5002      	MOVF        R2, 0 
0x014C	0x5C1A      	SUBWF       _count+1, 0 
0x014E	0xE102      	BNZ         L__main18
0x0150	0x5001      	MOVF        R1, 0 
0x0152	0x5C19      	SUBWF       _count, 0 
L__main18:
0x0154	0xE21A      	BC          L_main13
;16x kpad.c,34 :: 		temp[count2] = font[count];
0x0156	0x0E1F      	MOVLW       _temp
0x0158	0x2415      	ADDWF       _count2, 0 
0x015A	0x6EE1      	MOVWF       FSR1L 
0x015C	0x0E00      	MOVLW       hi_addr(_temp)
0x015E	0x2016      	ADDWFC      _count2+1, 0 
0x0160	0x6EE2      	MOVWF       FSR1H 
0x0162	0x0E96      	MOVLW       _font
0x0164	0x2419      	ADDWF       _count, 0 
0x0166	0x6EF6      	MOVWF       4086 
0x0168	0x0E01      	MOVLW       hi_addr(_font)
0x016A	0x201A      	ADDWFC      _count+1, 0 
0x016C	0x6EF7      	MOVWF       TBLPTRH 
0x016E	0x0E00      	MOVLW       higher_addr(_font)
0x0170	0x6EF8      	MOVWF       TBLPTRU 
0x0172	0x0E00      	MOVLW       0
0x0174	0x22F8      	ADDWFC      TBLPTRU, 1 
0x0176	0x0009      	TBLRD*+
0x0178	0xF000CFF5  	MOVFF       TABLAT, R0
0x017C	0xFFE6C000  	MOVFF       R0, POSTINC1
;16x kpad.c,35 :: 		count2++;
0x0180	0x4A15      	INFSNZ      _count2, 1 
0x0182	0x2A16      	INCF        _count2+1, 1 
;16x kpad.c,33 :: 		for(count=adrs;count<adrs+26;count++){
0x0184	0x4A19      	INFSNZ      _count, 1 
0x0186	0x2A1A      	INCF        _count+1, 1 
;16x kpad.c,36 :: 		}
0x0188	0xD7DA      	BRA         L_main12
L_main13:
;16x kpad.c,30 :: 		for(scroll=0;scroll<total;scroll++){
0x018A	0x4A1B      	INFSNZ      _scroll, 1 
0x018C	0x2A1C      	INCF        _scroll+1, 1 
;16x kpad.c,37 :: 		}
0x018E	0xD7AE      	BRA         L_main9
L_main10:
;16x kpad.c,38 :: 		matrixSHOW();
0x0190	0xDF45      	RCALL       _matrixSHOW
;16x kpad.c,39 :: 		}
0x0192	0xD7A6      	BRA         L_main7
;16x kpad.c,40 :: 		}
L_end_main:
0x0194	0xD7FF      	BRA         $+0
; end of _main
;16x kpad.c,1 :: _font
0x0196	0x0000 ;_font+0
0x0198	0x0000 ;_font+2
0x019A	0x0000 ;_font+4
0x019C	0x0000 ;_font+6
0x019E	0x0000 ;_font+8
0x01A0	0x0000 ;_font+10
0x01A2	0x0000 ;_font+12
0x01A4	0x0000 ;_font+14
0x01A6	0x0000 ;_font+16
0x01A8	0x0000 ;_font+18
0x01AA	0x0000 ;_font+20
0x01AC	0x0000 ;_font+22
0x01AE	0x0000 ;_font+24
0x01B0	0x0000 ;_font+26
0x01B2	0x33FE ;_font+28
0x01B4	0x33FE ;_font+30
0x01B6	0x0000 ;_font+32
0x01B8	0x0000 ;_font+34
0x01BA	0x0000 ;_font+36
0x01BC	0x0000 ;_font+38
0x01BE	0x0000 ;_font+40
0x01C0	0x0000 ;_font+42
0x01C2	0x0000 ;_font+44
0x01C4	0x0000 ;_font+46
0x01C6	0x0000 ;_font+48
0x01C8	0x0000 ;_font+50
0x01CA	0x0000 ;_font+52
0x01CC	0x003E ;_font+54
0x01CE	0x003E ;_font+56
0x01D0	0x0000 ;_font+58
0x01D2	0x003E ;_font+60
0x01D4	0x003E ;_font+62
0x01D6	0x0000 ;_font+64
0x01D8	0x0000 ;_font+66
0x01DA	0x0000 ;_font+68
0x01DC	0x0000 ;_font+70
0x01DE	0x0000 ;_font+72
0x01E0	0x0000 ;_font+74
0x01E2	0x0000 ;_font+76
0x01E4	0x0300 ;_font+78
0x01E6	0x3B30 ;_font+80
0x01E8	0x3FF0 ;_font+82
0x01EA	0x07FE ;_font+84
0x01EC	0x033E ;_font+86
0x01EE	0x3B30 ;_font+88
0x01F0	0x3FF0 ;_font+90
0x01F2	0x07FE ;_font+92
0x01F4	0x033E ;_font+94
0x01F6	0x0030 ;_font+96
0x01F8	0x0000 ;_font+98
0x01FA	0x0000 ;_font+100
0x01FC	0x0000 ;_font+102
0x01FE	0x0000 ;_font+104
0x0200	0x0878 ;_font+106
0x0202	0x18FC ;_font+108
0x0204	0x30C6 ;_font+110
0x0206	0x30C6 ;_font+112
0x0208	0xFFFF ;_font+114
0x020A	0x3186 ;_font+116
0x020C	0x3986 ;_font+118
0x020E	0x1F8C ;_font+120
0x0210	0x0F08 ;_font+122
0x0212	0x0000 ;_font+124
0x0214	0x0000 ;_font+126
0x0216	0x0000 ;_font+128
0x0218	0x0000 ;_font+130
0x021A	0x007C ;_font+132
0x021C	0x00FE ;_font+134
0x021E	0x2082 ;_font+136
0x0220	0x1082 ;_font+138
0x0222	0x0CFE ;_font+140
0x0224	0x037C ;_font+142
0x0226	0x0080 ;_font+144
0x0228	0x1E60 ;_font+146
0x022A	0x3F98 ;_font+148
0x022C	0x2084 ;_font+150
0x022E	0x2082 ;_font+152
0x0230	0x3F80 ;_font+154
0x0232	0x0E00 ;_font+156
0x0234	0x1F00 ;_font+158
0x0236	0x39BC ;_font+160
0x0238	0x30FE ;_font+162
0x023A	0x30E6 ;_font+164
0x023C	0x31C6 ;_font+166
0x023E	0x33E6 ;_font+168
0x0240	0x373E ;_font+170
0x0242	0x1E1C ;_font+172
0x0244	0x1C00 ;_font+174
0x0246	0x3F00 ;_font+176
0x0248	0x33C0 ;_font+178
0x024A	0x30C0 ;_font+180
0x024C	0x0000 ;_font+182
0x024E	0x003E ;_font+184
0x0250	0x003E ;_font+186
0x0252	0x0000 ;_font+188
0x0254	0x0000 ;_font+190
0x0256	0x0000 ;_font+192
0x0258	0x0000 ;_font+194
0x025A	0x0000 ;_font+196
0x025C	0x0000 ;_font+198
0x025E	0x0000 ;_font+200
0x0260	0x0000 ;_font+202
0x0262	0x0000 ;_font+204
0x0264	0x0000 ;_font+206
0x0266	0x0000 ;_font+208
0x0268	0x0FE0 ;_font+210
0x026A	0x7FF8 ;_font+212
0x026C	0xE01C ;_font+214
0x026E	0x0002 ;_font+216
0x0270	0x0000 ;_font+218
0x0272	0x0000 ;_font+220
0x0274	0x0000 ;_font+222
0x0276	0x0000 ;_font+224
0x0278	0x0000 ;_font+226
0x027A	0x0000 ;_font+228
0x027C	0x0000 ;_font+230
0x027E	0x0000 ;_font+232
0x0280	0x0000 ;_font+234
0x0282	0x0002 ;_font+236
0x0284	0xE01C ;_font+238
0x0286	0x7FF8 ;_font+240
0x0288	0x1FC0 ;_font+242
0x028A	0x0000 ;_font+244
0x028C	0x0000 ;_font+246
0x028E	0x0000 ;_font+248
0x0290	0x0000 ;_font+250
0x0292	0x0000 ;_font+252
0x0294	0x0000 ;_font+254
0x0296	0x0000 ;_font+256
0x0298	0x0000 ;_font+258
0x029A	0x0000 ;_font+260
0x029C	0x0000 ;_font+262
0x029E	0x0018 ;_font+264
0x02A0	0x0098 ;_font+266
0x02A2	0x00F0 ;_font+268
0x02A4	0x003E ;_font+270
0x02A6	0x00F0 ;_font+272
0x02A8	0x0098 ;_font+274
0x02AA	0x0018 ;_font+276
0x02AC	0x0000 ;_font+278
0x02AE	0x0000 ;_font+280
0x02B0	0x0000 ;_font+282
0x02B2	0x0000 ;_font+284
0x02B4	0x00C0 ;_font+286
0x02B6	0x00C0 ;_font+288
0x02B8	0x00C0 ;_font+290
0x02BA	0x00C0 ;_font+292
0x02BC	0x0FFC ;_font+294
0x02BE	0x0FFC ;_font+296
0x02C0	0x00C0 ;_font+298
0x02C2	0x00C0 ;_font+300
0x02C4	0x00C0 ;_font+302
0x02C6	0x00C0 ;_font+304
0x02C8	0x0000 ;_font+306
0x02CA	0x0000 ;_font+308
0x02CC	0x0000 ;_font+310
0x02CE	0x0000 ;_font+312
0x02D0	0x3000 ;_font+314
0x02D2	0xF000 ;_font+316
0x02D4	0x0000 ;_font+318
0x02D6	0x0000 ;_font+320
0x02D8	0x0000 ;_font+322
0x02DA	0x0000 ;_font+324
0x02DC	0x0000 ;_font+326
0x02DE	0x0000 ;_font+328
0x02E0	0x0000 ;_font+330
0x02E2	0x0000 ;_font+332
0x02E4	0x0000 ;_font+334
0x02E6	0x0000 ;_font+336
0x02E8	0x0300 ;_font+338
0x02EA	0x0300 ;_font+340
0x02EC	0x0300 ;_font+342
0x02EE	0x0300 ;_font+344
0x02F0	0x0300 ;_font+346
0x02F2	0x0000 ;_font+348
0x02F4	0x0000 ;_font+350
0x02F6	0x0000 ;_font+352
0x02F8	0x0000 ;_font+354
0x02FA	0x0000 ;_font+356
0x02FC	0x0000 ;_font+358
0x02FE	0x0000 ;_font+360
0x0300	0x0000 ;_font+362
0x0302	0x0000 ;_font+364
0x0304	0x3000 ;_font+366
0x0306	0x3000 ;_font+368
0x0308	0x0000 ;_font+370
0x030A	0x0000 ;_font+372
0x030C	0x0000 ;_font+374
0x030E	0x0000 ;_font+376
0x0310	0x0000 ;_font+378
0x0312	0x0000 ;_font+380
0x0314	0x0000 ;_font+382
0x0316	0x0000 ;_font+384
0x0318	0x0000 ;_font+386
0x031A	0x0000 ;_font+388
0x031C	0xC000 ;_font+390
0x031E	0x3000 ;_font+392
0x0320	0x0C00 ;_font+394
0x0322	0x0300 ;_font+396
0x0324	0x00C0 ;_font+398
0x0326	0x0030 ;_font+400
0x0328	0x000C ;_font+402
0x032A	0x0002 ;_font+404
0x032C	0x0000 ;_font+406
0x032E	0x0000 ;_font+408
0x0330	0x0000 ;_font+410
0x0332	0x0000 ;_font+412
0x0334	0x0000 ;_font+414
0x0336	0x0000 ;_font+416
0x0338	0x07F0 ;_font+418
0x033A	0x1FFC ;_font+420
0x033C	0x380C ;_font+422
0x033E	0x3006 ;_font+424
0x0340	0x3006 ;_font+426
0x0342	0x3006 ;_font+428
0x0344	0x180C ;_font+430
0x0346	0x1FFC ;_font+432
0x0348	0x07F0 ;_font+434
0x034A	0x0000 ;_font+436
0x034C	0x0000 ;_font+438
0x034E	0x0000 ;_font+440
0x0350	0x0000 ;_font+442
0x0352	0x3030 ;_font+444
0x0354	0x3010 ;_font+446
0x0356	0x3018 ;_font+448
0x0358	0x300C ;_font+450
0x035A	0x3FFE ;_font+452
0x035C	0x3FFE ;_font+454
0x035E	0x3000 ;_font+456
0x0360	0x3000 ;_font+458
0x0362	0x3000 ;_font+460
0x0364	0x0000 ;_font+462
0x0366	0x0000 ;_font+464
0x0368	0x0000 ;_font+466
0x036A	0x0000 ;_font+468
0x036C	0x3018 ;_font+470
0x036E	0x383C ;_font+472
0x0370	0x3C0E ;_font+474
0x0372	0x3606 ;_font+476
0x0374	0x3706 ;_font+478
0x0376	0x338E ;_font+480
0x0378	0x31FC ;_font+482
0x037A	0x30F8 ;_font+484
0x037C	0x0000 ;_font+486
0x037E	0x0000 ;_font+488
0x0380	0x0000 ;_font+490
0x0382	0x0000 ;_font+492
0x0384	0x0000 ;_font+494
0x0386	0x0C18 ;_font+496
0x0388	0x1C1C ;_font+498
0x038A	0x380E ;_font+500
0x038C	0x30C6 ;_font+502
0x038E	0x30C6 ;_font+504
0x0390	0x30C6 ;_font+506
0x0392	0x39E6 ;_font+508
0x0394	0x1FFC ;_font+510
0x0396	0x0F38 ;_font+512
0x0398	0x0000 ;_font+514
0x039A	0x0000 ;_font+516
0x039C	0x0000 ;_font+518
0x039E	0x0000 ;_font+520
0x03A0	0x0700 ;_font+522
0x03A2	0x0780 ;_font+524
0x03A4	0x07E0 ;_font+526
0x03A6	0x0678 ;_font+528
0x03A8	0x061C ;_font+530
0x03AA	0x3FFE ;_font+532
0x03AC	0x3FFE ;_font+534
0x03AE	0x0600 ;_font+536
0x03B0	0x0600 ;_font+538
0x03B2	0x0000 ;_font+540
0x03B4	0x0000 ;_font+542
0x03B6	0x0000 ;_font+544
0x03B8	0x0000 ;_font+546
0x03BA	0x18FE ;_font+548
0x03BC	0x18FE ;_font+550
0x03BE	0x3046 ;_font+552
0x03C0	0x3066 ;_font+554
0x03C2	0x3066 ;_font+556
0x03C4	0x3066 ;_font+558
0x03C6	0x38E6 ;_font+560
0x03C8	0x1FC6 ;_font+562
0x03CA	0x0F80 ;_font+564
0x03CC	0x0000 ;_font+566
0x03CE	0x0000 ;_font+568
0x03D0	0x0000 ;_font+570
0x03D2	0x0000 ;_font+572
0x03D4	0x07F0 ;_font+574
0x03D6	0x1FF8 ;_font+576
0x03D8	0x199C ;_font+578
0x03DA	0x30C6 ;_font+580
0x03DC	0x30C6 ;_font+582
0x03DE	0x30C6 ;_font+584
0x03E0	0x39C6 ;_font+586
0x03E2	0x1F8C ;_font+588
0x03E4	0x0F0C ;_font+590
0x03E6	0x0000 ;_font+592
0x03E8	0x0000 ;_font+594
0x03EA	0x0000 ;_font+596
0x03EC	0x0000 ;_font+598
0x03EE	0x0006 ;_font+600
0x03F0	0x0006 ;_font+602
0x03F2	0x0006 ;_font+604
0x03F4	0x3C06 ;_font+606
0x03F6	0x3FC6 ;_font+608
0x03F8	0x01F6 ;_font+610
0x03FA	0x003E ;_font+612
0x03FC	0x000E ;_font+614
0x03FE	0x0000 ;_font+616
0x0400	0x0000 ;_font+618
0x0402	0x0000 ;_font+620
0x0404	0x0000 ;_font+622
0x0406	0x0000 ;_font+624
0x0408	0x0E38 ;_font+626
0x040A	0x1F7C ;_font+628
0x040C	0x39EE ;_font+630
0x040E	0x30C6 ;_font+632
0x0410	0x31C6 ;_font+634
0x0412	0x31C6 ;_font+636
0x0414	0x3BCE ;_font+638
0x0416	0x1F7C ;_font+640
0x0418	0x0E38 ;_font+642
0x041A	0x0000 ;_font+644
0x041C	0x0000 ;_font+646
0x041E	0x0000 ;_font+648
0x0420	0x0000 ;_font+650
0x0422	0x0878 ;_font+652
0x0424	0x18FC ;_font+654
0x0426	0x31CE ;_font+656
0x0428	0x3186 ;_font+658
0x042A	0x3186 ;_font+660
0x042C	0x3186 ;_font+662
0x042E	0x1CCC ;_font+664
0x0430	0x0FFC ;_font+666
0x0432	0x03F0 ;_font+668
0x0434	0x0000 ;_font+670
0x0436	0x0000 ;_font+672
0x0438	0x0000 ;_font+674
0x043A	0x0000 ;_font+676
0x043C	0x30C0 ;_font+678
0x043E	0x30C0 ;_font+680
0x0440	0x0000 ;_font+682
0x0442	0x0000 ;_font+684
0x0444	0x0000 ;_font+686
0x0446	0x0000 ;_font+688
0x0448	0x0000 ;_font+690
0x044A	0x0000 ;_font+692
0x044C	0x0000 ;_font+694
0x044E	0x0000 ;_font+696
0x0450	0x0000 ;_font+698
0x0452	0x0000 ;_font+700
0x0454	0x0000 ;_font+702
0x0456	0xB0C0 ;_font+704
0x0458	0xF0C0 ;_font+706
0x045A	0x0000 ;_font+708
0x045C	0x0000 ;_font+710
0x045E	0x0000 ;_font+712
0x0460	0x0000 ;_font+714
0x0462	0x0000 ;_font+716
0x0464	0x0000 ;_font+718
0x0466	0x0000 ;_font+720
0x0468	0x0000 ;_font+722
0x046A	0x0000 ;_font+724
0x046C	0x0000 ;_font+726
0x046E	0x0000 ;_font+728
0x0470	0x01C0 ;_font+730
0x0472	0x01C0 ;_font+732
0x0474	0x0360 ;_font+734
0x0476	0x0360 ;_font+736
0x0478	0x0630 ;_font+738
0x047A	0x0630 ;_font+740
0x047C	0x0C18 ;_font+742
0x047E	0x0C18 ;_font+744
0x0480	0x0000 ;_font+746
0x0482	0x0000 ;_font+748
0x0484	0x0000 ;_font+750
0x0486	0x0000 ;_font+752
0x0488	0x0000 ;_font+754
0x048A	0x0360 ;_font+756
0x048C	0x0360 ;_font+758
0x048E	0x0360 ;_font+760
0x0490	0x0360 ;_font+762
0x0492	0x0360 ;_font+764
0x0494	0x0360 ;_font+766
0x0496	0x0360 ;_font+768
0x0498	0x0360 ;_font+770
0x049A	0x0360 ;_font+772
0x049C	0x0000 ;_font+774
0x049E	0x0000 ;_font+776
0x04A0	0x0000 ;_font+778
0x04A2	0x0000 ;_font+780
0x04A4	0x0000 ;_font+782
0x04A6	0x0C18 ;_font+784
0x04A8	0x0C18 ;_font+786
0x04AA	0x0630 ;_font+788
0x04AC	0x0630 ;_font+790
0x04AE	0x0360 ;_font+792
0x04B0	0x0360 ;_font+794
0x04B2	0x01C0 ;_font+796
0x04B4	0x01C0 ;_font+798
0x04B6	0x0000 ;_font+800
0x04B8	0x0000 ;_font+802
0x04BA	0x0000 ;_font+804
0x04BC	0x0018 ;_font+806
0x04BE	0x001C ;_font+808
0x04C0	0x000E ;_font+810
0x04C2	0x0006 ;_font+812
0x04C4	0x3706 ;_font+814
0x04C6	0x3786 ;_font+816
0x04C8	0x01CE ;_font+818
0x04CA	0x00FC ;_font+820
0x04CC	0x0078 ;_font+822
0x04CE	0x0000 ;_font+824
0x04D0	0x0000 ;_font+826
0x04D2	0x0000 ;_font+828
0x04D4	0x0000 ;_font+830
0x04D6	0x03E0 ;_font+832
0x04D8	0x0410 ;_font+834
0x04DA	0x0808 ;_font+836
0x04DC	0x11C4 ;_font+838
0x04DE	0x2222 ;_font+840
0x04E0	0x2412 ;_font+842
0x04E2	0x2412 ;_font+844
0x04E4	0x2212 ;_font+846
0x04E6	0x23E2 ;_font+848
0x04E8	0x2434 ;_font+850
0x04EA	0x1404 ;_font+852
0x04EC	0x1208 ;_font+854
0x04EE	0x01F0 ;_font+856
0x04F0	0x3000 ;_font+858
0x04F2	0x3E00 ;_font+860
0x04F4	0x0FC0 ;_font+862
0x04F6	0x07F8 ;_font+864
0x04F8	0x063E ;_font+866
0x04FA	0x0606 ;_font+868
0x04FC	0x067E ;_font+870
0x04FE	0x07F8 ;_font+872
0x0500	0x3F80 ;_font+874
0x0502	0x3800 ;_font+876
0x0504	0x0000 ;_font+878
0x0506	0x0000 ;_font+880
0x0508	0x0000 ;_font+882
0x050A	0x0000 ;_font+884
0x050C	0x3FFE ;_font+886
0x050E	0x3FFE ;_font+888
0x0510	0x30C6 ;_font+890
0x0512	0x30C6 ;_font+892
0x0514	0x30C6 ;_font+894
0x0516	0x30C6 ;_font+896
0x0518	0x30C6 ;_font+898
0x051A	0x39E6 ;_font+900
0x051C	0x1FFC ;_font+902
0x051E	0x0F38 ;_font+904
0x0520	0x0000 ;_font+906
0x0522	0x0000 ;_font+908
0x0524	0x07F0 ;_font+910
0x0526	0x0FF8 ;_font+912
0x0528	0x1C1C ;_font+914
0x052A	0x380E ;_font+916
0x052C	0x3006 ;_font+918
0x052E	0x3006 ;_font+920
0x0530	0x3006 ;_font+922
0x0532	0x380E ;_font+924
0x0534	0x1C3C ;_font+926
0x0536	0x0C38 ;_font+928
0x0538	0x0000 ;_font+930
0x053A	0x0000 ;_font+932
0x053C	0x0000 ;_font+934
0x053E	0x0000 ;_font+936
0x0540	0x3FFE ;_font+938
0x0542	0x3FFE ;_font+940
0x0544	0x3006 ;_font+942
0x0546	0x3006 ;_font+944
0x0548	0x3006 ;_font+946
0x054A	0x3006 ;_font+948
0x054C	0x380E ;_font+950
0x054E	0x1C1C ;_font+952
0x0550	0x0FF8 ;_font+954
0x0552	0x07F0 ;_font+956
0x0554	0x0000 ;_font+958
0x0556	0x0000 ;_font+960
0x0558	0x0000 ;_font+962
0x055A	0x3FFE ;_font+964
0x055C	0x3FFE ;_font+966
0x055E	0x30C6 ;_font+968
0x0560	0x30C6 ;_font+970
0x0562	0x30C6 ;_font+972
0x0564	0x30C6 ;_font+974
0x0566	0x30C6 ;_font+976
0x0568	0x3006 ;_font+978
0x056A	0x0000 ;_font+980
0x056C	0x0000 ;_font+982
0x056E	0x0000 ;_font+984
0x0570	0x0000 ;_font+986
0x0572	0x0000 ;_font+988
0x0574	0x3FFE ;_font+990
0x0576	0x3FFE ;_font+992
0x0578	0x0186 ;_font+994
0x057A	0x0186 ;_font+996
0x057C	0x0186 ;_font+998
0x057E	0x0186 ;_font+1000
0x0580	0x0186 ;_font+1002
0x0582	0x0006 ;_font+1004
0x0584	0x0000 ;_font+1006
0x0586	0x0000 ;_font+1008
0x0588	0x0000 ;_font+1010
0x058A	0x0000 ;_font+1012
0x058C	0x03E0 ;_font+1014
0x058E	0x0FF8 ;_font+1016
0x0590	0x1C1C ;_font+1018
0x0592	0x380E ;_font+1020
0x0594	0x3006 ;_font+1022
0x0596	0x3006 ;_font+1024
0x0598	0x3186 ;_font+1026
0x059A	0x3186 ;_font+1028
0x059C	0x198C ;_font+1030
0x059E	0x1F9C ;_font+1032
0x05A0	0x3F90 ;_font+1034
0x05A2	0x0000 ;_font+1036
0x05A4	0x0000 ;_font+1038
0x05A6	0x0000 ;_font+1040
0x05A8	0x3FFE ;_font+1042
0x05AA	0x3FFE ;_font+1044
0x05AC	0x00C0 ;_font+1046
0x05AE	0x00C0 ;_font+1048
0x05B0	0x00C0 ;_font+1050
0x05B2	0x00C0 ;_font+1052
0x05B4	0x00C0 ;_font+1054
0x05B6	0x3FFE ;_font+1056
0x05B8	0x3FFE ;_font+1058
0x05BA	0x0000 ;_font+1060
0x05BC	0x0000 ;_font+1062
0x05BE	0x0000 ;_font+1064
0x05C0	0x0000 ;_font+1066
0x05C2	0x3FFE ;_font+1068
0x05C4	0x3FFE ;_font+1070
0x05C6	0x0000 ;_font+1072
0x05C8	0x0000 ;_font+1074
0x05CA	0x0000 ;_font+1076
0x05CC	0x0000 ;_font+1078
0x05CE	0x0000 ;_font+1080
0x05D0	0x0000 ;_font+1082
0x05D2	0x0000 ;_font+1084
0x05D4	0x0000 ;_font+1086
0x05D6	0x0000 ;_font+1088
0x05D8	0x0000 ;_font+1090
0x05DA	0x3000 ;_font+1092
0x05DC	0x3000 ;_font+1094
0x05DE	0x3000 ;_font+1096
0x05E0	0x3FFE ;_font+1098
0x05E2	0x1FFE ;_font+1100
0x05E4	0x0000 ;_font+1102
0x05E6	0x0000 ;_font+1104
0x05E8	0x0000 ;_font+1106
0x05EA	0x0000 ;_font+1108
0x05EC	0x0000 ;_font+1110
0x05EE	0x0000 ;_font+1112
0x05F0	0x0000 ;_font+1114
0x05F2	0x0000 ;_font+1116
0x05F4	0x0000 ;_font+1118
0x05F6	0x3FFE ;_font+1120
0x05F8	0x3FFE ;_font+1122
0x05FA	0x0180 ;_font+1124
0x05FC	0x00C0 ;_font+1126
0x05FE	0x0060 ;_font+1128
0x0600	0x01F0 ;_font+1130
0x0602	0x0798 ;_font+1132
0x0604	0x1E0C ;_font+1134
0x0606	0x3806 ;_font+1136
0x0608	0x2002 ;_font+1138
0x060A	0x0000 ;_font+1140
0x060C	0x0000 ;_font+1142
0x060E	0x0000 ;_font+1144
0x0610	0x3FFE ;_font+1146
0x0612	0x3FFE ;_font+1148
0x0614	0x3000 ;_font+1150
0x0616	0x3000 ;_font+1152
0x0618	0x3000 ;_font+1154
0x061A	0x3000 ;_font+1156
0x061C	0x3000 ;_font+1158
0x061E	0x0000 ;_font+1160
0x0620	0x0000 ;_font+1162
0x0622	0x0000 ;_font+1164
0x0624	0x0000 ;_font+1166
0x0626	0x0000 ;_font+1168
0x0628	0x0000 ;_font+1170
0x062A	0x3FFE ;_font+1172
0x062C	0x3FFE ;_font+1174
0x062E	0x000E ;_font+1176
0x0630	0x00FE ;_font+1178
0x0632	0x07F0 ;_font+1180
0x0634	0x3F00 ;_font+1182
0x0636	0x3F00 ;_font+1184
0x0638	0x07F0 ;_font+1186
0x063A	0x00FE ;_font+1188
0x063C	0x000E ;_font+1190
0x063E	0x3FFE ;_font+1192
0x0640	0x3FFE ;_font+1194
0x0642	0x0000 ;_font+1196
0x0644	0x3FFE ;_font+1198
0x0646	0x3FFE ;_font+1200
0x0648	0x001E ;_font+1202
0x064A	0x0078 ;_font+1204
0x064C	0x01E0 ;_font+1206
0x064E	0x0780 ;_font+1208
0x0650	0x1E00 ;_font+1210
0x0652	0x3FFE ;_font+1212
0x0654	0x3FFE ;_font+1214
0x0656	0x0000 ;_font+1216
0x0658	0x0000 ;_font+1218
0x065A	0x0000 ;_font+1220
0x065C	0x03E0 ;_font+1222
0x065E	0x0FF8 ;_font+1224
0x0660	0x1C1C ;_font+1226
0x0662	0x380E ;_font+1228
0x0664	0x3006 ;_font+1230
0x0666	0x3006 ;_font+1232
0x0668	0x3006 ;_font+1234
0x066A	0x380E ;_font+1236
0x066C	0x1C1C ;_font+1238
0x066E	0x0FF8 ;_font+1240
0x0670	0x03E0 ;_font+1242
0x0672	0x0000 ;_font+1244
0x0674	0x0000 ;_font+1246
0x0676	0x0000 ;_font+1248
0x0678	0x3FFE ;_font+1250
0x067A	0x3FFE ;_font+1252
0x067C	0x0186 ;_font+1254
0x067E	0x0186 ;_font+1256
0x0680	0x0186 ;_font+1258
0x0682	0x0186 ;_font+1260
0x0684	0x01CE ;_font+1262
0x0686	0x00FC ;_font+1264
0x0688	0x0078 ;_font+1266
0x068A	0x0000 ;_font+1268
0x068C	0x0000 ;_font+1270
0x068E	0x0000 ;_font+1272
0x0690	0x03E0 ;_font+1274
0x0692	0x0FF8 ;_font+1276
0x0694	0x1C1C ;_font+1278
0x0696	0x380E ;_font+1280
0x0698	0x3006 ;_font+1282
0x069A	0x3006 ;_font+1284
0x069C	0xF006 ;_font+1286
0x069E	0xF80E ;_font+1288
0x06A0	0x9C1C ;_font+1290
0x06A2	0x8FF8 ;_font+1292
0x06A4	0x03E0 ;_font+1294
0x06A6	0x0000 ;_font+1296
0x06A8	0x0000 ;_font+1298
0x06AA	0x0000 ;_font+1300
0x06AC	0x3FFE ;_font+1302
0x06AE	0x3FFE ;_font+1304
0x06B0	0x0186 ;_font+1306
0x06B2	0x0186 ;_font+1308
0x06B4	0x0186 ;_font+1310
0x06B6	0x0186 ;_font+1312
0x06B8	0x0386 ;_font+1314
0x06BA	0x1FCE ;_font+1316
0x06BC	0x3CFC ;_font+1318
0x06BE	0x2078 ;_font+1320
0x06C0	0x0000 ;_font+1322
0x06C2	0x0000 ;_font+1324
0x06C4	0x0400 ;_font+1326
0x06C6	0x1C38 ;_font+1328
0x06C8	0x187C ;_font+1330
0x06CA	0x30EE ;_font+1332
0x06CC	0x30C6 ;_font+1334
0x06CE	0x31C6 ;_font+1336
0x06D0	0x3186 ;_font+1338
0x06D2	0x3B8E ;_font+1340
0x06D4	0x1F1C ;_font+1342
0x06D6	0x0E18 ;_font+1344
0x06D8	0x0000 ;_font+1346
0x06DA	0x0000 ;_font+1348
0x06DC	0x0000 ;_font+1350
0x06DE	0x0006 ;_font+1352
0x06E0	0x0006 ;_font+1354
0x06E2	0x0006 ;_font+1356
0x06E4	0x3FFE ;_font+1358
0x06E6	0x3FFE ;_font+1360
0x06E8	0x0006 ;_font+1362
0x06EA	0x0006 ;_font+1364
0x06EC	0x0006 ;_font+1366
0x06EE	0x0000 ;_font+1368
0x06F0	0x0000 ;_font+1370
0x06F2	0x0000 ;_font+1372
0x06F4	0x0000 ;_font+1374
0x06F6	0x0000 ;_font+1376
0x06F8	0x0000 ;_font+1378
0x06FA	0x0FFE ;_font+1380
0x06FC	0x1FFE ;_font+1382
0x06FE	0x3800 ;_font+1384
0x0700	0x3000 ;_font+1386
0x0702	0x3000 ;_font+1388
0x0704	0x3800 ;_font+1390
0x0706	0x1FFE ;_font+1392
0x0708	0x0FFE ;_font+1394
0x070A	0x0000 ;_font+1396
0x070C	0x0000 ;_font+1398
0x070E	0x0000 ;_font+1400
0x0710	0x0000 ;_font+1402
0x0712	0x000E ;_font+1404
0x0714	0x007E ;_font+1406
0x0716	0x07F0 ;_font+1408
0x0718	0x3F80 ;_font+1410
0x071A	0x3800 ;_font+1412
0x071C	0x3F80 ;_font+1414
0x071E	0x07F0 ;_font+1416
0x0720	0x007E ;_font+1418
0x0722	0x000E ;_font+1420
0x0724	0x0000 ;_font+1422
0x0726	0x0000 ;_font+1424
0x0728	0x0000 ;_font+1426
0x072A	0x0000 ;_font+1428
0x072C	0x000E ;_font+1430
0x072E	0x007E ;_font+1432
0x0730	0x07F0 ;_font+1434
0x0732	0x3F80 ;_font+1436
0x0734	0x3800 ;_font+1438
0x0736	0x3F80 ;_font+1440
0x0738	0x03F8 ;_font+1442
0x073A	0x001E ;_font+1444
0x073C	0x007E ;_font+1446
0x073E	0x07F8 ;_font+1448
0x0740	0x3F80 ;_font+1450
0x0742	0x3800 ;_font+1452
0x0744	0x3F80 ;_font+1454
0x0746	0x2002 ;_font+1456
0x0748	0x380E ;_font+1458
0x074A	0x1E1C ;_font+1460
0x074C	0x07F8 ;_font+1462
0x074E	0x01E0 ;_font+1464
0x0750	0x03E0 ;_font+1466
0x0752	0x0F38 ;_font+1468
0x0754	0x1C1C ;_font+1470
0x0756	0x3806 ;_font+1472
0x0758	0x2002 ;_font+1474
0x075A	0x0000 ;_font+1476
0x075C	0x0000 ;_font+1478
0x075E	0x0000 ;_font+1480
0x0760	0x0002 ;_font+1482
0x0762	0x000E ;_font+1484
0x0764	0x003C ;_font+1486
0x0766	0x00F0 ;_font+1488
0x0768	0x3FC0 ;_font+1490
0x076A	0x3FC0 ;_font+1492
0x076C	0x00F0 ;_font+1494
0x076E	0x003C ;_font+1496
0x0770	0x000E ;_font+1498
0x0772	0x0002 ;_font+1500
0x0774	0x0000 ;_font+1502
0x0776	0x0000 ;_font+1504
0x0778	0x0000 ;_font+1506
0x077A	0x3806 ;_font+1508
0x077C	0x3C06 ;_font+1510
0x077E	0x3E06 ;_font+1512
0x0780	0x3786 ;_font+1514
0x0782	0x31C6 ;_font+1516
0x0784	0x30F6 ;_font+1518
0x0786	0x303E ;_font+1520
0x0788	0x301E ;_font+1522
0x078A	0x3006 ;_font+1524
0x078C	0x0000 ;_font+1526
0x078E	0x0000 ;_font+1528
0x0790	0x0000 ;_font+1530
0x0792	0x0000 ;_font+1532
0x0794	0x0000 ;_font+1534
0x0796	0xFFFE ;_font+1536
0x0798	0xFFFE ;_font+1538
0x079A	0x8006 ;_font+1540
0x079C	0x8006 ;_font+1542
0x079E	0x0000 ;_font+1544
0x07A0	0x0000 ;_font+1546
0x07A2	0x0000 ;_font+1548
0x07A4	0x0000 ;_font+1550
0x07A6	0x0000 ;_font+1552
0x07A8	0x0000 ;_font+1554
0x07AA	0x0000 ;_font+1556
0x07AC	0x0000 ;_font+1558
0x07AE	0x0000 ;_font+1560
0x07B0	0x0002 ;_font+1562
0x07B2	0x000C ;_font+1564
0x07B4	0x0030 ;_font+1566
0x07B6	0x00C0 ;_font+1568
0x07B8	0x0300 ;_font+1570
0x07BA	0x0C00 ;_font+1572
0x07BC	0x3000 ;_font+1574
0x07BE	0xC000 ;_font+1576
0x07C0	0x0000 ;_font+1578
0x07C2	0x0000 ;_font+1580
0x07C4	0x0000 ;_font+1582
0x07C6	0x0000 ;_font+1584
0x07C8	0x0000 ;_font+1586
0x07CA	0x8006 ;_font+1588
0x07CC	0x8006 ;_font+1590
0x07CE	0xFFFE ;_font+1592
0x07D0	0xFFFE ;_font+1594
0x07D2	0x0000 ;_font+1596
0x07D4	0x0000 ;_font+1598
0x07D6	0x0000 ;_font+1600
0x07D8	0x0000 ;_font+1602
0x07DA	0x0000 ;_font+1604
0x07DC	0x0000 ;_font+1606
0x07DE	0x0000 ;_font+1608
0x07E0	0x0000 ;_font+1610
0x07E2	0x0040 ;_font+1612
0x07E4	0x0060 ;_font+1614
0x07E6	0x0038 ;_font+1616
0x07E8	0x001E ;_font+1618
0x07EA	0x0006 ;_font+1620
0x07EC	0x001E ;_font+1622
0x07EE	0x0038 ;_font+1624
0x07F0	0x0060 ;_font+1626
0x07F2	0x0040 ;_font+1628
0x07F4	0x0000 ;_font+1630
0x07F6	0x0000 ;_font+1632
0x07F8	0x0000 ;_font+1634
0x07FA	0x0000 ;_font+1636
0x07FC	0x8000 ;_font+1638
0x07FE	0x8000 ;_font+1640
0x0800	0x8000 ;_font+1642
0x0802	0x8000 ;_font+1644
0x0804	0x8000 ;_font+1646
0x0806	0x8000 ;_font+1648
0x0808	0x8000 ;_font+1650
0x080A	0x8000 ;_font+1652
0x080C	0x8000 ;_font+1654
0x080E	0x8000 ;_font+1656
0x0810	0x0000 ;_font+1658
0x0812	0x0000 ;_font+1660
0x0814	0x0000 ;_font+1662
0x0816	0x0000 ;_font+1664
0x0818	0x0000 ;_font+1666
0x081A	0x0001 ;_font+1668
0x081C	0x0003 ;_font+1670
0x081E	0x0002 ;_font+1672
0x0820	0x0004 ;_font+1674
0x0822	0x0000 ;_font+1676
0x0824	0x0000 ;_font+1678
0x0826	0x0000 ;_font+1680
0x0828	0x0000 ;_font+1682
0x082A	0x0000 ;_font+1684
0x082C	0x0000 ;_font+1686
0x082E	0x0000 ;_font+1688
0x0830	0x1C40 ;_font+1690
0x0832	0x3E60 ;_font+1692
0x0834	0x3330 ;_font+1694
0x0836	0x3330 ;_font+1696
0x0838	0x3330 ;_font+1698
0x083A	0x1B30 ;_font+1700
0x083C	0x3FF0 ;_font+1702
0x083E	0x3FE0 ;_font+1704
0x0840	0x0000 ;_font+1706
0x0842	0x0000 ;_font+1708
0x0844	0x0000 ;_font+1710
0x0846	0x0000 ;_font+1712
0x0848	0x0000 ;_font+1714
0x084A	0x0000 ;_font+1716
0x084C	0x3FFE ;_font+1718
0x084E	0x1FFE ;_font+1720
0x0850	0x3060 ;_font+1722
0x0852	0x3030 ;_font+1724
0x0854	0x3030 ;_font+1726
0x0856	0x3870 ;_font+1728
0x0858	0x1FE0 ;_font+1730
0x085A	0x0FC0 ;_font+1732
0x085C	0x0000 ;_font+1734
0x085E	0x0000 ;_font+1736
0x0860	0x0000 ;_font+1738
0x0862	0x0000 ;_font+1740
0x0864	0x0F80 ;_font+1742
0x0866	0x1FE0 ;_font+1744
0x0868	0x3870 ;_font+1746
0x086A	0x3030 ;_font+1748
0x086C	0x3030 ;_font+1750
0x086E	0x3830 ;_font+1752
0x0870	0x1CE0 ;_font+1754
0x0872	0x0CC0 ;_font+1756
0x0874	0x0000 ;_font+1758
0x0876	0x0000 ;_font+1760
0x0878	0x0000 ;_font+1762
0x087A	0x0000 ;_font+1764
0x087C	0x0000 ;_font+1766
0x087E	0x0FC0 ;_font+1768
0x0880	0x1FE0 ;_font+1770
0x0882	0x3870 ;_font+1772
0x0884	0x3030 ;_font+1774
0x0886	0x3030 ;_font+1776
0x0888	0x1860 ;_font+1778
0x088A	0x3FFE ;_font+1780
0x088C	0x3FFE ;_font+1782
0x088E	0x0000 ;_font+1784
0x0890	0x0000 ;_font+1786
0x0892	0x0000 ;_font+1788
0x0894	0x0000 ;_font+1790
0x0896	0x0000 ;_font+1792
0x0898	0x0FC0 ;_font+1794
0x089A	0x1FE0 ;_font+1796
0x089C	0x3B70 ;_font+1798
0x089E	0x3330 ;_font+1800
0x08A0	0x3330 ;_font+1802
0x08A2	0x3330 ;_font+1804
0x08A4	0x3370 ;_font+1806
0x08A6	0x1BE0 ;_font+1808
0x08A8	0x0BC0 ;_font+1810
0x08AA	0x0000 ;_font+1812
0x08AC	0x0000 ;_font+1814
0x08AE	0x0000 ;_font+1816
0x08B0	0x0000 ;_font+1818
0x08B2	0x0030 ;_font+1820
0x08B4	0x3FFC ;_font+1822
0x08B6	0x3FFE ;_font+1824
0x08B8	0x0036 ;_font+1826
0x08BA	0x0036 ;_font+1828
0x08BC	0x0000 ;_font+1830
0x08BE	0x0000 ;_font+1832
0x08C0	0x0000 ;_font+1834
0x08C2	0x0000 ;_font+1836
0x08C4	0x0000 ;_font+1838
0x08C6	0x0000 ;_font+1840
0x08C8	0x0000 ;_font+1842
0x08CA	0x0000 ;_font+1844
0x08CC	0xE000 ;_font+1846
0x08CE	0xFDE0 ;_font+1848
0x08D0	0x9FF0 ;_font+1850
0x08D2	0x9B30 ;_font+1852
0x08D4	0x9B30 ;_font+1854
0x08D6	0x9B30 ;_font+1856
0x08D8	0x9BF8 ;_font+1858
0x08DA	0xF9EC ;_font+1860
0x08DC	0x700C ;_font+1862
0x08DE	0x0000 ;_font+1864
0x08E0	0x0000 ;_font+1866
0x08E2	0x0000 ;_font+1868
0x08E4	0x0000 ;_font+1870
0x08E6	0x0000 ;_font+1872
0x08E8	0x3FFE ;_font+1874
0x08EA	0x3FFE ;_font+1876
0x08EC	0x0060 ;_font+1878
0x08EE	0x0030 ;_font+1880
0x08F0	0x0030 ;_font+1882
0x08F2	0x3FF0 ;_font+1884
0x08F4	0x3FE0 ;_font+1886
0x08F6	0x0000 ;_font+1888
0x08F8	0x0000 ;_font+1890
0x08FA	0x0000 ;_font+1892
0x08FC	0x0000 ;_font+1894
0x08FE	0x0000 ;_font+1896
0x0900	0x0000 ;_font+1898
0x0902	0x3FF6 ;_font+1900
0x0904	0x3FF6 ;_font+1902
0x0906	0x0000 ;_font+1904
0x0908	0x0000 ;_font+1906
0x090A	0x0000 ;_font+1908
0x090C	0x0000 ;_font+1910
0x090E	0x0000 ;_font+1912
0x0910	0x0000 ;_font+1914
0x0912	0x0000 ;_font+1916
0x0914	0x0000 ;_font+1918
0x0916	0x0000 ;_font+1920
0x0918	0x0000 ;_font+1922
0x091A	0x8000 ;_font+1924
0x091C	0xFFF6 ;_font+1926
0x091E	0xFFF6 ;_font+1928
0x0920	0x0000 ;_font+1930
0x0922	0x0000 ;_font+1932
0x0924	0x0000 ;_font+1934
0x0926	0x0000 ;_font+1936
0x0928	0x0000 ;_font+1938
0x092A	0x0000 ;_font+1940
0x092C	0x0000 ;_font+1942
0x092E	0x0000 ;_font+1944
0x0930	0x0000 ;_font+1946
0x0932	0x0000 ;_font+1948
0x0934	0x0000 ;_font+1950
0x0936	0x3FFE ;_font+1952
0x0938	0x3FFE ;_font+1954
0x093A	0x0600 ;_font+1956
0x093C	0x0300 ;_font+1958
0x093E	0x03C0 ;_font+1960
0x0940	0x1FE0 ;_font+1962
0x0942	0x3C30 ;_font+1964
0x0944	0x3010 ;_font+1966
0x0946	0x0000 ;_font+1968
0x0948	0x0000 ;_font+1970
0x094A	0x0000 ;_font+1972
0x094C	0x0000 ;_font+1974
0x094E	0x0000 ;_font+1976
0x0950	0x3FFE ;_font+1978
0x0952	0x3FFE ;_font+1980
0x0954	0x0000 ;_font+1982
0x0956	0x0000 ;_font+1984
0x0958	0x0000 ;_font+1986
0x095A	0x0000 ;_font+1988
0x095C	0x0000 ;_font+1990
0x095E	0x0000 ;_font+1992
0x0960	0x0000 ;_font+1994
0x0962	0x0000 ;_font+1996
0x0964	0x0000 ;_font+1998
0x0966	0x0000 ;_font+2000
0x0968	0x0000 ;_font+2002
0x096A	0x3FF0 ;_font+2004
0x096C	0x3FF0 ;_font+2006
0x096E	0x0060 ;_font+2008
0x0970	0x0030 ;_font+2010
0x0972	0x0030 ;_font+2012
0x0974	0x0030 ;_font+2014
0x0976	0x3FF0 ;_font+2016
0x0978	0x3FE0 ;_font+2018
0x097A	0x0060 ;_font+2020
0x097C	0x0030 ;_font+2022
0x097E	0x0030 ;_font+2024
0x0980	0x0030 ;_font+2026
0x0982	0x0000 ;_font+2028
0x0984	0x3FF0 ;_font+2030
0x0986	0x3FF0 ;_font+2032
0x0988	0x0060 ;_font+2034
0x098A	0x0030 ;_font+2036
0x098C	0x0030 ;_font+2038
0x098E	0x3FF0 ;_font+2040
0x0990	0x3FE0 ;_font+2042
0x0992	0x0000 ;_font+2044
0x0994	0x0000 ;_font+2046
0x0996	0x0000 ;_font+2048
0x0998	0x0000 ;_font+2050
0x099A	0x0000 ;_font+2052
0x099C	0x0FC0 ;_font+2054
0x099E	0x1FE0 ;_font+2056
0x09A0	0x3870 ;_font+2058
0x09A2	0x3030 ;_font+2060
0x09A4	0x3030 ;_font+2062
0x09A6	0x3030 ;_font+2064
0x09A8	0x3870 ;_font+2066
0x09AA	0x1FE0 ;_font+2068
0x09AC	0x0FC0 ;_font+2070
0x09AE	0x0000 ;_font+2072
0x09B0	0x0000 ;_font+2074
0x09B2	0x0000 ;_font+2076
0x09B4	0x0000 ;_font+2078
0x09B6	0x0000 ;_font+2080
0x09B8	0xFFF0 ;_font+2082
0x09BA	0xFFF0 ;_font+2084
0x09BC	0x1860 ;_font+2086
0x09BE	0x3030 ;_font+2088
0x09C0	0x3030 ;_font+2090
0x09C2	0x3870 ;_font+2092
0x09C4	0x1FE0 ;_font+2094
0x09C6	0x0FC0 ;_font+2096
0x09C8	0x0000 ;_font+2098
0x09CA	0x0000 ;_font+2100
0x09CC	0x0000 ;_font+2102
0x09CE	0x0000 ;_font+2104
0x09D0	0x0FC0 ;_font+2106
0x09D2	0x1FE0 ;_font+2108
0x09D4	0x3870 ;_font+2110
0x09D6	0x3030 ;_font+2112
0x09D8	0x3030 ;_font+2114
0x09DA	0x1870 ;_font+2116
0x09DC	0xFFE0 ;_font+2118
0x09DE	0xFFF0 ;_font+2120
0x09E0	0x0000 ;_font+2122
0x09E2	0x0000 ;_font+2124
0x09E4	0x0000 ;_font+2126
0x09E6	0x0000 ;_font+2128
0x09E8	0x0000 ;_font+2130
0x09EA	0x0000 ;_font+2132
0x09EC	0x3FF0 ;_font+2134
0x09EE	0x3FF0 ;_font+2136
0x09F0	0x0060 ;_font+2138
0x09F2	0x0030 ;_font+2140
0x09F4	0x0030 ;_font+2142
0x09F6	0x0000 ;_font+2144
0x09F8	0x0000 ;_font+2146
0x09FA	0x0000 ;_font+2148
0x09FC	0x0000 ;_font+2150
0x09FE	0x0000 ;_font+2152
0x0A00	0x0000 ;_font+2154
0x0A02	0x0000 ;_font+2156
0x0A04	0x08C0 ;_font+2158
0x0A06	0x19E0 ;_font+2160
0x0A08	0x33B0 ;_font+2162
0x0A0A	0x3330 ;_font+2164
0x0A0C	0x3330 ;_font+2166
0x0A0E	0x3730 ;_font+2168
0x0A10	0x1E60 ;_font+2170
0x0A12	0x0C40 ;_font+2172
0x0A14	0x0000 ;_font+2174
0x0A16	0x0000 ;_font+2176
0x0A18	0x0000 ;_font+2178
0x0A1A	0x0000 ;_font+2180
0x0A1C	0x0000 ;_font+2182
0x0A1E	0x0030 ;_font+2184
0x0A20	0x1FFE ;_font+2186
0x0A22	0x3FFE ;_font+2188
0x0A24	0x3030 ;_font+2190
0x0A26	0x3030 ;_font+2192
0x0A28	0x0000 ;_font+2194
0x0A2A	0x0000 ;_font+2196
0x0A2C	0x0000 ;_font+2198
0x0A2E	0x0000 ;_font+2200
0x0A30	0x0000 ;_font+2202
0x0A32	0x0000 ;_font+2204
0x0A34	0x0000 ;_font+2206
0x0A36	0x0000 ;_font+2208
0x0A38	0x0000 ;_font+2210
0x0A3A	0x1FF0 ;_font+2212
0x0A3C	0x3FF0 ;_font+2214
0x0A3E	0x3000 ;_font+2216
0x0A40	0x3000 ;_font+2218
0x0A42	0x1800 ;_font+2220
0x0A44	0x3FF0 ;_font+2222
0x0A46	0x3FF0 ;_font+2224
0x0A48	0x0000 ;_font+2226
0x0A4A	0x0000 ;_font+2228
0x0A4C	0x0000 ;_font+2230
0x0A4E	0x0000 ;_font+2232
0x0A50	0x0000 ;_font+2234
0x0A52	0x0070 ;_font+2236
0x0A54	0x03F0 ;_font+2238
0x0A56	0x3F80 ;_font+2240
0x0A58	0x3C00 ;_font+2242
0x0A5A	0x1F80 ;_font+2244
0x0A5C	0x03F0 ;_font+2246
0x0A5E	0x0070 ;_font+2248
0x0A60	0x0000 ;_font+2250
0x0A62	0x0000 ;_font+2252
0x0A64	0x0000 ;_font+2254
0x0A66	0x0000 ;_font+2256
0x0A68	0x0000 ;_font+2258
0x0A6A	0x0000 ;_font+2260
0x0A6C	0x0030 ;_font+2262
0x0A6E	0x03F0 ;_font+2264
0x0A70	0x3FC0 ;_font+2266
0x0A72	0x3C00 ;_font+2268
0x0A74	0x0F80 ;_font+2270
0x0A76	0x01F0 ;_font+2272
0x0A78	0x01F0 ;_font+2274
0x0A7A	0x0F80 ;_font+2276
0x0A7C	0x3C00 ;_font+2278
0x0A7E	0x3FC0 ;_font+2280
0x0A80	0x03F0 ;_font+2282
0x0A82	0x0030 ;_font+2284
0x0A84	0x0000 ;_font+2286
0x0A86	0x2010 ;_font+2288
0x0A88	0x3870 ;_font+2290
0x0A8A	0x1FE0 ;_font+2292
0x0A8C	0x0780 ;_font+2294
0x0A8E	0x1FE0 ;_font+2296
0x0A90	0x3870 ;_font+2298
0x0A92	0x2010 ;_font+2300
0x0A94	0x0000 ;_font+2302
0x0A96	0x0000 ;_font+2304
0x0A98	0x0000 ;_font+2306
0x0A9A	0x0000 ;_font+2308
0x0A9C	0x0000 ;_font+2310
0x0A9E	0x0000 ;_font+2312
0x0AA0	0x0030 ;_font+2314
0x0AA2	0x83F0 ;_font+2316
0x0AA4	0x9FC0 ;_font+2318
0x0AA6	0xFC00 ;_font+2320
0x0AA8	0xFF80 ;_font+2322
0x0AAA	0x0FF0 ;_font+2324
0x0AAC	0x0070 ;_font+2326
0x0AAE	0x0000 ;_font+2328
0x0AB0	0x0000 ;_font+2330
0x0AB2	0x0000 ;_font+2332
0x0AB4	0x0000 ;_font+2334
0x0AB6	0x0000 ;_font+2336
0x0AB8	0x0000 ;_font+2338
0x0ABA	0x3830 ;_font+2340
0x0ABC	0x3C30 ;_font+2342
0x0ABE	0x3630 ;_font+2344
0x0AC0	0x3330 ;_font+2346
0x0AC2	0x31B0 ;_font+2348
0x0AC4	0x30F0 ;_font+2350
0x0AC6	0x3070 ;_font+2352
0x0AC8	0x0000 ;_font+2354
0x0ACA	0x0000 ;_font+2356
0x0ACC	0x0000 ;_font+2358
0x0ACE	0x0000 ;_font+2360
0x0AD0	0x0000 ;_font+2362
0x0AD2	0x0000 ;_font+2364
0x0AD4	0x0300 ;_font+2366
0x0AD6	0xFFFC ;_font+2368
0x0AD8	0xFEFE ;_font+2370
0x0ADA	0x8006 ;_font+2372
0x0ADC	0x8006 ;_font+2374
0x0ADE	0x0000 ;_font+2376
0x0AE0	0x0000 ;_font+2378
0x0AE2	0x0000 ;_font+2380
0x0AE4	0x0000 ;_font+2382
0x0AE6	0x0000 ;_font+2384
0x0AE8	0x0000 ;_font+2386
0x0AEA	0x0000 ;_font+2388
0x0AEC	0x0000 ;_font+2390
0x0AEE	0x0000 ;_font+2392
0x0AF0	0x0000 ;_font+2394
0x0AF2	0x0000 ;_font+2396
0x0AF4	0x0000 ;_font+2398
0x0AF6	0xFFFE ;_font+2400
0x0AF8	0xFFFE ;_font+2402
0x0AFA	0x0000 ;_font+2404
0x0AFC	0x0000 ;_font+2406
0x0AFE	0x0000 ;_font+2408
0x0B00	0x0000 ;_font+2410
0x0B02	0x0000 ;_font+2412
0x0B04	0x0000 ;_font+2414
0x0B06	0x0000 ;_font+2416
0x0B08	0x8006 ;_font+2418
0x0B0A	0x8006 ;_font+2420
0x0B0C	0xFEFE ;_font+2422
0x0B0E	0xFFFC ;_font+2424
0x0B10	0x0180 ;_font+2426
0x0B12	0x0000 ;_font+2428
0x0B14	0x0000 ;_font+2430
0x0B16	0x0000 ;_font+2432
0x0B18	0x0000 ;_font+2434
0x0B1A	0x0000 ;_font+2436
0x0B1C	0x0000 ;_font+2438
0x0B1E	0x0000 ;_font+2440
0x0B20	0x0000 ;_font+2442
0x0B22	0x0000 ;_font+2444
0x0B24	0x0180 ;_font+2446
0x0B26	0x01C0 ;_font+2448
0x0B28	0x00C0 ;_font+2450
0x0B2A	0x00C0 ;_font+2452
0x0B2C	0x01C0 ;_font+2454
0x0B2E	0x0180 ;_font+2456
0x0B30	0x0180 ;_font+2458
0x0B32	0x01C0 ;_font+2460
0x0B34	0x00C0 ;_font+2462
0x0B36	0x0000 ;_font+2464
0x0B38	0x0000 ;_font+2466
0x0B3A	0x0000 ;_font+2468
0x0B3C	0x7FFE ;_font+2470
0x0B3E	0x4002 ;_font+2472
0x0B40	0x4002 ;_font+2474
0x0B42	0x4002 ;_font+2476
0x0B44	0x7FFE ;_font+2478
0x0B46	0x0000 ;_font+2480
0x0B48	0x0000 ;_font+2482
0x0B4A	0x0000 ;_font+2484
0x0B4C	0x0000 ;_font+2486
0x0B4E	0x0000 ;_font+2488
0x0B50	0x0000 ;_font+2490
0x0B52	0x0000 ;_font+2492
0x0B54	0x0000 ;_font+2494
; end of _font
;16x kpad.c,6 :: _string
0x0B56	0x794D ;_string+0
0x0B58	0x6E20 ;_string+2
0x0B5A	0x6D61 ;_string+4
0x0B5C	0x2065 ;_string+6
0x0B5E	0x7369 ;_string+8
0x0B60	0x4120 ;_string+10
0x0B62	0x7262 ;_string+12
0x0B64	0x7261 ;_string+14
0x0B66	0x4120 ;_string+16
0x0B68	0x746E ;_string+18
0x0B6A	0x726F ;_string+20
0x0B6C	0x202E ;_string+22
0x0B6E	0x2049 ;_string+24
0x0B70	0x6572 ;_string+26
0x0B72	0x6461 ;_string+28
0x0B74	0x6920 ;_string+30
0x0B76	0x206E ;_string+32
0x0B78	0x6C63 ;_string+34
0x0B7A	0x7361 ;_string+36
0x0B7C	0x2073 ;_string+38
0x0B7E	0x3231 ;_string+40
0x0B80	0x002E ;_string+42
; end of _string
Symbol List:
//** Routines locations **
//ADDRESS    SIZE    PROCEDURE
//----------------------------------------------
0x001C      [78]    _matrixSHOW
0x006A      [16]    ___CC2DW
0x007A      [80]    _Mul_16X16_U
0x00CA     [204]    _main
//** Variables locations ** 
//ADDRESS    SIZE    VARIABLE
//----------------------------------------------
0x0000       [1]    SPI1_Write_tmp_L0
0x0000       [1]    __Lib_SoftI2C_PutZerosToLATScl_temp_scl_L0
0x0000       [1]    FLASH_Erase_64_SaveINTCON_L0
0x0000       [1]    EEPROM_Write_SaveINTCON_L0
0x0000       [1]    UART1_Init_tmp_L0
0x0000       [1]    R0
0x0000       [1]    __Lib_SoftI2C_PutZerosToLATSda_temp_sda_L0
0x0001       [2]    FLASH_Read_N_Bytes_i_L0
0x0001       [1]    UART1_Read___tmp_UART1_Read_L0
0x0001       [1]    ispunct_rslt_L0
0x0001       [1]    I2C1_Rd_tmp_L0
0x0001       [1]    R1
0x0001       [1]    FLASH_Write_8_i_L0
0x0001       [1]    FLASH_Erase_Write_64_i_L0
0x0001       [1]    __Lib_TFT_16bit_JPEG_FileReadBytes_Result_L0
0x0001       [1]    __Lib_TFT_JPEG_FileReadBytes_Result_L0
0x0001       [1]    __Lib_TFT_16bit_JPEG_FileRead_i_L0
0x0001       [1]    __Lib_PS2_Wait_Falling_nsample_L0
0x0001       [1]    __Lib_TFT_JPEG_FileRead_i_L0
0x0002       [2]    strlen_cp_L0
0x0002       [2]    memcpy_dd_L0
0x0002       [1]    FLASH_Write_8_SaveINTCON_L0
0x0002       [2]    memchr_s_L0
0x0002       [1]    FLASH_Erase_Write_64_j_L0
0x0002       [1]    R2
0x0002       [2]    memset_pp_L0
0x0003       [2]    __Lib_MmcFat16_f16_toInt_l_L0
0x0003       [2]    Ltrim_original_L0
0x0003       [1]    FLASH_Erase_Write_64_SaveINTCON_L0
0x0003       [1]    R3
0x0003       [2]    memmove_tt_L0
0x0003       [1]    MM_Init_i_L0
0x0003       [2]    MM_TotalFreeMemSize_Tot_L0
0x0003       [1]    __Lib_Sprinti_?FLOC____Lib_Sprinti_Do_FillT29
0x0004       [2]    __Lib_MemManager_MM_GetMemAlign_P_L0
0x0004       [2]    strcat_cp_L0
0x0004       [1]    __Lib_Sprinti_?FLOC____Lib_Sprinti_Do_FillT40
0x0004       [2]    strncat_cp_L0
0x0004       [1]    R4
0x0004       [2]    strcpy_cp_L0
0x0004       [2]    strncpy_cp_L0
0x0004       [2]    frexp_pom_L0
0x0004       [2]    memcpy_ss_L0
0x0005       [2]    memmove_ff_L0
0x0005       [1]    MM_TotalFreeMemSize_i_L0
0x0005       [2]    LongIntToHex_input_half_L0
0x0005       [2]    LongWordToHex_input_half_L0
0x0005       [1]    R5
0x0005       [2]    Ltrim_p_L0
0x0005       [1]    __Lib_Sprinti_?FLOC____Lib_Sprinti_Do_FillT54
0x0006       [1]    R6
0x0006       [1]    __Lib_MemManager_MM_GetMemAlign_i_L0
0x0006       [1]    __Lib_Sprinti_?FLOC____Lib_Sprinti_Do_FillT69
0x0007       [1]    __Lib_TFT_JPEG_GenerateHuffmanTables_bLength_L0
0x0007       [1]    R7
0x0007       [1]    __Lib_TFT_16bit_JPEG_GenerateHuffmanTables_bLength_L0
0x0008       [1]    R8
0x0008       [1]    __Lib_TFT_JPEG_GenerateHuffmanTables_bTable_L0
0x0008       [1]    __Lib_TFT_16bit_JPEG_GenerateHuffmanTables_bTable_L0
0x0009       [1]    R9
0x0009       [4]    __Lib_MmcFat16_f16_toLong_l_L0
0x000A       [1]    R10
0x000B       [1]    R11
0x000C       [1]    R12
0x000D       [1]    R13
0x000E       [1]    R14
0x000F       [1]    R15
0x0010       [1]    R16
0x0011       [1]    R17
0x0012       [1]    R18
0x0013       [1]    R19
0x0014       [1]    R20
0x0015       [2]    _count2
0x0017       [2]    _total
0x0019       [2]    _count
0x001B       [2]    _scroll
0x001D       [2]    _adrs
0x001F      [64]    _temp
0x005F       [1]    _speed
0x0060       [1]    _col
0x0F80       [1]    PORTA
0x0F80       [0]    SH
0x0F80       [0]    DS
0x0F80       [0]    ST
0x0F81       [1]    PORTB
0x0F82       [1]    PORTC
0x0F83       [1]    PORTD
0x0F92       [1]    TRISA
0x0F93       [1]    TRISB
0x0F94       [1]    TRISC
0x0F95       [1]    TRISD
0x0FC1       [1]    ADCON1
0x0FD8       [1]    STATUS
0x0FD9       [1]    FSR2L
0x0FDA       [1]    FSR2H
0x0FDE       [1]    POSTINC2
0x0FE0       [1]    BSR
0x0FE1       [1]    FSR1L
0x0FE2       [1]    FSR1H
0x0FE4       [1]    PREINC1
0x0FE6       [1]    POSTINC1
0x0FE7       [1]    INDF1
0x0FE8       [1]    WREG
0x0FE9       [1]    FSR0L
0x0FEA       [1]    FSR0H
0x0FEE       [1]    POSTINC0
0x0FF3       [1]    PRODL
0x0FF4       [1]    PRODH
0x0FF5       [1]    TABLAT
0x0FF6       [1]    TBLPTRL
0x0FF7       [1]    TBLPTRH
0x0FF8       [1]    TBLPTRU
//** Constants locations ** 
//ADDRESS    SIZE    CONSTANT
//----------------------------------------------
0x0196    [2496]    _font
0x0B56      [44]    _string
//** Label List: ** 
//----------------------------------------------
  L_matrixSHOW0
  L_matrixSHOW1
  L_matrixSHOW2
  L_matrixSHOW3
  L_matrixSHOW4
  L_matrixSHOW5
  L_matrixSHOW6
  L_main7
  L_main8
  L_main9
  L_main10
  L_main11
  L_main12
  L_main13
  L_main14
  L_end_matrixSHOW
  _matrixSHOW
  L_end_main
  _main
  L__main17
  L__main18
  L_Div_16x16_S0
  L_Div_16x16_S1
  LOOPS3232A
  SADD22LA
  SOK22LA
  SADD22L8
  SOK22L8
  LOOPS3232B
  SADD22LB
  SOK22LB
  SADD22L16
  SOK22L16
  LOOPS3232C
  SADD22LC
  SOK22LC
  SADD22L24
  SOK22L24
  LOOPS3232D
  SADD22LD
  SOK22LD
  SOK22L
  L_Div_32x32_S6
  L_Div_32x32_S7
  L_Div_32x32_S8
  L_Div_32x32_S9
  FXD3232S
  END_ALL
  CA3232S
  C3232SX
  C3232SX1
  C3232S
  C3232S2
  C3232SX4
  C3232SOK
  C3232SX3
  C3232SX2
  avoid_comfrem
  LOOPU3232A
  UADD22LA
  UOK22LA
  UADD22L8
  UOK22L8
  LOOPU3232B
  UADD22LB
  UOK22LB
  UADD22L16
  UOK22L16
  LOOPU3232C
  UADD22LC
  UOK22LC
  UADD22L24
  UOK22L24
  LOOPU3232D
  UADD22LD
  UOK22LD
  UOK22L
  _NEXT
  _EXIT2
  _LOOP
  _EXIT1
  _IF_FIRST
  _IF_SECOND
  _INVERCE_FIRST
  _MULT
  _INBERSE_SECOND
  _EXIT
  L_end_Div_8X8_U
  _Div_8X8_U
  L_end_Div_16X16_U
  _Div_16X16_U
  L_end_Div_16x16_S_L
  _Div_16x16_S_L
  L_end_Div_16x16_S
  _Div_16x16_S
  L_end_Div_8X8_S
  _Div_8X8_S
  L_end_Mul_8X8_S
  _Mul_8X8_S
  L_end_Mul_16X16_U
  _Mul_16X16_U
  L_end_Mul_16X16_S
  _Mul_16X16_S
  L_end_SDIV3232L
  _SDIV3232L
  L_end_COMFREM
  _COMFREM
  L_end_Div_32x32_S
  _Div_32x32_S
  L_end_Div_32x32_U
  _Div_32x32_U
  L_end_Mul_32x32_U
  _Mul_32x32_U
  L_end_Mul_32x32_S
  _Mul_32x32_S
  _CC2D_Loop1
  _CC2DL_Loop1
  L_loopCA2AWs
  L_loopCCA2AWs
  L_loopCS2Ss
  L_CS2Send
  L_loopCCS2Ss
  L_CCS2Send
  L_loopFZinSWs
  L_longjmp7
  L_end___CC2D
  ___CC2D
  L_end___CC2DW
  ___CC2DW
  L_end___CA2AW
  ___CA2AW
  L_end___CCA2AW
  ___CCA2AW
  L_end___CS2S
  ___CS2S
  L_end___CCS2S
  ___CCS2S
  L_end___FZinS
  ___FZinS
  L_end_____DoIFC
  _____DoIFC
  L_end_Swap
  _Swap
  L_end_setjmp
  _setjmp
  L_end_longjmp
  _longjmp
