MPASM  5.42                               A.S   12-21-2015  2:16:42         PAGE  1


LOC  OBJECT CODE     LINE SOURCE TEXT
  VALUE


                      00002         list
                      00003 ;{
                      00004 ;FILE F1 = E:\ELECTRONICS\S TECH BD\PROJECTS\MATRIX\8X F876 595 DUAL\DUAL 595.BAS
                      00005 ;FILE F2 = E:\ELECTRONICS\S TECH BD\PROJECTS\MATRIX\8X F876 595 DUAL\DUAL 595.PRP
                      00006 ;}
                      00007 ;[Variable Listing]
                      00008 ;scroll,0026,DT_WORD,2
                      00009 ;dta,0028,DT_BYTE,1
                      00010 ;col,0029,DT_BYTE,1
                      00011 ;row,002A,DT_BYTE,1
                      00012 ;scan,002B,DT_BYTE,1
                      00013 ;row_sh,0006.0,DT_BIT
                      00014 ;row_ds,0006.1,DT_BIT
                      00015 ;row_st,0006.2,DT_BIT
                      00016 ;col_sh,0006.3,DT_BIT
                      00017 ;col_ds,0006.4,DT_BIT
                      00018 ;col_st,0006.5,DT_BIT
                      00019 ;[End Listing]
                      00020 ;[TOTAL VARS] 12

MESSAGE[308]: WARNING LEVEL SUPERSEDED BY COMMAND LINE VALUE. (2)
                      00022  LIST  P = 16F876, F = INHX8M, W = 2, X = ON, R = DEC, MM = ON, N = 0, C = 255
  00000000            00023 INDF equ 0X0000
  00000001            00024 TMR0 equ 0X0001
  00000002            00025 PCL equ 0X0002
  00000003            00026 STATUS equ 0X0003
  00000004            00027 FSR equ 0X0004
  00000005            00028 PORTA equ 0X0005
  00000006            00029 PORTB equ 0X0006
  00000007            00030 PORTC equ 0X0007
  0000000A            00031 PCLATH equ 0X000A
  0000000B            00032 INTCON equ 0X000B
  0000000C            00033 PIR1 equ 0X000C
  0000000D            00034 PIR2 equ 0X000D
  0000000E            00035 TMR1L equ 0X000E
  0000000F            00036 TMR1LH equ 0X000F
  0000000F            00037 TMR1H equ 0X000F
  00000010            00038 T1CON equ 0X0010
  00000011            00039 TMR2 equ 0X0011
  00000012            00040 T2CON equ 0X0012
  00000013            00041 SSPBUF equ 0X0013
  00000014            00042 SSPCON equ 0X0014
  00000015            00043 CCPR1L equ 0X0015
  00000016            00044 CCPR1LH equ 0X0016
  00000016            00045 CCPR1H equ 0X0016
  00000017            00046 CCP1CON equ 0X0017
  00000018            00047 RCSTA equ 0X0018
  00000019            00048 TXREG equ 0X0019
  0000001A            00049 RCREG equ 0X001A
  0000001B            00050 CCPR2L equ 0X001B
  0000001C            00051 CCPR2LH equ 0X001C
  0000001C            00052 CCPR2H equ 0X001C
  0000001D            00053 CCP2CON equ 0X001D
  0000001E            00054 ADRESLH equ 0X001E
  0000001E            00055 ADRESH equ 0X001E
  0000001F            00056 ADCON0 equ 0X001F
  00000081            00057 OPTION_REG equ 0X0081
  00000085            00058 TRISA equ 0X0085
  00000086            00059 TRISB equ 0X0086
  00000087            00060 TRISC equ 0X0087
  0000008C            00061 PIE1 equ 0X008C
  0000008D            00062 PIE2 equ 0X008D
  0000008E            00063 PCON equ 0X008E
  00000091            00064 SSPCON2 equ 0X0091
  00000092            00065 PR2 equ 0X0092
  00000093            00066 SSPADD equ 0X0093
  00000094            00067 SSPSTAT equ 0X0094
  00000098            00068 TXSTA equ 0X0098
  00000099            00069 SPBRG equ 0X0099
  0000009E            00070 ADRESL equ 0X009E
  0000009F            00071 ADCON1 equ 0X009F
  0000010C            00072 EEDATL equ 0X010C
  0000010C            00073 EEDATA equ 0X010C
  0000010C            00074 EEDAT equ 0X010C
  0000010D            00075 EEADR equ 0X010D
  0000010E            00076 EEDATLH equ 0X010E
  0000010E            00077 EEDATH equ 0X010E
  0000010F            00078 EEADRH equ 0X010F
  0000018C            00079 EECON1 equ 0X018C
  0000018D            00080 EECON2 equ 0X018D
  00000087            00081 _I2C_SCL_PORT=TRISC
  00000003            00082 _I2C_SCL_PIN=3
  00000087            00083 _I2C_SDA_PORT=TRISC
  00000004            00084 _I2C_SDA_PIN=4
  00000007            00085 IRP=7
  00000006            00086 RP1=6
  00000005            00087 RP0=5
  00000004            00088 NOT_TO=4
  00000003            00089 NOT_PD=3
  00000002            00090 Z=2
  00000001            00091 DC=1
  00000000            00092 C=0
  00000007            00093 GIE=7
  00000006            00094 PEIE=6
  00000005            00095 T0IE=5
  00000004            00096 INTE=4
  00000003            00097 RBIE=3
  00000002            00098 T0IF=2
  00000001            00099 INTF=1
  00000000            00100 RBIF=0
  00000006            00101 ADIF=6
  00000005            00102 RCIF=5
  00000005            00103 PP_RCIF=5
  00000004            00104 TXIF=4
  00000004            00105 PP_TXIF=4
  00000003            00106 SSPIF=3
  00000002            00107 CCP1IF=2
  00000001            00108 TMR2IF=1
  00000000            00109 TMR1IF=0
  00000004            00110 EEIF=4
  00000003            00111 BCLIF=3
  00000000            00112 CCP2IF=0
  00000005            00113 T1CKPS1=5
  00000004            00114 T1CKPS0=4
  00000003            00115 T1OSCEN=3
  00000002            00116 NOT_T1SYNC=2
  00000002            00117 T1INSYNC=2
  00000002            00118 T1SYNC=2
  00000001            00119 TMR1CS=1
  00000000            00120 TMR1ON=0
  00000006            00121 TOUTPS3=6
  00000005            00122 TOUTPS2=5
  00000004            00123 TOUTPS1=4
  00000003            00124 TOUTPS0=3
  00000002            00125 TMR2ON=2
  00000002            00126 PP_TMR2ON=2
  00000001            00127 T2CKPS1=1
  00000001            00128 PP_T2CKPS1=1
  00000000            00129 T2CKPS0=0
  00000000            00130 PP_T2CKPS0=0
  00000007            00131 WCOL=7
  00000006            00132 SSPOV=6
  00000005            00133 SSPEN=5
  00000004            00134 CKP=4
  00000003            00135 SSPM3=3
  00000002            00136 SSPM2=2
  00000001            00137 SSPM1=1
  00000000            00138 SSPM0=0
  00000005            00139 CCP1X=5
  00000004            00140 CCP1Y=4
  00000003            00141 CCP1M3=3
  00000002            00142 CCP1M2=2
  00000001            00143 CCP1M1=1
  00000000            00144 CCP1M0=0
  00000007            00145 SPEN=7
  00000006            00146 RX9=6
  00000006            00147 RC9=6
  00000006            00148 NOT_RC8=6
  00000006            00149 RC8_9=6
  00000005            00150 SREN=5
  00000004            00151 CREN=4
  00000004            00152 PP_CREN=4
  00000003            00153 ADDEN=3
  00000002            00154 FERR=2
  00000001            00155 OERR=1
  00000001            00156 PP_OERR=1
  00000000            00157 RX9D=0
  00000000            00158 RCD8=0
  00000005            00159 CCP2X=5
  00000004            00160 CCP2Y=4
  00000003            00161 CCP2M3=3
  00000002            00162 CCP2M2=2
  00000001            00163 CCP2M1=1
  00000000            00164 CCP2M0=0
  00000007            00165 ADCS1=7
  00000006            00166 ADCS0=6
  00000005            00167 CHS2=5
  00000004            00168 CHS1=4
  00000003            00169 CHS0=3
  00000002            00170 GO=2
  00000002            00171 NOT_DONE=2
  00000002            00172 GO_DONE=2
  00000002            00173 PP_GO_DONE=2
  00000000            00174 ADON=0
  00000007            00175 NOT_RBPU=7
  00000006            00176 INTEDG=6
  00000005            00177 T0CS=5
  00000004            00178 T0SE=4
  00000003            00179 PSA=3
  00000002            00180 PS2=2
  00000001            00181 PS1=1
  00000000            00182 PS0=0
  00000006            00183 ADIE=6
  00000005            00184 RCIE=5
  00000004            00185 TXIE=4
  00000003            00186 SSPIE=3
  00000002            00187 CCP1IE=2
  00000001            00188 TMR2IE=1
  00000000            00189 TMR1IE=0
  00000004            00190 EEIE=4
  00000003            00191 BCLIE=3
  00000000            00192 CCP2IE=0
  00000001            00193 NOT_POR=1
  00000000            00194 NOT_BO=0
  00000000            00195 NOT_BOR=0
  00000007            00196 GCEN=7
  00000006            00197 ACKSTAT=6
  00000006            00198 PP_ACKSTAT=6
  00000005            00199 ACKDT=5
  00000005            00200 PP_ACKDT=5
  00000004            00201 ACKEN=4
  00000004            00202 PP_ACKEN=4
  00000003            00203 RCEN=3
  00000003            00204 PP_RCEN=3
  00000002            00205 PEN=2
  00000002            00206 PP_PEN=2
  00000001            00207 RSEN=1
  00000001            00208 PP_RSEN=1
  00000000            00209 SEN=0
  00000000            00210 PP_SEN=0
  00000007            00211 SMP=7
  00000006            00212 CKE=6
  00000005            00213 I2C_DATA=5
  00000005            00214 NOT_A=5
  00000005            00215 NOT_ADDRESS=5
  00000005            00216 D_A=5
  00000005            00217 DATA_ADDRESS=5
  00000004            00218 I2C_STOP=4
  00000003            00219 I2C_START=3
  00000002            00220 I2C_READ=2
  00000002            00221 NOT_W=2
  00000002            00222 NOT_WRITE=2
  00000002            00223 R_W=2
  00000002            00224 PP_R_W=2
  00000002            00225 READ_WRITE=2
  00000001            00226 UA=1
  00000000            00227 BF=0
  00000000            00228 PP_BF=0
  00000007            00229 CSRC=7
  00000006            00230 TX9=6
  00000006            00231 NOT_TX8=6
  00000006            00232 TX8_9=6
  00000005            00233 TXEN=5
  00000004            00234 SYNC=4
  00000002            00235 BRGH=2
  00000001            00236 TRMT=1
  00000000            00237 TX9D=0
  00000000            00238 TXD8=0
  00000007            00239 ADFM=7
  00000003            00240 PCFG3=3
  00000002            00241 PCFG2=2
  00000001            00242 PCFG1=1
  00000000            00243 PCFG0=0
  00000007            00244 EEPGD=7
  00000007            00245 PP_EEPGD=7
  00000003            00246 WRERR=3
  00000003            00247 PP_WRERR=3
  00000002            00248 WREN=2
  00000002            00249 PP_WREN=2
  00000001            00250 WR=1
  00000001            00251 PP_WR=1
  00000000            00252 RD=0
  00000000            00253 PP_RD=0
  000001FF            00254   __MAXRAM 0X1FF
                      00255   __BADRAM 0X08-0X09
                      00256   __BADRAM 0X88-0X89, 0X8F-0X90, 0X95-0X97, 0X9A-0X9D
                      00257   __BADRAM 0X105, 0X107-0X109
                      00258   __BADRAM 0X185, 0X187-0X189, 0X18E-0X18F
  00000FCF            00259 CP_ALL equ 0X0FCF
  00001FDF            00260 CP_HALF equ 0X1FDF
  00002FEF            00261 CP_UPPER_256 equ 0X2FEF
  00003FFF            00262 CP_OFF equ 0X3FFF
  000037FF            00263 DEBUG_ON equ 0X37FF
  00003FFF            00264 DEBUG_OFF equ 0X3FFF
  00003FFF            00265 WRTE_ON equ 0X3FFF
  00003FFF            00266 WRT_ENABLE_ON equ 0X3FFF
  00003DFF            00267 WRTE_OFF equ 0X3DFF
  00003DFF            00268 WRT_ENABLE_OFF equ 0X3DFF
  00003EFF            00269 CPD_ON equ 0X3EFF
  00003FFF            00270 CPD_OFF equ 0X3FFF
  00003FFF            00271 LVP_ON equ 0X3FFF
  00003F7F            00272 LVP_OFF equ 0X3F7F
  00003FFF            00273 BODEN_ON equ 0X3FFF
  00003FBF            00274 BODEN_OFF equ 0X3FBF
  00003FFF            00275 PWRTE_OFF equ 0X3FFF
  00003FF7            00276 PWRTE_ON equ 0X3FF7
  00003FFF            00277 WDT_ON equ 0X3FFF
  00003FFB            00278 WDT_OFF equ 0X3FFB
  00003FFC            00279 LP_OSC equ 0X3FFC
  00003FFD            00280 XT_OSC equ 0X3FFD
  00003FFE            00281 HS_OSC equ 0X3FFE
  00003FFF            00282 RC_OSC equ 0X3FFF
  00003FBF            00283 BOREN_OFF equ 0X3FBF
  00003FFF            00284 BOREN_ON equ 0X3FFF
  00003FFF            00285 FOSC_EXTRC equ 0X3FFF
  00003FFE            00286 FOSC_HS equ 0X3FFE
  00003FFC            00287 FOSC_LP equ 0X3FFC
  00003FFD            00288 FOSC_XT equ 0X3FFD
  00003FFB            00289 WDTE_OFF equ 0X3FFB
  00003FFF            00290 WDTE_ON equ 0X3FFF
  00003DFF            00291 WRT_OFF equ 0X3DFF
  00003FFF            00292 WRT_ON equ 0X3FFF

                      00296 #define __16F876 1
                      00297 #define XTAL 10
                      00298 #define _CORE 14
                      00299 #define _MAXRAM 368
                      00300 #define _RAM_END 0X0170
                      00301 #define _MAXMEM 8192
                      00302 #define _ADC 5
                      00303 #define _ADC_RES 10
                      00304 #define _EEPROM 256
                      00305 #define _PAGES 4
                      00306 #define _BANKS 3
                      00307 #define RAM_BANKS 4
                      00308 #define _USART 1
                      00309 #define _USB 0
                      00310 #define _FLASH 1
                      00311 #define _CWRITE_BLOCK 1
                      00312 #define BANK0_START 0X20
                      00313 #define BANK0_END 0X7F
                      00314 #define BANK1_START 0X00A0
                      00315 #define BANK1_END 0X00EF
                      00316 #define BANK2_START 0X0110
                      00317 #define BANK2_END 0X016F
                      00318 #define BANK3_START 0X0190
                      00319 #define BANK3_END 0X01EF
                      00320 #define _SYSTEM_VARIABLE_COUNT 6
  00000000            00321 ram_bank = 0
  00000000            00322 CURRENT@PAGE = 0
  00000000            00323 DEST@PAGE = 0
                      00324 #define LCD#TYPE 0
                      00326 f@call macro PDEST
                      00327 if(PDEST < 1)
                      00328 if((PDEST & 2048) == 0)
                      00329         bcf 10,3
                      00330 else
                      00331         bsf 10,3
                      00332 endif
                      00333 if((PDEST & 4096) == 0)
                      00334         bcf 10,4
                      00335 else
                      00336         bsf 10,4
                      00337 endif
                      00338 else
                      00339 if(PDEST > $)
                      00340 if((PDEST & 2048) == 0)
                      00341         bcf 10,3
                      00342 else
                      00343         bsf 10,3
                      00344 endif
                      00345 if((PDEST & 4096) == 0)
                      00346         bcf 10,4
                      00347 else
                      00348         bsf 10,4
                      00349 endif
                      00350 else
                      00351 if((PDEST & 6144) == 0)
                      00352         clrf 10
                      00353 else
                      00354 if((PDEST & 2048) == 0)
                      00355         bcf 10,3
                      00356 else
                      00357         bsf 10,3
                      00358 endif
                      00359 if((PDEST & 4096) == 0)
                      00360         bcf 10,4
                      00361 else
                      00362         bsf 10,4
                      00363 endif
                      00364 endif
                      00365 endif
                      00366 endif
                      00367         call PDEST
                      00368         endm
                      00369 F@JUMP macro PDEST
                      00370 if(PDEST < 1)
                      00371 if((PDEST & 2048) == 0)
                      00372         bcf 10,3
                      00373 else
                      00374         bsf 10,3
                      00375 endif
                      00376 if((PDEST & 4096) == 0)
                      00377         bcf 10,4
                      00378 else
                      00379         bsf 10,4
                      00380 endif
                      00381 else
                      00382 if(PDEST > $)
                      00383 if((PDEST & 2048) == 0)
                      00384         bcf 10,3
                      00385 else
                      00386         bsf 10,3
                      00387 endif
                      00388 if((PDEST & 4096) == 0)
                      00389         bcf 10,4
                      00390 else
                      00391         bsf 10,4
                      00392 endif
                      00393 else
                      00394 if((PDEST & 6144) == 0)
                      00395         clrf 10
                      00396 else
                      00397 if((PDEST & 2048) == 0)
                      00398         bcf 10,3
                      00399 else
                      00400         bsf 10,3
                      00401 endif
                      00402 if((PDEST & 4096) == 0)
                      00403         bcf 10,4
                      00404 else
                      00405         bsf 10,4
                      00406 endif
                      00407 endif
                      00408 endif
                      00409 endif
                      00410         goto PDEST
                      00411         endm
                      00412 set@page macro PDEST
                      00413 if((PDEST & 2048) == 0)
                      00414         bcf 10,3
                      00415 else
                      00416         bsf 10,3
                      00417 endif
                      00418 if((PDEST & 4096) == 0)
                      00419         bcf 10,4
                      00420 else
                      00421         bsf 10,4
                      00422 endif
                      00423         endm
                      00424 s@b     macro pVarin
                      00425 if((pVarin & 384) == 0)
                      00426 if(ram_bank == 1)
                      00427         bcf 3,5
                      00428 endif
                      00429 if(ram_bank == 2)
                      00430         bcf 3,6
                      00431 endif
                      00432 if(ram_bank == 3)
                      00433         bcf 3,5
                      00434         bcf 3,6
                      00435 endif
                      00436 ram_bank = 0
                      00437 endif
                      00438 if((pVarin & 384) == 128)
                      00439 if(ram_bank == 0)
                      00440         bsf 3,5
                      00441 endif
                      00442 if(ram_bank == 2)
                      00443         bsf 3,5
                      00444         bcf 3,6
                      00445 endif
                      00446 if(ram_bank == 3)
                      00447         bcf 3,6
                      00448 endif
                      00449 ram_bank = 1
                      00450 endif
                      00451 if((pVarin & 384) == 256)
                      00452 if(ram_bank == 0)
                      00453         bsf 3,6
                      00454 endif
                      00455 if(ram_bank == 1)
                      00456         bcf 3,5
                      00457         bsf 3,6
                      00458 endif
                      00459 if(ram_bank == 3)
                      00460         bcf 3,5
                      00461 endif
                      00462 ram_bank = 2
                      00463 endif
                      00464 if((pVarin & 384) == 384)
                      00465 if(ram_bank == 0)
                      00466         bsf 3,5
                      00467         bsf 3,6
                      00468 endif
                      00469 if(ram_bank == 1)
                      00470         bsf 3,6
                      00471 endif
                      00472 if(ram_bank == 2)
                      00473         bsf 3,5
                      00474 endif
                      00475 ram_bank = 3
                      00476 endif
                      00477         endm
                      00478 r@b     macro
                      00479 if((ram_bank & 1) != 0)
                      00480         bcf 3,5
                      00481 endif
                      00482 if((ram_bank & 2) != 0)
                      00483         bcf 3,6
                      00484 endif
                      00485 ram_bank = 0
                      00486         endm
                      00487 jump macro PLABEL
                      00488     goto PLABEL
                      00489     endm
                      00490 wreg_byte macro pByteOut
                      00491     s@b pByteOut
                      00492     movwf pByteOut
                      00493     r@b
                      00494     endm
                      00495 wreg_bit macro pVarOut,pBitout
                      00496     s@b pVarOut
                      00497     andlw 1
                      00498     btfsc STATUS,2
                      00499     bcf pVarOut,pBitout
                      00500     btfss STATUS,2
                      00501     bsf pVarOut,pBitout
                      00502     r@b
                      00503     endm
                      00504 wreg_word macro pWordOut
                      00505     s@b pWordOut
                      00506     movwf pWordOut
                      00507     s@b pWordOut+1
                      00508     clrf pWordOut+1
                      00509     r@b
                      00510     endm
                      00511 wreg_dword macro pDwordOut
                      00512     s@b pDwordOut+3
                      00513     clrf pDwordOut+3
                      00514     s@b pDwordOut+2
                      00515     clrf pDwordOut+2
                      00516     s@b pDwordOut+1
                      00517     clrf pDwordOut+1
                      00518     s@b pDwordOut
                      00519     movwf pDwordOut
                      00520     r@b
                      00521     endm
                      00522 byte_wreg macro pByteIn
                      00523     s@b pByteIn
                      00524     movf pByteIn,W
                      00525     r@b
                      00526     endm
                      00527 num_wreg macro pNumIn
                      00528     movlw (pNumIn & 255)
                      00529     endm
                      00530 num_byte macro pNumIn,pByteOut
                      00531     s@b pByteOut
                      00532 if(pNumIn == 0)
                      00533     clrf pByteOut
                      00534 else
                      00535     movlw (pNumIn & 255)
                      00536     movwf pByteOut
                      00537 endif
                      00538     r@b
                      00539     endm
                      00540 num_bit macro pNumIn,pVarOut,pBitout
                      00541     s@b pVarOut
                      00542 if((pNumIn & 1) == 1)
                      00543     bsf pVarOut,pBitout
                      00544 else
                      00545     bcf pVarOut,pBitout
                      00546 endif
                      00547     r@b
                      00548     endm
                      00549 num_word macro pNumIn,pWordOut
                      00550 if((pNumIn & 255) == 0)
                      00551     s@b pWordOut
                      00552     clrf pWordOut
                      00553 else
                      00554     s@b pWordOut
                      00555     movlw low (pNumIn)
                      00556     movwf pWordOut
                      00557 endif
                      00558 if(((pNumIn >> 8) & 255) == 0)
                      00559     s@b pWordOut+1
                      00560     clrf pWordOut+1
                      00561 else
                      00562     s@b pWordOut+1
                      00563     movlw high (pNumIn)
                      00564     movwf pWordOut+1
                      00565 endif
                      00566     r@b
                      00567     endm
                      00568 num_dword macro pNumIn,pDwordOut
                      00569 if ((pNumIn >> 24 & 255) == 0)
                      00570     s@b pDwordOut+3
                      00571     clrf pDwordOut+3
                      00572 else
                      00573     s@b pDwordOut+3
                      00574     movlw ((pNumIn >> 24) & 255)
                      00575     movwf pDwordOut+3
                      00576 endif
                      00577 if( ((pNumIn >> 16) & 255) == 0)
                      00578     s@b pDwordOut+2
                      00579     clrf pDwordOut+2
                      00580 else
                      00581     s@b pDwordOut+2
                      00582     movlw ((pNumIn >> 16) & 255)
                      00583     movwf pDwordOut+2
                      00584 endif
                      00585 if( ((pNumIn >> 8) & 255) == 0)
                      00586     s@b pDwordOut+1
                      00587     clrf pDwordOut+1
                      00588 else
                      00589     s@b pDwordOut+1
                      00590     movlw high (pNumIn)
                      00591     movwf pDwordOut+1
                      00592 endif
                      00593 if((pNumIn & 255) == 0)
                      00594     s@b pDwordOut
                      00595     clrf pDwordOut
                      00596 else
                      00597     s@b pDwordOut
                      00598     movlw low (pNumIn)
                      00599     movwf pDwordOut
                      00600 endif
                      00601     r@b
                      00602     endm
                      00603 bit_wreg macro pVarin,pBitIn
                      00604     s@b pVarin
                      00605     clrw
                      00606     btfsc pVarin,pBitIn
                      00607     movlw 1
                      00608     r@b
                      00609     endm
                      00610 bit_byte macro pVarin,pBitIn,pByteOut
                      00611     s@b pVarin
                      00612     clrw
                      00613     btfsc pVarin,pBitIn
                      00614     movlw 1
                      00615     s@b pByteOut
                      00616     movwf pByteOut
                      00617     r@b
                      00618     endm
                      00619 bit_bit macro pVarin,pBitIn,pVarOut,pBitout
                      00620 if((pVarin & 65408) == (pVarOut & 65408))
                      00621     s@b pVarOut
                      00622     btfsc pVarin,pBitIn
                      00623     bsf pVarOut,pBitout
                      00624     btfss pVarin,pBitIn
                      00625     bcf pVarOut,pBitout
                      00626 else
                      00627     s@b pVarin
                      00628     clrdc
                      00629     btfsc pVarin,pBitIn
                      00630     setdc
                      00631     s@b pVarOut
                      00632     skpndc
                      00633     bsf pVarOut,pBitout
                      00634     skpdc
                      00635     bcf pVarOut,pBitout
                      00636 endif
                      00637     endm
                      00638 bit_word macro pVarin,pBitIn,pWordOut
                      00639     s@b pWordOut+1
                      00640     clrf pWordOut+1
                      00641     bit_byte pVarin,pBitIn,pWordOut
                      00642     endm
                      00643 bit_dword macro pVarin,pBitIn,pDwordOut
                      00644     s@b pDwordOut+3
                      00645     clrf pDwordOut+3
                      00646     s@b pDwordOut+2
                      00647     clrf pDwordOut+2
                      00648     s@b pDwordOut+1
                      00649     clrf pDwordOut+1
                      00650     bit_byte pVarin,pBitIn,pDwordOut
                      00651     endm
                      00652 word_wreg macro pWordIn
                      00653     byte_wreg pWordIn
                      00654     endm
                      00655 word_byte macro pWordIn,pByteOut
                      00656     byte_byte pWordIn,pByteOut
                      00657     endm
                      00658 word_bit macro pWordIn,pVarOut,pBitout
                      00659     byte_bit pWordIn, pVarOut, pBitout
                      00660     endm
                      00661 word_word macro pWordIn,pWordOut
                      00662     s@b pWordIn+1
                      00663     movf pWordIn+1,W
                      00664     s@b pWordOut+1
                      00665     movwf pWordOut+1
                      00666     byte_byte pWordIn,pWordOut
                      00667     endm
                      00668 word_dword macro pWordIn,pDwordOut
                      00669     s@b pDwordOut+3
                      00670     clrf pDwordOut+3
                      00671     s@b pDwordOut+2
                      00672     clrf pDwordOut+2
                      00673     byte_byte pWordIn+1,pDwordOut+1
                      00674     byte_byte pWordIn,pDwordOut
                      00675     endm
                      00676 byte_byte macro pByteIn,pByteOut
                      00677     s@b pByteIn
                      00678     movf pByteIn,W
                      00679     s@b pByteOut
                      00680     movwf pByteOut
                      00681     r@b
                      00682     endm
                      00683 byte_word macro pByteIn,pWordOut
                      00684     s@b pWordOut+1
                      00685     clrf pWordOut+1
                      00686     byte_byte pByteIn,pWordOut
                      00687     endm
                      00688 byte_dword macro pByteIn,pDwordOut
                      00689     s@b pDwordOut+3
                      00690     clrf pDwordOut+3
                      00691     s@b pDwordOut+2
                      00692     clrf pDwordOut+2
                      00693     s@b pDwordOut+1
                      00694     clrf pDwordOut+1
                      00695     byte_byte pByteIn,pDwordOut
                      00696     endm
                      00697     byte_bit macro pByteIn,pVarOut,pBitout
                      00698 if((pByteIn & 65408) == (pVarOut & 65408))
                      00699     s@b pByteIn
                      00700     btfsc pByteIn,0
                      00701     bsf pVarOut,pBitout
                      00702     btfss pByteIn,0
                      00703     bcf pVarOut,pBitout
                      00704 else
                      00705     s@b pByteIn
                      00706     rrf pByteIn,W
                      00707     s@b pVarOut
                      00708     skpnc
                      00709     bsf pVarOut,pBitout
                      00710     skpc
                      00711     bcf pVarOut,pBitout
                      00712 endif
                      00713     r@b
                      00714     endm
                      00715 dword_wreg macro pDwordIn
                      00716     byte_wreg pDwordIn
                      00717     endm
                      00718 dword_byte macro pDwordIn,pByteOut
                      00719     byte_byte pDwordIn,pByteOut
                      00720     endm
                      00721 dword_word macro pDwordIn,pWordOut
                      00722     s@b pDwordIn+1
                      00723     movf pDwordIn+1,W
                      00724     s@b pWordOut+1
                      00725     movwf pWordOut+1
                      00726     byte_byte pDwordIn,pWordOut
                      00727     endm
                      00728 dword_dword macro pDwordIn,pDwordOut
                      00729     byte_byte pDwordIn+3,pDwordOut+3
                      00730     byte_byte pDwordIn+2,pDwordOut+2
                      00731     byte_byte pDwordIn+1,pDwordOut+1
                      00732     byte_byte pDwordIn,pDwordOut
                      00733     endm
                      00734 dword_bit macro pDwordIn,pVarOut,pBitout
                      00735     byte_bit pDwordIn,pVarOut,pBitout
                      00736     endm
  0000                00737 variable CURRENT@PAGE = 0
  0000                00738 variable PDESTINATION@PAGE = 0
                      00739 FIND@PAGE macro pLabelIn
                      00740 local CURRENT_ADDR = $
                      00741 local DEST_ADDR = pLabelIn
                      00742 if((CURRENT_ADDR >= 0X1800) && (CURRENT_ADDR <= 0X2000))
                      00743     CURRENT@PAGE = 3
                      00744 endif
                      00745 if((CURRENT_ADDR >= 0X1000) && (CURRENT_ADDR <= 0X1800))
                      00746     CURRENT@PAGE = 2
                      00747 endif
                      00748 if((CURRENT_ADDR >= 0X0800) && (CURRENT_ADDR <= 0X1000))
                      00749     CURRENT@PAGE = 1
                      00750 endif
                      00751 if((CURRENT_ADDR >= 0) && (CURRENT_ADDR <= 0X0800))
                      00752     CURRENT@PAGE = 0
                      00753 endif
                      00754 if((DEST_ADDR >= 0X1800) && (DEST_ADDR <= 0X2000))
                      00755     PDESTINATION@PAGE = 3
                      00756 endif
                      00757 if((DEST_ADDR >= 0X1000) && (DEST_ADDR <= 0X1800))
                      00758     PDESTINATION@PAGE = 2
                      00759 endif
                      00760 if((DEST_ADDR >= 0X0800) && (DEST_ADDR <= 0X1000))
                      00761     PDESTINATION@PAGE = 1
                      00762 endif
                      00763 if((DEST_ADDR >= 0) && (DEST_ADDR <= 0X0800))
                      00764     PDESTINATION@PAGE = 0
                      00765 endif
                      00766     endm
                      00767 NUM_FSR macro pNumIn
                      00768     num_byte pNumIn, FSR
                      00769 if (((pNumIn >> 8) & 255) == 1)
                      00770     bsf STATUS,7
                      00771 else
                      00772     bcf STATUS,7
                      00773 endif
                      00774     endm
                      00775 label_word macro pLabelIn,pWordOut
                      00776     movlw low (pLabelIn)
                      00777     s@b pWordOut
                      00778     movwf pWordOut
                      00779     movlw high (pLabelIn)
                      00780     s@b pWordOut
                      00781     movwf pWordOut+1
                      00782     r@b
                      00783     endm
  00000020            00786 PBP#VAR0 = 32
  00000021            00787 PBP#VAR0H = 33
  00000022            00788 PP0 = 34
  00000023            00789 PP0H = 35
  00000024            00790 PP1 = 36
  00000025            00791 PP1H = 37
  00000026            00792 scroll = 38
  00000027            00793 scrollH = 39
  00000028            00794 dta = 40
  00000029            00795 col = 41
  0000002A            00796 row = 42
  0000002B            00797 scan = 43
                      00798 #define row_sh PORTB,0
                      00799 #define row_ds PORTB,1
                      00800 #define row_st PORTB,2
                      00801 #define col_sh PORTB,3
                      00802 #define col_ds PORTB,4
                      00803 #define col_st PORTB,5
                      00804 #define __XTAL 10
0000                  00805 proton#code#start
0000                  00806         org 0
0000   0000           00807         nop
0001   3000           00808         movlw (proton#main#start >> 8) & 255
0002   008A           00809         movwf 10
0003   283B           00810         goto proton#main#start
0004                  00811         org 4
0004                  00812 C@READ
0004   1683           00813         bsf 3,5
0005   1703           00814         bsf 3,6
0006   178C           00815         bsf 396,PP_EEPGD
0007   140C           00816         bsf 396,PP_RD
0008   0000           00817         nop
0009   0000           00818         nop
000A   1283           00819         bcf 3,5
000B   080C           00820         movf 268,W
000C   2837           00821         goto I@NT
000D                  00822 DL@MS
000D   01A5           00823         clrf 37
000E                  00824 DLY@W
000E   00A4           00825         movwf 36
000F                  00826 DLY@P
000F   30FF           00827         movlw 255
0010   07A4           00828         addwf 36,F
0011   1C03           00829         skpc
0012   07A5           00830         addwf 37,F
0013   1C03           00831         skpc
0014   2837           00832         goto I@NT
0015   3003           00833         movlw 3
0016   00A3           00834         movwf 35
0017   30E4           00835         movlw 228
0018   201B           00836         call DLUS@W
0019   280F           00837         goto DLY@P
001A                  00838 DL@US
001A   01A3           00839         clrf 35
001B                  00840 DLUS@W
001B   3EF6           00841         addlw 246
001C   00A2           00842         movwf 34
001D   09A3           00843         comf 35,F
001E   1C03           00844         skpc
001F   2826           00845         goto $ + 7
0020   30FE           00846         movlw 254
0021   0000           00847         nop
0022   07A2           00848         addwf 34,F
0023   1803           00849         skpnc
0024   2821           00850         goto $ - 3
0025   07A2           00851         addwf 34,F
0026   0000           00852         nop
0027   0FA3           00853         incfsz 35,F
0028   2820           00854         goto $ - 8
0029   0000           00855         nop
002A   1822           00856         btfsc 34,0
002B   282C           00857         goto $ + 1
002C   1822           00858         btfsc 34,0
002D   282E           00859         goto $ + 1
002E   0008           00860         return
002F   1003           00861         bcf 3,0
0030   0CA3           00862         rrf 35,F
0031   0CA2           00863         rrf 34,F
0032                  00864 R@SH
0032   3EFF           00865         addlw 255
0033   1803           00866         skpnc
0034   282F           00867         goto $ - 5
0035   0822           00868         movf 34,W
0036   2837           00869         goto I@NT
0037                  00870 I@NT
0037   1383           00871         bcf 3,7
0038                  00872 I@NT2
0038   1283           00873         bcf 3,5
0039   1303           00874         bcf 3,6
003A   0008           00875         return
003B                  00876 proton#main#start
003B   0183           00877         clrf 3

  0000003C            00880 F2_SOF equ $ ; DUAL 595.PRP
  0000003C            00881 F2_EOF equ $ ; DUAL 595.PRP
  0000003C            00882 F1_SOF equ $ ; DUAL 595.BAS
  0000003C            00883 F1_000003 equ $ ; IN [DUAL 595.BAS] TRISB = 0 : PORTB = 0
003C   1683           00884         bsf STATUS,5
  00000001            00885 ram_bank = 1
003D   0186           00886         clrf TRISB
003E   1283           00887         bcf STATUS,5
  00000000            00888 ram_bank = 0
003F   0186           00889         clrf PORTB
0040                  00890 main
  00000040            00891 F1_000019 equ $ ; IN [DUAL 595.BAS] FOR scan = 0 TO 50
0040   01AB           00892         clrf scan
0041                  00893 FR@LB2
0041   3033           00894         movlw 51
0042   022B           00895         subwf scan,W
                      00896         set@page NX@LB3
0045   1803           00897         btfsc STATUS,0
0046   2896           00898         goto NX@LB3
  00000047            00899 F1_000020 equ $ ; IN [DUAL 595.BAS] col_ds = 1 : col_sh = 1 : col_sh = 0 : col_st = 1 : col_st = 0
0047   1606           00900         bsf PORTB,4
0048   1586           00901         bsf PORTB,3
0049   1186           00902         bcf PORTB,3
004A   1686           00903         bsf PORTB,5
004B   1286           00904         bcf PORTB,5
  0000004C            00905 F1_000021 equ $ ; IN [DUAL 595.BAS] FOR col = 0 TO 7
004C   01A9           00906         clrf col
004D                  00907 FR@LB5
004D   3008           00908         movlw 8
004E   0229           00909         subwf col,W
                      00910         set@page NX@LB6
0051   1803           00911         btfsc STATUS,0
0052   2890           00912         goto NX@LB6
  00000053            00913 F1_000022 equ $ ; IN [DUAL 595.BAS] FOR row = 0 TO 7
0053   01AA           00914         clrf row
0054                  00915 FR@LB8
0054   3008           00916         movlw 8
0055   022A           00917         subwf row,W
                      00918         set@page NX@LB9
0058   1803           00919         btfsc STATUS,0
0059   2885           00920         goto NX@LB9
  0000005A            00921 F1_000023 equ $ ; IN [DUAL 595.BAS] dta =~ CREAD dta1 + col
005A   3000           00922         movlw ((dta1 >> 8) & 255)
005B   00A1           00923         movwf PBP#VAR0H
005C   3098           00924         movlw (dta1 & 255)
005D   00A0           00925         movwf PBP#VAR0
005E   0829           00926         movf col,W
005F   0720           00927         addwf PBP#VAR0,W
0060   1703           00928         bsf STATUS,6
  00000002            00929 ram_bank = 2
0061   008D           00930         movwf EEADR
0062   1303           00931         bcf STATUS,6
  00000000            00932 ram_bank = 0
0063   0821           00933         movf PBP#VAR0H,W
0064   1803           00934         btfsc STATUS,0
0065   3E01           00935         addlw 1
0066   1703           00936         bsf STATUS,6
  00000002            00937 ram_bank = 2
0067   008F           00938         movwf EEADRH
0068   1303           00939         bcf STATUS,6
  00000000            00940 ram_bank = 0
                      00941         f@call C@READ
006B   00A8           00942         movwf dta
006C   09A8           00943         comf dta,F
  0000006D            00944 F1_000024 equ $ ; IN [DUAL 595.BAS] row_ds = dta >> row
006D   01A3           00945         clrf PP0H
006E   0828           00946         movf dta,W
006F   00A2           00947         movwf PP0
0070   082A           00948         movf row,W
                      00949         f@call R@SH
0073   3901           00950         andlw 1
0074   1903           00951         btfsc STATUS,2
0075   1086           00952         bcf PORTB,1
0076   1D03           00953         btfss STATUS,2
0077   1486           00954         bsf PORTB,1
  00000078            00955 F1_000025 equ $ ; IN [DUAL 595.BAS] row_sh = 1 : row_sh = 0
0078   1406           00956         bsf PORTB,0
0079   1006           00957         bcf PORTB,0
  0000007A            00958 F1_000026 equ $ ; IN [DUAL 595.BAS] row_st = 1 : row_st = 0
007A   1506           00959         bsf PORTB,2
007B   1106           00960         bcf PORTB,2
  0000007C            00961 F1_000027 equ $ ; IN [DUAL 595.BAS] DELAYMS 1
007C   3001           00962         movlw 1
                      00963         f@call DL@MS
007F                  00964 CT@LB10
  0000007F            00965 F1_000028 equ $ ; IN [DUAL 595.BAS] NEXT row
007F   3001           00966         movlw 1
0080   07AA           00967         addwf row,F
                      00968         set@page FR@LB8
0083   1C03           00969         btfss STATUS,0
0084   2854           00970         goto FR@LB8
0085                  00971 NX@LB9
  00000085            00972 F1_000029 equ $ ; IN [DUAL 595.BAS] col_ds = 0 : col_sh = 1 : col_sh = 0 : col_st = 1 : col_st = 0
0085   1206           00973         bcf PORTB,4
0086   1586           00974         bsf PORTB,3
0087   1186           00975         bcf PORTB,3
0088   1686           00976         bsf PORTB,5
0089   1286           00977         bcf PORTB,5
008A                  00978 CT@LB7
  0000008A            00979 F1_000031 equ $ ; IN [DUAL 595.BAS] NEXT col
008A   3001           00980         movlw 1
008B   07A9           00981         addwf col,F
                      00982         set@page FR@LB5
008E   1C03           00983         btfss STATUS,0
008F   284D           00984         goto FR@LB5
0090                  00985 NX@LB6
0090                  00986 CT@LB4
  00000090            00987 F1_000032 equ $ ; IN [DUAL 595.BAS] NEXT scan
0090   3001           00988         movlw 1
0091   07AB           00989         addwf scan,F
                      00990         set@page FR@LB2
0094   1C03           00991         btfss STATUS,0
0095   2841           00992         goto FR@LB2
0096                  00993 NX@LB3
  00000096            00994 F1_000033 equ $ ; IN [DUAL 595.BAS] goto main
                      00995         F@JUMP main
0098                  00996 dta1
0098   007F           00997         DATA 127
0099   00FF           00998         DATA 255
009A   00CC           00999         DATA 204
009B   00CC           01000         DATA 204
009C   00CC           01001         DATA 204
009D   00FF           01002         DATA 255
009E   007F           01003         DATA 127
009F   0000           01004         DATA 0
  000000A0            01005 F1_EOF equ $ ; DUAL 595.BAS
00A0                  01006 PB@LB11
                      01007         F@JUMP PB@LB11
00A2                  01009 __EOF
2007   3F32           01037 __config HS_OSC & WDT_OFF & PWRTE_ON & BODEN_OFF & LVP_OFF & WRTE_ON & CP_OFF & DEBUG_OFF
                      01047         end
MPASM  5.42                               A.S   12-21-2015  2:16:42         PAGE  2


SYMBOL TABLE
  LABEL                             VALUE 

ACKDT                             00000005
ACKEN                             00000004
ACKSTAT                           00000006
ADCON0                            0000001F
ADCON1                            0000009F
ADCS0                             00000006
ADCS1                             00000007
ADDEN                             00000003
ADFM                              00000007
ADIE                              00000006
ADIF                              00000006
ADON                              00000000
ADRESH                            0000001E
ADRESL                            0000009E
ADRESLH                           0000001E
BANK0_END                         0X7F
BANK0_START                       0X20
BANK1_END                         0X00EF
BANK1_START                       0X00A0
BANK2_END                         0X016F
BANK2_START                       0X0110
BANK3_END                         0X01EF
BANK3_START                       0X0190
BCLIE                             00000003
BCLIF                             00000003
BF                                00000000
BIT_BIT                           
BIT_BYTE                          
BIT_DWORD                         
BIT_WORD                          
BIT_WREG                          
BODEN_OFF                         00003FBF
BODEN_ON                          00003FFF
BOREN_OFF                         00003FBF
BOREN_ON                          00003FFF
BRGH                              00000002
BYTE_BIT                          
BYTE_BYTE                         
BYTE_DWORD                        
BYTE_WORD                         
BYTE_WREG                         
C                                 00000000
C@READ                            00000004
CCP1CON                           00000017
CCP1IE                            00000002
CCP1IF                            00000002
CCP1M0                            00000000
CCP1M1                            00000001
CCP1M2                            00000002
CCP1M3                            00000003
CCP1X                             00000005
CCP1Y                             00000004
CCP2CON                           0000001D
CCP2IE                            00000000
CCP2IF                            00000000
CCP2M0                            00000000
CCP2M1                            00000001
CCP2M2                            00000002
CCP2M3                            00000003
CCP2X                             00000005
CCP2Y                             00000004
CCPR1H                            00000016
CCPR1L                            00000015
CCPR1LH                           00000016
CCPR2H                            0000001C
CCPR2L                            0000001B
CCPR2LH                           0000001C
CHS0                              00000003
CHS1                              00000004
CHS2                              00000005
CKE                               00000006
CKP                               00000004
COL                               00000029
COL_DS                            PORTB,4
COL_SH                            PORTB,3
COL_ST                            PORTB,5
CPD_OFF                           00003FFF
CPD_ON                            00003EFF
CP_ALL                            00000FCF
CP_HALF                           00001FDF
CP_OFF                            00003FFF
CP_UPPER_256                      00002FEF
CREN                              00000004
CSRC                              00000007
CT@LB10                           0000007F
CT@LB4                            00000090
CT@LB7                            0000008A
CURRENT@PAGE                      00000000
DATA_ADDRESS                      00000005
DC                                00000001
DEBUG_OFF                         00003FFF
DEBUG_ON                          000037FF
DEST@PAGE                         00000000
DL@MS                             0000000D
DL@US                             0000001A
DLUS@W                            0000001B
DLY@P                             0000000F
DLY@W                             0000000E
DTA                               00000028
DTA1                              00000098
DWORD_BIT                         
DWORD_BYTE                        
DWORD_DWORD                       
DWORD_WORD                        
DWORD_WREG                        
D_A                               00000005
EEADR                             0000010D
EEADRH                            0000010F
EECON1                            0000018C
EECON2                            0000018D
EEDAT                             0000010C
EEDATA                            0000010C
EEDATH                            0000010E
EEDATL                            0000010C
EEDATLH                           0000010E
EEIE                              00000004
EEIF                              00000004
EEPGD                             00000007
F1_000003                         0000003C
F1_000019                         00000040
F1_000020                         00000047
F1_000021                         0000004C
F1_000022                         00000053
F1_000023                         0000005A
F1_000024                         0000006D
F1_000025                         00000078
F1_000026                         0000007A
F1_000027                         0000007C
F1_000028                         0000007F
F1_000029                         00000085
F1_000031                         0000008A
F1_000032                         00000090
F1_000033                         00000096
F1_EOF                            000000A0
F1_SOF                            0000003C
F2_EOF                            0000003C
F2_SOF                            0000003C
F@CALL                            
F@JUMP                            
FERR                              00000002
FIND@PAGE                         
FOSC_EXTRC                        00003FFF
FOSC_HS                           00003FFE
FOSC_LP                           00003FFC
FOSC_XT                           00003FFD
FR@LB2                            00000041
FR@LB5                            0000004D
FR@LB8                            00000054
FSR                               00000004
GCEN                              00000007
GIE                               00000007
GO                                00000002
GO_DONE                           00000002
HS_OSC                            00003FFE
I2C_DATA                          00000005
I2C_READ                          00000002
I2C_START                         00000003
I2C_STOP                          00000004
I@NT                              00000037
I@NT2                             00000038
INDF                              00000000
INTCON                            0000000B
INTE                              00000004
INTEDG                            00000006
INTF                              00000001
IRP                               00000007
JUMP                              
LABEL_WORD                        
LCD#TYPE                          0
LP_OSC                            00003FFC
LVP_OFF                           00003F7F
LVP_ON                            00003FFF
MAIN                              00000040
NOT_A                             00000005
NOT_ADDRESS                       00000005
NOT_BO                            00000000
NOT_BOR                           00000000
NOT_DONE                          00000002
NOT_PD                            00000003
NOT_POR                           00000001
NOT_RBPU                          00000007
NOT_RC8                           00000006
NOT_T1SYNC                        00000002
NOT_TO                            00000004
NOT_TX8                           00000006
NOT_W                             00000002
NOT_WRITE                         00000002
NUM_BIT                           
NUM_BYTE                          
NUM_DWORD                         
NUM_FSR                           
NUM_WORD                          
NUM_WREG                          
NX@LB3                            00000096
NX@LB6                            00000090
NX@LB9                            00000085
OERR                              00000001
OPTION_REG                        00000081
PB@LB11                           000000A0
PBP#VAR0                          00000020
PBP#VAR0H                         00000021
PCFG0                             00000000
PCFG1                             00000001
PCFG2                             00000002
PCFG3                             00000003
PCL                               00000002
PCLATH                            0000000A
PCON                              0000008E
PDESTINATION@PAGE                 00000000
PEIE                              00000006
PEN                               00000002
PIE1                              0000008C
PIE2                              0000008D
PIR1                              0000000C
PIR2                              0000000D
PORTA                             00000005
PORTB                             00000006
PORTC                             00000007
PP0                               00000022
PP0H                              00000023
PP1                               00000024
PP1H                              00000025
PP_ACKDT                          00000005
PP_ACKEN                          00000004
PP_ACKSTAT                        00000006
PP_BF                             00000000
PP_CREN                           00000004
PP_EEPGD                          00000007
PP_GO_DONE                        00000002
PP_OERR                           00000001
PP_PEN                            00000002
PP_RCEN                           00000003
PP_RCIF                           00000005
PP_RD                             00000000
PP_RSEN                           00000001
PP_R_W                            00000002
PP_SEN                            00000000
PP_T2CKPS0                        00000000
PP_T2CKPS1                        00000001
PP_TMR2ON                         00000002
PP_TXIF                           00000004
PP_WR                             00000001
PP_WREN                           00000002
PP_WRERR                          00000003
PR2                               00000092
PROTON#CODE#START                 00000000
PROTON#MAIN#START                 0000003B
PS0                               00000000
PS1                               00000001
PS2                               00000002
PSA                               00000003
PWRTE_OFF                         00003FFF
PWRTE_ON                          00003FF7
R@B                               
R@SH                              00000032
RAM_BANK                          00000000
RAM_BANKS                         4
RBIE                              00000003
RBIF                              00000000
RC8_9                             00000006
RC9                               00000006
RCD8                              00000000
RCEN                              00000003
RCIE                              00000005
RCIF                              00000005
RCREG                             0000001A
RCSTA                             00000018
RC_OSC                            00003FFF
RD                                00000000
READ_WRITE                        00000002
ROW                               0000002A
ROW_DS                            PORTB,1
ROW_SH                            PORTB,0
ROW_ST                            PORTB,2
RP0                               00000005
RP1                               00000006
RSEN                              00000001
RX9                               00000006
RX9D                              00000000
R_W                               00000002
S@B                               
SCAN                              0000002B
SCROLL                            00000026
SCROLLH                           00000027
SEN                               00000000
SET@PAGE                          
SMP                               00000007
SPBRG                             00000099
SPEN                              00000007
SREN                              00000005
SSPADD                            00000093
SSPBUF                            00000013
SSPCON                            00000014
SSPCON2                           00000091
SSPEN                             00000005
SSPIE                             00000003
SSPIF                             00000003
SSPM0                             00000000
SSPM1                             00000001
SSPM2                             00000002
SSPM3                             00000003
SSPOV                             00000006
SSPSTAT                           00000094
STATUS                            00000003
SYNC                              00000004
T0CS                              00000005
T0IE                              00000005
T0IF                              00000002
T0SE                              00000004
T1CKPS0                           00000004
T1CKPS1                           00000005
T1CON                             00000010
T1INSYNC                          00000002
T1OSCEN                           00000003
T1SYNC                            00000002
T2CKPS0                           00000000
T2CKPS1                           00000001
T2CON                             00000012
TMR0                              00000001
TMR1CS                            00000001
TMR1H                             0000000F
TMR1IE                            00000000
TMR1IF                            00000000
TMR1L                             0000000E
TMR1LH                            0000000F
TMR1ON                            00000000
TMR2                              00000011
TMR2IE                            00000001
TMR2IF                            00000001
TMR2ON                            00000002
TOUTPS0                           00000003
TOUTPS1                           00000004
TOUTPS2                           00000005
TOUTPS3                           00000006
TRISA                             00000085
TRISB                             00000086
TRISC                             00000087
TRMT                              00000001
TX8_9                             00000006
TX9                               00000006
TX9D                              00000000
TXD8                              00000000
TXEN                              00000005
TXIE                              00000004
TXIF                              00000004
TXREG                             00000019
TXSTA                             00000098
UA                                00000001
WCOL                              00000007
WDTE_OFF                          00003FFB
WDTE_ON                           00003FFF
WDT_OFF                           00003FFB
WDT_ON                            00003FFF
WORD_BIT                          
WORD_BYTE                         
WORD_DWORD                        
WORD_WORD                         
WORD_WREG                         
WR                                00000001
WREG_BIT                          
WREG_BYTE                         
WREG_DWORD                        
WREG_WORD                         
WREN                              00000002
WRERR                             00000003
WRTE_OFF                          00003DFF
WRTE_ON                           00003FFF
WRT_ENABLE_OFF                    00003DFF
WRT_ENABLE_ON                     00003FFF
WRT_OFF                           00003DFF
WRT_ON                            00003FFF
XTAL                              10
XT_OSC                            00003FFD
Z                                 00000002
_ADC                              5
_ADC_RES                          10
_BANKS                            3
_CORE                             14
_CWRITE_BLOCK                     1
_EEPROM                           256
_FLASH                            1
_I2C_SCL_PIN                      00000003
_I2C_SCL_PORT                     00000087
_I2C_SDA_PIN                      00000004
_I2C_SDA_PORT                     00000087
_MAXMEM                           8192
_MAXRAM                           368
_PAGES                            4
_RAM_END                          0X0170
_SYSTEM_VARIABLE_COUNT            6
_USART                            1
_USB                              0
__16F876                          1
__EOF                             000000A2
__XTAL                            10


MEMORY USAGE MAP ('X' = USED,  '-' = UNUSED)

0000 : XXXXXXXXXXXXXXXX XXXXXXXXXXXXXXXX XXXXXXXXXXXXXXXX XXXXXXXXXXXXXXXX
0040 : XXXXXXXXXXXXXXXX XXXXXXXXXXXXXXXX XXXXXXXXXXXXXXXX XXXXXXXXXXXXXXXX
0080 : XXXXXXXXXXXXXXXX XXXXXXXXXXXXXXXX XX-------------- ----------------
2000 : -------X-------- ---------------- ---------------- ----------------

ALL OTHER MEMORY BLOCKS UNUSED.

PROGRAM MEMORY WORDS USED:   162
PROGRAM MEMORY WORDS FREE:  8030


ERRORS   :     0
WARNINGS :     0 REPORTED,    83 SUPPRESSED
MESSAGES :     1 REPORTED,     7 SUPPRESSED


