MPASM  5.42                               A.S   11-25-2016  16:19:19         PAGE  1


LOC  OBJECT CODE     LINE SOURCE TEXT
  VALUE


                      00002         list
                      00003 ;{
                      00004 ;FILE F1 = D:\1. ELECTRONICS\ANTOR'S CORNER\TANVIR BHAI\PROJECTS\11. HOME SECURITY SYSTEM ADVANCED\GSM\G
                            SM.BAS
                      00005 ;FILE F2 = D:\1. ELECTRONICS\ANTOR'S CORNER\TANVIR BHAI\PROJECTS\11. HOME SECURITY SYSTEM ADVANCED\GSM\G
                            SM.PRP
                      00006 ;FILE F3 = D:\1. ELECTRONICS\ANTOR'S CORNER\TANVIR BHAI\PROJECTS\11. HOME SECURITY SYSTEM ADVANCED\GSM\G
                            SM_INIT.INC
                      00007 ;}
                      00008 ;[Variable Listing]
                      00009 ;password,0035,DT_BYTE,8
                      00010 ;receiver,003D,DT_BYTE,11
                      00011 ;number,0048,DT_BYTE,11
                      00012 ;msg,0053,DT_BYTE,8
                      00013 ;ctrl,005B,DT_BYTE,2
                      00014 ;X,005D,DT_BYTE,1
                      00015 ;GSM_in,0007.3,DT_BIT
                      00016 ;GSM_out,0007.2,DT_BIT
                      00017 ;[End Listing]
                      00018 ;[TOTAL VARS] 62

                      00020 #define CONFIG_REQ 1
MESSAGE[308]: WARNING LEVEL SUPERSEDED BY COMMAND LINE VALUE. (2)
                      00021  LIST  P = 16F73, F = INHX8M, W = 2, X = ON, R = DEC, MM = ON, N = 0, C = 255
  00000000            00022 INDF equ 0X0000
  00000001            00023 TMR0 equ 0X0001
  00000002            00024 PCL equ 0X0002
  00000003            00025 STATUS equ 0X0003
  00000004            00026 FSR equ 0X0004
  00000005            00027 PORTA equ 0X0005
  00000006            00028 PORTB equ 0X0006
  00000007            00029 PORTC equ 0X0007
  0000000A            00030 PCLATH equ 0X000A
  0000000B            00031 INTCON equ 0X000B
  0000000C            00032 PIR1 equ 0X000C
  0000000D            00033 PIR2 equ 0X000D
  0000000E            00034 TMR1L equ 0X000E
  0000000F            00035 TMR1LH equ 0X000F
  0000000F            00036 TMR1H equ 0X000F
  00000010            00037 T1CON equ 0X0010
  00000011            00038 TMR2 equ 0X0011
  00000012            00039 T2CON equ 0X0012
  00000013            00040 SSPBUF equ 0X0013
  00000014            00041 SSPCON equ 0X0014
  00000015            00042 CCPR1L equ 0X0015
  00000016            00043 CCPR1LH equ 0X0016
  00000016            00044 CCPR1H equ 0X0016
  00000017            00045 CCP1CON equ 0X0017
  00000018            00046 RCSTA equ 0X0018
  00000019            00047 TXREG equ 0X0019
  0000001A            00048 RCREG equ 0X001A
  0000001B            00049 CCPR2L equ 0X001B
  0000001C            00050 CCPR2LH equ 0X001C
  0000001C            00051 CCPR2H equ 0X001C
  0000001D            00052 CCP2CON equ 0X001D
  0000001E            00053 ADRES equ 0X001E
  0000001F            00054 ADCON0 equ 0X001F
  00000081            00055 OPTION_REG equ 0X0081
  00000085            00056 TRISA equ 0X0085
  00000086            00057 TRISB equ 0X0086
  00000087            00058 TRISC equ 0X0087
  0000008C            00059 PIE1 equ 0X008C
  0000008D            00060 PIE2 equ 0X008D
  0000008E            00061 PCON equ 0X008E
  00000092            00062 PR2 equ 0X0092
  00000093            00063 SSPADD equ 0X0093
  00000094            00064 SSPSTAT equ 0X0094
  00000098            00065 TXSTA equ 0X0098
  00000099            00066 SPBRG equ 0X0099
  0000009F            00067 ADCON1 equ 0X009F
  0000010C            00068 EEDATL equ 0X010C
  0000010C            00069 PMDATL equ 0X010C
  0000010C            00070 EEDATA equ 0X010C
  0000010C            00071 EEDAT equ 0X010C
  0000010C            00072 PMDATA equ 0X010C
  0000010D            00073 EEADR equ 0X010D
  0000010D            00074 PMADR equ 0X010D
  0000010E            00075 EEDATLH equ 0X010E
  0000010E            00076 PMDATLH equ 0X010E
  0000010E            00077 EEDATH equ 0X010E
  0000010E            00078 PMDATH equ 0X010E
  0000010F            00079 EEADRH equ 0X010F
  0000010F            00080 PMADRH equ 0X010F
  0000018C            00081 EECON1 equ 0X018C
  0000018C            00082 PMCON1 equ 0X018C
  00000087            00083 _I2C_SCL_PORT=TRISC
  00000003            00084 _I2C_SCL_PIN=3
  00000087            00085 _I2C_SDA_PORT=TRISC
  00000004            00086 _I2C_SDA_PIN=4
  00000007            00087 IRP=7
  00000006            00088 RP1=6
  00000005            00089 RP0=5
  00000004            00090 NOT_TO=4
  00000003            00091 NOT_PD=3
  00000002            00092 Z=2
  00000001            00093 DC=1
  00000000            00094 C=0
  00000007            00095 GIE=7
  00000006            00096 PEIE=6
  00000005            00097 T0IE=5
  00000004            00098 INTE=4
  00000003            00099 RBIE=3
  00000002            00100 T0IF=2
  00000001            00101 INTF=1
  00000000            00102 RBIF=0
  00000006            00103 ADIF=6
  00000005            00104 RCIF=5
  00000005            00105 PP_RCIF=5
  00000004            00106 TXIF=4
  00000004            00107 PP_TXIF=4
  00000003            00108 SSPIF=3
  00000002            00109 CCP1IF=2
  00000001            00110 TMR2IF=1
  00000000            00111 TMR1IF=0
  00000000            00112 CCP2IF=0
  00000005            00113 T1CKPS1=5
  00000004            00114 T1CKPS0=4
  00000003            00115 T1OSCEN=3
  00000002            00116 NOT_T1SYNC=2
  00000002            00117 T1INSYNC=2
  00000001            00118 TMR1CS=1
  00000000            00119 TMR1ON=0
  00000006            00120 TOUTPS3=6
  00000005            00121 TOUTPS2=5
  00000004            00122 TOUTPS1=4
  00000003            00123 TOUTPS0=3
  00000002            00124 TMR2ON=2
  00000002            00125 PP_TMR2ON=2
  00000001            00126 T2CKPS1=1
  00000001            00127 PP_T2CKPS1=1
  00000000            00128 T2CKPS0=0
  00000000            00129 PP_T2CKPS0=0
  00000007            00130 WCOL=7
  00000006            00131 SSPOV=6
  00000005            00132 SSPEN=5
  00000004            00133 CKP=4
  00000003            00134 SSPM3=3
  00000002            00135 SSPM2=2
  00000001            00136 SSPM1=1
  00000000            00137 SSPM0=0
  00000005            00138 CCP1X=5
  00000004            00139 CCP1Y=4
  00000003            00140 CCP1M3=3
  00000002            00141 CCP1M2=2
  00000001            00142 CCP1M1=1
  00000000            00143 CCP1M0=0
  00000007            00144 SPEN=7
  00000006            00145 RX9=6
  00000006            00146 RC9=6
  00000006            00147 NOT_RC8=6
  00000006            00148 RC8_9=6
  00000005            00149 SREN=5
  00000004            00150 CREN=4
  00000004            00151 PP_CREN=4
  00000002            00152 FERR=2
  00000001            00153 OERR=1
  00000001            00154 PP_OERR=1
  00000000            00155 RX9D=0
  00000000            00156 RCD8=0
  00000005            00157 CCP2X=5
  00000004            00158 CCP2Y=4
  00000003            00159 CCP2M3=3
  00000002            00160 CCP2M2=2
  00000001            00161 CCP2M1=1
  00000000            00162 CCP2M0=0
  00000007            00163 ADCS1=7
  00000006            00164 ADCS0=6
  00000005            00165 CHS2=5
  00000004            00166 CHS1=4
  00000003            00167 CHS0=3
  00000002            00168 GO=2
  00000002            00169 NOT_DONE=2
  00000002            00170 GO_DONE=2
  00000002            00171 PP_GO_DONE=2
  00000000            00172 ADON=0
  00000007            00173 NOT_RBPU=7
  00000006            00174 INTEDG=6
  00000005            00175 T0CS=5
  00000004            00176 T0SE=4
  00000003            00177 PSA=3
  00000002            00178 PS2=2
  00000001            00179 PS1=1
  00000000            00180 PS0=0
  00000006            00181 ADIE=6
  00000005            00182 RCIE=5
  00000004            00183 TXIE=4
  00000003            00184 SSPIE=3
  00000002            00185 CCP1IE=2
  00000001            00186 TMR2IE=1
  00000000            00187 TMR1IE=0
  00000000            00188 CCP2IE=0
  00000001            00189 NOT_POR=1
  00000000            00190 NOT_BO=0
  00000000            00191 NOT_BOR=0
  00000007            00192 SMP=7
  00000006            00193 CKE=6
  00000005            00194 I2C_DATA=5
  00000005            00195 NOT_A=5
  00000005            00196 NOT_ADDRESS=5
  00000005            00197 D_A=5
  00000005            00198 DATA_ADDRESS=5
  00000004            00199 I2C_STOP=4
  00000003            00200 I2C_START=3
  00000002            00201 I2C_READ=2
  00000002            00202 NOT_W=2
  00000002            00203 NOT_WRITE=2
  00000002            00204 R_W=2
  00000002            00205 PP_R_W=2
  00000002            00206 READ_WRITE=2
  00000001            00207 UA=1
  00000000            00208 BF=0
  00000000            00209 PP_BF=0
  00000007            00210 CSRC=7
  00000006            00211 TX9=6
  00000006            00212 NOT_TX8=6
  00000006            00213 TX8_9=6
  00000005            00214 TXEN=5
  00000004            00215 SYNC=4
  00000002            00216 BRGH=2
  00000001            00217 TRMT=1
  00000000            00218 TX9D=0
  00000000            00219 TXD8=0
  00000002            00220 PCFG2=2
  00000001            00221 PCFG1=1
  00000000            00222 PCFG0=0
  00000000            00223 RD=0
  00000000            00224 PP_RD=0
  000001FF            00225   __MAXRAM 0X1FF
                      00226   __BADRAM 0X08-0X09
                      00227   __BADRAM 0X88-0X89, 0X8F-0X91, 0X95-0X97, 0X9A-0X9E
                      00228   __BADRAM 0X105, 0X107-0X109, 0X110-0X11F
                      00229   __BADRAM 0X185, 0X187-0X189, 0X18D-0X19F
  00003FFF            00230 BODEN_ON equ 0X3FFF
  00003FBF            00231 BODEN_OFF equ 0X3FBF
  00003FEF            00232 CP_ALL equ 0X3FEF
  00003FFF            00233 CP_OFF equ 0X3FFF
  00003FFF            00234 PWRTE_OFF equ 0X3FFF
  00003FF7            00235 PWRTE_ON equ 0X3FF7
  00003FFF            00236 WDT_ON equ 0X3FFF
  00003FFB            00237 WDT_OFF equ 0X3FFB
  00003FFC            00238 LP_OSC equ 0X3FFC
  00003FFD            00239 XT_OSC equ 0X3FFD
  00003FFE            00240 HS_OSC equ 0X3FFE
  00003FFF            00241 RC_OSC equ 0X3FFF
  00003FBF            00242 BOREN_OFF equ 0X3FBF
  00003FFF            00243 BOREN_ON equ 0X3FFF
  00003FEF            00244 CP_ON equ 0X3FEF
  00003FFE            00245 FOSC_HS equ 0X3FFE
  00003FFC            00246 FOSC_LP equ 0X3FFC
  00003FFF            00247 FOSC_RC equ 0X3FFF
  00003FFD            00248 FOSC_XT equ 0X3FFD
  00003FFB            00249 WDTE_OFF equ 0X3FFB
  00003FFF            00250 WDTE_ON equ 0X3FFF

                      00254 #define __16F73 1
                      00255 #define XTAL 20
                      00256 #define _CORE 14
                      00257 #define _MAXRAM 192
                      00258 #define _RAM_END 0X00C0
                      00259 #define _MAXMEM 4096
                      00260 #define _ADC 5
                      00261 #define _ADC_RES 8
                      00262 #define _EEPROM 0
                      00263 #define _PAGES 2
                      00264 #define _BANKS 3
                      00265 #define RAM_BANKS 2
                      00266 #define _USART 1
                      00267 #define _USB 0
                      00268 #define _FLASH 2
                      00269 #define _CWRITE_BLOCK 0
                      00270 #define BANK0_START 0X20
                      00271 #define BANK0_END 0X7F
                      00272 #define BANK1_START 0X00A0
                      00273 #define BANK1_END 0X00FF
                      00274 #define BANK2_START 0X0110
                      00275 #define BANK2_END 0X0120
                      00276 #define BANK3_START 0X0190
                      00277 #define BANK3_END 0X01A0
                      00278 #define _SYSTEM_VARIABLE_COUNT 21
  00000000            00279 ram_bank = 0
  00000000            00280 CURRENT@PAGE = 0
  00000000            00281 DEST@PAGE = 0
                      00282 #define LCD#TYPE 0
                      00284 f@call macro PDEST
                      00285 if(PDEST < 1)
                      00286 if((PDEST & 2048) == 0)
                      00287         bcf 10,3
                      00288 else
                      00289         bsf 10,3
                      00290 endif
                      00291 else
                      00292 if(PDEST > $)
                      00293 if((PDEST & 2048) == 0)
                      00294         bcf 10,3
                      00295 else
                      00296         bsf 10,3
                      00297 endif
                      00298 else
                      00299 if((PDEST & 6144) == 0)
                      00300         clrf 10
                      00301 else
                      00302 if((PDEST & 2048) == 0)
                      00303         bcf 10,3
                      00304 else
                      00305         bsf 10,3
                      00306 endif
                      00307 endif
                      00308 endif
                      00309 endif
                      00310         call PDEST
                      00311         endm
                      00312 F@JUMP macro PDEST
                      00313 if(PDEST < 1)
                      00314 if((PDEST & 2048) == 0)
                      00315         bcf 10,3
                      00316 else
                      00317         bsf 10,3
                      00318 endif
                      00319 else
                      00320 if(PDEST > $)
                      00321 if((PDEST & 2048) == 0)
                      00322         bcf 10,3
                      00323 else
                      00324         bsf 10,3
                      00325 endif
                      00326 else
                      00327 if((PDEST & 6144) == 0)
                      00328         clrf 10
                      00329 else
                      00330 if((PDEST & 2048) == 0)
                      00331         bcf 10,3
                      00332 else
                      00333         bsf 10,3
                      00334 endif
                      00335 endif
                      00336 endif
                      00337 endif
                      00338         goto PDEST
                      00339         endm
                      00340 set@page macro PDEST
                      00341 if((PDEST & 2048) == 0)
                      00342         bcf 10,3
                      00343 else
                      00344         bsf 10,3
                      00345 endif
                      00346         endm
                      00347 s@b     macro pVarin
                      00348 if((pVarin & 384) == 0)
                      00349 if(ram_bank == 1)
                      00350         bcf 3,5
                      00351 endif
                      00352 if(ram_bank == 2)
                      00353         bcf 3,6
                      00354 endif
                      00355 if(ram_bank == 3)
                      00356         bcf 3,5
                      00357         bcf 3,6
                      00358 endif
                      00359 ram_bank = 0
                      00360 endif
                      00361 if((pVarin & 384) == 128)
                      00362 if(ram_bank == 0)
                      00363         bsf 3,5
                      00364 endif
                      00365 if(ram_bank == 2)
                      00366         bsf 3,5
                      00367         bcf 3,6
                      00368 endif
                      00369 if(ram_bank == 3)
                      00370         bcf 3,6
                      00371 endif
                      00372 ram_bank = 1
                      00373 endif
                      00374 if((pVarin & 384) == 256)
                      00375 if(ram_bank == 0)
                      00376         bsf 3,6
                      00377 endif
                      00378 if(ram_bank == 1)
                      00379         bcf 3,5
                      00380         bsf 3,6
                      00381 endif
                      00382 if(ram_bank == 3)
                      00383         bcf 3,5
                      00384 endif
                      00385 ram_bank = 2
                      00386 endif
                      00387 if((pVarin & 384) == 384)
                      00388 if(ram_bank == 0)
                      00389         bsf 3,5
                      00390         bsf 3,6
                      00391 endif
                      00392 if(ram_bank == 1)
                      00393         bsf 3,6
                      00394 endif
                      00395 if(ram_bank == 2)
                      00396         bsf 3,5
                      00397 endif
                      00398 ram_bank = 3
                      00399 endif
                      00400         endm
                      00401 r@b     macro
                      00402 if((ram_bank & 1) != 0)
                      00403         bcf 3,5
                      00404 endif
                      00405 if((ram_bank & 2) != 0)
                      00406         bcf 3,6
                      00407 endif
                      00408 ram_bank = 0
                      00409         endm
                      00410 jump macro PLABEL
                      00411     goto PLABEL
                      00412     endm
                      00413 wreg_byte macro pByteOut
                      00414     s@b pByteOut
                      00415     movwf pByteOut
                      00416     r@b
                      00417     endm
                      00418 wreg_bit macro pVarOut,pBitout
                      00419     s@b pVarOut
                      00420     andlw 1
                      00421     btfsc STATUS,2
                      00422     bcf pVarOut,pBitout
                      00423     btfss STATUS,2
                      00424     bsf pVarOut,pBitout
                      00425     r@b
                      00426     endm
                      00427 wreg_word macro pWordOut
                      00428     s@b pWordOut
                      00429     movwf pWordOut
                      00430     s@b pWordOut+1
                      00431     clrf pWordOut+1
                      00432     r@b
                      00433     endm
                      00434 wreg_dword macro pDwordOut
                      00435     s@b pDwordOut+3
                      00436     clrf pDwordOut+3
                      00437     s@b pDwordOut+2
                      00438     clrf pDwordOut+2
                      00439     s@b pDwordOut+1
                      00440     clrf pDwordOut+1
                      00441     s@b pDwordOut
                      00442     movwf pDwordOut
                      00443     r@b
                      00444     endm
                      00445 byte_wreg macro pByteIn
                      00446     s@b pByteIn
                      00447     movf pByteIn,W
                      00448     r@b
                      00449     endm
                      00450 num_wreg macro pNumIn
                      00451     movlw (pNumIn & 255)
                      00452     endm
                      00453 num_byte macro pNumIn,pByteOut
                      00454     s@b pByteOut
                      00455 if(pNumIn == 0)
                      00456     clrf pByteOut
                      00457 else
                      00458     movlw (pNumIn & 255)
                      00459     movwf pByteOut
                      00460 endif
                      00461     r@b
                      00462     endm
                      00463 num_bit macro pNumIn,pVarOut,pBitout
                      00464     s@b pVarOut
                      00465 if((pNumIn & 1) == 1)
                      00466     bsf pVarOut,pBitout
                      00467 else
                      00468     bcf pVarOut,pBitout
                      00469 endif
                      00470     r@b
                      00471     endm
                      00472 num_word macro pNumIn,pWordOut
                      00473 if((pNumIn & 255) == 0)
                      00474     s@b pWordOut
                      00475     clrf pWordOut
                      00476 else
                      00477     s@b pWordOut
                      00478     movlw low (pNumIn)
                      00479     movwf pWordOut
                      00480 endif
                      00481 if(((pNumIn >> 8) & 255) == 0)
                      00482     s@b pWordOut+1
                      00483     clrf pWordOut+1
                      00484 else
                      00485     s@b pWordOut+1
                      00486     movlw high (pNumIn)
                      00487     movwf pWordOut+1
                      00488 endif
                      00489     r@b
                      00490     endm
                      00491 num_dword macro pNumIn,pDwordOut
                      00492 if ((pNumIn >> 24 & 255) == 0)
                      00493     s@b pDwordOut+3
                      00494     clrf pDwordOut+3
                      00495 else
                      00496     s@b pDwordOut+3
                      00497     movlw ((pNumIn >> 24) & 255)
                      00498     movwf pDwordOut+3
                      00499 endif
                      00500 if( ((pNumIn >> 16) & 255) == 0)
                      00501     s@b pDwordOut+2
                      00502     clrf pDwordOut+2
                      00503 else
                      00504     s@b pDwordOut+2
                      00505     movlw ((pNumIn >> 16) & 255)
                      00506     movwf pDwordOut+2
                      00507 endif
                      00508 if( ((pNumIn >> 8) & 255) == 0)
                      00509     s@b pDwordOut+1
                      00510     clrf pDwordOut+1
                      00511 else
                      00512     s@b pDwordOut+1
                      00513     movlw high (pNumIn)
                      00514     movwf pDwordOut+1
                      00515 endif
                      00516 if((pNumIn & 255) == 0)
                      00517     s@b pDwordOut
                      00518     clrf pDwordOut
                      00519 else
                      00520     s@b pDwordOut
                      00521     movlw low (pNumIn)
                      00522     movwf pDwordOut
                      00523 endif
                      00524     r@b
                      00525     endm
                      00526 bit_wreg macro pVarin,pBitIn
                      00527     s@b pVarin
                      00528     clrw
                      00529     btfsc pVarin,pBitIn
                      00530     movlw 1
                      00531     r@b
                      00532     endm
                      00533 bit_byte macro pVarin,pBitIn,pByteOut
                      00534     s@b pVarin
                      00535     clrw
                      00536     btfsc pVarin,pBitIn
                      00537     movlw 1
                      00538     s@b pByteOut
                      00539     movwf pByteOut
                      00540     r@b
                      00541     endm
                      00542 bit_bit macro pVarin,pBitIn,pVarOut,pBitout
                      00543 if((pVarin & 65408) == (pVarOut & 65408))
                      00544     s@b pVarOut
                      00545     btfsc pVarin,pBitIn
                      00546     bsf pVarOut,pBitout
                      00547     btfss pVarin,pBitIn
                      00548     bcf pVarOut,pBitout
                      00549 else
                      00550     s@b pVarin
                      00551     clrdc
                      00552     btfsc pVarin,pBitIn
                      00553     setdc
                      00554     s@b pVarOut
                      00555     skpndc
                      00556     bsf pVarOut,pBitout
                      00557     skpdc
                      00558     bcf pVarOut,pBitout
                      00559 endif
                      00560     endm
                      00561 bit_word macro pVarin,pBitIn,pWordOut
                      00562     s@b pWordOut+1
                      00563     clrf pWordOut+1
                      00564     bit_byte pVarin,pBitIn,pWordOut
                      00565     endm
                      00566 bit_dword macro pVarin,pBitIn,pDwordOut
                      00567     s@b pDwordOut+3
                      00568     clrf pDwordOut+3
                      00569     s@b pDwordOut+2
                      00570     clrf pDwordOut+2
                      00571     s@b pDwordOut+1
                      00572     clrf pDwordOut+1
                      00573     bit_byte pVarin,pBitIn,pDwordOut
                      00574     endm
                      00575 word_wreg macro pWordIn
                      00576     byte_wreg pWordIn
                      00577     endm
                      00578 word_byte macro pWordIn,pByteOut
                      00579     byte_byte pWordIn,pByteOut
                      00580     endm
                      00581 word_bit macro pWordIn,pVarOut,pBitout
                      00582     byte_bit pWordIn, pVarOut, pBitout
                      00583     endm
                      00584 word_word macro pWordIn,pWordOut
                      00585     s@b pWordIn+1
                      00586     movf pWordIn+1,W
                      00587     s@b pWordOut+1
                      00588     movwf pWordOut+1
                      00589     byte_byte pWordIn,pWordOut
                      00590     endm
                      00591 word_dword macro pWordIn,pDwordOut
                      00592     s@b pDwordOut+3
                      00593     clrf pDwordOut+3
                      00594     s@b pDwordOut+2
                      00595     clrf pDwordOut+2
                      00596     byte_byte pWordIn+1,pDwordOut+1
                      00597     byte_byte pWordIn,pDwordOut
                      00598     endm
                      00599 byte_byte macro pByteIn,pByteOut
                      00600     s@b pByteIn
                      00601     movf pByteIn,W
                      00602     s@b pByteOut
                      00603     movwf pByteOut
                      00604     r@b
                      00605     endm
                      00606 byte_word macro pByteIn,pWordOut
                      00607     s@b pWordOut+1
                      00608     clrf pWordOut+1
                      00609     byte_byte pByteIn,pWordOut
                      00610     endm
                      00611 byte_dword macro pByteIn,pDwordOut
                      00612     s@b pDwordOut+3
                      00613     clrf pDwordOut+3
                      00614     s@b pDwordOut+2
                      00615     clrf pDwordOut+2
                      00616     s@b pDwordOut+1
                      00617     clrf pDwordOut+1
                      00618     byte_byte pByteIn,pDwordOut
                      00619     endm
                      00620     byte_bit macro pByteIn,pVarOut,pBitout
                      00621 if((pByteIn & 65408) == (pVarOut & 65408))
                      00622     s@b pByteIn
                      00623     btfsc pByteIn,0
                      00624     bsf pVarOut,pBitout
                      00625     btfss pByteIn,0
                      00626     bcf pVarOut,pBitout
                      00627 else
                      00628     s@b pByteIn
                      00629     rrf pByteIn,W
                      00630     s@b pVarOut
                      00631     skpnc
                      00632     bsf pVarOut,pBitout
                      00633     skpc
                      00634     bcf pVarOut,pBitout
                      00635 endif
                      00636     r@b
                      00637     endm
                      00638 dword_wreg macro pDwordIn
                      00639     byte_wreg pDwordIn
                      00640     endm
                      00641 dword_byte macro pDwordIn,pByteOut
                      00642     byte_byte pDwordIn,pByteOut
                      00643     endm
                      00644 dword_word macro pDwordIn,pWordOut
                      00645     s@b pDwordIn+1
                      00646     movf pDwordIn+1,W
                      00647     s@b pWordOut+1
                      00648     movwf pWordOut+1
                      00649     byte_byte pDwordIn,pWordOut
                      00650     endm
                      00651 dword_dword macro pDwordIn,pDwordOut
                      00652     byte_byte pDwordIn+3,pDwordOut+3
                      00653     byte_byte pDwordIn+2,pDwordOut+2
                      00654     byte_byte pDwordIn+1,pDwordOut+1
                      00655     byte_byte pDwordIn,pDwordOut
                      00656     endm
                      00657 dword_bit macro pDwordIn,pVarOut,pBitout
                      00658     byte_bit pDwordIn,pVarOut,pBitout
                      00659     endm
  0000                00660 variable CURRENT@PAGE = 0
  0000                00661 variable PDESTINATION@PAGE = 0
                      00662 FIND@PAGE macro pLabelIn
                      00663 local CURRENT_ADDR = $
                      00664 local DEST_ADDR = pLabelIn
                      00665 if((CURRENT_ADDR >= 0X1800) && (CURRENT_ADDR <= 0X2000))
                      00666     CURRENT@PAGE = 3
                      00667 endif
                      00668 if((CURRENT_ADDR >= 0X1000) && (CURRENT_ADDR <= 0X1800))
                      00669     CURRENT@PAGE = 2
                      00670 endif
                      00671 if((CURRENT_ADDR >= 0X0800) && (CURRENT_ADDR <= 0X1000))
                      00672     CURRENT@PAGE = 1
                      00673 endif
                      00674 if((CURRENT_ADDR >= 0) && (CURRENT_ADDR <= 0X0800))
                      00675     CURRENT@PAGE = 0
                      00676 endif
                      00677 if((DEST_ADDR >= 0X1800) && (DEST_ADDR <= 0X2000))
                      00678     PDESTINATION@PAGE = 3
                      00679 endif
                      00680 if((DEST_ADDR >= 0X1000) && (DEST_ADDR <= 0X1800))
                      00681     PDESTINATION@PAGE = 2
                      00682 endif
                      00683 if((DEST_ADDR >= 0X0800) && (DEST_ADDR <= 0X1000))
                      00684     PDESTINATION@PAGE = 1
                      00685 endif
                      00686 if((DEST_ADDR >= 0) && (DEST_ADDR <= 0X0800))
                      00687     PDESTINATION@PAGE = 0
                      00688 endif
                      00689     endm
                      00690 NUM_FSR macro pNumIn
                      00691     num_byte pNumIn, FSR
                      00692 if (((pNumIn >> 8) & 255) == 1)
                      00693     bsf STATUS,7
                      00694 else
                      00695     bcf STATUS,7
                      00696 endif
                      00697     endm
                      00698 label_word macro pLabelIn,pWordOut
                      00699     movlw low (pLabelIn)
                      00700     s@b pWordOut
                      00701     movwf pWordOut
                      00702     movlw high (pLabelIn)
                      00703     s@b pWordOut
                      00704     movwf pWordOut+1
                      00705     r@b
                      00706     endm
  00000020            00709 BPF = 32
  00000021            00710 BPFH = 33
  00000022            00711 GEN = 34
  00000023            00712 GEN3H = 35
  00000024            00713 GEN4 = 36
  00000025            00714 GEN4H = 37
  00000026            00715 GENH = 38
  00000027            00716 PBP#VAR0 = 39
  00000028            00717 PBP#VAR1 = 40
  00000029            00718 PP0 = 41
  0000002A            00719 PP0H = 42
  0000002B            00720 PP1 = 43
  0000002C            00721 PP1H = 44
  0000002D            00722 PP2 = 45
  0000002E            00723 PP2H = 46
  0000002F            00724 PP3 = 47
  00000030            00725 PP3H = 48
  00000031            00726 PP4 = 49
  00000032            00727 PP6 = 50
  00000033            00728 PP6H = 51
  00000034            00729 PP7 = 52
  00000035            00730 password = 53
  0035                00731 variable password#0=53,password#1=54,password#2=55,password#3=56
  0039                00732 variable password#4=57,password#5=58,password#6=59,password#7=60
  0000003D            00733 receiver = 61
  003D                00734 variable receiver#0=61,receiver#1=62,receiver#2=63,receiver#3=64
  0041                00735 variable receiver#4=65,receiver#5=66,receiver#6=67,receiver#7=68
  0045                00736 variable receiver#8=69,receiver#9=70,receiver#10=71
  00000048            00737 number = 72
  0048                00738 variable number#0=72,number#1=73,number#2=74,number#3=75
  004C                00739 variable number#4=76,number#5=77,number#6=78,number#7=79
  0050                00740 variable number#8=80,number#9=81,number#10=82
  00000053            00741 msg = 83
  0053                00742 variable msg#0=83,msg#1=84,msg#2=85,msg#3=86
  0057                00743 variable msg#4=87,msg#5=88,msg#6=89,msg#7=90
  0000005B            00744 ctrl = 91
  005B                00745 variable ctrl#0=91,ctrl#1=92
  0000005D            00746 _X = 93
                      00747 #define GSM_in PORTC,3
                      00748 #define GSM_out PORTC,2
                      00749 #define __XTAL 20
                      00750 #define __HSERIAL_BAUD 9600
                      00751 #define __HSERIAL_RCSTA 144
                      00752 #define __HSERIAL_TXSTA 32
  00000020            00753 HSERIAL_SPBRG = 32
  00000020            00754 HSERIAL_TXSTA = 32
  00000090            00755 HSERIAL_RCSTA = 144
  00002580            00756 HSERIAL_BAUD = 9600
0000                  00757 proton#code#start
0000                  00758         org 0
0000   2879           00759         goto proton#main#start
0001                  00760 FIND@ADDRESS
0001   1383           00761         bcf 3,7
0002   00B2           00762         movwf 50
0003   01B3           00763         clrf 51
0004   0DB3           00764         rlf 51,F
0005   3000           00765         movlw 0
0006   0233           00766         subwf 51,W
0007   3080           00767         movlw 128
0008   1903           00768         skpnz
0009   0232           00769         subwf 50,W
000A   1C03           00770         skpc
000B   2810           00771         goto FA@EXT
000C   1BB0           00772         btfsc 48,7
000D   2810           00773         goto FA@EXT
000E   3020           00774         movlw 32
000F   07B2           00775         addwf 50,F
0010                  00776 FA@EXT
0010   0832           00777         movf 50,W
0011   0084           00778         movwf 4
0012   0008           00779         return
0013                  00780 SB@STROUT
0013   00AD           00781         movwf 45
0014                  00782 SB@STROUTLP
0014   0824           00783         movf 36,W
0015   1903           00784         skpnz
0016   286D           00785         goto I@NT
0017   082D           00786         movf 45,W
0018   0084           00787         movwf 4
0019   0800           00788         movf 0,W
001A   1903           00789         skpnz
001B   286D           00790         goto I@NT
001C   204D           00791         call CH@SND
001D   0AAD           00792         incf 45,F
001E   03A4           00793         decf 36,F
001F   2814           00794         goto SB@STROUTLP
0020                  00795 HRSIN2
0020   1898           00796         btfsc 24,PP_OERR
0021   1218           00797         bcf 24,PP_CREN
0022   1618           00798         bsf 24,PP_CREN
0023   0822           00799         movf 34,W
0024   00A9           00800         movwf 41
0025   0826           00801         movf 38,W
0026   00AA           00802         movwf 42
0027   01AB           00803         clrf 43
0028   01AC           00804         clrf 44
0029   282A           00805         goto $ + 1
002A   282B           00806         goto $ + 1
002B                  00807 HRSIN@LPT
002B   0000           00808         nop
002C   1A8C           00809         btfsc 12,PP_RCIF
002D   2845           00810         goto H@RSIN
002E   30FF           00811         movlw 255
002F   07AB           00812         addwf 43,F
0030   1C03           00813         skpc
0031   07AC           00814         addwf 44,F
0032   1C03           00815         skpc
0033   07A9           00816         addwf 41,F
0034   1C03           00817         skpc
0035   07AA           00818         addwf 42,F
0036   1C03           00819         skpc
0037   286D           00820         goto I@NT
0038   0F2B           00821         incfsz 43,W
0039   2829           00822         goto $ - 16
003A   0F2C           00823         incfsz 44,W
003B   282A           00824         goto $ - 17
003C   30FA           00825         movlw 250
003D   00AB           00826         movwf 43
003E   01AC           00827         clrf 44
003F   282B           00828         goto HRSIN@LPT
0040                  00829 HRSIN
0040   1898           00830         btfsc 24,PP_OERR
0041   1218           00831         bcf 24,PP_CREN
0042   1618           00832         bsf 24,PP_CREN
0043   1E8C           00833         btfss 12,PP_RCIF
0044   2843           00834         goto $ - 1
0045                  00835 H@RSIN
0045   081A           00836         movf 26,W
0046   1403           00837         bsf 3,0
0047   286D           00838         goto I@NT
0048                  00839 HRSOUT
0048   1E0C           00840         btfss 12,PP_TXIF
0049   2848           00841         goto $ - 1
004A   0099           00842         movwf 25
004B   1403           00843         bsf 3,0
004C   286D           00844         goto I@NT
004D                  00845 CH@SND
004D   1921           00846         btfsc 33,2
004E   2848           00847         goto HRSOUT
004F   0008           00848         return
0050                  00849 DL@MS
0050   01AC           00850         clrf 44
0051                  00851 DLY@W
0051   00AB           00852         movwf 43
0052                  00853 DLY@P
0052   30FF           00854         movlw 255
0053   07AB           00855         addwf 43,F
0054   1C03           00856         skpc
0055   07AC           00857         addwf 44,F
0056   1C03           00858         skpc
0057   286D           00859         goto I@NT
0058   3003           00860         movlw 3
0059   00AA           00861         movwf 42
005A   30E6           00862         movlw 230
005B   205E           00863         call DLUS@W
005C   2852           00864         goto DLY@P
005D                  00865 DL@US
005D   01AA           00866         clrf 42
005E                  00867 DLUS@W
005E   3EFC           00868         addlw 252
005F   00A9           00869         movwf 41
0060   09AA           00870         comf 42,F
0061   1C03           00871         skpc
0062   2869           00872         goto $ + 7
0063   30FF           00873         movlw 255
0064   0000           00874         nop
0065   07A9           00875         addwf 41,F
0066   1803           00876         skpnc
0067   2864           00877         goto $ - 3
0068   07A9           00878         addwf 41,F
0069   0000           00879         nop
006A   0FAA           00880         incfsz 42,F
006B   2863           00881         goto $ - 8
006C   0008           00882         return
006D                  00883 I@NT
006D   1383           00884         bcf 3,7
006E                  00885 I@NT2
006E   1283           00886         bcf 3,5
006F   1303           00887         bcf 3,6
0070   0008           00888         return
0071                  00889 GET@ARRAY
0071   00AF           00890         movwf 47
0072                  00891 GET@ARRAYW
0072   0823           00892         movf 35,W
0073   00B0           00893         movwf 48
0074   082F           00894         movf 47,W
0075   0723           00895         addwf 35,W
0076   2001           00896         call FIND@ADDRESS
0077   0800           00897         movf 0,W
0078   286D           00898         goto I@NT
0079                  00899 proton#main#start
0079   0183           00900         clrf 3
007A   1683           00901         bsf 3,5
007B   3020           00902         movlw 32
007C   0099           00903         movwf 153
007D   3020           00904         movlw 32
007E   0098           00905         movwf 152
007F   1283           00906         bcf 3,5
0080   3090           00907         movlw 144
0081   0098           00908         movwf 24
0082   01A0           00909         clrf 32

  00000083            00912 F2_SOF equ $ ; ANTOR
  00000083            00913 F2_EOF equ $ ; ANTOR
  00000083            00914 F1_SOF equ $ ; ANTOR
  00000083            00915 F1_000012 equ $ ; IN [ANTOR] INPUT GSM_in : OUTPUT GSM_out
0083   1683           00916         bsf STATUS,5
  00000001            00917 ram_bank = 1
0084   1587           00918         bsf TRISC,3
0085   1107           00919         bcf TRISC,2
  00000086            00920 F1_000016 equ $ ; IN [ANTOR] STR password = "@_ABC123"
0086   3040           00921         movlw 64
0087   1283           00922         bcf STATUS,5
  00000000            00923 ram_bank = 0
0088   00B5           00924         movwf password#0
0089   305F           00925         movlw 95
008A   00B6           00926         movwf password#1
008B   3041           00927         movlw 65
008C   00B7           00928         movwf password#2
008D   3042           00929         movlw 66
008E   00B8           00930         movwf password#3
008F   3043           00931         movlw 67
0090   00B9           00932         movwf password#4
0091   3031           00933         movlw 49
0092   00BA           00934         movwf password#5
0093   3032           00935         movlw 50
0094   00BB           00936         movwf password#6
0095   3033           00937         movlw 51
0096   00BC           00938         movwf password#7
  00000097            00939 F1_000019 equ $ ; IN [ANTOR] PORTC = 0
0097   0187           00940         clrf PORTC
  00000098            00941 F1_000020 equ $ ; IN [ANTOR] goto main
                      00942         F@JUMP main
  0000009A            00943 F3_SOF equ $ ; ANTOR
009A                  00944 GSM_init
  0000009A            00945 F3_000018 equ $ ; IN [ANTOR] ctrl[0] = 26 : ctrl[1] = 13
009A   301A           00946         movlw 26
009B   00DB           00947         movwf ctrl#0
009C   300D           00948         movlw 13
009D   00DC           00949         movwf ctrl#1
  0000009E            00950 F3_000019 equ $ ; IN [ANTOR] CLEAR msg
009E   3008           00951         movlw 8
009F   00A9           00952         movwf PP0
00A0   3053           00953         movlw 83
00A1   0084           00954         movwf FSR
00A2                  00955 PB@LB2
00A2   0180           00956         clrf INDF
00A3   0A84           00957         incf FSR,F
00A4   03A9           00958         decf PP0,F
                      00959         set@page PB@LB2
00A6   1D03           00960         btfss STATUS,2
00A7   28A2           00961         goto PB@LB2
  000000A8            00962 F3_000021 equ $ ; IN [ANTOR] HSEROUT["AT", 13, 10]
00A8   3041           00963         movlw 65
                      00964         f@call HRSOUT
00AB   3054           00965         movlw 84
                      00966         f@call HRSOUT
00AE   300D           00967         movlw 13
                      00968         f@call HRSOUT
00B1   300A           00969         movlw 10
                      00970         f@call HRSOUT
  000000B4            00971 F3_000022 equ $ ; IN [ANTOR] HSERIN 1000, GSM_init,[WAIT("OK")]
00B4   3003           00972         movlw 3
00B5   00A6           00973         movwf GENH
00B6   30E8           00974         movlw 232
00B7   00A2           00975         movwf GEN
00B8                  00976 PB@LB3
                      00977         f@call HRSIN2
                      00978         set@page GSM_init
00BB   1C03           00979         btfss STATUS,0
00BC   289A           00980         goto GSM_init
00BD   3C4F           00981         sublw 79
                      00982         set@page PB@LB3
00BF   1D03           00983         btfss STATUS,2
00C0   28B8           00984         goto PB@LB3
                      00985         f@call HRSIN2
                      00986         set@page GSM_init
00C4   1C03           00987         btfss STATUS,0
00C5   289A           00988         goto GSM_init
00C6   3C4B           00989         sublw 75
                      00990         set@page PB@LB3
00C8   1D03           00991         btfss STATUS,2
00C9   28B8           00992         goto PB@LB3
  000000CA            00993 F3_000023 equ $ ; IN [ANTOR] HSEROUT["ATE0", 13, 10]
00CA   3041           00994         movlw 65
                      00995         f@call HRSOUT
00CD   3054           00996         movlw 84
                      00997         f@call HRSOUT
00D0   3045           00998         movlw 69
                      00999         f@call HRSOUT
00D3   3030           01000         movlw 48
                      01001         f@call HRSOUT
00D6   300D           01002         movlw 13
                      01003         f@call HRSOUT
00D9   300A           01004         movlw 10
                      01005         f@call HRSOUT
  000000DC            01006 F3_000024 equ $ ; IN [ANTOR] HSEROUT["AT+CMGF=1", 13, 10]
00DC   3041           01007         movlw 65
                      01008         f@call HRSOUT
00DF   3054           01009         movlw 84
                      01010         f@call HRSOUT
00E2   302B           01011         movlw 43
                      01012         f@call HRSOUT
00E5   3043           01013         movlw 67
                      01014         f@call HRSOUT
00E8   304D           01015         movlw 77
                      01016         f@call HRSOUT
00EB   3047           01017         movlw 71
                      01018         f@call HRSOUT
00EE   3046           01019         movlw 70
                      01020         f@call HRSOUT
00F1   303D           01021         movlw 61
                      01022         f@call HRSOUT
00F4   3031           01023         movlw 49
                      01024         f@call HRSOUT
00F7   300D           01025         movlw 13
                      01026         f@call HRSOUT
00FA   300A           01027         movlw 10
                      01028         f@call HRSOUT
  000000FD            01029 F3_000025 equ $ ; IN [ANTOR] HSEROUT["AT+CNMI=1,2,0,0,0", 13, 10]
00FD   3041           01030         movlw 65
                      01031         f@call HRSOUT
0100   3054           01032         movlw 84
                      01033         f@call HRSOUT
0103   302B           01034         movlw 43
                      01035         f@call HRSOUT
0106   3043           01036         movlw 67
                      01037         f@call HRSOUT
0109   304E           01038         movlw 78
                      01039         f@call HRSOUT
010C   304D           01040         movlw 77
                      01041         f@call HRSOUT
010F   3049           01042         movlw 73
                      01043         f@call HRSOUT
0112   303D           01044         movlw 61
                      01045         f@call HRSOUT
0115   3031           01046         movlw 49
                      01047         f@call HRSOUT
0118   302C           01048         movlw 44
                      01049         f@call HRSOUT
011B   3032           01050         movlw 50
                      01051         f@call HRSOUT
011E   302C           01052         movlw 44
                      01053         f@call HRSOUT
0121   3030           01054         movlw 48
                      01055         f@call HRSOUT
0124   302C           01056         movlw 44
                      01057         f@call HRSOUT
0127   3030           01058         movlw 48
                      01059         f@call HRSOUT
012A   302C           01060         movlw 44
                      01061         f@call HRSOUT
012D   3030           01062         movlw 48
                      01063         f@call HRSOUT
0130   300D           01064         movlw 13
                      01065         f@call HRSOUT
0133   300A           01066         movlw 10
                      01067         f@call HRSOUT
  00000136            01068 F3_000026 equ $ ; IN [ANTOR] return
0136   0008           01069         return
0137                  01070 Send_SMS
  00000137            01071 F3_000029 equ $ ; IN [ANTOR] HSEROUT["AT+CMGF=1", 13, 10]
0137   3041           01072         movlw 65
                      01073         f@call HRSOUT
013A   3054           01074         movlw 84
                      01075         f@call HRSOUT
013D   302B           01076         movlw 43
                      01077         f@call HRSOUT
0140   3043           01078         movlw 67
                      01079         f@call HRSOUT
0143   304D           01080         movlw 77
                      01081         f@call HRSOUT
0146   3047           01082         movlw 71
                      01083         f@call HRSOUT
0149   3046           01084         movlw 70
                      01085         f@call HRSOUT
014C   303D           01086         movlw 61
                      01087         f@call HRSOUT
014F   3031           01088         movlw 49
                      01089         f@call HRSOUT
0152   300D           01090         movlw 13
                      01091         f@call HRSOUT
0155   300A           01092         movlw 10
                      01093         f@call HRSOUT
  00000158            01094 F3_000030 equ $ ; IN [ANTOR] DELAYMS 200
0158   30C8           01095         movlw 200
                      01096         f@call DL@MS
  0000015B            01097 F3_000031 equ $ ; IN [ANTOR] HSEROUT["AT+CMGS=",34, STR receiver, 34,13,10]
015B   3041           01098         movlw 65
                      01099         f@call HRSOUT
015E   3054           01100         movlw 84
                      01101         f@call HRSOUT
0161   302B           01102         movlw 43
                      01103         f@call HRSOUT
0164   3043           01104         movlw 67
                      01105         f@call HRSOUT
0167   304D           01106         movlw 77
                      01107         f@call HRSOUT
016A   3047           01108         movlw 71
                      01109         f@call HRSOUT
016D   3053           01110         movlw 83
                      01111         f@call HRSOUT
0170   303D           01112         movlw 61
                      01113         f@call HRSOUT
0173   3022           01114         movlw 34
                      01115         f@call HRSOUT
0176   3004           01116         movlw 4
0177   00A1           01117         movwf BPFH
0178   300B           01118         movlw 11
0179   00A4           01119         movwf GEN4
017A   01AE           01120         clrf PP2H
017B   303D           01121         movlw 61
                      01122         f@call SB@STROUT
017E   3022           01123         movlw 34
                      01124         f@call HRSOUT
0181   300D           01125         movlw 13
                      01126         f@call HRSOUT
0184   300A           01127         movlw 10
                      01128         f@call HRSOUT
  00000187            01129 F3_000032 equ $ ; IN [ANTOR] DELAYMS 200
0187   30C8           01130         movlw 200
                      01131         f@call DL@MS
  0000018A            01132 F3_000033 equ $ ; IN [ANTOR] HSEROUT["SOMEONE TRYING TO ENTER YOUR ROOM."]
018A   3053           01133         movlw 83
                      01134         f@call HRSOUT
018D   306F           01135         movlw 111
                      01136         f@call HRSOUT
0190   306D           01137         movlw 109
                      01138         f@call HRSOUT
0193   3065           01139         movlw 101
                      01140         f@call HRSOUT
0196   306F           01141         movlw 111
                      01142         f@call HRSOUT
0199   306E           01143         movlw 110
                      01144         f@call HRSOUT
019C   3065           01145         movlw 101
                      01146         f@call HRSOUT
019F   3020           01147         movlw 32
                      01148         f@call HRSOUT
01A2   3074           01149         movlw 116
                      01150         f@call HRSOUT
01A5   3072           01151         movlw 114
                      01152         f@call HRSOUT
01A8   3079           01153         movlw 121
                      01154         f@call HRSOUT
01AB   3069           01155         movlw 105
                      01156         f@call HRSOUT
01AE   306E           01157         movlw 110
                      01158         f@call HRSOUT
01B1   3067           01159         movlw 103
                      01160         f@call HRSOUT
01B4   3020           01161         movlw 32
                      01162         f@call HRSOUT
01B7   3074           01163         movlw 116
                      01164         f@call HRSOUT
01BA   306F           01165         movlw 111
                      01166         f@call HRSOUT
01BD   3020           01167         movlw 32
                      01168         f@call HRSOUT
01C0   3065           01169         movlw 101
                      01170         f@call HRSOUT
01C3   306E           01171         movlw 110
                      01172         f@call HRSOUT
01C6   3074           01173         movlw 116
                      01174         f@call HRSOUT
01C9   3065           01175         movlw 101
                      01176         f@call HRSOUT
01CC   3072           01177         movlw 114
                      01178         f@call HRSOUT
01CF   3020           01179         movlw 32
                      01180         f@call HRSOUT
01D2   3079           01181         movlw 121
                      01182         f@call HRSOUT
01D5   306F           01183         movlw 111
                      01184         f@call HRSOUT
01D8   3075           01185         movlw 117
                      01186         f@call HRSOUT
01DB   3072           01187         movlw 114
                      01188         f@call HRSOUT
01DE   3020           01189         movlw 32
                      01190         f@call HRSOUT
01E1   3072           01191         movlw 114
                      01192         f@call HRSOUT
01E4   306F           01193         movlw 111
                      01194         f@call HRSOUT
                      01195         f@call HRSOUT
01E9   306D           01196         movlw 109
                      01197         f@call HRSOUT
01EC   302E           01198         movlw 46
                      01199         f@call HRSOUT
  000001EF            01200 F3_000034 equ $ ; IN [ANTOR] DELAYMS 200
01EF   30C8           01201         movlw 200
                      01202         f@call DL@MS
  000001F2            01203 F3_000035 equ $ ; IN [ANTOR] HSEROUT[STR ctrl]
01F2   3004           01204         movlw 4
01F3   00A1           01205         movwf BPFH
01F4   3002           01206         movlw 2
01F5   00A4           01207         movwf GEN4
01F6   01AE           01208         clrf PP2H
01F7   305B           01209         movlw 91
                      01210         f@call SB@STROUT
  000001FA            01211 F3_000036 equ $ ; IN [ANTOR] DELAYMS 5000
01FA   3013           01212         movlw 19
01FB   00AC           01213         movwf PP1H
01FC   3088           01214         movlw 136
                      01215         f@call DLY@W
  000001FF            01216 F3_000037 equ $ ; IN [ANTOR] return
01FF   0008           01217         return
0200                  01218 Receive_SMS
  00000200            01219 F3_000040 equ $ ; IN [ANTOR] HSERIN 1000, over,[WAIT("+88"), STR number, WAIT(13,10),STR msg]
0200   3003           01220         movlw 3
0201   00A6           01221         movwf GENH
0202   30E8           01222         movlw 232
0203   00A2           01223         movwf GEN
0204                  01224 PB@LB8
                      01225         f@call HRSIN2
                      01226         set@page over
0207   1C03           01227         btfss STATUS,0
0208   2A81           01228         goto over
0209   3C2B           01229         sublw 43
                      01230         set@page PB@LB8
020B   1D03           01231         btfss STATUS,2
020C   2A04           01232         goto PB@LB8
                      01233         f@call HRSIN2
                      01234         set@page over
0210   1C03           01235         btfss STATUS,0
0211   2A81           01236         goto over
0212   3C38           01237         sublw 56
                      01238         set@page PB@LB8
0214   1D03           01239         btfss STATUS,2
0215   2A04           01240         goto PB@LB8
                      01241         f@call HRSIN2
                      01242         set@page over
0219   1C03           01243         btfss STATUS,0
021A   2A81           01244         goto over
021B   3C38           01245         sublw 56
                      01246         set@page PB@LB8
021D   1D03           01247         btfss STATUS,2
021E   2A04           01248         goto PB@LB8
021F   01A7           01249         clrf PBP#VAR0
0220                  01250 PB@LB11
0220   1403           01251         bsf STATUS,0
                      01252         f@call HRSIN2
                      01253         set@page over
0224   1C03           01254         btfss STATUS,0
0225   2A81           01255         goto over
0226   0827           01256         movf PBP#VAR0,W
0227   3E48           01257         addlw number
0228   0084           01258         movwf FSR
0229   081A           01259         movf RCREG,W
022A   0080           01260         movwf INDF
022B   0AA7           01261         incf PBP#VAR0,F
022C   0827           01262         movf PBP#VAR0,W
022D   3C0B           01263         sublw 11
                      01264         set@page PB@LB11
022F   1D03           01265         btfss STATUS,2
0230   2A20           01266         goto PB@LB11
0231                  01267 PB@LB12
                      01268         f@call HRSIN2
                      01269         set@page over
0234   1C03           01270         btfss STATUS,0
0235   2A81           01271         goto over
0236   3C0D           01272         sublw 13
                      01273         set@page PB@LB12
0238   1D03           01274         btfss STATUS,2
0239   2A31           01275         goto PB@LB12
                      01276         f@call HRSIN2
                      01277         set@page over
023D   1C03           01278         btfss STATUS,0
023E   2A81           01279         goto over
023F   3C0A           01280         sublw 10
                      01281         set@page PB@LB12
0241   1D03           01282         btfss STATUS,2
0242   2A31           01283         goto PB@LB12
0243   01A7           01284         clrf PBP#VAR0
0244                  01285 PB@LB15
0244   1403           01286         bsf STATUS,0
                      01287         f@call HRSIN2
                      01288         set@page over
0248   1C03           01289         btfss STATUS,0
0249   2A81           01290         goto over
024A   0827           01291         movf PBP#VAR0,W
024B   3E53           01292         addlw msg
024C   0084           01293         movwf FSR
024D   081A           01294         movf RCREG,W
024E   0080           01295         movwf INDF
024F   0AA7           01296         incf PBP#VAR0,F
0250   0827           01297         movf PBP#VAR0,W
0251   3C08           01298         sublw 8
                      01299         set@page PB@LB15
0253   1D03           01300         btfss STATUS,2
0254   2A44           01301         goto PB@LB15
  00000255            01302 F3_000041 equ $ ; IN [ANTOR] FOR X = 0 TO 7
0255   01DD           01303         clrf _X
0256                  01304 FR@LB16
0256   3008           01305         movlw 8
0257   025D           01306         subwf _X,W
                      01307         set@page NX@LB17
0259   1803           01308         btfsc STATUS,0
025A   2A81           01309         goto NX@LB17
  0000025B            01310 F3_000042 equ $ ; IN [ANTOR] if msg[X] != password[X] THEN BREAK
025B   085D           01311         movf _X,W
025C   3E53           01312         addlw msg
025D   0084           01313         movwf FSR
025E   0800           01314         movf INDF,W
025F   00A7           01315         movwf PBP#VAR0
0260   085D           01316         movf _X,W
0261   3E35           01317         addlw password
0262   0084           01318         movwf FSR
0263   0800           01319         movf INDF,W
0264   00A8           01320         movwf PBP#VAR1
0265   0827           01321         movf PBP#VAR0,W
0266   0228           01322         subwf PBP#VAR1,W
                      01323         set@page BC@LL19
0268   1903           01324         btfsc STATUS,2
0269   2A6C           01325         goto BC@LL19
                      01326         F@JUMP NX@LB17
026C                  01327 BC@LL19
  0000026C            01328 F3_000043 equ $ ; IN [ANTOR] if msg[7] = password[7] THEN
026C   085A           01329         movf msg#7,W
026D   00A7           01330         movwf PBP#VAR0
026E   083C           01331         movf password#7,W
026F   00A8           01332         movwf PBP#VAR1
0270   0827           01333         movf PBP#VAR0,W
0271   0228           01334         subwf PBP#VAR1,W
                      01335         set@page BC@LL21
0273   1D03           01336         btfss STATUS,2
0274   2A7C           01337         goto BC@LL21
  00000275            01338 F3_000044 equ $ ; IN [ANTOR] GSM_out = 1
0275   1507           01339         bsf PORTC,2
  00000276            01340 F3_000045 equ $ ; IN [ANTOR] DELAYMS 3000
0276   300B           01341         movlw 11
0277   00AC           01342         movwf PP1H
0278   30B8           01343         movlw 184
                      01344         f@call DLY@W
  0000027B            01345 F3_000046 equ $ ; IN [ANTOR] GSM_out = 0
027B   1107           01346         bcf PORTC,2
  0000027C            01347 F3_000047 equ $ ; IN [ANTOR] endif
027C                  01348 BC@LL21
027C                  01349 CT@LB18
  0000027C            01350 F3_000048 equ $ ; IN [ANTOR] NEXT
027C   3001           01351         movlw 1
027D   07DD           01352         addwf _X,F
                      01353         set@page FR@LB16
027F   1C03           01354         btfss STATUS,0
0280   2A56           01355         goto FR@LB16
0281                  01356 NX@LB17
0281                  01357 over
  00000281            01358 F3_000050 equ $ ; IN [ANTOR] return
0281   0008           01359         return
  00000282            01360 F3_EOF equ $ ; ANTOR
0282                  01361 main
  00000282            01362 F1_000024 equ $ ; IN [ANTOR] GOSUB GSM_init
                      01363         f@call GSM_init
  00000284            01364 F1_000026 equ $ ; IN [ANTOR] STR receiver = "01720054584"
0284   3030           01365         movlw 48
0285   00BD           01366         movwf receiver#0
0286   3031           01367         movlw 49
0287   00BE           01368         movwf receiver#1
0288   3037           01369         movlw 55
0289   00BF           01370         movwf receiver#2
028A   3032           01371         movlw 50
028B   00C0           01372         movwf receiver#3
028C   3030           01373         movlw 48
028D   00C1           01374         movwf receiver#4
028E   00C2           01375         movwf receiver#5
028F   3035           01376         movlw 53
0290   00C3           01377         movwf receiver#6
0291   3034           01378         movlw 52
0292   00C4           01379         movwf receiver#7
0293   3035           01380         movlw 53
0294   00C5           01381         movwf receiver#8
0295   3038           01382         movlw 56
0296   00C6           01383         movwf receiver#9
0297   3034           01384         movlw 52
0298   00C7           01385         movwf receiver#10
  00000299            01386 F1_000029 equ $ ; IN [ANTOR] while 1 = 1
0299                  01387 BC@LL22
  00000299            01388 F1_000030 equ $ ; IN [ANTOR] if GSM_in = 0 THEN GOSUB Send_SMS
                      01389         set@page BC@LL25
029A   1987           01390         btfsc PORTC,3
029B   2A9E           01391         goto BC@LL25
                      01392         f@call Send_SMS
029E                  01393 BC@LL25
  0000029E            01394 F1_000031 equ $ ; IN [ANTOR] GOSUB Receive_SMS
                      01395         f@call Receive_SMS
  000002A0            01396 F1_000032 equ $ ; IN [ANTOR] WEND
                      01397         F@JUMP BC@LL22
02A2                  01398 BC@LL23
  000002A2            01399 F1_EOF equ $ ; ANTOR
02A2                  01400 PB@LB27
                      01401         F@JUMP PB@LB27
02A4                  01403 __EOF
2007   3FAA           01404 __config FOSC_HS&WDTE_OFF&PWRTE_OFF&CP_ON&BOREN_OFF
                      01405         end
MPASM  5.42                               A.S   11-25-2016  16:19:19         PAGE  2


SYMBOL TABLE
  LABEL                             VALUE 

ADCON0                            0000001F
ADCON1                            0000009F
ADCS0                             00000006
ADCS1                             00000007
ADIE                              00000006
ADIF                              00000006
ADON                              00000000
ADRES                             0000001E
BANK0_END                         0X7F
BANK0_START                       0X20
BANK1_END                         0X00FF
BANK1_START                       0X00A0
BANK2_END                         0X0120
BANK2_START                       0X0110
BANK3_END                         0X01A0
BANK3_START                       0X0190
BC@LL19                           0000026C
BC@LL21                           0000027C
BC@LL22                           00000299
BC@LL23                           000002A2
BC@LL25                           0000029E
BF                                00000000
BIT_BIT                           
BIT_BYTE                          
BIT_DWORD                         
BIT_WORD                          
BIT_WREG                          
BODEN_OFF                         00003FBF
BODEN_ON                          00003FFF
BOREN_OFF                         00003FBF
BOREN_ON                          00003FFF
BPF                               00000020
BPFH                              00000021
BRGH                              00000002
BYTE_BIT                          
BYTE_BYTE                         
BYTE_DWORD                        
BYTE_WORD                         
BYTE_WREG                         
C                                 00000000
CCP1CON                           00000017
CCP1IE                            00000002
CCP1IF                            00000002
CCP1M0                            00000000
CCP1M1                            00000001
CCP1M2                            00000002
CCP1M3                            00000003
CCP1X                             00000005
CCP1Y                             00000004
CCP2CON                           0000001D
CCP2IE                            00000000
CCP2IF                            00000000
CCP2M0                            00000000
CCP2M1                            00000001
CCP2M2                            00000002
CCP2M3                            00000003
CCP2X                             00000005
CCP2Y                             00000004
CCPR1H                            00000016
CCPR1L                            00000015
CCPR1LH                           00000016
CCPR2H                            0000001C
CCPR2L                            0000001B
CCPR2LH                           0000001C
CH@SND                            0000004D
CHS0                              00000003
CHS1                              00000004
CHS2                              00000005
CKE                               00000006
CKP                               00000004
CONFIG_REQ                        1
CP_ALL                            00003FEF
CP_OFF                            00003FFF
CP_ON                             00003FEF
CREN                              00000004
CSRC                              00000007
CT@LB18                           0000027C
CTRL                              0000005B
CTRL#0                            0000005B
CTRL#1                            0000005C
CURRENT@PAGE                      00000000
DATA_ADDRESS                      00000005
DC                                00000001
DEST@PAGE                         00000000
DL@MS                             00000050
DL@US                             0000005D
DLUS@W                            0000005E
DLY@P                             00000052
DLY@W                             00000051
DWORD_BIT                         
DWORD_BYTE                        
DWORD_DWORD                       
DWORD_WORD                        
DWORD_WREG                        
D_A                               00000005
EEADR                             0000010D
EEADRH                            0000010F
EECON1                            0000018C
EEDAT                             0000010C
EEDATA                            0000010C
EEDATH                            0000010E
EEDATL                            0000010C
EEDATLH                           0000010E
F1_000012                         00000083
F1_000016                         00000086
F1_000019                         00000097
F1_000020                         00000098
F1_000024                         00000282
F1_000026                         00000284
F1_000029                         00000299
F1_000030                         00000299
F1_000031                         0000029E
F1_000032                         000002A0
F1_EOF                            000002A2
F1_SOF                            00000083
F2_EOF                            00000083
F2_SOF                            00000083
F3_000018                         0000009A
F3_000019                         0000009E
F3_000021                         000000A8
F3_000022                         000000B4
F3_000023                         000000CA
F3_000024                         000000DC
F3_000025                         000000FD
F3_000026                         00000136
F3_000029                         00000137
F3_000030                         00000158
F3_000031                         0000015B
F3_000032                         00000187
F3_000033                         0000018A
F3_000034                         000001EF
F3_000035                         000001F2
F3_000036                         000001FA
F3_000037                         000001FF
F3_000040                         00000200
F3_000041                         00000255
F3_000042                         0000025B
F3_000043                         0000026C
F3_000044                         00000275
F3_000045                         00000276
F3_000046                         0000027B
F3_000047                         0000027C
F3_000048                         0000027C
F3_000050                         00000281
F3_EOF                            00000282
F3_SOF                            0000009A
F@CALL                            
F@JUMP                            
FA@EXT                            00000010
FERR                              00000002
FIND@ADDRESS                      00000001
FIND@PAGE                         
FOSC_HS                           00003FFE
FOSC_LP                           00003FFC
FOSC_RC                           00003FFF
FOSC_XT                           00003FFD
FR@LB16                           00000256
FSR                               00000004
GEN                               00000022
GEN3H                             00000023
GEN4                              00000024
GEN4H                             00000025
GENH                              00000026
GET@ARRAY                         00000071
GET@ARRAYW                        00000072
GIE                               00000007
GO                                00000002
GO_DONE                           00000002
GSM_IN                            PORTC,3
GSM_INIT                          0000009A
GSM_OUT                           PORTC,2
H@RSIN                            00000045
HRSIN                             00000040
HRSIN2                            00000020
HRSIN@LPT                         0000002B
HRSOUT                            00000048
HSERIAL_BAUD                      00002580
HSERIAL_RCSTA                     00000090
HSERIAL_SPBRG                     00000020
HSERIAL_TXSTA                     00000020
HS_OSC                            00003FFE
I2C_DATA                          00000005
I2C_READ                          00000002
I2C_START                         00000003
I2C_STOP                          00000004
I@NT                              0000006D
I@NT2                             0000006E
INDF                              00000000
INTCON                            0000000B
INTE                              00000004
INTEDG                            00000006
INTF                              00000001
IRP                               00000007
JUMP                              
LABEL_WORD                        
LCD#TYPE                          0
LP_OSC                            00003FFC
MAIN                              00000282
MSG                               00000053
MSG#0                             00000053
MSG#1                             00000054
MSG#2                             00000055
MSG#3                             00000056
MSG#4                             00000057
MSG#5                             00000058
MSG#6                             00000059
MSG#7                             0000005A
NOT_A                             00000005
NOT_ADDRESS                       00000005
NOT_BO                            00000000
NOT_BOR                           00000000
NOT_DONE                          00000002
NOT_PD                            00000003
NOT_POR                           00000001
NOT_RBPU                          00000007
NOT_RC8                           00000006
NOT_T1SYNC                        00000002
NOT_TO                            00000004
NOT_TX8                           00000006
NOT_W                             00000002
NOT_WRITE                         00000002
NUMBER                            00000048
NUMBER#0                          00000048
NUMBER#1                          00000049
NUMBER#10                         00000052
NUMBER#2                          0000004A
NUMBER#3                          0000004B
NUMBER#4                          0000004C
NUMBER#5                          0000004D
NUMBER#6                          0000004E
NUMBER#7                          0000004F
NUMBER#8                          00000050
NUMBER#9                          00000051
NUM_BIT                           
NUM_BYTE                          
NUM_DWORD                         
NUM_FSR                           
NUM_WORD                          
NUM_WREG                          
NX@LB17                           00000281
OERR                              00000001
OPTION_REG                        00000081
OVER                              00000281
PASSWORD                          00000035
PASSWORD#0                        00000035
PASSWORD#1                        00000036
PASSWORD#2                        00000037
PASSWORD#3                        00000038
PASSWORD#4                        00000039
PASSWORD#5                        0000003A
PASSWORD#6                        0000003B
PASSWORD#7                        0000003C
PB@LB11                           00000220
PB@LB12                           00000231
PB@LB15                           00000244
PB@LB2                            000000A2
PB@LB27                           000002A2
PB@LB3                            000000B8
PB@LB8                            00000204
PBP#VAR0                          00000027
PBP#VAR1                          00000028
PCFG0                             00000000
PCFG1                             00000001
PCFG2                             00000002
PCL                               00000002
PCLATH                            0000000A
PCON                              0000008E
PDESTINATION@PAGE                 00000000
PEIE                              00000006
PIE1                              0000008C
PIE2                              0000008D
PIR1                              0000000C
PIR2                              0000000D
PMADR                             0000010D
PMADRH                            0000010F
PMCON1                            0000018C
PMDATA                            0000010C
PMDATH                            0000010E
PMDATL                            0000010C
PMDATLH                           0000010E
PORTA                             00000005
PORTB                             00000006
PORTC                             00000007
PP0                               00000029
PP0H                              0000002A
PP1                               0000002B
PP1H                              0000002C
PP2                               0000002D
PP2H                              0000002E
PP3                               0000002F
PP3H                              00000030
PP4                               00000031
PP6                               00000032
PP6H                              00000033
PP7                               00000034
PP_BF                             00000000
PP_CREN                           00000004
PP_GO_DONE                        00000002
PP_OERR                           00000001
PP_RCIF                           00000005
PP_RD                             00000000
PP_R_W                            00000002
PP_T2CKPS0                        00000000
PP_T2CKPS1                        00000001
PP_TMR2ON                         00000002
PP_TXIF                           00000004
PR2                               00000092
PROTON#CODE#START                 00000000
PROTON#MAIN#START                 00000079
PS0                               00000000
PS1                               00000001
PS2                               00000002
PSA                               00000003
PWRTE_OFF                         00003FFF
PWRTE_ON                          00003FF7
R@B                               
RAM_BANK                          00000000
RAM_BANKS                         2
RBIE                              00000003
RBIF                              00000000
RC8_9                             00000006
RC9                               00000006
RCD8                              00000000
RCIE                              00000005
RCIF                              00000005
RCREG                             0000001A
RCSTA                             00000018
RC_OSC                            00003FFF
RD                                00000000
READ_WRITE                        00000002
RECEIVER                          0000003D
RECEIVER#0                        0000003D
RECEIVER#1                        0000003E
RECEIVER#10                       00000047
RECEIVER#2                        0000003F
RECEIVER#3                        00000040
RECEIVER#4                        00000041
RECEIVER#5                        00000042
RECEIVER#6                        00000043
RECEIVER#7                        00000044
RECEIVER#8                        00000045
RECEIVER#9                        00000046
RECEIVE_SMS                       00000200
RP0                               00000005
RP1                               00000006
RX9                               00000006
RX9D                              00000000
R_W                               00000002
S@B                               
SB@STROUT                         00000013
SB@STROUTLP                       00000014
SEND_SMS                          00000137
SET@PAGE                          
SMP                               00000007
SPBRG                             00000099
SPEN                              00000007
SREN                              00000005
SSPADD                            00000093
SSPBUF                            00000013
SSPCON                            00000014
SSPEN                             00000005
SSPIE                             00000003
SSPIF                             00000003
SSPM0                             00000000
SSPM1                             00000001
SSPM2                             00000002
SSPM3                             00000003
SSPOV                             00000006
SSPSTAT                           00000094
STATUS                            00000003
SYNC                              00000004
T0CS                              00000005
T0IE                              00000005
T0IF                              00000002
T0SE                              00000004
T1CKPS0                           00000004
T1CKPS1                           00000005
T1CON                             00000010
T1INSYNC                          00000002
T1OSCEN                           00000003
T2CKPS0                           00000000
T2CKPS1                           00000001
T2CON                             00000012
TMR0                              00000001
TMR1CS                            00000001
TMR1H                             0000000F
TMR1IE                            00000000
TMR1IF                            00000000
TMR1L                             0000000E
TMR1LH                            0000000F
TMR1ON                            00000000
TMR2                              00000011
TMR2IE                            00000001
TMR2IF                            00000001
TMR2ON                            00000002
TOUTPS0                           00000003
TOUTPS1                           00000004
TOUTPS2                           00000005
TOUTPS3                           00000006
TRISA                             00000085
TRISB                             00000086
TRISC                             00000087
TRMT                              00000001
TX8_9                             00000006
TX9                               00000006
TX9D                              00000000
TXD8                              00000000
TXEN                              00000005
TXIE                              00000004
TXIF                              00000004
TXREG                             00000019
TXSTA                             00000098
UA                                00000001
WCOL                              00000007
WDTE_OFF                          00003FFB
WDTE_ON                           00003FFF
WDT_OFF                           00003FFB
WDT_ON                            00003FFF
WORD_BIT                          
WORD_BYTE                         
WORD_DWORD                        
WORD_WORD                         
WORD_WREG                         
WREG_BIT                          
WREG_BYTE                         
WREG_DWORD                        
WREG_WORD                         
XTAL                              20
XT_OSC                            00003FFD
Z                                 00000002
_ADC                              5
_ADC_RES                          8
_BANKS                            3
_CORE                             14
_CWRITE_BLOCK                     0
_EEPROM                           0
_FLASH                            2
_I2C_SCL_PIN                      00000003
_I2C_SCL_PORT                     00000087
_I2C_SDA_PIN                      00000004
_I2C_SDA_PORT                     00000087
_MAXMEM                           4096
_MAXRAM                           192
_PAGES                            2
_RAM_END                          0X00C0
_SYSTEM_VARIABLE_COUNT            21
_USART                            1
_USB                              0
_X                                0000005D
__16F73                           1
__EOF                             000002A4
__HSERIAL_BAUD                    9600
__HSERIAL_RCSTA                   144
__HSERIAL_TXSTA                   32
__XTAL                            20


MEMORY USAGE MAP ('X' = USED,  '-' = UNUSED)

0000 : XXXXXXXXXXXXXXXX XXXXXXXXXXXXXXXX XXXXXXXXXXXXXXXX XXXXXXXXXXXXXXXX
0040 : XXXXXXXXXXXXXXXX XXXXXXXXXXXXXXXX XXXXXXXXXXXXXXXX XXXXXXXXXXXXXXXX
0080 : XXXXXXXXXXXXXXXX XXXXXXXXXXXXXXXX XXXXXXXXXXXXXXXX XXXXXXXXXXXXXXXX
00C0 : XXXXXXXXXXXXXXXX XXXXXXXXXXXXXXXX XXXXXXXXXXXXXXXX XXXXXXXXXXXXXXXX
0100 : XXXXXXXXXXXXXXXX XXXXXXXXXXXXXXXX XXXXXXXXXXXXXXXX XXXXXXXXXXXXXXXX
0140 : XXXXXXXXXXXXXXXX XXXXXXXXXXXXXXXX XXXXXXXXXXXXXXXX XXXXXXXXXXXXXXXX
0180 : XXXXXXXXXXXXXXXX XXXXXXXXXXXXXXXX XXXXXXXXXXXXXXXX XXXXXXXXXXXXXXXX
01C0 : XXXXXXXXXXXXXXXX XXXXXXXXXXXXXXXX XXXXXXXXXXXXXXXX XXXXXXXXXXXXXXXX
0200 : XXXXXXXXXXXXXXXX XXXXXXXXXXXXXXXX XXXXXXXXXXXXXXXX XXXXXXXXXXXXXXXX
0240 : XXXXXXXXXXXXXXXX XXXXXXXXXXXXXXXX XXXXXXXXXXXXXXXX XXXXXXXXXXXXXXXX
0280 : XXXXXXXXXXXXXXXX XXXXXXXXXXXXXXXX XXXX------------ ----------------
2000 : -------X-------- ---------------- ---------------- ----------------

ALL OTHER MEMORY BLOCKS UNUSED.

PROGRAM MEMORY WORDS USED:   676
PROGRAM MEMORY WORDS FREE:  3420


ERRORS   :     0
WARNINGS :     0 REPORTED,   790 SUPPRESSED
MESSAGES :     1 REPORTED,     5 SUPPRESSED


